<?xml version="1.0" encoding="UTF-8"?>
<testsuites name="a" time="155.371" tests="6" failures="0" errors="0">
   <testsuite name="a" tests="6" failures="0" errors="0" time="155.371" skipped="0" timestamp="04-07-2024T18:12:06" hostname="tuanh - huybt2" id="Test Suites/thang/a">
      <properties>
         <property name="deviceName" value=""/>
         <property name="devicePlatform" value=""/>
         <property name="logFolder" value="C:\\Users\\tuanh\\git\\kata-oma\\Reports\\20240704_181115\\thang\\a\\20240704_181115"/>
         <property name="logFiles" value="C:\\Users\\tuanh\\git\\kata-oma\\Reports\\20240704_181115\\thang\\a\\20240704_181115\\execution0.log"/>
         <property name="attachments" value=""/>
         <property name="hostName" value="tuanh - huybt2"/>
         <property name="os" value="Windows 11 64bit"/>
         <property name="katalonVersion" value="9.4.0.212"/>
         <property name="browser" value="Chrome 126.0.0.0"/>
         <property name="hostAddress" value="192.168.1.6"/>
         <property name="sessionId" value="8ff786163ad7b13d66f7b5a638d0cb0e"/>
         <property name="seleniumVersion" value="3.141.59"/>
         <property name="proxyInformation" value="ProxyInformation { proxyOption=NO_PROXY, proxyServerType=HTTP, username=, password=********, proxyServerAddress=, proxyServerPort=0, executionList=&quot;&quot;, isApplyToDesiredCapabilities=true }"/>
         <property name="platform" value="Windows 11"/>
      </properties>
      <testcase name="Test Cases/aa/aa1" time="58.229" classname="Test Cases/aa/aa1" status="PASSED">
         <system-out><![CDATA[04-07-2024T18:12:09 - [TEST_CASE][PASSED] - Test Cases/aa/aa1: Test Cases/aa/aa1

04-07-2024T18:12:14 - [TEST_STEP][PASSED] - openBrowser(""): Browser is opened with url: ''

04-07-2024T18:12:17 - [MESSAGE][INFO] - Starting 'Chrome' driver

04-07-2024T18:12:18 - [MESSAGE][INFO] - Action delay is set to 0 milliseconds

04-07-2024T18:12:30 - [MESSAGE][PASSED] - Browser is opened with url: ''

04-07-2024T18:12:30 - [TEST_STEP][PASSED] - navigateToUrl("https://demowebshop.tricentis.com/fiction"): Navigate to 'https://demowebshop.tricentis.com/fiction' successfully

04-07-2024T18:12:38 - [MESSAGE][PASSED] - Navigate to 'https://demowebshop.tricentis.com/fiction' successfully

04-07-2024T18:12:38 - [TEST_STEP][PASSED] - setText(findTestObject("ac/New Test Object (1)"), "a"): Text 'a' is set on object 'Object Repository/ac/New Test Object (1)'

04-07-2024T18:12:43 - [MESSAGE][PASSED] - Text 'a' is set on object 'Object Repository/ac/New Test Object (1)'

04-07-2024T18:12:43 - [TEST_STEP][PASSED] - closeBrowser(): Browser is closed

04-07-2024T18:13:08 - [MESSAGE][PASSED] - Browser is closed]]></system-out>
         <system-err><![CDATA[]]></system-err>
      </testcase>
      <testcase name="Test Cases/aa/aa1" time="28.829" classname="Test Cases/aa/aa1" status="PASSED">
         <system-out><![CDATA[04-07-2024T18:13:08 - [TEST_CASE][PASSED] - Test Cases/aa/aa1: Test Cases/aa/aa1

04-07-2024T18:13:08 - [TEST_STEP][PASSED] - openBrowser(""): Browser is opened with url: ''

04-07-2024T18:13:09 - [MESSAGE][INFO] - Starting 'Chrome' driver

04-07-2024T18:13:09 - [MESSAGE][INFO] - Action delay is set to 0 milliseconds

04-07-2024T18:13:14 - [MESSAGE][PASSED] - Browser is opened with url: ''

04-07-2024T18:13:14 - [TEST_STEP][PASSED] - navigateToUrl("https://demowebshop.tricentis.com/fiction"): Navigate to 'https://demowebshop.tricentis.com/fiction' successfully

04-07-2024T18:13:19 - [MESSAGE][PASSED] - Navigate to 'https://demowebshop.tricentis.com/fiction' successfully

04-07-2024T18:13:19 - [TEST_STEP][PASSED] - setText(findTestObject("ac/New Test Object (1)"), "a"): Text 'a' is set on object 'Object Repository/ac/New Test Object (1)'

04-07-2024T18:13:20 - [MESSAGE][PASSED] - Text 'a' is set on object 'Object Repository/ac/New Test Object (1)'

04-07-2024T18:13:20 - [TEST_STEP][PASSED] - closeBrowser(): Browser is closed

04-07-2024T18:13:37 - [MESSAGE][PASSED] - Browser is closed]]></system-out>
         <system-err><![CDATA[]]></system-err>
      </testcase>
      <testcase name="Test Cases/aa/aa1" time="16.571" classname="Test Cases/aa/aa1" status="PASSED">
         <system-out><![CDATA[04-07-2024T18:13:37 - [TEST_CASE][PASSED] - Test Cases/aa/aa1: Test Cases/aa/aa1

04-07-2024T18:13:37 - [TEST_STEP][PASSED] - openBrowser(""): Browser is opened with url: ''

04-07-2024T18:13:37 - [MESSAGE][INFO] - Starting 'Chrome' driver

04-07-2024T18:13:37 - [MESSAGE][INFO] - Action delay is set to 0 milliseconds

04-07-2024T18:13:39 - [MESSAGE][PASSED] - Browser is opened with url: ''

04-07-2024T18:13:39 - [TEST_STEP][PASSED] - navigateToUrl("https://demowebshop.tricentis.com/fiction"): Navigate to 'https://demowebshop.tricentis.com/fiction' successfully

04-07-2024T18:13:45 - [MESSAGE][PASSED] - Navigate to 'https://demowebshop.tricentis.com/fiction' successfully

04-07-2024T18:13:45 - [TEST_STEP][PASSED] - setText(findTestObject("ac/New Test Object (1)"), "a"): Text 'a' is set on object 'Object Repository/ac/New Test Object (1)'

04-07-2024T18:13:47 - [MESSAGE][PASSED] - Text 'a' is set on object 'Object Repository/ac/New Test Object (1)'

04-07-2024T18:13:47 - [TEST_STEP][PASSED] - closeBrowser(): Browser is closed

04-07-2024T18:13:53 - [MESSAGE][PASSED] - Browser is closed]]></system-out>
         <system-err><![CDATA[]]></system-err>
      </testcase>
      <testcase name="Test Cases/aa/aa1" time="16.394" classname="Test Cases/aa/aa1" status="PASSED">
         <system-out><![CDATA[04-07-2024T18:13:53 - [TEST_CASE][PASSED] - Test Cases/aa/aa1: Test Cases/aa/aa1

04-07-2024T18:13:54 - [TEST_STEP][PASSED] - openBrowser(""): Browser is opened with url: ''

04-07-2024T18:13:54 - [MESSAGE][INFO] - Starting 'Chrome' driver

04-07-2024T18:13:54 - [MESSAGE][INFO] - Action delay is set to 0 milliseconds

04-07-2024T18:13:57 - [MESSAGE][PASSED] - Browser is opened with url: ''

04-07-2024T18:13:57 - [TEST_STEP][PASSED] - navigateToUrl("https://demowebshop.tricentis.com/fiction"): Navigate to 'https://demowebshop.tricentis.com/fiction' successfully

04-07-2024T18:14:04 - [MESSAGE][PASSED] - Navigate to 'https://demowebshop.tricentis.com/fiction' successfully

04-07-2024T18:14:04 - [TEST_STEP][PASSED] - setText(findTestObject("ac/New Test Object (1)"), "a"): Text 'a' is set on object 'Object Repository/ac/New Test Object (1)'

04-07-2024T18:14:08 - [MESSAGE][PASSED] - Text 'a' is set on object 'Object Repository/ac/New Test Object (1)'

04-07-2024T18:14:08 - [TEST_STEP][PASSED] - closeBrowser(): Browser is closed

04-07-2024T18:14:10 - [MESSAGE][PASSED] - Browser is closed]]></system-out>
         <system-err><![CDATA[]]></system-err>
      </testcase>
      <testcase name="Test Cases/aa/aa1" time="20.902" classname="Test Cases/aa/aa1" status="PASSED">
         <system-out><![CDATA[04-07-2024T18:14:10 - [TEST_CASE][PASSED] - Test Cases/aa/aa1: Test Cases/aa/aa1

04-07-2024T18:14:10 - [TEST_STEP][PASSED] - openBrowser(""): Browser is opened with url: ''

04-07-2024T18:14:10 - [MESSAGE][INFO] - Starting 'Chrome' driver

04-07-2024T18:14:10 - [MESSAGE][INFO] - Action delay is set to 0 milliseconds

04-07-2024T18:14:14 - [MESSAGE][PASSED] - Browser is opened with url: ''

04-07-2024T18:14:14 - [TEST_STEP][PASSED] - navigateToUrl("https://demowebshop.tricentis.com/fiction"): Navigate to 'https://demowebshop.tricentis.com/fiction' successfully

04-07-2024T18:14:17 - [MESSAGE][PASSED] - Navigate to 'https://demowebshop.tricentis.com/fiction' successfully

04-07-2024T18:14:17 - [TEST_STEP][PASSED] - setText(findTestObject("ac/New Test Object (1)"), "a"): Text 'a' is set on object 'Object Repository/ac/New Test Object (1)'

04-07-2024T18:14:24 - [MESSAGE][PASSED] - Text 'a' is set on object 'Object Repository/ac/New Test Object (1)'

04-07-2024T18:14:24 - [TEST_STEP][PASSED] - closeBrowser(): Browser is closed

04-07-2024T18:14:31 - [MESSAGE][PASSED] - Browser is closed]]></system-out>
         <system-err><![CDATA[]]></system-err>
      </testcase>
      <testcase name="Test Cases/aa/aa1" time="10.9" classname="Test Cases/aa/aa1" status="INCOMPLETE">
         <system-out><![CDATA[04-07-2024T18:14:31 - [TEST_CASE][INCOMPLETE] - Test Cases/aa/aa1: null

04-07-2024T18:14:31 - [TEST_STEP][PASSED] - openBrowser(""): Browser is opened with url: ''

04-07-2024T18:14:31 - [MESSAGE][INFO] - Starting 'Chrome' driver

04-07-2024T18:14:31 - [MESSAGE][INFO] - Action delay is set to 0 milliseconds

04-07-2024T18:14:33 - [MESSAGE][PASSED] - Browser is opened with url: ''

04-07-2024T18:14:33 - [TEST_STEP][PASSED] - navigateToUrl("https://demowebshop.tricentis.com/fiction"): Navigate to 'https://demowebshop.tricentis.com/fiction' successfully

04-07-2024T18:14:42 - [MESSAGE][PASSED] - Navigate to 'https://demowebshop.tricentis.com/fiction' successfully

04-07-2024T18:14:42 - [TEST_STEP][INCOMPLETE] - setText(findTestObject("ac/New Test Object (1)"), "a"): null]]></system-out>
         <system-err><![CDATA[04-07-2024T18:14:31 - [TEST_CASE][INCOMPLETE] - Test Cases/aa/aa1: null]]></system-err>
      </testcase>
      <system-out><![CDATA[04-07-2024T18:12:06 - [TEST_SUITE][INCOMPLETE] - a: null]]></system-out>
      <system-err><![CDATA[04-07-2024T18:12:06 - [TEST_SUITE][INCOMPLETE] - a: null]]></system-err>
   </testsuite>
</testsuites>
