<?xml version="1.0" encoding="UTF-8"?>
<testsuites name="aaaaa" time="10.127" tests="1" failures="0" errors="0">
   <testsuite name="aaaaa" tests="1" failures="0" errors="0" time="10.127" skipped="0" timestamp="19-06-2024T22:56:43" hostname="tuanh - huybt2" id="Test Suites/aaaaa">
      <properties>
         <property name="deviceName" value=""/>
         <property name="devicePlatform" value=""/>
         <property name="logFolder" value="C:\\Users\\tuanh\\git\\kata-oma\\Reports\\20240619_225621\\aaaaa\\20240619_225623"/>
         <property name="logFiles" value="C:\\Users\\tuanh\\git\\kata-oma\\Reports\\20240619_225621\\aaaaa\\20240619_225623\\execution0.log"/>
         <property name="attachments" value=""/>
         <property name="hostName" value="tuanh - huybt2"/>
         <property name="os" value="Windows 11 64bit"/>
         <property name="katalonVersion" value="9.4.0.212"/>
         <property name="browser" value="Chrome 126.0.0.0"/>
         <property name="hostAddress" value="192.168.1.20"/>
         <property name="sessionId" value="dfa5e8fdddeee65781173e3b8ca3c679"/>
         <property name="seleniumVersion" value="3.141.59"/>
         <property name="proxyInformation" value="ProxyInformation { proxyOption=NO_PROXY, proxyServerType=HTTP, username=, password=********, proxyServerAddress=, proxyServerPort=0, executionList=&quot;&quot;, isApplyToDesiredCapabilities=true }"/>
         <property name="platform" value="Windows 11"/>
      </properties>
      <testcase name="Test Cases/tets1" time="9.589" classname="Test Cases/tets1" status="PASSED">
         <system-out><![CDATA[19-06-2024T22:56:44 - [TEST_CASE][PASSED] - Test Cases/tets1: Test Cases/tets1

19-06-2024T22:56:46 - [TEST_STEP][PASSED] - openBrowser(""): Browser is opened with url: ''

19-06-2024T22:56:47 - [MESSAGE][INFO] - Starting 'Chrome' driver

19-06-2024T22:56:47 - [MESSAGE][INFO] - Action delay is set to 0 milliseconds

19-06-2024T22:56:52 - [MESSAGE][PASSED] - Browser is opened with url: ''

19-06-2024T22:56:52 - [TEST_STEP][PASSED] - closeBrowser(): Browser is closed

19-06-2024T22:56:53 - [MESSAGE][PASSED] - Browser is closed]]></system-out>
         <system-err><![CDATA[]]></system-err>
      </testcase>
      <system-out><![CDATA[19-06-2024T22:56:43 - [TEST_SUITE][PASSED] - aaaaa: Test Cases/tets1]]></system-out>
      <system-err><![CDATA[]]></system-err>
   </testsuite>
</testsuites>
