<?xml version="1.0" encoding="UTF-8"?>
<testsuites name="New Test Suite (2)" time="63.173" tests="1" failures="0" errors="0">
   <testsuite name="New Test Suite (2)" tests="1" failures="0" errors="0" time="63.173" skipped="0" timestamp="27-05-2024T23:02:50" hostname="tuanh - huybt2" id="Test Suites/New Test Suite (2)">
      <properties>
         <property name="deviceName" value=""/>
         <property name="devicePlatform" value=""/>
         <property name="logFolder" value="C:\\Users\\tuanh\\git\\kata-oma\\Reports\\20240527_230206\\New Test Suite (2)\\20240527_230206"/>
         <property name="logFiles" value="C:\\Users\\tuanh\\git\\kata-oma\\Reports\\20240527_230206\\New Test Suite (2)\\20240527_230206\\execution0.log"/>
         <property name="attachments" value=""/>
         <property name="hostName" value="tuanh - huybt2"/>
         <property name="os" value="Windows 11 64bit"/>
         <property name="katalonVersion" value="9.4.0.212"/>
         <property name="browser" value="Chrome 125.0.0.0"/>
         <property name="hostAddress" value="192.168.1.8"/>
         <property name="sessionId" value="588f23be41eff2c57e8a1f9c334d041c"/>
         <property name="seleniumVersion" value="3.141.59"/>
         <property name="proxyInformation" value="ProxyInformation { proxyOption=NO_PROXY, proxyServerType=HTTP, username=, password=********, proxyServerAddress=, proxyServerPort=0, executionList=&quot;&quot;, isApplyToDesiredCapabilities=true }"/>
         <property name="platform" value="Windows 11"/>
      </properties>
      <testcase name="Test Cases/tets1" time="59.732" classname="Test Cases/tets1" status="PASSED">
         <system-out><![CDATA[27-05-2024T23:02:53 - [TEST_CASE][PASSED] - Test Cases/tets1: Test Cases/tets1

27-05-2024T23:02:56 - [TEST_STEP][PASSED] - openBrowser(""): Browser is opened with url: ''

27-05-2024T23:03:02 - [MESSAGE][INFO] - Starting 'Chrome' driver

27-05-2024T23:03:03 - [MESSAGE][INFO] - Action delay is set to 0 milliseconds

27-05-2024T23:03:40 - [MESSAGE][PASSED] - Browser is opened with url: ''

27-05-2024T23:03:40 - [TEST_STEP][PASSED] - closeBrowser(): Browser is closed

27-05-2024T23:03:53 - [MESSAGE][PASSED] - Browser is closed]]></system-out>
         <system-err><![CDATA[]]></system-err>
      </testcase>
      <system-out><![CDATA[27-05-2024T23:02:50 - [TEST_SUITE][PASSED] - New Test Suite (2): Test Cases/tets1]]></system-out>
      <system-err><![CDATA[]]></system-err>
   </testsuite>
</testsuites>
