<?xml version="1.0" encoding="UTF-8"?>
<testsuites name="checkpoint" time="113.278" tests="1" failures="0" errors="0">
   <testsuite name="checkpoint" tests="1" failures="0" errors="0" time="113.278" skipped="0" timestamp="27-06-2024T19:51:18" hostname="tuanh - host.docker.internal" id="Test Suites/checkpoint">
      <properties>
         <property name="deviceName" value=""/>
         <property name="devicePlatform" value=""/>
         <property name="logFolder" value="C:\\Users\\tuanh\\git\\kata-oma\\Reports\\20240627_195030\\checkpoint\\20240627_195030"/>
         <property name="logFiles" value="C:\\Users\\tuanh\\git\\kata-oma\\Reports\\20240627_195030\\checkpoint\\20240627_195030\\execution0.log"/>
         <property name="attachments" value="keyes\keyes-current_viewport 1.png, keyes\keyes-current_viewport 2.png, keyes\keyes-current_viewport 3.png, keyes\keyes-current_viewport 4.png, keyes\keyes-current_viewport 5.png, keyes\keyes-current_viewport 6.png, keyes\keyes-current_viewport 7.png, keyes\keyes-current_viewport 8.png, keyes\keyes-current_viewport9.png, keyes\keyes-current_viewport 10.png, keyes\keyes-current_viewport11.png, keyes\keyes-current_viewport12.png, keyes\keyes-current_viewport13.png, keyes\keyes-current_viewport14.png, keyes\keyes-current_viewport15.png, keyes\keyes-current_viewport16.png, keyes\keyes-current_viewport17.png, keyes\keyes-current_viewport16.png"/>
         <property name="hostName" value="tuanh - host.docker.internal"/>
         <property name="os" value="Windows 11 64bit"/>
         <property name="katalonVersion" value="9.4.0.212"/>
         <property name="browser" value="Chrome 126.0.0.0"/>
         <property name="hostAddress" value="192.168.1.11"/>
         <property name="sessionId" value="0aff754bed08fc171fd7e99004651c05"/>
         <property name="seleniumVersion" value="3.141.59"/>
         <property name="proxyInformation" value="ProxyInformation { proxyOption=NO_PROXY, proxyServerType=HTTP, username=, password=********, proxyServerAddress=, proxyServerPort=0, executionList=&quot;&quot;, isApplyToDesiredCapabilities=true }"/>
         <property name="platform" value="Windows 11"/>
      </properties>
      <testcase name="Test Cases/ac/checkpoint 2" time="110.754" classname="Test Cases/ac/checkpoint 2" status="PASSED">
         <system-out><![CDATA[27-06-2024T19:51:20 - [TEST_CASE][PASSED] - Test Cases/ac/checkpoint 2: Test Cases/ac/checkpoint 2

27-06-2024T19:51:24 - [TEST_STEP][PASSED] - openBrowser(""): Browser is opened with url: ''

27-06-2024T19:51:26 - [MESSAGE][INFO] - Starting 'Chrome' driver

27-06-2024T19:51:26 - [MESSAGE][INFO] - Action delay is set to 0 milliseconds

27-06-2024T19:51:37 - [MESSAGE][PASSED] - Browser is opened with url: ''

27-06-2024T19:51:37 - [TEST_STEP][PASSED] - navigateToUrl("https://academy.katalon.com/"): Navigate to 'https://academy.katalon.com/' successfully

27-06-2024T19:52:52 - [MESSAGE][PASSED] - Navigate to 'https://academy.katalon.com/' successfully

27-06-2024T19:52:52 - [TEST_STEP][PASSED] - takeScreenshotAsCheckpoint("current_viewport 1"): Taking screenshot successfully

27-06-2024T19:52:53 - [MESSAGE][INFO] - 0 hidden object(s)

27-06-2024T19:52:54 - [MESSAGE][PASSED] - Taking screenshot successfully
[[ATTACHMENT|keyes\keyes-current_viewport 1.png]]

27-06-2024T19:52:54 - [TEST_STEP][PASSED] - takeScreenshotAsCheckpoint("current_viewport 2 "): Taking screenshot successfully

27-06-2024T19:52:56 - [MESSAGE][INFO] - 0 hidden object(s)

27-06-2024T19:52:56 - [MESSAGE][PASSED] - Taking screenshot successfully
[[ATTACHMENT|keyes\keyes-current_viewport 2.png]]

27-06-2024T19:52:56 - [TEST_STEP][PASSED] - takeScreenshotAsCheckpoint("current_viewport 3"): Taking screenshot successfully

27-06-2024T19:52:59 - [MESSAGE][INFO] - 0 hidden object(s)

27-06-2024T19:52:59 - [MESSAGE][PASSED] - Taking screenshot successfully
[[ATTACHMENT|keyes\keyes-current_viewport 3.png]]

27-06-2024T19:52:59 - [TEST_STEP][PASSED] - takeScreenshotAsCheckpoint("current_viewport 4"): Taking screenshot successfully

27-06-2024T19:52:59 - [MESSAGE][INFO] - 0 hidden object(s)

27-06-2024T19:53:00 - [MESSAGE][PASSED] - Taking screenshot successfully
[[ATTACHMENT|keyes\keyes-current_viewport 4.png]]

27-06-2024T19:53:00 - [TEST_STEP][PASSED] - takeScreenshotAsCheckpoint("current_viewport 5"): Taking screenshot successfully

27-06-2024T19:53:00 - [MESSAGE][INFO] - 0 hidden object(s)

27-06-2024T19:53:00 - [MESSAGE][PASSED] - Taking screenshot successfully
[[ATTACHMENT|keyes\keyes-current_viewport 5.png]]

27-06-2024T19:53:00 - [TEST_STEP][PASSED] - takeScreenshotAsCheckpoint("current_viewport 6"): Taking screenshot successfully

27-06-2024T19:53:01 - [MESSAGE][INFO] - 0 hidden object(s)

27-06-2024T19:53:01 - [MESSAGE][PASSED] - Taking screenshot successfully
[[ATTACHMENT|keyes\keyes-current_viewport 6.png]]

27-06-2024T19:53:01 - [TEST_STEP][PASSED] - takeScreenshotAsCheckpoint("current_viewport 7"): Taking screenshot successfully

27-06-2024T19:53:02 - [MESSAGE][INFO] - 0 hidden object(s)

27-06-2024T19:53:02 - [MESSAGE][PASSED] - Taking screenshot successfully
[[ATTACHMENT|keyes\keyes-current_viewport 7.png]]

27-06-2024T19:53:02 - [TEST_STEP][PASSED] - takeScreenshotAsCheckpoint("current_viewport 8 "): Taking screenshot successfully

27-06-2024T19:53:03 - [MESSAGE][INFO] - 0 hidden object(s)

27-06-2024T19:53:03 - [MESSAGE][PASSED] - Taking screenshot successfully
[[ATTACHMENT|keyes\keyes-current_viewport 8.png]]

27-06-2024T19:53:03 - [TEST_STEP][PASSED] - takeScreenshotAsCheckpoint("current_viewport9"): Taking screenshot successfully

27-06-2024T19:53:04 - [MESSAGE][INFO] - 0 hidden object(s)

27-06-2024T19:53:04 - [MESSAGE][PASSED] - Taking screenshot successfully
[[ATTACHMENT|keyes\keyes-current_viewport9.png]]

27-06-2024T19:53:04 - [TEST_STEP][PASSED] - takeScreenshotAsCheckpoint("current_viewport 10"): Taking screenshot successfully

27-06-2024T19:53:05 - [MESSAGE][INFO] - 0 hidden object(s)

27-06-2024T19:53:05 - [MESSAGE][PASSED] - Taking screenshot successfully
[[ATTACHMENT|keyes\keyes-current_viewport 10.png]]

27-06-2024T19:53:05 - [TEST_STEP][PASSED] - takeScreenshotAsCheckpoint("current_viewport11"): Taking screenshot successfully

27-06-2024T19:53:06 - [MESSAGE][INFO] - 0 hidden object(s)

27-06-2024T19:53:06 - [MESSAGE][PASSED] - Taking screenshot successfully
[[ATTACHMENT|keyes\keyes-current_viewport11.png]]

27-06-2024T19:53:06 - [TEST_STEP][PASSED] - takeScreenshotAsCheckpoint("current_viewport12"): Taking screenshot successfully

27-06-2024T19:53:06 - [MESSAGE][INFO] - 0 hidden object(s)

27-06-2024T19:53:06 - [MESSAGE][PASSED] - Taking screenshot successfully
[[ATTACHMENT|keyes\keyes-current_viewport12.png]]

27-06-2024T19:53:06 - [TEST_STEP][PASSED] - takeScreenshotAsCheckpoint("current_viewport13"): Taking screenshot successfully

27-06-2024T19:53:07 - [MESSAGE][INFO] - 0 hidden object(s)

27-06-2024T19:53:07 - [MESSAGE][PASSED] - Taking screenshot successfully
[[ATTACHMENT|keyes\keyes-current_viewport13.png]]

27-06-2024T19:53:07 - [TEST_STEP][PASSED] - takeScreenshotAsCheckpoint("current_viewport14"): Taking screenshot successfully

27-06-2024T19:53:08 - [MESSAGE][INFO] - 0 hidden object(s)

27-06-2024T19:53:08 - [MESSAGE][PASSED] - Taking screenshot successfully
[[ATTACHMENT|keyes\keyes-current_viewport14.png]]

27-06-2024T19:53:08 - [TEST_STEP][PASSED] - takeScreenshotAsCheckpoint("current_viewport15"): Taking screenshot successfully

27-06-2024T19:53:08 - [MESSAGE][INFO] - 0 hidden object(s)

27-06-2024T19:53:08 - [MESSAGE][PASSED] - Taking screenshot successfully
[[ATTACHMENT|keyes\keyes-current_viewport15.png]]

27-06-2024T19:53:08 - [TEST_STEP][PASSED] - takeScreenshotAsCheckpoint("current_viewport16"): Taking screenshot successfully

27-06-2024T19:53:09 - [MESSAGE][INFO] - 0 hidden object(s)

27-06-2024T19:53:09 - [MESSAGE][PASSED] - Taking screenshot successfully
[[ATTACHMENT|keyes\keyes-current_viewport16.png]]

27-06-2024T19:53:09 - [TEST_STEP][PASSED] - takeScreenshotAsCheckpoint("current_viewport17"): Taking screenshot successfully

27-06-2024T19:53:10 - [MESSAGE][INFO] - 0 hidden object(s)

27-06-2024T19:53:10 - [MESSAGE][PASSED] - Taking screenshot successfully
[[ATTACHMENT|keyes\keyes-current_viewport17.png]]

27-06-2024T19:53:10 - [TEST_STEP][PASSED] - takeScreenshotAsCheckpoint("current_viewport16"): Taking screenshot successfully

27-06-2024T19:53:10 - [MESSAGE][INFO] - 0 hidden object(s)

27-06-2024T19:53:10 - [MESSAGE][PASSED] - Taking screenshot successfully
[[ATTACHMENT|keyes\keyes-current_viewport16.png]]

27-06-2024T19:53:10 - [TEST_STEP][PASSED] - closeBrowser(): Browser is closed

27-06-2024T19:53:11 - [MESSAGE][PASSED] - Browser is closed]]></system-out>
         <system-err><![CDATA[]]></system-err>
      </testcase>
      <system-out><![CDATA[27-06-2024T19:51:18 - [TEST_SUITE][PASSED] - checkpoint: Test Cases/ac/checkpoint 2]]></system-out>
      <system-err><![CDATA[]]></system-err>
   </testsuite>
</testsuites>
