<?xml version="1.0" encoding="UTF-8"?>
<testsuites name="New Dynamic Test Suite" time="1605.173" tests="239" failures="2" errors="0">
   <testsuite name="New Dynamic Test Suite" tests="239" failures="2" errors="0" time="1605.173" skipped="0" timestamp="03-07-2024T22:03:49" hostname="tuanh - huybt2" id="Test Suites/thang/New Dynamic Test Suite">
      <properties>
         <property name="deviceName"/>
         <property name="devicePlatform" value=""/>
         <property name="logFolder" value="C:\\Users\\tuanh\\git\\kata-oma\\Reports\\20240703_220326\\thang\\New Dynamic Test Suite\\20240703_220326"/>
         <property name="logFiles" value="C:\\Users\\tuanh\\git\\kata-oma\\Reports\\20240703_220326\\thang\\New Dynamic Test Suite\\20240703_220326\\execution0.log"/>
         <property name="attachments" value="keyes\keyes-current_viewport 1.png, keyes\keyes-current_viewport 2.png, keyes\keyes-current_viewport 3.png, keyes\keyes-current_viewport 4.png, keyes\keyes-current_viewport 5.png, keyes\keyes-current_viewport 6.png, keyes\keyes-current_viewport 7.png, keyes\keyes-current_viewport 8.png, keyes\keyes-current_viewport9.png, keyes\keyes-current_viewport 10.png, keyes\keyes-current_viewport11.png, keyes\keyes-current_viewport12.png, keyes\keyes-current_viewport13.png, keyes\keyes-current_viewport14.png, keyes\keyes-current_viewport15.png, keyes\keyes-current_viewport16.png, keyes\keyes-current_viewport17.png, keyes\keyes-current_viewport16.png"/>
         <property name="hostName" value="tuanh - huybt2"/>
         <property name="desiredCapabilities" value="{}"/>
         <property name="os" value="Windows 11 64bit"/>
         <property name="katalonVersion" value="9.4.0.212"/>
         <property name="browser" value="Chrome 126.0.0.0"/>
         <property name="hostAddress" value="192.168.1.13"/>
         <property name="sessionId" value="16e20747188f42f3e691c50ebb3783e5"/>
         <property name="seleniumVersion" value="3.141.59"/>
         <property name="proxyInformation" value="ProxyInformation { proxyOption=NO_PROXY, proxyServerType=HTTP, username=, password=********, proxyServerAddress=, proxyServerPort=0, executionList=&quot;&quot;, isApplyToDesiredCapabilities=true }"/>
         <property name="platform" value="Windows 11"/>
      </properties>
      <testcase name="Test Cases/New Test Case (1)" time="22.521" classname="Test Cases/New Test Case (1)" status="PASSED">
         <system-out><![CDATA[03-07-2024T22:03:51 - [TEST_CASE][PASSED] - Test Cases/New Test Case (1): Test Cases/New Test Case (1)

03-07-2024T22:03:53 - [TEST_STEP][PASSED] - openBrowser(""): Browser is opened with url: ''

03-07-2024T22:03:55 - [MESSAGE][INFO] - Starting 'Chrome' driver

03-07-2024T22:03:55 - [MESSAGE][INFO] - Action delay is set to 0 milliseconds

03-07-2024T22:04:05 - [MESSAGE][PASSED] - Browser is opened with url: ''

03-07-2024T22:04:05 - [TEST_STEP][PASSED] - closeBrowser(): Browser is closed

03-07-2024T22:04:14 - [MESSAGE][PASSED] - Browser is closed]]></system-out>
         <system-err><![CDATA[]]></system-err>
      </testcase>
      <testcase name="Test Cases/New Test Case (2)" time="10.937" classname="Test Cases/New Test Case (2)" status="PASSED">
         <system-out><![CDATA[03-07-2024T22:04:14 - [TEST_CASE][PASSED] - Test Cases/New Test Case (2): Test Cases/New Test Case (2)

03-07-2024T22:04:14 - [TEST_STEP][PASSED] - sendRequest(findTestObject("ac/New Request")): Send request successfully

03-07-2024T22:04:25 - [MESSAGE][INFO] - HAR: C:\Users\tuanh\git\kata-oma\Reports\20240703_220326\thang\New Dynamic Test Suite\20240703_220326\requests\main\0.har

03-07-2024T22:04:25 - [MESSAGE][PASSED] - Send request successfully]]></system-out>
         <system-err><![CDATA[]]></system-err>
      </testcase>
      <testcase name="Test Cases/New Test Case" time="1.451" classname="Test Cases/New Test Case" status="FAILED">
         <failure type="FAILED" message="Test Cases/New Test Case FAILED.&#xa;Reason:&#xa;com.kms.katalon.core.exception.StepFailedException: Connection refused: no further information&#xa;Build info: version: '3.141.59', revision: 'e82be7d358', time: '2018-11-14T08:25:53'&#xa;System info: host: 'HUYBT2', ip: '192.168.1.13', os.name: 'Windows 11', os.arch: 'amd64', os.version: '10.0', java.version: '17.0.7'&#xa;Driver info: driver.version: WindowsDriver (Root cause: org.openqa.selenium.WebDriverException: Connection refused: no further information&#xa;Build info: version: '3.141.59', revision: 'e82be7d358', time: '2018-11-14T08:25:53'&#xa;System info: host: 'HUYBT2', ip: '192.168.1.13', os.name: 'Windows 11', os.arch: 'amd64', os.version: '10.0', java.version: '17.0.7'&#xa;Driver info: driver.version: WindowsDriver&#xa;	at io.appium.java_client.remote.AppiumCommandExecutor.lambda$5(AppiumCommandExecutor.java:251)&#xa;	at io.appium.java_client.remote.AppiumCommandExecutor.execute(AppiumCommandExecutor.java:250)&#xa;	at org.openqa.selenium.remote.RemoteWebDriver.execute(RemoteWebDriver.java:552)&#xa;	at io.appium.java_client.DefaultGenericMobileDriver.execute(DefaultGenericMobileDriver.java:42)&#xa;	at io.appium.java_client.AppiumDriver.execute(AppiumDriver.java:1)&#xa;	at io.appium.java_client.windows.WindowsDriver.execute(WindowsDriver.java:1)&#xa;	at org.openqa.selenium.remote.RemoteWebDriver.startSession(RemoteWebDriver.java:213)&#xa;	at org.openqa.selenium.remote.RemoteWebDriver.&lt;init>(RemoteWebDriver.java:131)&#xa;	at io.appium.java_client.DefaultGenericMobileDriver.&lt;init>(DefaultGenericMobileDriver.java:38)&#xa;	at io.appium.java_client.AppiumDriver.&lt;init>(AppiumDriver.java:84)&#xa;	at io.appium.java_client.windows.WindowsDriver.&lt;init>(WindowsDriver.java:38)&#xa;	at com.kms.katalon.core.windows.driver.WindowsDriverFactory.newWindowsDriver(WindowsDriverFactory.java:194)&#xa;	at com.kms.katalon.core.windows.driver.WindowsDriverFactory.startApplication(WindowsDriverFactory.java:112)&#xa;	at com.kms.katalon.core.windows.driver.WindowsDriverFactory.startApplication(WindowsDriverFactory.java:96)&#xa;	at com.kms.katalon.core.windows.driver.WindowsDriverFactory$startApplication.call(Unknown Source)&#xa;	at com.kms.katalon.core.windows.keyword.builtin.StartApplicationWithTitleKeyword$_startApplicationWithTitle_closure1.doCall(StartApplicationWithTitleKeyword.groovy:33)&#xa;	at com.kms.katalon.core.windows.keyword.builtin.StartApplicationWithTitleKeyword$_startApplicationWithTitle_closure1.doCall(StartApplicationWithTitleKeyword.groovy)&#xa;	at java.base/jdk.internal.reflect.NativeMethodAccessorImpl.invoke0(Native Method)&#xa;	at java.base/jdk.internal.reflect.NativeMethodAccessorImpl.invoke(NativeMethodAccessorImpl.java:77)&#xa;	at java.base/jdk.internal.reflect.DelegatingMethodAccessorImpl.invoke(DelegatingMethodAccessorImpl.java:43)&#xa;	at com.kms.katalon.core.keyword.internal.KeywordMain.runKeyword(KeywordMain.groovy:90)&#xa;	at com.kms.katalon.core.keyword.internal.KeywordMain$runKeyword.call(Unknown Source)&#xa;	at com.kms.katalon.core.windows.keyword.builtin.StartApplicationWithTitleKeyword.startApplicationWithTitle(StartApplicationWithTitleKeyword.groovy:32)&#xa;	at com.kms.katalon.core.windows.keyword.builtin.StartApplicationWithTitleKeyword.execute(StartApplicationWithTitleKeyword.groovy:28)&#xa;	at com.kms.katalon.core.keyword.internal.KeywordExecutor.executeKeywordForPlatform(KeywordExecutor.groovy:74)&#xa;	at com.kms.katalon.core.windows.keyword.WindowsBuiltinKeywords.startApplicationWithTitle(WindowsBuiltinKeywords.java:1064)&#xa;	at New Test Case.run(New Test Case:20)&#xa;	at com.kms.katalon.core.main.ScriptEngine.run(ScriptEngine.java:194)&#xa;	at com.kms.katalon.core.main.ScriptEngine.runScriptAsRawText(ScriptEngine.java:119)&#xa;	at com.kms.katalon.core.main.TestCaseExecutor.runScript(TestCaseExecutor.java:448)&#xa;	at com.kms.katalon.core.main.TestCaseExecutor.doExecute(TestCaseExecutor.java:439)&#xa;	at com.kms.katalon.core.main.TestCaseExecutor.processExecutionPhase(TestCaseExecutor.java:418)&#xa;	at com.kms.katalon.core.main.TestCaseExecutor.accessMainPhase(TestCaseExecutor.java:410)&#xa;	at com.kms.katalon.core.main.TestCaseExecutor.execute(TestCaseExecutor.java:285)&#xa;	at com.kms.katalon.core.common.CommonExecutor.accessTestCaseMainPhase(CommonExecutor.java:65)&#xa;	at com.kms.katalon.core.main.TestSuiteExecutor.accessTestSuiteMainPhase(TestSuiteExecutor.java:150)&#xa;	at com.kms.katalon.core.main.TestSuiteExecutor.execute(TestSuiteExecutor.java:106)&#xa;	at com.kms.katalon.core.main.TestCaseMain.startTestSuite(TestCaseMain.java:180)&#xa;	at TempTestSuite1720019006769.run(TempTestSuite1720019006769.groovy:35)&#xa;	at java.base/jdk.internal.reflect.NativeMethodAccessorImpl.invoke0(Native Method)&#xa;	at java.base/jdk.internal.reflect.NativeMethodAccessorImpl.invoke(NativeMethodAccessorImpl.java:77)&#xa;	at java.base/jdk.internal.reflect.DelegatingMethodAccessorImpl.invoke(DelegatingMethodAccessorImpl.java:43)&#xa;Caused by: java.net.ConnectException: Connection refused: no further information&#xa;	at okhttp3.internal.platform.Platform.connectSocket(Platform.java:129)&#xa;	at okhttp3.internal.connection.RealConnection.connectSocket(RealConnection.java:245)&#xa;	at okhttp3.internal.connection.RealConnection.connect(RealConnection.java:165)&#xa;	at okhttp3.internal.connection.StreamAllocation.findConnection(StreamAllocation.java:257)&#xa;	at okhttp3.internal.connection.StreamAllocation.findHealthyConnection(StreamAllocation.java:135)&#xa;	at okhttp3.internal.connection.StreamAllocation.newStream(StreamAllocation.java:114)&#xa;	at okhttp3.internal.connection.ConnectInterceptor.intercept(ConnectInterceptor.java:42)&#xa;	at okhttp3.internal.http.RealInterceptorChain.proceed(RealInterceptorChain.java:147)&#xa;	at okhttp3.internal.http.RealInterceptorChain.proceed(RealInterceptorChain.java:121)&#xa;	at okhttp3.internal.cache.CacheInterceptor.intercept(CacheInterceptor.java:93)&#xa;	at okhttp3.internal.http.RealInterceptorChain.proceed(RealInterceptorChain.java:147)&#xa;	at okhttp3.internal.http.RealInterceptorChain.proceed(RealInterceptorChain.java:121)&#xa;	at okhttp3.internal.http.BridgeInterceptor.intercept(BridgeInterceptor.java:93)&#xa;	at okhttp3.internal.http.RealInterceptorChain.proceed(RealInterceptorChain.java:147)&#xa;	at okhttp3.internal.http.RetryAndFollowUpInterceptor.intercept(RetryAndFollowUpInterceptor.java:126)&#xa;	at okhttp3.internal.http.RealInterceptorChain.proceed(RealInterceptorChain.java:147)&#xa;	at okhttp3.internal.http.RealInterceptorChain.proceed(RealInterceptorChain.java:121)&#xa;	at okhttp3.RealCall.getResponseWithInterceptorChain(RealCall.java:200)&#xa;	at okhttp3.RealCall.execute(RealCall.java:77)&#xa;	at org.openqa.selenium.remote.internal.OkHttpClient.execute(OkHttpClient.java:103)&#xa;	at org.openqa.selenium.remote.ProtocolHandshake.createSession(ProtocolHandshake.java:105)&#xa;	at java.base/jdk.internal.reflect.NativeMethodAccessorImpl.invoke0(Native Method)&#xa;	at java.base/jdk.internal.reflect.NativeMethodAccessorImpl.invoke(NativeMethodAccessorImpl.java:77)&#xa;	at java.base/jdk.internal.reflect.DelegatingMethodAccessorImpl.invoke(DelegatingMethodAccessorImpl.java:43)&#xa;	at io.appium.java_client.remote.AppiumCommandExecutor$1.createSession(AppiumCommandExecutor.java:186)&#xa;	at io.appium.java_client.remote.AppiumCommandExecutor.createSession(AppiumCommandExecutor.java:217)&#xa;	at io.appium.java_client.remote.AppiumCommandExecutor.execute(AppiumCommandExecutor.java:239)&#xa;	at org.openqa.selenium.remote.RemoteWebDriver.execute(RemoteWebDriver.java:552)&#xa;	at io.appium.java_client.DefaultGenericMobileDriver.execute(DefaultGenericMobileDriver.java:42)&#xa;	at io.appium.java_client.AppiumDriver.execute(AppiumDriver.java:1)&#xa;	at io.appium.java_client.windows.WindowsDriver.execute(WindowsDriver.java:1)&#xa;	at org.openqa.selenium.remote.RemoteWebDriver.startSession(RemoteWebDriver.java:213)&#xa;	at org.openqa.selenium.remote.RemoteWebDriver.&lt;init>(RemoteWebDriver.java:131)&#xa;	at io.appium.java_client.DefaultGenericMobileDriver.&lt;init>(DefaultGenericMobileDriver.java:38)&#xa;	at io.appium.java_client.AppiumDriver.&lt;init>(AppiumDriver.java:84)&#xa;	at io.appium.java_client.windows.WindowsDriver.&lt;init>(WindowsDriver.java:38)&#xa;	at com.kms.katalon.core.windows.driver.WindowsDriverFactory.newWindowsDriver(WindowsDriverFactory.java:194)&#xa;	at com.kms.katalon.core.windows.driver.WindowsDriverFactory.startApplication(WindowsDriverFactory.java:112)&#xa;	at com.kms.katalon.core.windows.driver.WindowsDriverFactory.startApplication(WindowsDriverFactory.java:96)&#xa;	at com.kms.katalon.core.windows.driver.WindowsDriverFactory$startApplication.call(Unknown Source)&#xa;	at com.kms.katalon.core.windows.keyword.builtin.StartApplicationWithTitleKeyword$_startApplicationWithTitle_closure1.doCall(StartApplicationWithTitleKeyword.groovy:33)&#xa;	at com.kms.katalon.core.windows.keyword.builtin.StartApplicationWithTitleKeyword$_startApplicationWithTitle_closure1.doCall(StartApplicationWithTitleKeyword.groovy)&#xa;	at java.base/jdk.internal.reflect.NativeMethodAccessorImpl.invoke0(Native Method)&#xa;	at java.base/jdk.internal.reflect.NativeMethodAccessorImpl.invoke(NativeMethodAccessorImpl.java:77)&#xa;	at java.base/jdk.internal.reflect.DelegatingMethodAccessorImpl.invoke(DelegatingMethodAccessorImpl.java:43)&#xa;	at com.kms.katalon.core.keyword.internal.KeywordMain.runKeyword(KeywordMain.groovy:90)&#xa;	at com.kms.katalon.core.keyword.internal.KeywordMain$runKeyword.call(Unknown Source)&#xa;	at com.kms.katalon.core.windows.keyword.builtin.StartApplicationWithTitleKeyword.startApplicationWithTitle(StartApplicationWithTitleKeyword.groovy:32)&#xa;	at com.kms.katalon.core.windows.keyword.builtin.StartApplicationWithTitleKeyword.execute(StartApplicationWithTitleKeyword.groovy:28)&#xa;	at com.kms.katalon.core.keyword.internal.KeywordExecutor.executeKeywordForPlatform(KeywordExecutor.groovy:74)&#xa;	at com.kms.katalon.core.windows.keyword.WindowsBuiltinKeywords.startApplicationWithTitle(WindowsBuiltinKeywords.java:1064)&#xa;	at Script1716305407857.run(Script1716305407857.groovy:20)&#xa;	... 15 more&#xa;)&#xa;	at com.kms.katalon.core.keyword.internal.KeywordMain.stepFailed(KeywordMain.groovy:51)&#xa;	at com.kms.katalon.core.keyword.internal.KeywordMain.stepFailed(KeywordMain.groovy)&#xa;	at com.kms.katalon.core.keyword.internal.KeywordMain.runKeyword(KeywordMain.groovy:92)&#xa;	at com.kms.katalon.core.keyword.internal.KeywordMain$runKeyword.call(Unknown Source)&#xa;	at com.kms.katalon.core.windows.keyword.builtin.StartApplicationWithTitleKeyword.startApplicationWithTitle(StartApplicationWithTitleKeyword.groovy:32)&#xa;	at com.kms.katalon.core.windows.keyword.builtin.StartApplicationWithTitleKeyword.execute(StartApplicationWithTitleKeyword.groovy:28)&#xa;	at com.kms.katalon.core.keyword.internal.KeywordExecutor.executeKeywordForPlatform(KeywordExecutor.groovy:74)&#xa;	at com.kms.katalon.core.windows.keyword.WindowsBuiltinKeywords.startApplicationWithTitle(WindowsBuiltinKeywords.java:1064)&#xa;	at New Test Case.run(New Test Case:20)&#xa;	at com.kms.katalon.core.main.ScriptEngine.run(ScriptEngine.java:194)&#xa;	at com.kms.katalon.core.main.ScriptEngine.runScriptAsRawText(ScriptEngine.java:119)&#xa;	at com.kms.katalon.core.main.TestCaseExecutor.runScript(TestCaseExecutor.java:448)&#xa;	at com.kms.katalon.core.main.TestCaseExecutor.doExecute(TestCaseExecutor.java:439)&#xa;	at com.kms.katalon.core.main.TestCaseExecutor.processExecutionPhase(TestCaseExecutor.java:418)&#xa;	at com.kms.katalon.core.main.TestCaseExecutor.accessMainPhase(TestCaseExecutor.java:410)&#xa;	at com.kms.katalon.core.main.TestCaseExecutor.execute(TestCaseExecutor.java:285)&#xa;	at com.kms.katalon.core.common.CommonExecutor.accessTestCaseMainPhase(CommonExecutor.java:65)&#xa;	at com.kms.katalon.core.main.TestSuiteExecutor.accessTestSuiteMainPhase(TestSuiteExecutor.java:150)&#xa;	at com.kms.katalon.core.main.TestSuiteExecutor.execute(TestSuiteExecutor.java:106)&#xa;	at com.kms.katalon.core.main.TestCaseMain.startTestSuite(TestCaseMain.java:180)&#xa;	at TempTestSuite1720019006769.run(TempTestSuite1720019006769.groovy:35)&#xa;	at java.base/jdk.internal.reflect.NativeMethodAccessorImpl.invoke0(Native Method)&#xa;	at java.base/jdk.internal.reflect.NativeMethodAccessorImpl.invoke(NativeMethodAccessorImpl.java:77)&#xa;	at java.base/jdk.internal.reflect.DelegatingMethodAccessorImpl.invoke(DelegatingMethodAccessorImpl.java:43)&#xa;Caused by: org.openqa.selenium.WebDriverException: Connection refused: no further information&#xa;Build info: version: '3.141.59', revision: 'e82be7d358', time: '2018-11-14T08:25:53'&#xa;System info: host: 'HUYBT2', ip: '192.168.1.13', os.name: 'Windows 11', os.arch: 'amd64', os.version: '10.0', java.version: '17.0.7'&#xa;Driver info: driver.version: WindowsDriver&#xa;	at io.appium.java_client.remote.AppiumCommandExecutor.lambda$5(AppiumCommandExecutor.java:251)&#xa;	at io.appium.java_client.remote.AppiumCommandExecutor.execute(AppiumCommandExecutor.java:250)&#xa;	at org.openqa.selenium.remote.RemoteWebDriver.execute(RemoteWebDriver.java:552)&#xa;	at io.appium.java_client.DefaultGenericMobileDriver.execute(DefaultGenericMobileDriver.java:42)&#xa;	at io.appium.java_client.AppiumDriver.execute(AppiumDriver.java:1)&#xa;	at io.appium.java_client.windows.WindowsDriver.execute(WindowsDriver.java:1)&#xa;	at org.openqa.selenium.remote.RemoteWebDriver.startSession(RemoteWebDriver.java:213)&#xa;	at org.openqa.selenium.remote.RemoteWebDriver.&lt;init>(RemoteWebDriver.java:131)&#xa;	at io.appium.java_client.DefaultGenericMobileDriver.&lt;init>(DefaultGenericMobileDriver.java:38)&#xa;	at io.appium.java_client.AppiumDriver.&lt;init>(AppiumDriver.java:84)&#xa;	at io.appium.java_client.windows.WindowsDriver.&lt;init>(WindowsDriver.java:38)&#xa;	at com.kms.katalon.core.windows.driver.WindowsDriverFactory.newWindowsDriver(WindowsDriverFactory.java:194)&#xa;	at com.kms.katalon.core.windows.driver.WindowsDriverFactory.startApplication(WindowsDriverFactory.java:112)&#xa;	at com.kms.katalon.core.windows.driver.WindowsDriverFactory.startApplication(WindowsDriverFactory.java:96)&#xa;	at com.kms.katalon.core.windows.driver.WindowsDriverFactory$startApplication.call(Unknown Source)&#xa;	at com.kms.katalon.core.windows.keyword.builtin.StartApplicationWithTitleKeyword$_startApplicationWithTitle_closure1.doCall(StartApplicationWithTitleKeyword.groovy:33)&#xa;	at com.kms.katalon.core.windows.keyword.builtin.StartApplicationWithTitleKeyword$_startApplicationWithTitle_closure1.doCall(StartApplicationWithTitleKeyword.groovy)&#xa;	at java.base/jdk.internal.reflect.NativeMethodAccessorImpl.invoke0(Native Method)&#xa;	at java.base/jdk.internal.reflect.NativeMethodAccessorImpl.invoke(NativeMethodAccessorImpl.java:77)&#xa;	at java.base/jdk.internal.reflect.DelegatingMethodAccessorImpl.invoke(DelegatingMethodAccessorImpl.java:43)&#xa;	at com.kms.katalon.core.keyword.internal.KeywordMain.runKeyword(KeywordMain.groovy:90)&#xa;	... 21 more&#xa;Caused by: java.net.ConnectException: Connection refused: no further information&#xa;	at okhttp3.internal.platform.Platform.connectSocket(Platform.java:129)&#xa;	at okhttp3.internal.connection.RealConnection.connectSocket(RealConnection.java:245)&#xa;	at okhttp3.internal.connection.RealConnection.connect(RealConnection.java:165)&#xa;	at okhttp3.internal.connection.StreamAllocation.findConnection(StreamAllocation.java:257)&#xa;	at okhttp3.internal.connection.StreamAllocation.findHealthyConnection(StreamAllocation.java:135)&#xa;	at okhttp3.internal.connection.StreamAllocation.newStream(StreamAllocation.java:114)&#xa;	at okhttp3.internal.connection.ConnectInterceptor.intercept(ConnectInterceptor.java:42)&#xa;	at okhttp3.internal.http.RealInterceptorChain.proceed(RealInterceptorChain.java:147)&#xa;	at okhttp3.internal.http.RealInterceptorChain.proceed(RealInterceptorChain.java:121)&#xa;	at okhttp3.internal.cache.CacheInterceptor.intercept(CacheInterceptor.java:93)&#xa;	at okhttp3.internal.http.RealInterceptorChain.proceed(RealInterceptorChain.java:147)&#xa;	at okhttp3.internal.http.RealInterceptorChain.proceed(RealInterceptorChain.java:121)&#xa;	at okhttp3.internal.http.BridgeInterceptor.intercept(BridgeInterceptor.java:93)&#xa;	at okhttp3.internal.http.RealInterceptorChain.proceed(RealInterceptorChain.java:147)&#xa;	at okhttp3.internal.http.RetryAndFollowUpInterceptor.intercept(RetryAndFollowUpInterceptor.java:126)&#xa;	at okhttp3.internal.http.RealInterceptorChain.proceed(RealInterceptorChain.java:147)&#xa;	at okhttp3.internal.http.RealInterceptorChain.proceed(RealInterceptorChain.java:121)&#xa;	at okhttp3.RealCall.getResponseWithInterceptorChain(RealCall.java:200)&#xa;	at okhttp3.RealCall.execute(RealCall.java:77)&#xa;	at org.openqa.selenium.remote.internal.OkHttpClient.execute(OkHttpClient.java:103)&#xa;	at org.openqa.selenium.remote.ProtocolHandshake.createSession(ProtocolHandshake.java:105)&#xa;	at java.base/jdk.internal.reflect.NativeMethodAccessorImpl.invoke0(Native Method)&#xa;	at java.base/jdk.internal.reflect.NativeMethodAccessorImpl.invoke(NativeMethodAccessorImpl.java:77)&#xa;	at java.base/jdk.internal.reflect.DelegatingMethodAccessorImpl.invoke(DelegatingMethodAccessorImpl.java:43)&#xa;	at io.appium.java_client.remote.AppiumCommandExecutor$1.createSession(AppiumCommandExecutor.java:186)&#xa;	at io.appium.java_client.remote.AppiumCommandExecutor.createSession(AppiumCommandExecutor.java:217)&#xa;	at io.appium.java_client.remote.AppiumCommandExecutor.execute(AppiumCommandExecutor.java:239)&#xa;	... 40 more&#xa;"/>
         <system-out><![CDATA[03-07-2024T22:04:25 - [TEST_CASE][FAILED] - Test Cases/New Test Case: Test Cases/New Test Case FAILED.
Reason:
com.kms.katalon.core.exception.StepFailedException: Connection refused: no further information
Build info: version: '3.141.59', revision: 'e82be7d358', time: '2018-11-14T08:25:53'
System info: host: 'HUYBT2', ip: '192.168.1.13', os.name: 'Windows 11', os.arch: 'amd64', os.version: '10.0', java.version: '17.0.7'
Driver info: driver.version: WindowsDriver (Root cause: org.openqa.selenium.WebDriverException: Connection refused: no further information
Build info: version: '3.141.59', revision: 'e82be7d358', time: '2018-11-14T08:25:53'
System info: host: 'HUYBT2', ip: '192.168.1.13', os.name: 'Windows 11', os.arch: 'amd64', os.version: '10.0', java.version: '17.0.7'
Driver info: driver.version: WindowsDriver
	at io.appium.java_client.remote.AppiumCommandExecutor.lambda$5(AppiumCommandExecutor.java:251)
	at io.appium.java_client.remote.AppiumCommandExecutor.execute(AppiumCommandExecutor.java:250)
	at org.openqa.selenium.remote.RemoteWebDriver.execute(RemoteWebDriver.java:552)
	at io.appium.java_client.DefaultGenericMobileDriver.execute(DefaultGenericMobileDriver.java:42)
	at io.appium.java_client.AppiumDriver.execute(AppiumDriver.java:1)
	at io.appium.java_client.windows.WindowsDriver.execute(WindowsDriver.java:1)
	at org.openqa.selenium.remote.RemoteWebDriver.startSession(RemoteWebDriver.java:213)
	at org.openqa.selenium.remote.RemoteWebDriver.<init>(RemoteWebDriver.java:131)
	at io.appium.java_client.DefaultGenericMobileDriver.<init>(DefaultGenericMobileDriver.java:38)
	at io.appium.java_client.AppiumDriver.<init>(AppiumDriver.java:84)
	at io.appium.java_client.windows.WindowsDriver.<init>(WindowsDriver.java:38)
	at com.kms.katalon.core.windows.driver.WindowsDriverFactory.newWindowsDriver(WindowsDriverFactory.java:194)
	at com.kms.katalon.core.windows.driver.WindowsDriverFactory.startApplication(WindowsDriverFactory.java:112)
	at com.kms.katalon.core.windows.driver.WindowsDriverFactory.startApplication(WindowsDriverFactory.java:96)
	at com.kms.katalon.core.windows.driver.WindowsDriverFactory$startApplication.call(Unknown Source)
	at com.kms.katalon.core.windows.keyword.builtin.StartApplicationWithTitleKeyword$_startApplicationWithTitle_closure1.doCall(StartApplicationWithTitleKeyword.groovy:33)
	at com.kms.katalon.core.windows.keyword.builtin.StartApplicationWithTitleKeyword$_startApplicationWithTitle_closure1.doCall(StartApplicationWithTitleKeyword.groovy)
	at java.base/jdk.internal.reflect.NativeMethodAccessorImpl.invoke0(Native Method)
	at java.base/jdk.internal.reflect.NativeMethodAccessorImpl.invoke(NativeMethodAccessorImpl.java:77)
	at java.base/jdk.internal.reflect.DelegatingMethodAccessorImpl.invoke(DelegatingMethodAccessorImpl.java:43)
	at com.kms.katalon.core.keyword.internal.KeywordMain.runKeyword(KeywordMain.groovy:90)
	at com.kms.katalon.core.keyword.internal.KeywordMain$runKeyword.call(Unknown Source)
	at com.kms.katalon.core.windows.keyword.builtin.StartApplicationWithTitleKeyword.startApplicationWithTitle(StartApplicationWithTitleKeyword.groovy:32)
	at com.kms.katalon.core.windows.keyword.builtin.StartApplicationWithTitleKeyword.execute(StartApplicationWithTitleKeyword.groovy:28)
	at com.kms.katalon.core.keyword.internal.KeywordExecutor.executeKeywordForPlatform(KeywordExecutor.groovy:74)
	at com.kms.katalon.core.windows.keyword.WindowsBuiltinKeywords.startApplicationWithTitle(WindowsBuiltinKeywords.java:1064)
	at New Test Case.run(New Test Case:20)
	at com.kms.katalon.core.main.ScriptEngine.run(ScriptEngine.java:194)
	at com.kms.katalon.core.main.ScriptEngine.runScriptAsRawText(ScriptEngine.java:119)
	at com.kms.katalon.core.main.TestCaseExecutor.runScript(TestCaseExecutor.java:448)
	at com.kms.katalon.core.main.TestCaseExecutor.doExecute(TestCaseExecutor.java:439)
	at com.kms.katalon.core.main.TestCaseExecutor.processExecutionPhase(TestCaseExecutor.java:418)
	at com.kms.katalon.core.main.TestCaseExecutor.accessMainPhase(TestCaseExecutor.java:410)
	at com.kms.katalon.core.main.TestCaseExecutor.execute(TestCaseExecutor.java:285)
	at com.kms.katalon.core.common.CommonExecutor.accessTestCaseMainPhase(CommonExecutor.java:65)
	at com.kms.katalon.core.main.TestSuiteExecutor.accessTestSuiteMainPhase(TestSuiteExecutor.java:150)
	at com.kms.katalon.core.main.TestSuiteExecutor.execute(TestSuiteExecutor.java:106)
	at com.kms.katalon.core.main.TestCaseMain.startTestSuite(TestCaseMain.java:180)
	at TempTestSuite1720019006769.run(TempTestSuite1720019006769.groovy:35)
	at java.base/jdk.internal.reflect.NativeMethodAccessorImpl.invoke0(Native Method)
	at java.base/jdk.internal.reflect.NativeMethodAccessorImpl.invoke(NativeMethodAccessorImpl.java:77)
	at java.base/jdk.internal.reflect.DelegatingMethodAccessorImpl.invoke(DelegatingMethodAccessorImpl.java:43)
Caused by: java.net.ConnectException: Connection refused: no further information
	at okhttp3.internal.platform.Platform.connectSocket(Platform.java:129)
	at okhttp3.internal.connection.RealConnection.connectSocket(RealConnection.java:245)
	at okhttp3.internal.connection.RealConnection.connect(RealConnection.java:165)
	at okhttp3.internal.connection.StreamAllocation.findConnection(StreamAllocation.java:257)
	at okhttp3.internal.connection.StreamAllocation.findHealthyConnection(StreamAllocation.java:135)
	at okhttp3.internal.connection.StreamAllocation.newStream(StreamAllocation.java:114)
	at okhttp3.internal.connection.ConnectInterceptor.intercept(ConnectInterceptor.java:42)
	at okhttp3.internal.http.RealInterceptorChain.proceed(RealInterceptorChain.java:147)
	at okhttp3.internal.http.RealInterceptorChain.proceed(RealInterceptorChain.java:121)
	at okhttp3.internal.cache.CacheInterceptor.intercept(CacheInterceptor.java:93)
	at okhttp3.internal.http.RealInterceptorChain.proceed(RealInterceptorChain.java:147)
	at okhttp3.internal.http.RealInterceptorChain.proceed(RealInterceptorChain.java:121)
	at okhttp3.internal.http.BridgeInterceptor.intercept(BridgeInterceptor.java:93)
	at okhttp3.internal.http.RealInterceptorChain.proceed(RealInterceptorChain.java:147)
	at okhttp3.internal.http.RetryAndFollowUpInterceptor.intercept(RetryAndFollowUpInterceptor.java:126)
	at okhttp3.internal.http.RealInterceptorChain.proceed(RealInterceptorChain.java:147)
	at okhttp3.internal.http.RealInterceptorChain.proceed(RealInterceptorChain.java:121)
	at okhttp3.RealCall.getResponseWithInterceptorChain(RealCall.java:200)
	at okhttp3.RealCall.execute(RealCall.java:77)
	at org.openqa.selenium.remote.internal.OkHttpClient.execute(OkHttpClient.java:103)
	at org.openqa.selenium.remote.ProtocolHandshake.createSession(ProtocolHandshake.java:105)
	at java.base/jdk.internal.reflect.NativeMethodAccessorImpl.invoke0(Native Method)
	at java.base/jdk.internal.reflect.NativeMethodAccessorImpl.invoke(NativeMethodAccessorImpl.java:77)
	at java.base/jdk.internal.reflect.DelegatingMethodAccessorImpl.invoke(DelegatingMethodAccessorImpl.java:43)
	at io.appium.java_client.remote.AppiumCommandExecutor$1.createSession(AppiumCommandExecutor.java:186)
	at io.appium.java_client.remote.AppiumCommandExecutor.createSession(AppiumCommandExecutor.java:217)
	at io.appium.java_client.remote.AppiumCommandExecutor.execute(AppiumCommandExecutor.java:239)
	at org.openqa.selenium.remote.RemoteWebDriver.execute(RemoteWebDriver.java:552)
	at io.appium.java_client.DefaultGenericMobileDriver.execute(DefaultGenericMobileDriver.java:42)
	at io.appium.java_client.AppiumDriver.execute(AppiumDriver.java:1)
	at io.appium.java_client.windows.WindowsDriver.execute(WindowsDriver.java:1)
	at org.openqa.selenium.remote.RemoteWebDriver.startSession(RemoteWebDriver.java:213)
	at org.openqa.selenium.remote.RemoteWebDriver.<init>(RemoteWebDriver.java:131)
	at io.appium.java_client.DefaultGenericMobileDriver.<init>(DefaultGenericMobileDriver.java:38)
	at io.appium.java_client.AppiumDriver.<init>(AppiumDriver.java:84)
	at io.appium.java_client.windows.WindowsDriver.<init>(WindowsDriver.java:38)
	at com.kms.katalon.core.windows.driver.WindowsDriverFactory.newWindowsDriver(WindowsDriverFactory.java:194)
	at com.kms.katalon.core.windows.driver.WindowsDriverFactory.startApplication(WindowsDriverFactory.java:112)
	at com.kms.katalon.core.windows.driver.WindowsDriverFactory.startApplication(WindowsDriverFactory.java:96)
	at com.kms.katalon.core.windows.driver.WindowsDriverFactory$startApplication.call(Unknown Source)
	at com.kms.katalon.core.windows.keyword.builtin.StartApplicationWithTitleKeyword$_startApplicationWithTitle_closure1.doCall(StartApplicationWithTitleKeyword.groovy:33)
	at com.kms.katalon.core.windows.keyword.builtin.StartApplicationWithTitleKeyword$_startApplicationWithTitle_closure1.doCall(StartApplicationWithTitleKeyword.groovy)
	at java.base/jdk.internal.reflect.NativeMethodAccessorImpl.invoke0(Native Method)
	at java.base/jdk.internal.reflect.NativeMethodAccessorImpl.invoke(NativeMethodAccessorImpl.java:77)
	at java.base/jdk.internal.reflect.DelegatingMethodAccessorImpl.invoke(DelegatingMethodAccessorImpl.java:43)
	at com.kms.katalon.core.keyword.internal.KeywordMain.runKeyword(KeywordMain.groovy:90)
	at com.kms.katalon.core.keyword.internal.KeywordMain$runKeyword.call(Unknown Source)
	at com.kms.katalon.core.windows.keyword.builtin.StartApplicationWithTitleKeyword.startApplicationWithTitle(StartApplicationWithTitleKeyword.groovy:32)
	at com.kms.katalon.core.windows.keyword.builtin.StartApplicationWithTitleKeyword.execute(StartApplicationWithTitleKeyword.groovy:28)
	at com.kms.katalon.core.keyword.internal.KeywordExecutor.executeKeywordForPlatform(KeywordExecutor.groovy:74)
	at com.kms.katalon.core.windows.keyword.WindowsBuiltinKeywords.startApplicationWithTitle(WindowsBuiltinKeywords.java:1064)
	at Script1716305407857.run(Script1716305407857.groovy:20)
	... 15 more
)
	at com.kms.katalon.core.keyword.internal.KeywordMain.stepFailed(KeywordMain.groovy:51)
	at com.kms.katalon.core.keyword.internal.KeywordMain.stepFailed(KeywordMain.groovy)
	at com.kms.katalon.core.keyword.internal.KeywordMain.runKeyword(KeywordMain.groovy:92)
	at com.kms.katalon.core.keyword.internal.KeywordMain$runKeyword.call(Unknown Source)
	at com.kms.katalon.core.windows.keyword.builtin.StartApplicationWithTitleKeyword.startApplicationWithTitle(StartApplicationWithTitleKeyword.groovy:32)
	at com.kms.katalon.core.windows.keyword.builtin.StartApplicationWithTitleKeyword.execute(StartApplicationWithTitleKeyword.groovy:28)
	at com.kms.katalon.core.keyword.internal.KeywordExecutor.executeKeywordForPlatform(KeywordExecutor.groovy:74)
	at com.kms.katalon.core.windows.keyword.WindowsBuiltinKeywords.startApplicationWithTitle(WindowsBuiltinKeywords.java:1064)
	at New Test Case.run(New Test Case:20)
	at com.kms.katalon.core.main.ScriptEngine.run(ScriptEngine.java:194)
	at com.kms.katalon.core.main.ScriptEngine.runScriptAsRawText(ScriptEngine.java:119)
	at com.kms.katalon.core.main.TestCaseExecutor.runScript(TestCaseExecutor.java:448)
	at com.kms.katalon.core.main.TestCaseExecutor.doExecute(TestCaseExecutor.java:439)
	at com.kms.katalon.core.main.TestCaseExecutor.processExecutionPhase(TestCaseExecutor.java:418)
	at com.kms.katalon.core.main.TestCaseExecutor.accessMainPhase(TestCaseExecutor.java:410)
	at com.kms.katalon.core.main.TestCaseExecutor.execute(TestCaseExecutor.java:285)
	at com.kms.katalon.core.common.CommonExecutor.accessTestCaseMainPhase(CommonExecutor.java:65)
	at com.kms.katalon.core.main.TestSuiteExecutor.accessTestSuiteMainPhase(TestSuiteExecutor.java:150)
	at com.kms.katalon.core.main.TestSuiteExecutor.execute(TestSuiteExecutor.java:106)
	at com.kms.katalon.core.main.TestCaseMain.startTestSuite(TestCaseMain.java:180)
	at TempTestSuite1720019006769.run(TempTestSuite1720019006769.groovy:35)
	at java.base/jdk.internal.reflect.NativeMethodAccessorImpl.invoke0(Native Method)
	at java.base/jdk.internal.reflect.NativeMethodAccessorImpl.invoke(NativeMethodAccessorImpl.java:77)
	at java.base/jdk.internal.reflect.DelegatingMethodAccessorImpl.invoke(DelegatingMethodAccessorImpl.java:43)
Caused by: org.openqa.selenium.WebDriverException: Connection refused: no further information
Build info: version: '3.141.59', revision: 'e82be7d358', time: '2018-11-14T08:25:53'
System info: host: 'HUYBT2', ip: '192.168.1.13', os.name: 'Windows 11', os.arch: 'amd64', os.version: '10.0', java.version: '17.0.7'
Driver info: driver.version: WindowsDriver
	at io.appium.java_client.remote.AppiumCommandExecutor.lambda$5(AppiumCommandExecutor.java:251)
	at io.appium.java_client.remote.AppiumCommandExecutor.execute(AppiumCommandExecutor.java:250)
	at org.openqa.selenium.remote.RemoteWebDriver.execute(RemoteWebDriver.java:552)
	at io.appium.java_client.DefaultGenericMobileDriver.execute(DefaultGenericMobileDriver.java:42)
	at io.appium.java_client.AppiumDriver.execute(AppiumDriver.java:1)
	at io.appium.java_client.windows.WindowsDriver.execute(WindowsDriver.java:1)
	at org.openqa.selenium.remote.RemoteWebDriver.startSession(RemoteWebDriver.java:213)
	at org.openqa.selenium.remote.RemoteWebDriver.<init>(RemoteWebDriver.java:131)
	at io.appium.java_client.DefaultGenericMobileDriver.<init>(DefaultGenericMobileDriver.java:38)
	at io.appium.java_client.AppiumDriver.<init>(AppiumDriver.java:84)
	at io.appium.java_client.windows.WindowsDriver.<init>(WindowsDriver.java:38)
	at com.kms.katalon.core.windows.driver.WindowsDriverFactory.newWindowsDriver(WindowsDriverFactory.java:194)
	at com.kms.katalon.core.windows.driver.WindowsDriverFactory.startApplication(WindowsDriverFactory.java:112)
	at com.kms.katalon.core.windows.driver.WindowsDriverFactory.startApplication(WindowsDriverFactory.java:96)
	at com.kms.katalon.core.windows.driver.WindowsDriverFactory$startApplication.call(Unknown Source)
	at com.kms.katalon.core.windows.keyword.builtin.StartApplicationWithTitleKeyword$_startApplicationWithTitle_closure1.doCall(StartApplicationWithTitleKeyword.groovy:33)
	at com.kms.katalon.core.windows.keyword.builtin.StartApplicationWithTitleKeyword$_startApplicationWithTitle_closure1.doCall(StartApplicationWithTitleKeyword.groovy)
	at java.base/jdk.internal.reflect.NativeMethodAccessorImpl.invoke0(Native Method)
	at java.base/jdk.internal.reflect.NativeMethodAccessorImpl.invoke(NativeMethodAccessorImpl.java:77)
	at java.base/jdk.internal.reflect.DelegatingMethodAccessorImpl.invoke(DelegatingMethodAccessorImpl.java:43)
	at com.kms.katalon.core.keyword.internal.KeywordMain.runKeyword(KeywordMain.groovy:90)
	... 21 more
Caused by: java.net.ConnectException: Connection refused: no further information
	at okhttp3.internal.platform.Platform.connectSocket(Platform.java:129)
	at okhttp3.internal.connection.RealConnection.connectSocket(RealConnection.java:245)
	at okhttp3.internal.connection.RealConnection.connect(RealConnection.java:165)
	at okhttp3.internal.connection.StreamAllocation.findConnection(StreamAllocation.java:257)
	at okhttp3.internal.connection.StreamAllocation.findHealthyConnection(StreamAllocation.java:135)
	at okhttp3.internal.connection.StreamAllocation.newStream(StreamAllocation.java:114)
	at okhttp3.internal.connection.ConnectInterceptor.intercept(ConnectInterceptor.java:42)
	at okhttp3.internal.http.RealInterceptorChain.proceed(RealInterceptorChain.java:147)
	at okhttp3.internal.http.RealInterceptorChain.proceed(RealInterceptorChain.java:121)
	at okhttp3.internal.cache.CacheInterceptor.intercept(CacheInterceptor.java:93)
	at okhttp3.internal.http.RealInterceptorChain.proceed(RealInterceptorChain.java:147)
	at okhttp3.internal.http.RealInterceptorChain.proceed(RealInterceptorChain.java:121)
	at okhttp3.internal.http.BridgeInterceptor.intercept(BridgeInterceptor.java:93)
	at okhttp3.internal.http.RealInterceptorChain.proceed(RealInterceptorChain.java:147)
	at okhttp3.internal.http.RetryAndFollowUpInterceptor.intercept(RetryAndFollowUpInterceptor.java:126)
	at okhttp3.internal.http.RealInterceptorChain.proceed(RealInterceptorChain.java:147)
	at okhttp3.internal.http.RealInterceptorChain.proceed(RealInterceptorChain.java:121)
	at okhttp3.RealCall.getResponseWithInterceptorChain(RealCall.java:200)
	at okhttp3.RealCall.execute(RealCall.java:77)
	at org.openqa.selenium.remote.internal.OkHttpClient.execute(OkHttpClient.java:103)
	at org.openqa.selenium.remote.ProtocolHandshake.createSession(ProtocolHandshake.java:105)
	at java.base/jdk.internal.reflect.NativeMethodAccessorImpl.invoke0(Native Method)
	at java.base/jdk.internal.reflect.NativeMethodAccessorImpl.invoke(NativeMethodAccessorImpl.java:77)
	at java.base/jdk.internal.reflect.DelegatingMethodAccessorImpl.invoke(DelegatingMethodAccessorImpl.java:43)
	at io.appium.java_client.remote.AppiumCommandExecutor$1.createSession(AppiumCommandExecutor.java:186)
	at io.appium.java_client.remote.AppiumCommandExecutor.createSession(AppiumCommandExecutor.java:217)
	at io.appium.java_client.remote.AppiumCommandExecutor.execute(AppiumCommandExecutor.java:239)
	... 40 more


03-07-2024T22:04:25 - [TEST_STEP][FAILED] - startApplicationWithTitle("C:\Windows\notepad.exe", "credentials - Notepad"): Connection refused: no further information
Build info: version: '3.141.59', revision: 'e82be7d358', time: '2018-11-14T08:25:53'
System info: host: 'HUYBT2', ip: '192.168.1.13', os.name: 'Windows 11', os.arch: 'amd64', os.version: '10.0', java.version: '17.0.7'
Driver info: driver.version: WindowsDriver (Root cause: org.openqa.selenium.WebDriverException: Connection refused: no further information
Build info: version: '3.141.59', revision: 'e82be7d358', time: '2018-11-14T08:25:53'
System info: host: 'HUYBT2', ip: '192.168.1.13', os.name: 'Windows 11', os.arch: 'amd64', os.version: '10.0', java.version: '17.0.7'
Driver info: driver.version: WindowsDriver
	at io.appium.java_client.remote.AppiumCommandExecutor.lambda$5(AppiumCommandExecutor.java:251)
	at io.appium.java_client.remote.AppiumCommandExecutor.execute(AppiumCommandExecutor.java:250)
	at org.openqa.selenium.remote.RemoteWebDriver.execute(RemoteWebDriver.java:552)
	at io.appium.java_client.DefaultGenericMobileDriver.execute(DefaultGenericMobileDriver.java:42)
	at io.appium.java_client.AppiumDriver.execute(AppiumDriver.java:1)
	at io.appium.java_client.windows.WindowsDriver.execute(WindowsDriver.java:1)
	at org.openqa.selenium.remote.RemoteWebDriver.startSession(RemoteWebDriver.java:213)
	at org.openqa.selenium.remote.RemoteWebDriver.<init>(RemoteWebDriver.java:131)
	at io.appium.java_client.DefaultGenericMobileDriver.<init>(DefaultGenericMobileDriver.java:38)
	at io.appium.java_client.AppiumDriver.<init>(AppiumDriver.java:84)
	at io.appium.java_client.windows.WindowsDriver.<init>(WindowsDriver.java:38)
	at com.kms.katalon.core.windows.driver.WindowsDriverFactory.newWindowsDriver(WindowsDriverFactory.java:194)
	at com.kms.katalon.core.windows.driver.WindowsDriverFactory.startApplication(WindowsDriverFactory.java:112)
	at com.kms.katalon.core.windows.driver.WindowsDriverFactory.startApplication(WindowsDriverFactory.java:96)
	at com.kms.katalon.core.windows.driver.WindowsDriverFactory$startApplication.call(Unknown Source)
	at com.kms.katalon.core.windows.keyword.builtin.StartApplicationWithTitleKeyword$_startApplicationWithTitle_closure1.doCall(StartApplicationWithTitleKeyword.groovy:33)
	at com.kms.katalon.core.windows.keyword.builtin.StartApplicationWithTitleKeyword$_startApplicationWithTitle_closure1.doCall(StartApplicationWithTitleKeyword.groovy)
	at java.base/jdk.internal.reflect.NativeMethodAccessorImpl.invoke0(Native Method)
	at java.base/jdk.internal.reflect.NativeMethodAccessorImpl.invoke(NativeMethodAccessorImpl.java:77)
	at java.base/jdk.internal.reflect.DelegatingMethodAccessorImpl.invoke(DelegatingMethodAccessorImpl.java:43)
	at com.kms.katalon.core.keyword.internal.KeywordMain.runKeyword(KeywordMain.groovy:90)
	at com.kms.katalon.core.keyword.internal.KeywordMain$runKeyword.call(Unknown Source)
	at com.kms.katalon.core.windows.keyword.builtin.StartApplicationWithTitleKeyword.startApplicationWithTitle(StartApplicationWithTitleKeyword.groovy:32)
	at com.kms.katalon.core.windows.keyword.builtin.StartApplicationWithTitleKeyword.execute(StartApplicationWithTitleKeyword.groovy:28)
	at com.kms.katalon.core.keyword.internal.KeywordExecutor.executeKeywordForPlatform(KeywordExecutor.groovy:74)
	at com.kms.katalon.core.windows.keyword.WindowsBuiltinKeywords.startApplicationWithTitle(WindowsBuiltinKeywords.java:1064)
	at New Test Case.run(New Test Case:20)
	at com.kms.katalon.core.main.ScriptEngine.run(ScriptEngine.java:194)
	at com.kms.katalon.core.main.ScriptEngine.runScriptAsRawText(ScriptEngine.java:119)
	at com.kms.katalon.core.main.TestCaseExecutor.runScript(TestCaseExecutor.java:448)
	at com.kms.katalon.core.main.TestCaseExecutor.doExecute(TestCaseExecutor.java:439)
	at com.kms.katalon.core.main.TestCaseExecutor.processExecutionPhase(TestCaseExecutor.java:418)
	at com.kms.katalon.core.main.TestCaseExecutor.accessMainPhase(TestCaseExecutor.java:410)
	at com.kms.katalon.core.main.TestCaseExecutor.execute(TestCaseExecutor.java:285)
	at com.kms.katalon.core.common.CommonExecutor.accessTestCaseMainPhase(CommonExecutor.java:65)
	at com.kms.katalon.core.main.TestSuiteExecutor.accessTestSuiteMainPhase(TestSuiteExecutor.java:150)
	at com.kms.katalon.core.main.TestSuiteExecutor.execute(TestSuiteExecutor.java:106)
	at com.kms.katalon.core.main.TestCaseMain.startTestSuite(TestCaseMain.java:180)
	at TempTestSuite1720019006769.run(TempTestSuite1720019006769.groovy:35)
	at java.base/jdk.internal.reflect.NativeMethodAccessorImpl.invoke0(Native Method)
	at java.base/jdk.internal.reflect.NativeMethodAccessorImpl.invoke(NativeMethodAccessorImpl.java:77)
	at java.base/jdk.internal.reflect.DelegatingMethodAccessorImpl.invoke(DelegatingMethodAccessorImpl.java:43)
Caused by: java.net.ConnectException: Connection refused: no further information
	at okhttp3.internal.platform.Platform.connectSocket(Platform.java:129)
	at okhttp3.internal.connection.RealConnection.connectSocket(RealConnection.java:245)
	at okhttp3.internal.connection.RealConnection.connect(RealConnection.java:165)
	at okhttp3.internal.connection.StreamAllocation.findConnection(StreamAllocation.java:257)
	at okhttp3.internal.connection.StreamAllocation.findHealthyConnection(StreamAllocation.java:135)
	at okhttp3.internal.connection.StreamAllocation.newStream(StreamAllocation.java:114)
	at okhttp3.internal.connection.ConnectInterceptor.intercept(ConnectInterceptor.java:42)
	at okhttp3.internal.http.RealInterceptorChain.proceed(RealInterceptorChain.java:147)
	at okhttp3.internal.http.RealInterceptorChain.proceed(RealInterceptorChain.java:121)
	at okhttp3.internal.cache.CacheInterceptor.intercept(CacheInterceptor.java:93)
	at okhttp3.internal.http.RealInterceptorChain.proceed(RealInterceptorChain.java:147)
	at okhttp3.internal.http.RealInterceptorChain.proceed(RealInterceptorChain.java:121)
	at okhttp3.internal.http.BridgeInterceptor.intercept(BridgeInterceptor.java:93)
	at okhttp3.internal.http.RealInterceptorChain.proceed(RealInterceptorChain.java:147)
	at okhttp3.internal.http.RetryAndFollowUpInterceptor.intercept(RetryAndFollowUpInterceptor.java:126)
	at okhttp3.internal.http.RealInterceptorChain.proceed(RealInterceptorChain.java:147)
	at okhttp3.internal.http.RealInterceptorChain.proceed(RealInterceptorChain.java:121)
	at okhttp3.RealCall.getResponseWithInterceptorChain(RealCall.java:200)
	at okhttp3.RealCall.execute(RealCall.java:77)
	at org.openqa.selenium.remote.internal.OkHttpClient.execute(OkHttpClient.java:103)
	at org.openqa.selenium.remote.ProtocolHandshake.createSession(ProtocolHandshake.java:105)
	at java.base/jdk.internal.reflect.NativeMethodAccessorImpl.invoke0(Native Method)
	at java.base/jdk.internal.reflect.NativeMethodAccessorImpl.invoke(NativeMethodAccessorImpl.java:77)
	at java.base/jdk.internal.reflect.DelegatingMethodAccessorImpl.invoke(DelegatingMethodAccessorImpl.java:43)
	at io.appium.java_client.remote.AppiumCommandExecutor$1.createSession(AppiumCommandExecutor.java:186)
	at io.appium.java_client.remote.AppiumCommandExecutor.createSession(AppiumCommandExecutor.java:217)
	at io.appium.java_client.remote.AppiumCommandExecutor.execute(AppiumCommandExecutor.java:239)
	at org.openqa.selenium.remote.RemoteWebDriver.execute(RemoteWebDriver.java:552)
	at io.appium.java_client.DefaultGenericMobileDriver.execute(DefaultGenericMobileDriver.java:42)
	at io.appium.java_client.AppiumDriver.execute(AppiumDriver.java:1)
	at io.appium.java_client.windows.WindowsDriver.execute(WindowsDriver.java:1)
	at org.openqa.selenium.remote.RemoteWebDriver.startSession(RemoteWebDriver.java:213)
	at org.openqa.selenium.remote.RemoteWebDriver.<init>(RemoteWebDriver.java:131)
	at io.appium.java_client.DefaultGenericMobileDriver.<init>(DefaultGenericMobileDriver.java:38)
	at io.appium.java_client.AppiumDriver.<init>(AppiumDriver.java:84)
	at io.appium.java_client.windows.WindowsDriver.<init>(WindowsDriver.java:38)
	at com.kms.katalon.core.windows.driver.WindowsDriverFactory.newWindowsDriver(WindowsDriverFactory.java:194)
	at com.kms.katalon.core.windows.driver.WindowsDriverFactory.startApplication(WindowsDriverFactory.java:112)
	at com.kms.katalon.core.windows.driver.WindowsDriverFactory.startApplication(WindowsDriverFactory.java:96)
	at com.kms.katalon.core.windows.driver.WindowsDriverFactory$startApplication.call(Unknown Source)
	at com.kms.katalon.core.windows.keyword.builtin.StartApplicationWithTitleKeyword$_startApplicationWithTitle_closure1.doCall(StartApplicationWithTitleKeyword.groovy:33)
	at com.kms.katalon.core.windows.keyword.builtin.StartApplicationWithTitleKeyword$_startApplicationWithTitle_closure1.doCall(StartApplicationWithTitleKeyword.groovy)
	at java.base/jdk.internal.reflect.NativeMethodAccessorImpl.invoke0(Native Method)
	at java.base/jdk.internal.reflect.NativeMethodAccessorImpl.invoke(NativeMethodAccessorImpl.java:77)
	at java.base/jdk.internal.reflect.DelegatingMethodAccessorImpl.invoke(DelegatingMethodAccessorImpl.java:43)
	at com.kms.katalon.core.keyword.internal.KeywordMain.runKeyword(KeywordMain.groovy:90)
	at com.kms.katalon.core.keyword.internal.KeywordMain$runKeyword.call(Unknown Source)
	at com.kms.katalon.core.windows.keyword.builtin.StartApplicationWithTitleKeyword.startApplicationWithTitle(StartApplicationWithTitleKeyword.groovy:32)
	at com.kms.katalon.core.windows.keyword.builtin.StartApplicationWithTitleKeyword.execute(StartApplicationWithTitleKeyword.groovy:28)
	at com.kms.katalon.core.keyword.internal.KeywordExecutor.executeKeywordForPlatform(KeywordExecutor.groovy:74)
	at com.kms.katalon.core.windows.keyword.WindowsBuiltinKeywords.startApplicationWithTitle(WindowsBuiltinKeywords.java:1064)
	at Script1716305407857.run(Script1716305407857.groovy:20)
	... 15 more
)

03-07-2024T22:04:26 - [MESSAGE][INFO] - Starting application C:\Windows\notepad.exe on the local machine at address http://127.0.0.1:4723

03-07-2024T22:04:26 - [MESSAGE][FAILED] - Connection refused: no further information
Build info: version: '3.141.59', revision: 'e82be7d358', time: '2018-11-14T08:25:53'
System info: host: 'HUYBT2', ip: '192.168.1.13', os.name: 'Windows 11', os.arch: 'amd64', os.version: '10.0', java.version: '17.0.7'
Driver info: driver.version: WindowsDriver (Root cause: org.openqa.selenium.WebDriverException: Connection refused: no further information
Build info: version: '3.141.59', revision: 'e82be7d358', time: '2018-11-14T08:25:53'
System info: host: 'HUYBT2', ip: '192.168.1.13', os.name: 'Windows 11', os.arch: 'amd64', os.version: '10.0', java.version: '17.0.7'
Driver info: driver.version: WindowsDriver
	at io.appium.java_client.remote.AppiumCommandExecutor.lambda$5(AppiumCommandExecutor.java:251)
	at io.appium.java_client.remote.AppiumCommandExecutor.execute(AppiumCommandExecutor.java:250)
	at org.openqa.selenium.remote.RemoteWebDriver.execute(RemoteWebDriver.java:552)
	at io.appium.java_client.DefaultGenericMobileDriver.execute(DefaultGenericMobileDriver.java:42)
	at io.appium.java_client.AppiumDriver.execute(AppiumDriver.java:1)
	at io.appium.java_client.windows.WindowsDriver.execute(WindowsDriver.java:1)
	at org.openqa.selenium.remote.RemoteWebDriver.startSession(RemoteWebDriver.java:213)
	at org.openqa.selenium.remote.RemoteWebDriver.<init>(RemoteWebDriver.java:131)
	at io.appium.java_client.DefaultGenericMobileDriver.<init>(DefaultGenericMobileDriver.java:38)
	at io.appium.java_client.AppiumDriver.<init>(AppiumDriver.java:84)
	at io.appium.java_client.windows.WindowsDriver.<init>(WindowsDriver.java:38)
	at com.kms.katalon.core.windows.driver.WindowsDriverFactory.newWindowsDriver(WindowsDriverFactory.java:194)
	at com.kms.katalon.core.windows.driver.WindowsDriverFactory.startApplication(WindowsDriverFactory.java:112)
	at com.kms.katalon.core.windows.driver.WindowsDriverFactory.startApplication(WindowsDriverFactory.java:96)
	at com.kms.katalon.core.windows.driver.WindowsDriverFactory$startApplication.call(Unknown Source)
	at com.kms.katalon.core.windows.keyword.builtin.StartApplicationWithTitleKeyword$_startApplicationWithTitle_closure1.doCall(StartApplicationWithTitleKeyword.groovy:33)
	at com.kms.katalon.core.windows.keyword.builtin.StartApplicationWithTitleKeyword$_startApplicationWithTitle_closure1.doCall(StartApplicationWithTitleKeyword.groovy)
	at java.base/jdk.internal.reflect.NativeMethodAccessorImpl.invoke0(Native Method)
	at java.base/jdk.internal.reflect.NativeMethodAccessorImpl.invoke(NativeMethodAccessorImpl.java:77)
	at java.base/jdk.internal.reflect.DelegatingMethodAccessorImpl.invoke(DelegatingMethodAccessorImpl.java:43)
	at com.kms.katalon.core.keyword.internal.KeywordMain.runKeyword(KeywordMain.groovy:90)
	at com.kms.katalon.core.keyword.internal.KeywordMain$runKeyword.call(Unknown Source)
	at com.kms.katalon.core.windows.keyword.builtin.StartApplicationWithTitleKeyword.startApplicationWithTitle(StartApplicationWithTitleKeyword.groovy:32)
	at com.kms.katalon.core.windows.keyword.builtin.StartApplicationWithTitleKeyword.execute(StartApplicationWithTitleKeyword.groovy:28)
	at com.kms.katalon.core.keyword.internal.KeywordExecutor.executeKeywordForPlatform(KeywordExecutor.groovy:74)
	at com.kms.katalon.core.windows.keyword.WindowsBuiltinKeywords.startApplicationWithTitle(WindowsBuiltinKeywords.java:1064)
	at New Test Case.run(New Test Case:20)
	at com.kms.katalon.core.main.ScriptEngine.run(ScriptEngine.java:194)
	at com.kms.katalon.core.main.ScriptEngine.runScriptAsRawText(ScriptEngine.java:119)
	at com.kms.katalon.core.main.TestCaseExecutor.runScript(TestCaseExecutor.java:448)
	at com.kms.katalon.core.main.TestCaseExecutor.doExecute(TestCaseExecutor.java:439)
	at com.kms.katalon.core.main.TestCaseExecutor.processExecutionPhase(TestCaseExecutor.java:418)
	at com.kms.katalon.core.main.TestCaseExecutor.accessMainPhase(TestCaseExecutor.java:410)
	at com.kms.katalon.core.main.TestCaseExecutor.execute(TestCaseExecutor.java:285)
	at com.kms.katalon.core.common.CommonExecutor.accessTestCaseMainPhase(CommonExecutor.java:65)
	at com.kms.katalon.core.main.TestSuiteExecutor.accessTestSuiteMainPhase(TestSuiteExecutor.java:150)
	at com.kms.katalon.core.main.TestSuiteExecutor.execute(TestSuiteExecutor.java:106)
	at com.kms.katalon.core.main.TestCaseMain.startTestSuite(TestCaseMain.java:180)
	at TempTestSuite1720019006769.run(TempTestSuite1720019006769.groovy:35)
	at java.base/jdk.internal.reflect.NativeMethodAccessorImpl.invoke0(Native Method)
	at java.base/jdk.internal.reflect.NativeMethodAccessorImpl.invoke(NativeMethodAccessorImpl.java:77)
	at java.base/jdk.internal.reflect.DelegatingMethodAccessorImpl.invoke(DelegatingMethodAccessorImpl.java:43)
Caused by: java.net.ConnectException: Connection refused: no further information
	at okhttp3.internal.platform.Platform.connectSocket(Platform.java:129)
	at okhttp3.internal.connection.RealConnection.connectSocket(RealConnection.java:245)
	at okhttp3.internal.connection.RealConnection.connect(RealConnection.java:165)
	at okhttp3.internal.connection.StreamAllocation.findConnection(StreamAllocation.java:257)
	at okhttp3.internal.connection.StreamAllocation.findHealthyConnection(StreamAllocation.java:135)
	at okhttp3.internal.connection.StreamAllocation.newStream(StreamAllocation.java:114)
	at okhttp3.internal.connection.ConnectInterceptor.intercept(ConnectInterceptor.java:42)
	at okhttp3.internal.http.RealInterceptorChain.proceed(RealInterceptorChain.java:147)
	at okhttp3.internal.http.RealInterceptorChain.proceed(RealInterceptorChain.java:121)
	at okhttp3.internal.cache.CacheInterceptor.intercept(CacheInterceptor.java:93)
	at okhttp3.internal.http.RealInterceptorChain.proceed(RealInterceptorChain.java:147)
	at okhttp3.internal.http.RealInterceptorChain.proceed(RealInterceptorChain.java:121)
	at okhttp3.internal.http.BridgeInterceptor.intercept(BridgeInterceptor.java:93)
	at okhttp3.internal.http.RealInterceptorChain.proceed(RealInterceptorChain.java:147)
	at okhttp3.internal.http.RetryAndFollowUpInterceptor.intercept(RetryAndFollowUpInterceptor.java:126)
	at okhttp3.internal.http.RealInterceptorChain.proceed(RealInterceptorChain.java:147)
	at okhttp3.internal.http.RealInterceptorChain.proceed(RealInterceptorChain.java:121)
	at okhttp3.RealCall.getResponseWithInterceptorChain(RealCall.java:200)
	at okhttp3.RealCall.execute(RealCall.java:77)
	at org.openqa.selenium.remote.internal.OkHttpClient.execute(OkHttpClient.java:103)
	at org.openqa.selenium.remote.ProtocolHandshake.createSession(ProtocolHandshake.java:105)
	at java.base/jdk.internal.reflect.NativeMethodAccessorImpl.invoke0(Native Method)
	at java.base/jdk.internal.reflect.NativeMethodAccessorImpl.invoke(NativeMethodAccessorImpl.java:77)
	at java.base/jdk.internal.reflect.DelegatingMethodAccessorImpl.invoke(DelegatingMethodAccessorImpl.java:43)
	at io.appium.java_client.remote.AppiumCommandExecutor$1.createSession(AppiumCommandExecutor.java:186)
	at io.appium.java_client.remote.AppiumCommandExecutor.createSession(AppiumCommandExecutor.java:217)
	at io.appium.java_client.remote.AppiumCommandExecutor.execute(AppiumCommandExecutor.java:239)
	at org.openqa.selenium.remote.RemoteWebDriver.execute(RemoteWebDriver.java:552)
	at io.appium.java_client.DefaultGenericMobileDriver.execute(DefaultGenericMobileDriver.java:42)
	at io.appium.java_client.AppiumDriver.execute(AppiumDriver.java:1)
	at io.appium.java_client.windows.WindowsDriver.execute(WindowsDriver.java:1)
	at org.openqa.selenium.remote.RemoteWebDriver.startSession(RemoteWebDriver.java:213)
	at org.openqa.selenium.remote.RemoteWebDriver.<init>(RemoteWebDriver.java:131)
	at io.appium.java_client.DefaultGenericMobileDriver.<init>(DefaultGenericMobileDriver.java:38)
	at io.appium.java_client.AppiumDriver.<init>(AppiumDriver.java:84)
	at io.appium.java_client.windows.WindowsDriver.<init>(WindowsDriver.java:38)
	at com.kms.katalon.core.windows.driver.WindowsDriverFactory.newWindowsDriver(WindowsDriverFactory.java:194)
	at com.kms.katalon.core.windows.driver.WindowsDriverFactory.startApplication(WindowsDriverFactory.java:112)
	at com.kms.katalon.core.windows.driver.WindowsDriverFactory.startApplication(WindowsDriverFactory.java:96)
	at com.kms.katalon.core.windows.driver.WindowsDriverFactory$startApplication.call(Unknown Source)
	at com.kms.katalon.core.windows.keyword.builtin.StartApplicationWithTitleKeyword$_startApplicationWithTitle_closure1.doCall(StartApplicationWithTitleKeyword.groovy:33)
	at com.kms.katalon.core.windows.keyword.builtin.StartApplicationWithTitleKeyword$_startApplicationWithTitle_closure1.doCall(StartApplicationWithTitleKeyword.groovy)
	at java.base/jdk.internal.reflect.NativeMethodAccessorImpl.invoke0(Native Method)
	at java.base/jdk.internal.reflect.NativeMethodAccessorImpl.invoke(NativeMethodAccessorImpl.java:77)
	at java.base/jdk.internal.reflect.DelegatingMethodAccessorImpl.invoke(DelegatingMethodAccessorImpl.java:43)
	at com.kms.katalon.core.keyword.internal.KeywordMain.runKeyword(KeywordMain.groovy:90)
	at com.kms.katalon.core.keyword.internal.KeywordMain$runKeyword.call(Unknown Source)
	at com.kms.katalon.core.windows.keyword.builtin.StartApplicationWithTitleKeyword.startApplicationWithTitle(StartApplicationWithTitleKeyword.groovy:32)
	at com.kms.katalon.core.windows.keyword.builtin.StartApplicationWithTitleKeyword.execute(StartApplicationWithTitleKeyword.groovy:28)
	at com.kms.katalon.core.keyword.internal.KeywordExecutor.executeKeywordForPlatform(KeywordExecutor.groovy:74)
	at com.kms.katalon.core.windows.keyword.WindowsBuiltinKeywords.startApplicationWithTitle(WindowsBuiltinKeywords.java:1064)
	at Script1716305407857.run(Script1716305407857.groovy:20)
	... 15 more
)]]></system-out>
         <system-err><![CDATA[03-07-2024T22:04:25 - [TEST_CASE][FAILED] - Test Cases/New Test Case: Test Cases/New Test Case FAILED.
Reason:
com.kms.katalon.core.exception.StepFailedException: Connection refused: no further information
Build info: version: '3.141.59', revision: 'e82be7d358', time: '2018-11-14T08:25:53'
System info: host: 'HUYBT2', ip: '192.168.1.13', os.name: 'Windows 11', os.arch: 'amd64', os.version: '10.0', java.version: '17.0.7'
Driver info: driver.version: WindowsDriver (Root cause: org.openqa.selenium.WebDriverException: Connection refused: no further information
Build info: version: '3.141.59', revision: 'e82be7d358', time: '2018-11-14T08:25:53'
System info: host: 'HUYBT2', ip: '192.168.1.13', os.name: 'Windows 11', os.arch: 'amd64', os.version: '10.0', java.version: '17.0.7'
Driver info: driver.version: WindowsDriver
	at io.appium.java_client.remote.AppiumCommandExecutor.lambda$5(AppiumCommandExecutor.java:251)
	at io.appium.java_client.remote.AppiumCommandExecutor.execute(AppiumCommandExecutor.java:250)
	at org.openqa.selenium.remote.RemoteWebDriver.execute(RemoteWebDriver.java:552)
	at io.appium.java_client.DefaultGenericMobileDriver.execute(DefaultGenericMobileDriver.java:42)
	at io.appium.java_client.AppiumDriver.execute(AppiumDriver.java:1)
	at io.appium.java_client.windows.WindowsDriver.execute(WindowsDriver.java:1)
	at org.openqa.selenium.remote.RemoteWebDriver.startSession(RemoteWebDriver.java:213)
	at org.openqa.selenium.remote.RemoteWebDriver.<init>(RemoteWebDriver.java:131)
	at io.appium.java_client.DefaultGenericMobileDriver.<init>(DefaultGenericMobileDriver.java:38)
	at io.appium.java_client.AppiumDriver.<init>(AppiumDriver.java:84)
	at io.appium.java_client.windows.WindowsDriver.<init>(WindowsDriver.java:38)
	at com.kms.katalon.core.windows.driver.WindowsDriverFactory.newWindowsDriver(WindowsDriverFactory.java:194)
	at com.kms.katalon.core.windows.driver.WindowsDriverFactory.startApplication(WindowsDriverFactory.java:112)
	at com.kms.katalon.core.windows.driver.WindowsDriverFactory.startApplication(WindowsDriverFactory.java:96)
	at com.kms.katalon.core.windows.driver.WindowsDriverFactory$startApplication.call(Unknown Source)
	at com.kms.katalon.core.windows.keyword.builtin.StartApplicationWithTitleKeyword$_startApplicationWithTitle_closure1.doCall(StartApplicationWithTitleKeyword.groovy:33)
	at com.kms.katalon.core.windows.keyword.builtin.StartApplicationWithTitleKeyword$_startApplicationWithTitle_closure1.doCall(StartApplicationWithTitleKeyword.groovy)
	at java.base/jdk.internal.reflect.NativeMethodAccessorImpl.invoke0(Native Method)
	at java.base/jdk.internal.reflect.NativeMethodAccessorImpl.invoke(NativeMethodAccessorImpl.java:77)
	at java.base/jdk.internal.reflect.DelegatingMethodAccessorImpl.invoke(DelegatingMethodAccessorImpl.java:43)
	at com.kms.katalon.core.keyword.internal.KeywordMain.runKeyword(KeywordMain.groovy:90)
	at com.kms.katalon.core.keyword.internal.KeywordMain$runKeyword.call(Unknown Source)
	at com.kms.katalon.core.windows.keyword.builtin.StartApplicationWithTitleKeyword.startApplicationWithTitle(StartApplicationWithTitleKeyword.groovy:32)
	at com.kms.katalon.core.windows.keyword.builtin.StartApplicationWithTitleKeyword.execute(StartApplicationWithTitleKeyword.groovy:28)
	at com.kms.katalon.core.keyword.internal.KeywordExecutor.executeKeywordForPlatform(KeywordExecutor.groovy:74)
	at com.kms.katalon.core.windows.keyword.WindowsBuiltinKeywords.startApplicationWithTitle(WindowsBuiltinKeywords.java:1064)
	at New Test Case.run(New Test Case:20)
	at com.kms.katalon.core.main.ScriptEngine.run(ScriptEngine.java:194)
	at com.kms.katalon.core.main.ScriptEngine.runScriptAsRawText(ScriptEngine.java:119)
	at com.kms.katalon.core.main.TestCaseExecutor.runScript(TestCaseExecutor.java:448)
	at com.kms.katalon.core.main.TestCaseExecutor.doExecute(TestCaseExecutor.java:439)
	at com.kms.katalon.core.main.TestCaseExecutor.processExecutionPhase(TestCaseExecutor.java:418)
	at com.kms.katalon.core.main.TestCaseExecutor.accessMainPhase(TestCaseExecutor.java:410)
	at com.kms.katalon.core.main.TestCaseExecutor.execute(TestCaseExecutor.java:285)
	at com.kms.katalon.core.common.CommonExecutor.accessTestCaseMainPhase(CommonExecutor.java:65)
	at com.kms.katalon.core.main.TestSuiteExecutor.accessTestSuiteMainPhase(TestSuiteExecutor.java:150)
	at com.kms.katalon.core.main.TestSuiteExecutor.execute(TestSuiteExecutor.java:106)
	at com.kms.katalon.core.main.TestCaseMain.startTestSuite(TestCaseMain.java:180)
	at TempTestSuite1720019006769.run(TempTestSuite1720019006769.groovy:35)
	at java.base/jdk.internal.reflect.NativeMethodAccessorImpl.invoke0(Native Method)
	at java.base/jdk.internal.reflect.NativeMethodAccessorImpl.invoke(NativeMethodAccessorImpl.java:77)
	at java.base/jdk.internal.reflect.DelegatingMethodAccessorImpl.invoke(DelegatingMethodAccessorImpl.java:43)
Caused by: java.net.ConnectException: Connection refused: no further information
	at okhttp3.internal.platform.Platform.connectSocket(Platform.java:129)
	at okhttp3.internal.connection.RealConnection.connectSocket(RealConnection.java:245)
	at okhttp3.internal.connection.RealConnection.connect(RealConnection.java:165)
	at okhttp3.internal.connection.StreamAllocation.findConnection(StreamAllocation.java:257)
	at okhttp3.internal.connection.StreamAllocation.findHealthyConnection(StreamAllocation.java:135)
	at okhttp3.internal.connection.StreamAllocation.newStream(StreamAllocation.java:114)
	at okhttp3.internal.connection.ConnectInterceptor.intercept(ConnectInterceptor.java:42)
	at okhttp3.internal.http.RealInterceptorChain.proceed(RealInterceptorChain.java:147)
	at okhttp3.internal.http.RealInterceptorChain.proceed(RealInterceptorChain.java:121)
	at okhttp3.internal.cache.CacheInterceptor.intercept(CacheInterceptor.java:93)
	at okhttp3.internal.http.RealInterceptorChain.proceed(RealInterceptorChain.java:147)
	at okhttp3.internal.http.RealInterceptorChain.proceed(RealInterceptorChain.java:121)
	at okhttp3.internal.http.BridgeInterceptor.intercept(BridgeInterceptor.java:93)
	at okhttp3.internal.http.RealInterceptorChain.proceed(RealInterceptorChain.java:147)
	at okhttp3.internal.http.RetryAndFollowUpInterceptor.intercept(RetryAndFollowUpInterceptor.java:126)
	at okhttp3.internal.http.RealInterceptorChain.proceed(RealInterceptorChain.java:147)
	at okhttp3.internal.http.RealInterceptorChain.proceed(RealInterceptorChain.java:121)
	at okhttp3.RealCall.getResponseWithInterceptorChain(RealCall.java:200)
	at okhttp3.RealCall.execute(RealCall.java:77)
	at org.openqa.selenium.remote.internal.OkHttpClient.execute(OkHttpClient.java:103)
	at org.openqa.selenium.remote.ProtocolHandshake.createSession(ProtocolHandshake.java:105)
	at java.base/jdk.internal.reflect.NativeMethodAccessorImpl.invoke0(Native Method)
	at java.base/jdk.internal.reflect.NativeMethodAccessorImpl.invoke(NativeMethodAccessorImpl.java:77)
	at java.base/jdk.internal.reflect.DelegatingMethodAccessorImpl.invoke(DelegatingMethodAccessorImpl.java:43)
	at io.appium.java_client.remote.AppiumCommandExecutor$1.createSession(AppiumCommandExecutor.java:186)
	at io.appium.java_client.remote.AppiumCommandExecutor.createSession(AppiumCommandExecutor.java:217)
	at io.appium.java_client.remote.AppiumCommandExecutor.execute(AppiumCommandExecutor.java:239)
	at org.openqa.selenium.remote.RemoteWebDriver.execute(RemoteWebDriver.java:552)
	at io.appium.java_client.DefaultGenericMobileDriver.execute(DefaultGenericMobileDriver.java:42)
	at io.appium.java_client.AppiumDriver.execute(AppiumDriver.java:1)
	at io.appium.java_client.windows.WindowsDriver.execute(WindowsDriver.java:1)
	at org.openqa.selenium.remote.RemoteWebDriver.startSession(RemoteWebDriver.java:213)
	at org.openqa.selenium.remote.RemoteWebDriver.<init>(RemoteWebDriver.java:131)
	at io.appium.java_client.DefaultGenericMobileDriver.<init>(DefaultGenericMobileDriver.java:38)
	at io.appium.java_client.AppiumDriver.<init>(AppiumDriver.java:84)
	at io.appium.java_client.windows.WindowsDriver.<init>(WindowsDriver.java:38)
	at com.kms.katalon.core.windows.driver.WindowsDriverFactory.newWindowsDriver(WindowsDriverFactory.java:194)
	at com.kms.katalon.core.windows.driver.WindowsDriverFactory.startApplication(WindowsDriverFactory.java:112)
	at com.kms.katalon.core.windows.driver.WindowsDriverFactory.startApplication(WindowsDriverFactory.java:96)
	at com.kms.katalon.core.windows.driver.WindowsDriverFactory$startApplication.call(Unknown Source)
	at com.kms.katalon.core.windows.keyword.builtin.StartApplicationWithTitleKeyword$_startApplicationWithTitle_closure1.doCall(StartApplicationWithTitleKeyword.groovy:33)
	at com.kms.katalon.core.windows.keyword.builtin.StartApplicationWithTitleKeyword$_startApplicationWithTitle_closure1.doCall(StartApplicationWithTitleKeyword.groovy)
	at java.base/jdk.internal.reflect.NativeMethodAccessorImpl.invoke0(Native Method)
	at java.base/jdk.internal.reflect.NativeMethodAccessorImpl.invoke(NativeMethodAccessorImpl.java:77)
	at java.base/jdk.internal.reflect.DelegatingMethodAccessorImpl.invoke(DelegatingMethodAccessorImpl.java:43)
	at com.kms.katalon.core.keyword.internal.KeywordMain.runKeyword(KeywordMain.groovy:90)
	at com.kms.katalon.core.keyword.internal.KeywordMain$runKeyword.call(Unknown Source)
	at com.kms.katalon.core.windows.keyword.builtin.StartApplicationWithTitleKeyword.startApplicationWithTitle(StartApplicationWithTitleKeyword.groovy:32)
	at com.kms.katalon.core.windows.keyword.builtin.StartApplicationWithTitleKeyword.execute(StartApplicationWithTitleKeyword.groovy:28)
	at com.kms.katalon.core.keyword.internal.KeywordExecutor.executeKeywordForPlatform(KeywordExecutor.groovy:74)
	at com.kms.katalon.core.windows.keyword.WindowsBuiltinKeywords.startApplicationWithTitle(WindowsBuiltinKeywords.java:1064)
	at Script1716305407857.run(Script1716305407857.groovy:20)
	... 15 more
)
	at com.kms.katalon.core.keyword.internal.KeywordMain.stepFailed(KeywordMain.groovy:51)
	at com.kms.katalon.core.keyword.internal.KeywordMain.stepFailed(KeywordMain.groovy)
	at com.kms.katalon.core.keyword.internal.KeywordMain.runKeyword(KeywordMain.groovy:92)
	at com.kms.katalon.core.keyword.internal.KeywordMain$runKeyword.call(Unknown Source)
	at com.kms.katalon.core.windows.keyword.builtin.StartApplicationWithTitleKeyword.startApplicationWithTitle(StartApplicationWithTitleKeyword.groovy:32)
	at com.kms.katalon.core.windows.keyword.builtin.StartApplicationWithTitleKeyword.execute(StartApplicationWithTitleKeyword.groovy:28)
	at com.kms.katalon.core.keyword.internal.KeywordExecutor.executeKeywordForPlatform(KeywordExecutor.groovy:74)
	at com.kms.katalon.core.windows.keyword.WindowsBuiltinKeywords.startApplicationWithTitle(WindowsBuiltinKeywords.java:1064)
	at New Test Case.run(New Test Case:20)
	at com.kms.katalon.core.main.ScriptEngine.run(ScriptEngine.java:194)
	at com.kms.katalon.core.main.ScriptEngine.runScriptAsRawText(ScriptEngine.java:119)
	at com.kms.katalon.core.main.TestCaseExecutor.runScript(TestCaseExecutor.java:448)
	at com.kms.katalon.core.main.TestCaseExecutor.doExecute(TestCaseExecutor.java:439)
	at com.kms.katalon.core.main.TestCaseExecutor.processExecutionPhase(TestCaseExecutor.java:418)
	at com.kms.katalon.core.main.TestCaseExecutor.accessMainPhase(TestCaseExecutor.java:410)
	at com.kms.katalon.core.main.TestCaseExecutor.execute(TestCaseExecutor.java:285)
	at com.kms.katalon.core.common.CommonExecutor.accessTestCaseMainPhase(CommonExecutor.java:65)
	at com.kms.katalon.core.main.TestSuiteExecutor.accessTestSuiteMainPhase(TestSuiteExecutor.java:150)
	at com.kms.katalon.core.main.TestSuiteExecutor.execute(TestSuiteExecutor.java:106)
	at com.kms.katalon.core.main.TestCaseMain.startTestSuite(TestCaseMain.java:180)
	at TempTestSuite1720019006769.run(TempTestSuite1720019006769.groovy:35)
	at java.base/jdk.internal.reflect.NativeMethodAccessorImpl.invoke0(Native Method)
	at java.base/jdk.internal.reflect.NativeMethodAccessorImpl.invoke(NativeMethodAccessorImpl.java:77)
	at java.base/jdk.internal.reflect.DelegatingMethodAccessorImpl.invoke(DelegatingMethodAccessorImpl.java:43)
Caused by: org.openqa.selenium.WebDriverException: Connection refused: no further information
Build info: version: '3.141.59', revision: 'e82be7d358', time: '2018-11-14T08:25:53'
System info: host: 'HUYBT2', ip: '192.168.1.13', os.name: 'Windows 11', os.arch: 'amd64', os.version: '10.0', java.version: '17.0.7'
Driver info: driver.version: WindowsDriver
	at io.appium.java_client.remote.AppiumCommandExecutor.lambda$5(AppiumCommandExecutor.java:251)
	at io.appium.java_client.remote.AppiumCommandExecutor.execute(AppiumCommandExecutor.java:250)
	at org.openqa.selenium.remote.RemoteWebDriver.execute(RemoteWebDriver.java:552)
	at io.appium.java_client.DefaultGenericMobileDriver.execute(DefaultGenericMobileDriver.java:42)
	at io.appium.java_client.AppiumDriver.execute(AppiumDriver.java:1)
	at io.appium.java_client.windows.WindowsDriver.execute(WindowsDriver.java:1)
	at org.openqa.selenium.remote.RemoteWebDriver.startSession(RemoteWebDriver.java:213)
	at org.openqa.selenium.remote.RemoteWebDriver.<init>(RemoteWebDriver.java:131)
	at io.appium.java_client.DefaultGenericMobileDriver.<init>(DefaultGenericMobileDriver.java:38)
	at io.appium.java_client.AppiumDriver.<init>(AppiumDriver.java:84)
	at io.appium.java_client.windows.WindowsDriver.<init>(WindowsDriver.java:38)
	at com.kms.katalon.core.windows.driver.WindowsDriverFactory.newWindowsDriver(WindowsDriverFactory.java:194)
	at com.kms.katalon.core.windows.driver.WindowsDriverFactory.startApplication(WindowsDriverFactory.java:112)
	at com.kms.katalon.core.windows.driver.WindowsDriverFactory.startApplication(WindowsDriverFactory.java:96)
	at com.kms.katalon.core.windows.driver.WindowsDriverFactory$startApplication.call(Unknown Source)
	at com.kms.katalon.core.windows.keyword.builtin.StartApplicationWithTitleKeyword$_startApplicationWithTitle_closure1.doCall(StartApplicationWithTitleKeyword.groovy:33)
	at com.kms.katalon.core.windows.keyword.builtin.StartApplicationWithTitleKeyword$_startApplicationWithTitle_closure1.doCall(StartApplicationWithTitleKeyword.groovy)
	at java.base/jdk.internal.reflect.NativeMethodAccessorImpl.invoke0(Native Method)
	at java.base/jdk.internal.reflect.NativeMethodAccessorImpl.invoke(NativeMethodAccessorImpl.java:77)
	at java.base/jdk.internal.reflect.DelegatingMethodAccessorImpl.invoke(DelegatingMethodAccessorImpl.java:43)
	at com.kms.katalon.core.keyword.internal.KeywordMain.runKeyword(KeywordMain.groovy:90)
	... 21 more
Caused by: java.net.ConnectException: Connection refused: no further information
	at okhttp3.internal.platform.Platform.connectSocket(Platform.java:129)
	at okhttp3.internal.connection.RealConnection.connectSocket(RealConnection.java:245)
	at okhttp3.internal.connection.RealConnection.connect(RealConnection.java:165)
	at okhttp3.internal.connection.StreamAllocation.findConnection(StreamAllocation.java:257)
	at okhttp3.internal.connection.StreamAllocation.findHealthyConnection(StreamAllocation.java:135)
	at okhttp3.internal.connection.StreamAllocation.newStream(StreamAllocation.java:114)
	at okhttp3.internal.connection.ConnectInterceptor.intercept(ConnectInterceptor.java:42)
	at okhttp3.internal.http.RealInterceptorChain.proceed(RealInterceptorChain.java:147)
	at okhttp3.internal.http.RealInterceptorChain.proceed(RealInterceptorChain.java:121)
	at okhttp3.internal.cache.CacheInterceptor.intercept(CacheInterceptor.java:93)
	at okhttp3.internal.http.RealInterceptorChain.proceed(RealInterceptorChain.java:147)
	at okhttp3.internal.http.RealInterceptorChain.proceed(RealInterceptorChain.java:121)
	at okhttp3.internal.http.BridgeInterceptor.intercept(BridgeInterceptor.java:93)
	at okhttp3.internal.http.RealInterceptorChain.proceed(RealInterceptorChain.java:147)
	at okhttp3.internal.http.RetryAndFollowUpInterceptor.intercept(RetryAndFollowUpInterceptor.java:126)
	at okhttp3.internal.http.RealInterceptorChain.proceed(RealInterceptorChain.java:147)
	at okhttp3.internal.http.RealInterceptorChain.proceed(RealInterceptorChain.java:121)
	at okhttp3.RealCall.getResponseWithInterceptorChain(RealCall.java:200)
	at okhttp3.RealCall.execute(RealCall.java:77)
	at org.openqa.selenium.remote.internal.OkHttpClient.execute(OkHttpClient.java:103)
	at org.openqa.selenium.remote.ProtocolHandshake.createSession(ProtocolHandshake.java:105)
	at java.base/jdk.internal.reflect.NativeMethodAccessorImpl.invoke0(Native Method)
	at java.base/jdk.internal.reflect.NativeMethodAccessorImpl.invoke(NativeMethodAccessorImpl.java:77)
	at java.base/jdk.internal.reflect.DelegatingMethodAccessorImpl.invoke(DelegatingMethodAccessorImpl.java:43)
	at io.appium.java_client.remote.AppiumCommandExecutor$1.createSession(AppiumCommandExecutor.java:186)
	at io.appium.java_client.remote.AppiumCommandExecutor.createSession(AppiumCommandExecutor.java:217)
	at io.appium.java_client.remote.AppiumCommandExecutor.execute(AppiumCommandExecutor.java:239)
	... 40 more]]></system-err>
      </testcase>
      <testcase name="Test Cases/ab/New Test Case (1)" time="6.074" classname="Test Cases/ab/New Test Case (1)" status="PASSED">
         <system-out><![CDATA[03-07-2024T22:04:27 - [TEST_CASE][PASSED] - Test Cases/ab/New Test Case (1): Test Cases/ab/New Test Case (1)

03-07-2024T22:04:27 - [TEST_STEP][PASSED] - openBrowser(""): Browser is opened with url: ''

03-07-2024T22:04:27 - [MESSAGE][INFO] - Starting 'Chrome' driver

03-07-2024T22:04:27 - [MESSAGE][INFO] - Action delay is set to 0 milliseconds

03-07-2024T22:04:29 - [MESSAGE][PASSED] - Browser is opened with url: ''

03-07-2024T22:04:29 - [TEST_STEP][PASSED] - closeBrowser(): Browser is closed

03-07-2024T22:04:33 - [MESSAGE][PASSED] - Browser is closed]]></system-out>
         <system-err><![CDATA[]]></system-err>
      </testcase>
      <testcase name="Test Cases/ab/New Test Case (10)" time="4.891" classname="Test Cases/ab/New Test Case (10)" status="PASSED">
         <system-out><![CDATA[03-07-2024T22:04:33 - [TEST_CASE][PASSED] - Test Cases/ab/New Test Case (10): Test Cases/ab/New Test Case (10)

03-07-2024T22:04:33 - [TEST_STEP][PASSED] - openBrowser(""): Browser is opened with url: ''

03-07-2024T22:04:33 - [MESSAGE][INFO] - Starting 'Chrome' driver

03-07-2024T22:04:33 - [MESSAGE][INFO] - Action delay is set to 0 milliseconds

03-07-2024T22:04:36 - [MESSAGE][PASSED] - Browser is opened with url: ''

03-07-2024T22:04:36 - [TEST_STEP][PASSED] - closeBrowser(): Browser is closed

03-07-2024T22:04:38 - [MESSAGE][PASSED] - Browser is closed]]></system-out>
         <system-err><![CDATA[]]></system-err>
      </testcase>
      <testcase name="Test Cases/ab/New Test Case (11)" time="4.515" classname="Test Cases/ab/New Test Case (11)" status="PASSED">
         <system-out><![CDATA[03-07-2024T22:04:38 - [TEST_CASE][PASSED] - Test Cases/ab/New Test Case (11): Test Cases/ab/New Test Case (11)

03-07-2024T22:04:38 - [TEST_STEP][PASSED] - openBrowser(""): Browser is opened with url: ''

03-07-2024T22:04:38 - [MESSAGE][INFO] - Starting 'Chrome' driver

03-07-2024T22:04:38 - [MESSAGE][INFO] - Action delay is set to 0 milliseconds

03-07-2024T22:04:41 - [MESSAGE][PASSED] - Browser is opened with url: ''

03-07-2024T22:04:41 - [TEST_STEP][PASSED] - closeBrowser(): Browser is closed

03-07-2024T22:04:42 - [MESSAGE][PASSED] - Browser is closed]]></system-out>
         <system-err><![CDATA[]]></system-err>
      </testcase>
      <testcase name="Test Cases/ab/New Test Case (12)" time="4.096" classname="Test Cases/ab/New Test Case (12)" status="PASSED">
         <system-out><![CDATA[03-07-2024T22:04:42 - [TEST_CASE][PASSED] - Test Cases/ab/New Test Case (12): Test Cases/ab/New Test Case (12)

03-07-2024T22:04:42 - [TEST_STEP][PASSED] - openBrowser(""): Browser is opened with url: ''

03-07-2024T22:04:42 - [MESSAGE][INFO] - Starting 'Chrome' driver

03-07-2024T22:04:42 - [MESSAGE][INFO] - Action delay is set to 0 milliseconds

03-07-2024T22:04:46 - [MESSAGE][PASSED] - Browser is opened with url: ''

03-07-2024T22:04:46 - [TEST_STEP][PASSED] - closeBrowser(): Browser is closed

03-07-2024T22:04:46 - [MESSAGE][PASSED] - Browser is closed]]></system-out>
         <system-err><![CDATA[]]></system-err>
      </testcase>
      <testcase name="Test Cases/ab/New Test Case (13)" time="5.379" classname="Test Cases/ab/New Test Case (13)" status="PASSED">
         <system-out><![CDATA[03-07-2024T22:04:46 - [TEST_CASE][PASSED] - Test Cases/ab/New Test Case (13): Test Cases/ab/New Test Case (13)

03-07-2024T22:04:46 - [TEST_STEP][PASSED] - openBrowser(""): Browser is opened with url: ''

03-07-2024T22:04:46 - [MESSAGE][INFO] - Starting 'Chrome' driver

03-07-2024T22:04:46 - [MESSAGE][INFO] - Action delay is set to 0 milliseconds

03-07-2024T22:04:49 - [MESSAGE][PASSED] - Browser is opened with url: ''

03-07-2024T22:04:49 - [TEST_STEP][PASSED] - closeBrowser(): Browser is closed

03-07-2024T22:04:52 - [MESSAGE][PASSED] - Browser is closed]]></system-out>
         <system-err><![CDATA[]]></system-err>
      </testcase>
      <testcase name="Test Cases/ab/New Test Case (14)" time="6.741" classname="Test Cases/ab/New Test Case (14)" status="PASSED">
         <system-out><![CDATA[03-07-2024T22:04:52 - [TEST_CASE][PASSED] - Test Cases/ab/New Test Case (14): Test Cases/ab/New Test Case (14)

03-07-2024T22:04:52 - [TEST_STEP][PASSED] - openBrowser(""): Browser is opened with url: ''

03-07-2024T22:04:52 - [MESSAGE][INFO] - Starting 'Chrome' driver

03-07-2024T22:04:52 - [MESSAGE][INFO] - Action delay is set to 0 milliseconds

03-07-2024T22:04:54 - [MESSAGE][PASSED] - Browser is opened with url: ''

03-07-2024T22:04:54 - [TEST_STEP][PASSED] - closeBrowser(): Browser is closed

03-07-2024T22:04:58 - [MESSAGE][PASSED] - Browser is closed]]></system-out>
         <system-err><![CDATA[]]></system-err>
      </testcase>
      <testcase name="Test Cases/ab/New Test Case (15)" time="3.407" classname="Test Cases/ab/New Test Case (15)" status="PASSED">
         <system-out><![CDATA[03-07-2024T22:04:58 - [TEST_CASE][PASSED] - Test Cases/ab/New Test Case (15): Test Cases/ab/New Test Case (15)

03-07-2024T22:04:58 - [TEST_STEP][PASSED] - openBrowser(""): Browser is opened with url: ''

03-07-2024T22:04:58 - [MESSAGE][INFO] - Starting 'Chrome' driver

03-07-2024T22:04:58 - [MESSAGE][INFO] - Action delay is set to 0 milliseconds

03-07-2024T22:05:01 - [MESSAGE][PASSED] - Browser is opened with url: ''

03-07-2024T22:05:01 - [TEST_STEP][PASSED] - closeBrowser(): Browser is closed

03-07-2024T22:05:02 - [MESSAGE][PASSED] - Browser is closed]]></system-out>
         <system-err><![CDATA[]]></system-err>
      </testcase>
      <testcase name="Test Cases/ab/New Test Case (16)" time="5.153" classname="Test Cases/ab/New Test Case (16)" status="PASSED">
         <system-out><![CDATA[03-07-2024T22:05:02 - [TEST_CASE][PASSED] - Test Cases/ab/New Test Case (16): Test Cases/ab/New Test Case (16)

03-07-2024T22:05:02 - [TEST_STEP][PASSED] - openBrowser(""): Browser is opened with url: ''

03-07-2024T22:05:02 - [MESSAGE][INFO] - Starting 'Chrome' driver

03-07-2024T22:05:02 - [MESSAGE][INFO] - Action delay is set to 0 milliseconds

03-07-2024T22:05:04 - [MESSAGE][PASSED] - Browser is opened with url: ''

03-07-2024T22:05:04 - [TEST_STEP][PASSED] - closeBrowser(): Browser is closed

03-07-2024T22:05:07 - [MESSAGE][PASSED] - Browser is closed]]></system-out>
         <system-err><![CDATA[]]></system-err>
      </testcase>
      <testcase name="Test Cases/ab/New Test Case (17)" time="4.906" classname="Test Cases/ab/New Test Case (17)" status="PASSED">
         <system-out><![CDATA[03-07-2024T22:05:07 - [TEST_CASE][PASSED] - Test Cases/ab/New Test Case (17): Test Cases/ab/New Test Case (17)

03-07-2024T22:05:07 - [TEST_STEP][PASSED] - openBrowser(""): Browser is opened with url: ''

03-07-2024T22:05:07 - [MESSAGE][INFO] - Starting 'Chrome' driver

03-07-2024T22:05:07 - [MESSAGE][INFO] - Action delay is set to 0 milliseconds

03-07-2024T22:05:09 - [MESSAGE][PASSED] - Browser is opened with url: ''

03-07-2024T22:05:09 - [TEST_STEP][PASSED] - closeBrowser(): Browser is closed

03-07-2024T22:05:12 - [MESSAGE][PASSED] - Browser is closed]]></system-out>
         <system-err><![CDATA[]]></system-err>
      </testcase>
      <testcase name="Test Cases/ab/New Test Case (18)" time="4.65" classname="Test Cases/ab/New Test Case (18)" status="PASSED">
         <system-out><![CDATA[03-07-2024T22:05:12 - [TEST_CASE][PASSED] - Test Cases/ab/New Test Case (18): Test Cases/ab/New Test Case (18)

03-07-2024T22:05:12 - [TEST_STEP][PASSED] - openBrowser(""): Browser is opened with url: ''

03-07-2024T22:05:12 - [MESSAGE][INFO] - Starting 'Chrome' driver

03-07-2024T22:05:12 - [MESSAGE][INFO] - Action delay is set to 0 milliseconds

03-07-2024T22:05:15 - [MESSAGE][PASSED] - Browser is opened with url: ''

03-07-2024T22:05:15 - [TEST_STEP][PASSED] - closeBrowser(): Browser is closed

03-07-2024T22:05:17 - [MESSAGE][PASSED] - Browser is closed]]></system-out>
         <system-err><![CDATA[]]></system-err>
      </testcase>
      <testcase name="Test Cases/ab/New Test Case (19)" time="4.118" classname="Test Cases/ab/New Test Case (19)" status="PASSED">
         <system-out><![CDATA[03-07-2024T22:05:17 - [TEST_CASE][PASSED] - Test Cases/ab/New Test Case (19): Test Cases/ab/New Test Case (19)

03-07-2024T22:05:17 - [TEST_STEP][PASSED] - openBrowser(""): Browser is opened with url: ''

03-07-2024T22:05:17 - [MESSAGE][INFO] - Starting 'Chrome' driver

03-07-2024T22:05:17 - [MESSAGE][INFO] - Action delay is set to 0 milliseconds

03-07-2024T22:05:18 - [MESSAGE][PASSED] - Browser is opened with url: ''

03-07-2024T22:05:18 - [TEST_STEP][PASSED] - closeBrowser(): Browser is closed

03-07-2024T22:05:21 - [MESSAGE][PASSED] - Browser is closed]]></system-out>
         <system-err><![CDATA[]]></system-err>
      </testcase>
      <testcase name="Test Cases/ab/New Test Case (2)" time="4.165" classname="Test Cases/ab/New Test Case (2)" status="PASSED">
         <system-out><![CDATA[03-07-2024T22:05:21 - [TEST_CASE][PASSED] - Test Cases/ab/New Test Case (2): Test Cases/ab/New Test Case (2)

03-07-2024T22:05:21 - [TEST_STEP][PASSED] - openBrowser(""): Browser is opened with url: ''

03-07-2024T22:05:21 - [MESSAGE][INFO] - Starting 'Chrome' driver

03-07-2024T22:05:21 - [MESSAGE][INFO] - Action delay is set to 0 milliseconds

03-07-2024T22:05:24 - [MESSAGE][PASSED] - Browser is opened with url: ''

03-07-2024T22:05:24 - [TEST_STEP][PASSED] - closeBrowser(): Browser is closed

03-07-2024T22:05:25 - [MESSAGE][PASSED] - Browser is closed]]></system-out>
         <system-err><![CDATA[]]></system-err>
      </testcase>
      <testcase name="Test Cases/ab/New Test Case (20)" time="4.763" classname="Test Cases/ab/New Test Case (20)" status="PASSED">
         <system-out><![CDATA[03-07-2024T22:05:25 - [TEST_CASE][PASSED] - Test Cases/ab/New Test Case (20): Test Cases/ab/New Test Case (20)

03-07-2024T22:05:25 - [TEST_STEP][PASSED] - openBrowser(""): Browser is opened with url: ''

03-07-2024T22:05:25 - [MESSAGE][INFO] - Starting 'Chrome' driver

03-07-2024T22:05:25 - [MESSAGE][INFO] - Action delay is set to 0 milliseconds

03-07-2024T22:05:27 - [MESSAGE][PASSED] - Browser is opened with url: ''

03-07-2024T22:05:27 - [TEST_STEP][PASSED] - closeBrowser(): Browser is closed

03-07-2024T22:05:30 - [MESSAGE][PASSED] - Browser is closed]]></system-out>
         <system-err><![CDATA[]]></system-err>
      </testcase>
      <testcase name="Test Cases/ab/New Test Case (21)" time="5.183" classname="Test Cases/ab/New Test Case (21)" status="PASSED">
         <system-out><![CDATA[03-07-2024T22:05:30 - [TEST_CASE][PASSED] - Test Cases/ab/New Test Case (21): Test Cases/ab/New Test Case (21)

03-07-2024T22:05:30 - [TEST_STEP][PASSED] - openBrowser(""): Browser is opened with url: ''

03-07-2024T22:05:30 - [MESSAGE][INFO] - Starting 'Chrome' driver

03-07-2024T22:05:30 - [MESSAGE][INFO] - Action delay is set to 0 milliseconds

03-07-2024T22:05:34 - [MESSAGE][PASSED] - Browser is opened with url: ''

03-07-2024T22:05:34 - [TEST_STEP][PASSED] - closeBrowser(): Browser is closed

03-07-2024T22:05:35 - [MESSAGE][PASSED] - Browser is closed]]></system-out>
         <system-err><![CDATA[]]></system-err>
      </testcase>
      <testcase name="Test Cases/ab/New Test Case (22)" time="4.972" classname="Test Cases/ab/New Test Case (22)" status="PASSED">
         <system-out><![CDATA[03-07-2024T22:05:35 - [TEST_CASE][PASSED] - Test Cases/ab/New Test Case (22): Test Cases/ab/New Test Case (22)

03-07-2024T22:05:35 - [TEST_STEP][PASSED] - openBrowser(""): Browser is opened with url: ''

03-07-2024T22:05:35 - [MESSAGE][INFO] - Starting 'Chrome' driver

03-07-2024T22:05:35 - [MESSAGE][INFO] - Action delay is set to 0 milliseconds

03-07-2024T22:05:37 - [MESSAGE][PASSED] - Browser is opened with url: ''

03-07-2024T22:05:37 - [TEST_STEP][PASSED] - closeBrowser(): Browser is closed

03-07-2024T22:05:40 - [MESSAGE][PASSED] - Browser is closed]]></system-out>
         <system-err><![CDATA[]]></system-err>
      </testcase>
      <testcase name="Test Cases/ab/New Test Case (23)" time="7.535" classname="Test Cases/ab/New Test Case (23)" status="PASSED">
         <system-out><![CDATA[03-07-2024T22:05:40 - [TEST_CASE][PASSED] - Test Cases/ab/New Test Case (23): Test Cases/ab/New Test Case (23)

03-07-2024T22:05:40 - [TEST_STEP][PASSED] - openBrowser(""): Browser is opened with url: ''

03-07-2024T22:05:40 - [MESSAGE][INFO] - Starting 'Chrome' driver

03-07-2024T22:05:40 - [MESSAGE][INFO] - Action delay is set to 0 milliseconds

03-07-2024T22:05:43 - [MESSAGE][PASSED] - Browser is opened with url: ''

03-07-2024T22:05:43 - [TEST_STEP][PASSED] - closeBrowser(): Browser is closed

03-07-2024T22:05:47 - [MESSAGE][PASSED] - Browser is closed]]></system-out>
         <system-err><![CDATA[]]></system-err>
      </testcase>
      <testcase name="Test Cases/ab/New Test Case (24)" time="4.668" classname="Test Cases/ab/New Test Case (24)" status="PASSED">
         <system-out><![CDATA[03-07-2024T22:05:47 - [TEST_CASE][PASSED] - Test Cases/ab/New Test Case (24): Test Cases/ab/New Test Case (24)

03-07-2024T22:05:47 - [TEST_STEP][PASSED] - openBrowser(""): Browser is opened with url: ''

03-07-2024T22:05:47 - [MESSAGE][INFO] - Starting 'Chrome' driver

03-07-2024T22:05:47 - [MESSAGE][INFO] - Action delay is set to 0 milliseconds

03-07-2024T22:05:49 - [MESSAGE][PASSED] - Browser is opened with url: ''

03-07-2024T22:05:49 - [TEST_STEP][PASSED] - closeBrowser(): Browser is closed

03-07-2024T22:05:52 - [MESSAGE][PASSED] - Browser is closed]]></system-out>
         <system-err><![CDATA[]]></system-err>
      </testcase>
      <testcase name="Test Cases/ab/New Test Case (25)" time="5.559" classname="Test Cases/ab/New Test Case (25)" status="PASSED">
         <system-out><![CDATA[03-07-2024T22:05:52 - [TEST_CASE][PASSED] - Test Cases/ab/New Test Case (25): Test Cases/ab/New Test Case (25)

03-07-2024T22:05:52 - [TEST_STEP][PASSED] - openBrowser(""): Browser is opened with url: ''

03-07-2024T22:05:52 - [MESSAGE][INFO] - Starting 'Chrome' driver

03-07-2024T22:05:52 - [MESSAGE][INFO] - Action delay is set to 0 milliseconds

03-07-2024T22:05:55 - [MESSAGE][PASSED] - Browser is opened with url: ''

03-07-2024T22:05:55 - [TEST_STEP][PASSED] - closeBrowser(): Browser is closed

03-07-2024T22:05:58 - [MESSAGE][PASSED] - Browser is closed]]></system-out>
         <system-err><![CDATA[]]></system-err>
      </testcase>
      <testcase name="Test Cases/ab/New Test Case (26)" time="4.178" classname="Test Cases/ab/New Test Case (26)" status="PASSED">
         <system-out><![CDATA[03-07-2024T22:05:58 - [TEST_CASE][PASSED] - Test Cases/ab/New Test Case (26): Test Cases/ab/New Test Case (26)

03-07-2024T22:05:58 - [TEST_STEP][PASSED] - openBrowser(""): Browser is opened with url: ''

03-07-2024T22:05:58 - [MESSAGE][INFO] - Starting 'Chrome' driver

03-07-2024T22:05:58 - [MESSAGE][INFO] - Action delay is set to 0 milliseconds

03-07-2024T22:06:01 - [MESSAGE][PASSED] - Browser is opened with url: ''

03-07-2024T22:06:01 - [TEST_STEP][PASSED] - closeBrowser(): Browser is closed

03-07-2024T22:06:02 - [MESSAGE][PASSED] - Browser is closed]]></system-out>
         <system-err><![CDATA[]]></system-err>
      </testcase>
      <testcase name="Test Cases/ab/New Test Case (27)" time="6.185" classname="Test Cases/ab/New Test Case (27)" status="PASSED">
         <system-out><![CDATA[03-07-2024T22:06:02 - [TEST_CASE][PASSED] - Test Cases/ab/New Test Case (27): Test Cases/ab/New Test Case (27)

03-07-2024T22:06:02 - [TEST_STEP][PASSED] - openBrowser(""): Browser is opened with url: ''

03-07-2024T22:06:02 - [MESSAGE][INFO] - Starting 'Chrome' driver

03-07-2024T22:06:02 - [MESSAGE][INFO] - Action delay is set to 0 milliseconds

03-07-2024T22:06:06 - [MESSAGE][PASSED] - Browser is opened with url: ''

03-07-2024T22:06:06 - [TEST_STEP][PASSED] - closeBrowser(): Browser is closed

03-07-2024T22:06:08 - [MESSAGE][PASSED] - Browser is closed]]></system-out>
         <system-err><![CDATA[]]></system-err>
      </testcase>
      <testcase name="Test Cases/ab/New Test Case (28)" time="0.14" classname="Test Cases/ab/New Test Case (28)" status="PASSED">
         <system-out><![CDATA[03-07-2024T22:06:08 - [TEST_CASE][PASSED] - Test Cases/ab/New Test Case (28): Test Cases/ab/New Test Case (28)

03-07-2024T22:06:08 - [TEST_STEP][PASSED] - return null: null]]></system-out>
         <system-err><![CDATA[]]></system-err>
      </testcase>
      <testcase name="Test Cases/ab/New Test Case (29)" time="4.381" classname="Test Cases/ab/New Test Case (29)" status="PASSED">
         <system-out><![CDATA[03-07-2024T22:06:08 - [TEST_CASE][PASSED] - Test Cases/ab/New Test Case (29): Test Cases/ab/New Test Case (29)

03-07-2024T22:06:08 - [TEST_STEP][PASSED] - openBrowser(""): Browser is opened with url: ''

03-07-2024T22:06:08 - [MESSAGE][INFO] - Starting 'Chrome' driver

03-07-2024T22:06:08 - [MESSAGE][INFO] - Action delay is set to 0 milliseconds

03-07-2024T22:06:12 - [MESSAGE][PASSED] - Browser is opened with url: ''

03-07-2024T22:06:12 - [TEST_STEP][PASSED] - closeBrowser(): Browser is closed

03-07-2024T22:06:13 - [MESSAGE][PASSED] - Browser is closed]]></system-out>
         <system-err><![CDATA[]]></system-err>
      </testcase>
      <testcase name="Test Cases/ab/New Test Case (3)" time="7.244" classname="Test Cases/ab/New Test Case (3)" status="PASSED">
         <system-out><![CDATA[03-07-2024T22:06:13 - [TEST_CASE][PASSED] - Test Cases/ab/New Test Case (3): Test Cases/ab/New Test Case (3)

03-07-2024T22:06:13 - [TEST_STEP][PASSED] - openBrowser(""): Browser is opened with url: ''

03-07-2024T22:06:13 - [MESSAGE][INFO] - Starting 'Chrome' driver

03-07-2024T22:06:13 - [MESSAGE][INFO] - Action delay is set to 0 milliseconds

03-07-2024T22:06:14 - [MESSAGE][PASSED] - Browser is opened with url: ''

03-07-2024T22:06:14 - [TEST_STEP][PASSED] - closeBrowser(): Browser is closed

03-07-2024T22:06:20 - [MESSAGE][PASSED] - Browser is closed]]></system-out>
         <system-err><![CDATA[]]></system-err>
      </testcase>
      <testcase name="Test Cases/ab/New Test Case (30)" time="2.279" classname="Test Cases/ab/New Test Case (30)" status="PASSED">
         <system-out><![CDATA[03-07-2024T22:06:20 - [TEST_CASE][PASSED] - Test Cases/ab/New Test Case (30): Test Cases/ab/New Test Case (30)

03-07-2024T22:06:20 - [TEST_STEP][PASSED] - openBrowser(""): Browser is opened with url: ''

03-07-2024T22:06:20 - [MESSAGE][INFO] - Starting 'Chrome' driver

03-07-2024T22:06:20 - [MESSAGE][INFO] - Action delay is set to 0 milliseconds

03-07-2024T22:06:21 - [MESSAGE][PASSED] - Browser is opened with url: ''

03-07-2024T22:06:21 - [TEST_STEP][PASSED] - closeBrowser(): Browser is closed

03-07-2024T22:06:22 - [MESSAGE][PASSED] - Browser is closed]]></system-out>
         <system-err><![CDATA[]]></system-err>
      </testcase>
      <testcase name="Test Cases/ab/New Test Case (31)" time="4.471" classname="Test Cases/ab/New Test Case (31)" status="PASSED">
         <system-out><![CDATA[03-07-2024T22:06:22 - [TEST_CASE][PASSED] - Test Cases/ab/New Test Case (31): Test Cases/ab/New Test Case (31)

03-07-2024T22:06:22 - [TEST_STEP][PASSED] - openBrowser(""): Browser is opened with url: ''

03-07-2024T22:06:22 - [MESSAGE][INFO] - Starting 'Chrome' driver

03-07-2024T22:06:22 - [MESSAGE][INFO] - Action delay is set to 0 milliseconds

03-07-2024T22:06:26 - [MESSAGE][PASSED] - Browser is opened with url: ''

03-07-2024T22:06:26 - [TEST_STEP][PASSED] - closeBrowser(): Browser is closed

03-07-2024T22:06:27 - [MESSAGE][PASSED] - Browser is closed]]></system-out>
         <system-err><![CDATA[]]></system-err>
      </testcase>
      <testcase name="Test Cases/ab/New Test Case (32)" time="3.209" classname="Test Cases/ab/New Test Case (32)" status="PASSED">
         <system-out><![CDATA[03-07-2024T22:06:27 - [TEST_CASE][PASSED] - Test Cases/ab/New Test Case (32): Test Cases/ab/New Test Case (32)

03-07-2024T22:06:27 - [TEST_STEP][PASSED] - openBrowser(""): Browser is opened with url: ''

03-07-2024T22:06:27 - [MESSAGE][INFO] - Starting 'Chrome' driver

03-07-2024T22:06:27 - [MESSAGE][INFO] - Action delay is set to 0 milliseconds

03-07-2024T22:06:29 - [MESSAGE][PASSED] - Browser is opened with url: ''

03-07-2024T22:06:29 - [TEST_STEP][PASSED] - closeBrowser(): Browser is closed

03-07-2024T22:06:30 - [MESSAGE][PASSED] - Browser is closed]]></system-out>
         <system-err><![CDATA[]]></system-err>
      </testcase>
      <testcase name="Test Cases/ab/New Test Case (33)" time="2.925" classname="Test Cases/ab/New Test Case (33)" status="PASSED">
         <system-out><![CDATA[03-07-2024T22:06:30 - [TEST_CASE][PASSED] - Test Cases/ab/New Test Case (33): Test Cases/ab/New Test Case (33)

03-07-2024T22:06:30 - [TEST_STEP][PASSED] - openBrowser(""): Browser is opened with url: ''

03-07-2024T22:06:30 - [MESSAGE][INFO] - Starting 'Chrome' driver

03-07-2024T22:06:30 - [MESSAGE][INFO] - Action delay is set to 0 milliseconds

03-07-2024T22:06:32 - [MESSAGE][PASSED] - Browser is opened with url: ''

03-07-2024T22:06:32 - [TEST_STEP][PASSED] - closeBrowser(): Browser is closed

03-07-2024T22:06:33 - [MESSAGE][PASSED] - Browser is closed]]></system-out>
         <system-err><![CDATA[]]></system-err>
      </testcase>
      <testcase name="Test Cases/ab/New Test Case (34)" time="7.421" classname="Test Cases/ab/New Test Case (34)" status="PASSED">
         <system-out><![CDATA[03-07-2024T22:06:33 - [TEST_CASE][PASSED] - Test Cases/ab/New Test Case (34): Test Cases/ab/New Test Case (34)

03-07-2024T22:06:33 - [TEST_STEP][PASSED] - openBrowser(""): Browser is opened with url: ''

03-07-2024T22:06:33 - [MESSAGE][INFO] - Starting 'Chrome' driver

03-07-2024T22:06:33 - [MESSAGE][INFO] - Action delay is set to 0 milliseconds

03-07-2024T22:06:36 - [MESSAGE][PASSED] - Browser is opened with url: ''

03-07-2024T22:06:36 - [TEST_STEP][PASSED] - closeBrowser(): Browser is closed

03-07-2024T22:06:40 - [MESSAGE][PASSED] - Browser is closed]]></system-out>
         <system-err><![CDATA[]]></system-err>
      </testcase>
      <testcase name="Test Cases/ab/New Test Case (4)" time="6.515" classname="Test Cases/ab/New Test Case (4)" status="PASSED">
         <system-out><![CDATA[03-07-2024T22:06:40 - [TEST_CASE][PASSED] - Test Cases/ab/New Test Case (4): Test Cases/ab/New Test Case (4)

03-07-2024T22:06:40 - [TEST_STEP][PASSED] - openBrowser(""): Browser is opened with url: ''

03-07-2024T22:06:40 - [MESSAGE][INFO] - Starting 'Chrome' driver

03-07-2024T22:06:40 - [MESSAGE][INFO] - Action delay is set to 0 milliseconds

03-07-2024T22:06:43 - [MESSAGE][PASSED] - Browser is opened with url: ''

03-07-2024T22:06:43 - [TEST_STEP][PASSED] - closeBrowser(): Browser is closed

03-07-2024T22:06:47 - [MESSAGE][PASSED] - Browser is closed]]></system-out>
         <system-err><![CDATA[]]></system-err>
      </testcase>
      <testcase name="Test Cases/ab/New Test Case (5)" time="7.048" classname="Test Cases/ab/New Test Case (5)" status="PASSED">
         <system-out><![CDATA[03-07-2024T22:06:47 - [TEST_CASE][PASSED] - Test Cases/ab/New Test Case (5): Test Cases/ab/New Test Case (5)

03-07-2024T22:06:47 - [TEST_STEP][PASSED] - openBrowser(""): Browser is opened with url: ''

03-07-2024T22:06:47 - [MESSAGE][INFO] - Starting 'Chrome' driver

03-07-2024T22:06:47 - [MESSAGE][INFO] - Action delay is set to 0 milliseconds

03-07-2024T22:06:49 - [MESSAGE][PASSED] - Browser is opened with url: ''

03-07-2024T22:06:49 - [TEST_STEP][PASSED] - closeBrowser(): Browser is closed

03-07-2024T22:06:54 - [MESSAGE][PASSED] - Browser is closed]]></system-out>
         <system-err><![CDATA[]]></system-err>
      </testcase>
      <testcase name="Test Cases/ab/New Test Case (6)" time="3.89" classname="Test Cases/ab/New Test Case (6)" status="PASSED">
         <system-out><![CDATA[03-07-2024T22:06:54 - [TEST_CASE][PASSED] - Test Cases/ab/New Test Case (6): Test Cases/ab/New Test Case (6)

03-07-2024T22:06:54 - [TEST_STEP][PASSED] - openBrowser(""): Browser is opened with url: ''

03-07-2024T22:06:54 - [MESSAGE][INFO] - Starting 'Chrome' driver

03-07-2024T22:06:54 - [MESSAGE][INFO] - Action delay is set to 0 milliseconds

03-07-2024T22:06:56 - [MESSAGE][PASSED] - Browser is opened with url: ''

03-07-2024T22:06:56 - [TEST_STEP][PASSED] - closeBrowser(): Browser is closed

03-07-2024T22:06:58 - [MESSAGE][PASSED] - Browser is closed]]></system-out>
         <system-err><![CDATA[]]></system-err>
      </testcase>
      <testcase name="Test Cases/ab/New Test Case (7)" time="4.839" classname="Test Cases/ab/New Test Case (7)" status="PASSED">
         <system-out><![CDATA[03-07-2024T22:06:58 - [TEST_CASE][PASSED] - Test Cases/ab/New Test Case (7): Test Cases/ab/New Test Case (7)

03-07-2024T22:06:58 - [TEST_STEP][PASSED] - openBrowser(""): Browser is opened with url: ''

03-07-2024T22:06:58 - [MESSAGE][INFO] - Starting 'Chrome' driver

03-07-2024T22:06:58 - [MESSAGE][INFO] - Action delay is set to 0 milliseconds

03-07-2024T22:07:01 - [MESSAGE][PASSED] - Browser is opened with url: ''

03-07-2024T22:07:01 - [TEST_STEP][PASSED] - closeBrowser(): Browser is closed

03-07-2024T22:07:03 - [MESSAGE][PASSED] - Browser is closed]]></system-out>
         <system-err><![CDATA[]]></system-err>
      </testcase>
      <testcase name="Test Cases/ab/New Test Case (8)" time="4.207" classname="Test Cases/ab/New Test Case (8)" status="PASSED">
         <system-out><![CDATA[03-07-2024T22:07:03 - [TEST_CASE][PASSED] - Test Cases/ab/New Test Case (8): Test Cases/ab/New Test Case (8)

03-07-2024T22:07:03 - [TEST_STEP][PASSED] - openBrowser(""): Browser is opened with url: ''

03-07-2024T22:07:03 - [MESSAGE][INFO] - Starting 'Chrome' driver

03-07-2024T22:07:03 - [MESSAGE][INFO] - Action delay is set to 0 milliseconds

03-07-2024T22:07:05 - [MESSAGE][PASSED] - Browser is opened with url: ''

03-07-2024T22:07:05 - [TEST_STEP][PASSED] - closeBrowser(): Browser is closed

03-07-2024T22:07:07 - [MESSAGE][PASSED] - Browser is closed]]></system-out>
         <system-err><![CDATA[]]></system-err>
      </testcase>
      <testcase name="Test Cases/ab/New Test Case (9)" time="7.315" classname="Test Cases/ab/New Test Case (9)" status="PASSED">
         <system-out><![CDATA[03-07-2024T22:07:07 - [TEST_CASE][PASSED] - Test Cases/ab/New Test Case (9): Test Cases/ab/New Test Case (9)

03-07-2024T22:07:07 - [TEST_STEP][PASSED] - openBrowser(""): Browser is opened with url: ''

03-07-2024T22:07:07 - [MESSAGE][INFO] - Starting 'Chrome' driver

03-07-2024T22:07:07 - [MESSAGE][INFO] - Action delay is set to 0 milliseconds

03-07-2024T22:07:09 - [MESSAGE][PASSED] - Browser is opened with url: ''

03-07-2024T22:07:09 - [TEST_STEP][PASSED] - closeBrowser(): Browser is closed

03-07-2024T22:07:14 - [MESSAGE][PASSED] - Browser is closed]]></system-out>
         <system-err><![CDATA[]]></system-err>
      </testcase>
      <testcase name="Test Cases/ab/New Test Case" time="0.438" classname="Test Cases/ab/New Test Case" status="FAILED">
         <failure type="FAILED" message="Test Cases/ab/New Test Case FAILED.&#xa;Reason:&#xa;com.kms.katalon.core.exception.StepFailedException: Unable to navigate to authenticated page&#xa;	at com.kms.katalon.core.webui.keyword.internal.WebUIKeywordMain.stepFailed(WebUIKeywordMain.groovy:64)&#xa;	at com.kms.katalon.core.webui.keyword.internal.WebUIKeywordMain.runKeyword(WebUIKeywordMain.groovy:26)&#xa;	at com.kms.katalon.core.webui.keyword.builtin.AuthenticateKeyword.authenticate(AuthenticateKeyword.groovy:50)&#xa;	at com.kms.katalon.core.webui.keyword.builtin.AuthenticateKeyword.execute(AuthenticateKeyword.groovy:43)&#xa;	at com.kms.katalon.core.keyword.internal.KeywordExecutor.executeKeywordForPlatform(KeywordExecutor.groovy:74)&#xa;	at com.kms.katalon.core.webui.keyword.WebUiBuiltInKeywords.authenticate(WebUiBuiltInKeywords.groovy:2756)&#xa;	at New Test Case.run(New Test Case:20)&#xa;	at com.kms.katalon.core.main.ScriptEngine.run(ScriptEngine.java:194)&#xa;	at com.kms.katalon.core.main.ScriptEngine.runScriptAsRawText(ScriptEngine.java:119)&#xa;	at com.kms.katalon.core.main.TestCaseExecutor.runScript(TestCaseExecutor.java:448)&#xa;	at com.kms.katalon.core.main.TestCaseExecutor.doExecute(TestCaseExecutor.java:439)&#xa;	at com.kms.katalon.core.main.TestCaseExecutor.processExecutionPhase(TestCaseExecutor.java:418)&#xa;	at com.kms.katalon.core.main.TestCaseExecutor.accessMainPhase(TestCaseExecutor.java:410)&#xa;	at com.kms.katalon.core.main.TestCaseExecutor.execute(TestCaseExecutor.java:285)&#xa;	at com.kms.katalon.core.common.CommonExecutor.accessTestCaseMainPhase(CommonExecutor.java:65)&#xa;	at com.kms.katalon.core.main.TestSuiteExecutor.accessTestSuiteMainPhase(TestSuiteExecutor.java:150)&#xa;	at com.kms.katalon.core.main.TestSuiteExecutor.execute(TestSuiteExecutor.java:106)&#xa;	at com.kms.katalon.core.main.TestCaseMain.startTestSuite(TestCaseMain.java:180)&#xa;	at TempTestSuite1720019006769.run(TempTestSuite1720019006769.groovy:35)&#xa;	at java.base/jdk.internal.reflect.NativeMethodAccessorImpl.invoke0(Native Method)&#xa;	at java.base/jdk.internal.reflect.NativeMethodAccessorImpl.invoke(NativeMethodAccessorImpl.java:77)&#xa;	at java.base/jdk.internal.reflect.DelegatingMethodAccessorImpl.invoke(DelegatingMethodAccessorImpl.java:43)&#xa;Caused by: java.net.URISyntaxException: Expected authority at index 8: https://&#xa;	at com.kms.katalon.core.util.internal.PathUtil.getUrl(PathUtil.java:117)&#xa;	at com.kms.katalon.core.webui.keyword.builtin.AuthenticateKeyword$_authenticate_closure1.doCall(AuthenticateKeyword.groovy:72)&#xa;	at com.kms.katalon.core.webui.keyword.builtin.AuthenticateKeyword$_authenticate_closure1.call(AuthenticateKeyword.groovy)&#xa;	at com.kms.katalon.core.webui.keyword.internal.WebUIKeywordMain.runKeyword(WebUIKeywordMain.groovy:20)&#xa;	... 20 more&#xa;"/>
         <system-out><![CDATA[03-07-2024T22:07:14 - [TEST_CASE][FAILED] - Test Cases/ab/New Test Case: Test Cases/ab/New Test Case FAILED.
Reason:
com.kms.katalon.core.exception.StepFailedException: Unable to navigate to authenticated page
	at com.kms.katalon.core.webui.keyword.internal.WebUIKeywordMain.stepFailed(WebUIKeywordMain.groovy:64)
	at com.kms.katalon.core.webui.keyword.internal.WebUIKeywordMain.runKeyword(WebUIKeywordMain.groovy:26)
	at com.kms.katalon.core.webui.keyword.builtin.AuthenticateKeyword.authenticate(AuthenticateKeyword.groovy:50)
	at com.kms.katalon.core.webui.keyword.builtin.AuthenticateKeyword.execute(AuthenticateKeyword.groovy:43)
	at com.kms.katalon.core.keyword.internal.KeywordExecutor.executeKeywordForPlatform(KeywordExecutor.groovy:74)
	at com.kms.katalon.core.webui.keyword.WebUiBuiltInKeywords.authenticate(WebUiBuiltInKeywords.groovy:2756)
	at New Test Case.run(New Test Case:20)
	at com.kms.katalon.core.main.ScriptEngine.run(ScriptEngine.java:194)
	at com.kms.katalon.core.main.ScriptEngine.runScriptAsRawText(ScriptEngine.java:119)
	at com.kms.katalon.core.main.TestCaseExecutor.runScript(TestCaseExecutor.java:448)
	at com.kms.katalon.core.main.TestCaseExecutor.doExecute(TestCaseExecutor.java:439)
	at com.kms.katalon.core.main.TestCaseExecutor.processExecutionPhase(TestCaseExecutor.java:418)
	at com.kms.katalon.core.main.TestCaseExecutor.accessMainPhase(TestCaseExecutor.java:410)
	at com.kms.katalon.core.main.TestCaseExecutor.execute(TestCaseExecutor.java:285)
	at com.kms.katalon.core.common.CommonExecutor.accessTestCaseMainPhase(CommonExecutor.java:65)
	at com.kms.katalon.core.main.TestSuiteExecutor.accessTestSuiteMainPhase(TestSuiteExecutor.java:150)
	at com.kms.katalon.core.main.TestSuiteExecutor.execute(TestSuiteExecutor.java:106)
	at com.kms.katalon.core.main.TestCaseMain.startTestSuite(TestCaseMain.java:180)
	at TempTestSuite1720019006769.run(TempTestSuite1720019006769.groovy:35)
	at java.base/jdk.internal.reflect.NativeMethodAccessorImpl.invoke0(Native Method)
	at java.base/jdk.internal.reflect.NativeMethodAccessorImpl.invoke(NativeMethodAccessorImpl.java:77)
	at java.base/jdk.internal.reflect.DelegatingMethodAccessorImpl.invoke(DelegatingMethodAccessorImpl.java:43)
Caused by: java.net.URISyntaxException: Expected authority at index 8: https://
	at com.kms.katalon.core.util.internal.PathUtil.getUrl(PathUtil.java:117)
	at com.kms.katalon.core.webui.keyword.builtin.AuthenticateKeyword$_authenticate_closure1.doCall(AuthenticateKeyword.groovy:72)
	at com.kms.katalon.core.webui.keyword.builtin.AuthenticateKeyword$_authenticate_closure1.call(AuthenticateKeyword.groovy)
	at com.kms.katalon.core.webui.keyword.internal.WebUIKeywordMain.runKeyword(WebUIKeywordMain.groovy:20)
	... 20 more


03-07-2024T22:07:14 - [TEST_STEP][FAILED] - authenticate("", "", "", 0): Unable to navigate to authenticated page (Root cause: com.kms.katalon.core.exception.StepFailedException: Unable to navigate to authenticated page
	at com.kms.katalon.core.webui.keyword.internal.WebUIKeywordMain.stepFailed(WebUIKeywordMain.groovy:64)
	at com.kms.katalon.core.webui.keyword.internal.WebUIKeywordMain.runKeyword(WebUIKeywordMain.groovy:26)
	at com.kms.katalon.core.webui.keyword.builtin.AuthenticateKeyword.authenticate(AuthenticateKeyword.groovy:50)
	at com.kms.katalon.core.webui.keyword.builtin.AuthenticateKeyword.execute(AuthenticateKeyword.groovy:43)
	at com.kms.katalon.core.keyword.internal.KeywordExecutor.executeKeywordForPlatform(KeywordExecutor.groovy:74)
	at com.kms.katalon.core.webui.keyword.WebUiBuiltInKeywords.authenticate(WebUiBuiltInKeywords.groovy:2756)
	at New Test Case.run(New Test Case:20)
	at com.kms.katalon.core.main.ScriptEngine.run(ScriptEngine.java:194)
	at com.kms.katalon.core.main.ScriptEngine.runScriptAsRawText(ScriptEngine.java:119)
	at com.kms.katalon.core.main.TestCaseExecutor.runScript(TestCaseExecutor.java:448)
	at com.kms.katalon.core.main.TestCaseExecutor.doExecute(TestCaseExecutor.java:439)
	at com.kms.katalon.core.main.TestCaseExecutor.processExecutionPhase(TestCaseExecutor.java:418)
	at com.kms.katalon.core.main.TestCaseExecutor.accessMainPhase(TestCaseExecutor.java:410)
	at com.kms.katalon.core.main.TestCaseExecutor.execute(TestCaseExecutor.java:285)
	at com.kms.katalon.core.common.CommonExecutor.accessTestCaseMainPhase(CommonExecutor.java:65)
	at com.kms.katalon.core.main.TestSuiteExecutor.accessTestSuiteMainPhase(TestSuiteExecutor.java:150)
	at com.kms.katalon.core.main.TestSuiteExecutor.execute(TestSuiteExecutor.java:106)
	at com.kms.katalon.core.main.TestCaseMain.startTestSuite(TestCaseMain.java:180)
	at TempTestSuite1720019006769.run(TempTestSuite1720019006769.groovy:35)
	at java.base/jdk.internal.reflect.NativeMethodAccessorImpl.invoke0(Native Method)
	at java.base/jdk.internal.reflect.NativeMethodAccessorImpl.invoke(NativeMethodAccessorImpl.java:77)
	at java.base/jdk.internal.reflect.DelegatingMethodAccessorImpl.invoke(DelegatingMethodAccessorImpl.java:43)
Caused by: java.net.URISyntaxException: Expected authority at index 8: https://
	at com.kms.katalon.core.util.internal.PathUtil.getUrl(PathUtil.java:117)
	at com.kms.katalon.core.webui.keyword.builtin.AuthenticateKeyword$_authenticate_closure1.doCall(AuthenticateKeyword.groovy:72)
	at com.kms.katalon.core.webui.keyword.builtin.AuthenticateKeyword$_authenticate_closure1.call(AuthenticateKeyword.groovy)
	at com.kms.katalon.core.webui.keyword.internal.WebUIKeywordMain.runKeyword(WebUIKeywordMain.groovy:20)
	at com.kms.katalon.core.webui.keyword.builtin.AuthenticateKeyword.authenticate(AuthenticateKeyword.groovy:50)
	at com.kms.katalon.core.webui.keyword.builtin.AuthenticateKeyword.execute(AuthenticateKeyword.groovy:43)
	at com.kms.katalon.core.keyword.internal.KeywordExecutor.executeKeywordForPlatform(KeywordExecutor.groovy:74)
	at com.kms.katalon.core.webui.keyword.WebUiBuiltInKeywords.authenticate(WebUiBuiltInKeywords.groovy:2756)
	at Script1716304985413.run(Script1716304985413.groovy:20)
	... 15 more
)

03-07-2024T22:07:15 - [MESSAGE][FAILED] - Unable to navigate to authenticated page (Root cause: com.kms.katalon.core.exception.StepFailedException: Unable to navigate to authenticated page
	at com.kms.katalon.core.webui.keyword.internal.WebUIKeywordMain.stepFailed(WebUIKeywordMain.groovy:64)
	at com.kms.katalon.core.webui.keyword.internal.WebUIKeywordMain.runKeyword(WebUIKeywordMain.groovy:26)
	at com.kms.katalon.core.webui.keyword.builtin.AuthenticateKeyword.authenticate(AuthenticateKeyword.groovy:50)
	at com.kms.katalon.core.webui.keyword.builtin.AuthenticateKeyword.execute(AuthenticateKeyword.groovy:43)
	at com.kms.katalon.core.keyword.internal.KeywordExecutor.executeKeywordForPlatform(KeywordExecutor.groovy:74)
	at com.kms.katalon.core.webui.keyword.WebUiBuiltInKeywords.authenticate(WebUiBuiltInKeywords.groovy:2756)
	at New Test Case.run(New Test Case:20)
	at com.kms.katalon.core.main.ScriptEngine.run(ScriptEngine.java:194)
	at com.kms.katalon.core.main.ScriptEngine.runScriptAsRawText(ScriptEngine.java:119)
	at com.kms.katalon.core.main.TestCaseExecutor.runScript(TestCaseExecutor.java:448)
	at com.kms.katalon.core.main.TestCaseExecutor.doExecute(TestCaseExecutor.java:439)
	at com.kms.katalon.core.main.TestCaseExecutor.processExecutionPhase(TestCaseExecutor.java:418)
	at com.kms.katalon.core.main.TestCaseExecutor.accessMainPhase(TestCaseExecutor.java:410)
	at com.kms.katalon.core.main.TestCaseExecutor.execute(TestCaseExecutor.java:285)
	at com.kms.katalon.core.common.CommonExecutor.accessTestCaseMainPhase(CommonExecutor.java:65)
	at com.kms.katalon.core.main.TestSuiteExecutor.accessTestSuiteMainPhase(TestSuiteExecutor.java:150)
	at com.kms.katalon.core.main.TestSuiteExecutor.execute(TestSuiteExecutor.java:106)
	at com.kms.katalon.core.main.TestCaseMain.startTestSuite(TestCaseMain.java:180)
	at TempTestSuite1720019006769.run(TempTestSuite1720019006769.groovy:35)
	at java.base/jdk.internal.reflect.NativeMethodAccessorImpl.invoke0(Native Method)
	at java.base/jdk.internal.reflect.NativeMethodAccessorImpl.invoke(NativeMethodAccessorImpl.java:77)
	at java.base/jdk.internal.reflect.DelegatingMethodAccessorImpl.invoke(DelegatingMethodAccessorImpl.java:43)
Caused by: java.net.URISyntaxException: Expected authority at index 8: https://
	at com.kms.katalon.core.util.internal.PathUtil.getUrl(PathUtil.java:117)
	at com.kms.katalon.core.webui.keyword.builtin.AuthenticateKeyword$_authenticate_closure1.doCall(AuthenticateKeyword.groovy:72)
	at com.kms.katalon.core.webui.keyword.builtin.AuthenticateKeyword$_authenticate_closure1.call(AuthenticateKeyword.groovy)
	at com.kms.katalon.core.webui.keyword.internal.WebUIKeywordMain.runKeyword(WebUIKeywordMain.groovy:20)
	at com.kms.katalon.core.webui.keyword.builtin.AuthenticateKeyword.authenticate(AuthenticateKeyword.groovy:50)
	at com.kms.katalon.core.webui.keyword.builtin.AuthenticateKeyword.execute(AuthenticateKeyword.groovy:43)
	at com.kms.katalon.core.keyword.internal.KeywordExecutor.executeKeywordForPlatform(KeywordExecutor.groovy:74)
	at com.kms.katalon.core.webui.keyword.WebUiBuiltInKeywords.authenticate(WebUiBuiltInKeywords.groovy:2756)
	at Script1716304985413.run(Script1716304985413.groovy:20)
	... 15 more
)]]></system-out>
         <system-err><![CDATA[03-07-2024T22:07:14 - [TEST_CASE][FAILED] - Test Cases/ab/New Test Case: Test Cases/ab/New Test Case FAILED.
Reason:
com.kms.katalon.core.exception.StepFailedException: Unable to navigate to authenticated page
	at com.kms.katalon.core.webui.keyword.internal.WebUIKeywordMain.stepFailed(WebUIKeywordMain.groovy:64)
	at com.kms.katalon.core.webui.keyword.internal.WebUIKeywordMain.runKeyword(WebUIKeywordMain.groovy:26)
	at com.kms.katalon.core.webui.keyword.builtin.AuthenticateKeyword.authenticate(AuthenticateKeyword.groovy:50)
	at com.kms.katalon.core.webui.keyword.builtin.AuthenticateKeyword.execute(AuthenticateKeyword.groovy:43)
	at com.kms.katalon.core.keyword.internal.KeywordExecutor.executeKeywordForPlatform(KeywordExecutor.groovy:74)
	at com.kms.katalon.core.webui.keyword.WebUiBuiltInKeywords.authenticate(WebUiBuiltInKeywords.groovy:2756)
	at New Test Case.run(New Test Case:20)
	at com.kms.katalon.core.main.ScriptEngine.run(ScriptEngine.java:194)
	at com.kms.katalon.core.main.ScriptEngine.runScriptAsRawText(ScriptEngine.java:119)
	at com.kms.katalon.core.main.TestCaseExecutor.runScript(TestCaseExecutor.java:448)
	at com.kms.katalon.core.main.TestCaseExecutor.doExecute(TestCaseExecutor.java:439)
	at com.kms.katalon.core.main.TestCaseExecutor.processExecutionPhase(TestCaseExecutor.java:418)
	at com.kms.katalon.core.main.TestCaseExecutor.accessMainPhase(TestCaseExecutor.java:410)
	at com.kms.katalon.core.main.TestCaseExecutor.execute(TestCaseExecutor.java:285)
	at com.kms.katalon.core.common.CommonExecutor.accessTestCaseMainPhase(CommonExecutor.java:65)
	at com.kms.katalon.core.main.TestSuiteExecutor.accessTestSuiteMainPhase(TestSuiteExecutor.java:150)
	at com.kms.katalon.core.main.TestSuiteExecutor.execute(TestSuiteExecutor.java:106)
	at com.kms.katalon.core.main.TestCaseMain.startTestSuite(TestCaseMain.java:180)
	at TempTestSuite1720019006769.run(TempTestSuite1720019006769.groovy:35)
	at java.base/jdk.internal.reflect.NativeMethodAccessorImpl.invoke0(Native Method)
	at java.base/jdk.internal.reflect.NativeMethodAccessorImpl.invoke(NativeMethodAccessorImpl.java:77)
	at java.base/jdk.internal.reflect.DelegatingMethodAccessorImpl.invoke(DelegatingMethodAccessorImpl.java:43)
Caused by: java.net.URISyntaxException: Expected authority at index 8: https://
	at com.kms.katalon.core.util.internal.PathUtil.getUrl(PathUtil.java:117)
	at com.kms.katalon.core.webui.keyword.builtin.AuthenticateKeyword$_authenticate_closure1.doCall(AuthenticateKeyword.groovy:72)
	at com.kms.katalon.core.webui.keyword.builtin.AuthenticateKeyword$_authenticate_closure1.call(AuthenticateKeyword.groovy)
	at com.kms.katalon.core.webui.keyword.internal.WebUIKeywordMain.runKeyword(WebUIKeywordMain.groovy:20)
	... 20 more]]></system-err>
      </testcase>
      <testcase name="Test Cases/abc/New Test Case (1)" time="15.831" classname="Test Cases/abc/New Test Case (1)" status="PASSED">
         <system-out><![CDATA[03-07-2024T22:07:15 - [TEST_CASE][PASSED] - Test Cases/abc/New Test Case (1): Test Cases/abc/New Test Case (1)

03-07-2024T22:07:15 - [TEST_STEP][PASSED] - openBrowser(""): Browser is opened with url: ''

03-07-2024T22:07:15 - [MESSAGE][INFO] - Starting 'Chrome' driver

03-07-2024T22:07:15 - [MESSAGE][INFO] - Action delay is set to 0 milliseconds

03-07-2024T22:07:18 - [MESSAGE][PASSED] - Browser is opened with url: ''

03-07-2024T22:07:18 - [TEST_STEP][PASSED] - navigateToUrl("https://academy.katalon.com/"): Navigate to 'https://academy.katalon.com/' successfully

03-07-2024T22:07:30 - [MESSAGE][PASSED] - Navigate to 'https://academy.katalon.com/' successfully

03-07-2024T22:07:30 - [TEST_STEP][PASSED] - closeBrowser(): Browser is closed

03-07-2024T22:07:30 - [MESSAGE][PASSED] - Browser is closed]]></system-out>
         <system-err><![CDATA[]]></system-err>
      </testcase>
      <testcase name="Test Cases/abc/New Test Case (10)" time="19.008" classname="Test Cases/abc/New Test Case (10)" status="PASSED">
         <system-out><![CDATA[03-07-2024T22:07:30 - [TEST_CASE][PASSED] - Test Cases/abc/New Test Case (10): Test Cases/abc/New Test Case (10)

03-07-2024T22:07:30 - [TEST_STEP][PASSED] - openBrowser(""): Browser is opened with url: ''

03-07-2024T22:07:30 - [MESSAGE][INFO] - Starting 'Chrome' driver

03-07-2024T22:07:30 - [MESSAGE][INFO] - Action delay is set to 0 milliseconds

03-07-2024T22:07:34 - [MESSAGE][PASSED] - Browser is opened with url: ''

03-07-2024T22:07:34 - [TEST_STEP][PASSED] - navigateToUrl("https://academy.katalon.com/"): Navigate to 'https://academy.katalon.com/' successfully

03-07-2024T22:07:44 - [MESSAGE][PASSED] - Navigate to 'https://academy.katalon.com/' successfully

03-07-2024T22:07:44 - [TEST_STEP][PASSED] - closeBrowser(): Browser is closed

03-07-2024T22:07:49 - [MESSAGE][PASSED] - Browser is closed]]></system-out>
         <system-err><![CDATA[]]></system-err>
      </testcase>
      <testcase name="Test Cases/abc/New Test Case (11)" time="13.833" classname="Test Cases/abc/New Test Case (11)" status="PASSED">
         <system-out><![CDATA[03-07-2024T22:07:49 - [TEST_CASE][PASSED] - Test Cases/abc/New Test Case (11): Test Cases/abc/New Test Case (11)

03-07-2024T22:07:49 - [TEST_STEP][PASSED] - openBrowser(""): Browser is opened with url: ''

03-07-2024T22:07:49 - [MESSAGE][INFO] - Starting 'Chrome' driver

03-07-2024T22:07:49 - [MESSAGE][INFO] - Action delay is set to 0 milliseconds

03-07-2024T22:07:51 - [MESSAGE][PASSED] - Browser is opened with url: ''

03-07-2024T22:07:51 - [TEST_STEP][PASSED] - navigateToUrl("https://academy.katalon.com/"): Navigate to 'https://academy.katalon.com/' successfully

03-07-2024T22:08:02 - [MESSAGE][PASSED] - Navigate to 'https://academy.katalon.com/' successfully

03-07-2024T22:08:02 - [TEST_STEP][PASSED] - closeBrowser(): Browser is closed

03-07-2024T22:08:03 - [MESSAGE][PASSED] - Browser is closed]]></system-out>
         <system-err><![CDATA[]]></system-err>
      </testcase>
      <testcase name="Test Cases/abc/New Test Case (12)" time="12.838" classname="Test Cases/abc/New Test Case (12)" status="PASSED">
         <system-out><![CDATA[03-07-2024T22:08:03 - [TEST_CASE][PASSED] - Test Cases/abc/New Test Case (12): Test Cases/abc/New Test Case (12)

03-07-2024T22:08:03 - [TEST_STEP][PASSED] - openBrowser(""): Browser is opened with url: ''

03-07-2024T22:08:03 - [MESSAGE][INFO] - Starting 'Chrome' driver

03-07-2024T22:08:03 - [MESSAGE][INFO] - Action delay is set to 0 milliseconds

03-07-2024T22:08:05 - [MESSAGE][PASSED] - Browser is opened with url: ''

03-07-2024T22:08:05 - [TEST_STEP][PASSED] - navigateToUrl("https://academy.katalon.com/"): Navigate to 'https://academy.katalon.com/' successfully

03-07-2024T22:08:15 - [MESSAGE][PASSED] - Navigate to 'https://academy.katalon.com/' successfully

03-07-2024T22:08:15 - [TEST_STEP][PASSED] - closeBrowser(): Browser is closed

03-07-2024T22:08:16 - [MESSAGE][PASSED] - Browser is closed]]></system-out>
         <system-err><![CDATA[]]></system-err>
      </testcase>
      <testcase name="Test Cases/abc/New Test Case (13)" time="12.652" classname="Test Cases/abc/New Test Case (13)" status="PASSED">
         <system-out><![CDATA[03-07-2024T22:08:16 - [TEST_CASE][PASSED] - Test Cases/abc/New Test Case (13): Test Cases/abc/New Test Case (13)

03-07-2024T22:08:16 - [TEST_STEP][PASSED] - openBrowser(""): Browser is opened with url: ''

03-07-2024T22:08:16 - [MESSAGE][INFO] - Starting 'Chrome' driver

03-07-2024T22:08:16 - [MESSAGE][INFO] - Action delay is set to 0 milliseconds

03-07-2024T22:08:18 - [MESSAGE][PASSED] - Browser is opened with url: ''

03-07-2024T22:08:18 - [TEST_STEP][PASSED] - navigateToUrl("https://academy.katalon.com/"): Navigate to 'https://academy.katalon.com/' successfully

03-07-2024T22:08:28 - [MESSAGE][PASSED] - Navigate to 'https://academy.katalon.com/' successfully

03-07-2024T22:08:28 - [TEST_STEP][PASSED] - closeBrowser(): Browser is closed

03-07-2024T22:08:29 - [MESSAGE][PASSED] - Browser is closed]]></system-out>
         <system-err><![CDATA[]]></system-err>
      </testcase>
      <testcase name="Test Cases/abc/New Test Case (14)" time="12.904" classname="Test Cases/abc/New Test Case (14)" status="PASSED">
         <system-out><![CDATA[03-07-2024T22:08:29 - [TEST_CASE][PASSED] - Test Cases/abc/New Test Case (14): Test Cases/abc/New Test Case (14)

03-07-2024T22:08:29 - [TEST_STEP][PASSED] - openBrowser(""): Browser is opened with url: ''

03-07-2024T22:08:29 - [MESSAGE][INFO] - Starting 'Chrome' driver

03-07-2024T22:08:29 - [MESSAGE][INFO] - Action delay is set to 0 milliseconds

03-07-2024T22:08:31 - [MESSAGE][PASSED] - Browser is opened with url: ''

03-07-2024T22:08:31 - [TEST_STEP][PASSED] - navigateToUrl("https://academy.katalon.com/"): Navigate to 'https://academy.katalon.com/' successfully

03-07-2024T22:08:41 - [MESSAGE][PASSED] - Navigate to 'https://academy.katalon.com/' successfully

03-07-2024T22:08:41 - [TEST_STEP][PASSED] - closeBrowser(): Browser is closed

03-07-2024T22:08:42 - [MESSAGE][PASSED] - Browser is closed]]></system-out>
         <system-err><![CDATA[]]></system-err>
      </testcase>
      <testcase name="Test Cases/abc/New Test Case (15)" time="7.036" classname="Test Cases/abc/New Test Case (15)" status="PASSED">
         <system-out><![CDATA[03-07-2024T22:08:42 - [TEST_CASE][PASSED] - Test Cases/abc/New Test Case (15): Test Cases/abc/New Test Case (15)

03-07-2024T22:08:42 - [TEST_STEP][PASSED] - openBrowser(""): Browser is opened with url: ''

03-07-2024T22:08:42 - [MESSAGE][INFO] - Starting 'Chrome' driver

03-07-2024T22:08:42 - [MESSAGE][INFO] - Action delay is set to 0 milliseconds

03-07-2024T22:08:45 - [MESSAGE][PASSED] - Browser is opened with url: ''

03-07-2024T22:08:45 - [TEST_STEP][PASSED] - navigateToUrl("https://academy.katalon.com/"): Navigate to 'https://academy.katalon.com/' successfully

03-07-2024T22:08:48 - [MESSAGE][PASSED] - Navigate to 'https://academy.katalon.com/' successfully

03-07-2024T22:08:48 - [TEST_STEP][PASSED] - closeBrowser(): Browser is closed

03-07-2024T22:08:49 - [MESSAGE][PASSED] - Browser is closed]]></system-out>
         <system-err><![CDATA[]]></system-err>
      </testcase>
      <testcase name="Test Cases/abc/New Test Case (16)" time="13.378" classname="Test Cases/abc/New Test Case (16)" status="PASSED">
         <system-out><![CDATA[03-07-2024T22:08:49 - [TEST_CASE][PASSED] - Test Cases/abc/New Test Case (16): Test Cases/abc/New Test Case (16)

03-07-2024T22:08:49 - [TEST_STEP][PASSED] - openBrowser(""): Browser is opened with url: ''

03-07-2024T22:08:49 - [MESSAGE][INFO] - Starting 'Chrome' driver

03-07-2024T22:08:49 - [MESSAGE][INFO] - Action delay is set to 0 milliseconds

03-07-2024T22:08:51 - [MESSAGE][PASSED] - Browser is opened with url: ''

03-07-2024T22:08:51 - [TEST_STEP][PASSED] - navigateToUrl("https://academy.katalon.com/"): Navigate to 'https://academy.katalon.com/' successfully

03-07-2024T22:09:02 - [MESSAGE][PASSED] - Navigate to 'https://academy.katalon.com/' successfully

03-07-2024T22:09:02 - [TEST_STEP][PASSED] - closeBrowser(): Browser is closed

03-07-2024T22:09:02 - [MESSAGE][PASSED] - Browser is closed]]></system-out>
         <system-err><![CDATA[]]></system-err>
      </testcase>
      <testcase name="Test Cases/abc/New Test Case (17)" time="12.128" classname="Test Cases/abc/New Test Case (17)" status="PASSED">
         <system-out><![CDATA[03-07-2024T22:09:02 - [TEST_CASE][PASSED] - Test Cases/abc/New Test Case (17): Test Cases/abc/New Test Case (17)

03-07-2024T22:09:02 - [TEST_STEP][PASSED] - openBrowser(""): Browser is opened with url: ''

03-07-2024T22:09:02 - [MESSAGE][INFO] - Starting 'Chrome' driver

03-07-2024T22:09:02 - [MESSAGE][INFO] - Action delay is set to 0 milliseconds

03-07-2024T22:09:04 - [MESSAGE][PASSED] - Browser is opened with url: ''

03-07-2024T22:09:04 - [TEST_STEP][PASSED] - navigateToUrl("https://academy.katalon.com/"): Navigate to 'https://academy.katalon.com/' successfully

03-07-2024T22:09:14 - [MESSAGE][PASSED] - Navigate to 'https://academy.katalon.com/' successfully

03-07-2024T22:09:14 - [TEST_STEP][PASSED] - closeBrowser(): Browser is closed

03-07-2024T22:09:14 - [MESSAGE][PASSED] - Browser is closed]]></system-out>
         <system-err><![CDATA[]]></system-err>
      </testcase>
      <testcase name="Test Cases/abc/New Test Case (18)" time="14.082" classname="Test Cases/abc/New Test Case (18)" status="PASSED">
         <system-out><![CDATA[03-07-2024T22:09:14 - [TEST_CASE][PASSED] - Test Cases/abc/New Test Case (18): Test Cases/abc/New Test Case (18)

03-07-2024T22:09:14 - [TEST_STEP][PASSED] - openBrowser(""): Browser is opened with url: ''

03-07-2024T22:09:14 - [MESSAGE][INFO] - Starting 'Chrome' driver

03-07-2024T22:09:14 - [MESSAGE][INFO] - Action delay is set to 0 milliseconds

03-07-2024T22:09:16 - [MESSAGE][PASSED] - Browser is opened with url: ''

03-07-2024T22:09:16 - [TEST_STEP][PASSED] - navigateToUrl("https://academy.katalon.com/"): Navigate to 'https://academy.katalon.com/' successfully

03-07-2024T22:09:27 - [MESSAGE][PASSED] - Navigate to 'https://academy.katalon.com/' successfully

03-07-2024T22:09:27 - [TEST_STEP][PASSED] - closeBrowser(): Browser is closed

03-07-2024T22:09:28 - [MESSAGE][PASSED] - Browser is closed]]></system-out>
         <system-err><![CDATA[]]></system-err>
      </testcase>
      <testcase name="Test Cases/abc/New Test Case (19)" time="6.826" classname="Test Cases/abc/New Test Case (19)" status="PASSED">
         <system-out><![CDATA[03-07-2024T22:09:28 - [TEST_CASE][PASSED] - Test Cases/abc/New Test Case (19): Test Cases/abc/New Test Case (19)

03-07-2024T22:09:28 - [TEST_STEP][PASSED] - openBrowser(""): Browser is opened with url: ''

03-07-2024T22:09:28 - [MESSAGE][INFO] - Starting 'Chrome' driver

03-07-2024T22:09:28 - [MESSAGE][INFO] - Action delay is set to 0 milliseconds

03-07-2024T22:09:31 - [MESSAGE][PASSED] - Browser is opened with url: ''

03-07-2024T22:09:31 - [TEST_STEP][PASSED] - navigateToUrl("https://academy.katalon.com/"): Navigate to 'https://academy.katalon.com/' successfully

03-07-2024T22:09:35 - [MESSAGE][PASSED] - Navigate to 'https://academy.katalon.com/' successfully

03-07-2024T22:09:35 - [TEST_STEP][PASSED] - closeBrowser(): Browser is closed

03-07-2024T22:09:35 - [MESSAGE][PASSED] - Browser is closed]]></system-out>
         <system-err><![CDATA[]]></system-err>
      </testcase>
      <testcase name="Test Cases/abc/New Test Case (2)" time="13.1" classname="Test Cases/abc/New Test Case (2)" status="PASSED">
         <system-out><![CDATA[03-07-2024T22:09:35 - [TEST_CASE][PASSED] - Test Cases/abc/New Test Case (2): Test Cases/abc/New Test Case (2)

03-07-2024T22:09:35 - [TEST_STEP][PASSED] - openBrowser(""): Browser is opened with url: ''

03-07-2024T22:09:35 - [MESSAGE][INFO] - Starting 'Chrome' driver

03-07-2024T22:09:35 - [MESSAGE][INFO] - Action delay is set to 0 milliseconds

03-07-2024T22:09:37 - [MESSAGE][PASSED] - Browser is opened with url: ''

03-07-2024T22:09:37 - [TEST_STEP][PASSED] - navigateToUrl("https://academy.katalon.com/"): Navigate to 'https://academy.katalon.com/' successfully

03-07-2024T22:09:47 - [MESSAGE][PASSED] - Navigate to 'https://academy.katalon.com/' successfully

03-07-2024T22:09:47 - [TEST_STEP][PASSED] - closeBrowser(): Browser is closed

03-07-2024T22:09:48 - [MESSAGE][PASSED] - Browser is closed]]></system-out>
         <system-err><![CDATA[]]></system-err>
      </testcase>
      <testcase name="Test Cases/abc/New Test Case (20)" time="11.564" classname="Test Cases/abc/New Test Case (20)" status="PASSED">
         <system-out><![CDATA[03-07-2024T22:09:48 - [TEST_CASE][PASSED] - Test Cases/abc/New Test Case (20): Test Cases/abc/New Test Case (20)

03-07-2024T22:09:48 - [TEST_STEP][PASSED] - openBrowser(""): Browser is opened with url: ''

03-07-2024T22:09:48 - [MESSAGE][INFO] - Starting 'Chrome' driver

03-07-2024T22:09:48 - [MESSAGE][INFO] - Action delay is set to 0 milliseconds

03-07-2024T22:09:50 - [MESSAGE][PASSED] - Browser is opened with url: ''

03-07-2024T22:09:50 - [TEST_STEP][PASSED] - navigateToUrl("https://academy.katalon.com/"): Navigate to 'https://academy.katalon.com/' successfully

03-07-2024T22:09:59 - [MESSAGE][PASSED] - Navigate to 'https://academy.katalon.com/' successfully

03-07-2024T22:09:59 - [TEST_STEP][PASSED] - closeBrowser(): Browser is closed

03-07-2024T22:10:00 - [MESSAGE][PASSED] - Browser is closed]]></system-out>
         <system-err><![CDATA[]]></system-err>
      </testcase>
      <testcase name="Test Cases/abc/New Test Case (21)" time="13.297" classname="Test Cases/abc/New Test Case (21)" status="PASSED">
         <system-out><![CDATA[03-07-2024T22:10:00 - [TEST_CASE][PASSED] - Test Cases/abc/New Test Case (21): Test Cases/abc/New Test Case (21)

03-07-2024T22:10:00 - [TEST_STEP][PASSED] - openBrowser(""): Browser is opened with url: ''

03-07-2024T22:10:00 - [MESSAGE][INFO] - Starting 'Chrome' driver

03-07-2024T22:10:00 - [MESSAGE][INFO] - Action delay is set to 0 milliseconds

03-07-2024T22:10:04 - [MESSAGE][PASSED] - Browser is opened with url: ''

03-07-2024T22:10:04 - [TEST_STEP][PASSED] - navigateToUrl("https://academy.katalon.com/"): Navigate to 'https://academy.katalon.com/' successfully

03-07-2024T22:10:13 - [MESSAGE][PASSED] - Navigate to 'https://academy.katalon.com/' successfully

03-07-2024T22:10:13 - [TEST_STEP][PASSED] - closeBrowser(): Browser is closed

03-07-2024T22:10:13 - [MESSAGE][PASSED] - Browser is closed]]></system-out>
         <system-err><![CDATA[]]></system-err>
      </testcase>
      <testcase name="Test Cases/abc/New Test Case (22)" time="14.853" classname="Test Cases/abc/New Test Case (22)" status="PASSED">
         <system-out><![CDATA[03-07-2024T22:10:13 - [TEST_CASE][PASSED] - Test Cases/abc/New Test Case (22): Test Cases/abc/New Test Case (22)

03-07-2024T22:10:14 - [TEST_STEP][PASSED] - openBrowser(""): Browser is opened with url: ''

03-07-2024T22:10:14 - [MESSAGE][INFO] - Starting 'Chrome' driver

03-07-2024T22:10:14 - [MESSAGE][INFO] - Action delay is set to 0 milliseconds

03-07-2024T22:10:18 - [MESSAGE][PASSED] - Browser is opened with url: ''

03-07-2024T22:10:18 - [TEST_STEP][PASSED] - navigateToUrl("https://academy.katalon.com/"): Navigate to 'https://academy.katalon.com/' successfully

03-07-2024T22:10:28 - [MESSAGE][PASSED] - Navigate to 'https://academy.katalon.com/' successfully

03-07-2024T22:10:28 - [TEST_STEP][PASSED] - closeBrowser(): Browser is closed

03-07-2024T22:10:28 - [MESSAGE][PASSED] - Browser is closed]]></system-out>
         <system-err><![CDATA[]]></system-err>
      </testcase>
      <testcase name="Test Cases/abc/New Test Case (23)" time="13.331" classname="Test Cases/abc/New Test Case (23)" status="PASSED">
         <system-out><![CDATA[03-07-2024T22:10:28 - [TEST_CASE][PASSED] - Test Cases/abc/New Test Case (23): Test Cases/abc/New Test Case (23)

03-07-2024T22:10:28 - [TEST_STEP][PASSED] - openBrowser(""): Browser is opened with url: ''

03-07-2024T22:10:28 - [MESSAGE][INFO] - Starting 'Chrome' driver

03-07-2024T22:10:28 - [MESSAGE][INFO] - Action delay is set to 0 milliseconds

03-07-2024T22:10:31 - [MESSAGE][PASSED] - Browser is opened with url: ''

03-07-2024T22:10:31 - [TEST_STEP][PASSED] - navigateToUrl("https://academy.katalon.com/"): Navigate to 'https://academy.katalon.com/' successfully

03-07-2024T22:10:41 - [MESSAGE][PASSED] - Navigate to 'https://academy.katalon.com/' successfully

03-07-2024T22:10:41 - [TEST_STEP][PASSED] - closeBrowser(): Browser is closed

03-07-2024T22:10:42 - [MESSAGE][PASSED] - Browser is closed]]></system-out>
         <system-err><![CDATA[]]></system-err>
      </testcase>
      <testcase name="Test Cases/abc/New Test Case (24)" time="14.965" classname="Test Cases/abc/New Test Case (24)" status="PASSED">
         <system-out><![CDATA[03-07-2024T22:10:42 - [TEST_CASE][PASSED] - Test Cases/abc/New Test Case (24): Test Cases/abc/New Test Case (24)

03-07-2024T22:10:42 - [TEST_STEP][PASSED] - openBrowser(""): Browser is opened with url: ''

03-07-2024T22:10:42 - [MESSAGE][INFO] - Starting 'Chrome' driver

03-07-2024T22:10:42 - [MESSAGE][INFO] - Action delay is set to 0 milliseconds

03-07-2024T22:10:44 - [MESSAGE][PASSED] - Browser is opened with url: ''

03-07-2024T22:10:44 - [TEST_STEP][PASSED] - navigateToUrl("https://academy.katalon.com/"): Navigate to 'https://academy.katalon.com/' successfully

03-07-2024T22:10:55 - [MESSAGE][PASSED] - Navigate to 'https://academy.katalon.com/' successfully

03-07-2024T22:10:55 - [TEST_STEP][PASSED] - closeBrowser(): Browser is closed

03-07-2024T22:10:57 - [MESSAGE][PASSED] - Browser is closed]]></system-out>
         <system-err><![CDATA[]]></system-err>
      </testcase>
      <testcase name="Test Cases/abc/New Test Case (25)" time="6.878" classname="Test Cases/abc/New Test Case (25)" status="PASSED">
         <system-out><![CDATA[03-07-2024T22:10:57 - [TEST_CASE][PASSED] - Test Cases/abc/New Test Case (25): Test Cases/abc/New Test Case (25)

03-07-2024T22:10:57 - [TEST_STEP][PASSED] - openBrowser(""): Browser is opened with url: ''

03-07-2024T22:10:57 - [MESSAGE][INFO] - Starting 'Chrome' driver

03-07-2024T22:10:57 - [MESSAGE][INFO] - Action delay is set to 0 milliseconds

03-07-2024T22:10:59 - [MESSAGE][PASSED] - Browser is opened with url: ''

03-07-2024T22:10:59 - [TEST_STEP][PASSED] - navigateToUrl("https://academy.katalon.com/"): Navigate to 'https://academy.katalon.com/' successfully

03-07-2024T22:11:03 - [MESSAGE][PASSED] - Navigate to 'https://academy.katalon.com/' successfully

03-07-2024T22:11:03 - [TEST_STEP][PASSED] - closeBrowser(): Browser is closed

03-07-2024T22:11:03 - [MESSAGE][PASSED] - Browser is closed]]></system-out>
         <system-err><![CDATA[]]></system-err>
      </testcase>
      <testcase name="Test Cases/abc/New Test Case (26)" time="13.179" classname="Test Cases/abc/New Test Case (26)" status="PASSED">
         <system-out><![CDATA[03-07-2024T22:11:04 - [TEST_CASE][PASSED] - Test Cases/abc/New Test Case (26): Test Cases/abc/New Test Case (26)

03-07-2024T22:11:04 - [TEST_STEP][PASSED] - openBrowser(""): Browser is opened with url: ''

03-07-2024T22:11:04 - [MESSAGE][INFO] - Starting 'Chrome' driver

03-07-2024T22:11:04 - [MESSAGE][INFO] - Action delay is set to 0 milliseconds

03-07-2024T22:11:07 - [MESSAGE][PASSED] - Browser is opened with url: ''

03-07-2024T22:11:07 - [TEST_STEP][PASSED] - navigateToUrl("https://academy.katalon.com/"): Navigate to 'https://academy.katalon.com/' successfully

03-07-2024T22:11:16 - [MESSAGE][PASSED] - Navigate to 'https://academy.katalon.com/' successfully

03-07-2024T22:11:16 - [TEST_STEP][PASSED] - closeBrowser(): Browser is closed

03-07-2024T22:11:17 - [MESSAGE][PASSED] - Browser is closed]]></system-out>
         <system-err><![CDATA[]]></system-err>
      </testcase>
      <testcase name="Test Cases/abc/New Test Case (27)" time="13.907" classname="Test Cases/abc/New Test Case (27)" status="PASSED">
         <system-out><![CDATA[03-07-2024T22:11:17 - [TEST_CASE][PASSED] - Test Cases/abc/New Test Case (27): Test Cases/abc/New Test Case (27)

03-07-2024T22:11:17 - [TEST_STEP][PASSED] - openBrowser(""): Browser is opened with url: ''

03-07-2024T22:11:17 - [MESSAGE][INFO] - Starting 'Chrome' driver

03-07-2024T22:11:17 - [MESSAGE][INFO] - Action delay is set to 0 milliseconds

03-07-2024T22:11:19 - [MESSAGE][PASSED] - Browser is opened with url: ''

03-07-2024T22:11:19 - [TEST_STEP][PASSED] - navigateToUrl("https://academy.katalon.com/"): Navigate to 'https://academy.katalon.com/' successfully

03-07-2024T22:11:30 - [MESSAGE][PASSED] - Navigate to 'https://academy.katalon.com/' successfully

03-07-2024T22:11:30 - [TEST_STEP][PASSED] - closeBrowser(): Browser is closed

03-07-2024T22:11:31 - [MESSAGE][PASSED] - Browser is closed]]></system-out>
         <system-err><![CDATA[]]></system-err>
      </testcase>
      <testcase name="Test Cases/abc/New Test Case (28)" time="16.634" classname="Test Cases/abc/New Test Case (28)" status="PASSED">
         <system-out><![CDATA[03-07-2024T22:11:31 - [TEST_CASE][PASSED] - Test Cases/abc/New Test Case (28): Test Cases/abc/New Test Case (28)

03-07-2024T22:11:31 - [TEST_STEP][PASSED] - openBrowser(""): Browser is opened with url: ''

03-07-2024T22:11:31 - [MESSAGE][INFO] - Starting 'Chrome' driver

03-07-2024T22:11:31 - [MESSAGE][INFO] - Action delay is set to 0 milliseconds

03-07-2024T22:11:34 - [MESSAGE][PASSED] - Browser is opened with url: ''

03-07-2024T22:11:34 - [TEST_STEP][PASSED] - navigateToUrl("https://academy.katalon.com/"): Navigate to 'https://academy.katalon.com/' successfully

03-07-2024T22:11:45 - [MESSAGE][PASSED] - Navigate to 'https://academy.katalon.com/' successfully

03-07-2024T22:11:45 - [TEST_STEP][PASSED] - closeBrowser(): Browser is closed

03-07-2024T22:11:47 - [MESSAGE][PASSED] - Browser is closed]]></system-out>
         <system-err><![CDATA[]]></system-err>
      </testcase>
      <testcase name="Test Cases/abc/New Test Case (29)" time="11.716" classname="Test Cases/abc/New Test Case (29)" status="PASSED">
         <system-out><![CDATA[03-07-2024T22:11:47 - [TEST_CASE][PASSED] - Test Cases/abc/New Test Case (29): Test Cases/abc/New Test Case (29)

03-07-2024T22:11:48 - [TEST_STEP][PASSED] - openBrowser(""): Browser is opened with url: ''

03-07-2024T22:11:48 - [MESSAGE][INFO] - Starting 'Chrome' driver

03-07-2024T22:11:48 - [MESSAGE][INFO] - Action delay is set to 0 milliseconds

03-07-2024T22:11:50 - [MESSAGE][PASSED] - Browser is opened with url: ''

03-07-2024T22:11:50 - [TEST_STEP][PASSED] - navigateToUrl("https://academy.katalon.com/"): Navigate to 'https://academy.katalon.com/' successfully

03-07-2024T22:11:58 - [MESSAGE][PASSED] - Navigate to 'https://academy.katalon.com/' successfully

03-07-2024T22:11:58 - [TEST_STEP][PASSED] - closeBrowser(): Browser is closed

03-07-2024T22:11:59 - [MESSAGE][PASSED] - Browser is closed]]></system-out>
         <system-err><![CDATA[]]></system-err>
      </testcase>
      <testcase name="Test Cases/abc/New Test Case (3)" time="14.236" classname="Test Cases/abc/New Test Case (3)" status="PASSED">
         <system-out><![CDATA[03-07-2024T22:11:59 - [TEST_CASE][PASSED] - Test Cases/abc/New Test Case (3): Test Cases/abc/New Test Case (3)

03-07-2024T22:11:59 - [TEST_STEP][PASSED] - openBrowser(""): Browser is opened with url: ''

03-07-2024T22:11:59 - [MESSAGE][INFO] - Starting 'Chrome' driver

03-07-2024T22:11:59 - [MESSAGE][INFO] - Action delay is set to 0 milliseconds

03-07-2024T22:12:03 - [MESSAGE][PASSED] - Browser is opened with url: ''

03-07-2024T22:12:03 - [TEST_STEP][PASSED] - navigateToUrl("https://academy.katalon.com/"): Navigate to 'https://academy.katalon.com/' successfully

03-07-2024T22:12:13 - [MESSAGE][PASSED] - Navigate to 'https://academy.katalon.com/' successfully

03-07-2024T22:12:13 - [TEST_STEP][PASSED] - closeBrowser(): Browser is closed

03-07-2024T22:12:13 - [MESSAGE][PASSED] - Browser is closed]]></system-out>
         <system-err><![CDATA[]]></system-err>
      </testcase>
      <testcase name="Test Cases/abc/New Test Case (30)" time="13.327" classname="Test Cases/abc/New Test Case (30)" status="PASSED">
         <system-out><![CDATA[03-07-2024T22:12:13 - [TEST_CASE][PASSED] - Test Cases/abc/New Test Case (30): Test Cases/abc/New Test Case (30)

03-07-2024T22:12:13 - [TEST_STEP][PASSED] - openBrowser(""): Browser is opened with url: ''

03-07-2024T22:12:13 - [MESSAGE][INFO] - Starting 'Chrome' driver

03-07-2024T22:12:13 - [MESSAGE][INFO] - Action delay is set to 0 milliseconds

03-07-2024T22:12:16 - [MESSAGE][PASSED] - Browser is opened with url: ''

03-07-2024T22:12:16 - [TEST_STEP][PASSED] - navigateToUrl("https://academy.katalon.com/"): Navigate to 'https://academy.katalon.com/' successfully

03-07-2024T22:12:26 - [MESSAGE][PASSED] - Navigate to 'https://academy.katalon.com/' successfully

03-07-2024T22:12:26 - [TEST_STEP][PASSED] - closeBrowser(): Browser is closed

03-07-2024T22:12:27 - [MESSAGE][PASSED] - Browser is closed]]></system-out>
         <system-err><![CDATA[]]></system-err>
      </testcase>
      <testcase name="Test Cases/abc/New Test Case (31)" time="7.774" classname="Test Cases/abc/New Test Case (31)" status="PASSED">
         <system-out><![CDATA[03-07-2024T22:12:27 - [TEST_CASE][PASSED] - Test Cases/abc/New Test Case (31): Test Cases/abc/New Test Case (31)

03-07-2024T22:12:27 - [TEST_STEP][PASSED] - openBrowser(""): Browser is opened with url: ''

03-07-2024T22:12:27 - [MESSAGE][INFO] - Starting 'Chrome' driver

03-07-2024T22:12:27 - [MESSAGE][INFO] - Action delay is set to 0 milliseconds

03-07-2024T22:12:28 - [MESSAGE][PASSED] - Browser is opened with url: ''

03-07-2024T22:12:28 - [TEST_STEP][PASSED] - navigateToUrl("https://academy.katalon.com/"): Navigate to 'https://academy.katalon.com/' successfully

03-07-2024T22:12:32 - [MESSAGE][PASSED] - Navigate to 'https://academy.katalon.com/' successfully

03-07-2024T22:12:32 - [TEST_STEP][PASSED] - closeBrowser(): Browser is closed

03-07-2024T22:12:35 - [MESSAGE][PASSED] - Browser is closed]]></system-out>
         <system-err><![CDATA[]]></system-err>
      </testcase>
      <testcase name="Test Cases/abc/New Test Case (32)" time="12.317" classname="Test Cases/abc/New Test Case (32)" status="PASSED">
         <system-out><![CDATA[03-07-2024T22:12:35 - [TEST_CASE][PASSED] - Test Cases/abc/New Test Case (32): Test Cases/abc/New Test Case (32)

03-07-2024T22:12:35 - [TEST_STEP][PASSED] - openBrowser(""): Browser is opened with url: ''

03-07-2024T22:12:35 - [MESSAGE][INFO] - Starting 'Chrome' driver

03-07-2024T22:12:35 - [MESSAGE][INFO] - Action delay is set to 0 milliseconds

03-07-2024T22:12:37 - [MESSAGE][PASSED] - Browser is opened with url: ''

03-07-2024T22:12:37 - [TEST_STEP][PASSED] - navigateToUrl("https://academy.katalon.com/"): Navigate to 'https://academy.katalon.com/' successfully

03-07-2024T22:12:46 - [MESSAGE][PASSED] - Navigate to 'https://academy.katalon.com/' successfully

03-07-2024T22:12:46 - [TEST_STEP][PASSED] - closeBrowser(): Browser is closed

03-07-2024T22:12:47 - [MESSAGE][PASSED] - Browser is closed]]></system-out>
         <system-err><![CDATA[]]></system-err>
      </testcase>
      <testcase name="Test Cases/abc/New Test Case (33)" time="13.278" classname="Test Cases/abc/New Test Case (33)" status="PASSED">
         <system-out><![CDATA[03-07-2024T22:12:47 - [TEST_CASE][PASSED] - Test Cases/abc/New Test Case (33): Test Cases/abc/New Test Case (33)

03-07-2024T22:12:47 - [TEST_STEP][PASSED] - openBrowser(""): Browser is opened with url: ''

03-07-2024T22:12:47 - [MESSAGE][INFO] - Starting 'Chrome' driver

03-07-2024T22:12:47 - [MESSAGE][INFO] - Action delay is set to 0 milliseconds

03-07-2024T22:12:50 - [MESSAGE][PASSED] - Browser is opened with url: ''

03-07-2024T22:12:50 - [TEST_STEP][PASSED] - navigateToUrl("https://academy.katalon.com/"): Navigate to 'https://academy.katalon.com/' successfully

03-07-2024T22:13:00 - [MESSAGE][PASSED] - Navigate to 'https://academy.katalon.com/' successfully

03-07-2024T22:13:00 - [TEST_STEP][PASSED] - closeBrowser(): Browser is closed

03-07-2024T22:13:00 - [MESSAGE][PASSED] - Browser is closed]]></system-out>
         <system-err><![CDATA[]]></system-err>
      </testcase>
      <testcase name="Test Cases/abc/New Test Case (4)" time="16.339" classname="Test Cases/abc/New Test Case (4)" status="PASSED">
         <system-out><![CDATA[03-07-2024T22:13:00 - [TEST_CASE][PASSED] - Test Cases/abc/New Test Case (4): Test Cases/abc/New Test Case (4)

03-07-2024T22:13:01 - [TEST_STEP][PASSED] - openBrowser(""): Browser is opened with url: ''

03-07-2024T22:13:01 - [MESSAGE][INFO] - Starting 'Chrome' driver

03-07-2024T22:13:01 - [MESSAGE][INFO] - Action delay is set to 0 milliseconds

03-07-2024T22:13:03 - [MESSAGE][PASSED] - Browser is opened with url: ''

03-07-2024T22:13:03 - [TEST_STEP][PASSED] - navigateToUrl("https://academy.katalon.com/"): Navigate to 'https://academy.katalon.com/' successfully

03-07-2024T22:13:13 - [MESSAGE][PASSED] - Navigate to 'https://academy.katalon.com/' successfully

03-07-2024T22:13:13 - [TEST_STEP][PASSED] - closeBrowser(): Browser is closed

03-07-2024T22:13:17 - [MESSAGE][PASSED] - Browser is closed]]></system-out>
         <system-err><![CDATA[]]></system-err>
      </testcase>
      <testcase name="Test Cases/abc/New Test Case (5)" time="14.655" classname="Test Cases/abc/New Test Case (5)" status="PASSED">
         <system-out><![CDATA[03-07-2024T22:13:17 - [TEST_CASE][PASSED] - Test Cases/abc/New Test Case (5): Test Cases/abc/New Test Case (5)

03-07-2024T22:13:17 - [TEST_STEP][PASSED] - openBrowser(""): Browser is opened with url: ''

03-07-2024T22:13:17 - [MESSAGE][INFO] - Starting 'Chrome' driver

03-07-2024T22:13:17 - [MESSAGE][INFO] - Action delay is set to 0 milliseconds

03-07-2024T22:13:19 - [MESSAGE][PASSED] - Browser is opened with url: ''

03-07-2024T22:13:19 - [TEST_STEP][PASSED] - navigateToUrl("https://academy.katalon.com/"): Navigate to 'https://academy.katalon.com/' successfully

03-07-2024T22:13:29 - [MESSAGE][PASSED] - Navigate to 'https://academy.katalon.com/' successfully

03-07-2024T22:13:29 - [TEST_STEP][PASSED] - closeBrowser(): Browser is closed

03-07-2024T22:13:31 - [MESSAGE][PASSED] - Browser is closed]]></system-out>
         <system-err><![CDATA[]]></system-err>
      </testcase>
      <testcase name="Test Cases/abc/New Test Case (6)" time="13.528" classname="Test Cases/abc/New Test Case (6)" status="PASSED">
         <system-out><![CDATA[03-07-2024T22:13:32 - [TEST_CASE][PASSED] - Test Cases/abc/New Test Case (6): Test Cases/abc/New Test Case (6)

03-07-2024T22:13:32 - [TEST_STEP][PASSED] - openBrowser(""): Browser is opened with url: ''

03-07-2024T22:13:32 - [MESSAGE][INFO] - Starting 'Chrome' driver

03-07-2024T22:13:32 - [MESSAGE][INFO] - Action delay is set to 0 milliseconds

03-07-2024T22:13:33 - [MESSAGE][PASSED] - Browser is opened with url: ''

03-07-2024T22:13:33 - [TEST_STEP][PASSED] - navigateToUrl("https://academy.katalon.com/"): Navigate to 'https://academy.katalon.com/' successfully

03-07-2024T22:13:43 - [MESSAGE][PASSED] - Navigate to 'https://academy.katalon.com/' successfully

03-07-2024T22:13:43 - [TEST_STEP][PASSED] - closeBrowser(): Browser is closed

03-07-2024T22:13:45 - [MESSAGE][PASSED] - Browser is closed]]></system-out>
         <system-err><![CDATA[]]></system-err>
      </testcase>
      <testcase name="Test Cases/abc/New Test Case (7)" time="16.349" classname="Test Cases/abc/New Test Case (7)" status="PASSED">
         <system-out><![CDATA[03-07-2024T22:13:45 - [TEST_CASE][PASSED] - Test Cases/abc/New Test Case (7): Test Cases/abc/New Test Case (7)

03-07-2024T22:13:45 - [TEST_STEP][PASSED] - openBrowser(""): Browser is opened with url: ''

03-07-2024T22:13:45 - [MESSAGE][INFO] - Starting 'Chrome' driver

03-07-2024T22:13:45 - [MESSAGE][INFO] - Action delay is set to 0 milliseconds

03-07-2024T22:13:48 - [MESSAGE][PASSED] - Browser is opened with url: ''

03-07-2024T22:13:48 - [TEST_STEP][PASSED] - navigateToUrl("https://academy.katalon.com/"): Navigate to 'https://academy.katalon.com/' successfully

03-07-2024T22:13:57 - [MESSAGE][PASSED] - Navigate to 'https://academy.katalon.com/' successfully

03-07-2024T22:13:57 - [TEST_STEP][PASSED] - closeBrowser(): Browser is closed

03-07-2024T22:14:01 - [MESSAGE][PASSED] - Browser is closed]]></system-out>
         <system-err><![CDATA[]]></system-err>
      </testcase>
      <testcase name="Test Cases/abc/New Test Case (8)" time="14.83" classname="Test Cases/abc/New Test Case (8)" status="PASSED">
         <system-out><![CDATA[03-07-2024T22:14:02 - [TEST_CASE][PASSED] - Test Cases/abc/New Test Case (8): Test Cases/abc/New Test Case (8)

03-07-2024T22:14:02 - [TEST_STEP][PASSED] - openBrowser(""): Browser is opened with url: ''

03-07-2024T22:14:02 - [MESSAGE][INFO] - Starting 'Chrome' driver

03-07-2024T22:14:02 - [MESSAGE][INFO] - Action delay is set to 0 milliseconds

03-07-2024T22:14:03 - [MESSAGE][PASSED] - Browser is opened with url: ''

03-07-2024T22:14:03 - [TEST_STEP][PASSED] - navigateToUrl("https://academy.katalon.com/"): Navigate to 'https://academy.katalon.com/' successfully

03-07-2024T22:14:13 - [MESSAGE][PASSED] - Navigate to 'https://academy.katalon.com/' successfully

03-07-2024T22:14:13 - [TEST_STEP][PASSED] - closeBrowser(): Browser is closed

03-07-2024T22:14:16 - [MESSAGE][PASSED] - Browser is closed]]></system-out>
         <system-err><![CDATA[]]></system-err>
      </testcase>
      <testcase name="Test Cases/abc/New Test Case (9)" time="14.888" classname="Test Cases/abc/New Test Case (9)" status="PASSED">
         <system-out><![CDATA[03-07-2024T22:14:16 - [TEST_CASE][PASSED] - Test Cases/abc/New Test Case (9): Test Cases/abc/New Test Case (9)

03-07-2024T22:14:16 - [TEST_STEP][PASSED] - openBrowser(""): Browser is opened with url: ''

03-07-2024T22:14:16 - [MESSAGE][INFO] - Starting 'Chrome' driver

03-07-2024T22:14:16 - [MESSAGE][INFO] - Action delay is set to 0 milliseconds

03-07-2024T22:14:18 - [MESSAGE][PASSED] - Browser is opened with url: ''

03-07-2024T22:14:18 - [TEST_STEP][PASSED] - navigateToUrl("https://academy.katalon.com/"): Navigate to 'https://academy.katalon.com/' successfully

03-07-2024T22:14:29 - [MESSAGE][PASSED] - Navigate to 'https://academy.katalon.com/' successfully

03-07-2024T22:14:29 - [TEST_STEP][PASSED] - closeBrowser(): Browser is closed

03-07-2024T22:14:31 - [MESSAGE][PASSED] - Browser is closed]]></system-out>
         <system-err><![CDATA[]]></system-err>
      </testcase>
      <testcase name="Test Cases/abc/New Test Case" time="14.774" classname="Test Cases/abc/New Test Case" status="PASSED">
         <system-out><![CDATA[03-07-2024T22:14:31 - [TEST_CASE][PASSED] - Test Cases/abc/New Test Case: Test Cases/abc/New Test Case

03-07-2024T22:14:31 - [TEST_STEP][PASSED] - openBrowser(""): Browser is opened with url: ''

03-07-2024T22:14:31 - [MESSAGE][INFO] - Starting 'Chrome' driver

03-07-2024T22:14:31 - [MESSAGE][INFO] - Action delay is set to 0 milliseconds

03-07-2024T22:14:34 - [MESSAGE][PASSED] - Browser is opened with url: ''

03-07-2024T22:14:34 - [TEST_STEP][PASSED] - navigateToUrl("https://academy.katalon.com/"): Navigate to 'https://academy.katalon.com/' successfully

03-07-2024T22:14:45 - [MESSAGE][PASSED] - Navigate to 'https://academy.katalon.com/' successfully

03-07-2024T22:14:45 - [TEST_STEP][PASSED] - closeBrowser(): Browser is closed

03-07-2024T22:14:46 - [MESSAGE][PASSED] - Browser is closed]]></system-out>
         <system-err><![CDATA[]]></system-err>
      </testcase>
      <testcase name="Test Cases/abcss/New Test Case (1)" time="3.514" classname="Test Cases/abcss/New Test Case (1)" status="PASSED">
         <system-out><![CDATA[03-07-2024T22:14:46 - [TEST_CASE][PASSED] - Test Cases/abcss/New Test Case (1): Test Cases/abcss/New Test Case (1)

03-07-2024T22:14:46 - [TEST_STEP][PASSED] - openBrowser(""): Browser is opened with url: ''

03-07-2024T22:14:46 - [MESSAGE][INFO] - Starting 'Chrome' driver

03-07-2024T22:14:46 - [MESSAGE][INFO] - Action delay is set to 0 milliseconds

03-07-2024T22:14:49 - [MESSAGE][PASSED] - Browser is opened with url: ''

03-07-2024T22:14:49 - [TEST_STEP][PASSED] - closeBrowser(): Browser is closed

03-07-2024T22:14:50 - [MESSAGE][PASSED] - Browser is closed]]></system-out>
         <system-err><![CDATA[]]></system-err>
      </testcase>
      <testcase name="Test Cases/abcss/New Test Case (10)" time="5.23" classname="Test Cases/abcss/New Test Case (10)" status="PASSED">
         <system-out><![CDATA[03-07-2024T22:14:50 - [TEST_CASE][PASSED] - Test Cases/abcss/New Test Case (10): Test Cases/abcss/New Test Case (10)

03-07-2024T22:14:50 - [TEST_STEP][PASSED] - openBrowser(""): Browser is opened with url: ''

03-07-2024T22:14:50 - [MESSAGE][INFO] - Starting 'Chrome' driver

03-07-2024T22:14:50 - [MESSAGE][INFO] - Action delay is set to 0 milliseconds

03-07-2024T22:14:51 - [MESSAGE][PASSED] - Browser is opened with url: ''

03-07-2024T22:14:51 - [TEST_STEP][PASSED] - closeBrowser(): Browser is closed

03-07-2024T22:14:55 - [MESSAGE][PASSED] - Browser is closed]]></system-out>
         <system-err><![CDATA[]]></system-err>
      </testcase>
      <testcase name="Test Cases/abcss/New Test Case (11)" time="3.769" classname="Test Cases/abcss/New Test Case (11)" status="PASSED">
         <system-out><![CDATA[03-07-2024T22:14:55 - [TEST_CASE][PASSED] - Test Cases/abcss/New Test Case (11): Test Cases/abcss/New Test Case (11)

03-07-2024T22:14:55 - [TEST_STEP][PASSED] - openBrowser(""): Browser is opened with url: ''

03-07-2024T22:14:55 - [MESSAGE][INFO] - Starting 'Chrome' driver

03-07-2024T22:14:55 - [MESSAGE][INFO] - Action delay is set to 0 milliseconds

03-07-2024T22:14:57 - [MESSAGE][PASSED] - Browser is opened with url: ''

03-07-2024T22:14:57 - [TEST_STEP][PASSED] - closeBrowser(): Browser is closed

03-07-2024T22:14:59 - [MESSAGE][PASSED] - Browser is closed]]></system-out>
         <system-err><![CDATA[]]></system-err>
      </testcase>
      <testcase name="Test Cases/abcss/New Test Case (12)" time="4.842" classname="Test Cases/abcss/New Test Case (12)" status="PASSED">
         <system-out><![CDATA[03-07-2024T22:14:59 - [TEST_CASE][PASSED] - Test Cases/abcss/New Test Case (12): Test Cases/abcss/New Test Case (12)

03-07-2024T22:14:59 - [TEST_STEP][PASSED] - openBrowser(""): Browser is opened with url: ''

03-07-2024T22:14:59 - [MESSAGE][INFO] - Starting 'Chrome' driver

03-07-2024T22:14:59 - [MESSAGE][INFO] - Action delay is set to 0 milliseconds

03-07-2024T22:15:02 - [MESSAGE][PASSED] - Browser is opened with url: ''

03-07-2024T22:15:02 - [TEST_STEP][PASSED] - closeBrowser(): Browser is closed

03-07-2024T22:15:04 - [MESSAGE][PASSED] - Browser is closed]]></system-out>
         <system-err><![CDATA[]]></system-err>
      </testcase>
      <testcase name="Test Cases/abcss/New Test Case (13)" time="5.934" classname="Test Cases/abcss/New Test Case (13)" status="PASSED">
         <system-out><![CDATA[03-07-2024T22:15:04 - [TEST_CASE][PASSED] - Test Cases/abcss/New Test Case (13): Test Cases/abcss/New Test Case (13)

03-07-2024T22:15:04 - [TEST_STEP][PASSED] - openBrowser(""): Browser is opened with url: ''

03-07-2024T22:15:04 - [MESSAGE][INFO] - Starting 'Chrome' driver

03-07-2024T22:15:04 - [MESSAGE][INFO] - Action delay is set to 0 milliseconds

03-07-2024T22:15:06 - [MESSAGE][PASSED] - Browser is opened with url: ''

03-07-2024T22:15:06 - [TEST_STEP][PASSED] - closeBrowser(): Browser is closed

03-07-2024T22:15:10 - [MESSAGE][PASSED] - Browser is closed]]></system-out>
         <system-err><![CDATA[]]></system-err>
      </testcase>
      <testcase name="Test Cases/abcss/New Test Case (14)" time="3.75" classname="Test Cases/abcss/New Test Case (14)" status="PASSED">
         <system-out><![CDATA[03-07-2024T22:15:10 - [TEST_CASE][PASSED] - Test Cases/abcss/New Test Case (14): Test Cases/abcss/New Test Case (14)

03-07-2024T22:15:10 - [TEST_STEP][PASSED] - openBrowser(""): Browser is opened with url: ''

03-07-2024T22:15:10 - [MESSAGE][INFO] - Starting 'Chrome' driver

03-07-2024T22:15:10 - [MESSAGE][INFO] - Action delay is set to 0 milliseconds

03-07-2024T22:15:13 - [MESSAGE][PASSED] - Browser is opened with url: ''

03-07-2024T22:15:13 - [TEST_STEP][PASSED] - closeBrowser(): Browser is closed

03-07-2024T22:15:13 - [MESSAGE][PASSED] - Browser is closed]]></system-out>
         <system-err><![CDATA[]]></system-err>
      </testcase>
      <testcase name="Test Cases/abcss/New Test Case (15)" time="3.676" classname="Test Cases/abcss/New Test Case (15)" status="PASSED">
         <system-out><![CDATA[03-07-2024T22:15:13 - [TEST_CASE][PASSED] - Test Cases/abcss/New Test Case (15): Test Cases/abcss/New Test Case (15)

03-07-2024T22:15:13 - [TEST_STEP][PASSED] - openBrowser(""): Browser is opened with url: ''

03-07-2024T22:15:13 - [MESSAGE][INFO] - Starting 'Chrome' driver

03-07-2024T22:15:13 - [MESSAGE][INFO] - Action delay is set to 0 milliseconds

03-07-2024T22:15:16 - [MESSAGE][PASSED] - Browser is opened with url: ''

03-07-2024T22:15:16 - [TEST_STEP][PASSED] - closeBrowser(): Browser is closed

03-07-2024T22:15:17 - [MESSAGE][PASSED] - Browser is closed]]></system-out>
         <system-err><![CDATA[]]></system-err>
      </testcase>
      <testcase name="Test Cases/abcss/New Test Case (16)" time="4.128" classname="Test Cases/abcss/New Test Case (16)" status="PASSED">
         <system-out><![CDATA[03-07-2024T22:15:17 - [TEST_CASE][PASSED] - Test Cases/abcss/New Test Case (16): Test Cases/abcss/New Test Case (16)

03-07-2024T22:15:17 - [TEST_STEP][PASSED] - openBrowser(""): Browser is opened with url: ''

03-07-2024T22:15:17 - [MESSAGE][INFO] - Starting 'Chrome' driver

03-07-2024T22:15:17 - [MESSAGE][INFO] - Action delay is set to 0 milliseconds

03-07-2024T22:15:20 - [MESSAGE][PASSED] - Browser is opened with url: ''

03-07-2024T22:15:20 - [TEST_STEP][PASSED] - closeBrowser(): Browser is closed

03-07-2024T22:15:21 - [MESSAGE][PASSED] - Browser is closed]]></system-out>
         <system-err><![CDATA[]]></system-err>
      </testcase>
      <testcase name="Test Cases/abcss/New Test Case (17)" time="3.873" classname="Test Cases/abcss/New Test Case (17)" status="PASSED">
         <system-out><![CDATA[03-07-2024T22:15:21 - [TEST_CASE][PASSED] - Test Cases/abcss/New Test Case (17): Test Cases/abcss/New Test Case (17)

03-07-2024T22:15:21 - [TEST_STEP][PASSED] - openBrowser(""): Browser is opened with url: ''

03-07-2024T22:15:21 - [MESSAGE][INFO] - Starting 'Chrome' driver

03-07-2024T22:15:21 - [MESSAGE][INFO] - Action delay is set to 0 milliseconds

03-07-2024T22:15:24 - [MESSAGE][PASSED] - Browser is opened with url: ''

03-07-2024T22:15:24 - [TEST_STEP][PASSED] - closeBrowser(): Browser is closed

03-07-2024T22:15:25 - [MESSAGE][PASSED] - Browser is closed]]></system-out>
         <system-err><![CDATA[]]></system-err>
      </testcase>
      <testcase name="Test Cases/abcss/New Test Case (18)" time="7.272" classname="Test Cases/abcss/New Test Case (18)" status="PASSED">
         <system-out><![CDATA[03-07-2024T22:15:25 - [TEST_CASE][PASSED] - Test Cases/abcss/New Test Case (18): Test Cases/abcss/New Test Case (18)

03-07-2024T22:15:25 - [TEST_STEP][PASSED] - openBrowser(""): Browser is opened with url: ''

03-07-2024T22:15:25 - [MESSAGE][INFO] - Starting 'Chrome' driver

03-07-2024T22:15:25 - [MESSAGE][INFO] - Action delay is set to 0 milliseconds

03-07-2024T22:15:27 - [MESSAGE][PASSED] - Browser is opened with url: ''

03-07-2024T22:15:27 - [TEST_STEP][PASSED] - closeBrowser(): Browser is closed

03-07-2024T22:15:32 - [MESSAGE][PASSED] - Browser is closed]]></system-out>
         <system-err><![CDATA[]]></system-err>
      </testcase>
      <testcase name="Test Cases/abcss/New Test Case (19)" time="4.585" classname="Test Cases/abcss/New Test Case (19)" status="PASSED">
         <system-out><![CDATA[03-07-2024T22:15:32 - [TEST_CASE][PASSED] - Test Cases/abcss/New Test Case (19): Test Cases/abcss/New Test Case (19)

03-07-2024T22:15:32 - [TEST_STEP][PASSED] - openBrowser(""): Browser is opened with url: ''

03-07-2024T22:15:33 - [MESSAGE][INFO] - Starting 'Chrome' driver

03-07-2024T22:15:33 - [MESSAGE][INFO] - Action delay is set to 0 milliseconds

03-07-2024T22:15:34 - [MESSAGE][PASSED] - Browser is opened with url: ''

03-07-2024T22:15:34 - [TEST_STEP][PASSED] - closeBrowser(): Browser is closed

03-07-2024T22:15:37 - [MESSAGE][PASSED] - Browser is closed]]></system-out>
         <system-err><![CDATA[]]></system-err>
      </testcase>
      <testcase name="Test Cases/abcss/New Test Case (2)" time="5.779" classname="Test Cases/abcss/New Test Case (2)" status="PASSED">
         <system-out><![CDATA[03-07-2024T22:15:37 - [TEST_CASE][PASSED] - Test Cases/abcss/New Test Case (2): Test Cases/abcss/New Test Case (2)

03-07-2024T22:15:37 - [TEST_STEP][PASSED] - openBrowser(""): Browser is opened with url: ''

03-07-2024T22:15:37 - [MESSAGE][INFO] - Starting 'Chrome' driver

03-07-2024T22:15:37 - [MESSAGE][INFO] - Action delay is set to 0 milliseconds

03-07-2024T22:15:40 - [MESSAGE][PASSED] - Browser is opened with url: ''

03-07-2024T22:15:40 - [TEST_STEP][PASSED] - closeBrowser(): Browser is closed

03-07-2024T22:15:43 - [MESSAGE][PASSED] - Browser is closed]]></system-out>
         <system-err><![CDATA[]]></system-err>
      </testcase>
      <testcase name="Test Cases/abcss/New Test Case (20)" time="4.054" classname="Test Cases/abcss/New Test Case (20)" status="PASSED">
         <system-out><![CDATA[03-07-2024T22:15:43 - [TEST_CASE][PASSED] - Test Cases/abcss/New Test Case (20): Test Cases/abcss/New Test Case (20)

03-07-2024T22:15:43 - [TEST_STEP][PASSED] - openBrowser(""): Browser is opened with url: ''

03-07-2024T22:15:43 - [MESSAGE][INFO] - Starting 'Chrome' driver

03-07-2024T22:15:43 - [MESSAGE][INFO] - Action delay is set to 0 milliseconds

03-07-2024T22:15:45 - [MESSAGE][PASSED] - Browser is opened with url: ''

03-07-2024T22:15:45 - [TEST_STEP][PASSED] - closeBrowser(): Browser is closed

03-07-2024T22:15:47 - [MESSAGE][PASSED] - Browser is closed]]></system-out>
         <system-err><![CDATA[]]></system-err>
      </testcase>
      <testcase name="Test Cases/abcss/New Test Case (21)" time="4.934" classname="Test Cases/abcss/New Test Case (21)" status="PASSED">
         <system-out><![CDATA[03-07-2024T22:15:47 - [TEST_CASE][PASSED] - Test Cases/abcss/New Test Case (21): Test Cases/abcss/New Test Case (21)

03-07-2024T22:15:47 - [TEST_STEP][PASSED] - openBrowser(""): Browser is opened with url: ''

03-07-2024T22:15:47 - [MESSAGE][INFO] - Starting 'Chrome' driver

03-07-2024T22:15:47 - [MESSAGE][INFO] - Action delay is set to 0 milliseconds

03-07-2024T22:15:50 - [MESSAGE][PASSED] - Browser is opened with url: ''

03-07-2024T22:15:50 - [TEST_STEP][PASSED] - closeBrowser(): Browser is closed

03-07-2024T22:15:52 - [MESSAGE][PASSED] - Browser is closed]]></system-out>
         <system-err><![CDATA[]]></system-err>
      </testcase>
      <testcase name="Test Cases/abcss/New Test Case (22)" time="3.127" classname="Test Cases/abcss/New Test Case (22)" status="PASSED">
         <system-out><![CDATA[03-07-2024T22:15:52 - [TEST_CASE][PASSED] - Test Cases/abcss/New Test Case (22): Test Cases/abcss/New Test Case (22)

03-07-2024T22:15:52 - [TEST_STEP][PASSED] - openBrowser(""): Browser is opened with url: ''

03-07-2024T22:15:52 - [MESSAGE][INFO] - Starting 'Chrome' driver

03-07-2024T22:15:52 - [MESSAGE][INFO] - Action delay is set to 0 milliseconds

03-07-2024T22:15:53 - [MESSAGE][PASSED] - Browser is opened with url: ''

03-07-2024T22:15:53 - [TEST_STEP][PASSED] - closeBrowser(): Browser is closed

03-07-2024T22:15:55 - [MESSAGE][PASSED] - Browser is closed]]></system-out>
         <system-err><![CDATA[]]></system-err>
      </testcase>
      <testcase name="Test Cases/abcss/New Test Case (23)" time="3.553" classname="Test Cases/abcss/New Test Case (23)" status="PASSED">
         <system-out><![CDATA[03-07-2024T22:15:55 - [TEST_CASE][PASSED] - Test Cases/abcss/New Test Case (23): Test Cases/abcss/New Test Case (23)

03-07-2024T22:15:55 - [TEST_STEP][PASSED] - openBrowser(""): Browser is opened with url: ''

03-07-2024T22:15:55 - [MESSAGE][INFO] - Starting 'Chrome' driver

03-07-2024T22:15:55 - [MESSAGE][INFO] - Action delay is set to 0 milliseconds

03-07-2024T22:15:58 - [MESSAGE][PASSED] - Browser is opened with url: ''

03-07-2024T22:15:58 - [TEST_STEP][PASSED] - closeBrowser(): Browser is closed

03-07-2024T22:15:58 - [MESSAGE][PASSED] - Browser is closed]]></system-out>
         <system-err><![CDATA[]]></system-err>
      </testcase>
      <testcase name="Test Cases/abcss/New Test Case (24)" time="3.971" classname="Test Cases/abcss/New Test Case (24)" status="PASSED">
         <system-out><![CDATA[03-07-2024T22:15:58 - [TEST_CASE][PASSED] - Test Cases/abcss/New Test Case (24): Test Cases/abcss/New Test Case (24)

03-07-2024T22:15:59 - [TEST_STEP][PASSED] - openBrowser(""): Browser is opened with url: ''

03-07-2024T22:15:59 - [MESSAGE][INFO] - Starting 'Chrome' driver

03-07-2024T22:15:59 - [MESSAGE][INFO] - Action delay is set to 0 milliseconds

03-07-2024T22:16:02 - [MESSAGE][PASSED] - Browser is opened with url: ''

03-07-2024T22:16:02 - [TEST_STEP][PASSED] - closeBrowser(): Browser is closed

03-07-2024T22:16:02 - [MESSAGE][PASSED] - Browser is closed]]></system-out>
         <system-err><![CDATA[]]></system-err>
      </testcase>
      <testcase name="Test Cases/abcss/New Test Case (25)" time="4.358" classname="Test Cases/abcss/New Test Case (25)" status="PASSED">
         <system-out><![CDATA[03-07-2024T22:16:03 - [TEST_CASE][PASSED] - Test Cases/abcss/New Test Case (25): Test Cases/abcss/New Test Case (25)

03-07-2024T22:16:03 - [TEST_STEP][PASSED] - openBrowser(""): Browser is opened with url: ''

03-07-2024T22:16:03 - [MESSAGE][INFO] - Starting 'Chrome' driver

03-07-2024T22:16:03 - [MESSAGE][INFO] - Action delay is set to 0 milliseconds

03-07-2024T22:16:06 - [MESSAGE][PASSED] - Browser is opened with url: ''

03-07-2024T22:16:06 - [TEST_STEP][PASSED] - closeBrowser(): Browser is closed

03-07-2024T22:16:07 - [MESSAGE][PASSED] - Browser is closed]]></system-out>
         <system-err><![CDATA[]]></system-err>
      </testcase>
      <testcase name="Test Cases/abcss/New Test Case (26)" time="8.79" classname="Test Cases/abcss/New Test Case (26)" status="PASSED">
         <system-out><![CDATA[03-07-2024T22:16:07 - [TEST_CASE][PASSED] - Test Cases/abcss/New Test Case (26): Test Cases/abcss/New Test Case (26)

03-07-2024T22:16:07 - [TEST_STEP][PASSED] - openBrowser(""): Browser is opened with url: ''

03-07-2024T22:16:07 - [MESSAGE][INFO] - Starting 'Chrome' driver

03-07-2024T22:16:07 - [MESSAGE][INFO] - Action delay is set to 0 milliseconds

03-07-2024T22:16:10 - [MESSAGE][PASSED] - Browser is opened with url: ''

03-07-2024T22:16:10 - [TEST_STEP][PASSED] - closeBrowser(): Browser is closed

03-07-2024T22:16:16 - [MESSAGE][PASSED] - Browser is closed]]></system-out>
         <system-err><![CDATA[]]></system-err>
      </testcase>
      <testcase name="Test Cases/abcss/New Test Case (27)" time="4.474" classname="Test Cases/abcss/New Test Case (27)" status="PASSED">
         <system-out><![CDATA[03-07-2024T22:16:16 - [TEST_CASE][PASSED] - Test Cases/abcss/New Test Case (27): Test Cases/abcss/New Test Case (27)

03-07-2024T22:16:16 - [TEST_STEP][PASSED] - openBrowser(""): Browser is opened with url: ''

03-07-2024T22:16:16 - [MESSAGE][INFO] - Starting 'Chrome' driver

03-07-2024T22:16:16 - [MESSAGE][INFO] - Action delay is set to 0 milliseconds

03-07-2024T22:16:17 - [MESSAGE][PASSED] - Browser is opened with url: ''

03-07-2024T22:16:17 - [TEST_STEP][PASSED] - closeBrowser(): Browser is closed

03-07-2024T22:16:20 - [MESSAGE][PASSED] - Browser is closed]]></system-out>
         <system-err><![CDATA[]]></system-err>
      </testcase>
      <testcase name="Test Cases/abcss/New Test Case (28)" time="4.269" classname="Test Cases/abcss/New Test Case (28)" status="PASSED">
         <system-out><![CDATA[03-07-2024T22:16:20 - [TEST_CASE][PASSED] - Test Cases/abcss/New Test Case (28): Test Cases/abcss/New Test Case (28)

03-07-2024T22:16:20 - [TEST_STEP][PASSED] - openBrowser(""): Browser is opened with url: ''

03-07-2024T22:16:20 - [MESSAGE][INFO] - Starting 'Chrome' driver

03-07-2024T22:16:20 - [MESSAGE][INFO] - Action delay is set to 0 milliseconds

03-07-2024T22:16:23 - [MESSAGE][PASSED] - Browser is opened with url: ''

03-07-2024T22:16:23 - [TEST_STEP][PASSED] - closeBrowser(): Browser is closed

03-07-2024T22:16:24 - [MESSAGE][PASSED] - Browser is closed]]></system-out>
         <system-err><![CDATA[]]></system-err>
      </testcase>
      <testcase name="Test Cases/abcss/New Test Case (29)" time="5.191" classname="Test Cases/abcss/New Test Case (29)" status="PASSED">
         <system-out><![CDATA[03-07-2024T22:16:24 - [TEST_CASE][PASSED] - Test Cases/abcss/New Test Case (29): Test Cases/abcss/New Test Case (29)

03-07-2024T22:16:25 - [TEST_STEP][PASSED] - openBrowser(""): Browser is opened with url: ''

03-07-2024T22:16:25 - [MESSAGE][INFO] - Starting 'Chrome' driver

03-07-2024T22:16:25 - [MESSAGE][INFO] - Action delay is set to 0 milliseconds

03-07-2024T22:16:26 - [MESSAGE][PASSED] - Browser is opened with url: ''

03-07-2024T22:16:26 - [TEST_STEP][PASSED] - closeBrowser(): Browser is closed

03-07-2024T22:16:30 - [MESSAGE][PASSED] - Browser is closed]]></system-out>
         <system-err><![CDATA[]]></system-err>
      </testcase>
      <testcase name="Test Cases/abcss/New Test Case (3)" time="4.982" classname="Test Cases/abcss/New Test Case (3)" status="PASSED">
         <system-out><![CDATA[03-07-2024T22:16:30 - [TEST_CASE][PASSED] - Test Cases/abcss/New Test Case (3): Test Cases/abcss/New Test Case (3)

03-07-2024T22:16:30 - [TEST_STEP][PASSED] - openBrowser(""): Browser is opened with url: ''

03-07-2024T22:16:30 - [MESSAGE][INFO] - Starting 'Chrome' driver

03-07-2024T22:16:30 - [MESSAGE][INFO] - Action delay is set to 0 milliseconds

03-07-2024T22:16:31 - [MESSAGE][PASSED] - Browser is opened with url: ''

03-07-2024T22:16:31 - [TEST_STEP][PASSED] - closeBrowser(): Browser is closed

03-07-2024T22:16:35 - [MESSAGE][PASSED] - Browser is closed]]></system-out>
         <system-err><![CDATA[]]></system-err>
      </testcase>
      <testcase name="Test Cases/abcss/New Test Case (30)" time="4.64" classname="Test Cases/abcss/New Test Case (30)" status="PASSED">
         <system-out><![CDATA[03-07-2024T22:16:35 - [TEST_CASE][PASSED] - Test Cases/abcss/New Test Case (30): Test Cases/abcss/New Test Case (30)

03-07-2024T22:16:35 - [TEST_STEP][PASSED] - openBrowser(""): Browser is opened with url: ''

03-07-2024T22:16:35 - [MESSAGE][INFO] - Starting 'Chrome' driver

03-07-2024T22:16:35 - [MESSAGE][INFO] - Action delay is set to 0 milliseconds

03-07-2024T22:16:37 - [MESSAGE][PASSED] - Browser is opened with url: ''

03-07-2024T22:16:37 - [TEST_STEP][PASSED] - closeBrowser(): Browser is closed

03-07-2024T22:16:39 - [MESSAGE][PASSED] - Browser is closed]]></system-out>
         <system-err><![CDATA[]]></system-err>
      </testcase>
      <testcase name="Test Cases/abcss/New Test Case (31)" time="5.329" classname="Test Cases/abcss/New Test Case (31)" status="PASSED">
         <system-out><![CDATA[03-07-2024T22:16:39 - [TEST_CASE][PASSED] - Test Cases/abcss/New Test Case (31): Test Cases/abcss/New Test Case (31)

03-07-2024T22:16:39 - [TEST_STEP][PASSED] - openBrowser(""): Browser is opened with url: ''

03-07-2024T22:16:39 - [MESSAGE][INFO] - Starting 'Chrome' driver

03-07-2024T22:16:39 - [MESSAGE][INFO] - Action delay is set to 0 milliseconds

03-07-2024T22:16:42 - [MESSAGE][PASSED] - Browser is opened with url: ''

03-07-2024T22:16:42 - [TEST_STEP][PASSED] - closeBrowser(): Browser is closed

03-07-2024T22:16:45 - [MESSAGE][PASSED] - Browser is closed]]></system-out>
         <system-err><![CDATA[]]></system-err>
      </testcase>
      <testcase name="Test Cases/abcss/New Test Case (32)" time="6.627" classname="Test Cases/abcss/New Test Case (32)" status="PASSED">
         <system-out><![CDATA[03-07-2024T22:16:45 - [TEST_CASE][PASSED] - Test Cases/abcss/New Test Case (32): Test Cases/abcss/New Test Case (32)

03-07-2024T22:16:45 - [TEST_STEP][PASSED] - openBrowser(""): Browser is opened with url: ''

03-07-2024T22:16:45 - [MESSAGE][INFO] - Starting 'Chrome' driver

03-07-2024T22:16:45 - [MESSAGE][INFO] - Action delay is set to 0 milliseconds

03-07-2024T22:16:49 - [MESSAGE][PASSED] - Browser is opened with url: ''

03-07-2024T22:16:49 - [TEST_STEP][PASSED] - closeBrowser(): Browser is closed

03-07-2024T22:16:51 - [MESSAGE][PASSED] - Browser is closed]]></system-out>
         <system-err><![CDATA[]]></system-err>
      </testcase>
      <testcase name="Test Cases/abcss/New Test Case (33)" time="4.271" classname="Test Cases/abcss/New Test Case (33)" status="PASSED">
         <system-out><![CDATA[03-07-2024T22:16:51 - [TEST_CASE][PASSED] - Test Cases/abcss/New Test Case (33): Test Cases/abcss/New Test Case (33)

03-07-2024T22:16:51 - [TEST_STEP][PASSED] - openBrowser(""): Browser is opened with url: ''

03-07-2024T22:16:51 - [MESSAGE][INFO] - Starting 'Chrome' driver

03-07-2024T22:16:51 - [MESSAGE][INFO] - Action delay is set to 0 milliseconds

03-07-2024T22:16:54 - [MESSAGE][PASSED] - Browser is opened with url: ''

03-07-2024T22:16:54 - [TEST_STEP][PASSED] - closeBrowser(): Browser is closed

03-07-2024T22:16:56 - [MESSAGE][PASSED] - Browser is closed]]></system-out>
         <system-err><![CDATA[]]></system-err>
      </testcase>
      <testcase name="Test Cases/abcss/New Test Case (34)" time="4.462" classname="Test Cases/abcss/New Test Case (34)" status="PASSED">
         <system-out><![CDATA[03-07-2024T22:16:56 - [TEST_CASE][PASSED] - Test Cases/abcss/New Test Case (34): Test Cases/abcss/New Test Case (34)

03-07-2024T22:16:56 - [TEST_STEP][PASSED] - openBrowser(""): Browser is opened with url: ''

03-07-2024T22:16:56 - [MESSAGE][INFO] - Starting 'Chrome' driver

03-07-2024T22:16:56 - [MESSAGE][INFO] - Action delay is set to 0 milliseconds

03-07-2024T22:16:58 - [MESSAGE][PASSED] - Browser is opened with url: ''

03-07-2024T22:16:58 - [TEST_STEP][PASSED] - closeBrowser(): Browser is closed

03-07-2024T22:17:00 - [MESSAGE][PASSED] - Browser is closed]]></system-out>
         <system-err><![CDATA[]]></system-err>
      </testcase>
      <testcase name="Test Cases/abcss/New Test Case (4)" time="4.378" classname="Test Cases/abcss/New Test Case (4)" status="PASSED">
         <system-out><![CDATA[03-07-2024T22:17:00 - [TEST_CASE][PASSED] - Test Cases/abcss/New Test Case (4): Test Cases/abcss/New Test Case (4)

03-07-2024T22:17:00 - [TEST_STEP][PASSED] - openBrowser(""): Browser is opened with url: ''

03-07-2024T22:17:00 - [MESSAGE][INFO] - Starting 'Chrome' driver

03-07-2024T22:17:00 - [MESSAGE][INFO] - Action delay is set to 0 milliseconds

03-07-2024T22:17:02 - [MESSAGE][PASSED] - Browser is opened with url: ''

03-07-2024T22:17:02 - [TEST_STEP][PASSED] - closeBrowser(): Browser is closed

03-07-2024T22:17:04 - [MESSAGE][PASSED] - Browser is closed]]></system-out>
         <system-err><![CDATA[]]></system-err>
      </testcase>
      <testcase name="Test Cases/abcss/New Test Case (5)" time="2.212" classname="Test Cases/abcss/New Test Case (5)" status="PASSED">
         <system-out><![CDATA[03-07-2024T22:17:04 - [TEST_CASE][PASSED] - Test Cases/abcss/New Test Case (5): Test Cases/abcss/New Test Case (5)

03-07-2024T22:17:04 - [TEST_STEP][PASSED] - openBrowser(""): Browser is opened with url: ''

03-07-2024T22:17:05 - [MESSAGE][INFO] - Starting 'Chrome' driver

03-07-2024T22:17:05 - [MESSAGE][INFO] - Action delay is set to 0 milliseconds

03-07-2024T22:17:06 - [MESSAGE][PASSED] - Browser is opened with url: ''

03-07-2024T22:17:06 - [TEST_STEP][PASSED] - closeBrowser(): Browser is closed

03-07-2024T22:17:07 - [MESSAGE][PASSED] - Browser is closed]]></system-out>
         <system-err><![CDATA[]]></system-err>
      </testcase>
      <testcase name="Test Cases/abcss/New Test Case (6)" time="5.668" classname="Test Cases/abcss/New Test Case (6)" status="PASSED">
         <system-out><![CDATA[03-07-2024T22:17:07 - [TEST_CASE][PASSED] - Test Cases/abcss/New Test Case (6): Test Cases/abcss/New Test Case (6)

03-07-2024T22:17:07 - [TEST_STEP][PASSED] - openBrowser(""): Browser is opened with url: ''

03-07-2024T22:17:07 - [MESSAGE][INFO] - Starting 'Chrome' driver

03-07-2024T22:17:07 - [MESSAGE][INFO] - Action delay is set to 0 milliseconds

03-07-2024T22:17:10 - [MESSAGE][PASSED] - Browser is opened with url: ''

03-07-2024T22:17:10 - [TEST_STEP][PASSED] - closeBrowser(): Browser is closed

03-07-2024T22:17:12 - [MESSAGE][PASSED] - Browser is closed]]></system-out>
         <system-err><![CDATA[]]></system-err>
      </testcase>
      <testcase name="Test Cases/abcss/New Test Case (7)" time="4.668" classname="Test Cases/abcss/New Test Case (7)" status="PASSED">
         <system-out><![CDATA[03-07-2024T22:17:12 - [TEST_CASE][PASSED] - Test Cases/abcss/New Test Case (7): Test Cases/abcss/New Test Case (7)

03-07-2024T22:17:12 - [TEST_STEP][PASSED] - openBrowser(""): Browser is opened with url: ''

03-07-2024T22:17:12 - [MESSAGE][INFO] - Starting 'Chrome' driver

03-07-2024T22:17:12 - [MESSAGE][INFO] - Action delay is set to 0 milliseconds

03-07-2024T22:17:15 - [MESSAGE][PASSED] - Browser is opened with url: ''

03-07-2024T22:17:15 - [TEST_STEP][PASSED] - closeBrowser(): Browser is closed

03-07-2024T22:17:17 - [MESSAGE][PASSED] - Browser is closed]]></system-out>
         <system-err><![CDATA[]]></system-err>
      </testcase>
      <testcase name="Test Cases/abcss/New Test Case (8)" time="5.491" classname="Test Cases/abcss/New Test Case (8)" status="PASSED">
         <system-out><![CDATA[03-07-2024T22:17:17 - [TEST_CASE][PASSED] - Test Cases/abcss/New Test Case (8): Test Cases/abcss/New Test Case (8)

03-07-2024T22:17:17 - [TEST_STEP][PASSED] - openBrowser(""): Browser is opened with url: ''

03-07-2024T22:17:17 - [MESSAGE][INFO] - Starting 'Chrome' driver

03-07-2024T22:17:17 - [MESSAGE][INFO] - Action delay is set to 0 milliseconds

03-07-2024T22:17:20 - [MESSAGE][PASSED] - Browser is opened with url: ''

03-07-2024T22:17:20 - [TEST_STEP][PASSED] - closeBrowser(): Browser is closed

03-07-2024T22:17:23 - [MESSAGE][PASSED] - Browser is closed]]></system-out>
         <system-err><![CDATA[]]></system-err>
      </testcase>
      <testcase name="Test Cases/abcss/New Test Case (9)" time="5.16" classname="Test Cases/abcss/New Test Case (9)" status="PASSED">
         <system-out><![CDATA[03-07-2024T22:17:23 - [TEST_CASE][PASSED] - Test Cases/abcss/New Test Case (9): Test Cases/abcss/New Test Case (9)

03-07-2024T22:17:23 - [TEST_STEP][PASSED] - openBrowser(""): Browser is opened with url: ''

03-07-2024T22:17:23 - [MESSAGE][INFO] - Starting 'Chrome' driver

03-07-2024T22:17:23 - [MESSAGE][INFO] - Action delay is set to 0 milliseconds

03-07-2024T22:17:25 - [MESSAGE][PASSED] - Browser is opened with url: ''

03-07-2024T22:17:25 - [TEST_STEP][PASSED] - closeBrowser(): Browser is closed

03-07-2024T22:17:28 - [MESSAGE][PASSED] - Browser is closed]]></system-out>
         <system-err><![CDATA[]]></system-err>
      </testcase>
      <testcase name="Test Cases/abcss/New Test Case" time="3.791" classname="Test Cases/abcss/New Test Case" status="PASSED">
         <system-out><![CDATA[03-07-2024T22:17:28 - [TEST_CASE][PASSED] - Test Cases/abcss/New Test Case: Test Cases/abcss/New Test Case

03-07-2024T22:17:28 - [TEST_STEP][PASSED] - openBrowser(""): Browser is opened with url: ''

03-07-2024T22:17:28 - [MESSAGE][INFO] - Starting 'Chrome' driver

03-07-2024T22:17:28 - [MESSAGE][INFO] - Action delay is set to 0 milliseconds

03-07-2024T22:17:30 - [MESSAGE][PASSED] - Browser is opened with url: ''

03-07-2024T22:17:30 - [TEST_STEP][PASSED] - closeBrowser(): Browser is closed

03-07-2024T22:17:32 - [MESSAGE][PASSED] - Browser is closed]]></system-out>
         <system-err><![CDATA[]]></system-err>
      </testcase>
      <testcase name="Test Cases/ac/New Test Case (1)" time="47.957" classname="Test Cases/ac/New Test Case (1)" status="PASSED">
         <system-out><![CDATA[03-07-2024T22:17:32 - [TEST_CASE][PASSED] - Test Cases/ac/New Test Case (1): Test Cases/ac/New Test Case (1)

03-07-2024T22:17:32 - [TEST_STEP][PASSED] - openBrowser(""): Browser is opened with url: ''

03-07-2024T22:17:32 - [MESSAGE][INFO] - Starting 'Chrome' driver

03-07-2024T22:17:32 - [MESSAGE][INFO] - Action delay is set to 0 milliseconds

03-07-2024T22:17:34 - [MESSAGE][PASSED] - Browser is opened with url: ''

03-07-2024T22:17:34 - [TEST_STEP][PASSED] - navigateToUrl("https://academy.katalon.com/"): Navigate to 'https://academy.katalon.com/' successfully

03-07-2024T22:17:39 - [MESSAGE][PASSED] - Navigate to 'https://academy.katalon.com/' successfully

03-07-2024T22:17:39 - [TEST_STEP][PASSED] - takeScreenshotAsCheckpoint("current_viewport 1"): Taking screenshot successfully

03-07-2024T22:17:49 - [MESSAGE][INFO] - 0 hidden object(s)

03-07-2024T22:17:50 - [MESSAGE][PASSED] - Taking screenshot successfully
[[ATTACHMENT|keyes\keyes-current_viewport 1.png]]

03-07-2024T22:17:50 - [TEST_STEP][PASSED] - takeScreenshotAsCheckpoint("current_viewport 2 "): Taking screenshot successfully

03-07-2024T22:17:51 - [MESSAGE][INFO] - 0 hidden object(s)

03-07-2024T22:17:51 - [MESSAGE][PASSED] - Taking screenshot successfully
[[ATTACHMENT|keyes\keyes-current_viewport 2.png]]

03-07-2024T22:17:51 - [TEST_STEP][PASSED] - takeScreenshotAsCheckpoint("current_viewport 3"): Taking screenshot successfully

03-07-2024T22:17:53 - [MESSAGE][INFO] - 0 hidden object(s)

03-07-2024T22:17:53 - [MESSAGE][PASSED] - Taking screenshot successfully
[[ATTACHMENT|keyes\keyes-current_viewport 3.png]]

03-07-2024T22:17:53 - [TEST_STEP][PASSED] - takeScreenshotAsCheckpoint("current_viewport 4"): Taking screenshot successfully

03-07-2024T22:17:54 - [MESSAGE][INFO] - 0 hidden object(s)

03-07-2024T22:17:55 - [MESSAGE][PASSED] - Taking screenshot successfully
[[ATTACHMENT|keyes\keyes-current_viewport 4.png]]

03-07-2024T22:17:55 - [TEST_STEP][PASSED] - takeScreenshotAsCheckpoint("current_viewport 5"): Taking screenshot successfully

03-07-2024T22:17:55 - [MESSAGE][INFO] - 0 hidden object(s)

03-07-2024T22:17:56 - [MESSAGE][PASSED] - Taking screenshot successfully
[[ATTACHMENT|keyes\keyes-current_viewport 5.png]]

03-07-2024T22:17:56 - [TEST_STEP][PASSED] - takeScreenshotAsCheckpoint("current_viewport 6"): Taking screenshot successfully

03-07-2024T22:17:57 - [MESSAGE][INFO] - 0 hidden object(s)

03-07-2024T22:17:57 - [MESSAGE][PASSED] - Taking screenshot successfully
[[ATTACHMENT|keyes\keyes-current_viewport 6.png]]

03-07-2024T22:17:57 - [TEST_STEP][PASSED] - takeScreenshotAsCheckpoint("current_viewport 7"): Taking screenshot successfully

03-07-2024T22:17:58 - [MESSAGE][INFO] - 0 hidden object(s)

03-07-2024T22:17:58 - [MESSAGE][PASSED] - Taking screenshot successfully
[[ATTACHMENT|keyes\keyes-current_viewport 7.png]]

03-07-2024T22:17:58 - [TEST_STEP][PASSED] - takeScreenshotAsCheckpoint("current_viewport 8 "): Taking screenshot successfully

03-07-2024T22:17:59 - [MESSAGE][INFO] - 0 hidden object(s)

03-07-2024T22:17:59 - [MESSAGE][PASSED] - Taking screenshot successfully
[[ATTACHMENT|keyes\keyes-current_viewport 8.png]]

03-07-2024T22:17:59 - [TEST_STEP][PASSED] - takeScreenshotAsCheckpoint("current_viewport9"): Taking screenshot successfully

03-07-2024T22:18:03 - [MESSAGE][INFO] - 0 hidden object(s)

03-07-2024T22:18:04 - [MESSAGE][PASSED] - Taking screenshot successfully
[[ATTACHMENT|keyes\keyes-current_viewport9.png]]

03-07-2024T22:18:04 - [TEST_STEP][PASSED] - takeScreenshotAsCheckpoint("current_viewport 10"): Taking screenshot successfully

03-07-2024T22:18:05 - [MESSAGE][INFO] - 0 hidden object(s)

03-07-2024T22:18:05 - [MESSAGE][PASSED] - Taking screenshot successfully
[[ATTACHMENT|keyes\keyes-current_viewport 10.png]]

03-07-2024T22:18:05 - [TEST_STEP][PASSED] - takeScreenshotAsCheckpoint("current_viewport11"): Taking screenshot successfully

03-07-2024T22:18:07 - [MESSAGE][INFO] - 0 hidden object(s)

03-07-2024T22:18:07 - [MESSAGE][PASSED] - Taking screenshot successfully
[[ATTACHMENT|keyes\keyes-current_viewport11.png]]

03-07-2024T22:18:07 - [TEST_STEP][PASSED] - takeScreenshotAsCheckpoint("current_viewport12"): Taking screenshot successfully

03-07-2024T22:18:09 - [MESSAGE][INFO] - 0 hidden object(s)

03-07-2024T22:18:09 - [MESSAGE][PASSED] - Taking screenshot successfully
[[ATTACHMENT|keyes\keyes-current_viewport12.png]]

03-07-2024T22:18:09 - [TEST_STEP][PASSED] - takeScreenshotAsCheckpoint("current_viewport13"): Taking screenshot successfully

03-07-2024T22:18:10 - [MESSAGE][INFO] - 0 hidden object(s)

03-07-2024T22:18:10 - [MESSAGE][PASSED] - Taking screenshot successfully
[[ATTACHMENT|keyes\keyes-current_viewport13.png]]

03-07-2024T22:18:10 - [TEST_STEP][PASSED] - takeScreenshotAsCheckpoint("current_viewport14"): Taking screenshot successfully

03-07-2024T22:18:11 - [MESSAGE][INFO] - 0 hidden object(s)

03-07-2024T22:18:11 - [MESSAGE][PASSED] - Taking screenshot successfully
[[ATTACHMENT|keyes\keyes-current_viewport14.png]]

03-07-2024T22:18:11 - [TEST_STEP][PASSED] - takeScreenshotAsCheckpoint("current_viewport15"): Taking screenshot successfully

03-07-2024T22:18:13 - [MESSAGE][INFO] - 0 hidden object(s)

03-07-2024T22:18:13 - [MESSAGE][PASSED] - Taking screenshot successfully
[[ATTACHMENT|keyes\keyes-current_viewport15.png]]

03-07-2024T22:18:13 - [TEST_STEP][PASSED] - takeScreenshotAsCheckpoint("current_viewport16"): Taking screenshot successfully

03-07-2024T22:18:14 - [MESSAGE][INFO] - 0 hidden object(s)

03-07-2024T22:18:15 - [MESSAGE][PASSED] - Taking screenshot successfully
[[ATTACHMENT|keyes\keyes-current_viewport16.png]]

03-07-2024T22:18:15 - [TEST_STEP][PASSED] - takeScreenshotAsCheckpoint("current_viewport17"): Taking screenshot successfully

03-07-2024T22:18:16 - [MESSAGE][INFO] - 0 hidden object(s)

03-07-2024T22:18:16 - [MESSAGE][PASSED] - Taking screenshot successfully
[[ATTACHMENT|keyes\keyes-current_viewport17.png]]

03-07-2024T22:18:16 - [TEST_STEP][PASSED] - takeScreenshotAsCheckpoint("current_viewport16"): Taking screenshot successfully

03-07-2024T22:18:18 - [MESSAGE][INFO] - 0 hidden object(s)

03-07-2024T22:18:18 - [MESSAGE][PASSED] - Taking screenshot successfully
[[ATTACHMENT|keyes\keyes-current_viewport16.png]]

03-07-2024T22:18:18 - [TEST_STEP][PASSED] - closeBrowser(): Browser is closed

03-07-2024T22:18:20 - [MESSAGE][PASSED] - Browser is closed]]></system-out>
         <system-err><![CDATA[]]></system-err>
      </testcase>
      <testcase name="Test Cases/ac/New Test Case" time="3.056" classname="Test Cases/ac/New Test Case" status="PASSED">
         <system-out><![CDATA[03-07-2024T22:18:20 - [TEST_CASE][PASSED] - Test Cases/ac/New Test Case: Test Cases/ac/New Test Case

03-07-2024T22:18:20 - [TEST_STEP][PASSED] - sendRequest(findTestObject("ac/New Request")): Send request successfully

03-07-2024T22:18:23 - [MESSAGE][INFO] - HAR: C:\Users\tuanh\git\kata-oma\Reports\20240703_220326\thang\New Dynamic Test Suite\20240703_220326\requests\main\1.har

03-07-2024T22:18:23 - [MESSAGE][PASSED] - Send request successfully]]></system-out>
         <system-err><![CDATA[]]></system-err>
      </testcase>
      <testcase name="Test Cases/chien/New Test Case (1)" time="8.536" classname="Test Cases/chien/New Test Case (1)" status="PASSED">
         <system-out><![CDATA[03-07-2024T22:18:23 - [TEST_CASE][PASSED] - Test Cases/chien/New Test Case (1): Test Cases/chien/New Test Case (1)

03-07-2024T22:18:23 - [TEST_STEP][PASSED] - openBrowser(""): Browser is opened with url: ''

03-07-2024T22:18:23 - [MESSAGE][INFO] - Starting 'Chrome' driver

03-07-2024T22:18:23 - [MESSAGE][INFO] - Action delay is set to 0 milliseconds

03-07-2024T22:18:25 - [MESSAGE][PASSED] - Browser is opened with url: ''

03-07-2024T22:18:25 - [TEST_STEP][PASSED] - closeBrowser(): Browser is closed

03-07-2024T22:18:31 - [MESSAGE][PASSED] - Browser is closed]]></system-out>
         <system-err><![CDATA[]]></system-err>
      </testcase>
      <testcase name="Test Cases/chien/New Test Case (10)" time="2.797" classname="Test Cases/chien/New Test Case (10)" status="PASSED">
         <system-out><![CDATA[03-07-2024T22:18:31 - [TEST_CASE][PASSED] - Test Cases/chien/New Test Case (10): Test Cases/chien/New Test Case (10)

03-07-2024T22:18:31 - [TEST_STEP][PASSED] - openBrowser(""): Browser is opened with url: ''

03-07-2024T22:18:31 - [MESSAGE][INFO] - Starting 'Chrome' driver

03-07-2024T22:18:31 - [MESSAGE][INFO] - Action delay is set to 0 milliseconds

03-07-2024T22:18:33 - [MESSAGE][PASSED] - Browser is opened with url: ''

03-07-2024T22:18:33 - [TEST_STEP][PASSED] - closeBrowser(): Browser is closed

03-07-2024T22:18:34 - [MESSAGE][PASSED] - Browser is closed]]></system-out>
         <system-err><![CDATA[]]></system-err>
      </testcase>
      <testcase name="Test Cases/chien/New Test Case (11)" time="8.251" classname="Test Cases/chien/New Test Case (11)" status="PASSED">
         <system-out><![CDATA[03-07-2024T22:18:34 - [TEST_CASE][PASSED] - Test Cases/chien/New Test Case (11): Test Cases/chien/New Test Case (11)

03-07-2024T22:18:34 - [TEST_STEP][PASSED] - openBrowser(""): Browser is opened with url: ''

03-07-2024T22:18:34 - [MESSAGE][INFO] - Starting 'Chrome' driver

03-07-2024T22:18:34 - [MESSAGE][INFO] - Action delay is set to 0 milliseconds

03-07-2024T22:18:37 - [MESSAGE][PASSED] - Browser is opened with url: ''

03-07-2024T22:18:37 - [TEST_STEP][PASSED] - closeBrowser(): Browser is closed

03-07-2024T22:18:42 - [MESSAGE][PASSED] - Browser is closed]]></system-out>
         <system-err><![CDATA[]]></system-err>
      </testcase>
      <testcase name="Test Cases/chien/New Test Case (12)" time="4.607" classname="Test Cases/chien/New Test Case (12)" status="PASSED">
         <system-out><![CDATA[03-07-2024T22:18:42 - [TEST_CASE][PASSED] - Test Cases/chien/New Test Case (12): Test Cases/chien/New Test Case (12)

03-07-2024T22:18:42 - [TEST_STEP][PASSED] - openBrowser(""): Browser is opened with url: ''

03-07-2024T22:18:42 - [MESSAGE][INFO] - Starting 'Chrome' driver

03-07-2024T22:18:42 - [MESSAGE][INFO] - Action delay is set to 0 milliseconds

03-07-2024T22:18:46 - [MESSAGE][PASSED] - Browser is opened with url: ''

03-07-2024T22:18:46 - [TEST_STEP][PASSED] - closeBrowser(): Browser is closed

03-07-2024T22:18:47 - [MESSAGE][PASSED] - Browser is closed]]></system-out>
         <system-err><![CDATA[]]></system-err>
      </testcase>
      <testcase name="Test Cases/chien/New Test Case (13)" time="4.052" classname="Test Cases/chien/New Test Case (13)" status="PASSED">
         <system-out><![CDATA[03-07-2024T22:18:47 - [TEST_CASE][PASSED] - Test Cases/chien/New Test Case (13): Test Cases/chien/New Test Case (13)

03-07-2024T22:18:47 - [TEST_STEP][PASSED] - openBrowser(""): Browser is opened with url: ''

03-07-2024T22:18:47 - [MESSAGE][INFO] - Starting 'Chrome' driver

03-07-2024T22:18:47 - [MESSAGE][INFO] - Action delay is set to 0 milliseconds

03-07-2024T22:18:50 - [MESSAGE][PASSED] - Browser is opened with url: ''

03-07-2024T22:18:50 - [TEST_STEP][PASSED] - closeBrowser(): Browser is closed

03-07-2024T22:18:51 - [MESSAGE][PASSED] - Browser is closed]]></system-out>
         <system-err><![CDATA[]]></system-err>
      </testcase>
      <testcase name="Test Cases/chien/New Test Case (14)" time="3.766" classname="Test Cases/chien/New Test Case (14)" status="PASSED">
         <system-out><![CDATA[03-07-2024T22:18:51 - [TEST_CASE][PASSED] - Test Cases/chien/New Test Case (14): Test Cases/chien/New Test Case (14)

03-07-2024T22:18:51 - [TEST_STEP][PASSED] - openBrowser(""): Browser is opened with url: ''

03-07-2024T22:18:51 - [MESSAGE][INFO] - Starting 'Chrome' driver

03-07-2024T22:18:51 - [MESSAGE][INFO] - Action delay is set to 0 milliseconds

03-07-2024T22:18:54 - [MESSAGE][PASSED] - Browser is opened with url: ''

03-07-2024T22:18:54 - [TEST_STEP][PASSED] - closeBrowser(): Browser is closed

03-07-2024T22:18:55 - [MESSAGE][PASSED] - Browser is closed]]></system-out>
         <system-err><![CDATA[]]></system-err>
      </testcase>
      <testcase name="Test Cases/chien/New Test Case (15)" time="3.685" classname="Test Cases/chien/New Test Case (15)" status="PASSED">
         <system-out><![CDATA[03-07-2024T22:18:55 - [TEST_CASE][PASSED] - Test Cases/chien/New Test Case (15): Test Cases/chien/New Test Case (15)

03-07-2024T22:18:55 - [TEST_STEP][PASSED] - openBrowser(""): Browser is opened with url: ''

03-07-2024T22:18:55 - [MESSAGE][INFO] - Starting 'Chrome' driver

03-07-2024T22:18:55 - [MESSAGE][INFO] - Action delay is set to 0 milliseconds

03-07-2024T22:18:57 - [MESSAGE][PASSED] - Browser is opened with url: ''

03-07-2024T22:18:57 - [TEST_STEP][PASSED] - closeBrowser(): Browser is closed

03-07-2024T22:18:58 - [MESSAGE][PASSED] - Browser is closed]]></system-out>
         <system-err><![CDATA[]]></system-err>
      </testcase>
      <testcase name="Test Cases/chien/New Test Case (16)" time="5.443" classname="Test Cases/chien/New Test Case (16)" status="PASSED">
         <system-out><![CDATA[03-07-2024T22:18:58 - [TEST_CASE][PASSED] - Test Cases/chien/New Test Case (16): Test Cases/chien/New Test Case (16)

03-07-2024T22:18:59 - [TEST_STEP][PASSED] - openBrowser(""): Browser is opened with url: ''

03-07-2024T22:18:59 - [MESSAGE][INFO] - Starting 'Chrome' driver

03-07-2024T22:18:59 - [MESSAGE][INFO] - Action delay is set to 0 milliseconds

03-07-2024T22:19:01 - [MESSAGE][PASSED] - Browser is opened with url: ''

03-07-2024T22:19:01 - [TEST_STEP][PASSED] - closeBrowser(): Browser is closed

03-07-2024T22:19:04 - [MESSAGE][PASSED] - Browser is closed]]></system-out>
         <system-err><![CDATA[]]></system-err>
      </testcase>
      <testcase name="Test Cases/chien/New Test Case (17)" time="6.26" classname="Test Cases/chien/New Test Case (17)" status="PASSED">
         <system-out><![CDATA[03-07-2024T22:19:04 - [TEST_CASE][PASSED] - Test Cases/chien/New Test Case (17): Test Cases/chien/New Test Case (17)

03-07-2024T22:19:04 - [TEST_STEP][PASSED] - openBrowser(""): Browser is opened with url: ''

03-07-2024T22:19:04 - [MESSAGE][INFO] - Starting 'Chrome' driver

03-07-2024T22:19:04 - [MESSAGE][INFO] - Action delay is set to 0 milliseconds

03-07-2024T22:19:06 - [MESSAGE][PASSED] - Browser is opened with url: ''

03-07-2024T22:19:06 - [TEST_STEP][PASSED] - closeBrowser(): Browser is closed

03-07-2024T22:19:10 - [MESSAGE][PASSED] - Browser is closed]]></system-out>
         <system-err><![CDATA[]]></system-err>
      </testcase>
      <testcase name="Test Cases/chien/New Test Case (18)" time="5.004" classname="Test Cases/chien/New Test Case (18)" status="PASSED">
         <system-out><![CDATA[03-07-2024T22:19:10 - [TEST_CASE][PASSED] - Test Cases/chien/New Test Case (18): Test Cases/chien/New Test Case (18)

03-07-2024T22:19:10 - [TEST_STEP][PASSED] - openBrowser(""): Browser is opened with url: ''

03-07-2024T22:19:10 - [MESSAGE][INFO] - Starting 'Chrome' driver

03-07-2024T22:19:10 - [MESSAGE][INFO] - Action delay is set to 0 milliseconds

03-07-2024T22:19:13 - [MESSAGE][PASSED] - Browser is opened with url: ''

03-07-2024T22:19:13 - [TEST_STEP][PASSED] - closeBrowser(): Browser is closed

03-07-2024T22:19:15 - [MESSAGE][PASSED] - Browser is closed]]></system-out>
         <system-err><![CDATA[]]></system-err>
      </testcase>
      <testcase name="Test Cases/chien/New Test Case (19)" time="3.953" classname="Test Cases/chien/New Test Case (19)" status="PASSED">
         <system-out><![CDATA[03-07-2024T22:19:15 - [TEST_CASE][PASSED] - Test Cases/chien/New Test Case (19): Test Cases/chien/New Test Case (19)

03-07-2024T22:19:15 - [TEST_STEP][PASSED] - openBrowser(""): Browser is opened with url: ''

03-07-2024T22:19:15 - [MESSAGE][INFO] - Starting 'Chrome' driver

03-07-2024T22:19:15 - [MESSAGE][INFO] - Action delay is set to 0 milliseconds

03-07-2024T22:19:18 - [MESSAGE][PASSED] - Browser is opened with url: ''

03-07-2024T22:19:18 - [TEST_STEP][PASSED] - closeBrowser(): Browser is closed

03-07-2024T22:19:19 - [MESSAGE][PASSED] - Browser is closed]]></system-out>
         <system-err><![CDATA[]]></system-err>
      </testcase>
      <testcase name="Test Cases/chien/New Test Case (2)" time="4.173" classname="Test Cases/chien/New Test Case (2)" status="PASSED">
         <system-out><![CDATA[03-07-2024T22:19:19 - [TEST_CASE][PASSED] - Test Cases/chien/New Test Case (2): Test Cases/chien/New Test Case (2)

03-07-2024T22:19:19 - [TEST_STEP][PASSED] - openBrowser(""): Browser is opened with url: ''

03-07-2024T22:19:19 - [MESSAGE][INFO] - Starting 'Chrome' driver

03-07-2024T22:19:19 - [MESSAGE][INFO] - Action delay is set to 0 milliseconds

03-07-2024T22:19:22 - [MESSAGE][PASSED] - Browser is opened with url: ''

03-07-2024T22:19:22 - [TEST_STEP][PASSED] - closeBrowser(): Browser is closed

03-07-2024T22:19:23 - [MESSAGE][PASSED] - Browser is closed]]></system-out>
         <system-err><![CDATA[]]></system-err>
      </testcase>
      <testcase name="Test Cases/chien/New Test Case (20)" time="5.124" classname="Test Cases/chien/New Test Case (20)" status="PASSED">
         <system-out><![CDATA[03-07-2024T22:19:23 - [TEST_CASE][PASSED] - Test Cases/chien/New Test Case (20): Test Cases/chien/New Test Case (20)

03-07-2024T22:19:23 - [TEST_STEP][PASSED] - openBrowser(""): Browser is opened with url: ''

03-07-2024T22:19:23 - [MESSAGE][INFO] - Starting 'Chrome' driver

03-07-2024T22:19:23 - [MESSAGE][INFO] - Action delay is set to 0 milliseconds

03-07-2024T22:19:25 - [MESSAGE][PASSED] - Browser is opened with url: ''

03-07-2024T22:19:25 - [TEST_STEP][PASSED] - closeBrowser(): Browser is closed

03-07-2024T22:19:29 - [MESSAGE][PASSED] - Browser is closed]]></system-out>
         <system-err><![CDATA[]]></system-err>
      </testcase>
      <testcase name="Test Cases/chien/New Test Case (21)" time="4.092" classname="Test Cases/chien/New Test Case (21)" status="PASSED">
         <system-out><![CDATA[03-07-2024T22:19:29 - [TEST_CASE][PASSED] - Test Cases/chien/New Test Case (21): Test Cases/chien/New Test Case (21)

03-07-2024T22:19:29 - [TEST_STEP][PASSED] - openBrowser(""): Browser is opened with url: ''

03-07-2024T22:19:29 - [MESSAGE][INFO] - Starting 'Chrome' driver

03-07-2024T22:19:29 - [MESSAGE][INFO] - Action delay is set to 0 milliseconds

03-07-2024T22:19:32 - [MESSAGE][PASSED] - Browser is opened with url: ''

03-07-2024T22:19:32 - [TEST_STEP][PASSED] - closeBrowser(): Browser is closed

03-07-2024T22:19:33 - [MESSAGE][PASSED] - Browser is closed]]></system-out>
         <system-err><![CDATA[]]></system-err>
      </testcase>
      <testcase name="Test Cases/chien/New Test Case (22)" time="5.641" classname="Test Cases/chien/New Test Case (22)" status="PASSED">
         <system-out><![CDATA[03-07-2024T22:19:33 - [TEST_CASE][PASSED] - Test Cases/chien/New Test Case (22): Test Cases/chien/New Test Case (22)

03-07-2024T22:19:33 - [TEST_STEP][PASSED] - openBrowser(""): Browser is opened with url: ''

03-07-2024T22:19:33 - [MESSAGE][INFO] - Starting 'Chrome' driver

03-07-2024T22:19:33 - [MESSAGE][INFO] - Action delay is set to 0 milliseconds

03-07-2024T22:19:37 - [MESSAGE][PASSED] - Browser is opened with url: ''

03-07-2024T22:19:37 - [TEST_STEP][PASSED] - closeBrowser(): Browser is closed

03-07-2024T22:19:38 - [MESSAGE][PASSED] - Browser is closed]]></system-out>
         <system-err><![CDATA[]]></system-err>
      </testcase>
      <testcase name="Test Cases/chien/New Test Case (23)" time="6.556" classname="Test Cases/chien/New Test Case (23)" status="PASSED">
         <system-out><![CDATA[03-07-2024T22:19:38 - [TEST_CASE][PASSED] - Test Cases/chien/New Test Case (23): Test Cases/chien/New Test Case (23)

03-07-2024T22:19:38 - [TEST_STEP][PASSED] - openBrowser(""): Browser is opened with url: ''

03-07-2024T22:19:38 - [MESSAGE][INFO] - Starting 'Chrome' driver

03-07-2024T22:19:38 - [MESSAGE][INFO] - Action delay is set to 0 milliseconds

03-07-2024T22:19:41 - [MESSAGE][PASSED] - Browser is opened with url: ''

03-07-2024T22:19:41 - [TEST_STEP][PASSED] - closeBrowser(): Browser is closed

03-07-2024T22:19:45 - [MESSAGE][PASSED] - Browser is closed]]></system-out>
         <system-err><![CDATA[]]></system-err>
      </testcase>
      <testcase name="Test Cases/chien/New Test Case (24)" time="5.501" classname="Test Cases/chien/New Test Case (24)" status="PASSED">
         <system-out><![CDATA[03-07-2024T22:19:45 - [TEST_CASE][PASSED] - Test Cases/chien/New Test Case (24): Test Cases/chien/New Test Case (24)

03-07-2024T22:19:45 - [TEST_STEP][PASSED] - openBrowser(""): Browser is opened with url: ''

03-07-2024T22:19:45 - [MESSAGE][INFO] - Starting 'Chrome' driver

03-07-2024T22:19:45 - [MESSAGE][INFO] - Action delay is set to 0 milliseconds

03-07-2024T22:19:47 - [MESSAGE][PASSED] - Browser is opened with url: ''

03-07-2024T22:19:47 - [TEST_STEP][PASSED] - closeBrowser(): Browser is closed

03-07-2024T22:19:50 - [MESSAGE][PASSED] - Browser is closed]]></system-out>
         <system-err><![CDATA[]]></system-err>
      </testcase>
      <testcase name="Test Cases/chien/New Test Case (25)" time="4.727" classname="Test Cases/chien/New Test Case (25)" status="PASSED">
         <system-out><![CDATA[03-07-2024T22:19:50 - [TEST_CASE][PASSED] - Test Cases/chien/New Test Case (25): Test Cases/chien/New Test Case (25)

03-07-2024T22:19:50 - [TEST_STEP][PASSED] - openBrowser(""): Browser is opened with url: ''

03-07-2024T22:19:50 - [MESSAGE][INFO] - Starting 'Chrome' driver

03-07-2024T22:19:50 - [MESSAGE][INFO] - Action delay is set to 0 milliseconds

03-07-2024T22:19:53 - [MESSAGE][PASSED] - Browser is opened with url: ''

03-07-2024T22:19:53 - [TEST_STEP][PASSED] - closeBrowser(): Browser is closed

03-07-2024T22:19:55 - [MESSAGE][PASSED] - Browser is closed]]></system-out>
         <system-err><![CDATA[]]></system-err>
      </testcase>
      <testcase name="Test Cases/chien/New Test Case (26)" time="4.685" classname="Test Cases/chien/New Test Case (26)" status="PASSED">
         <system-out><![CDATA[03-07-2024T22:19:55 - [TEST_CASE][PASSED] - Test Cases/chien/New Test Case (26): Test Cases/chien/New Test Case (26)

03-07-2024T22:19:55 - [TEST_STEP][PASSED] - openBrowser(""): Browser is opened with url: ''

03-07-2024T22:19:55 - [MESSAGE][INFO] - Starting 'Chrome' driver

03-07-2024T22:19:55 - [MESSAGE][INFO] - Action delay is set to 0 milliseconds

03-07-2024T22:19:57 - [MESSAGE][PASSED] - Browser is opened with url: ''

03-07-2024T22:19:57 - [TEST_STEP][PASSED] - closeBrowser(): Browser is closed

03-07-2024T22:20:00 - [MESSAGE][PASSED] - Browser is closed]]></system-out>
         <system-err><![CDATA[]]></system-err>
      </testcase>
      <testcase name="Test Cases/chien/New Test Case (27)" time="5.748" classname="Test Cases/chien/New Test Case (27)" status="PASSED">
         <system-out><![CDATA[03-07-2024T22:20:00 - [TEST_CASE][PASSED] - Test Cases/chien/New Test Case (27): Test Cases/chien/New Test Case (27)

03-07-2024T22:20:00 - [TEST_STEP][PASSED] - openBrowser(""): Browser is opened with url: ''

03-07-2024T22:20:00 - [MESSAGE][INFO] - Starting 'Chrome' driver

03-07-2024T22:20:00 - [MESSAGE][INFO] - Action delay is set to 0 milliseconds

03-07-2024T22:20:02 - [MESSAGE][PASSED] - Browser is opened with url: ''

03-07-2024T22:20:02 - [TEST_STEP][PASSED] - closeBrowser(): Browser is closed

03-07-2024T22:20:06 - [MESSAGE][PASSED] - Browser is closed]]></system-out>
         <system-err><![CDATA[]]></system-err>
      </testcase>
      <testcase name="Test Cases/chien/New Test Case (28)" time="6.578" classname="Test Cases/chien/New Test Case (28)" status="PASSED">
         <system-out><![CDATA[03-07-2024T22:20:06 - [TEST_CASE][PASSED] - Test Cases/chien/New Test Case (28): Test Cases/chien/New Test Case (28)

03-07-2024T22:20:06 - [TEST_STEP][PASSED] - openBrowser(""): Browser is opened with url: ''

03-07-2024T22:20:06 - [MESSAGE][INFO] - Starting 'Chrome' driver

03-07-2024T22:20:06 - [MESSAGE][INFO] - Action delay is set to 0 milliseconds

03-07-2024T22:20:07 - [MESSAGE][PASSED] - Browser is opened with url: ''

03-07-2024T22:20:07 - [TEST_STEP][PASSED] - closeBrowser(): Browser is closed

03-07-2024T22:20:12 - [MESSAGE][PASSED] - Browser is closed]]></system-out>
         <system-err><![CDATA[]]></system-err>
      </testcase>
      <testcase name="Test Cases/chien/New Test Case (29)" time="4.761" classname="Test Cases/chien/New Test Case (29)" status="PASSED">
         <system-out><![CDATA[03-07-2024T22:20:12 - [TEST_CASE][PASSED] - Test Cases/chien/New Test Case (29): Test Cases/chien/New Test Case (29)

03-07-2024T22:20:12 - [TEST_STEP][PASSED] - openBrowser(""): Browser is opened with url: ''

03-07-2024T22:20:12 - [MESSAGE][INFO] - Starting 'Chrome' driver

03-07-2024T22:20:12 - [MESSAGE][INFO] - Action delay is set to 0 milliseconds

03-07-2024T22:20:15 - [MESSAGE][PASSED] - Browser is opened with url: ''

03-07-2024T22:20:15 - [TEST_STEP][PASSED] - closeBrowser(): Browser is closed

03-07-2024T22:20:17 - [MESSAGE][PASSED] - Browser is closed]]></system-out>
         <system-err><![CDATA[]]></system-err>
      </testcase>
      <testcase name="Test Cases/chien/New Test Case (3)" time="3.344" classname="Test Cases/chien/New Test Case (3)" status="PASSED">
         <system-out><![CDATA[03-07-2024T22:20:17 - [TEST_CASE][PASSED] - Test Cases/chien/New Test Case (3): Test Cases/chien/New Test Case (3)

03-07-2024T22:20:17 - [TEST_STEP][PASSED] - openBrowser(""): Browser is opened with url: ''

03-07-2024T22:20:17 - [MESSAGE][INFO] - Starting 'Chrome' driver

03-07-2024T22:20:17 - [MESSAGE][INFO] - Action delay is set to 0 milliseconds

03-07-2024T22:20:19 - [MESSAGE][PASSED] - Browser is opened with url: ''

03-07-2024T22:20:19 - [TEST_STEP][PASSED] - closeBrowser(): Browser is closed

03-07-2024T22:20:20 - [MESSAGE][PASSED] - Browser is closed]]></system-out>
         <system-err><![CDATA[]]></system-err>
      </testcase>
      <testcase name="Test Cases/chien/New Test Case (30)" time="5.668" classname="Test Cases/chien/New Test Case (30)" status="PASSED">
         <system-out><![CDATA[03-07-2024T22:20:20 - [TEST_CASE][PASSED] - Test Cases/chien/New Test Case (30): Test Cases/chien/New Test Case (30)

03-07-2024T22:20:20 - [TEST_STEP][PASSED] - openBrowser(""): Browser is opened with url: ''

03-07-2024T22:20:20 - [MESSAGE][INFO] - Starting 'Chrome' driver

03-07-2024T22:20:20 - [MESSAGE][INFO] - Action delay is set to 0 milliseconds

03-07-2024T22:20:24 - [MESSAGE][PASSED] - Browser is opened with url: ''

03-07-2024T22:20:24 - [TEST_STEP][PASSED] - closeBrowser(): Browser is closed

03-07-2024T22:20:26 - [MESSAGE][PASSED] - Browser is closed]]></system-out>
         <system-err><![CDATA[]]></system-err>
      </testcase>
      <testcase name="Test Cases/chien/New Test Case (31)" time="4.006" classname="Test Cases/chien/New Test Case (31)" status="PASSED">
         <system-out><![CDATA[03-07-2024T22:20:26 - [TEST_CASE][PASSED] - Test Cases/chien/New Test Case (31): Test Cases/chien/New Test Case (31)

03-07-2024T22:20:26 - [TEST_STEP][PASSED] - openBrowser(""): Browser is opened with url: ''

03-07-2024T22:20:26 - [MESSAGE][INFO] - Starting 'Chrome' driver

03-07-2024T22:20:26 - [MESSAGE][INFO] - Action delay is set to 0 milliseconds

03-07-2024T22:20:29 - [MESSAGE][PASSED] - Browser is opened with url: ''

03-07-2024T22:20:29 - [TEST_STEP][PASSED] - closeBrowser(): Browser is closed

03-07-2024T22:20:30 - [MESSAGE][PASSED] - Browser is closed]]></system-out>
         <system-err><![CDATA[]]></system-err>
      </testcase>
      <testcase name="Test Cases/chien/New Test Case (4)" time="4.14" classname="Test Cases/chien/New Test Case (4)" status="PASSED">
         <system-out><![CDATA[03-07-2024T22:20:30 - [TEST_CASE][PASSED] - Test Cases/chien/New Test Case (4): Test Cases/chien/New Test Case (4)

03-07-2024T22:20:30 - [TEST_STEP][PASSED] - openBrowser(""): Browser is opened with url: ''

03-07-2024T22:20:30 - [MESSAGE][INFO] - Starting 'Chrome' driver

03-07-2024T22:20:30 - [MESSAGE][INFO] - Action delay is set to 0 milliseconds

03-07-2024T22:20:34 - [MESSAGE][PASSED] - Browser is opened with url: ''

03-07-2024T22:20:34 - [TEST_STEP][PASSED] - closeBrowser(): Browser is closed

03-07-2024T22:20:34 - [MESSAGE][PASSED] - Browser is closed]]></system-out>
         <system-err><![CDATA[]]></system-err>
      </testcase>
      <testcase name="Test Cases/chien/New Test Case (5)" time="4.791" classname="Test Cases/chien/New Test Case (5)" status="PASSED">
         <system-out><![CDATA[03-07-2024T22:20:34 - [TEST_CASE][PASSED] - Test Cases/chien/New Test Case (5): Test Cases/chien/New Test Case (5)

03-07-2024T22:20:34 - [TEST_STEP][PASSED] - openBrowser(""): Browser is opened with url: ''

03-07-2024T22:20:34 - [MESSAGE][INFO] - Starting 'Chrome' driver

03-07-2024T22:20:34 - [MESSAGE][INFO] - Action delay is set to 0 milliseconds

03-07-2024T22:20:38 - [MESSAGE][PASSED] - Browser is opened with url: ''

03-07-2024T22:20:38 - [TEST_STEP][PASSED] - closeBrowser(): Browser is closed

03-07-2024T22:20:39 - [MESSAGE][PASSED] - Browser is closed]]></system-out>
         <system-err><![CDATA[]]></system-err>
      </testcase>
      <testcase name="Test Cases/chien/New Test Case (6)" time="5.469" classname="Test Cases/chien/New Test Case (6)" status="PASSED">
         <system-out><![CDATA[03-07-2024T22:20:39 - [TEST_CASE][PASSED] - Test Cases/chien/New Test Case (6): Test Cases/chien/New Test Case (6)

03-07-2024T22:20:39 - [TEST_STEP][PASSED] - openBrowser(""): Browser is opened with url: ''

03-07-2024T22:20:39 - [MESSAGE][INFO] - Starting 'Chrome' driver

03-07-2024T22:20:39 - [MESSAGE][INFO] - Action delay is set to 0 milliseconds

03-07-2024T22:20:43 - [MESSAGE][PASSED] - Browser is opened with url: ''

03-07-2024T22:20:43 - [TEST_STEP][PASSED] - closeBrowser(): Browser is closed

03-07-2024T22:20:45 - [MESSAGE][PASSED] - Browser is closed]]></system-out>
         <system-err><![CDATA[]]></system-err>
      </testcase>
      <testcase name="Test Cases/chien/New Test Case (7)" time="6.024" classname="Test Cases/chien/New Test Case (7)" status="PASSED">
         <system-out><![CDATA[03-07-2024T22:20:45 - [TEST_CASE][PASSED] - Test Cases/chien/New Test Case (7): Test Cases/chien/New Test Case (7)

03-07-2024T22:20:45 - [TEST_STEP][PASSED] - openBrowser(""): Browser is opened with url: ''

03-07-2024T22:20:45 - [MESSAGE][INFO] - Starting 'Chrome' driver

03-07-2024T22:20:45 - [MESSAGE][INFO] - Action delay is set to 0 milliseconds

03-07-2024T22:20:47 - [MESSAGE][PASSED] - Browser is opened with url: ''

03-07-2024T22:20:47 - [TEST_STEP][PASSED] - closeBrowser(): Browser is closed

03-07-2024T22:20:51 - [MESSAGE][PASSED] - Browser is closed]]></system-out>
         <system-err><![CDATA[]]></system-err>
      </testcase>
      <testcase name="Test Cases/chien/New Test Case (8)" time="5.784" classname="Test Cases/chien/New Test Case (8)" status="PASSED">
         <system-out><![CDATA[03-07-2024T22:20:51 - [TEST_CASE][PASSED] - Test Cases/chien/New Test Case (8): Test Cases/chien/New Test Case (8)

03-07-2024T22:20:51 - [TEST_STEP][PASSED] - openBrowser(""): Browser is opened with url: ''

03-07-2024T22:20:51 - [MESSAGE][INFO] - Starting 'Chrome' driver

03-07-2024T22:20:51 - [MESSAGE][INFO] - Action delay is set to 0 milliseconds

03-07-2024T22:20:53 - [MESSAGE][PASSED] - Browser is opened with url: ''

03-07-2024T22:20:53 - [TEST_STEP][PASSED] - closeBrowser(): Browser is closed

03-07-2024T22:20:57 - [MESSAGE][PASSED] - Browser is closed]]></system-out>
         <system-err><![CDATA[]]></system-err>
      </testcase>
      <testcase name="Test Cases/chien/New Test Case (9)" time="6.396" classname="Test Cases/chien/New Test Case (9)" status="PASSED">
         <system-out><![CDATA[03-07-2024T22:20:57 - [TEST_CASE][PASSED] - Test Cases/chien/New Test Case (9): Test Cases/chien/New Test Case (9)

03-07-2024T22:20:57 - [TEST_STEP][PASSED] - openBrowser(""): Browser is opened with url: ''

03-07-2024T22:20:57 - [MESSAGE][INFO] - Starting 'Chrome' driver

03-07-2024T22:20:57 - [MESSAGE][INFO] - Action delay is set to 0 milliseconds

03-07-2024T22:20:59 - [MESSAGE][PASSED] - Browser is opened with url: ''

03-07-2024T22:20:59 - [TEST_STEP][PASSED] - closeBrowser(): Browser is closed

03-07-2024T22:21:03 - [MESSAGE][PASSED] - Browser is closed]]></system-out>
         <system-err><![CDATA[]]></system-err>
      </testcase>
      <testcase name="Test Cases/chien/New Test Case" time="3.781" classname="Test Cases/chien/New Test Case" status="PASSED">
         <system-out><![CDATA[03-07-2024T22:21:03 - [TEST_CASE][PASSED] - Test Cases/chien/New Test Case: Test Cases/chien/New Test Case

03-07-2024T22:21:03 - [TEST_STEP][PASSED] - openBrowser(""): Browser is opened with url: ''

03-07-2024T22:21:03 - [MESSAGE][INFO] - Starting 'Chrome' driver

03-07-2024T22:21:03 - [MESSAGE][INFO] - Action delay is set to 0 milliseconds

03-07-2024T22:21:06 - [MESSAGE][PASSED] - Browser is opened with url: ''

03-07-2024T22:21:06 - [TEST_STEP][PASSED] - closeBrowser(): Browser is closed

03-07-2024T22:21:07 - [MESSAGE][PASSED] - Browser is closed]]></system-out>
         <system-err><![CDATA[]]></system-err>
      </testcase>
      <testcase name="Test Cases/New Folder/New Test Case (1)" time="5.49" classname="Test Cases/New Folder/New Test Case (1)" status="PASSED">
         <system-out><![CDATA[03-07-2024T22:21:07 - [TEST_CASE][PASSED] - Test Cases/New Folder/New Test Case (1): Test Cases/New Folder/New Test Case (1)

03-07-2024T22:21:07 - [TEST_STEP][PASSED] - openBrowser(""): Browser is opened with url: ''

03-07-2024T22:21:07 - [MESSAGE][INFO] - Starting 'Chrome' driver

03-07-2024T22:21:07 - [MESSAGE][INFO] - Action delay is set to 0 milliseconds

03-07-2024T22:21:09 - [MESSAGE][PASSED] - Browser is opened with url: ''

03-07-2024T22:21:09 - [TEST_STEP][PASSED] - closeBrowser(): Browser is closed

03-07-2024T22:21:12 - [MESSAGE][PASSED] - Browser is closed]]></system-out>
         <system-err><![CDATA[]]></system-err>
      </testcase>
      <testcase name="Test Cases/New Folder/New Test Case (10)" time="6.873" classname="Test Cases/New Folder/New Test Case (10)" status="PASSED">
         <system-out><![CDATA[03-07-2024T22:21:12 - [TEST_CASE][PASSED] - Test Cases/New Folder/New Test Case (10): Test Cases/New Folder/New Test Case (10)

03-07-2024T22:21:12 - [TEST_STEP][PASSED] - openBrowser(""): Browser is opened with url: ''

03-07-2024T22:21:12 - [MESSAGE][INFO] - Starting 'Chrome' driver

03-07-2024T22:21:12 - [MESSAGE][INFO] - Action delay is set to 0 milliseconds

03-07-2024T22:21:16 - [MESSAGE][PASSED] - Browser is opened with url: ''

03-07-2024T22:21:16 - [TEST_STEP][PASSED] - closeBrowser(): Browser is closed

03-07-2024T22:21:19 - [MESSAGE][PASSED] - Browser is closed]]></system-out>
         <system-err><![CDATA[]]></system-err>
      </testcase>
      <testcase name="Test Cases/New Folder/New Test Case (11)" time="6.128" classname="Test Cases/New Folder/New Test Case (11)" status="PASSED">
         <system-out><![CDATA[03-07-2024T22:21:19 - [TEST_CASE][PASSED] - Test Cases/New Folder/New Test Case (11): Test Cases/New Folder/New Test Case (11)

03-07-2024T22:21:19 - [TEST_STEP][PASSED] - openBrowser(""): Browser is opened with url: ''

03-07-2024T22:21:19 - [MESSAGE][INFO] - Starting 'Chrome' driver

03-07-2024T22:21:19 - [MESSAGE][INFO] - Action delay is set to 0 milliseconds

03-07-2024T22:21:23 - [MESSAGE][PASSED] - Browser is opened with url: ''

03-07-2024T22:21:23 - [TEST_STEP][PASSED] - closeBrowser(): Browser is closed

03-07-2024T22:21:25 - [MESSAGE][PASSED] - Browser is closed]]></system-out>
         <system-err><![CDATA[]]></system-err>
      </testcase>
      <testcase name="Test Cases/New Folder/New Test Case (12)" time="7.408" classname="Test Cases/New Folder/New Test Case (12)" status="PASSED">
         <system-out><![CDATA[03-07-2024T22:21:25 - [TEST_CASE][PASSED] - Test Cases/New Folder/New Test Case (12): Test Cases/New Folder/New Test Case (12)

03-07-2024T22:21:25 - [TEST_STEP][PASSED] - openBrowser(""): Browser is opened with url: ''

03-07-2024T22:21:25 - [MESSAGE][INFO] - Starting 'Chrome' driver

03-07-2024T22:21:25 - [MESSAGE][INFO] - Action delay is set to 0 milliseconds

03-07-2024T22:21:28 - [MESSAGE][PASSED] - Browser is opened with url: ''

03-07-2024T22:21:28 - [TEST_STEP][PASSED] - closeBrowser(): Browser is closed

03-07-2024T22:21:33 - [MESSAGE][PASSED] - Browser is closed]]></system-out>
         <system-err><![CDATA[]]></system-err>
      </testcase>
      <testcase name="Test Cases/New Folder/New Test Case (13)" time="4.821" classname="Test Cases/New Folder/New Test Case (13)" status="PASSED">
         <system-out><![CDATA[03-07-2024T22:21:33 - [TEST_CASE][PASSED] - Test Cases/New Folder/New Test Case (13): Test Cases/New Folder/New Test Case (13)

03-07-2024T22:21:33 - [TEST_STEP][PASSED] - openBrowser(""): Browser is opened with url: ''

03-07-2024T22:21:33 - [MESSAGE][INFO] - Starting 'Chrome' driver

03-07-2024T22:21:33 - [MESSAGE][INFO] - Action delay is set to 0 milliseconds

03-07-2024T22:21:36 - [MESSAGE][PASSED] - Browser is opened with url: ''

03-07-2024T22:21:36 - [TEST_STEP][PASSED] - closeBrowser(): Browser is closed

03-07-2024T22:21:38 - [MESSAGE][PASSED] - Browser is closed]]></system-out>
         <system-err><![CDATA[]]></system-err>
      </testcase>
      <testcase name="Test Cases/New Folder/New Test Case (14)" time="5.12" classname="Test Cases/New Folder/New Test Case (14)" status="PASSED">
         <system-out><![CDATA[03-07-2024T22:21:38 - [TEST_CASE][PASSED] - Test Cases/New Folder/New Test Case (14): Test Cases/New Folder/New Test Case (14)

03-07-2024T22:21:38 - [TEST_STEP][PASSED] - openBrowser(""): Browser is opened with url: ''

03-07-2024T22:21:38 - [MESSAGE][INFO] - Starting 'Chrome' driver

03-07-2024T22:21:38 - [MESSAGE][INFO] - Action delay is set to 0 milliseconds

03-07-2024T22:21:40 - [MESSAGE][PASSED] - Browser is opened with url: ''

03-07-2024T22:21:40 - [TEST_STEP][PASSED] - closeBrowser(): Browser is closed

03-07-2024T22:21:43 - [MESSAGE][PASSED] - Browser is closed]]></system-out>
         <system-err><![CDATA[]]></system-err>
      </testcase>
      <testcase name="Test Cases/New Folder/New Test Case (15)" time="6.664" classname="Test Cases/New Folder/New Test Case (15)" status="PASSED">
         <system-out><![CDATA[03-07-2024T22:21:43 - [TEST_CASE][PASSED] - Test Cases/New Folder/New Test Case (15): Test Cases/New Folder/New Test Case (15)

03-07-2024T22:21:43 - [TEST_STEP][PASSED] - openBrowser(""): Browser is opened with url: ''

03-07-2024T22:21:43 - [MESSAGE][INFO] - Starting 'Chrome' driver

03-07-2024T22:21:43 - [MESSAGE][INFO] - Action delay is set to 0 milliseconds

03-07-2024T22:21:46 - [MESSAGE][PASSED] - Browser is opened with url: ''

03-07-2024T22:21:46 - [TEST_STEP][PASSED] - closeBrowser(): Browser is closed

03-07-2024T22:21:50 - [MESSAGE][PASSED] - Browser is closed]]></system-out>
         <system-err><![CDATA[]]></system-err>
      </testcase>
      <testcase name="Test Cases/New Folder/New Test Case (16)" time="4.315" classname="Test Cases/New Folder/New Test Case (16)" status="PASSED">
         <system-out><![CDATA[03-07-2024T22:21:50 - [TEST_CASE][PASSED] - Test Cases/New Folder/New Test Case (16): Test Cases/New Folder/New Test Case (16)

03-07-2024T22:21:50 - [TEST_STEP][PASSED] - openBrowser(""): Browser is opened with url: ''

03-07-2024T22:21:50 - [MESSAGE][INFO] - Starting 'Chrome' driver

03-07-2024T22:21:50 - [MESSAGE][INFO] - Action delay is set to 0 milliseconds

03-07-2024T22:21:52 - [MESSAGE][PASSED] - Browser is opened with url: ''

03-07-2024T22:21:52 - [TEST_STEP][PASSED] - closeBrowser(): Browser is closed

03-07-2024T22:21:54 - [MESSAGE][PASSED] - Browser is closed]]></system-out>
         <system-err><![CDATA[]]></system-err>
      </testcase>
      <testcase name="Test Cases/New Folder/New Test Case (17)" time="4.877" classname="Test Cases/New Folder/New Test Case (17)" status="PASSED">
         <system-out><![CDATA[03-07-2024T22:21:54 - [TEST_CASE][PASSED] - Test Cases/New Folder/New Test Case (17): Test Cases/New Folder/New Test Case (17)

03-07-2024T22:21:54 - [TEST_STEP][PASSED] - openBrowser(""): Browser is opened with url: ''

03-07-2024T22:21:54 - [MESSAGE][INFO] - Starting 'Chrome' driver

03-07-2024T22:21:54 - [MESSAGE][INFO] - Action delay is set to 0 milliseconds

03-07-2024T22:21:56 - [MESSAGE][PASSED] - Browser is opened with url: ''

03-07-2024T22:21:56 - [TEST_STEP][PASSED] - closeBrowser(): Browser is closed

03-07-2024T22:21:59 - [MESSAGE][PASSED] - Browser is closed]]></system-out>
         <system-err><![CDATA[]]></system-err>
      </testcase>
      <testcase name="Test Cases/New Folder/New Test Case (18)" time="4.525" classname="Test Cases/New Folder/New Test Case (18)" status="PASSED">
         <system-out><![CDATA[03-07-2024T22:21:59 - [TEST_CASE][PASSED] - Test Cases/New Folder/New Test Case (18): Test Cases/New Folder/New Test Case (18)

03-07-2024T22:21:59 - [TEST_STEP][PASSED] - openBrowser(""): Browser is opened with url: ''

03-07-2024T22:21:59 - [MESSAGE][INFO] - Starting 'Chrome' driver

03-07-2024T22:21:59 - [MESSAGE][INFO] - Action delay is set to 0 milliseconds

03-07-2024T22:22:00 - [MESSAGE][PASSED] - Browser is opened with url: ''

03-07-2024T22:22:00 - [TEST_STEP][PASSED] - closeBrowser(): Browser is closed

03-07-2024T22:22:03 - [MESSAGE][PASSED] - Browser is closed]]></system-out>
         <system-err><![CDATA[]]></system-err>
      </testcase>
      <testcase name="Test Cases/New Folder/New Test Case (19)" time="6.451" classname="Test Cases/New Folder/New Test Case (19)" status="PASSED">
         <system-out><![CDATA[03-07-2024T22:22:03 - [TEST_CASE][PASSED] - Test Cases/New Folder/New Test Case (19): Test Cases/New Folder/New Test Case (19)

03-07-2024T22:22:03 - [TEST_STEP][PASSED] - openBrowser(""): Browser is opened with url: ''

03-07-2024T22:22:03 - [MESSAGE][INFO] - Starting 'Chrome' driver

03-07-2024T22:22:03 - [MESSAGE][INFO] - Action delay is set to 0 milliseconds

03-07-2024T22:22:05 - [MESSAGE][PASSED] - Browser is opened with url: ''

03-07-2024T22:22:05 - [TEST_STEP][PASSED] - closeBrowser(): Browser is closed

03-07-2024T22:22:10 - [MESSAGE][PASSED] - Browser is closed]]></system-out>
         <system-err><![CDATA[]]></system-err>
      </testcase>
      <testcase name="Test Cases/New Folder/New Test Case (2)" time="5.294" classname="Test Cases/New Folder/New Test Case (2)" status="PASSED">
         <system-out><![CDATA[03-07-2024T22:22:10 - [TEST_CASE][PASSED] - Test Cases/New Folder/New Test Case (2): Test Cases/New Folder/New Test Case (2)

03-07-2024T22:22:10 - [TEST_STEP][PASSED] - openBrowser(""): Browser is opened with url: ''

03-07-2024T22:22:10 - [MESSAGE][INFO] - Starting 'Chrome' driver

03-07-2024T22:22:10 - [MESSAGE][INFO] - Action delay is set to 0 milliseconds

03-07-2024T22:22:12 - [MESSAGE][PASSED] - Browser is opened with url: ''

03-07-2024T22:22:12 - [TEST_STEP][PASSED] - closeBrowser(): Browser is closed

03-07-2024T22:22:15 - [MESSAGE][PASSED] - Browser is closed]]></system-out>
         <system-err><![CDATA[]]></system-err>
      </testcase>
      <testcase name="Test Cases/New Folder/New Test Case (20)" time="4.864" classname="Test Cases/New Folder/New Test Case (20)" status="PASSED">
         <system-out><![CDATA[03-07-2024T22:22:15 - [TEST_CASE][PASSED] - Test Cases/New Folder/New Test Case (20): Test Cases/New Folder/New Test Case (20)

03-07-2024T22:22:15 - [TEST_STEP][PASSED] - openBrowser(""): Browser is opened with url: ''

03-07-2024T22:22:15 - [MESSAGE][INFO] - Starting 'Chrome' driver

03-07-2024T22:22:15 - [MESSAGE][INFO] - Action delay is set to 0 milliseconds

03-07-2024T22:22:19 - [MESSAGE][PASSED] - Browser is opened with url: ''

03-07-2024T22:22:19 - [TEST_STEP][PASSED] - closeBrowser(): Browser is closed

03-07-2024T22:22:20 - [MESSAGE][PASSED] - Browser is closed]]></system-out>
         <system-err><![CDATA[]]></system-err>
      </testcase>
      <testcase name="Test Cases/New Folder/New Test Case (21)" time="8.324" classname="Test Cases/New Folder/New Test Case (21)" status="PASSED">
         <system-out><![CDATA[03-07-2024T22:22:20 - [TEST_CASE][PASSED] - Test Cases/New Folder/New Test Case (21): Test Cases/New Folder/New Test Case (21)

03-07-2024T22:22:20 - [TEST_STEP][PASSED] - openBrowser(""): Browser is opened with url: ''

03-07-2024T22:22:20 - [MESSAGE][INFO] - Starting 'Chrome' driver

03-07-2024T22:22:20 - [MESSAGE][INFO] - Action delay is set to 0 milliseconds

03-07-2024T22:22:23 - [MESSAGE][PASSED] - Browser is opened with url: ''

03-07-2024T22:22:23 - [TEST_STEP][PASSED] - closeBrowser(): Browser is closed

03-07-2024T22:22:28 - [MESSAGE][PASSED] - Browser is closed]]></system-out>
         <system-err><![CDATA[]]></system-err>
      </testcase>
      <testcase name="Test Cases/New Folder/New Test Case (22)" time="4.611" classname="Test Cases/New Folder/New Test Case (22)" status="PASSED">
         <system-out><![CDATA[03-07-2024T22:22:28 - [TEST_CASE][PASSED] - Test Cases/New Folder/New Test Case (22): Test Cases/New Folder/New Test Case (22)

03-07-2024T22:22:28 - [TEST_STEP][PASSED] - openBrowser(""): Browser is opened with url: ''

03-07-2024T22:22:28 - [MESSAGE][INFO] - Starting 'Chrome' driver

03-07-2024T22:22:28 - [MESSAGE][INFO] - Action delay is set to 0 milliseconds

03-07-2024T22:22:30 - [MESSAGE][PASSED] - Browser is opened with url: ''

03-07-2024T22:22:30 - [TEST_STEP][PASSED] - closeBrowser(): Browser is closed

03-07-2024T22:22:33 - [MESSAGE][PASSED] - Browser is closed]]></system-out>
         <system-err><![CDATA[]]></system-err>
      </testcase>
      <testcase name="Test Cases/New Folder/New Test Case (23)" time="5.942" classname="Test Cases/New Folder/New Test Case (23)" status="PASSED">
         <system-out><![CDATA[03-07-2024T22:22:33 - [TEST_CASE][PASSED] - Test Cases/New Folder/New Test Case (23): Test Cases/New Folder/New Test Case (23)

03-07-2024T22:22:33 - [TEST_STEP][PASSED] - openBrowser(""): Browser is opened with url: ''

03-07-2024T22:22:33 - [MESSAGE][INFO] - Starting 'Chrome' driver

03-07-2024T22:22:33 - [MESSAGE][INFO] - Action delay is set to 0 milliseconds

03-07-2024T22:22:35 - [MESSAGE][PASSED] - Browser is opened with url: ''

03-07-2024T22:22:35 - [TEST_STEP][PASSED] - closeBrowser(): Browser is closed

03-07-2024T22:22:39 - [MESSAGE][PASSED] - Browser is closed]]></system-out>
         <system-err><![CDATA[]]></system-err>
      </testcase>
      <testcase name="Test Cases/New Folder/New Test Case (24)" time="8.378" classname="Test Cases/New Folder/New Test Case (24)" status="PASSED">
         <system-out><![CDATA[03-07-2024T22:22:39 - [TEST_CASE][PASSED] - Test Cases/New Folder/New Test Case (24): Test Cases/New Folder/New Test Case (24)

03-07-2024T22:22:39 - [TEST_STEP][PASSED] - openBrowser(""): Browser is opened with url: ''

03-07-2024T22:22:39 - [MESSAGE][INFO] - Starting 'Chrome' driver

03-07-2024T22:22:39 - [MESSAGE][INFO] - Action delay is set to 0 milliseconds

03-07-2024T22:22:43 - [MESSAGE][PASSED] - Browser is opened with url: ''

03-07-2024T22:22:43 - [TEST_STEP][PASSED] - closeBrowser(): Browser is closed

03-07-2024T22:22:47 - [MESSAGE][PASSED] - Browser is closed]]></system-out>
         <system-err><![CDATA[]]></system-err>
      </testcase>
      <testcase name="Test Cases/New Folder/New Test Case (25)" time="5.101" classname="Test Cases/New Folder/New Test Case (25)" status="PASSED">
         <system-out><![CDATA[03-07-2024T22:22:47 - [TEST_CASE][PASSED] - Test Cases/New Folder/New Test Case (25): Test Cases/New Folder/New Test Case (25)

03-07-2024T22:22:47 - [TEST_STEP][PASSED] - openBrowser(""): Browser is opened with url: ''

03-07-2024T22:22:47 - [MESSAGE][INFO] - Starting 'Chrome' driver

03-07-2024T22:22:47 - [MESSAGE][INFO] - Action delay is set to 0 milliseconds

03-07-2024T22:22:49 - [MESSAGE][PASSED] - Browser is opened with url: ''

03-07-2024T22:22:49 - [TEST_STEP][PASSED] - closeBrowser(): Browser is closed

03-07-2024T22:22:52 - [MESSAGE][PASSED] - Browser is closed]]></system-out>
         <system-err><![CDATA[]]></system-err>
      </testcase>
      <testcase name="Test Cases/New Folder/New Test Case (26)" time="7.771" classname="Test Cases/New Folder/New Test Case (26)" status="PASSED">
         <system-out><![CDATA[03-07-2024T22:22:52 - [TEST_CASE][PASSED] - Test Cases/New Folder/New Test Case (26): Test Cases/New Folder/New Test Case (26)

03-07-2024T22:22:53 - [TEST_STEP][PASSED] - openBrowser(""): Browser is opened with url: ''

03-07-2024T22:22:53 - [MESSAGE][INFO] - Starting 'Chrome' driver

03-07-2024T22:22:53 - [MESSAGE][INFO] - Action delay is set to 0 milliseconds

03-07-2024T22:22:54 - [MESSAGE][PASSED] - Browser is opened with url: ''

03-07-2024T22:22:54 - [TEST_STEP][PASSED] - closeBrowser(): Browser is closed

03-07-2024T22:23:00 - [MESSAGE][PASSED] - Browser is closed]]></system-out>
         <system-err><![CDATA[]]></system-err>
      </testcase>
      <testcase name="Test Cases/New Folder/New Test Case (27)" time="5.04" classname="Test Cases/New Folder/New Test Case (27)" status="PASSED">
         <system-out><![CDATA[03-07-2024T22:23:00 - [TEST_CASE][PASSED] - Test Cases/New Folder/New Test Case (27): Test Cases/New Folder/New Test Case (27)

03-07-2024T22:23:00 - [TEST_STEP][PASSED] - openBrowser(""): Browser is opened with url: ''

03-07-2024T22:23:00 - [MESSAGE][INFO] - Starting 'Chrome' driver

03-07-2024T22:23:00 - [MESSAGE][INFO] - Action delay is set to 0 milliseconds

03-07-2024T22:23:02 - [MESSAGE][PASSED] - Browser is opened with url: ''

03-07-2024T22:23:02 - [TEST_STEP][PASSED] - closeBrowser(): Browser is closed

03-07-2024T22:23:05 - [MESSAGE][PASSED] - Browser is closed]]></system-out>
         <system-err><![CDATA[]]></system-err>
      </testcase>
      <testcase name="Test Cases/New Folder/New Test Case (28)" time="4.947" classname="Test Cases/New Folder/New Test Case (28)" status="PASSED">
         <system-out><![CDATA[03-07-2024T22:23:05 - [TEST_CASE][PASSED] - Test Cases/New Folder/New Test Case (28): Test Cases/New Folder/New Test Case (28)

03-07-2024T22:23:05 - [TEST_STEP][PASSED] - openBrowser(""): Browser is opened with url: ''

03-07-2024T22:23:05 - [MESSAGE][INFO] - Starting 'Chrome' driver

03-07-2024T22:23:05 - [MESSAGE][INFO] - Action delay is set to 0 milliseconds

03-07-2024T22:23:07 - [MESSAGE][PASSED] - Browser is opened with url: ''

03-07-2024T22:23:07 - [TEST_STEP][PASSED] - closeBrowser(): Browser is closed

03-07-2024T22:23:10 - [MESSAGE][PASSED] - Browser is closed]]></system-out>
         <system-err><![CDATA[]]></system-err>
      </testcase>
      <testcase name="Test Cases/New Folder/New Test Case (29)" time="5.886" classname="Test Cases/New Folder/New Test Case (29)" status="PASSED">
         <system-out><![CDATA[03-07-2024T22:23:10 - [TEST_CASE][PASSED] - Test Cases/New Folder/New Test Case (29): Test Cases/New Folder/New Test Case (29)

03-07-2024T22:23:10 - [TEST_STEP][PASSED] - openBrowser(""): Browser is opened with url: ''

03-07-2024T22:23:10 - [MESSAGE][INFO] - Starting 'Chrome' driver

03-07-2024T22:23:10 - [MESSAGE][INFO] - Action delay is set to 0 milliseconds

03-07-2024T22:23:12 - [MESSAGE][PASSED] - Browser is opened with url: ''

03-07-2024T22:23:12 - [TEST_STEP][PASSED] - closeBrowser(): Browser is closed

03-07-2024T22:23:16 - [MESSAGE][PASSED] - Browser is closed]]></system-out>
         <system-err><![CDATA[]]></system-err>
      </testcase>
      <testcase name="Test Cases/New Folder/New Test Case (3)" time="5.149" classname="Test Cases/New Folder/New Test Case (3)" status="PASSED">
         <system-out><![CDATA[03-07-2024T22:23:16 - [TEST_CASE][PASSED] - Test Cases/New Folder/New Test Case (3): Test Cases/New Folder/New Test Case (3)

03-07-2024T22:23:16 - [TEST_STEP][PASSED] - openBrowser(""): Browser is opened with url: ''

03-07-2024T22:23:16 - [MESSAGE][INFO] - Starting 'Chrome' driver

03-07-2024T22:23:16 - [MESSAGE][INFO] - Action delay is set to 0 milliseconds

03-07-2024T22:23:18 - [MESSAGE][PASSED] - Browser is opened with url: ''

03-07-2024T22:23:18 - [TEST_STEP][PASSED] - closeBrowser(): Browser is closed

03-07-2024T22:23:21 - [MESSAGE][PASSED] - Browser is closed]]></system-out>
         <system-err><![CDATA[]]></system-err>
      </testcase>
      <testcase name="Test Cases/New Folder/New Test Case (30)" time="4.909" classname="Test Cases/New Folder/New Test Case (30)" status="PASSED">
         <system-out><![CDATA[03-07-2024T22:23:21 - [TEST_CASE][PASSED] - Test Cases/New Folder/New Test Case (30): Test Cases/New Folder/New Test Case (30)

03-07-2024T22:23:21 - [TEST_STEP][PASSED] - openBrowser(""): Browser is opened with url: ''

03-07-2024T22:23:21 - [MESSAGE][INFO] - Starting 'Chrome' driver

03-07-2024T22:23:21 - [MESSAGE][INFO] - Action delay is set to 0 milliseconds

03-07-2024T22:23:23 - [MESSAGE][PASSED] - Browser is opened with url: ''

03-07-2024T22:23:23 - [TEST_STEP][PASSED] - closeBrowser(): Browser is closed

03-07-2024T22:23:26 - [MESSAGE][PASSED] - Browser is closed]]></system-out>
         <system-err><![CDATA[]]></system-err>
      </testcase>
      <testcase name="Test Cases/New Folder/New Test Case (31)" time="7.264" classname="Test Cases/New Folder/New Test Case (31)" status="PASSED">
         <system-out><![CDATA[03-07-2024T22:23:26 - [TEST_CASE][PASSED] - Test Cases/New Folder/New Test Case (31): Test Cases/New Folder/New Test Case (31)

03-07-2024T22:23:26 - [TEST_STEP][PASSED] - openBrowser(""): Browser is opened with url: ''

03-07-2024T22:23:26 - [MESSAGE][INFO] - Starting 'Chrome' driver

03-07-2024T22:23:26 - [MESSAGE][INFO] - Action delay is set to 0 milliseconds

03-07-2024T22:23:29 - [MESSAGE][PASSED] - Browser is opened with url: ''

03-07-2024T22:23:29 - [TEST_STEP][PASSED] - closeBrowser(): Browser is closed

03-07-2024T22:23:33 - [MESSAGE][PASSED] - Browser is closed]]></system-out>
         <system-err><![CDATA[]]></system-err>
      </testcase>
      <testcase name="Test Cases/New Folder/New Test Case (32)" time="0.012" classname="Test Cases/New Folder/New Test Case (32)" status="PASSED">
         <system-out><![CDATA[03-07-2024T22:23:33 - [TEST_CASE][PASSED] - Test Cases/New Folder/New Test Case (32): Test Cases/New Folder/New Test Case (32)

03-07-2024T22:23:33 - [TEST_STEP][PASSED] - return null: null]]></system-out>
         <system-err><![CDATA[]]></system-err>
      </testcase>
      <testcase name="Test Cases/New Folder/New Test Case (33)" time="6.251" classname="Test Cases/New Folder/New Test Case (33)" status="PASSED">
         <system-out><![CDATA[03-07-2024T22:23:34 - [TEST_CASE][PASSED] - Test Cases/New Folder/New Test Case (33): Test Cases/New Folder/New Test Case (33)

03-07-2024T22:23:34 - [TEST_STEP][PASSED] - openBrowser(""): Browser is opened with url: ''

03-07-2024T22:23:34 - [MESSAGE][INFO] - Starting 'Chrome' driver

03-07-2024T22:23:34 - [MESSAGE][INFO] - Action delay is set to 0 milliseconds

03-07-2024T22:23:36 - [MESSAGE][PASSED] - Browser is opened with url: ''

03-07-2024T22:23:36 - [TEST_STEP][PASSED] - closeBrowser(): Browser is closed

03-07-2024T22:23:40 - [MESSAGE][PASSED] - Browser is closed]]></system-out>
         <system-err><![CDATA[]]></system-err>
      </testcase>
      <testcase name="Test Cases/New Folder/New Test Case (4)" time="4.003" classname="Test Cases/New Folder/New Test Case (4)" status="PASSED">
         <system-out><![CDATA[03-07-2024T22:23:40 - [TEST_CASE][PASSED] - Test Cases/New Folder/New Test Case (4): Test Cases/New Folder/New Test Case (4)

03-07-2024T22:23:40 - [TEST_STEP][PASSED] - openBrowser(""): Browser is opened with url: ''

03-07-2024T22:23:40 - [MESSAGE][INFO] - Starting 'Chrome' driver

03-07-2024T22:23:40 - [MESSAGE][INFO] - Action delay is set to 0 milliseconds

03-07-2024T22:23:43 - [MESSAGE][PASSED] - Browser is opened with url: ''

03-07-2024T22:23:43 - [TEST_STEP][PASSED] - closeBrowser(): Browser is closed

03-07-2024T22:23:44 - [MESSAGE][PASSED] - Browser is closed]]></system-out>
         <system-err><![CDATA[]]></system-err>
      </testcase>
      <testcase name="Test Cases/New Folder/New Test Case (5)" time="5.322" classname="Test Cases/New Folder/New Test Case (5)" status="PASSED">
         <system-out><![CDATA[03-07-2024T22:23:44 - [TEST_CASE][PASSED] - Test Cases/New Folder/New Test Case (5): Test Cases/New Folder/New Test Case (5)

03-07-2024T22:23:44 - [TEST_STEP][PASSED] - openBrowser(""): Browser is opened with url: ''

03-07-2024T22:23:44 - [MESSAGE][INFO] - Starting 'Chrome' driver

03-07-2024T22:23:44 - [MESSAGE][INFO] - Action delay is set to 0 milliseconds

03-07-2024T22:23:45 - [MESSAGE][PASSED] - Browser is opened with url: ''

03-07-2024T22:23:45 - [TEST_STEP][PASSED] - closeBrowser(): Browser is closed

03-07-2024T22:23:49 - [MESSAGE][PASSED] - Browser is closed]]></system-out>
         <system-err><![CDATA[]]></system-err>
      </testcase>
      <testcase name="Test Cases/New Folder/New Test Case (6)" time="5.114" classname="Test Cases/New Folder/New Test Case (6)" status="PASSED">
         <system-out><![CDATA[03-07-2024T22:23:49 - [TEST_CASE][PASSED] - Test Cases/New Folder/New Test Case (6): Test Cases/New Folder/New Test Case (6)

03-07-2024T22:23:49 - [TEST_STEP][PASSED] - openBrowser(""): Browser is opened with url: ''

03-07-2024T22:23:49 - [MESSAGE][INFO] - Starting 'Chrome' driver

03-07-2024T22:23:49 - [MESSAGE][INFO] - Action delay is set to 0 milliseconds

03-07-2024T22:23:53 - [MESSAGE][PASSED] - Browser is opened with url: ''

03-07-2024T22:23:53 - [TEST_STEP][PASSED] - closeBrowser(): Browser is closed

03-07-2024T22:23:54 - [MESSAGE][PASSED] - Browser is closed]]></system-out>
         <system-err><![CDATA[]]></system-err>
      </testcase>
      <testcase name="Test Cases/New Folder/New Test Case (7)" time="4.135" classname="Test Cases/New Folder/New Test Case (7)" status="PASSED">
         <system-out><![CDATA[03-07-2024T22:23:54 - [TEST_CASE][PASSED] - Test Cases/New Folder/New Test Case (7): Test Cases/New Folder/New Test Case (7)

03-07-2024T22:23:54 - [TEST_STEP][PASSED] - openBrowser(""): Browser is opened with url: ''

03-07-2024T22:23:54 - [MESSAGE][INFO] - Starting 'Chrome' driver

03-07-2024T22:23:54 - [MESSAGE][INFO] - Action delay is set to 0 milliseconds

03-07-2024T22:23:58 - [MESSAGE][PASSED] - Browser is opened with url: ''

03-07-2024T22:23:58 - [TEST_STEP][PASSED] - closeBrowser(): Browser is closed

03-07-2024T22:23:58 - [MESSAGE][PASSED] - Browser is closed]]></system-out>
         <system-err><![CDATA[]]></system-err>
      </testcase>
      <testcase name="Test Cases/New Folder/New Test Case (8)" time="9.604" classname="Test Cases/New Folder/New Test Case (8)" status="PASSED">
         <system-out><![CDATA[03-07-2024T22:23:58 - [TEST_CASE][PASSED] - Test Cases/New Folder/New Test Case (8): Test Cases/New Folder/New Test Case (8)

03-07-2024T22:23:58 - [TEST_STEP][PASSED] - openBrowser(""): Browser is opened with url: ''

03-07-2024T22:23:58 - [MESSAGE][INFO] - Starting 'Chrome' driver

03-07-2024T22:23:58 - [MESSAGE][INFO] - Action delay is set to 0 milliseconds

03-07-2024T22:24:02 - [MESSAGE][PASSED] - Browser is opened with url: ''

03-07-2024T22:24:02 - [TEST_STEP][PASSED] - closeBrowser(): Browser is closed

03-07-2024T22:24:08 - [MESSAGE][PASSED] - Browser is closed]]></system-out>
         <system-err><![CDATA[]]></system-err>
      </testcase>
      <testcase name="Test Cases/New Folder/New Test Case (9)" time="5.275" classname="Test Cases/New Folder/New Test Case (9)" status="PASSED">
         <system-out><![CDATA[03-07-2024T22:24:08 - [TEST_CASE][PASSED] - Test Cases/New Folder/New Test Case (9): Test Cases/New Folder/New Test Case (9)

03-07-2024T22:24:08 - [TEST_STEP][PASSED] - openBrowser(""): Browser is opened with url: ''

03-07-2024T22:24:08 - [MESSAGE][INFO] - Starting 'Chrome' driver

03-07-2024T22:24:08 - [MESSAGE][INFO] - Action delay is set to 0 milliseconds

03-07-2024T22:24:10 - [MESSAGE][PASSED] - Browser is opened with url: ''

03-07-2024T22:24:10 - [TEST_STEP][PASSED] - closeBrowser(): Browser is closed

03-07-2024T22:24:13 - [MESSAGE][PASSED] - Browser is closed]]></system-out>
         <system-err><![CDATA[]]></system-err>
      </testcase>
      <testcase name="Test Cases/New Folder/New Test Case" time="7.4" classname="Test Cases/New Folder/New Test Case" status="PASSED">
         <system-out><![CDATA[03-07-2024T22:24:13 - [TEST_CASE][PASSED] - Test Cases/New Folder/New Test Case: Test Cases/New Folder/New Test Case

03-07-2024T22:24:13 - [TEST_STEP][PASSED] - openBrowser(""): Browser is opened with url: ''

03-07-2024T22:24:13 - [MESSAGE][INFO] - Starting 'Chrome' driver

03-07-2024T22:24:13 - [MESSAGE][INFO] - Action delay is set to 0 milliseconds

03-07-2024T22:24:16 - [MESSAGE][PASSED] - Browser is opened with url: ''

03-07-2024T22:24:16 - [TEST_STEP][PASSED] - closeBrowser(): Browser is closed

03-07-2024T22:24:21 - [MESSAGE][PASSED] - Browser is closed]]></system-out>
         <system-err><![CDATA[]]></system-err>
      </testcase>
      <testcase name="Test Cases/thang/New Test Case" time="5.223" classname="Test Cases/thang/New Test Case" status="PASSED">
         <system-out><![CDATA[03-07-2024T22:24:21 - [TEST_CASE][PASSED] - Test Cases/thang/New Test Case: Test Cases/thang/New Test Case

03-07-2024T22:24:21 - [TEST_STEP][PASSED] - openBrowser(""): Browser is opened with url: ''

03-07-2024T22:24:21 - [MESSAGE][INFO] - Starting 'Chrome' driver

03-07-2024T22:24:21 - [MESSAGE][INFO] - Action delay is set to 0 milliseconds

03-07-2024T22:24:24 - [MESSAGE][PASSED] - Browser is opened with url: ''

03-07-2024T22:24:24 - [TEST_STEP][PASSED] - closeBrowser(): Browser is closed

03-07-2024T22:24:26 - [MESSAGE][PASSED] - Browser is closed]]></system-out>
         <system-err><![CDATA[]]></system-err>
      </testcase>
      <testcase name="Test Cases/thang/New Test Case" time="3.96" classname="Test Cases/thang/New Test Case" status="PASSED">
         <system-out><![CDATA[03-07-2024T22:24:26 - [TEST_CASE][PASSED] - Test Cases/thang/New Test Case: Test Cases/thang/New Test Case

03-07-2024T22:24:26 - [TEST_STEP][PASSED] - openBrowser(""): Browser is opened with url: ''

03-07-2024T22:24:26 - [MESSAGE][INFO] - Starting 'Chrome' driver

03-07-2024T22:24:26 - [MESSAGE][INFO] - Action delay is set to 0 milliseconds

03-07-2024T22:24:29 - [MESSAGE][PASSED] - Browser is opened with url: ''

03-07-2024T22:24:29 - [TEST_STEP][PASSED] - closeBrowser(): Browser is closed

03-07-2024T22:24:30 - [MESSAGE][PASSED] - Browser is closed]]></system-out>
         <system-err><![CDATA[]]></system-err>
      </testcase>
      <testcase name="Test Cases/thang/New Test Case" time="3.598" classname="Test Cases/thang/New Test Case" status="PASSED">
         <system-out><![CDATA[03-07-2024T22:24:30 - [TEST_CASE][PASSED] - Test Cases/thang/New Test Case: Test Cases/thang/New Test Case

03-07-2024T22:24:30 - [TEST_STEP][PASSED] - openBrowser(""): Browser is opened with url: ''

03-07-2024T22:24:30 - [MESSAGE][INFO] - Starting 'Chrome' driver

03-07-2024T22:24:30 - [MESSAGE][INFO] - Action delay is set to 0 milliseconds

03-07-2024T22:24:32 - [MESSAGE][PASSED] - Browser is opened with url: ''

03-07-2024T22:24:32 - [TEST_STEP][PASSED] - closeBrowser(): Browser is closed

03-07-2024T22:24:33 - [MESSAGE][PASSED] - Browser is closed]]></system-out>
         <system-err><![CDATA[]]></system-err>
      </testcase>
      <testcase name="Test Cases/thang/New Test Case" time="5.111" classname="Test Cases/thang/New Test Case" status="PASSED">
         <system-out><![CDATA[03-07-2024T22:24:33 - [TEST_CASE][PASSED] - Test Cases/thang/New Test Case: Test Cases/thang/New Test Case

03-07-2024T22:24:33 - [TEST_STEP][PASSED] - openBrowser(""): Browser is opened with url: ''

03-07-2024T22:24:34 - [MESSAGE][INFO] - Starting 'Chrome' driver

03-07-2024T22:24:34 - [MESSAGE][INFO] - Action delay is set to 0 milliseconds

03-07-2024T22:24:37 - [MESSAGE][PASSED] - Browser is opened with url: ''

03-07-2024T22:24:37 - [TEST_STEP][PASSED] - closeBrowser(): Browser is closed

03-07-2024T22:24:39 - [MESSAGE][PASSED] - Browser is closed]]></system-out>
         <system-err><![CDATA[]]></system-err>
      </testcase>
      <testcase name="Test Cases/thang/New Test Case" time="7.39" classname="Test Cases/thang/New Test Case" status="PASSED">
         <system-out><![CDATA[03-07-2024T22:24:39 - [TEST_CASE][PASSED] - Test Cases/thang/New Test Case: Test Cases/thang/New Test Case

03-07-2024T22:24:39 - [TEST_STEP][PASSED] - openBrowser(""): Browser is opened with url: ''

03-07-2024T22:24:39 - [MESSAGE][INFO] - Starting 'Chrome' driver

03-07-2024T22:24:39 - [MESSAGE][INFO] - Action delay is set to 0 milliseconds

03-07-2024T22:24:43 - [MESSAGE][PASSED] - Browser is opened with url: ''

03-07-2024T22:24:43 - [TEST_STEP][PASSED] - closeBrowser(): Browser is closed

03-07-2024T22:24:46 - [MESSAGE][PASSED] - Browser is closed]]></system-out>
         <system-err><![CDATA[]]></system-err>
      </testcase>
      <testcase name="Test Cases/thang/New Test Case" time="4.664" classname="Test Cases/thang/New Test Case" status="PASSED">
         <system-out><![CDATA[03-07-2024T22:24:46 - [TEST_CASE][PASSED] - Test Cases/thang/New Test Case: Test Cases/thang/New Test Case

03-07-2024T22:24:46 - [TEST_STEP][PASSED] - openBrowser(""): Browser is opened with url: ''

03-07-2024T22:24:46 - [MESSAGE][INFO] - Starting 'Chrome' driver

03-07-2024T22:24:46 - [MESSAGE][INFO] - Action delay is set to 0 milliseconds

03-07-2024T22:24:49 - [MESSAGE][PASSED] - Browser is opened with url: ''

03-07-2024T22:24:49 - [TEST_STEP][PASSED] - closeBrowser(): Browser is closed

03-07-2024T22:24:51 - [MESSAGE][PASSED] - Browser is closed]]></system-out>
         <system-err><![CDATA[]]></system-err>
      </testcase>
      <testcase name="Test Cases/thang/New Test Case" time="4.57" classname="Test Cases/thang/New Test Case" status="PASSED">
         <system-out><![CDATA[03-07-2024T22:24:51 - [TEST_CASE][PASSED] - Test Cases/thang/New Test Case: Test Cases/thang/New Test Case

03-07-2024T22:24:51 - [TEST_STEP][PASSED] - openBrowser(""): Browser is opened with url: ''

03-07-2024T22:24:51 - [MESSAGE][INFO] - Starting 'Chrome' driver

03-07-2024T22:24:51 - [MESSAGE][INFO] - Action delay is set to 0 milliseconds

03-07-2024T22:24:53 - [MESSAGE][PASSED] - Browser is opened with url: ''

03-07-2024T22:24:53 - [TEST_STEP][PASSED] - closeBrowser(): Browser is closed

03-07-2024T22:24:55 - [MESSAGE][PASSED] - Browser is closed]]></system-out>
         <system-err><![CDATA[]]></system-err>
      </testcase>
      <testcase name="Test Cases/thang/New Test Case" time="7.754" classname="Test Cases/thang/New Test Case" status="PASSED">
         <system-out><![CDATA[03-07-2024T22:24:55 - [TEST_CASE][PASSED] - Test Cases/thang/New Test Case: Test Cases/thang/New Test Case

03-07-2024T22:24:55 - [TEST_STEP][PASSED] - openBrowser(""): Browser is opened with url: ''

03-07-2024T22:24:55 - [MESSAGE][INFO] - Starting 'Chrome' driver

03-07-2024T22:24:55 - [MESSAGE][INFO] - Action delay is set to 0 milliseconds

03-07-2024T22:24:57 - [MESSAGE][PASSED] - Browser is opened with url: ''

03-07-2024T22:24:57 - [TEST_STEP][PASSED] - closeBrowser(): Browser is closed

03-07-2024T22:25:03 - [MESSAGE][PASSED] - Browser is closed]]></system-out>
         <system-err><![CDATA[]]></system-err>
      </testcase>
      <testcase name="Test Cases/thang/New Test Case" time="5.751" classname="Test Cases/thang/New Test Case" status="PASSED">
         <system-out><![CDATA[03-07-2024T22:25:03 - [TEST_CASE][PASSED] - Test Cases/thang/New Test Case: Test Cases/thang/New Test Case

03-07-2024T22:25:03 - [TEST_STEP][PASSED] - openBrowser(""): Browser is opened with url: ''

03-07-2024T22:25:03 - [MESSAGE][INFO] - Starting 'Chrome' driver

03-07-2024T22:25:03 - [MESSAGE][INFO] - Action delay is set to 0 milliseconds

03-07-2024T22:25:05 - [MESSAGE][PASSED] - Browser is opened with url: ''

03-07-2024T22:25:05 - [TEST_STEP][PASSED] - closeBrowser(): Browser is closed

03-07-2024T22:25:09 - [MESSAGE][PASSED] - Browser is closed]]></system-out>
         <system-err><![CDATA[]]></system-err>
      </testcase>
      <testcase name="Test Cases/thang/New Test Case" time="8.273" classname="Test Cases/thang/New Test Case" status="PASSED">
         <system-out><![CDATA[03-07-2024T22:25:09 - [TEST_CASE][PASSED] - Test Cases/thang/New Test Case: Test Cases/thang/New Test Case

03-07-2024T22:25:09 - [TEST_STEP][PASSED] - openBrowser(""): Browser is opened with url: ''

03-07-2024T22:25:09 - [MESSAGE][INFO] - Starting 'Chrome' driver

03-07-2024T22:25:09 - [MESSAGE][INFO] - Action delay is set to 0 milliseconds

03-07-2024T22:25:12 - [MESSAGE][PASSED] - Browser is opened with url: ''

03-07-2024T22:25:12 - [TEST_STEP][PASSED] - closeBrowser(): Browser is closed

03-07-2024T22:25:17 - [MESSAGE][PASSED] - Browser is closed]]></system-out>
         <system-err><![CDATA[]]></system-err>
      </testcase>
      <testcase name="Test Cases/thang/New Test Case" time="5.585" classname="Test Cases/thang/New Test Case" status="PASSED">
         <system-out><![CDATA[03-07-2024T22:25:17 - [TEST_CASE][PASSED] - Test Cases/thang/New Test Case: Test Cases/thang/New Test Case

03-07-2024T22:25:17 - [TEST_STEP][PASSED] - openBrowser(""): Browser is opened with url: ''

03-07-2024T22:25:17 - [MESSAGE][INFO] - Starting 'Chrome' driver

03-07-2024T22:25:17 - [MESSAGE][INFO] - Action delay is set to 0 milliseconds

03-07-2024T22:25:19 - [MESSAGE][PASSED] - Browser is opened with url: ''

03-07-2024T22:25:19 - [TEST_STEP][PASSED] - closeBrowser(): Browser is closed

03-07-2024T22:25:23 - [MESSAGE][PASSED] - Browser is closed]]></system-out>
         <system-err><![CDATA[]]></system-err>
      </testcase>
      <testcase name="Test Cases/thang/New Test Case" time="5.49" classname="Test Cases/thang/New Test Case" status="PASSED">
         <system-out><![CDATA[03-07-2024T22:25:23 - [TEST_CASE][PASSED] - Test Cases/thang/New Test Case: Test Cases/thang/New Test Case

03-07-2024T22:25:23 - [TEST_STEP][PASSED] - openBrowser(""): Browser is opened with url: ''

03-07-2024T22:25:23 - [MESSAGE][INFO] - Starting 'Chrome' driver

03-07-2024T22:25:23 - [MESSAGE][INFO] - Action delay is set to 0 milliseconds

03-07-2024T22:25:24 - [MESSAGE][PASSED] - Browser is opened with url: ''

03-07-2024T22:25:24 - [TEST_STEP][PASSED] - closeBrowser(): Browser is closed

03-07-2024T22:25:28 - [MESSAGE][PASSED] - Browser is closed]]></system-out>
         <system-err><![CDATA[]]></system-err>
      </testcase>
      <testcase name="Test Cases/thang/New Test Case" time="7.391" classname="Test Cases/thang/New Test Case" status="PASSED">
         <system-out><![CDATA[03-07-2024T22:25:28 - [TEST_CASE][PASSED] - Test Cases/thang/New Test Case: Test Cases/thang/New Test Case

03-07-2024T22:25:28 - [TEST_STEP][PASSED] - openBrowser(""): Browser is opened with url: ''

03-07-2024T22:25:28 - [MESSAGE][INFO] - Starting 'Chrome' driver

03-07-2024T22:25:28 - [MESSAGE][INFO] - Action delay is set to 0 milliseconds

03-07-2024T22:25:30 - [MESSAGE][PASSED] - Browser is opened with url: ''

03-07-2024T22:25:30 - [TEST_STEP][PASSED] - closeBrowser(): Browser is closed

03-07-2024T22:25:36 - [MESSAGE][PASSED] - Browser is closed]]></system-out>
         <system-err><![CDATA[]]></system-err>
      </testcase>
      <testcase name="Test Cases/thang/New Test Case" time="5.871" classname="Test Cases/thang/New Test Case" status="PASSED">
         <system-out><![CDATA[03-07-2024T22:25:36 - [TEST_CASE][PASSED] - Test Cases/thang/New Test Case: Test Cases/thang/New Test Case

03-07-2024T22:25:36 - [TEST_STEP][PASSED] - openBrowser(""): Browser is opened with url: ''

03-07-2024T22:25:36 - [MESSAGE][INFO] - Starting 'Chrome' driver

03-07-2024T22:25:36 - [MESSAGE][INFO] - Action delay is set to 0 milliseconds

03-07-2024T22:25:38 - [MESSAGE][PASSED] - Browser is opened with url: ''

03-07-2024T22:25:38 - [TEST_STEP][PASSED] - closeBrowser(): Browser is closed

03-07-2024T22:25:41 - [MESSAGE][PASSED] - Browser is closed]]></system-out>
         <system-err><![CDATA[]]></system-err>
      </testcase>
      <testcase name="Test Cases/thang/New Test Case" time="5.409" classname="Test Cases/thang/New Test Case" status="PASSED">
         <system-out><![CDATA[03-07-2024T22:25:41 - [TEST_CASE][PASSED] - Test Cases/thang/New Test Case: Test Cases/thang/New Test Case

03-07-2024T22:25:41 - [TEST_STEP][PASSED] - openBrowser(""): Browser is opened with url: ''

03-07-2024T22:25:41 - [MESSAGE][INFO] - Starting 'Chrome' driver

03-07-2024T22:25:41 - [MESSAGE][INFO] - Action delay is set to 0 milliseconds

03-07-2024T22:25:43 - [MESSAGE][PASSED] - Browser is opened with url: ''

03-07-2024T22:25:43 - [TEST_STEP][PASSED] - closeBrowser(): Browser is closed

03-07-2024T22:25:47 - [MESSAGE][PASSED] - Browser is closed]]></system-out>
         <system-err><![CDATA[]]></system-err>
      </testcase>
      <testcase name="Test Cases/thang/New Test Case" time="5.613" classname="Test Cases/thang/New Test Case" status="PASSED">
         <system-out><![CDATA[03-07-2024T22:25:47 - [TEST_CASE][PASSED] - Test Cases/thang/New Test Case: Test Cases/thang/New Test Case

03-07-2024T22:25:47 - [TEST_STEP][PASSED] - openBrowser(""): Browser is opened with url: ''

03-07-2024T22:25:47 - [MESSAGE][INFO] - Starting 'Chrome' driver

03-07-2024T22:25:47 - [MESSAGE][INFO] - Action delay is set to 0 milliseconds

03-07-2024T22:25:50 - [MESSAGE][PASSED] - Browser is opened with url: ''

03-07-2024T22:25:50 - [TEST_STEP][PASSED] - closeBrowser(): Browser is closed

03-07-2024T22:25:52 - [MESSAGE][PASSED] - Browser is closed]]></system-out>
         <system-err><![CDATA[]]></system-err>
      </testcase>
      <testcase name="Test Cases/thang/New Test Case" time="4.943" classname="Test Cases/thang/New Test Case" status="PASSED">
         <system-out><![CDATA[03-07-2024T22:25:52 - [TEST_CASE][PASSED] - Test Cases/thang/New Test Case: Test Cases/thang/New Test Case

03-07-2024T22:25:52 - [TEST_STEP][PASSED] - openBrowser(""): Browser is opened with url: ''

03-07-2024T22:25:52 - [MESSAGE][INFO] - Starting 'Chrome' driver

03-07-2024T22:25:52 - [MESSAGE][INFO] - Action delay is set to 0 milliseconds

03-07-2024T22:25:56 - [MESSAGE][PASSED] - Browser is opened with url: ''

03-07-2024T22:25:56 - [TEST_STEP][PASSED] - closeBrowser(): Browser is closed

03-07-2024T22:25:57 - [MESSAGE][PASSED] - Browser is closed]]></system-out>
         <system-err><![CDATA[]]></system-err>
      </testcase>
      <testcase name="Test Cases/thang/New Test Case" time="4.933" classname="Test Cases/thang/New Test Case" status="PASSED">
         <system-out><![CDATA[03-07-2024T22:25:57 - [TEST_CASE][PASSED] - Test Cases/thang/New Test Case: Test Cases/thang/New Test Case

03-07-2024T22:25:57 - [TEST_STEP][PASSED] - openBrowser(""): Browser is opened with url: ''

03-07-2024T22:25:57 - [MESSAGE][INFO] - Starting 'Chrome' driver

03-07-2024T22:25:57 - [MESSAGE][INFO] - Action delay is set to 0 milliseconds

03-07-2024T22:26:00 - [MESSAGE][PASSED] - Browser is opened with url: ''

03-07-2024T22:26:00 - [TEST_STEP][PASSED] - closeBrowser(): Browser is closed

03-07-2024T22:26:02 - [MESSAGE][PASSED] - Browser is closed]]></system-out>
         <system-err><![CDATA[]]></system-err>
      </testcase>
      <testcase name="Test Cases/thang/New Test Case" time="4.92" classname="Test Cases/thang/New Test Case" status="PASSED">
         <system-out><![CDATA[03-07-2024T22:26:02 - [TEST_CASE][PASSED] - Test Cases/thang/New Test Case: Test Cases/thang/New Test Case

03-07-2024T22:26:02 - [TEST_STEP][PASSED] - openBrowser(""): Browser is opened with url: ''

03-07-2024T22:26:02 - [MESSAGE][INFO] - Starting 'Chrome' driver

03-07-2024T22:26:02 - [MESSAGE][INFO] - Action delay is set to 0 milliseconds

03-07-2024T22:26:06 - [MESSAGE][PASSED] - Browser is opened with url: ''

03-07-2024T22:26:06 - [TEST_STEP][PASSED] - closeBrowser(): Browser is closed

03-07-2024T22:26:07 - [MESSAGE][PASSED] - Browser is closed]]></system-out>
         <system-err><![CDATA[]]></system-err>
      </testcase>
      <testcase name="Test Cases/thang/New Test Case (1) - Copy" time="0.028" classname="Test Cases/thang/New Test Case (1) - Copy" status="PASSED">
         <system-out><![CDATA[03-07-2024T22:26:07 - [TEST_CASE][PASSED] - Test Cases/thang/New Test Case (1) - Copy: Test Cases/thang/New Test Case (1) - Copy

03-07-2024T22:26:07 - [TEST_STEP][PASSED] - return null: null]]></system-out>
         <system-err><![CDATA[]]></system-err>
      </testcase>
      <testcase name="Test Cases/thang/New Test Case" time="4.569" classname="Test Cases/thang/New Test Case" status="PASSED">
         <system-out><![CDATA[03-07-2024T22:26:07 - [TEST_CASE][PASSED] - Test Cases/thang/New Test Case: Test Cases/thang/New Test Case

03-07-2024T22:26:07 - [TEST_STEP][PASSED] - openBrowser(""): Browser is opened with url: ''

03-07-2024T22:26:07 - [MESSAGE][INFO] - Starting 'Chrome' driver

03-07-2024T22:26:07 - [MESSAGE][INFO] - Action delay is set to 0 milliseconds

03-07-2024T22:26:10 - [MESSAGE][PASSED] - Browser is opened with url: ''

03-07-2024T22:26:10 - [TEST_STEP][PASSED] - closeBrowser(): Browser is closed

03-07-2024T22:26:12 - [MESSAGE][PASSED] - Browser is closed]]></system-out>
         <system-err><![CDATA[]]></system-err>
      </testcase>
      <testcase name="Test Cases/thang/New Test Case" time="4.535" classname="Test Cases/thang/New Test Case" status="PASSED">
         <system-out><![CDATA[03-07-2024T22:26:12 - [TEST_CASE][PASSED] - Test Cases/thang/New Test Case: Test Cases/thang/New Test Case

03-07-2024T22:26:12 - [TEST_STEP][PASSED] - openBrowser(""): Browser is opened with url: ''

03-07-2024T22:26:12 - [MESSAGE][INFO] - Starting 'Chrome' driver

03-07-2024T22:26:12 - [MESSAGE][INFO] - Action delay is set to 0 milliseconds

03-07-2024T22:26:15 - [MESSAGE][PASSED] - Browser is opened with url: ''

03-07-2024T22:26:15 - [TEST_STEP][PASSED] - closeBrowser(): Browser is closed

03-07-2024T22:26:16 - [MESSAGE][PASSED] - Browser is closed]]></system-out>
         <system-err><![CDATA[]]></system-err>
      </testcase>
      <testcase name="Test Cases/thang/New Test Case" time="7.861" classname="Test Cases/thang/New Test Case" status="PASSED">
         <system-out><![CDATA[03-07-2024T22:26:16 - [TEST_CASE][PASSED] - Test Cases/thang/New Test Case: Test Cases/thang/New Test Case

03-07-2024T22:26:16 - [TEST_STEP][PASSED] - openBrowser(""): Browser is opened with url: ''

03-07-2024T22:26:17 - [MESSAGE][INFO] - Starting 'Chrome' driver

03-07-2024T22:26:17 - [MESSAGE][INFO] - Action delay is set to 0 milliseconds

03-07-2024T22:26:20 - [MESSAGE][PASSED] - Browser is opened with url: ''

03-07-2024T22:26:20 - [TEST_STEP][PASSED] - closeBrowser(): Browser is closed

03-07-2024T22:26:24 - [MESSAGE][PASSED] - Browser is closed]]></system-out>
         <system-err><![CDATA[]]></system-err>
      </testcase>
      <testcase name="Test Cases/thang/New Test Case" time="8.51" classname="Test Cases/thang/New Test Case" status="PASSED">
         <system-out><![CDATA[03-07-2024T22:26:24 - [TEST_CASE][PASSED] - Test Cases/thang/New Test Case: Test Cases/thang/New Test Case

03-07-2024T22:26:24 - [TEST_STEP][PASSED] - openBrowser(""): Browser is opened with url: ''

03-07-2024T22:26:24 - [MESSAGE][INFO] - Starting 'Chrome' driver

03-07-2024T22:26:24 - [MESSAGE][INFO] - Action delay is set to 0 milliseconds

03-07-2024T22:26:27 - [MESSAGE][PASSED] - Browser is opened with url: ''

03-07-2024T22:26:27 - [TEST_STEP][PASSED] - closeBrowser(): Browser is closed

03-07-2024T22:26:33 - [MESSAGE][PASSED] - Browser is closed]]></system-out>
         <system-err><![CDATA[]]></system-err>
      </testcase>
      <testcase name="Test Cases/thang/New Test Case" time="8.142" classname="Test Cases/thang/New Test Case" status="PASSED">
         <system-out><![CDATA[03-07-2024T22:26:33 - [TEST_CASE][PASSED] - Test Cases/thang/New Test Case: Test Cases/thang/New Test Case

03-07-2024T22:26:33 - [TEST_STEP][PASSED] - openBrowser(""): Browser is opened with url: ''

03-07-2024T22:26:33 - [MESSAGE][INFO] - Starting 'Chrome' driver

03-07-2024T22:26:33 - [MESSAGE][INFO] - Action delay is set to 0 milliseconds

03-07-2024T22:26:35 - [MESSAGE][PASSED] - Browser is opened with url: ''

03-07-2024T22:26:35 - [TEST_STEP][PASSED] - closeBrowser(): Browser is closed

03-07-2024T22:26:41 - [MESSAGE][PASSED] - Browser is closed]]></system-out>
         <system-err><![CDATA[]]></system-err>
      </testcase>
      <testcase name="Test Cases/thang/New Test Case" time="5.56" classname="Test Cases/thang/New Test Case" status="PASSED">
         <system-out><![CDATA[03-07-2024T22:26:41 - [TEST_CASE][PASSED] - Test Cases/thang/New Test Case: Test Cases/thang/New Test Case

03-07-2024T22:26:41 - [TEST_STEP][PASSED] - openBrowser(""): Browser is opened with url: ''

03-07-2024T22:26:41 - [MESSAGE][INFO] - Starting 'Chrome' driver

03-07-2024T22:26:41 - [MESSAGE][INFO] - Action delay is set to 0 milliseconds

03-07-2024T22:26:43 - [MESSAGE][PASSED] - Browser is opened with url: ''

03-07-2024T22:26:43 - [TEST_STEP][PASSED] - closeBrowser(): Browser is closed

03-07-2024T22:26:47 - [MESSAGE][PASSED] - Browser is closed]]></system-out>
         <system-err><![CDATA[]]></system-err>
      </testcase>
      <testcase name="Test Cases/thang/New Test Case" time="7.023" classname="Test Cases/thang/New Test Case" status="PASSED">
         <system-out><![CDATA[03-07-2024T22:26:47 - [TEST_CASE][PASSED] - Test Cases/thang/New Test Case: Test Cases/thang/New Test Case

03-07-2024T22:26:47 - [TEST_STEP][PASSED] - openBrowser(""): Browser is opened with url: ''

03-07-2024T22:26:47 - [MESSAGE][INFO] - Starting 'Chrome' driver

03-07-2024T22:26:47 - [MESSAGE][INFO] - Action delay is set to 0 milliseconds

03-07-2024T22:26:48 - [MESSAGE][PASSED] - Browser is opened with url: ''

03-07-2024T22:26:48 - [TEST_STEP][PASSED] - closeBrowser(): Browser is closed

03-07-2024T22:26:54 - [MESSAGE][PASSED] - Browser is closed]]></system-out>
         <system-err><![CDATA[]]></system-err>
      </testcase>
      <testcase name="Test Cases/thang/New Test Case" time="6.011" classname="Test Cases/thang/New Test Case" status="PASSED">
         <system-out><![CDATA[03-07-2024T22:26:54 - [TEST_CASE][PASSED] - Test Cases/thang/New Test Case: Test Cases/thang/New Test Case

03-07-2024T22:26:54 - [TEST_STEP][PASSED] - openBrowser(""): Browser is opened with url: ''

03-07-2024T22:26:54 - [MESSAGE][INFO] - Starting 'Chrome' driver

03-07-2024T22:26:54 - [MESSAGE][INFO] - Action delay is set to 0 milliseconds

03-07-2024T22:26:56 - [MESSAGE][PASSED] - Browser is opened with url: ''

03-07-2024T22:26:56 - [TEST_STEP][PASSED] - closeBrowser(): Browser is closed

03-07-2024T22:27:00 - [MESSAGE][PASSED] - Browser is closed]]></system-out>
         <system-err><![CDATA[]]></system-err>
      </testcase>
      <testcase name="Test Cases/thang/New Test Case" time="6.619" classname="Test Cases/thang/New Test Case" status="PASSED">
         <system-out><![CDATA[03-07-2024T22:27:00 - [TEST_CASE][PASSED] - Test Cases/thang/New Test Case: Test Cases/thang/New Test Case

03-07-2024T22:27:00 - [TEST_STEP][PASSED] - openBrowser(""): Browser is opened with url: ''

03-07-2024T22:27:00 - [MESSAGE][INFO] - Starting 'Chrome' driver

03-07-2024T22:27:00 - [MESSAGE][INFO] - Action delay is set to 0 milliseconds

03-07-2024T22:27:01 - [MESSAGE][PASSED] - Browser is opened with url: ''

03-07-2024T22:27:01 - [TEST_STEP][PASSED] - closeBrowser(): Browser is closed

03-07-2024T22:27:06 - [MESSAGE][PASSED] - Browser is closed]]></system-out>
         <system-err><![CDATA[]]></system-err>
      </testcase>
      <testcase name="Test Cases/thang/New Test Case" time="2.863" classname="Test Cases/thang/New Test Case" status="PASSED">
         <system-out><![CDATA[03-07-2024T22:27:06 - [TEST_CASE][PASSED] - Test Cases/thang/New Test Case: Test Cases/thang/New Test Case

03-07-2024T22:27:06 - [TEST_STEP][PASSED] - openBrowser(""): Browser is opened with url: ''

03-07-2024T22:27:06 - [MESSAGE][INFO] - Starting 'Chrome' driver

03-07-2024T22:27:06 - [MESSAGE][INFO] - Action delay is set to 0 milliseconds

03-07-2024T22:27:08 - [MESSAGE][PASSED] - Browser is opened with url: ''

03-07-2024T22:27:08 - [TEST_STEP][PASSED] - closeBrowser(): Browser is closed

03-07-2024T22:27:09 - [MESSAGE][PASSED] - Browser is closed]]></system-out>
         <system-err><![CDATA[]]></system-err>
      </testcase>
      <testcase name="Test Cases/thang/New Test Case" time="4.49" classname="Test Cases/thang/New Test Case" status="PASSED">
         <system-out><![CDATA[03-07-2024T22:27:09 - [TEST_CASE][PASSED] - Test Cases/thang/New Test Case: Test Cases/thang/New Test Case

03-07-2024T22:27:09 - [TEST_STEP][PASSED] - openBrowser(""): Browser is opened with url: ''

03-07-2024T22:27:09 - [MESSAGE][INFO] - Starting 'Chrome' driver

03-07-2024T22:27:09 - [MESSAGE][INFO] - Action delay is set to 0 milliseconds

03-07-2024T22:27:12 - [MESSAGE][PASSED] - Browser is opened with url: ''

03-07-2024T22:27:12 - [TEST_STEP][PASSED] - closeBrowser(): Browser is closed

03-07-2024T22:27:14 - [MESSAGE][PASSED] - Browser is closed]]></system-out>
         <system-err><![CDATA[]]></system-err>
      </testcase>
      <testcase name="Test Cases/thang/New Test Case" time="5.912" classname="Test Cases/thang/New Test Case" status="PASSED">
         <system-out><![CDATA[03-07-2024T22:27:14 - [TEST_CASE][PASSED] - Test Cases/thang/New Test Case: Test Cases/thang/New Test Case

03-07-2024T22:27:14 - [TEST_STEP][PASSED] - openBrowser(""): Browser is opened with url: ''

03-07-2024T22:27:14 - [MESSAGE][INFO] - Starting 'Chrome' driver

03-07-2024T22:27:14 - [MESSAGE][INFO] - Action delay is set to 0 milliseconds

03-07-2024T22:27:17 - [MESSAGE][PASSED] - Browser is opened with url: ''

03-07-2024T22:27:17 - [TEST_STEP][PASSED] - closeBrowser(): Browser is closed

03-07-2024T22:27:20 - [MESSAGE][PASSED] - Browser is closed]]></system-out>
         <system-err><![CDATA[]]></system-err>
      </testcase>
      <testcase name="Test Cases/thang/New Test Case" time="4.737" classname="Test Cases/thang/New Test Case" status="PASSED">
         <system-out><![CDATA[03-07-2024T22:27:20 - [TEST_CASE][PASSED] - Test Cases/thang/New Test Case: Test Cases/thang/New Test Case

03-07-2024T22:27:20 - [TEST_STEP][PASSED] - openBrowser(""): Browser is opened with url: ''

03-07-2024T22:27:20 - [MESSAGE][INFO] - Starting 'Chrome' driver

03-07-2024T22:27:20 - [MESSAGE][INFO] - Action delay is set to 0 milliseconds

03-07-2024T22:27:23 - [MESSAGE][PASSED] - Browser is opened with url: ''

03-07-2024T22:27:23 - [TEST_STEP][PASSED] - closeBrowser(): Browser is closed

03-07-2024T22:27:24 - [MESSAGE][PASSED] - Browser is closed]]></system-out>
         <system-err><![CDATA[]]></system-err>
      </testcase>
      <testcase name="Test Cases/thang/New Test Case" time="7.032" classname="Test Cases/thang/New Test Case" status="PASSED">
         <system-out><![CDATA[03-07-2024T22:27:24 - [TEST_CASE][PASSED] - Test Cases/thang/New Test Case: Test Cases/thang/New Test Case

03-07-2024T22:27:24 - [TEST_STEP][PASSED] - openBrowser(""): Browser is opened with url: ''

03-07-2024T22:27:24 - [MESSAGE][INFO] - Starting 'Chrome' driver

03-07-2024T22:27:24 - [MESSAGE][INFO] - Action delay is set to 0 milliseconds

03-07-2024T22:27:30 - [MESSAGE][PASSED] - Browser is opened with url: ''

03-07-2024T22:27:30 - [TEST_STEP][PASSED] - closeBrowser(): Browser is closed

03-07-2024T22:27:31 - [MESSAGE][PASSED] - Browser is closed]]></system-out>
         <system-err><![CDATA[]]></system-err>
      </testcase>
      <testcase name="Test Cases/thang/New Test Case" time="3.576" classname="Test Cases/thang/New Test Case" status="PASSED">
         <system-out><![CDATA[03-07-2024T22:27:31 - [TEST_CASE][PASSED] - Test Cases/thang/New Test Case: Test Cases/thang/New Test Case

03-07-2024T22:27:31 - [TEST_STEP][PASSED] - openBrowser(""): Browser is opened with url: ''

03-07-2024T22:27:31 - [MESSAGE][INFO] - Starting 'Chrome' driver

03-07-2024T22:27:31 - [MESSAGE][INFO] - Action delay is set to 0 milliseconds

03-07-2024T22:27:34 - [MESSAGE][PASSED] - Browser is opened with url: ''

03-07-2024T22:27:34 - [TEST_STEP][PASSED] - closeBrowser(): Browser is closed

03-07-2024T22:27:35 - [MESSAGE][PASSED] - Browser is closed]]></system-out>
         <system-err><![CDATA[]]></system-err>
      </testcase>
      <testcase name="Test Cases/thang/New Test Case" time="4.084" classname="Test Cases/thang/New Test Case" status="PASSED">
         <system-out><![CDATA[03-07-2024T22:27:35 - [TEST_CASE][PASSED] - Test Cases/thang/New Test Case: Test Cases/thang/New Test Case

03-07-2024T22:27:35 - [TEST_STEP][PASSED] - openBrowser(""): Browser is opened with url: ''

03-07-2024T22:27:35 - [MESSAGE][INFO] - Starting 'Chrome' driver

03-07-2024T22:27:35 - [MESSAGE][INFO] - Action delay is set to 0 milliseconds

03-07-2024T22:27:38 - [MESSAGE][PASSED] - Browser is opened with url: ''

03-07-2024T22:27:38 - [TEST_STEP][PASSED] - closeBrowser(): Browser is closed

03-07-2024T22:27:39 - [MESSAGE][PASSED] - Browser is closed]]></system-out>
         <system-err><![CDATA[]]></system-err>
      </testcase>
      <testcase name="Test Cases/thang/New Test Case (1) - Copy" time="0.011" classname="Test Cases/thang/New Test Case (1) - Copy" status="PASSED">
         <system-out><![CDATA[03-07-2024T22:27:39 - [TEST_CASE][PASSED] - Test Cases/thang/New Test Case (1) - Copy: Test Cases/thang/New Test Case (1) - Copy

03-07-2024T22:27:39 - [TEST_STEP][PASSED] - return null: null]]></system-out>
         <system-err><![CDATA[]]></system-err>
      </testcase>
      <testcase name="Test Cases/thang/New Test Case (1)" time="0.016" classname="Test Cases/thang/New Test Case (1)" status="PASSED">
         <system-out><![CDATA[03-07-2024T22:27:39 - [TEST_CASE][PASSED] - Test Cases/thang/New Test Case (1): Test Cases/thang/New Test Case (1)

03-07-2024T22:27:39 - [TEST_STEP][PASSED] - return null: null]]></system-out>
         <system-err><![CDATA[]]></system-err>
      </testcase>
      <testcase name="Test Cases/thang/New Test Case (2)" time="0.011" classname="Test Cases/thang/New Test Case (2)" status="PASSED">
         <system-out><![CDATA[03-07-2024T22:27:39 - [TEST_CASE][PASSED] - Test Cases/thang/New Test Case (2): Test Cases/thang/New Test Case (2)

03-07-2024T22:27:39 - [TEST_STEP][PASSED] - return null: null]]></system-out>
         <system-err><![CDATA[]]></system-err>
      </testcase>
      <testcase name="Test Cases/thang/New Test Case (3)" time="0.017" classname="Test Cases/thang/New Test Case (3)" status="PASSED">
         <system-out><![CDATA[03-07-2024T22:27:39 - [TEST_CASE][PASSED] - Test Cases/thang/New Test Case (3): Test Cases/thang/New Test Case (3)

03-07-2024T22:27:39 - [TEST_STEP][PASSED] - return null: null]]></system-out>
         <system-err><![CDATA[]]></system-err>
      </testcase>
      <testcase name="Test Cases/thang/New Test Case (4)" time="0.025" classname="Test Cases/thang/New Test Case (4)" status="PASSED">
         <system-out><![CDATA[03-07-2024T22:27:39 - [TEST_CASE][PASSED] - Test Cases/thang/New Test Case (4): Test Cases/thang/New Test Case (4)

03-07-2024T22:27:39 - [TEST_STEP][PASSED] - return null: null]]></system-out>
         <system-err><![CDATA[]]></system-err>
      </testcase>
      <testcase name="Test Cases/thang/New Test Case (5)" time="0.012" classname="Test Cases/thang/New Test Case (5)" status="PASSED">
         <system-out><![CDATA[03-07-2024T22:27:39 - [TEST_CASE][PASSED] - Test Cases/thang/New Test Case (5): Test Cases/thang/New Test Case (5)

03-07-2024T22:27:39 - [TEST_STEP][PASSED] - return null: null]]></system-out>
         <system-err><![CDATA[]]></system-err>
      </testcase>
      <testcase name="Test Cases/thang/New Test Case (6)" time="0.012" classname="Test Cases/thang/New Test Case (6)" status="PASSED">
         <system-out><![CDATA[03-07-2024T22:27:39 - [TEST_CASE][PASSED] - Test Cases/thang/New Test Case (6): Test Cases/thang/New Test Case (6)

03-07-2024T22:27:39 - [TEST_STEP][PASSED] - return null: null]]></system-out>
         <system-err><![CDATA[]]></system-err>
      </testcase>
      <testcase name="Test Cases/thang/New Test Case (7)" time="0.01" classname="Test Cases/thang/New Test Case (7)" status="PASSED">
         <system-out><![CDATA[03-07-2024T22:27:39 - [TEST_CASE][PASSED] - Test Cases/thang/New Test Case (7): Test Cases/thang/New Test Case (7)

03-07-2024T22:27:39 - [TEST_STEP][PASSED] - return null: null]]></system-out>
         <system-err><![CDATA[]]></system-err>
      </testcase>
      <testcase name="Test Cases/thang/New Test Case (8)" time="18.601" classname="Test Cases/thang/New Test Case (8)" status="PASSED">
         <system-out><![CDATA[03-07-2024T22:27:39 - [TEST_CASE][PASSED] - Test Cases/thang/New Test Case (8): Test Cases/thang/New Test Case (8)

03-07-2024T22:27:39 - [TEST_STEP][PASSED] - openBrowser(""): Browser is opened with url: ''

03-07-2024T22:27:39 - [MESSAGE][INFO] - Starting 'Chrome' driver

03-07-2024T22:27:39 - [MESSAGE][INFO] - Action delay is set to 0 milliseconds

03-07-2024T22:27:41 - [MESSAGE][PASSED] - Browser is opened with url: ''

03-07-2024T22:27:41 - [TEST_STEP][PASSED] - navigateToUrl("https://demowebshop.tricentis.com/fiction"): Navigate to 'https://demowebshop.tricentis.com/fiction' successfully

03-07-2024T22:27:48 - [MESSAGE][PASSED] - Navigate to 'https://demowebshop.tricentis.com/fiction' successfully

03-07-2024T22:27:48 - [TEST_STEP][PASSED] - setText(findTestObject("ac/New Test Object (1)"), "a"): Text 'a' is set on object 'Object Repository/ac/New Test Object (1)'

03-07-2024T22:27:53 - [MESSAGE][PASSED] - Text 'a' is set on object 'Object Repository/ac/New Test Object (1)'

03-07-2024T22:27:53 - [TEST_STEP][PASSED] - closeBrowser(): Browser is closed

03-07-2024T22:27:58 - [MESSAGE][PASSED] - Browser is closed]]></system-out>
         <system-err><![CDATA[]]></system-err>
      </testcase>
      <testcase name="Test Cases/thang/New Test Case (9)" time="61.905" classname="Test Cases/thang/New Test Case (9)" status="PASSED">
         <system-out><![CDATA[03-07-2024T22:27:58 - [TEST_CASE][PASSED] - Test Cases/thang/New Test Case (9): Test Cases/thang/New Test Case (9)

03-07-2024T22:27:58 - [TEST_STEP][PASSED] - openBrowser(""): Browser is opened with url: ''

03-07-2024T22:27:58 - [MESSAGE][INFO] - Starting 'Chrome' driver

03-07-2024T22:27:58 - [MESSAGE][INFO] - Action delay is set to 0 milliseconds

03-07-2024T22:28:02 - [MESSAGE][PASSED] - Browser is opened with url: ''

03-07-2024T22:28:02 - [TEST_STEP][PASSED] - navigateToMaskedUrl(**********************): Navigate to '********************' successfully

03-07-2024T22:28:50 - [MESSAGE][PASSED] - Navigate to '********************' successfully

03-07-2024T22:28:50 - [TEST_STEP][PASSED] - verifyElementClickable(findTestObject("ac/New Test Object")): Object 'Object Repository/ac/New Test Object' is clickable

03-07-2024T22:28:54 - [MESSAGE][PASSED] - Object 'Object Repository/ac/New Test Object' is clickable

03-07-2024T22:28:54 - [TEST_STEP][PASSED] - verifyElementVisible(findTestObject("ac/New Test Object")): Object 'Object Repository/ac/New Test Object' is visible

03-07-2024T22:28:54 - [MESSAGE][PASSED] - Object 'Object Repository/ac/New Test Object' is visible

03-07-2024T22:28:54 - [TEST_STEP][PASSED] - verifyElementText(findTestObject("ac/New Test Object"), "View demo"): Actual text and expected text of test object 'Object Repository/ac/New Test Object' are matched.

03-07-2024T22:28:55 - [MESSAGE][PASSED] - Actual text and expected text of test object 'Object Repository/ac/New Test Object' are matched.

03-07-2024T22:28:55 - [TEST_STEP][PASSED] - verifyElementVisible(findTestObject("ac/New Test Object")): Object 'Object Repository/ac/New Test Object' is visible

03-07-2024T22:28:56 - [MESSAGE][PASSED] - Object 'Object Repository/ac/New Test Object' is visible

03-07-2024T22:28:56 - [TEST_STEP][PASSED] - verifyElementNotHasAttribute(findTestObject("ac/New Test Object"), "", 0, STOP_ON_FAILURE): Object 'Object Repository/ac/New Test Object' does not have attribute ''

03-07-2024T22:28:56 - [MESSAGE][WARNING] - Timeout '0' is invalid. Using default page load timeout: '30'

03-07-2024T22:28:56 - [MESSAGE][PASSED] - Object 'Object Repository/ac/New Test Object' does not have attribute ''

03-07-2024T22:28:56 - [TEST_STEP][PASSED] - closeBrowser(): Browser is closed

03-07-2024T22:29:00 - [MESSAGE][PASSED] - Browser is closed]]></system-out>
         <system-err><![CDATA[]]></system-err>
      </testcase>
      <testcase name="Test Cases/thang/New Test Case" time="5.185" classname="Test Cases/thang/New Test Case" status="PASSED">
         <system-out><![CDATA[03-07-2024T22:29:00 - [TEST_CASE][PASSED] - Test Cases/thang/New Test Case: Test Cases/thang/New Test Case

03-07-2024T22:29:00 - [TEST_STEP][PASSED] - openBrowser(""): Browser is opened with url: ''

03-07-2024T22:29:00 - [MESSAGE][INFO] - Starting 'Chrome' driver

03-07-2024T22:29:00 - [MESSAGE][INFO] - Action delay is set to 0 milliseconds

03-07-2024T22:29:03 - [MESSAGE][PASSED] - Browser is opened with url: ''

03-07-2024T22:29:03 - [TEST_STEP][PASSED] - closeBrowser(): Browser is closed

03-07-2024T22:29:05 - [MESSAGE][PASSED] - Browser is closed]]></system-out>
         <system-err><![CDATA[]]></system-err>
      </testcase>
      <testcase name="Test Cases/thang/New Test Case" time="6.108" classname="Test Cases/thang/New Test Case" status="PASSED">
         <system-out><![CDATA[03-07-2024T22:29:05 - [TEST_CASE][PASSED] - Test Cases/thang/New Test Case: Test Cases/thang/New Test Case

03-07-2024T22:29:05 - [TEST_STEP][PASSED] - openBrowser(""): Browser is opened with url: ''

03-07-2024T22:29:05 - [MESSAGE][INFO] - Starting 'Chrome' driver

03-07-2024T22:29:05 - [MESSAGE][INFO] - Action delay is set to 0 milliseconds

03-07-2024T22:29:07 - [MESSAGE][PASSED] - Browser is opened with url: ''

03-07-2024T22:29:07 - [TEST_STEP][PASSED] - closeBrowser(): Browser is closed

03-07-2024T22:29:11 - [MESSAGE][PASSED] - Browser is closed]]></system-out>
         <system-err><![CDATA[]]></system-err>
      </testcase>
      <testcase name="Test Cases/thang/New Test Case" time="6.645" classname="Test Cases/thang/New Test Case" status="PASSED">
         <system-out><![CDATA[03-07-2024T22:29:11 - [TEST_CASE][PASSED] - Test Cases/thang/New Test Case: Test Cases/thang/New Test Case

03-07-2024T22:29:11 - [TEST_STEP][PASSED] - openBrowser(""): Browser is opened with url: ''

03-07-2024T22:29:11 - [MESSAGE][INFO] - Starting 'Chrome' driver

03-07-2024T22:29:11 - [MESSAGE][INFO] - Action delay is set to 0 milliseconds

03-07-2024T22:29:14 - [MESSAGE][PASSED] - Browser is opened with url: ''

03-07-2024T22:29:14 - [TEST_STEP][PASSED] - closeBrowser(): Browser is closed

03-07-2024T22:29:18 - [MESSAGE][PASSED] - Browser is closed]]></system-out>
         <system-err><![CDATA[]]></system-err>
      </testcase>
      <testcase name="Test Cases/thang/New Test Case" time="6.608" classname="Test Cases/thang/New Test Case" status="PASSED">
         <system-out><![CDATA[03-07-2024T22:29:18 - [TEST_CASE][PASSED] - Test Cases/thang/New Test Case: Test Cases/thang/New Test Case

03-07-2024T22:29:18 - [TEST_STEP][PASSED] - openBrowser(""): Browser is opened with url: ''

03-07-2024T22:29:18 - [MESSAGE][INFO] - Starting 'Chrome' driver

03-07-2024T22:29:18 - [MESSAGE][INFO] - Action delay is set to 0 milliseconds

03-07-2024T22:29:22 - [MESSAGE][PASSED] - Browser is opened with url: ''

03-07-2024T22:29:22 - [TEST_STEP][PASSED] - closeBrowser(): Browser is closed

03-07-2024T22:29:24 - [MESSAGE][PASSED] - Browser is closed]]></system-out>
         <system-err><![CDATA[]]></system-err>
      </testcase>
      <testcase name="Test Cases/thang/New Test Case" time="4.644" classname="Test Cases/thang/New Test Case" status="PASSED">
         <system-out><![CDATA[03-07-2024T22:29:24 - [TEST_CASE][PASSED] - Test Cases/thang/New Test Case: Test Cases/thang/New Test Case

03-07-2024T22:29:24 - [TEST_STEP][PASSED] - openBrowser(""): Browser is opened with url: ''

03-07-2024T22:29:24 - [MESSAGE][INFO] - Starting 'Chrome' driver

03-07-2024T22:29:24 - [MESSAGE][INFO] - Action delay is set to 0 milliseconds

03-07-2024T22:29:27 - [MESSAGE][PASSED] - Browser is opened with url: ''

03-07-2024T22:29:27 - [TEST_STEP][PASSED] - closeBrowser(): Browser is closed

03-07-2024T22:29:29 - [MESSAGE][PASSED] - Browser is closed]]></system-out>
         <system-err><![CDATA[]]></system-err>
      </testcase>
      <testcase name="Test Cases/thang/New Test Case" time="5.214" classname="Test Cases/thang/New Test Case" status="PASSED">
         <system-out><![CDATA[03-07-2024T22:29:29 - [TEST_CASE][PASSED] - Test Cases/thang/New Test Case: Test Cases/thang/New Test Case

03-07-2024T22:29:29 - [TEST_STEP][PASSED] - openBrowser(""): Browser is opened with url: ''

03-07-2024T22:29:29 - [MESSAGE][INFO] - Starting 'Chrome' driver

03-07-2024T22:29:29 - [MESSAGE][INFO] - Action delay is set to 0 milliseconds

03-07-2024T22:29:31 - [MESSAGE][PASSED] - Browser is opened with url: ''

03-07-2024T22:29:31 - [TEST_STEP][PASSED] - closeBrowser(): Browser is closed

03-07-2024T22:29:34 - [MESSAGE][PASSED] - Browser is closed]]></system-out>
         <system-err><![CDATA[]]></system-err>
      </testcase>
      <testcase name="Test Cases/thang/New Test Case" time="4.505" classname="Test Cases/thang/New Test Case" status="PASSED">
         <system-out><![CDATA[03-07-2024T22:29:34 - [TEST_CASE][PASSED] - Test Cases/thang/New Test Case: Test Cases/thang/New Test Case

03-07-2024T22:29:34 - [TEST_STEP][PASSED] - openBrowser(""): Browser is opened with url: ''

03-07-2024T22:29:34 - [MESSAGE][INFO] - Starting 'Chrome' driver

03-07-2024T22:29:34 - [MESSAGE][INFO] - Action delay is set to 0 milliseconds

03-07-2024T22:29:38 - [MESSAGE][PASSED] - Browser is opened with url: ''

03-07-2024T22:29:38 - [TEST_STEP][PASSED] - closeBrowser(): Browser is closed

03-07-2024T22:29:39 - [MESSAGE][PASSED] - Browser is closed]]></system-out>
         <system-err><![CDATA[]]></system-err>
      </testcase>
      <testcase name="Test Cases/thang/New Test Case" time="6.252" classname="Test Cases/thang/New Test Case" status="PASSED">
         <system-out><![CDATA[03-07-2024T22:29:39 - [TEST_CASE][PASSED] - Test Cases/thang/New Test Case: Test Cases/thang/New Test Case

03-07-2024T22:29:39 - [TEST_STEP][PASSED] - openBrowser(""): Browser is opened with url: ''

03-07-2024T22:29:39 - [MESSAGE][INFO] - Starting 'Chrome' driver

03-07-2024T22:29:39 - [MESSAGE][INFO] - Action delay is set to 0 milliseconds

03-07-2024T22:29:41 - [MESSAGE][PASSED] - Browser is opened with url: ''

03-07-2024T22:29:41 - [TEST_STEP][PASSED] - closeBrowser(): Browser is closed

03-07-2024T22:29:45 - [MESSAGE][PASSED] - Browser is closed]]></system-out>
         <system-err><![CDATA[]]></system-err>
      </testcase>
      <testcase name="Test Cases/thang/New Test Case" time="5.304" classname="Test Cases/thang/New Test Case" status="PASSED">
         <system-out><![CDATA[03-07-2024T22:29:45 - [TEST_CASE][PASSED] - Test Cases/thang/New Test Case: Test Cases/thang/New Test Case

03-07-2024T22:29:45 - [TEST_STEP][PASSED] - openBrowser(""): Browser is opened with url: ''

03-07-2024T22:29:45 - [MESSAGE][INFO] - Starting 'Chrome' driver

03-07-2024T22:29:45 - [MESSAGE][INFO] - Action delay is set to 0 milliseconds

03-07-2024T22:29:49 - [MESSAGE][PASSED] - Browser is opened with url: ''

03-07-2024T22:29:49 - [TEST_STEP][PASSED] - closeBrowser(): Browser is closed

03-07-2024T22:29:50 - [MESSAGE][PASSED] - Browser is closed]]></system-out>
         <system-err><![CDATA[]]></system-err>
      </testcase>
      <testcase name="Test Cases/thang/New Test Case" time="7.302" classname="Test Cases/thang/New Test Case" status="PASSED">
         <system-out><![CDATA[03-07-2024T22:29:50 - [TEST_CASE][PASSED] - Test Cases/thang/New Test Case: Test Cases/thang/New Test Case

03-07-2024T22:29:50 - [TEST_STEP][PASSED] - openBrowser(""): Browser is opened with url: ''

03-07-2024T22:29:50 - [MESSAGE][INFO] - Starting 'Chrome' driver

03-07-2024T22:29:50 - [MESSAGE][INFO] - Action delay is set to 0 milliseconds

03-07-2024T22:29:53 - [MESSAGE][PASSED] - Browser is opened with url: ''

03-07-2024T22:29:53 - [TEST_STEP][PASSED] - closeBrowser(): Browser is closed

03-07-2024T22:29:57 - [MESSAGE][PASSED] - Browser is closed]]></system-out>
         <system-err><![CDATA[]]></system-err>
      </testcase>
      <testcase name="Test Cases/thang/New Test Case" time="2.258" classname="Test Cases/thang/New Test Case" status="PASSED">
         <system-out><![CDATA[03-07-2024T22:29:57 - [TEST_CASE][PASSED] - Test Cases/thang/New Test Case: Test Cases/thang/New Test Case

03-07-2024T22:29:57 - [TEST_STEP][PASSED] - openBrowser(""): Browser is opened with url: ''

03-07-2024T22:29:57 - [MESSAGE][INFO] - Starting 'Chrome' driver

03-07-2024T22:29:57 - [MESSAGE][INFO] - Action delay is set to 0 milliseconds

03-07-2024T22:29:59 - [MESSAGE][PASSED] - Browser is opened with url: ''

03-07-2024T22:29:59 - [TEST_STEP][PASSED] - closeBrowser(): Browser is closed

03-07-2024T22:30:00 - [MESSAGE][PASSED] - Browser is closed]]></system-out>
         <system-err><![CDATA[]]></system-err>
      </testcase>
      <testcase name="Test Cases/thang/New Test Case" time="5.582" classname="Test Cases/thang/New Test Case" status="PASSED">
         <system-out><![CDATA[03-07-2024T22:30:00 - [TEST_CASE][PASSED] - Test Cases/thang/New Test Case: Test Cases/thang/New Test Case

03-07-2024T22:30:00 - [TEST_STEP][PASSED] - openBrowser(""): Browser is opened with url: ''

03-07-2024T22:30:00 - [MESSAGE][INFO] - Starting 'Chrome' driver

03-07-2024T22:30:00 - [MESSAGE][INFO] - Action delay is set to 0 milliseconds

03-07-2024T22:30:03 - [MESSAGE][PASSED] - Browser is opened with url: ''

03-07-2024T22:30:03 - [TEST_STEP][PASSED] - closeBrowser(): Browser is closed

03-07-2024T22:30:05 - [MESSAGE][PASSED] - Browser is closed]]></system-out>
         <system-err><![CDATA[]]></system-err>
      </testcase>
      <testcase name="Test Cases/thang/New Test Case" time="3.779" classname="Test Cases/thang/New Test Case" status="PASSED">
         <system-out><![CDATA[03-07-2024T22:30:05 - [TEST_CASE][PASSED] - Test Cases/thang/New Test Case: Test Cases/thang/New Test Case

03-07-2024T22:30:05 - [TEST_STEP][PASSED] - openBrowser(""): Browser is opened with url: ''

03-07-2024T22:30:05 - [MESSAGE][INFO] - Starting 'Chrome' driver

03-07-2024T22:30:05 - [MESSAGE][INFO] - Action delay is set to 0 milliseconds

03-07-2024T22:30:07 - [MESSAGE][PASSED] - Browser is opened with url: ''

03-07-2024T22:30:07 - [TEST_STEP][PASSED] - closeBrowser(): Browser is closed

03-07-2024T22:30:09 - [MESSAGE][PASSED] - Browser is closed]]></system-out>
         <system-err><![CDATA[]]></system-err>
      </testcase>
      <testcase name="Test Cases/thang/New Test Case" time="4.265" classname="Test Cases/thang/New Test Case" status="PASSED">
         <system-out><![CDATA[03-07-2024T22:30:09 - [TEST_CASE][PASSED] - Test Cases/thang/New Test Case: Test Cases/thang/New Test Case

03-07-2024T22:30:09 - [TEST_STEP][PASSED] - openBrowser(""): Browser is opened with url: ''

03-07-2024T22:30:09 - [MESSAGE][INFO] - Starting 'Chrome' driver

03-07-2024T22:30:09 - [MESSAGE][INFO] - Action delay is set to 0 milliseconds

03-07-2024T22:30:12 - [MESSAGE][PASSED] - Browser is opened with url: ''

03-07-2024T22:30:12 - [TEST_STEP][PASSED] - closeBrowser(): Browser is closed

03-07-2024T22:30:13 - [MESSAGE][PASSED] - Browser is closed]]></system-out>
         <system-err><![CDATA[]]></system-err>
      </testcase>
      <testcase name="Test Cases/thang/New Test Case" time="7.237" classname="Test Cases/thang/New Test Case" status="PASSED">
         <system-out><![CDATA[03-07-2024T22:30:13 - [TEST_CASE][PASSED] - Test Cases/thang/New Test Case: Test Cases/thang/New Test Case

03-07-2024T22:30:13 - [TEST_STEP][PASSED] - openBrowser(""): Browser is opened with url: ''

03-07-2024T22:30:13 - [MESSAGE][INFO] - Starting 'Chrome' driver

03-07-2024T22:30:13 - [MESSAGE][INFO] - Action delay is set to 0 milliseconds

03-07-2024T22:30:16 - [MESSAGE][PASSED] - Browser is opened with url: ''

03-07-2024T22:30:16 - [TEST_STEP][PASSED] - closeBrowser(): Browser is closed

03-07-2024T22:30:21 - [MESSAGE][PASSED] - Browser is closed]]></system-out>
         <system-err><![CDATA[]]></system-err>
      </testcase>
      <testcase name="Test Cases/thang/New Test Case" time="4.572" classname="Test Cases/thang/New Test Case" status="PASSED">
         <system-out><![CDATA[03-07-2024T22:30:21 - [TEST_CASE][PASSED] - Test Cases/thang/New Test Case: Test Cases/thang/New Test Case

03-07-2024T22:30:21 - [TEST_STEP][PASSED] - openBrowser(""): Browser is opened with url: ''

03-07-2024T22:30:21 - [MESSAGE][INFO] - Starting 'Chrome' driver

03-07-2024T22:30:21 - [MESSAGE][INFO] - Action delay is set to 0 milliseconds

03-07-2024T22:30:24 - [MESSAGE][PASSED] - Browser is opened with url: ''

03-07-2024T22:30:24 - [TEST_STEP][PASSED] - closeBrowser(): Browser is closed

03-07-2024T22:30:25 - [MESSAGE][PASSED] - Browser is closed]]></system-out>
         <system-err><![CDATA[]]></system-err>
      </testcase>
      <testcase name="Test Cases/thang/New Test Case" time="4.433" classname="Test Cases/thang/New Test Case" status="PASSED">
         <system-out><![CDATA[03-07-2024T22:30:25 - [TEST_CASE][PASSED] - Test Cases/thang/New Test Case: Test Cases/thang/New Test Case

03-07-2024T22:30:25 - [TEST_STEP][PASSED] - openBrowser(""): Browser is opened with url: ''

03-07-2024T22:30:25 - [MESSAGE][INFO] - Starting 'Chrome' driver

03-07-2024T22:30:25 - [MESSAGE][INFO] - Action delay is set to 0 milliseconds

03-07-2024T22:30:29 - [MESSAGE][PASSED] - Browser is opened with url: ''

03-07-2024T22:30:29 - [TEST_STEP][PASSED] - closeBrowser(): Browser is closed

03-07-2024T22:30:30 - [MESSAGE][PASSED] - Browser is closed]]></system-out>
         <system-err><![CDATA[]]></system-err>
      </testcase>
      <testcase name="Test Cases/thang/New Test Case" time="4.803" classname="Test Cases/thang/New Test Case" status="PASSED">
         <system-out><![CDATA[03-07-2024T22:30:30 - [TEST_CASE][PASSED] - Test Cases/thang/New Test Case: Test Cases/thang/New Test Case

03-07-2024T22:30:30 - [TEST_STEP][PASSED] - openBrowser(""): Browser is opened with url: ''

03-07-2024T22:30:30 - [MESSAGE][INFO] - Starting 'Chrome' driver

03-07-2024T22:30:30 - [MESSAGE][INFO] - Action delay is set to 0 milliseconds

03-07-2024T22:30:33 - [MESSAGE][PASSED] - Browser is opened with url: ''

03-07-2024T22:30:33 - [TEST_STEP][PASSED] - closeBrowser(): Browser is closed

03-07-2024T22:30:34 - [MESSAGE][PASSED] - Browser is closed]]></system-out>
         <system-err><![CDATA[]]></system-err>
      </testcase>
      <system-out><![CDATA[03-07-2024T22:03:49 - [TEST_SUITE][FAILED] - New Dynamic Test Suite: Test Cases/New Test Case FAILED.
Reason:
com.kms.katalon.core.exception.StepFailedException: Connection refused: no further information
Build info: version: '3.141.59', revision: 'e82be7d358', time: '2018-11-14T08:25:53'
System info: host: 'HUYBT2', ip: '192.168.1.13', os.name: 'Windows 11', os.arch: 'amd64', os.version: '10.0', java.version: '17.0.7'
Driver info: driver.version: WindowsDriver (Root cause: org.openqa.selenium.WebDriverException: Connection refused: no further information
Build info: version: '3.141.59', revision: 'e82be7d358', time: '2018-11-14T08:25:53'
System info: host: 'HUYBT2', ip: '192.168.1.13', os.name: 'Windows 11', os.arch: 'amd64', os.version: '10.0', java.version: '17.0.7'
Driver info: driver.version: WindowsDriver
	at io.appium.java_client.remote.AppiumCommandExecutor.lambda$5(AppiumCommandExecutor.java:251)
	at io.appium.java_client.remote.AppiumCommandExecutor.execute(AppiumCommandExecutor.java:250)
	at org.openqa.selenium.remote.RemoteWebDriver.execute(RemoteWebDriver.java:552)
	at io.appium.java_client.DefaultGenericMobileDriver.execute(DefaultGenericMobileDriver.java:42)
	at io.appium.java_client.AppiumDriver.execute(AppiumDriver.java:1)
	at io.appium.java_client.windows.WindowsDriver.execute(WindowsDriver.java:1)
	at org.openqa.selenium.remote.RemoteWebDriver.startSession(RemoteWebDriver.java:213)
	at org.openqa.selenium.remote.RemoteWebDriver.<init>(RemoteWebDriver.java:131)
	at io.appium.java_client.DefaultGenericMobileDriver.<init>(DefaultGenericMobileDriver.java:38)
	at io.appium.java_client.AppiumDriver.<init>(AppiumDriver.java:84)
	at io.appium.java_client.windows.WindowsDriver.<init>(WindowsDriver.java:38)
	at com.kms.katalon.core.windows.driver.WindowsDriverFactory.newWindowsDriver(WindowsDriverFactory.java:194)
	at com.kms.katalon.core.windows.driver.WindowsDriverFactory.startApplication(WindowsDriverFactory.java:112)
	at com.kms.katalon.core.windows.driver.WindowsDriverFactory.startApplication(WindowsDriverFactory.java:96)
	at com.kms.katalon.core.windows.driver.WindowsDriverFactory$startApplication.call(Unknown Source)
	at com.kms.katalon.core.windows.keyword.builtin.StartApplicationWithTitleKeyword$_startApplicationWithTitle_closure1.doCall(StartApplicationWithTitleKeyword.groovy:33)
	at com.kms.katalon.core.windows.keyword.builtin.StartApplicationWithTitleKeyword$_startApplicationWithTitle_closure1.doCall(StartApplicationWithTitleKeyword.groovy)
	at java.base/jdk.internal.reflect.NativeMethodAccessorImpl.invoke0(Native Method)
	at java.base/jdk.internal.reflect.NativeMethodAccessorImpl.invoke(NativeMethodAccessorImpl.java:77)
	at java.base/jdk.internal.reflect.DelegatingMethodAccessorImpl.invoke(DelegatingMethodAccessorImpl.java:43)
	at com.kms.katalon.core.keyword.internal.KeywordMain.runKeyword(KeywordMain.groovy:90)
	at com.kms.katalon.core.keyword.internal.KeywordMain$runKeyword.call(Unknown Source)
	at com.kms.katalon.core.windows.keyword.builtin.StartApplicationWithTitleKeyword.startApplicationWithTitle(StartApplicationWithTitleKeyword.groovy:32)
	at com.kms.katalon.core.windows.keyword.builtin.StartApplicationWithTitleKeyword.execute(StartApplicationWithTitleKeyword.groovy:28)
	at com.kms.katalon.core.keyword.internal.KeywordExecutor.executeKeywordForPlatform(KeywordExecutor.groovy:74)
	at com.kms.katalon.core.windows.keyword.WindowsBuiltinKeywords.startApplicationWithTitle(WindowsBuiltinKeywords.java:1064)
	at New Test Case.run(New Test Case:20)
	at com.kms.katalon.core.main.ScriptEngine.run(ScriptEngine.java:194)
	at com.kms.katalon.core.main.ScriptEngine.runScriptAsRawText(ScriptEngine.java:119)
	at com.kms.katalon.core.main.TestCaseExecutor.runScript(TestCaseExecutor.java:448)
	at com.kms.katalon.core.main.TestCaseExecutor.doExecute(TestCaseExecutor.java:439)
	at com.kms.katalon.core.main.TestCaseExecutor.processExecutionPhase(TestCaseExecutor.java:418)
	at com.kms.katalon.core.main.TestCaseExecutor.accessMainPhase(TestCaseExecutor.java:410)
	at com.kms.katalon.core.main.TestCaseExecutor.execute(TestCaseExecutor.java:285)
	at com.kms.katalon.core.common.CommonExecutor.accessTestCaseMainPhase(CommonExecutor.java:65)
	at com.kms.katalon.core.main.TestSuiteExecutor.accessTestSuiteMainPhase(TestSuiteExecutor.java:150)
	at com.kms.katalon.core.main.TestSuiteExecutor.execute(TestSuiteExecutor.java:106)
	at com.kms.katalon.core.main.TestCaseMain.startTestSuite(TestCaseMain.java:180)
	at TempTestSuite1720019006769.run(TempTestSuite1720019006769.groovy:35)
	at java.base/jdk.internal.reflect.NativeMethodAccessorImpl.invoke0(Native Method)
	at java.base/jdk.internal.reflect.NativeMethodAccessorImpl.invoke(NativeMethodAccessorImpl.java:77)
	at java.base/jdk.internal.reflect.DelegatingMethodAccessorImpl.invoke(DelegatingMethodAccessorImpl.java:43)
Caused by: java.net.ConnectException: Connection refused: no further information
	at okhttp3.internal.platform.Platform.connectSocket(Platform.java:129)
	at okhttp3.internal.connection.RealConnection.connectSocket(RealConnection.java:245)
	at okhttp3.internal.connection.RealConnection.connect(RealConnection.java:165)
	at okhttp3.internal.connection.StreamAllocation.findConnection(StreamAllocation.java:257)
	at okhttp3.internal.connection.StreamAllocation.findHealthyConnection(StreamAllocation.java:135)
	at okhttp3.internal.connection.StreamAllocation.newStream(StreamAllocation.java:114)
	at okhttp3.internal.connection.ConnectInterceptor.intercept(ConnectInterceptor.java:42)
	at okhttp3.internal.http.RealInterceptorChain.proceed(RealInterceptorChain.java:147)
	at okhttp3.internal.http.RealInterceptorChain.proceed(RealInterceptorChain.java:121)
	at okhttp3.internal.cache.CacheInterceptor.intercept(CacheInterceptor.java:93)
	at okhttp3.internal.http.RealInterceptorChain.proceed(RealInterceptorChain.java:147)
	at okhttp3.internal.http.RealInterceptorChain.proceed(RealInterceptorChain.java:121)
	at okhttp3.internal.http.BridgeInterceptor.intercept(BridgeInterceptor.java:93)
	at okhttp3.internal.http.RealInterceptorChain.proceed(RealInterceptorChain.java:147)
	at okhttp3.internal.http.RetryAndFollowUpInterceptor.intercept(RetryAndFollowUpInterceptor.java:126)
	at okhttp3.internal.http.RealInterceptorChain.proceed(RealInterceptorChain.java:147)
	at okhttp3.internal.http.RealInterceptorChain.proceed(RealInterceptorChain.java:121)
	at okhttp3.RealCall.getResponseWithInterceptorChain(RealCall.java:200)
	at okhttp3.RealCall.execute(RealCall.java:77)
	at org.openqa.selenium.remote.internal.OkHttpClient.execute(OkHttpClient.java:103)
	at org.openqa.selenium.remote.ProtocolHandshake.createSession(ProtocolHandshake.java:105)
	at java.base/jdk.internal.reflect.NativeMethodAccessorImpl.invoke0(Native Method)
	at java.base/jdk.internal.reflect.NativeMethodAccessorImpl.invoke(NativeMethodAccessorImpl.java:77)
	at java.base/jdk.internal.reflect.DelegatingMethodAccessorImpl.invoke(DelegatingMethodAccessorImpl.java:43)
	at io.appium.java_client.remote.AppiumCommandExecutor$1.createSession(AppiumCommandExecutor.java:186)
	at io.appium.java_client.remote.AppiumCommandExecutor.createSession(AppiumCommandExecutor.java:217)
	at io.appium.java_client.remote.AppiumCommandExecutor.execute(AppiumCommandExecutor.java:239)
	at org.openqa.selenium.remote.RemoteWebDriver.execute(RemoteWebDriver.java:552)
	at io.appium.java_client.DefaultGenericMobileDriver.execute(DefaultGenericMobileDriver.java:42)
	at io.appium.java_client.AppiumDriver.execute(AppiumDriver.java:1)
	at io.appium.java_client.windows.WindowsDriver.execute(WindowsDriver.java:1)
	at org.openqa.selenium.remote.RemoteWebDriver.startSession(RemoteWebDriver.java:213)
	at org.openqa.selenium.remote.RemoteWebDriver.<init>(RemoteWebDriver.java:131)
	at io.appium.java_client.DefaultGenericMobileDriver.<init>(DefaultGenericMobileDriver.java:38)
	at io.appium.java_client.AppiumDriver.<init>(AppiumDriver.java:84)
	at io.appium.java_client.windows.WindowsDriver.<init>(WindowsDriver.java:38)
	at com.kms.katalon.core.windows.driver.WindowsDriverFactory.newWindowsDriver(WindowsDriverFactory.java:194)
	at com.kms.katalon.core.windows.driver.WindowsDriverFactory.startApplication(WindowsDriverFactory.java:112)
	at com.kms.katalon.core.windows.driver.WindowsDriverFactory.startApplication(WindowsDriverFactory.java:96)
	at com.kms.katalon.core.windows.driver.WindowsDriverFactory$startApplication.call(Unknown Source)
	at com.kms.katalon.core.windows.keyword.builtin.StartApplicationWithTitleKeyword$_startApplicationWithTitle_closure1.doCall(StartApplicationWithTitleKeyword.groovy:33)
	at com.kms.katalon.core.windows.keyword.builtin.StartApplicationWithTitleKeyword$_startApplicationWithTitle_closure1.doCall(StartApplicationWithTitleKeyword.groovy)
	at java.base/jdk.internal.reflect.NativeMethodAccessorImpl.invoke0(Native Method)
	at java.base/jdk.internal.reflect.NativeMethodAccessorImpl.invoke(NativeMethodAccessorImpl.java:77)
	at java.base/jdk.internal.reflect.DelegatingMethodAccessorImpl.invoke(DelegatingMethodAccessorImpl.java:43)
	at com.kms.katalon.core.keyword.internal.KeywordMain.runKeyword(KeywordMain.groovy:90)
	at com.kms.katalon.core.keyword.internal.KeywordMain$runKeyword.call(Unknown Source)
	at com.kms.katalon.core.windows.keyword.builtin.StartApplicationWithTitleKeyword.startApplicationWithTitle(StartApplicationWithTitleKeyword.groovy:32)
	at com.kms.katalon.core.windows.keyword.builtin.StartApplicationWithTitleKeyword.execute(StartApplicationWithTitleKeyword.groovy:28)
	at com.kms.katalon.core.keyword.internal.KeywordExecutor.executeKeywordForPlatform(KeywordExecutor.groovy:74)
	at com.kms.katalon.core.windows.keyword.WindowsBuiltinKeywords.startApplicationWithTitle(WindowsBuiltinKeywords.java:1064)
	at Script1716305407857.run(Script1716305407857.groovy:20)
	... 15 more
)
	at com.kms.katalon.core.keyword.internal.KeywordMain.stepFailed(KeywordMain.groovy:51)
	at com.kms.katalon.core.keyword.internal.KeywordMain.stepFailed(KeywordMain.groovy)
	at com.kms.katalon.core.keyword.internal.KeywordMain.runKeyword(KeywordMain.groovy:92)
	at com.kms.katalon.core.keyword.internal.KeywordMain$runKeyword.call(Unknown Source)
	at com.kms.katalon.core.windows.keyword.builtin.StartApplicationWithTitleKeyword.startApplicationWithTitle(StartApplicationWithTitleKeyword.groovy:32)
	at com.kms.katalon.core.windows.keyword.builtin.StartApplicationWithTitleKeyword.execute(StartApplicationWithTitleKeyword.groovy:28)
	at com.kms.katalon.core.keyword.internal.KeywordExecutor.executeKeywordForPlatform(KeywordExecutor.groovy:74)
	at com.kms.katalon.core.windows.keyword.WindowsBuiltinKeywords.startApplicationWithTitle(WindowsBuiltinKeywords.java:1064)
	at New Test Case.run(New Test Case:20)
	at com.kms.katalon.core.main.ScriptEngine.run(ScriptEngine.java:194)
	at com.kms.katalon.core.main.ScriptEngine.runScriptAsRawText(ScriptEngine.java:119)
	at com.kms.katalon.core.main.TestCaseExecutor.runScript(TestCaseExecutor.java:448)
	at com.kms.katalon.core.main.TestCaseExecutor.doExecute(TestCaseExecutor.java:439)
	at com.kms.katalon.core.main.TestCaseExecutor.processExecutionPhase(TestCaseExecutor.java:418)
	at com.kms.katalon.core.main.TestCaseExecutor.accessMainPhase(TestCaseExecutor.java:410)
	at com.kms.katalon.core.main.TestCaseExecutor.execute(TestCaseExecutor.java:285)
	at com.kms.katalon.core.common.CommonExecutor.accessTestCaseMainPhase(CommonExecutor.java:65)
	at com.kms.katalon.core.main.TestSuiteExecutor.accessTestSuiteMainPhase(TestSuiteExecutor.java:150)
	at com.kms.katalon.core.main.TestSuiteExecutor.execute(TestSuiteExecutor.java:106)
	at com.kms.katalon.core.main.TestCaseMain.startTestSuite(TestCaseMain.java:180)
	at TempTestSuite1720019006769.run(TempTestSuite1720019006769.groovy:35)
	at java.base/jdk.internal.reflect.NativeMethodAccessorImpl.invoke0(Native Method)
	at java.base/jdk.internal.reflect.NativeMethodAccessorImpl.invoke(NativeMethodAccessorImpl.java:77)
	at java.base/jdk.internal.reflect.DelegatingMethodAccessorImpl.invoke(DelegatingMethodAccessorImpl.java:43)
Caused by: org.openqa.selenium.WebDriverException: Connection refused: no further information
Build info: version: '3.141.59', revision: 'e82be7d358', time: '2018-11-14T08:25:53'
System info: host: 'HUYBT2', ip: '192.168.1.13', os.name: 'Windows 11', os.arch: 'amd64', os.version: '10.0', java.version: '17.0.7'
Driver info: driver.version: WindowsDriver
	at io.appium.java_client.remote.AppiumCommandExecutor.lambda$5(AppiumCommandExecutor.java:251)
	at io.appium.java_client.remote.AppiumCommandExecutor.execute(AppiumCommandExecutor.java:250)
	at org.openqa.selenium.remote.RemoteWebDriver.execute(RemoteWebDriver.java:552)
	at io.appium.java_client.DefaultGenericMobileDriver.execute(DefaultGenericMobileDriver.java:42)
	at io.appium.java_client.AppiumDriver.execute(AppiumDriver.java:1)
	at io.appium.java_client.windows.WindowsDriver.execute(WindowsDriver.java:1)
	at org.openqa.selenium.remote.RemoteWebDriver.startSession(RemoteWebDriver.java:213)
	at org.openqa.selenium.remote.RemoteWebDriver.<init>(RemoteWebDriver.java:131)
	at io.appium.java_client.DefaultGenericMobileDriver.<init>(DefaultGenericMobileDriver.java:38)
	at io.appium.java_client.AppiumDriver.<init>(AppiumDriver.java:84)
	at io.appium.java_client.windows.WindowsDriver.<init>(WindowsDriver.java:38)
	at com.kms.katalon.core.windows.driver.WindowsDriverFactory.newWindowsDriver(WindowsDriverFactory.java:194)
	at com.kms.katalon.core.windows.driver.WindowsDriverFactory.startApplication(WindowsDriverFactory.java:112)
	at com.kms.katalon.core.windows.driver.WindowsDriverFactory.startApplication(WindowsDriverFactory.java:96)
	at com.kms.katalon.core.windows.driver.WindowsDriverFactory$startApplication.call(Unknown Source)
	at com.kms.katalon.core.windows.keyword.builtin.StartApplicationWithTitleKeyword$_startApplicationWithTitle_closure1.doCall(StartApplicationWithTitleKeyword.groovy:33)
	at com.kms.katalon.core.windows.keyword.builtin.StartApplicationWithTitleKeyword$_startApplicationWithTitle_closure1.doCall(StartApplicationWithTitleKeyword.groovy)
	at java.base/jdk.internal.reflect.NativeMethodAccessorImpl.invoke0(Native Method)
	at java.base/jdk.internal.reflect.NativeMethodAccessorImpl.invoke(NativeMethodAccessorImpl.java:77)
	at java.base/jdk.internal.reflect.DelegatingMethodAccessorImpl.invoke(DelegatingMethodAccessorImpl.java:43)
	at com.kms.katalon.core.keyword.internal.KeywordMain.runKeyword(KeywordMain.groovy:90)
	... 21 more
Caused by: java.net.ConnectException: Connection refused: no further information
	at okhttp3.internal.platform.Platform.connectSocket(Platform.java:129)
	at okhttp3.internal.connection.RealConnection.connectSocket(RealConnection.java:245)
	at okhttp3.internal.connection.RealConnection.connect(RealConnection.java:165)
	at okhttp3.internal.connection.StreamAllocation.findConnection(StreamAllocation.java:257)
	at okhttp3.internal.connection.StreamAllocation.findHealthyConnection(StreamAllocation.java:135)
	at okhttp3.internal.connection.StreamAllocation.newStream(StreamAllocation.java:114)
	at okhttp3.internal.connection.ConnectInterceptor.intercept(ConnectInterceptor.java:42)
	at okhttp3.internal.http.RealInterceptorChain.proceed(RealInterceptorChain.java:147)
	at okhttp3.internal.http.RealInterceptorChain.proceed(RealInterceptorChain.java:121)
	at okhttp3.internal.cache.CacheInterceptor.intercept(CacheInterceptor.java:93)
	at okhttp3.internal.http.RealInterceptorChain.proceed(RealInterceptorChain.java:147)
	at okhttp3.internal.http.RealInterceptorChain.proceed(RealInterceptorChain.java:121)
	at okhttp3.internal.http.BridgeInterceptor.intercept(BridgeInterceptor.java:93)
	at okhttp3.internal.http.RealInterceptorChain.proceed(RealInterceptorChain.java:147)
	at okhttp3.internal.http.RetryAndFollowUpInterceptor.intercept(RetryAndFollowUpInterceptor.java:126)
	at okhttp3.internal.http.RealInterceptorChain.proceed(RealInterceptorChain.java:147)
	at okhttp3.internal.http.RealInterceptorChain.proceed(RealInterceptorChain.java:121)
	at okhttp3.RealCall.getResponseWithInterceptorChain(RealCall.java:200)
	at okhttp3.RealCall.execute(RealCall.java:77)
	at org.openqa.selenium.remote.internal.OkHttpClient.execute(OkHttpClient.java:103)
	at org.openqa.selenium.remote.ProtocolHandshake.createSession(ProtocolHandshake.java:105)
	at java.base/jdk.internal.reflect.NativeMethodAccessorImpl.invoke0(Native Method)
	at java.base/jdk.internal.reflect.NativeMethodAccessorImpl.invoke(NativeMethodAccessorImpl.java:77)
	at java.base/jdk.internal.reflect.DelegatingMethodAccessorImpl.invoke(DelegatingMethodAccessorImpl.java:43)
	at io.appium.java_client.remote.AppiumCommandExecutor$1.createSession(AppiumCommandExecutor.java:186)
	at io.appium.java_client.remote.AppiumCommandExecutor.createSession(AppiumCommandExecutor.java:217)
	at io.appium.java_client.remote.AppiumCommandExecutor.execute(AppiumCommandExecutor.java:239)
	... 40 more]]></system-out>
      <system-err><![CDATA[03-07-2024T22:03:49 - [TEST_SUITE][FAILED] - New Dynamic Test Suite: Test Cases/New Test Case FAILED.
Reason:
com.kms.katalon.core.exception.StepFailedException: Connection refused: no further information
Build info: version: '3.141.59', revision: 'e82be7d358', time: '2018-11-14T08:25:53'
System info: host: 'HUYBT2', ip: '192.168.1.13', os.name: 'Windows 11', os.arch: 'amd64', os.version: '10.0', java.version: '17.0.7'
Driver info: driver.version: WindowsDriver (Root cause: org.openqa.selenium.WebDriverException: Connection refused: no further information
Build info: version: '3.141.59', revision: 'e82be7d358', time: '2018-11-14T08:25:53'
System info: host: 'HUYBT2', ip: '192.168.1.13', os.name: 'Windows 11', os.arch: 'amd64', os.version: '10.0', java.version: '17.0.7'
Driver info: driver.version: WindowsDriver
	at io.appium.java_client.remote.AppiumCommandExecutor.lambda$5(AppiumCommandExecutor.java:251)
	at io.appium.java_client.remote.AppiumCommandExecutor.execute(AppiumCommandExecutor.java:250)
	at org.openqa.selenium.remote.RemoteWebDriver.execute(RemoteWebDriver.java:552)
	at io.appium.java_client.DefaultGenericMobileDriver.execute(DefaultGenericMobileDriver.java:42)
	at io.appium.java_client.AppiumDriver.execute(AppiumDriver.java:1)
	at io.appium.java_client.windows.WindowsDriver.execute(WindowsDriver.java:1)
	at org.openqa.selenium.remote.RemoteWebDriver.startSession(RemoteWebDriver.java:213)
	at org.openqa.selenium.remote.RemoteWebDriver.<init>(RemoteWebDriver.java:131)
	at io.appium.java_client.DefaultGenericMobileDriver.<init>(DefaultGenericMobileDriver.java:38)
	at io.appium.java_client.AppiumDriver.<init>(AppiumDriver.java:84)
	at io.appium.java_client.windows.WindowsDriver.<init>(WindowsDriver.java:38)
	at com.kms.katalon.core.windows.driver.WindowsDriverFactory.newWindowsDriver(WindowsDriverFactory.java:194)
	at com.kms.katalon.core.windows.driver.WindowsDriverFactory.startApplication(WindowsDriverFactory.java:112)
	at com.kms.katalon.core.windows.driver.WindowsDriverFactory.startApplication(WindowsDriverFactory.java:96)
	at com.kms.katalon.core.windows.driver.WindowsDriverFactory$startApplication.call(Unknown Source)
	at com.kms.katalon.core.windows.keyword.builtin.StartApplicationWithTitleKeyword$_startApplicationWithTitle_closure1.doCall(StartApplicationWithTitleKeyword.groovy:33)
	at com.kms.katalon.core.windows.keyword.builtin.StartApplicationWithTitleKeyword$_startApplicationWithTitle_closure1.doCall(StartApplicationWithTitleKeyword.groovy)
	at java.base/jdk.internal.reflect.NativeMethodAccessorImpl.invoke0(Native Method)
	at java.base/jdk.internal.reflect.NativeMethodAccessorImpl.invoke(NativeMethodAccessorImpl.java:77)
	at java.base/jdk.internal.reflect.DelegatingMethodAccessorImpl.invoke(DelegatingMethodAccessorImpl.java:43)
	at com.kms.katalon.core.keyword.internal.KeywordMain.runKeyword(KeywordMain.groovy:90)
	at com.kms.katalon.core.keyword.internal.KeywordMain$runKeyword.call(Unknown Source)
	at com.kms.katalon.core.windows.keyword.builtin.StartApplicationWithTitleKeyword.startApplicationWithTitle(StartApplicationWithTitleKeyword.groovy:32)
	at com.kms.katalon.core.windows.keyword.builtin.StartApplicationWithTitleKeyword.execute(StartApplicationWithTitleKeyword.groovy:28)
	at com.kms.katalon.core.keyword.internal.KeywordExecutor.executeKeywordForPlatform(KeywordExecutor.groovy:74)
	at com.kms.katalon.core.windows.keyword.WindowsBuiltinKeywords.startApplicationWithTitle(WindowsBuiltinKeywords.java:1064)
	at New Test Case.run(New Test Case:20)
	at com.kms.katalon.core.main.ScriptEngine.run(ScriptEngine.java:194)
	at com.kms.katalon.core.main.ScriptEngine.runScriptAsRawText(ScriptEngine.java:119)
	at com.kms.katalon.core.main.TestCaseExecutor.runScript(TestCaseExecutor.java:448)
	at com.kms.katalon.core.main.TestCaseExecutor.doExecute(TestCaseExecutor.java:439)
	at com.kms.katalon.core.main.TestCaseExecutor.processExecutionPhase(TestCaseExecutor.java:418)
	at com.kms.katalon.core.main.TestCaseExecutor.accessMainPhase(TestCaseExecutor.java:410)
	at com.kms.katalon.core.main.TestCaseExecutor.execute(TestCaseExecutor.java:285)
	at com.kms.katalon.core.common.CommonExecutor.accessTestCaseMainPhase(CommonExecutor.java:65)
	at com.kms.katalon.core.main.TestSuiteExecutor.accessTestSuiteMainPhase(TestSuiteExecutor.java:150)
	at com.kms.katalon.core.main.TestSuiteExecutor.execute(TestSuiteExecutor.java:106)
	at com.kms.katalon.core.main.TestCaseMain.startTestSuite(TestCaseMain.java:180)
	at TempTestSuite1720019006769.run(TempTestSuite1720019006769.groovy:35)
	at java.base/jdk.internal.reflect.NativeMethodAccessorImpl.invoke0(Native Method)
	at java.base/jdk.internal.reflect.NativeMethodAccessorImpl.invoke(NativeMethodAccessorImpl.java:77)
	at java.base/jdk.internal.reflect.DelegatingMethodAccessorImpl.invoke(DelegatingMethodAccessorImpl.java:43)
Caused by: java.net.ConnectException: Connection refused: no further information
	at okhttp3.internal.platform.Platform.connectSocket(Platform.java:129)
	at okhttp3.internal.connection.RealConnection.connectSocket(RealConnection.java:245)
	at okhttp3.internal.connection.RealConnection.connect(RealConnection.java:165)
	at okhttp3.internal.connection.StreamAllocation.findConnection(StreamAllocation.java:257)
	at okhttp3.internal.connection.StreamAllocation.findHealthyConnection(StreamAllocation.java:135)
	at okhttp3.internal.connection.StreamAllocation.newStream(StreamAllocation.java:114)
	at okhttp3.internal.connection.ConnectInterceptor.intercept(ConnectInterceptor.java:42)
	at okhttp3.internal.http.RealInterceptorChain.proceed(RealInterceptorChain.java:147)
	at okhttp3.internal.http.RealInterceptorChain.proceed(RealInterceptorChain.java:121)
	at okhttp3.internal.cache.CacheInterceptor.intercept(CacheInterceptor.java:93)
	at okhttp3.internal.http.RealInterceptorChain.proceed(RealInterceptorChain.java:147)
	at okhttp3.internal.http.RealInterceptorChain.proceed(RealInterceptorChain.java:121)
	at okhttp3.internal.http.BridgeInterceptor.intercept(BridgeInterceptor.java:93)
	at okhttp3.internal.http.RealInterceptorChain.proceed(RealInterceptorChain.java:147)
	at okhttp3.internal.http.RetryAndFollowUpInterceptor.intercept(RetryAndFollowUpInterceptor.java:126)
	at okhttp3.internal.http.RealInterceptorChain.proceed(RealInterceptorChain.java:147)
	at okhttp3.internal.http.RealInterceptorChain.proceed(RealInterceptorChain.java:121)
	at okhttp3.RealCall.getResponseWithInterceptorChain(RealCall.java:200)
	at okhttp3.RealCall.execute(RealCall.java:77)
	at org.openqa.selenium.remote.internal.OkHttpClient.execute(OkHttpClient.java:103)
	at org.openqa.selenium.remote.ProtocolHandshake.createSession(ProtocolHandshake.java:105)
	at java.base/jdk.internal.reflect.NativeMethodAccessorImpl.invoke0(Native Method)
	at java.base/jdk.internal.reflect.NativeMethodAccessorImpl.invoke(NativeMethodAccessorImpl.java:77)
	at java.base/jdk.internal.reflect.DelegatingMethodAccessorImpl.invoke(DelegatingMethodAccessorImpl.java:43)
	at io.appium.java_client.remote.AppiumCommandExecutor$1.createSession(AppiumCommandExecutor.java:186)
	at io.appium.java_client.remote.AppiumCommandExecutor.createSession(AppiumCommandExecutor.java:217)
	at io.appium.java_client.remote.AppiumCommandExecutor.execute(AppiumCommandExecutor.java:239)
	at org.openqa.selenium.remote.RemoteWebDriver.execute(RemoteWebDriver.java:552)
	at io.appium.java_client.DefaultGenericMobileDriver.execute(DefaultGenericMobileDriver.java:42)
	at io.appium.java_client.AppiumDriver.execute(AppiumDriver.java:1)
	at io.appium.java_client.windows.WindowsDriver.execute(WindowsDriver.java:1)
	at org.openqa.selenium.remote.RemoteWebDriver.startSession(RemoteWebDriver.java:213)
	at org.openqa.selenium.remote.RemoteWebDriver.<init>(RemoteWebDriver.java:131)
	at io.appium.java_client.DefaultGenericMobileDriver.<init>(DefaultGenericMobileDriver.java:38)
	at io.appium.java_client.AppiumDriver.<init>(AppiumDriver.java:84)
	at io.appium.java_client.windows.WindowsDriver.<init>(WindowsDriver.java:38)
	at com.kms.katalon.core.windows.driver.WindowsDriverFactory.newWindowsDriver(WindowsDriverFactory.java:194)
	at com.kms.katalon.core.windows.driver.WindowsDriverFactory.startApplication(WindowsDriverFactory.java:112)
	at com.kms.katalon.core.windows.driver.WindowsDriverFactory.startApplication(WindowsDriverFactory.java:96)
	at com.kms.katalon.core.windows.driver.WindowsDriverFactory$startApplication.call(Unknown Source)
	at com.kms.katalon.core.windows.keyword.builtin.StartApplicationWithTitleKeyword$_startApplicationWithTitle_closure1.doCall(StartApplicationWithTitleKeyword.groovy:33)
	at com.kms.katalon.core.windows.keyword.builtin.StartApplicationWithTitleKeyword$_startApplicationWithTitle_closure1.doCall(StartApplicationWithTitleKeyword.groovy)
	at java.base/jdk.internal.reflect.NativeMethodAccessorImpl.invoke0(Native Method)
	at java.base/jdk.internal.reflect.NativeMethodAccessorImpl.invoke(NativeMethodAccessorImpl.java:77)
	at java.base/jdk.internal.reflect.DelegatingMethodAccessorImpl.invoke(DelegatingMethodAccessorImpl.java:43)
	at com.kms.katalon.core.keyword.internal.KeywordMain.runKeyword(KeywordMain.groovy:90)
	at com.kms.katalon.core.keyword.internal.KeywordMain$runKeyword.call(Unknown Source)
	at com.kms.katalon.core.windows.keyword.builtin.StartApplicationWithTitleKeyword.startApplicationWithTitle(StartApplicationWithTitleKeyword.groovy:32)
	at com.kms.katalon.core.windows.keyword.builtin.StartApplicationWithTitleKeyword.execute(StartApplicationWithTitleKeyword.groovy:28)
	at com.kms.katalon.core.keyword.internal.KeywordExecutor.executeKeywordForPlatform(KeywordExecutor.groovy:74)
	at com.kms.katalon.core.windows.keyword.WindowsBuiltinKeywords.startApplicationWithTitle(WindowsBuiltinKeywords.java:1064)
	at Script1716305407857.run(Script1716305407857.groovy:20)
	... 15 more
)
	at com.kms.katalon.core.keyword.internal.KeywordMain.stepFailed(KeywordMain.groovy:51)
	at com.kms.katalon.core.keyword.internal.KeywordMain.stepFailed(KeywordMain.groovy)
	at com.kms.katalon.core.keyword.internal.KeywordMain.runKeyword(KeywordMain.groovy:92)
	at com.kms.katalon.core.keyword.internal.KeywordMain$runKeyword.call(Unknown Source)
	at com.kms.katalon.core.windows.keyword.builtin.StartApplicationWithTitleKeyword.startApplicationWithTitle(StartApplicationWithTitleKeyword.groovy:32)
	at com.kms.katalon.core.windows.keyword.builtin.StartApplicationWithTitleKeyword.execute(StartApplicationWithTitleKeyword.groovy:28)
	at com.kms.katalon.core.keyword.internal.KeywordExecutor.executeKeywordForPlatform(KeywordExecutor.groovy:74)
	at com.kms.katalon.core.windows.keyword.WindowsBuiltinKeywords.startApplicationWithTitle(WindowsBuiltinKeywords.java:1064)
	at New Test Case.run(New Test Case:20)
	at com.kms.katalon.core.main.ScriptEngine.run(ScriptEngine.java:194)
	at com.kms.katalon.core.main.ScriptEngine.runScriptAsRawText(ScriptEngine.java:119)
	at com.kms.katalon.core.main.TestCaseExecutor.runScript(TestCaseExecutor.java:448)
	at com.kms.katalon.core.main.TestCaseExecutor.doExecute(TestCaseExecutor.java:439)
	at com.kms.katalon.core.main.TestCaseExecutor.processExecutionPhase(TestCaseExecutor.java:418)
	at com.kms.katalon.core.main.TestCaseExecutor.accessMainPhase(TestCaseExecutor.java:410)
	at com.kms.katalon.core.main.TestCaseExecutor.execute(TestCaseExecutor.java:285)
	at com.kms.katalon.core.common.CommonExecutor.accessTestCaseMainPhase(CommonExecutor.java:65)
	at com.kms.katalon.core.main.TestSuiteExecutor.accessTestSuiteMainPhase(TestSuiteExecutor.java:150)
	at com.kms.katalon.core.main.TestSuiteExecutor.execute(TestSuiteExecutor.java:106)
	at com.kms.katalon.core.main.TestCaseMain.startTestSuite(TestCaseMain.java:180)
	at TempTestSuite1720019006769.run(TempTestSuite1720019006769.groovy:35)
	at java.base/jdk.internal.reflect.NativeMethodAccessorImpl.invoke0(Native Method)
	at java.base/jdk.internal.reflect.NativeMethodAccessorImpl.invoke(NativeMethodAccessorImpl.java:77)
	at java.base/jdk.internal.reflect.DelegatingMethodAccessorImpl.invoke(DelegatingMethodAccessorImpl.java:43)
Caused by: org.openqa.selenium.WebDriverException: Connection refused: no further information
Build info: version: '3.141.59', revision: 'e82be7d358', time: '2018-11-14T08:25:53'
System info: host: 'HUYBT2', ip: '192.168.1.13', os.name: 'Windows 11', os.arch: 'amd64', os.version: '10.0', java.version: '17.0.7'
Driver info: driver.version: WindowsDriver
	at io.appium.java_client.remote.AppiumCommandExecutor.lambda$5(AppiumCommandExecutor.java:251)
	at io.appium.java_client.remote.AppiumCommandExecutor.execute(AppiumCommandExecutor.java:250)
	at org.openqa.selenium.remote.RemoteWebDriver.execute(RemoteWebDriver.java:552)
	at io.appium.java_client.DefaultGenericMobileDriver.execute(DefaultGenericMobileDriver.java:42)
	at io.appium.java_client.AppiumDriver.execute(AppiumDriver.java:1)
	at io.appium.java_client.windows.WindowsDriver.execute(WindowsDriver.java:1)
	at org.openqa.selenium.remote.RemoteWebDriver.startSession(RemoteWebDriver.java:213)
	at org.openqa.selenium.remote.RemoteWebDriver.<init>(RemoteWebDriver.java:131)
	at io.appium.java_client.DefaultGenericMobileDriver.<init>(DefaultGenericMobileDriver.java:38)
	at io.appium.java_client.AppiumDriver.<init>(AppiumDriver.java:84)
	at io.appium.java_client.windows.WindowsDriver.<init>(WindowsDriver.java:38)
	at com.kms.katalon.core.windows.driver.WindowsDriverFactory.newWindowsDriver(WindowsDriverFactory.java:194)
	at com.kms.katalon.core.windows.driver.WindowsDriverFactory.startApplication(WindowsDriverFactory.java:112)
	at com.kms.katalon.core.windows.driver.WindowsDriverFactory.startApplication(WindowsDriverFactory.java:96)
	at com.kms.katalon.core.windows.driver.WindowsDriverFactory$startApplication.call(Unknown Source)
	at com.kms.katalon.core.windows.keyword.builtin.StartApplicationWithTitleKeyword$_startApplicationWithTitle_closure1.doCall(StartApplicationWithTitleKeyword.groovy:33)
	at com.kms.katalon.core.windows.keyword.builtin.StartApplicationWithTitleKeyword$_startApplicationWithTitle_closure1.doCall(StartApplicationWithTitleKeyword.groovy)
	at java.base/jdk.internal.reflect.NativeMethodAccessorImpl.invoke0(Native Method)
	at java.base/jdk.internal.reflect.NativeMethodAccessorImpl.invoke(NativeMethodAccessorImpl.java:77)
	at java.base/jdk.internal.reflect.DelegatingMethodAccessorImpl.invoke(DelegatingMethodAccessorImpl.java:43)
	at com.kms.katalon.core.keyword.internal.KeywordMain.runKeyword(KeywordMain.groovy:90)
	... 21 more
Caused by: java.net.ConnectException: Connection refused: no further information
	at okhttp3.internal.platform.Platform.connectSocket(Platform.java:129)
	at okhttp3.internal.connection.RealConnection.connectSocket(RealConnection.java:245)
	at okhttp3.internal.connection.RealConnection.connect(RealConnection.java:165)
	at okhttp3.internal.connection.StreamAllocation.findConnection(StreamAllocation.java:257)
	at okhttp3.internal.connection.StreamAllocation.findHealthyConnection(StreamAllocation.java:135)
	at okhttp3.internal.connection.StreamAllocation.newStream(StreamAllocation.java:114)
	at okhttp3.internal.connection.ConnectInterceptor.intercept(ConnectInterceptor.java:42)
	at okhttp3.internal.http.RealInterceptorChain.proceed(RealInterceptorChain.java:147)
	at okhttp3.internal.http.RealInterceptorChain.proceed(RealInterceptorChain.java:121)
	at okhttp3.internal.cache.CacheInterceptor.intercept(CacheInterceptor.java:93)
	at okhttp3.internal.http.RealInterceptorChain.proceed(RealInterceptorChain.java:147)
	at okhttp3.internal.http.RealInterceptorChain.proceed(RealInterceptorChain.java:121)
	at okhttp3.internal.http.BridgeInterceptor.intercept(BridgeInterceptor.java:93)
	at okhttp3.internal.http.RealInterceptorChain.proceed(RealInterceptorChain.java:147)
	at okhttp3.internal.http.RetryAndFollowUpInterceptor.intercept(RetryAndFollowUpInterceptor.java:126)
	at okhttp3.internal.http.RealInterceptorChain.proceed(RealInterceptorChain.java:147)
	at okhttp3.internal.http.RealInterceptorChain.proceed(RealInterceptorChain.java:121)
	at okhttp3.RealCall.getResponseWithInterceptorChain(RealCall.java:200)
	at okhttp3.RealCall.execute(RealCall.java:77)
	at org.openqa.selenium.remote.internal.OkHttpClient.execute(OkHttpClient.java:103)
	at org.openqa.selenium.remote.ProtocolHandshake.createSession(ProtocolHandshake.java:105)
	at java.base/jdk.internal.reflect.NativeMethodAccessorImpl.invoke0(Native Method)
	at java.base/jdk.internal.reflect.NativeMethodAccessorImpl.invoke(NativeMethodAccessorImpl.java:77)
	at java.base/jdk.internal.reflect.DelegatingMethodAccessorImpl.invoke(DelegatingMethodAccessorImpl.java:43)
	at io.appium.java_client.remote.AppiumCommandExecutor$1.createSession(AppiumCommandExecutor.java:186)
	at io.appium.java_client.remote.AppiumCommandExecutor.createSession(AppiumCommandExecutor.java:217)
	at io.appium.java_client.remote.AppiumCommandExecutor.execute(AppiumCommandExecutor.java:239)
	... 40 more]]></system-err>
   </testsuite>
</testsuites>
