<?xml version="1.0" encoding="UTF-8"?>
<testsuites name="checkpoint" time="62.17" tests="1" failures="0" errors="0">
   <testsuite name="checkpoint" tests="1" failures="0" errors="0" time="62.17" skipped="0" timestamp="27-05-2024T23:03:51" hostname="tuanh - huybt2" id="Test Suites/checkpoint">
      <properties>
         <property name="deviceName" value=""/>
         <property name="devicePlatform" value=""/>
         <property name="logFolder" value="C:\\Users\\tuanh\\git\\kata-oma\\Reports\\20240527_230308\\checkpoint\\20240527_230308"/>
         <property name="logFiles" value="C:\\Users\\tuanh\\git\\kata-oma\\Reports\\20240527_230308\\checkpoint\\20240527_230308\\execution0.log"/>
         <property name="attachments" value="keyes\keyes-current_viewport 1.png, keyes\keyes-current_viewport 2.png, keyes\keyes-current_viewport 3.png, keyes\keyes-current_viewport 4.png, keyes\keyes-current_viewport 5.png, keyes\keyes-current_viewport 6.png, keyes\keyes-current_viewport 7.png, keyes\keyes-current_viewport 8.png, keyes\keyes-current_viewport9.png, keyes\keyes-current_viewport 10.png, keyes\keyes-current_viewport11.png, keyes\keyes-current_viewport12.png, keyes\keyes-current_viewport13.png, keyes\keyes-current_viewport14.png, keyes\keyes-current_viewport15.png, keyes\keyes-current_viewport16.png, keyes\keyes-current_viewport17.png, keyes\keyes-current_viewport16.png"/>
         <property name="hostName" value="tuanh - huybt2"/>
         <property name="os" value="Windows 11 64bit"/>
         <property name="katalonVersion" value="9.4.0.212"/>
         <property name="browser" value="Chrome 125.0.0.0"/>
         <property name="hostAddress" value="192.168.1.8"/>
         <property name="sessionId" value="ac21e6ea5ab81d60af10d20a7f175fcb"/>
         <property name="seleniumVersion" value="3.141.59"/>
         <property name="proxyInformation" value="ProxyInformation { proxyOption=NO_PROXY, proxyServerType=HTTP, username=, password=********, proxyServerAddress=, proxyServerPort=0, executionList=&quot;&quot;, isApplyToDesiredCapabilities=true }"/>
         <property name="platform" value="Windows 11"/>
      </properties>
      <testcase name="Test Cases/ac/checkpoint 2" time="59.523" classname="Test Cases/ac/checkpoint 2" status="PASSED">
         <system-out><![CDATA[27-05-2024T23:03:53 - [TEST_CASE][PASSED] - Test Cases/ac/checkpoint 2: Test Cases/ac/checkpoint 2

27-05-2024T23:03:56 - [TEST_STEP][PASSED] - openBrowser(""): Browser is opened with url: ''

27-05-2024T23:03:57 - [MESSAGE][INFO] - Starting 'Chrome' driver

27-05-2024T23:03:58 - [MESSAGE][INFO] - Action delay is set to 0 milliseconds

27-05-2024T23:04:09 - [MESSAGE][PASSED] - Browser is opened with url: ''

27-05-2024T23:04:09 - [TEST_STEP][PASSED] - navigateToUrl("https://academy.katalon.com/"): Navigate to 'https://academy.katalon.com/' successfully

27-05-2024T23:04:20 - [MESSAGE][PASSED] - Navigate to 'https://academy.katalon.com/' successfully

27-05-2024T23:04:20 - [TEST_STEP][PASSED] - takeScreenshotAsCheckpoint("current_viewport 1"): Taking screenshot successfully

27-05-2024T23:04:23 - [MESSAGE][INFO] - 0 hidden object(s)

27-05-2024T23:04:23 - [MESSAGE][PASSED] - Taking screenshot successfully
[[ATTACHMENT|keyes\keyes-current_viewport 1.png]]

27-05-2024T23:04:23 - [TEST_STEP][PASSED] - takeScreenshotAsCheckpoint("current_viewport 2 "): Taking screenshot successfully

27-05-2024T23:04:26 - [MESSAGE][INFO] - 0 hidden object(s)

27-05-2024T23:04:26 - [MESSAGE][PASSED] - Taking screenshot successfully
[[ATTACHMENT|keyes\keyes-current_viewport 2.png]]

27-05-2024T23:04:26 - [TEST_STEP][PASSED] - takeScreenshotAsCheckpoint("current_viewport 3"): Taking screenshot successfully

27-05-2024T23:04:29 - [MESSAGE][INFO] - 0 hidden object(s)

27-05-2024T23:04:30 - [MESSAGE][PASSED] - Taking screenshot successfully
[[ATTACHMENT|keyes\keyes-current_viewport 3.png]]

27-05-2024T23:04:30 - [TEST_STEP][PASSED] - takeScreenshotAsCheckpoint("current_viewport 4"): Taking screenshot successfully

27-05-2024T23:04:31 - [MESSAGE][INFO] - 0 hidden object(s)

27-05-2024T23:04:31 - [MESSAGE][PASSED] - Taking screenshot successfully
[[ATTACHMENT|keyes\keyes-current_viewport 4.png]]

27-05-2024T23:04:31 - [TEST_STEP][PASSED] - takeScreenshotAsCheckpoint("current_viewport 5"): Taking screenshot successfully

27-05-2024T23:04:32 - [MESSAGE][INFO] - 0 hidden object(s)

27-05-2024T23:04:32 - [MESSAGE][PASSED] - Taking screenshot successfully
[[ATTACHMENT|keyes\keyes-current_viewport 5.png]]

27-05-2024T23:04:32 - [TEST_STEP][PASSED] - takeScreenshotAsCheckpoint("current_viewport 6"): Taking screenshot successfully

27-05-2024T23:04:34 - [MESSAGE][INFO] - 0 hidden object(s)

27-05-2024T23:04:34 - [MESSAGE][PASSED] - Taking screenshot successfully
[[ATTACHMENT|keyes\keyes-current_viewport 6.png]]

27-05-2024T23:04:34 - [TEST_STEP][PASSED] - takeScreenshotAsCheckpoint("current_viewport 7"): Taking screenshot successfully

27-05-2024T23:04:36 - [MESSAGE][INFO] - 0 hidden object(s)

27-05-2024T23:04:37 - [MESSAGE][PASSED] - Taking screenshot successfully
[[ATTACHMENT|keyes\keyes-current_viewport 7.png]]

27-05-2024T23:04:37 - [TEST_STEP][PASSED] - takeScreenshotAsCheckpoint("current_viewport 8 "): Taking screenshot successfully

27-05-2024T23:04:38 - [MESSAGE][INFO] - 0 hidden object(s)

27-05-2024T23:04:38 - [MESSAGE][PASSED] - Taking screenshot successfully
[[ATTACHMENT|keyes\keyes-current_viewport 8.png]]

27-05-2024T23:04:38 - [TEST_STEP][PASSED] - takeScreenshotAsCheckpoint("current_viewport9"): Taking screenshot successfully

27-05-2024T23:04:39 - [MESSAGE][INFO] - 0 hidden object(s)

27-05-2024T23:04:40 - [MESSAGE][PASSED] - Taking screenshot successfully
[[ATTACHMENT|keyes\keyes-current_viewport9.png]]

27-05-2024T23:04:40 - [TEST_STEP][PASSED] - takeScreenshotAsCheckpoint("current_viewport 10"): Taking screenshot successfully

27-05-2024T23:04:41 - [MESSAGE][INFO] - 0 hidden object(s)

27-05-2024T23:04:41 - [MESSAGE][PASSED] - Taking screenshot successfully
[[ATTACHMENT|keyes\keyes-current_viewport 10.png]]

27-05-2024T23:04:41 - [TEST_STEP][PASSED] - takeScreenshotAsCheckpoint("current_viewport11"): Taking screenshot successfully

27-05-2024T23:04:42 - [MESSAGE][INFO] - 0 hidden object(s)

27-05-2024T23:04:42 - [MESSAGE][PASSED] - Taking screenshot successfully
[[ATTACHMENT|keyes\keyes-current_viewport11.png]]

27-05-2024T23:04:42 - [TEST_STEP][PASSED] - takeScreenshotAsCheckpoint("current_viewport12"): Taking screenshot successfully

27-05-2024T23:04:44 - [MESSAGE][INFO] - 0 hidden object(s)

27-05-2024T23:04:44 - [MESSAGE][PASSED] - Taking screenshot successfully
[[ATTACHMENT|keyes\keyes-current_viewport12.png]]

27-05-2024T23:04:44 - [TEST_STEP][PASSED] - takeScreenshotAsCheckpoint("current_viewport13"): Taking screenshot successfully

27-05-2024T23:04:45 - [MESSAGE][INFO] - 0 hidden object(s)

27-05-2024T23:04:45 - [MESSAGE][PASSED] - Taking screenshot successfully
[[ATTACHMENT|keyes\keyes-current_viewport13.png]]

27-05-2024T23:04:45 - [TEST_STEP][PASSED] - takeScreenshotAsCheckpoint("current_viewport14"): Taking screenshot successfully

27-05-2024T23:04:46 - [MESSAGE][INFO] - 0 hidden object(s)

27-05-2024T23:04:46 - [MESSAGE][PASSED] - Taking screenshot successfully
[[ATTACHMENT|keyes\keyes-current_viewport14.png]]

27-05-2024T23:04:46 - [TEST_STEP][PASSED] - takeScreenshotAsCheckpoint("current_viewport15"): Taking screenshot successfully

27-05-2024T23:04:48 - [MESSAGE][INFO] - 0 hidden object(s)

27-05-2024T23:04:48 - [MESSAGE][PASSED] - Taking screenshot successfully
[[ATTACHMENT|keyes\keyes-current_viewport15.png]]

27-05-2024T23:04:48 - [TEST_STEP][PASSED] - takeScreenshotAsCheckpoint("current_viewport16"): Taking screenshot successfully

27-05-2024T23:04:49 - [MESSAGE][INFO] - 0 hidden object(s)

27-05-2024T23:04:49 - [MESSAGE][PASSED] - Taking screenshot successfully
[[ATTACHMENT|keyes\keyes-current_viewport16.png]]

27-05-2024T23:04:49 - [TEST_STEP][PASSED] - takeScreenshotAsCheckpoint("current_viewport17"): Taking screenshot successfully

27-05-2024T23:04:51 - [MESSAGE][INFO] - 0 hidden object(s)

27-05-2024T23:04:51 - [MESSAGE][PASSED] - Taking screenshot successfully
[[ATTACHMENT|keyes\keyes-current_viewport17.png]]

27-05-2024T23:04:51 - [TEST_STEP][PASSED] - takeScreenshotAsCheckpoint("current_viewport16"): Taking screenshot successfully

27-05-2024T23:04:52 - [MESSAGE][INFO] - 0 hidden object(s)

27-05-2024T23:04:52 - [MESSAGE][PASSED] - Taking screenshot successfully
[[ATTACHMENT|keyes\keyes-current_viewport16.png]]

27-05-2024T23:04:52 - [TEST_STEP][PASSED] - closeBrowser(): Browser is closed

27-05-2024T23:04:53 - [MESSAGE][PASSED] - Browser is closed]]></system-out>
         <system-err><![CDATA[]]></system-err>
      </testcase>
      <system-out><![CDATA[27-05-2024T23:03:51 - [TEST_SUITE][PASSED] - checkpoint: Test Cases/ac/checkpoint 2]]></system-out>
      <system-err><![CDATA[]]></system-err>
   </testsuite>
</testsuites>
