<?xml version="1.0" encoding="UTF-8"?>
<testsuites name="abc" time="129.47" tests="1" failures="0" errors="0">
   <testsuite name="abc" tests="1" failures="0" errors="0" time="129.47" skipped="0" timestamp="23-06-2024T18:11:50" hostname="tuanh - huybt2" id="Test Suites/abc">
      <properties>
         <property name="deviceName" value=""/>
         <property name="devicePlatform" value=""/>
         <property name="logFolder" value="C:\\Users\\tuanh\\git\\kata-oma\\Reports\\20240623_180910\\abc\\20240623_180911"/>
         <property name="logFiles" value="C:\\Users\\tuanh\\git\\kata-oma\\Reports\\20240623_180910\\abc\\20240623_180911\\execution0.log"/>
         <property name="attachments" value=""/>
         <property name="hostName" value="tuanh - huybt2"/>
         <property name="os" value="Windows 11 64bit"/>
         <property name="katalonVersion" value="9.4.0.212"/>
         <property name="browser" value="Chrome 126.0.0.0"/>
         <property name="hostAddress" value="192.168.1.13"/>
         <property name="sessionId" value="0b7b32eadef70796206a2c911ecc64f1"/>
         <property name="seleniumVersion" value="3.141.59"/>
         <property name="proxyInformation" value="ProxyInformation { proxyOption=NO_PROXY, proxyServerType=HTTP, username=, password=********, proxyServerAddress=, proxyServerPort=0, executionList=&quot;&quot;, isApplyToDesiredCapabilities=true }"/>
         <property name="platform" value="Windows 11"/>
      </properties>
      <testcase name="Test Cases/tets1" time="122.605" classname="Test Cases/tets1" status="PASSED">
         <system-out><![CDATA[23-06-2024T18:11:56 - [TEST_CASE][PASSED] - Test Cases/tets1: Test Cases/tets1

23-06-2024T18:12:05 - [TEST_STEP][PASSED] - openBrowser(""): Browser is opened with url: ''

23-06-2024T18:12:16 - [MESSAGE][INFO] - Starting 'Chrome' driver

23-06-2024T18:12:17 - [MESSAGE][INFO] - Action delay is set to 0 milliseconds

23-06-2024T18:13:06 - [MESSAGE][PASSED] - Browser is opened with url: ''

23-06-2024T18:13:06 - [TEST_STEP][PASSED] - closeBrowser(): Browser is closed

23-06-2024T18:13:59 - [MESSAGE][PASSED] - Browser is closed]]></system-out>
         <system-err><![CDATA[]]></system-err>
      </testcase>
      <system-out><![CDATA[23-06-2024T18:11:50 - [TEST_SUITE][PASSED] - abc: Test Cases/tets1]]></system-out>
      <system-err><![CDATA[]]></system-err>
   </testsuite>
</testsuites>
