<?xml version="1.0" encoding="UTF-8"?>
<testsuites name="checkpoint" time="93.684" tests="1" failures="0" errors="0">
   <testsuite name="checkpoint" tests="1" failures="0" errors="0" time="93.684" skipped="0" timestamp="25-05-2024T23:16:55" hostname="tuanh - huybt2" id="Test Suites/checkpoint">
      <properties>
         <property name="deviceName" value=""/>
         <property name="devicePlatform" value=""/>
         <property name="logFolder" value="C:\\Users\\tuanh\\git\\kata-oma\\Reports\\20240525_231609\\checkpoint\\20240525_231609"/>
         <property name="logFiles" value="C:\\Users\\tuanh\\git\\kata-oma\\Reports\\20240525_231609\\checkpoint\\20240525_231609\\execution0.log"/>
         <property name="attachments" value="keyes\keyes-current_viewport 1.png, keyes\keyes-current_viewport 2.png, keyes\keyes-current_viewport 3.png, keyes\keyes-current_viewport 4.png, keyes\keyes-current_viewport 5.png, keyes\keyes-current_viewport 6.png, keyes\keyes-current_viewport 7.png, keyes\keyes-current_viewport 8.png, keyes\keyes-current_viewport9.png, keyes\keyes-current_viewport 10.png, keyes\keyes-current_viewport11.png, keyes\keyes-current_viewport12.png, keyes\keyes-current_viewport13.png, keyes\keyes-current_viewport14.png, keyes\keyes-current_viewport15.png, keyes\keyes-current_viewport16.png, keyes\keyes-current_viewport17.png, keyes\keyes-current_viewport16.png"/>
         <property name="hostName" value="tuanh - huybt2"/>
         <property name="os" value="Windows 11 64bit"/>
         <property name="katalonVersion" value="9.4.0.212"/>
         <property name="browser" value="Chrome 125.0.0.0"/>
         <property name="hostAddress" value="192.168.1.6"/>
         <property name="sessionId" value="16c7ee78615cbcab583cb0d32fe2581e"/>
         <property name="seleniumVersion" value="3.141.59"/>
         <property name="proxyInformation" value="ProxyInformation { proxyOption=NO_PROXY, proxyServerType=HTTP, username=, password=********, proxyServerAddress=, proxyServerPort=0, executionList=&quot;&quot;, isApplyToDesiredCapabilities=true }"/>
         <property name="platform" value="Windows 11"/>
      </properties>
      <testcase name="Test Cases/ac/checkpoint 2" time="90.494" classname="Test Cases/ac/checkpoint 2" status="PASSED">
         <system-out><![CDATA[25-05-2024T23:16:58 - [TEST_CASE][PASSED] - Test Cases/ac/checkpoint 2: Test Cases/ac/checkpoint 2

25-05-2024T23:16:59 - [TEST_STEP][PASSED] - openBrowser(""): Browser is opened with url: ''

25-05-2024T23:17:00 - [MESSAGE][INFO] - Starting 'Chrome' driver

25-05-2024T23:17:00 - [MESSAGE][INFO] - Action delay is set to 0 milliseconds

25-05-2024T23:17:06 - [MESSAGE][PASSED] - Browser is opened with url: ''

25-05-2024T23:17:06 - [TEST_STEP][PASSED] - navigateToUrl("https://academy.katalon.com/"): Navigate to 'https://academy.katalon.com/' successfully

25-05-2024T23:17:15 - [MESSAGE][PASSED] - Navigate to 'https://academy.katalon.com/' successfully

25-05-2024T23:17:15 - [TEST_STEP][PASSED] - takeScreenshotAsCheckpoint("current_viewport 1"): Taking screenshot successfully

25-05-2024T23:17:45 - [MESSAGE][INFO] - 0 hidden object(s)

25-05-2024T23:17:45 - [MESSAGE][PASSED] - Taking screenshot successfully
[[ATTACHMENT|keyes\keyes-current_viewport 1.png]]

25-05-2024T23:17:45 - [TEST_STEP][PASSED] - takeScreenshotAsCheckpoint("current_viewport 2 "): Taking screenshot successfully

25-05-2024T23:17:48 - [MESSAGE][INFO] - 0 hidden object(s)

25-05-2024T23:17:48 - [MESSAGE][PASSED] - Taking screenshot successfully
[[ATTACHMENT|keyes\keyes-current_viewport 2.png]]

25-05-2024T23:17:48 - [TEST_STEP][PASSED] - takeScreenshotAsCheckpoint("current_viewport 3"): Taking screenshot successfully

25-05-2024T23:17:49 - [MESSAGE][INFO] - 0 hidden object(s)

25-05-2024T23:17:49 - [MESSAGE][PASSED] - Taking screenshot successfully
[[ATTACHMENT|keyes\keyes-current_viewport 3.png]]

25-05-2024T23:17:49 - [TEST_STEP][PASSED] - takeScreenshotAsCheckpoint("current_viewport 4"): Taking screenshot successfully

25-05-2024T23:17:49 - [MESSAGE][INFO] - 0 hidden object(s)

25-05-2024T23:17:49 - [MESSAGE][PASSED] - Taking screenshot successfully
[[ATTACHMENT|keyes\keyes-current_viewport 4.png]]

25-05-2024T23:17:49 - [TEST_STEP][PASSED] - takeScreenshotAsCheckpoint("current_viewport 5"): Taking screenshot successfully

25-05-2024T23:18:15 - [MESSAGE][INFO] - 0 hidden object(s)

25-05-2024T23:18:16 - [MESSAGE][PASSED] - Taking screenshot successfully
[[ATTACHMENT|keyes\keyes-current_viewport 5.png]]

25-05-2024T23:18:16 - [TEST_STEP][PASSED] - takeScreenshotAsCheckpoint("current_viewport 6"): Taking screenshot successfully

25-05-2024T23:18:16 - [MESSAGE][INFO] - 0 hidden object(s)

25-05-2024T23:18:17 - [MESSAGE][PASSED] - Taking screenshot successfully
[[ATTACHMENT|keyes\keyes-current_viewport 6.png]]

25-05-2024T23:18:17 - [TEST_STEP][PASSED] - takeScreenshotAsCheckpoint("current_viewport 7"): Taking screenshot successfully

25-05-2024T23:18:17 - [MESSAGE][INFO] - 0 hidden object(s)

25-05-2024T23:18:17 - [MESSAGE][PASSED] - Taking screenshot successfully
[[ATTACHMENT|keyes\keyes-current_viewport 7.png]]

25-05-2024T23:18:17 - [TEST_STEP][PASSED] - takeScreenshotAsCheckpoint("current_viewport 8 "): Taking screenshot successfully

25-05-2024T23:18:18 - [MESSAGE][INFO] - 0 hidden object(s)

25-05-2024T23:18:18 - [MESSAGE][PASSED] - Taking screenshot successfully
[[ATTACHMENT|keyes\keyes-current_viewport 8.png]]

25-05-2024T23:18:18 - [TEST_STEP][PASSED] - takeScreenshotAsCheckpoint("current_viewport9"): Taking screenshot successfully

25-05-2024T23:18:21 - [MESSAGE][INFO] - 0 hidden object(s)

25-05-2024T23:18:21 - [MESSAGE][PASSED] - Taking screenshot successfully
[[ATTACHMENT|keyes\keyes-current_viewport9.png]]

25-05-2024T23:18:21 - [TEST_STEP][PASSED] - takeScreenshotAsCheckpoint("current_viewport 10"): Taking screenshot successfully

25-05-2024T23:18:22 - [MESSAGE][INFO] - 0 hidden object(s)

25-05-2024T23:18:22 - [MESSAGE][PASSED] - Taking screenshot successfully
[[ATTACHMENT|keyes\keyes-current_viewport 10.png]]

25-05-2024T23:18:22 - [TEST_STEP][PASSED] - takeScreenshotAsCheckpoint("current_viewport11"): Taking screenshot successfully

25-05-2024T23:18:23 - [MESSAGE][INFO] - 0 hidden object(s)

25-05-2024T23:18:23 - [MESSAGE][PASSED] - Taking screenshot successfully
[[ATTACHMENT|keyes\keyes-current_viewport11.png]]

25-05-2024T23:18:23 - [TEST_STEP][PASSED] - takeScreenshotAsCheckpoint("current_viewport12"): Taking screenshot successfully

25-05-2024T23:18:23 - [MESSAGE][INFO] - 0 hidden object(s)

25-05-2024T23:18:23 - [MESSAGE][PASSED] - Taking screenshot successfully
[[ATTACHMENT|keyes\keyes-current_viewport12.png]]

25-05-2024T23:18:23 - [TEST_STEP][PASSED] - takeScreenshotAsCheckpoint("current_viewport13"): Taking screenshot successfully

25-05-2024T23:18:24 - [MESSAGE][INFO] - 0 hidden object(s)

25-05-2024T23:18:24 - [MESSAGE][PASSED] - Taking screenshot successfully
[[ATTACHMENT|keyes\keyes-current_viewport13.png]]

25-05-2024T23:18:24 - [TEST_STEP][PASSED] - takeScreenshotAsCheckpoint("current_viewport14"): Taking screenshot successfully

25-05-2024T23:18:25 - [MESSAGE][INFO] - 0 hidden object(s)

25-05-2024T23:18:25 - [MESSAGE][PASSED] - Taking screenshot successfully
[[ATTACHMENT|keyes\keyes-current_viewport14.png]]

25-05-2024T23:18:25 - [TEST_STEP][PASSED] - takeScreenshotAsCheckpoint("current_viewport15"): Taking screenshot successfully

25-05-2024T23:18:26 - [MESSAGE][INFO] - 0 hidden object(s)

25-05-2024T23:18:26 - [MESSAGE][PASSED] - Taking screenshot successfully
[[ATTACHMENT|keyes\keyes-current_viewport15.png]]

25-05-2024T23:18:26 - [TEST_STEP][PASSED] - takeScreenshotAsCheckpoint("current_viewport16"): Taking screenshot successfully

25-05-2024T23:18:26 - [MESSAGE][INFO] - 0 hidden object(s)

25-05-2024T23:18:26 - [MESSAGE][PASSED] - Taking screenshot successfully
[[ATTACHMENT|keyes\keyes-current_viewport16.png]]

25-05-2024T23:18:26 - [TEST_STEP][PASSED] - takeScreenshotAsCheckpoint("current_viewport17"): Taking screenshot successfully

25-05-2024T23:18:27 - [MESSAGE][INFO] - 0 hidden object(s)

25-05-2024T23:18:27 - [MESSAGE][PASSED] - Taking screenshot successfully
[[ATTACHMENT|keyes\keyes-current_viewport17.png]]

25-05-2024T23:18:27 - [TEST_STEP][PASSED] - takeScreenshotAsCheckpoint("current_viewport16"): Taking screenshot successfully

25-05-2024T23:18:28 - [MESSAGE][INFO] - 0 hidden object(s)

25-05-2024T23:18:28 - [MESSAGE][PASSED] - Taking screenshot successfully
[[ATTACHMENT|keyes\keyes-current_viewport16.png]]

25-05-2024T23:18:28 - [TEST_STEP][PASSED] - closeBrowser(): Browser is closed

25-05-2024T23:18:28 - [MESSAGE][PASSED] - Browser is closed]]></system-out>
         <system-err><![CDATA[]]></system-err>
      </testcase>
      <system-out><![CDATA[25-05-2024T23:16:55 - [TEST_SUITE][PASSED] - checkpoint: Test Cases/ac/checkpoint 2]]></system-out>
      <system-err><![CDATA[]]></system-err>
   </testsuite>
</testsuites>
