<?xml version="1.0" encoding="UTF-8"?>
<testsuites name="api" time="7.221" tests="3" failures="0" errors="0">
   <testsuite name="api" tests="3" failures="0" errors="0" time="7.221" skipped="0" timestamp="28-05-2024T21:00:17" hostname="tuanh - huybt2" id="Test Suites/api">
      <properties>
         <property name="deviceName" value=""/>
         <property name="devicePlatform" value=""/>
         <property name="logFolder" value="C:\\Users\\tuanh\\git\\kata-oma\\Reports\\20240528_205958\\api\\20240528_205959"/>
         <property name="logFiles" value="C:\\Users\\tuanh\\git\\kata-oma\\Reports\\20240528_205958\\api\\20240528_205959\\execution0.log"/>
         <property name="attachments" value=""/>
         <property name="hostName" value="tuanh - huybt2"/>
         <property name="hostAddress" value="192.168.1.8"/>
         <property name="os" value="Windows 11 64bit"/>
         <property name="katalonVersion" value="9.4.0.212"/>
      </properties>
      <testcase name="Test Cases/ad" time="6.158" classname="Test Cases/ad" status="PASSED">
         <system-out><![CDATA[28-05-2024T21:00:18 - [TEST_CASE][PASSED] - Test Cases/ad: Test Cases/ad

28-05-2024T21:00:18 - [TEST_STEP][PASSED] - sendRequest(findTestObject("ac/New Request")): Send request successfully

28-05-2024T21:00:24 - [MESSAGE][INFO] - HAR: C:\Users\tuanh\git\kata-oma\Reports\20240528_205958\api\20240528_205959\requests\main\0.har

28-05-2024T21:00:24 - [MESSAGE][PASSED] - Send request successfully]]></system-out>
         <system-err><![CDATA[]]></system-err>
      </testcase>
      <testcase name="Test Cases/api" time="0.385" classname="Test Cases/api" status="PASSED">
         <system-out><![CDATA[28-05-2024T21:00:24 - [TEST_CASE][PASSED] - Test Cases/api: Test Cases/api

28-05-2024T21:00:24 - [TEST_STEP][PASSED] - sendRequest(findTestObject("ac/New Request")): Send request successfully

28-05-2024T21:00:24 - [MESSAGE][INFO] - HAR: C:\Users\tuanh\git\kata-oma\Reports\20240528_205958\api\20240528_205959\requests\main\1.har

28-05-2024T21:00:24 - [MESSAGE][PASSED] - Send request successfully]]></system-out>
         <system-err><![CDATA[]]></system-err>
      </testcase>
      <testcase name="Test Cases/New Test Case (2)" time="0.309" classname="Test Cases/New Test Case (2)" status="PASSED">
         <system-out><![CDATA[28-05-2024T21:00:24 - [TEST_CASE][PASSED] - Test Cases/New Test Case (2): Test Cases/New Test Case (2)

28-05-2024T21:00:24 - [TEST_STEP][PASSED] - sendRequest(findTestObject("ac/New Request")): Send request successfully

28-05-2024T21:00:25 - [MESSAGE][INFO] - HAR: C:\Users\tuanh\git\kata-oma\Reports\20240528_205958\api\20240528_205959\requests\main\2.har

28-05-2024T21:00:25 - [MESSAGE][PASSED] - Send request successfully]]></system-out>
         <system-err><![CDATA[]]></system-err>
      </testcase>
      <system-out><![CDATA[28-05-2024T21:00:17 - [TEST_SUITE][PASSED] - api: Test Cases/New Test Case (2)]]></system-out>
      <system-err><![CDATA[]]></system-err>
   </testsuite>
</testsuites>
