<?xml version="1.0" encoding="UTF-8"?>
<testsuites name="New Test Suite Collection (1)" time="35.541" tests="1" failures="0" errors="0">
   <testsuite name="aaaaa" tests="1" failures="0" errors="0" time="9.74" skipped="0" timestamp="25-05-2024T23:32:58" hostname="tuanh - huybt2" id="Test Suites/aaaaa">
      <properties>
         <property name="deviceName" value=""/>
         <property name="devicePlatform" value=""/>
         <property name="logFolder" value="C:\\Users\\tuanh\\git\\kata-oma\\Reports\\20240525_233232\\aaaaa\\20240525_233233"/>
         <property name="logFiles" value="C:\\Users\\tuanh\\git\\kata-oma\\Reports\\20240525_233232\\aaaaa\\20240525_233233\\execution0.log"/>
         <property name="attachments" value=""/>
         <property name="hostName" value="tuanh - huybt2"/>
         <property name="os" value="Windows 11 64bit"/>
         <property name="katalonVersion" value="9.4.0.212"/>
         <property name="browser" value="Chrome 125.0.0.0"/>
         <property name="hostAddress" value="192.168.1.6"/>
         <property name="sessionId" value="e0ef3cb61043c7070acb64aa4db78889"/>
         <property name="seleniumVersion" value="3.141.59"/>
         <property name="proxyInformation" value="ProxyInformation { proxyOption=NO_PROXY, proxyServerType=HTTP, username=, password=********, proxyServerAddress=, proxyServerPort=0, executionList=&quot;&quot;, isApplyToDesiredCapabilities=true }"/>
         <property name="platform" value="Windows 11"/>
      </properties>
      <testcase name="Test Cases/tets1" time="8.976" classname="Test Cases/tets1" status="PASSED">
         <system-out><![CDATA[25-05-2024T23:32:58 - [TEST_CASE][PASSED] - Test Cases/tets1: Test Cases/tets1

25-05-2024T23:33:00 - [TEST_STEP][PASSED] - openBrowser(""): Browser is opened with url: ''

25-05-2024T23:33:01 - [MESSAGE][INFO] - Starting 'Chrome' driver

25-05-2024T23:33:01 - [MESSAGE][INFO] - Action delay is set to 0 milliseconds

25-05-2024T23:33:06 - [MESSAGE][PASSED] - Browser is opened with url: ''

25-05-2024T23:33:06 - [TEST_STEP][PASSED] - closeBrowser(): Browser is closed

25-05-2024T23:33:07 - [MESSAGE][PASSED] - Browser is closed]]></system-out>
         <system-err><![CDATA[]]></system-err>
      </testcase>
      <system-out><![CDATA[25-05-2024T23:32:58 - [TEST_SUITE][PASSED] - aaaaa: Test Cases/tets1]]></system-out>
      <system-err><![CDATA[]]></system-err>
   </testsuite>
</testsuites>
