<?xml version="1.0" encoding="UTF-8"?>
<testsuites name="thang1" time="163.983" tests="5" failures="0" errors="0">
   <testsuite name="thang1" tests="5" failures="0" errors="0" time="163.983" skipped="0" timestamp="02-07-2024T23:07:35" hostname="tuanh - huybt2" id="Test Suites/thang/thang1">
      <properties>
         <property name="deviceName" value=""/>
         <property name="devicePlatform" value=""/>
         <property name="logFolder" value="C:\\Users\\tuanh\\git\\kata-oma\\Reports\\20240702_230637\\thang\\thang1\\20240702_230637"/>
         <property name="logFiles" value="C:\\Users\\tuanh\\git\\kata-oma\\Reports\\20240702_230637\\thang\\thang1\\20240702_230637\\execution0.log"/>
         <property name="attachments" value=""/>
         <property name="hostName" value="tuanh - huybt2"/>
         <property name="os" value="Windows 11 64bit"/>
         <property name="katalonVersion" value="9.4.0.212"/>
         <property name="browser" value="Chrome 126.0.0.0"/>
         <property name="hostAddress" value="192.168.1.13"/>
         <property name="sessionId" value="8d6e4c7a9d9c9a4d4fc650952b5dffd8"/>
         <property name="seleniumVersion" value="3.141.59"/>
         <property name="proxyInformation" value="ProxyInformation { proxyOption=NO_PROXY, proxyServerType=HTTP, username=, password=********, proxyServerAddress=, proxyServerPort=0, executionList=&quot;&quot;, isApplyToDesiredCapabilities=true }"/>
         <property name="platform" value="Windows 11"/>
      </properties>
      <testcase name="Test Cases/thang/New Test Case (8)" time="54.744" classname="Test Cases/thang/New Test Case (8)" status="PASSED">
         <system-out><![CDATA[02-07-2024T23:07:39 - [TEST_CASE][PASSED] - Test Cases/thang/New Test Case (8): Test Cases/thang/New Test Case (8)

02-07-2024T23:07:44 - [TEST_STEP][PASSED] - openBrowser(""): Browser is opened with url: ''

02-07-2024T23:07:48 - [MESSAGE][INFO] - Starting 'Chrome' driver

02-07-2024T23:07:49 - [MESSAGE][INFO] - Action delay is set to 0 milliseconds

02-07-2024T23:08:00 - [MESSAGE][PASSED] - Browser is opened with url: ''

02-07-2024T23:08:00 - [TEST_STEP][PASSED] - navigateToUrl("https://demowebshop.tricentis.com/fiction"): Navigate to 'https://demowebshop.tricentis.com/fiction' successfully

02-07-2024T23:08:10 - [MESSAGE][PASSED] - Navigate to 'https://demowebshop.tricentis.com/fiction' successfully

02-07-2024T23:08:10 - [TEST_STEP][PASSED] - setText(findTestObject("ac/New Test Object (1)"), "a"): Text 'a' is set on object 'Object Repository/ac/New Test Object (1)'

02-07-2024T23:08:14 - [MESSAGE][PASSED] - Text 'a' is set on object 'Object Repository/ac/New Test Object (1)'

02-07-2024T23:08:14 - [TEST_STEP][PASSED] - closeBrowser(): Browser is closed

02-07-2024T23:08:34 - [MESSAGE][PASSED] - Browser is closed]]></system-out>
         <system-err><![CDATA[]]></system-err>
      </testcase>
      <testcase name="Test Cases/thang/New Test Case (8)" time="34.359" classname="Test Cases/thang/New Test Case (8)" status="PASSED">
         <system-out><![CDATA[02-07-2024T23:08:34 - [TEST_CASE][PASSED] - Test Cases/thang/New Test Case (8): Test Cases/thang/New Test Case (8)

02-07-2024T23:08:34 - [TEST_STEP][PASSED] - openBrowser(""): Browser is opened with url: ''

02-07-2024T23:08:34 - [MESSAGE][INFO] - Starting 'Chrome' driver

02-07-2024T23:08:34 - [MESSAGE][INFO] - Action delay is set to 0 milliseconds

02-07-2024T23:08:37 - [MESSAGE][PASSED] - Browser is opened with url: ''

02-07-2024T23:08:37 - [TEST_STEP][PASSED] - navigateToUrl("https://demowebshop.tricentis.com/fiction"): Navigate to 'https://demowebshop.tricentis.com/fiction' successfully

02-07-2024T23:08:44 - [MESSAGE][PASSED] - Navigate to 'https://demowebshop.tricentis.com/fiction' successfully

02-07-2024T23:08:44 - [TEST_STEP][PASSED] - setText(findTestObject("ac/New Test Object (1)"), "a"): Text 'a' is set on object 'Object Repository/ac/New Test Object (1)'

02-07-2024T23:08:48 - [MESSAGE][PASSED] - Text 'a' is set on object 'Object Repository/ac/New Test Object (1)'

02-07-2024T23:08:48 - [TEST_STEP][PASSED] - closeBrowser(): Browser is closed

02-07-2024T23:09:08 - [MESSAGE][PASSED] - Browser is closed]]></system-out>
         <system-err><![CDATA[]]></system-err>
      </testcase>
      <testcase name="Test Cases/thang/New Test Case (8)" time="45.677" classname="Test Cases/thang/New Test Case (8)" status="PASSED">
         <system-out><![CDATA[02-07-2024T23:09:08 - [TEST_CASE][PASSED] - Test Cases/thang/New Test Case (8): Test Cases/thang/New Test Case (8)

02-07-2024T23:09:09 - [TEST_STEP][PASSED] - openBrowser(""): Browser is opened with url: ''

02-07-2024T23:09:09 - [MESSAGE][INFO] - Starting 'Chrome' driver

02-07-2024T23:09:09 - [MESSAGE][INFO] - Action delay is set to 0 milliseconds

02-07-2024T23:09:13 - [MESSAGE][PASSED] - Browser is opened with url: ''

02-07-2024T23:09:13 - [TEST_STEP][PASSED] - navigateToUrl("https://demowebshop.tricentis.com/fiction"): Navigate to 'https://demowebshop.tricentis.com/fiction' successfully

02-07-2024T23:09:17 - [MESSAGE][PASSED] - Navigate to 'https://demowebshop.tricentis.com/fiction' successfully

02-07-2024T23:09:17 - [TEST_STEP][PASSED] - setText(findTestObject("ac/New Test Object (1)"), "a"): Text 'a' is set on object 'Object Repository/ac/New Test Object (1)'

02-07-2024T23:09:22 - [MESSAGE][PASSED] - Text 'a' is set on object 'Object Repository/ac/New Test Object (1)'

02-07-2024T23:09:22 - [TEST_STEP][PASSED] - closeBrowser(): Browser is closed

02-07-2024T23:09:54 - [MESSAGE][PASSED] - Browser is closed]]></system-out>
         <system-err><![CDATA[]]></system-err>
      </testcase>
      <testcase name="Test Cases/thang/New Test Case (8)" time="12.517" classname="Test Cases/thang/New Test Case (8)" status="PASSED">
         <system-out><![CDATA[02-07-2024T23:09:54 - [TEST_CASE][PASSED] - Test Cases/thang/New Test Case (8): Test Cases/thang/New Test Case (8)

02-07-2024T23:09:54 - [TEST_STEP][PASSED] - openBrowser(""): Browser is opened with url: ''

02-07-2024T23:09:54 - [MESSAGE][INFO] - Starting 'Chrome' driver

02-07-2024T23:09:54 - [MESSAGE][INFO] - Action delay is set to 0 milliseconds

02-07-2024T23:09:56 - [MESSAGE][PASSED] - Browser is opened with url: ''

02-07-2024T23:09:56 - [TEST_STEP][PASSED] - navigateToUrl("https://demowebshop.tricentis.com/fiction"): Navigate to 'https://demowebshop.tricentis.com/fiction' successfully

02-07-2024T23:10:02 - [MESSAGE][PASSED] - Navigate to 'https://demowebshop.tricentis.com/fiction' successfully

02-07-2024T23:10:02 - [TEST_STEP][PASSED] - setText(findTestObject("ac/New Test Object (1)"), "a"): Text 'a' is set on object 'Object Repository/ac/New Test Object (1)'

02-07-2024T23:10:04 - [MESSAGE][PASSED] - Text 'a' is set on object 'Object Repository/ac/New Test Object (1)'

02-07-2024T23:10:04 - [TEST_STEP][PASSED] - closeBrowser(): Browser is closed

02-07-2024T23:10:07 - [MESSAGE][PASSED] - Browser is closed]]></system-out>
         <system-err><![CDATA[]]></system-err>
      </testcase>
      <testcase name="Test Cases/thang/New Test Case (8)" time="11.982" classname="Test Cases/thang/New Test Case (8)" status="PASSED">
         <system-out><![CDATA[02-07-2024T23:10:07 - [TEST_CASE][PASSED] - Test Cases/thang/New Test Case (8): Test Cases/thang/New Test Case (8)

02-07-2024T23:10:07 - [TEST_STEP][PASSED] - openBrowser(""): Browser is opened with url: ''

02-07-2024T23:10:07 - [MESSAGE][INFO] - Starting 'Chrome' driver

02-07-2024T23:10:07 - [MESSAGE][INFO] - Action delay is set to 0 milliseconds

02-07-2024T23:10:10 - [MESSAGE][PASSED] - Browser is opened with url: ''

02-07-2024T23:10:10 - [TEST_STEP][PASSED] - navigateToUrl("https://demowebshop.tricentis.com/fiction"): Navigate to 'https://demowebshop.tricentis.com/fiction' successfully

02-07-2024T23:10:17 - [MESSAGE][PASSED] - Navigate to 'https://demowebshop.tricentis.com/fiction' successfully

02-07-2024T23:10:17 - [TEST_STEP][PASSED] - setText(findTestObject("ac/New Test Object (1)"), "a"): Text 'a' is set on object 'Object Repository/ac/New Test Object (1)'

02-07-2024T23:10:18 - [MESSAGE][PASSED] - Text 'a' is set on object 'Object Repository/ac/New Test Object (1)'

02-07-2024T23:10:18 - [TEST_STEP][PASSED] - closeBrowser(): Browser is closed

02-07-2024T23:10:19 - [MESSAGE][PASSED] - Browser is closed]]></system-out>
         <system-err><![CDATA[]]></system-err>
      </testcase>
      <system-out><![CDATA[02-07-2024T23:07:35 - [TEST_SUITE][PASSED] - thang1: Test Cases/thang/New Test Case (8)]]></system-out>
      <system-err><![CDATA[]]></system-err>
   </testsuite>
</testsuites>
