<?xml version="1.0" encoding="UTF-8"?>
<testsuites name="checkpoint" time="316.215" tests="1" failures="0" errors="0">
   <testsuite name="checkpoint" tests="1" failures="0" errors="0" time="316.215" skipped="0" timestamp="19-06-2024T22:33:56" hostname="tuanh - huybt2" id="Test Suites/checkpoint">
      <properties>
         <property name="deviceName" value=""/>
         <property name="devicePlatform" value=""/>
         <property name="logFolder" value="C:\\Users\\tuanh\\git\\kata-oma\\Reports\\20240619_223146\\checkpoint\\20240619_223147"/>
         <property name="logFiles" value="C:\\Users\\tuanh\\git\\kata-oma\\Reports\\20240619_223146\\checkpoint\\20240619_223147\\execution0.log"/>
         <property name="attachments" value="keyes\keyes-current_viewport 1.png, keyes\keyes-current_viewport 2.png, keyes\keyes-current_viewport 3.png, keyes\keyes-current_viewport 4.png, keyes\keyes-current_viewport 5.png, keyes\keyes-current_viewport 6.png, keyes\keyes-current_viewport 7.png, keyes\keyes-current_viewport 8.png, keyes\keyes-current_viewport9.png, keyes\keyes-current_viewport 10.png, keyes\keyes-current_viewport11.png, keyes\keyes-current_viewport12.png, keyes\keyes-current_viewport13.png, keyes\keyes-current_viewport14.png, keyes\keyes-current_viewport15.png, keyes\keyes-current_viewport16.png, keyes\keyes-current_viewport17.png, keyes\keyes-current_viewport16.png"/>
         <property name="hostName" value="tuanh - huybt2"/>
         <property name="os" value="Windows 11 64bit"/>
         <property name="katalonVersion" value="9.4.0.212"/>
         <property name="browser" value="Chrome 126.0.0.0"/>
         <property name="hostAddress" value="192.168.1.20"/>
         <property name="sessionId" value="d4bba3a544c61063071a6335b8675d6c"/>
         <property name="seleniumVersion" value="3.141.59"/>
         <property name="proxyInformation" value="ProxyInformation { proxyOption=NO_PROXY, proxyServerType=HTTP, username=, password=********, proxyServerAddress=, proxyServerPort=0, executionList=&quot;&quot;, isApplyToDesiredCapabilities=true }"/>
         <property name="platform" value="Windows 11"/>
      </properties>
      <testcase name="Test Cases/ac/checkpoint 2" time="310.838" classname="Test Cases/ac/checkpoint 2" status="PASSED">
         <system-out><![CDATA[19-06-2024T22:34:01 - [TEST_CASE][PASSED] - Test Cases/ac/checkpoint 2: Test Cases/ac/checkpoint 2

19-06-2024T22:34:07 - [TEST_STEP][PASSED] - openBrowser(""): Browser is opened with url: ''

19-06-2024T22:34:15 - [MESSAGE][INFO] - Starting 'Chrome' driver

19-06-2024T22:34:17 - [MESSAGE][INFO] - Action delay is set to 0 milliseconds

19-06-2024T22:35:09 - [MESSAGE][PASSED] - Browser is opened with url: ''

19-06-2024T22:35:09 - [TEST_STEP][PASSED] - navigateToUrl("https://academy.katalon.com/"): Navigate to 'https://academy.katalon.com/' successfully

19-06-2024T22:35:11 - [MESSAGE][PASSED] - Navigate to 'https://academy.katalon.com/' successfully

19-06-2024T22:35:11 - [TEST_STEP][PASSED] - takeScreenshotAsCheckpoint("current_viewport 1"): Taking screenshot successfully

19-06-2024T22:36:28 - [MESSAGE][INFO] - 0 hidden object(s)

19-06-2024T22:36:32 - [MESSAGE][PASSED] - Taking screenshot successfully
[[ATTACHMENT|keyes\keyes-current_viewport 1.png]]

19-06-2024T22:36:32 - [TEST_STEP][PASSED] - takeScreenshotAsCheckpoint("current_viewport 2 "): Taking screenshot successfully

19-06-2024T22:36:38 - [MESSAGE][INFO] - 0 hidden object(s)

19-06-2024T22:36:39 - [MESSAGE][PASSED] - Taking screenshot successfully
[[ATTACHMENT|keyes\keyes-current_viewport 2.png]]

19-06-2024T22:36:39 - [TEST_STEP][PASSED] - takeScreenshotAsCheckpoint("current_viewport 3"): Taking screenshot successfully

19-06-2024T22:36:54 - [MESSAGE][INFO] - 0 hidden object(s)

19-06-2024T22:36:58 - [MESSAGE][PASSED] - Taking screenshot successfully
[[ATTACHMENT|keyes\keyes-current_viewport 3.png]]

19-06-2024T22:36:58 - [TEST_STEP][PASSED] - takeScreenshotAsCheckpoint("current_viewport 4"): Taking screenshot successfully

19-06-2024T22:37:05 - [MESSAGE][INFO] - 0 hidden object(s)

19-06-2024T22:37:06 - [MESSAGE][PASSED] - Taking screenshot successfully
[[ATTACHMENT|keyes\keyes-current_viewport 4.png]]

19-06-2024T22:37:06 - [TEST_STEP][PASSED] - takeScreenshotAsCheckpoint("current_viewport 5"): Taking screenshot successfully

19-06-2024T22:37:11 - [MESSAGE][INFO] - 0 hidden object(s)

19-06-2024T22:37:13 - [MESSAGE][PASSED] - Taking screenshot successfully
[[ATTACHMENT|keyes\keyes-current_viewport 5.png]]

19-06-2024T22:37:13 - [TEST_STEP][PASSED] - takeScreenshotAsCheckpoint("current_viewport 6"): Taking screenshot successfully

19-06-2024T22:37:15 - [MESSAGE][INFO] - 0 hidden object(s)

19-06-2024T22:37:16 - [MESSAGE][PASSED] - Taking screenshot successfully
[[ATTACHMENT|keyes\keyes-current_viewport 6.png]]

19-06-2024T22:37:16 - [TEST_STEP][PASSED] - takeScreenshotAsCheckpoint("current_viewport 7"): Taking screenshot successfully

19-06-2024T22:37:20 - [MESSAGE][INFO] - 0 hidden object(s)

19-06-2024T22:37:21 - [MESSAGE][PASSED] - Taking screenshot successfully
[[ATTACHMENT|keyes\keyes-current_viewport 7.png]]

19-06-2024T22:37:21 - [TEST_STEP][PASSED] - takeScreenshotAsCheckpoint("current_viewport 8 "): Taking screenshot successfully

19-06-2024T22:37:30 - [MESSAGE][INFO] - 0 hidden object(s)

19-06-2024T22:37:31 - [MESSAGE][PASSED] - Taking screenshot successfully
[[ATTACHMENT|keyes\keyes-current_viewport 8.png]]

19-06-2024T22:37:31 - [TEST_STEP][PASSED] - takeScreenshotAsCheckpoint("current_viewport9"): Taking screenshot successfully

19-06-2024T22:37:34 - [MESSAGE][INFO] - 0 hidden object(s)

19-06-2024T22:37:34 - [MESSAGE][PASSED] - Taking screenshot successfully
[[ATTACHMENT|keyes\keyes-current_viewport9.png]]

19-06-2024T22:37:34 - [TEST_STEP][PASSED] - takeScreenshotAsCheckpoint("current_viewport 10"): Taking screenshot successfully

19-06-2024T22:37:37 - [MESSAGE][INFO] - 0 hidden object(s)

19-06-2024T22:37:38 - [MESSAGE][PASSED] - Taking screenshot successfully
[[ATTACHMENT|keyes\keyes-current_viewport 10.png]]

19-06-2024T22:37:38 - [TEST_STEP][PASSED] - takeScreenshotAsCheckpoint("current_viewport11"): Taking screenshot successfully

19-06-2024T22:37:42 - [MESSAGE][INFO] - 0 hidden object(s)

19-06-2024T22:37:43 - [MESSAGE][PASSED] - Taking screenshot successfully
[[ATTACHMENT|keyes\keyes-current_viewport11.png]]

19-06-2024T22:37:43 - [TEST_STEP][PASSED] - takeScreenshotAsCheckpoint("current_viewport12"): Taking screenshot successfully

19-06-2024T22:37:45 - [MESSAGE][INFO] - 0 hidden object(s)

19-06-2024T22:37:45 - [MESSAGE][PASSED] - Taking screenshot successfully
[[ATTACHMENT|keyes\keyes-current_viewport12.png]]

19-06-2024T22:37:45 - [TEST_STEP][PASSED] - takeScreenshotAsCheckpoint("current_viewport13"): Taking screenshot successfully

19-06-2024T22:37:48 - [MESSAGE][INFO] - 0 hidden object(s)

19-06-2024T22:37:48 - [MESSAGE][PASSED] - Taking screenshot successfully
[[ATTACHMENT|keyes\keyes-current_viewport13.png]]

19-06-2024T22:37:48 - [TEST_STEP][PASSED] - takeScreenshotAsCheckpoint("current_viewport14"): Taking screenshot successfully

19-06-2024T22:37:52 - [MESSAGE][INFO] - 0 hidden object(s)

19-06-2024T22:37:53 - [MESSAGE][PASSED] - Taking screenshot successfully
[[ATTACHMENT|keyes\keyes-current_viewport14.png]]

19-06-2024T22:37:53 - [TEST_STEP][PASSED] - takeScreenshotAsCheckpoint("current_viewport15"): Taking screenshot successfully

19-06-2024T22:37:59 - [MESSAGE][INFO] - 0 hidden object(s)

19-06-2024T22:38:01 - [MESSAGE][PASSED] - Taking screenshot successfully
[[ATTACHMENT|keyes\keyes-current_viewport15.png]]

19-06-2024T22:38:01 - [TEST_STEP][PASSED] - takeScreenshotAsCheckpoint("current_viewport16"): Taking screenshot successfully

19-06-2024T22:38:04 - [MESSAGE][INFO] - 0 hidden object(s)

19-06-2024T22:38:05 - [MESSAGE][PASSED] - Taking screenshot successfully
[[ATTACHMENT|keyes\keyes-current_viewport16.png]]

19-06-2024T22:38:05 - [TEST_STEP][PASSED] - takeScreenshotAsCheckpoint("current_viewport17"): Taking screenshot successfully

19-06-2024T22:38:07 - [MESSAGE][INFO] - 0 hidden object(s)

19-06-2024T22:38:07 - [MESSAGE][PASSED] - Taking screenshot successfully
[[ATTACHMENT|keyes\keyes-current_viewport17.png]]

19-06-2024T22:38:07 - [TEST_STEP][PASSED] - takeScreenshotAsCheckpoint("current_viewport16"): Taking screenshot successfully

19-06-2024T22:38:10 - [MESSAGE][INFO] - 0 hidden object(s)

19-06-2024T22:38:10 - [MESSAGE][PASSED] - Taking screenshot successfully
[[ATTACHMENT|keyes\keyes-current_viewport16.png]]

19-06-2024T22:38:10 - [TEST_STEP][PASSED] - closeBrowser(): Browser is closed

19-06-2024T22:39:12 - [MESSAGE][PASSED] - Browser is closed]]></system-out>
         <system-err><![CDATA[]]></system-err>
      </testcase>
      <system-out><![CDATA[19-06-2024T22:33:56 - [TEST_SUITE][PASSED] - checkpoint: Test Cases/ac/checkpoint 2]]></system-out>
      <system-err><![CDATA[]]></system-err>
   </testsuite>
</testsuites>
