<?xml version="1.0" encoding="UTF-8"?>
<testsuites name="abc" time="38.932" tests="1" failures="0" errors="0">
   <testsuite name="abc" tests="1" failures="0" errors="0" time="38.932" skipped="0" timestamp="23-06-2024T19:14:35" hostname="tuanh - huybt2" id="Test Suites/abc">
      <properties>
         <property name="deviceName" value=""/>
         <property name="devicePlatform" value=""/>
         <property name="logFolder" value="C:\\Users\\tuanh\\git\\kata-oma\\Reports\\20240623_191318\\abc\\20240623_191323"/>
         <property name="logFiles" value="C:\\Users\\tuanh\\git\\kata-oma\\Reports\\20240623_191318\\abc\\20240623_191323\\execution0.log"/>
         <property name="attachments" value=""/>
         <property name="hostName" value="tuanh - huybt2"/>
         <property name="os" value="Windows 11 64bit"/>
         <property name="katalonVersion" value="9.4.0.212"/>
         <property name="browser" value="Chrome 126.0.0.0"/>
         <property name="hostAddress" value="192.168.1.13"/>
         <property name="sessionId" value="a0f1336a0b9ec0897bd5875b031e27c4"/>
         <property name="seleniumVersion" value="3.141.59"/>
         <property name="proxyInformation" value="ProxyInformation { proxyOption=NO_PROXY, proxyServerType=HTTP, username=, password=********, proxyServerAddress=, proxyServerPort=0, executionList=&quot;&quot;, isApplyToDesiredCapabilities=true }"/>
         <property name="platform" value="Windows 11"/>
      </properties>
      <testcase name="Test Cases/tets1" time="37.544" classname="Test Cases/tets1" status="PASSED">
         <system-out><![CDATA[23-06-2024T19:14:37 - [TEST_CASE][PASSED] - Test Cases/tets1: Test Cases/tets1

23-06-2024T19:14:39 - [TEST_STEP][PASSED] - openBrowser(""): Browser is opened with url: ''

23-06-2024T19:14:41 - [MESSAGE][INFO] - Starting 'Chrome' driver

23-06-2024T19:14:41 - [MESSAGE][INFO] - Action delay is set to 0 milliseconds

23-06-2024T19:14:57 - [MESSAGE][PASSED] - Browser is opened with url: ''

23-06-2024T19:14:57 - [TEST_STEP][PASSED] - closeBrowser(): Browser is closed

23-06-2024T19:15:14 - [MESSAGE][PASSED] - Browser is closed]]></system-out>
         <system-err><![CDATA[]]></system-err>
      </testcase>
      <system-out><![CDATA[23-06-2024T19:14:35 - [TEST_SUITE][PASSED] - abc: Test Cases/tets1]]></system-out>
      <system-err><![CDATA[]]></system-err>
   </testsuite>
</testsuites>
