<?xml version="1.0" encoding="UTF-8"?>
<testsuites name="New Test Suite" time="61.222" tests="1" failures="0" errors="0">
   <testsuite name="New Test Suite" tests="1" failures="0" errors="0" time="61.222" skipped="0" timestamp="07-05-2024T22:46:01" hostname="tuanh - huybt2" id="Test Suites/New Test Suite">
      <properties>
         <property name="deviceName" value=""/>
         <property name="devicePlatform" value=""/>
         <property name="logFolder" value="C:\\Users\\tuanh\\git\\kata-oma\\Reports\\20240507_224552\\New Test Suite\\20240507_224552"/>
         <property name="logFiles" value="C:\\Users\\tuanh\\git\\kata-oma\\Reports\\20240507_224552\\New Test Suite\\20240507_224552\\execution0.log"/>
         <property name="attachments" value=""/>
         <property name="hostName" value="tuanh - huybt2"/>
         <property name="os" value="Windows 11 64bit"/>
         <property name="katalonVersion" value="9.4.0.212"/>
         <property name="browser" value="Edge Chromium 124"/>
         <property name="hostAddress" value="192.168.1.7"/>
         <property name="sessionId" value="a45fbda4e45f5d617cfc68ba5f974eaf"/>
         <property name="seleniumVersion" value="3.141.59"/>
         <property name="proxyInformation" value="ProxyInformation { proxyOption=NO_PROXY, proxyServerType=HTTP, username=, password=********, proxyServerAddress=, proxyServerPort=0, executionList=&quot;&quot;, isApplyToDesiredCapabilities=true }"/>
         <property name="platform" value="Windows 11"/>
      </properties>
      <testcase name="Test Cases/New Test Case" time="60.922" classname="Test Cases/New Test Case" status="PASSED">
         <system-out><![CDATA[07-05-2024T22:46:01 - [TEST_CASE][PASSED] - Test Cases/New Test Case: Test Cases/New Test Case

07-05-2024T22:46:01 - [TEST_STEP][PASSED] - openBrowser(""): Browser is opened with url: ''

07-05-2024T22:46:02 - [MESSAGE][INFO] - Starting 'Edge Chromium' driver

07-05-2024T22:46:04 - [MESSAGE][INFO] - Action delay is set to 0 milliseconds

07-05-2024T22:46:06 - [MESSAGE][PASSED] - Browser is opened with url: ''

07-05-2024T22:46:06 - [TEST_STEP][PASSED] - navigateToUrl("https://github.com"): Navigate to 'https://github.com' successfully

07-05-2024T22:47:01 - [MESSAGE][PASSED] - Navigate to 'https://github.com' successfully

07-05-2024T22:47:01 - [TEST_STEP][PASSED] - closeBrowser(): Browser is closed

07-05-2024T22:47:02 - [MESSAGE][PASSED] - Browser is closed]]></system-out>
         <system-err><![CDATA[]]></system-err>
      </testcase>
      <system-out><![CDATA[07-05-2024T22:46:01 - [TEST_SUITE][PASSED] - New Test Suite: Test Cases/New Test Case]]></system-out>
      <system-err><![CDATA[]]></system-err>
   </testsuite>
</testsuites>
