<?xml version="1.0" encoding="UTF-8"?>
<testsuites name="api" time="8.319" tests="1" failures="0" errors="0">
   <testsuite name="api" tests="1" failures="0" errors="0" time="8.319" skipped="0" timestamp="25-05-2024T23:16:56" hostname="tuanh - huybt2" id="Test Suites/api">
      <properties>
         <property name="deviceName" value=""/>
         <property name="devicePlatform" value=""/>
         <property name="logFolder" value="C:\\Users\\tuanh\\git\\kata-oma\\Reports\\20240525_231611\\api\\20240525_231611"/>
         <property name="logFiles" value="C:\\Users\\tuanh\\git\\kata-oma\\Reports\\20240525_231611\\api\\20240525_231611\\execution0.log"/>
         <property name="attachments" value=""/>
         <property name="hostName" value="tuanh - huybt2"/>
         <property name="hostAddress" value="192.168.1.6"/>
         <property name="os" value="Windows 11 64bit"/>
         <property name="katalonVersion" value="9.4.0.212"/>
      </properties>
      <testcase name="Test Cases/ad" time="7.654" classname="Test Cases/ad" status="PASSED">
         <system-out><![CDATA[25-05-2024T23:16:57 - [TEST_CASE][PASSED] - Test Cases/ad: Test Cases/ad

25-05-2024T23:16:58 - [TEST_STEP][PASSED] - sendRequest(findTestObject("ac/New Request")): Send request successfully

25-05-2024T23:17:04 - [MESSAGE][INFO] - HAR: C:\Users\tuanh\git\kata-oma\Reports\20240525_231611\api\20240525_231611\requests\main\0.har

25-05-2024T23:17:05 - [MESSAGE][PASSED] - Send request successfully]]></system-out>
         <system-err><![CDATA[]]></system-err>
      </testcase>
      <system-out><![CDATA[25-05-2024T23:16:56 - [TEST_SUITE][PASSED] - api: Test Cases/ad]]></system-out>
      <system-err><![CDATA[]]></system-err>
   </testsuite>
</testsuites>
