<?xml version="1.0" encoding="UTF-8"?>
<testsuites name="aaaaa" time="119.841" tests="1" failures="0" errors="0">
   <testsuite name="aaaaa" tests="1" failures="0" errors="0" time="119.841" skipped="0" timestamp="28-05-2024T21:09:34" hostname="tuanh - huybt2" id="Test Suites/aaaaa">
      <properties>
         <property name="deviceName" value=""/>
         <property name="devicePlatform" value=""/>
         <property name="logFolder" value="C:\\Users\\tuanh\\git\\kata-oma\\Reports\\20240528_210556\\aaaaa\\20240528_210557"/>
         <property name="logFiles" value="C:\\Users\\tuanh\\git\\kata-oma\\Reports\\20240528_210556\\aaaaa\\20240528_210557\\execution0.log"/>
         <property name="attachments" value=""/>
         <property name="hostName" value="tuanh - huybt2"/>
         <property name="os" value="Windows 11 64bit"/>
         <property name="katalonVersion" value="9.4.0.212"/>
         <property name="browser" value="Chrome 125.0.0.0"/>
         <property name="hostAddress" value="192.168.1.8"/>
         <property name="sessionId" value="4efa490f29ee2be13d2ff94c6974112b"/>
         <property name="seleniumVersion" value="3.141.59"/>
         <property name="proxyInformation" value="ProxyInformation { proxyOption=NO_PROXY, proxyServerType=HTTP, username=, password=********, proxyServerAddress=, proxyServerPort=0, executionList=&quot;&quot;, isApplyToDesiredCapabilities=true }"/>
         <property name="platform" value="Windows 11"/>
      </properties>
      <testcase name="Test Cases/tets1" time="114.212" classname="Test Cases/tets1" status="PASSED">
         <system-out><![CDATA[28-05-2024T21:09:40 - [TEST_CASE][PASSED] - Test Cases/tets1: Test Cases/tets1

28-05-2024T21:09:47 - [TEST_STEP][PASSED] - openBrowser(""): Browser is opened with url: ''

28-05-2024T21:09:55 - [MESSAGE][INFO] - Starting 'Chrome' driver

28-05-2024T21:09:56 - [MESSAGE][INFO] - Action delay is set to 0 milliseconds

28-05-2024T21:10:51 - [MESSAGE][PASSED] - Browser is opened with url: ''

28-05-2024T21:10:51 - [TEST_STEP][PASSED] - closeBrowser(): Browser is closed

28-05-2024T21:11:34 - [MESSAGE][PASSED] - Browser is closed]]></system-out>
         <system-err><![CDATA[]]></system-err>
      </testcase>
      <system-out><![CDATA[28-05-2024T21:09:34 - [TEST_SUITE][PASSED] - aaaaa: Test Cases/tets1]]></system-out>
      <system-err><![CDATA[]]></system-err>
   </testsuite>
</testsuites>
