<?xml version="1.0" encoding="UTF-8"?>
<testsuites name="checkpoint" time="287.015" tests="1" failures="0" errors="0">
   <testsuite name="checkpoint" tests="1" failures="0" errors="0" time="287.015" skipped="0" timestamp="28-05-2024T22:56:03" hostname="tuanh - huybt2" id="Test Suites/checkpoint">
      <properties>
         <property name="deviceName" value=""/>
         <property name="devicePlatform" value=""/>
         <property name="logFolder" value="C:\\Users\\tuanh\\git\\kata-oma\\Reports\\20240528_225519\\checkpoint\\20240528_225523"/>
         <property name="logFiles" value="C:\\Users\\tuanh\\git\\kata-oma\\Reports\\20240528_225519\\checkpoint\\20240528_225523\\execution0.log"/>
         <property name="attachments" value="keyes\keyes-current_viewport 1.png, keyes\keyes-current_viewport 2.png, keyes\keyes-current_viewport 3.png, keyes\keyes-current_viewport 4.png, keyes\keyes-current_viewport 5.png, keyes\keyes-current_viewport 6.png, keyes\keyes-current_viewport 7.png, keyes\keyes-current_viewport 8.png, keyes\keyes-current_viewport9.png, keyes\keyes-current_viewport 10.png, keyes\keyes-current_viewport11.png, keyes\keyes-current_viewport12.png, keyes\keyes-current_viewport13.png, keyes\keyes-current_viewport14.png, keyes\keyes-current_viewport15.png, keyes\keyes-current_viewport16.png, keyes\keyes-current_viewport17.png, keyes\keyes-current_viewport16.png"/>
         <property name="hostName" value="tuanh - huybt2"/>
         <property name="os" value="Windows 11 64bit"/>
         <property name="katalonVersion" value="9.4.0.212"/>
         <property name="browser" value="Chrome 125.0.0.0"/>
         <property name="hostAddress" value="192.168.1.8"/>
         <property name="sessionId" value="43366dd6f6da3aa166a90af2759104c4"/>
         <property name="seleniumVersion" value="3.141.59"/>
         <property name="proxyInformation" value="ProxyInformation { proxyOption=NO_PROXY, proxyServerType=HTTP, username=, password=********, proxyServerAddress=, proxyServerPort=0, executionList=&quot;&quot;, isApplyToDesiredCapabilities=true }"/>
         <property name="platform" value="Windows 11"/>
      </properties>
      <testcase name="Test Cases/ac/checkpoint 2" time="285.886" classname="Test Cases/ac/checkpoint 2" status="PASSED">
         <system-out><![CDATA[28-05-2024T22:56:04 - [TEST_CASE][PASSED] - Test Cases/ac/checkpoint 2: Test Cases/ac/checkpoint 2

28-05-2024T22:56:07 - [TEST_STEP][PASSED] - openBrowser(""): Browser is opened with url: ''

28-05-2024T22:56:09 - [MESSAGE][INFO] - Starting 'Chrome' driver

28-05-2024T22:56:10 - [MESSAGE][INFO] - Action delay is set to 0 milliseconds

28-05-2024T22:56:26 - [MESSAGE][PASSED] - Browser is opened with url: ''

28-05-2024T22:56:26 - [TEST_STEP][PASSED] - navigateToUrl("https://academy.katalon.com/"): Navigate to 'https://academy.katalon.com/' successfully

28-05-2024T22:57:01 - [MESSAGE][PASSED] - Navigate to 'https://academy.katalon.com/' successfully

28-05-2024T22:57:01 - [TEST_STEP][PASSED] - takeScreenshotAsCheckpoint("current_viewport 1"): Taking screenshot successfully

28-05-2024T22:57:07 - [MESSAGE][INFO] - 0 hidden object(s)

28-05-2024T22:57:07 - [MESSAGE][PASSED] - Taking screenshot successfully
[[ATTACHMENT|keyes\keyes-current_viewport 1.png]]

28-05-2024T22:57:07 - [TEST_STEP][PASSED] - takeScreenshotAsCheckpoint("current_viewport 2 "): Taking screenshot successfully

28-05-2024T22:57:10 - [MESSAGE][INFO] - 0 hidden object(s)

28-05-2024T22:57:10 - [MESSAGE][PASSED] - Taking screenshot successfully
[[ATTACHMENT|keyes\keyes-current_viewport 2.png]]

28-05-2024T22:57:10 - [TEST_STEP][PASSED] - takeScreenshotAsCheckpoint("current_viewport 3"): Taking screenshot successfully

28-05-2024T22:57:15 - [MESSAGE][INFO] - 0 hidden object(s)

28-05-2024T22:57:16 - [MESSAGE][PASSED] - Taking screenshot successfully
[[ATTACHMENT|keyes\keyes-current_viewport 3.png]]

28-05-2024T22:57:16 - [TEST_STEP][PASSED] - takeScreenshotAsCheckpoint("current_viewport 4"): Taking screenshot successfully

28-05-2024T22:57:19 - [MESSAGE][INFO] - 0 hidden object(s)

28-05-2024T22:57:20 - [MESSAGE][PASSED] - Taking screenshot successfully
[[ATTACHMENT|keyes\keyes-current_viewport 4.png]]

28-05-2024T22:57:20 - [TEST_STEP][PASSED] - takeScreenshotAsCheckpoint("current_viewport 5"): Taking screenshot successfully

28-05-2024T22:57:22 - [MESSAGE][INFO] - 0 hidden object(s)

28-05-2024T22:57:22 - [MESSAGE][PASSED] - Taking screenshot successfully
[[ATTACHMENT|keyes\keyes-current_viewport 5.png]]

28-05-2024T22:57:22 - [TEST_STEP][PASSED] - takeScreenshotAsCheckpoint("current_viewport 6"): Taking screenshot successfully

28-05-2024T22:57:26 - [MESSAGE][INFO] - 0 hidden object(s)

28-05-2024T22:57:26 - [MESSAGE][PASSED] - Taking screenshot successfully
[[ATTACHMENT|keyes\keyes-current_viewport 6.png]]

28-05-2024T22:57:26 - [TEST_STEP][PASSED] - takeScreenshotAsCheckpoint("current_viewport 7"): Taking screenshot successfully

28-05-2024T22:57:29 - [MESSAGE][INFO] - 0 hidden object(s)

28-05-2024T22:57:29 - [MESSAGE][PASSED] - Taking screenshot successfully
[[ATTACHMENT|keyes\keyes-current_viewport 7.png]]

28-05-2024T22:57:29 - [TEST_STEP][PASSED] - takeScreenshotAsCheckpoint("current_viewport 8 "): Taking screenshot successfully

28-05-2024T22:57:31 - [MESSAGE][INFO] - 0 hidden object(s)

28-05-2024T22:57:37 - [MESSAGE][PASSED] - Taking screenshot successfully
[[ATTACHMENT|keyes\keyes-current_viewport 8.png]]

28-05-2024T22:57:37 - [TEST_STEP][PASSED] - takeScreenshotAsCheckpoint("current_viewport9"): Taking screenshot successfully

28-05-2024T22:57:40 - [MESSAGE][INFO] - 0 hidden object(s)

28-05-2024T22:57:40 - [MESSAGE][PASSED] - Taking screenshot successfully
[[ATTACHMENT|keyes\keyes-current_viewport9.png]]

28-05-2024T22:57:40 - [TEST_STEP][PASSED] - takeScreenshotAsCheckpoint("current_viewport 10"): Taking screenshot successfully

28-05-2024T22:57:48 - [MESSAGE][INFO] - 0 hidden object(s)

28-05-2024T22:57:49 - [MESSAGE][PASSED] - Taking screenshot successfully
[[ATTACHMENT|keyes\keyes-current_viewport 10.png]]

28-05-2024T22:57:49 - [TEST_STEP][PASSED] - takeScreenshotAsCheckpoint("current_viewport11"): Taking screenshot successfully

28-05-2024T22:57:52 - [MESSAGE][INFO] - 0 hidden object(s)

28-05-2024T22:57:54 - [MESSAGE][PASSED] - Taking screenshot successfully
[[ATTACHMENT|keyes\keyes-current_viewport11.png]]

28-05-2024T22:57:54 - [TEST_STEP][PASSED] - takeScreenshotAsCheckpoint("current_viewport12"): Taking screenshot successfully

28-05-2024T22:57:57 - [MESSAGE][INFO] - 0 hidden object(s)

28-05-2024T22:57:58 - [MESSAGE][PASSED] - Taking screenshot successfully
[[ATTACHMENT|keyes\keyes-current_viewport12.png]]

28-05-2024T22:57:58 - [TEST_STEP][PASSED] - takeScreenshotAsCheckpoint("current_viewport13"): Taking screenshot successfully

28-05-2024T22:58:00 - [MESSAGE][INFO] - 0 hidden object(s)

28-05-2024T22:58:01 - [MESSAGE][PASSED] - Taking screenshot successfully
[[ATTACHMENT|keyes\keyes-current_viewport13.png]]

28-05-2024T22:58:01 - [TEST_STEP][PASSED] - takeScreenshotAsCheckpoint("current_viewport14"): Taking screenshot successfully

28-05-2024T22:58:07 - [MESSAGE][INFO] - 0 hidden object(s)

28-05-2024T22:58:08 - [MESSAGE][PASSED] - Taking screenshot successfully
[[ATTACHMENT|keyes\keyes-current_viewport14.png]]

28-05-2024T22:58:08 - [TEST_STEP][PASSED] - takeScreenshotAsCheckpoint("current_viewport15"): Taking screenshot successfully

28-05-2024T22:58:11 - [MESSAGE][INFO] - 0 hidden object(s)

28-05-2024T22:58:12 - [MESSAGE][PASSED] - Taking screenshot successfully
[[ATTACHMENT|keyes\keyes-current_viewport15.png]]

28-05-2024T22:58:12 - [TEST_STEP][PASSED] - takeScreenshotAsCheckpoint("current_viewport16"): Taking screenshot successfully

28-05-2024T22:58:15 - [MESSAGE][INFO] - 0 hidden object(s)

28-05-2024T22:58:15 - [MESSAGE][PASSED] - Taking screenshot successfully
[[ATTACHMENT|keyes\keyes-current_viewport16.png]]

28-05-2024T22:58:15 - [TEST_STEP][PASSED] - takeScreenshotAsCheckpoint("current_viewport17"): Taking screenshot successfully

28-05-2024T22:58:46 - [MESSAGE][INFO] - 0 hidden object(s)

28-05-2024T22:58:46 - [MESSAGE][PASSED] - Taking screenshot successfully
[[ATTACHMENT|keyes\keyes-current_viewport17.png]]

28-05-2024T22:58:46 - [TEST_STEP][PASSED] - takeScreenshotAsCheckpoint("current_viewport16"): Taking screenshot successfully

28-05-2024T22:59:38 - [MESSAGE][INFO] - 0 hidden object(s)

28-05-2024T22:59:39 - [MESSAGE][PASSED] - Taking screenshot successfully
[[ATTACHMENT|keyes\keyes-current_viewport16.png]]

28-05-2024T22:59:39 - [TEST_STEP][PASSED] - closeBrowser(): Browser is closed

28-05-2024T23:00:50 - [MESSAGE][PASSED] - Browser is closed]]></system-out>
         <system-err><![CDATA[]]></system-err>
      </testcase>
      <system-out><![CDATA[28-05-2024T22:56:03 - [TEST_SUITE][PASSED] - checkpoint: Test Cases/ac/checkpoint 2]]></system-out>
      <system-err><![CDATA[]]></system-err>
   </testsuite>
</testsuites>
