<?xml version="1.0" encoding="UTF-8"?>
<testsuites name="api" time="56.506" tests="1" failures="0" errors="0">
   <testsuite name="api" tests="1" failures="0" errors="0" time="56.506" skipped="0" timestamp="21-05-2024T23:54:40" hostname="tuanh - huybt2" id="Test Suites/api">
      <properties>
         <property name="deviceName" value=""/>
         <property name="devicePlatform" value=""/>
         <property name="logFolder" value="C:\\Users\\tuanh\\git\\kata-oma\\Reports\\20240521_235125\\api\\20240521_235137"/>
         <property name="logFiles" value="C:\\Users\\tuanh\\git\\kata-oma\\Reports\\20240521_235125\\api\\20240521_235137\\execution0.log"/>
         <property name="attachments" value=""/>
         <property name="hostName" value="tuanh - huybt2"/>
         <property name="hostAddress" value="192.168.1.10"/>
         <property name="os" value="Windows 11 64bit"/>
         <property name="katalonVersion" value="9.4.0.212"/>
      </properties>
      <testcase name="Test Cases/ad" time="49.402" classname="Test Cases/ad" status="PASSED">
         <system-out><![CDATA[21-05-2024T23:54:48 - [TEST_CASE][PASSED] - Test Cases/ad: Test Cases/ad

21-05-2024T23:54:57 - [TEST_STEP][PASSED] - sendRequest(findTestObject("ac/New Request")): Send request successfully

21-05-2024T23:55:36 - [MESSAGE][INFO] - HAR: C:\Users\tuanh\git\kata-oma\Reports\20240521_235125\api\20240521_235137\requests\main\0.har

21-05-2024T23:55:37 - [MESSAGE][PASSED] - Send request successfully]]></system-out>
         <system-err><![CDATA[]]></system-err>
      </testcase>
      <system-out><![CDATA[21-05-2024T23:54:40 - [TEST_SUITE][PASSED] - api: Test Cases/ad]]></system-out>
      <system-err><![CDATA[]]></system-err>
   </testsuite>
</testsuites>
