<?xml version="1.0" encoding="UTF-8"?>
<testsuites name="abc" time="158.002" tests="1" failures="0" errors="0">
   <testsuite name="abc" tests="1" failures="0" errors="0" time="158.002" skipped="0" timestamp="23-06-2024T18:29:22" hostname="tuanh - huybt2" id="Test Suites/abc">
      <properties>
         <property name="deviceName" value=""/>
         <property name="devicePlatform" value=""/>
         <property name="logFolder" value="C:\\Users\\tuanh\\git\\kata-oma\\Reports\\20240623_182110\\abc\\20240623_182156"/>
         <property name="logFiles" value="C:\\Users\\tuanh\\git\\kata-oma\\Reports\\20240623_182110\\abc\\20240623_182156\\execution0.log"/>
         <property name="attachments" value=""/>
         <property name="hostName" value="tuanh - huybt2"/>
         <property name="os" value="Windows 11 64bit"/>
         <property name="katalonVersion" value="9.4.0.212"/>
         <property name="browser" value="Chrome 126.0.0.0"/>
         <property name="hostAddress" value="192.168.1.13"/>
         <property name="sessionId" value="64ad3c95b0667016c3d883469fa52a9d"/>
         <property name="seleniumVersion" value="3.141.59"/>
         <property name="proxyInformation" value="ProxyInformation { proxyOption=NO_PROXY, proxyServerType=HTTP, username=, password=********, proxyServerAddress=, proxyServerPort=0, executionList=&quot;&quot;, isApplyToDesiredCapabilities=true }"/>
         <property name="platform" value="Windows 11"/>
      </properties>
      <testcase name="Test Cases/tets1" time="147.252" classname="Test Cases/tets1" status="PASSED">
         <system-out><![CDATA[23-06-2024T18:29:33 - [TEST_CASE][PASSED] - Test Cases/tets1: Test Cases/tets1

23-06-2024T18:29:49 - [TEST_STEP][PASSED] - openBrowser(""): Browser is opened with url: ''

23-06-2024T18:30:10 - [MESSAGE][INFO] - Starting 'Chrome' driver

23-06-2024T18:30:12 - [MESSAGE][INFO] - Action delay is set to 0 milliseconds

23-06-2024T18:31:46 - [MESSAGE][PASSED] - Browser is opened with url: ''

23-06-2024T18:31:46 - [TEST_STEP][PASSED] - closeBrowser(): Browser is closed

23-06-2024T18:32:00 - [MESSAGE][PASSED] - Browser is closed]]></system-out>
         <system-err><![CDATA[]]></system-err>
      </testcase>
      <system-out><![CDATA[23-06-2024T18:29:22 - [TEST_SUITE][PASSED] - abc: Test Cases/tets1]]></system-out>
      <system-err><![CDATA[]]></system-err>
   </testsuite>
</testsuites>
