<?xml version="1.0" encoding="UTF-8"?>
<testsuites name="thang1" time="135.081" tests="5" failures="0" errors="0">
   <testsuite name="thang1" tests="5" failures="0" errors="0" time="135.081" skipped="0" timestamp="02-07-2024T23:07:34" hostname="tuanh - huybt2" id="Test Suites/thang/thang1">
      <properties>
         <property name="deviceName" value=""/>
         <property name="devicePlatform" value=""/>
         <property name="logFolder" value="C:\\Users\\tuanh\\git\\kata-oma\\Reports\\20240702_230626\\thang\\thang1\\20240702_230628"/>
         <property name="logFiles" value="C:\\Users\\tuanh\\git\\kata-oma\\Reports\\20240702_230626\\thang\\thang1\\20240702_230628\\execution0.log"/>
         <property name="attachments" value=""/>
         <property name="hostName" value="tuanh - huybt2"/>
         <property name="os" value="Windows 11 64bit"/>
         <property name="katalonVersion" value="9.4.0.212"/>
         <property name="browser" value="Chrome 126.0.0.0"/>
         <property name="hostAddress" value="192.168.1.13"/>
         <property name="sessionId" value="fb06d7f947ba957d53e8c692728522b2"/>
         <property name="seleniumVersion" value="3.141.59"/>
         <property name="proxyInformation" value="ProxyInformation { proxyOption=NO_PROXY, proxyServerType=HTTP, username=, password=********, proxyServerAddress=, proxyServerPort=0, executionList=&quot;&quot;, isApplyToDesiredCapabilities=true }"/>
         <property name="platform" value="Windows 11"/>
      </properties>
      <testcase name="Test Cases/thang/New Test Case (8)" time="39.581" classname="Test Cases/thang/New Test Case (8)" status="PASSED">
         <system-out><![CDATA[02-07-2024T23:07:39 - [TEST_CASE][PASSED] - Test Cases/thang/New Test Case (8): Test Cases/thang/New Test Case (8)

02-07-2024T23:07:43 - [TEST_STEP][PASSED] - openBrowser(""): Browser is opened with url: ''

02-07-2024T23:07:48 - [MESSAGE][INFO] - Starting 'Chrome' driver

02-07-2024T23:07:49 - [MESSAGE][INFO] - Action delay is set to 0 milliseconds

02-07-2024T23:08:04 - [MESSAGE][PASSED] - Browser is opened with url: ''

02-07-2024T23:08:04 - [TEST_STEP][PASSED] - navigateToUrl("https://demowebshop.tricentis.com/fiction"): Navigate to 'https://demowebshop.tricentis.com/fiction' successfully

02-07-2024T23:08:08 - [MESSAGE][PASSED] - Navigate to 'https://demowebshop.tricentis.com/fiction' successfully

02-07-2024T23:08:08 - [TEST_STEP][PASSED] - setText(findTestObject("ac/New Test Object (1)"), "a"): Text 'a' is set on object 'Object Repository/ac/New Test Object (1)'

02-07-2024T23:08:15 - [MESSAGE][PASSED] - Text 'a' is set on object 'Object Repository/ac/New Test Object (1)'

02-07-2024T23:08:15 - [TEST_STEP][PASSED] - closeBrowser(): Browser is closed

02-07-2024T23:08:18 - [MESSAGE][PASSED] - Browser is closed]]></system-out>
         <system-err><![CDATA[]]></system-err>
      </testcase>
      <testcase name="Test Cases/thang/New Test Case (8)" time="25.077" classname="Test Cases/thang/New Test Case (8)" status="PASSED">
         <system-out><![CDATA[02-07-2024T23:08:18 - [TEST_CASE][PASSED] - Test Cases/thang/New Test Case (8): Test Cases/thang/New Test Case (8)

02-07-2024T23:08:19 - [TEST_STEP][PASSED] - openBrowser(""): Browser is opened with url: ''

02-07-2024T23:08:19 - [MESSAGE][INFO] - Starting 'Chrome' driver

02-07-2024T23:08:19 - [MESSAGE][INFO] - Action delay is set to 0 milliseconds

02-07-2024T23:08:20 - [MESSAGE][PASSED] - Browser is opened with url: ''

02-07-2024T23:08:20 - [TEST_STEP][PASSED] - navigateToUrl("https://demowebshop.tricentis.com/fiction"): Navigate to 'https://demowebshop.tricentis.com/fiction' successfully

02-07-2024T23:08:26 - [MESSAGE][PASSED] - Navigate to 'https://demowebshop.tricentis.com/fiction' successfully

02-07-2024T23:08:26 - [TEST_STEP][PASSED] - setText(findTestObject("ac/New Test Object (1)"), "a"): Text 'a' is set on object 'Object Repository/ac/New Test Object (1)'

02-07-2024T23:08:30 - [MESSAGE][PASSED] - Text 'a' is set on object 'Object Repository/ac/New Test Object (1)'

02-07-2024T23:08:30 - [TEST_STEP][PASSED] - closeBrowser(): Browser is closed

02-07-2024T23:08:43 - [MESSAGE][PASSED] - Browser is closed]]></system-out>
         <system-err><![CDATA[]]></system-err>
      </testcase>
      <testcase name="Test Cases/thang/New Test Case (8)" time="13.062" classname="Test Cases/thang/New Test Case (8)" status="PASSED">
         <system-out><![CDATA[02-07-2024T23:08:44 - [TEST_CASE][PASSED] - Test Cases/thang/New Test Case (8): Test Cases/thang/New Test Case (8)

02-07-2024T23:08:44 - [TEST_STEP][PASSED] - openBrowser(""): Browser is opened with url: ''

02-07-2024T23:08:44 - [MESSAGE][INFO] - Starting 'Chrome' driver

02-07-2024T23:08:44 - [MESSAGE][INFO] - Action delay is set to 0 milliseconds

02-07-2024T23:08:47 - [MESSAGE][PASSED] - Browser is opened with url: ''

02-07-2024T23:08:47 - [TEST_STEP][PASSED] - navigateToUrl("https://demowebshop.tricentis.com/fiction"): Navigate to 'https://demowebshop.tricentis.com/fiction' successfully

02-07-2024T23:08:51 - [MESSAGE][PASSED] - Navigate to 'https://demowebshop.tricentis.com/fiction' successfully

02-07-2024T23:08:51 - [TEST_STEP][PASSED] - setText(findTestObject("ac/New Test Object (1)"), "a"): Text 'a' is set on object 'Object Repository/ac/New Test Object (1)'

02-07-2024T23:08:54 - [MESSAGE][PASSED] - Text 'a' is set on object 'Object Repository/ac/New Test Object (1)'

02-07-2024T23:08:54 - [TEST_STEP][PASSED] - closeBrowser(): Browser is closed

02-07-2024T23:08:57 - [MESSAGE][PASSED] - Browser is closed]]></system-out>
         <system-err><![CDATA[]]></system-err>
      </testcase>
      <testcase name="Test Cases/thang/New Test Case (8)" time="26.646" classname="Test Cases/thang/New Test Case (8)" status="PASSED">
         <system-out><![CDATA[02-07-2024T23:08:57 - [TEST_CASE][PASSED] - Test Cases/thang/New Test Case (8): Test Cases/thang/New Test Case (8)

02-07-2024T23:08:57 - [TEST_STEP][PASSED] - openBrowser(""): Browser is opened with url: ''

02-07-2024T23:08:57 - [MESSAGE][INFO] - Starting 'Chrome' driver

02-07-2024T23:08:57 - [MESSAGE][INFO] - Action delay is set to 0 milliseconds

02-07-2024T23:08:59 - [MESSAGE][PASSED] - Browser is opened with url: ''

02-07-2024T23:08:59 - [TEST_STEP][PASSED] - navigateToUrl("https://demowebshop.tricentis.com/fiction"): Navigate to 'https://demowebshop.tricentis.com/fiction' successfully

02-07-2024T23:09:05 - [MESSAGE][PASSED] - Navigate to 'https://demowebshop.tricentis.com/fiction' successfully

02-07-2024T23:09:05 - [TEST_STEP][PASSED] - setText(findTestObject("ac/New Test Object (1)"), "a"): Text 'a' is set on object 'Object Repository/ac/New Test Object (1)'

02-07-2024T23:09:08 - [MESSAGE][PASSED] - Text 'a' is set on object 'Object Repository/ac/New Test Object (1)'

02-07-2024T23:09:08 - [TEST_STEP][PASSED] - closeBrowser(): Browser is closed

02-07-2024T23:09:23 - [MESSAGE][PASSED] - Browser is closed]]></system-out>
         <system-err><![CDATA[]]></system-err>
      </testcase>
      <testcase name="Test Cases/thang/New Test Case (8)" time="25.75" classname="Test Cases/thang/New Test Case (8)" status="PASSED">
         <system-out><![CDATA[02-07-2024T23:09:23 - [TEST_CASE][PASSED] - Test Cases/thang/New Test Case (8): Test Cases/thang/New Test Case (8)

02-07-2024T23:09:23 - [TEST_STEP][PASSED] - openBrowser(""): Browser is opened with url: ''

02-07-2024T23:09:23 - [MESSAGE][INFO] - Starting 'Chrome' driver

02-07-2024T23:09:23 - [MESSAGE][INFO] - Action delay is set to 0 milliseconds

02-07-2024T23:09:25 - [MESSAGE][PASSED] - Browser is opened with url: ''

02-07-2024T23:09:25 - [TEST_STEP][PASSED] - navigateToUrl("https://demowebshop.tricentis.com/fiction"): Navigate to 'https://demowebshop.tricentis.com/fiction' successfully

02-07-2024T23:09:32 - [MESSAGE][PASSED] - Navigate to 'https://demowebshop.tricentis.com/fiction' successfully

02-07-2024T23:09:32 - [TEST_STEP][PASSED] - setText(findTestObject("ac/New Test Object (1)"), "a"): Text 'a' is set on object 'Object Repository/ac/New Test Object (1)'

02-07-2024T23:09:33 - [MESSAGE][PASSED] - Text 'a' is set on object 'Object Repository/ac/New Test Object (1)'

02-07-2024T23:09:33 - [TEST_STEP][PASSED] - closeBrowser(): Browser is closed

02-07-2024T23:09:49 - [MESSAGE][PASSED] - Browser is closed]]></system-out>
         <system-err><![CDATA[]]></system-err>
      </testcase>
      <system-out><![CDATA[02-07-2024T23:07:34 - [TEST_SUITE][PASSED] - thang1: Test Cases/thang/New Test Case (8)]]></system-out>
      <system-err><![CDATA[]]></system-err>
   </testsuite>
</testsuites>
