<?xml version="1.0" encoding="UTF-8"?>
<testsuites name="thang1" time="173.855" tests="5" failures="0" errors="0">
   <testsuite name="thang1" tests="5" failures="0" errors="0" time="173.855" skipped="0" timestamp="03-07-2024T00:31:46" hostname="tuanh - huybt2" id="Test Suites/thang/thang1">
      <properties>
         <property name="deviceName" value=""/>
         <property name="devicePlatform" value=""/>
         <property name="logFolder" value="C:\\Users\\tuanh\\git\\kata-oma\\Reports\\20240703_003003\\thang\\thang1\\20240703_003003"/>
         <property name="logFiles" value="C:\\Users\\tuanh\\git\\kata-oma\\Reports\\20240703_003003\\thang\\thang1\\20240703_003003\\execution0.log"/>
         <property name="attachments" value=""/>
         <property name="hostName" value="tuanh - huybt2"/>
         <property name="os" value="Windows 11 64bit"/>
         <property name="katalonVersion" value="9.4.0.212"/>
         <property name="browser" value="Chrome 126.0.0.0"/>
         <property name="hostAddress" value="192.168.1.13"/>
         <property name="sessionId" value="daad653ef71b3be6fc3b1928508d5559"/>
         <property name="seleniumVersion" value="3.141.59"/>
         <property name="proxyInformation" value="ProxyInformation { proxyOption=NO_PROXY, proxyServerType=HTTP, username=, password=********, proxyServerAddress=, proxyServerPort=0, executionList=&quot;&quot;, isApplyToDesiredCapabilities=true }"/>
         <property name="platform" value="Windows 11"/>
      </properties>
      <testcase name="Test Cases/thang/New Test Case (8)" time="45.253" classname="Test Cases/thang/New Test Case (8)" status="PASSED">
         <system-out><![CDATA[03-07-2024T00:31:52 - [TEST_CASE][PASSED] - Test Cases/thang/New Test Case (8): Test Cases/thang/New Test Case (8)

03-07-2024T00:31:55 - [TEST_STEP][PASSED] - openBrowser(""): Browser is opened with url: ''

03-07-2024T00:31:56 - [MESSAGE][INFO] - Starting 'Chrome' driver

03-07-2024T00:31:58 - [MESSAGE][INFO] - Action delay is set to 0 milliseconds

03-07-2024T00:32:15 - [MESSAGE][PASSED] - Browser is opened with url: ''

03-07-2024T00:32:15 - [TEST_STEP][PASSED] - navigateToUrl("https://demowebshop.tricentis.com/fiction"): Navigate to 'https://demowebshop.tricentis.com/fiction' successfully

03-07-2024T00:32:21 - [MESSAGE][PASSED] - Navigate to 'https://demowebshop.tricentis.com/fiction' successfully

03-07-2024T00:32:21 - [TEST_STEP][PASSED] - setText(findTestObject("ac/New Test Object (1)"), "a"): Text 'a' is set on object 'Object Repository/ac/New Test Object (1)'

03-07-2024T00:32:23 - [MESSAGE][PASSED] - Text 'a' is set on object 'Object Repository/ac/New Test Object (1)'

03-07-2024T00:32:23 - [TEST_STEP][PASSED] - closeBrowser(): Browser is closed

03-07-2024T00:32:38 - [MESSAGE][PASSED] - Browser is closed]]></system-out>
         <system-err><![CDATA[]]></system-err>
      </testcase>
      <testcase name="Test Cases/thang/New Test Case (8)" time="57.802" classname="Test Cases/thang/New Test Case (8)" status="PASSED">
         <system-out><![CDATA[03-07-2024T00:32:38 - [TEST_CASE][PASSED] - Test Cases/thang/New Test Case (8): Test Cases/thang/New Test Case (8)

03-07-2024T00:32:38 - [TEST_STEP][PASSED] - openBrowser(""): Browser is opened with url: ''

03-07-2024T00:32:38 - [MESSAGE][INFO] - Starting 'Chrome' driver

03-07-2024T00:32:38 - [MESSAGE][INFO] - Action delay is set to 0 milliseconds

03-07-2024T00:32:42 - [MESSAGE][PASSED] - Browser is opened with url: ''

03-07-2024T00:32:42 - [TEST_STEP][PASSED] - navigateToUrl("https://demowebshop.tricentis.com/fiction"): Navigate to 'https://demowebshop.tricentis.com/fiction' successfully

03-07-2024T00:32:48 - [MESSAGE][PASSED] - Navigate to 'https://demowebshop.tricentis.com/fiction' successfully

03-07-2024T00:32:48 - [TEST_STEP][PASSED] - setText(findTestObject("ac/New Test Object (1)"), "a"): Text 'a' is set on object 'Object Repository/ac/New Test Object (1)'

03-07-2024T00:32:49 - [MESSAGE][PASSED] - Text 'a' is set on object 'Object Repository/ac/New Test Object (1)'

03-07-2024T00:32:49 - [TEST_STEP][PASSED] - closeBrowser(): Browser is closed

03-07-2024T00:33:35 - [MESSAGE][PASSED] - Browser is closed]]></system-out>
         <system-err><![CDATA[]]></system-err>
      </testcase>
      <testcase name="Test Cases/thang/New Test Case (8)" time="40.091" classname="Test Cases/thang/New Test Case (8)" status="PASSED">
         <system-out><![CDATA[03-07-2024T00:33:35 - [TEST_CASE][PASSED] - Test Cases/thang/New Test Case (8): Test Cases/thang/New Test Case (8)

03-07-2024T00:33:36 - [TEST_STEP][PASSED] - openBrowser(""): Browser is opened with url: ''

03-07-2024T00:33:36 - [MESSAGE][INFO] - Starting 'Chrome' driver

03-07-2024T00:33:36 - [MESSAGE][INFO] - Action delay is set to 0 milliseconds

03-07-2024T00:33:39 - [MESSAGE][PASSED] - Browser is opened with url: ''

03-07-2024T00:33:39 - [TEST_STEP][PASSED] - navigateToUrl("https://demowebshop.tricentis.com/fiction"): Navigate to 'https://demowebshop.tricentis.com/fiction' successfully

03-07-2024T00:33:48 - [MESSAGE][PASSED] - Navigate to 'https://demowebshop.tricentis.com/fiction' successfully

03-07-2024T00:33:48 - [TEST_STEP][PASSED] - setText(findTestObject("ac/New Test Object (1)"), "a"): Text 'a' is set on object 'Object Repository/ac/New Test Object (1)'

03-07-2024T00:33:49 - [MESSAGE][PASSED] - Text 'a' is set on object 'Object Repository/ac/New Test Object (1)'

03-07-2024T00:33:49 - [TEST_STEP][PASSED] - closeBrowser(): Browser is closed

03-07-2024T00:34:16 - [MESSAGE][PASSED] - Browser is closed]]></system-out>
         <system-err><![CDATA[]]></system-err>
      </testcase>
      <testcase name="Test Cases/thang/New Test Case (8)" time="14.756" classname="Test Cases/thang/New Test Case (8)" status="PASSED">
         <system-out><![CDATA[03-07-2024T00:34:16 - [TEST_CASE][PASSED] - Test Cases/thang/New Test Case (8): Test Cases/thang/New Test Case (8)

03-07-2024T00:34:16 - [TEST_STEP][PASSED] - openBrowser(""): Browser is opened with url: ''

03-07-2024T00:34:16 - [MESSAGE][INFO] - Starting 'Chrome' driver

03-07-2024T00:34:16 - [MESSAGE][INFO] - Action delay is set to 0 milliseconds

03-07-2024T00:34:19 - [MESSAGE][PASSED] - Browser is opened with url: ''

03-07-2024T00:34:19 - [TEST_STEP][PASSED] - navigateToUrl("https://demowebshop.tricentis.com/fiction"): Navigate to 'https://demowebshop.tricentis.com/fiction' successfully

03-07-2024T00:34:25 - [MESSAGE][PASSED] - Navigate to 'https://demowebshop.tricentis.com/fiction' successfully

03-07-2024T00:34:25 - [TEST_STEP][PASSED] - setText(findTestObject("ac/New Test Object (1)"), "a"): Text 'a' is set on object 'Object Repository/ac/New Test Object (1)'

03-07-2024T00:34:26 - [MESSAGE][PASSED] - Text 'a' is set on object 'Object Repository/ac/New Test Object (1)'

03-07-2024T00:34:26 - [TEST_STEP][PASSED] - closeBrowser(): Browser is closed

03-07-2024T00:34:30 - [MESSAGE][PASSED] - Browser is closed]]></system-out>
         <system-err><![CDATA[]]></system-err>
      </testcase>
      <testcase name="Test Cases/thang/New Test Case (8)" time="9.698" classname="Test Cases/thang/New Test Case (8)" status="PASSED">
         <system-out><![CDATA[03-07-2024T00:34:30 - [TEST_CASE][PASSED] - Test Cases/thang/New Test Case (8): Test Cases/thang/New Test Case (8)

03-07-2024T00:34:30 - [TEST_STEP][PASSED] - openBrowser(""): Browser is opened with url: ''

03-07-2024T00:34:30 - [MESSAGE][INFO] - Starting 'Chrome' driver

03-07-2024T00:34:30 - [MESSAGE][INFO] - Action delay is set to 0 milliseconds

03-07-2024T00:34:32 - [MESSAGE][PASSED] - Browser is opened with url: ''

03-07-2024T00:34:32 - [TEST_STEP][PASSED] - navigateToUrl("https://demowebshop.tricentis.com/fiction"): Navigate to 'https://demowebshop.tricentis.com/fiction' successfully

03-07-2024T00:34:36 - [MESSAGE][PASSED] - Navigate to 'https://demowebshop.tricentis.com/fiction' successfully

03-07-2024T00:34:36 - [TEST_STEP][PASSED] - setText(findTestObject("ac/New Test Object (1)"), "a"): Text 'a' is set on object 'Object Repository/ac/New Test Object (1)'

03-07-2024T00:34:38 - [MESSAGE][PASSED] - Text 'a' is set on object 'Object Repository/ac/New Test Object (1)'

03-07-2024T00:34:38 - [TEST_STEP][PASSED] - closeBrowser(): Browser is closed

03-07-2024T00:34:40 - [MESSAGE][PASSED] - Browser is closed]]></system-out>
         <system-err><![CDATA[]]></system-err>
      </testcase>
      <system-out><![CDATA[03-07-2024T00:31:46 - [TEST_SUITE][PASSED] - thang1: Test Cases/thang/New Test Case (8)]]></system-out>
      <system-err><![CDATA[]]></system-err>
   </testsuite>
</testsuites>
