<?xml version="1.0" encoding="UTF-8"?>
<testsuites name="New Dynamic Test Suite" time="1590.15" tests="239" failures="2" errors="0">
   <testsuite name="New Dynamic Test Suite" tests="239" failures="2" errors="0" time="1590.15" skipped="0" timestamp="03-07-2024T22:04:10" hostname="tuanh - huybt2" id="Test Suites/thang/New Dynamic Test Suite">
      <properties>
         <property name="deviceName"/>
         <property name="devicePlatform" value=""/>
         <property name="logFolder" value="C:\\Users\\tuanh\\git\\kata-oma\\Reports\\20240703_220347\\thang\\New Dynamic Test Suite\\20240703_220347"/>
         <property name="logFiles" value="C:\\Users\\tuanh\\git\\kata-oma\\Reports\\20240703_220347\\thang\\New Dynamic Test Suite\\20240703_220347\\execution0.log"/>
         <property name="attachments" value="keyes\keyes-current_viewport 1.png, keyes\keyes-current_viewport 2.png, keyes\keyes-current_viewport 3.png, keyes\keyes-current_viewport 4.png, keyes\keyes-current_viewport 5.png, keyes\keyes-current_viewport 6.png, keyes\keyes-current_viewport 7.png, keyes\keyes-current_viewport 8.png, keyes\keyes-current_viewport9.png, keyes\keyes-current_viewport 10.png, keyes\keyes-current_viewport11.png, keyes\keyes-current_viewport12.png, keyes\keyes-current_viewport13.png, keyes\keyes-current_viewport14.png, keyes\keyes-current_viewport15.png, keyes\keyes-current_viewport16.png, keyes\keyes-current_viewport17.png, keyes\keyes-current_viewport16.png"/>
         <property name="hostName" value="tuanh - huybt2"/>
         <property name="desiredCapabilities" value="{}"/>
         <property name="os" value="Windows 11 64bit"/>
         <property name="katalonVersion" value="9.4.0.212"/>
         <property name="browser" value="Chrome 126.0.0.0"/>
         <property name="hostAddress" value="192.168.1.13"/>
         <property name="sessionId" value="b8b727e6b26cf14545f649ba725c46e9"/>
         <property name="seleniumVersion" value="3.141.59"/>
         <property name="proxyInformation" value="ProxyInformation { proxyOption=NO_PROXY, proxyServerType=HTTP, username=, password=********, proxyServerAddress=, proxyServerPort=0, executionList=&quot;&quot;, isApplyToDesiredCapabilities=true }"/>
         <property name="platform" value="Windows 11"/>
      </properties>
      <testcase name="Test Cases/New Test Case (1)" time="9.258" classname="Test Cases/New Test Case (1)" status="PASSED">
         <system-out><![CDATA[03-07-2024T22:04:10 - [TEST_CASE][PASSED] - Test Cases/New Test Case (1): Test Cases/New Test Case (1)

03-07-2024T22:04:11 - [TEST_STEP][PASSED] - openBrowser(""): Browser is opened with url: ''

03-07-2024T22:04:13 - [MESSAGE][INFO] - Starting 'Chrome' driver

03-07-2024T22:04:13 - [MESSAGE][INFO] - Action delay is set to 0 milliseconds

03-07-2024T22:04:18 - [MESSAGE][PASSED] - Browser is opened with url: ''

03-07-2024T22:04:18 - [TEST_STEP][PASSED] - closeBrowser(): Browser is closed

03-07-2024T22:04:20 - [MESSAGE][PASSED] - Browser is closed]]></system-out>
         <system-err><![CDATA[]]></system-err>
      </testcase>
      <testcase name="Test Cases/New Test Case (2)" time="6.217" classname="Test Cases/New Test Case (2)" status="PASSED">
         <system-out><![CDATA[03-07-2024T22:04:20 - [TEST_CASE][PASSED] - Test Cases/New Test Case (2): Test Cases/New Test Case (2)

03-07-2024T22:04:20 - [TEST_STEP][PASSED] - sendRequest(findTestObject("ac/New Request")): Send request successfully

03-07-2024T22:04:25 - [MESSAGE][INFO] - HAR: C:\Users\tuanh\git\kata-oma\Reports\20240703_220347\thang\New Dynamic Test Suite\20240703_220347\requests\main\0.har

03-07-2024T22:04:26 - [MESSAGE][PASSED] - Send request successfully]]></system-out>
         <system-err><![CDATA[]]></system-err>
      </testcase>
      <testcase name="Test Cases/New Test Case" time="1.407" classname="Test Cases/New Test Case" status="FAILED">
         <failure type="FAILED" message="Test Cases/New Test Case FAILED.&#xa;Reason:&#xa;com.kms.katalon.core.exception.StepFailedException: Connection refused: no further information&#xa;Build info: version: '3.141.59', revision: 'e82be7d358', time: '2018-11-14T08:25:53'&#xa;System info: host: 'HUYBT2', ip: '192.168.1.13', os.name: 'Windows 11', os.arch: 'amd64', os.version: '10.0', java.version: '17.0.7'&#xa;Driver info: driver.version: WindowsDriver (Root cause: org.openqa.selenium.WebDriverException: Connection refused: no further information&#xa;Build info: version: '3.141.59', revision: 'e82be7d358', time: '2018-11-14T08:25:53'&#xa;System info: host: 'HUYBT2', ip: '192.168.1.13', os.name: 'Windows 11', os.arch: 'amd64', os.version: '10.0', java.version: '17.0.7'&#xa;Driver info: driver.version: WindowsDriver&#xa;	at io.appium.java_client.remote.AppiumCommandExecutor.lambda$5(AppiumCommandExecutor.java:251)&#xa;	at io.appium.java_client.remote.AppiumCommandExecutor.execute(AppiumCommandExecutor.java:250)&#xa;	at org.openqa.selenium.remote.RemoteWebDriver.execute(RemoteWebDriver.java:552)&#xa;	at io.appium.java_client.DefaultGenericMobileDriver.execute(DefaultGenericMobileDriver.java:42)&#xa;	at io.appium.java_client.AppiumDriver.execute(AppiumDriver.java:1)&#xa;	at io.appium.java_client.windows.WindowsDriver.execute(WindowsDriver.java:1)&#xa;	at org.openqa.selenium.remote.RemoteWebDriver.startSession(RemoteWebDriver.java:213)&#xa;	at org.openqa.selenium.remote.RemoteWebDriver.&lt;init>(RemoteWebDriver.java:131)&#xa;	at io.appium.java_client.DefaultGenericMobileDriver.&lt;init>(DefaultGenericMobileDriver.java:38)&#xa;	at io.appium.java_client.AppiumDriver.&lt;init>(AppiumDriver.java:84)&#xa;	at io.appium.java_client.windows.WindowsDriver.&lt;init>(WindowsDriver.java:38)&#xa;	at com.kms.katalon.core.windows.driver.WindowsDriverFactory.newWindowsDriver(WindowsDriverFactory.java:194)&#xa;	at com.kms.katalon.core.windows.driver.WindowsDriverFactory.startApplication(WindowsDriverFactory.java:112)&#xa;	at com.kms.katalon.core.windows.driver.WindowsDriverFactory.startApplication(WindowsDriverFactory.java:96)&#xa;	at com.kms.katalon.core.windows.driver.WindowsDriverFactory$startApplication.call(Unknown Source)&#xa;	at com.kms.katalon.core.windows.keyword.builtin.StartApplicationWithTitleKeyword$_startApplicationWithTitle_closure1.doCall(StartApplicationWithTitleKeyword.groovy:33)&#xa;	at com.kms.katalon.core.windows.keyword.builtin.StartApplicationWithTitleKeyword$_startApplicationWithTitle_closure1.doCall(StartApplicationWithTitleKeyword.groovy)&#xa;	at java.base/jdk.internal.reflect.NativeMethodAccessorImpl.invoke0(Native Method)&#xa;	at java.base/jdk.internal.reflect.NativeMethodAccessorImpl.invoke(NativeMethodAccessorImpl.java:77)&#xa;	at java.base/jdk.internal.reflect.DelegatingMethodAccessorImpl.invoke(DelegatingMethodAccessorImpl.java:43)&#xa;	at com.kms.katalon.core.keyword.internal.KeywordMain.runKeyword(KeywordMain.groovy:90)&#xa;	at com.kms.katalon.core.keyword.internal.KeywordMain$runKeyword.call(Unknown Source)&#xa;	at com.kms.katalon.core.windows.keyword.builtin.StartApplicationWithTitleKeyword.startApplicationWithTitle(StartApplicationWithTitleKeyword.groovy:32)&#xa;	at com.kms.katalon.core.windows.keyword.builtin.StartApplicationWithTitleKeyword.execute(StartApplicationWithTitleKeyword.groovy:28)&#xa;	at com.kms.katalon.core.keyword.internal.KeywordExecutor.executeKeywordForPlatform(KeywordExecutor.groovy:74)&#xa;	at com.kms.katalon.core.windows.keyword.WindowsBuiltinKeywords.startApplicationWithTitle(WindowsBuiltinKeywords.java:1064)&#xa;	at New Test Case.run(New Test Case:20)&#xa;	at com.kms.katalon.core.main.ScriptEngine.run(ScriptEngine.java:194)&#xa;	at com.kms.katalon.core.main.ScriptEngine.runScriptAsRawText(ScriptEngine.java:119)&#xa;	at com.kms.katalon.core.main.TestCaseExecutor.runScript(TestCaseExecutor.java:448)&#xa;	at com.kms.katalon.core.main.TestCaseExecutor.doExecute(TestCaseExecutor.java:439)&#xa;	at com.kms.katalon.core.main.TestCaseExecutor.processExecutionPhase(TestCaseExecutor.java:418)&#xa;	at com.kms.katalon.core.main.TestCaseExecutor.accessMainPhase(TestCaseExecutor.java:410)&#xa;	at com.kms.katalon.core.main.TestCaseExecutor.execute(TestCaseExecutor.java:285)&#xa;	at com.kms.katalon.core.common.CommonExecutor.accessTestCaseMainPhase(CommonExecutor.java:65)&#xa;	at com.kms.katalon.core.main.TestSuiteExecutor.accessTestSuiteMainPhase(TestSuiteExecutor.java:150)&#xa;	at com.kms.katalon.core.main.TestSuiteExecutor.execute(TestSuiteExecutor.java:106)&#xa;	at com.kms.katalon.core.main.TestCaseMain.startTestSuite(TestCaseMain.java:180)&#xa;	at TempTestSuite1720019027809.run(TempTestSuite1720019027809.groovy:35)&#xa;	at java.base/jdk.internal.reflect.NativeMethodAccessorImpl.invoke0(Native Method)&#xa;	at java.base/jdk.internal.reflect.NativeMethodAccessorImpl.invoke(NativeMethodAccessorImpl.java:77)&#xa;	at java.base/jdk.internal.reflect.DelegatingMethodAccessorImpl.invoke(DelegatingMethodAccessorImpl.java:43)&#xa;Caused by: java.net.ConnectException: Connection refused: no further information&#xa;	at okhttp3.internal.platform.Platform.connectSocket(Platform.java:129)&#xa;	at okhttp3.internal.connection.RealConnection.connectSocket(RealConnection.java:245)&#xa;	at okhttp3.internal.connection.RealConnection.connect(RealConnection.java:165)&#xa;	at okhttp3.internal.connection.StreamAllocation.findConnection(StreamAllocation.java:257)&#xa;	at okhttp3.internal.connection.StreamAllocation.findHealthyConnection(StreamAllocation.java:135)&#xa;	at okhttp3.internal.connection.StreamAllocation.newStream(StreamAllocation.java:114)&#xa;	at okhttp3.internal.connection.ConnectInterceptor.intercept(ConnectInterceptor.java:42)&#xa;	at okhttp3.internal.http.RealInterceptorChain.proceed(RealInterceptorChain.java:147)&#xa;	at okhttp3.internal.http.RealInterceptorChain.proceed(RealInterceptorChain.java:121)&#xa;	at okhttp3.internal.cache.CacheInterceptor.intercept(CacheInterceptor.java:93)&#xa;	at okhttp3.internal.http.RealInterceptorChain.proceed(RealInterceptorChain.java:147)&#xa;	at okhttp3.internal.http.RealInterceptorChain.proceed(RealInterceptorChain.java:121)&#xa;	at okhttp3.internal.http.BridgeInterceptor.intercept(BridgeInterceptor.java:93)&#xa;	at okhttp3.internal.http.RealInterceptorChain.proceed(RealInterceptorChain.java:147)&#xa;	at okhttp3.internal.http.RetryAndFollowUpInterceptor.intercept(RetryAndFollowUpInterceptor.java:126)&#xa;	at okhttp3.internal.http.RealInterceptorChain.proceed(RealInterceptorChain.java:147)&#xa;	at okhttp3.internal.http.RealInterceptorChain.proceed(RealInterceptorChain.java:121)&#xa;	at okhttp3.RealCall.getResponseWithInterceptorChain(RealCall.java:200)&#xa;	at okhttp3.RealCall.execute(RealCall.java:77)&#xa;	at org.openqa.selenium.remote.internal.OkHttpClient.execute(OkHttpClient.java:103)&#xa;	at org.openqa.selenium.remote.ProtocolHandshake.createSession(ProtocolHandshake.java:105)&#xa;	at java.base/jdk.internal.reflect.NativeMethodAccessorImpl.invoke0(Native Method)&#xa;	at java.base/jdk.internal.reflect.NativeMethodAccessorImpl.invoke(NativeMethodAccessorImpl.java:77)&#xa;	at java.base/jdk.internal.reflect.DelegatingMethodAccessorImpl.invoke(DelegatingMethodAccessorImpl.java:43)&#xa;	at io.appium.java_client.remote.AppiumCommandExecutor$1.createSession(AppiumCommandExecutor.java:186)&#xa;	at io.appium.java_client.remote.AppiumCommandExecutor.createSession(AppiumCommandExecutor.java:217)&#xa;	at io.appium.java_client.remote.AppiumCommandExecutor.execute(AppiumCommandExecutor.java:239)&#xa;	at org.openqa.selenium.remote.RemoteWebDriver.execute(RemoteWebDriver.java:552)&#xa;	at io.appium.java_client.DefaultGenericMobileDriver.execute(DefaultGenericMobileDriver.java:42)&#xa;	at io.appium.java_client.AppiumDriver.execute(AppiumDriver.java:1)&#xa;	at io.appium.java_client.windows.WindowsDriver.execute(WindowsDriver.java:1)&#xa;	at org.openqa.selenium.remote.RemoteWebDriver.startSession(RemoteWebDriver.java:213)&#xa;	at org.openqa.selenium.remote.RemoteWebDriver.&lt;init>(RemoteWebDriver.java:131)&#xa;	at io.appium.java_client.DefaultGenericMobileDriver.&lt;init>(DefaultGenericMobileDriver.java:38)&#xa;	at io.appium.java_client.AppiumDriver.&lt;init>(AppiumDriver.java:84)&#xa;	at io.appium.java_client.windows.WindowsDriver.&lt;init>(WindowsDriver.java:38)&#xa;	at com.kms.katalon.core.windows.driver.WindowsDriverFactory.newWindowsDriver(WindowsDriverFactory.java:194)&#xa;	at com.kms.katalon.core.windows.driver.WindowsDriverFactory.startApplication(WindowsDriverFactory.java:112)&#xa;	at com.kms.katalon.core.windows.driver.WindowsDriverFactory.startApplication(WindowsDriverFactory.java:96)&#xa;	at com.kms.katalon.core.windows.driver.WindowsDriverFactory$startApplication.call(Unknown Source)&#xa;	at com.kms.katalon.core.windows.keyword.builtin.StartApplicationWithTitleKeyword$_startApplicationWithTitle_closure1.doCall(StartApplicationWithTitleKeyword.groovy:33)&#xa;	at com.kms.katalon.core.windows.keyword.builtin.StartApplicationWithTitleKeyword$_startApplicationWithTitle_closure1.doCall(StartApplicationWithTitleKeyword.groovy)&#xa;	at java.base/jdk.internal.reflect.NativeMethodAccessorImpl.invoke0(Native Method)&#xa;	at java.base/jdk.internal.reflect.NativeMethodAccessorImpl.invoke(NativeMethodAccessorImpl.java:77)&#xa;	at java.base/jdk.internal.reflect.DelegatingMethodAccessorImpl.invoke(DelegatingMethodAccessorImpl.java:43)&#xa;	at com.kms.katalon.core.keyword.internal.KeywordMain.runKeyword(KeywordMain.groovy:90)&#xa;	at com.kms.katalon.core.keyword.internal.KeywordMain$runKeyword.call(Unknown Source)&#xa;	at com.kms.katalon.core.windows.keyword.builtin.StartApplicationWithTitleKeyword.startApplicationWithTitle(StartApplicationWithTitleKeyword.groovy:32)&#xa;	at com.kms.katalon.core.windows.keyword.builtin.StartApplicationWithTitleKeyword.execute(StartApplicationWithTitleKeyword.groovy:28)&#xa;	at com.kms.katalon.core.keyword.internal.KeywordExecutor.executeKeywordForPlatform(KeywordExecutor.groovy:74)&#xa;	at com.kms.katalon.core.windows.keyword.WindowsBuiltinKeywords.startApplicationWithTitle(WindowsBuiltinKeywords.java:1064)&#xa;	at Script1716305407857.run(Script1716305407857.groovy:20)&#xa;	... 15 more&#xa;)&#xa;	at com.kms.katalon.core.keyword.internal.KeywordMain.stepFailed(KeywordMain.groovy:51)&#xa;	at com.kms.katalon.core.keyword.internal.KeywordMain.stepFailed(KeywordMain.groovy)&#xa;	at com.kms.katalon.core.keyword.internal.KeywordMain.runKeyword(KeywordMain.groovy:92)&#xa;	at com.kms.katalon.core.keyword.internal.KeywordMain$runKeyword.call(Unknown Source)&#xa;	at com.kms.katalon.core.windows.keyword.builtin.StartApplicationWithTitleKeyword.startApplicationWithTitle(StartApplicationWithTitleKeyword.groovy:32)&#xa;	at com.kms.katalon.core.windows.keyword.builtin.StartApplicationWithTitleKeyword.execute(StartApplicationWithTitleKeyword.groovy:28)&#xa;	at com.kms.katalon.core.keyword.internal.KeywordExecutor.executeKeywordForPlatform(KeywordExecutor.groovy:74)&#xa;	at com.kms.katalon.core.windows.keyword.WindowsBuiltinKeywords.startApplicationWithTitle(WindowsBuiltinKeywords.java:1064)&#xa;	at New Test Case.run(New Test Case:20)&#xa;	at com.kms.katalon.core.main.ScriptEngine.run(ScriptEngine.java:194)&#xa;	at com.kms.katalon.core.main.ScriptEngine.runScriptAsRawText(ScriptEngine.java:119)&#xa;	at com.kms.katalon.core.main.TestCaseExecutor.runScript(TestCaseExecutor.java:448)&#xa;	at com.kms.katalon.core.main.TestCaseExecutor.doExecute(TestCaseExecutor.java:439)&#xa;	at com.kms.katalon.core.main.TestCaseExecutor.processExecutionPhase(TestCaseExecutor.java:418)&#xa;	at com.kms.katalon.core.main.TestCaseExecutor.accessMainPhase(TestCaseExecutor.java:410)&#xa;	at com.kms.katalon.core.main.TestCaseExecutor.execute(TestCaseExecutor.java:285)&#xa;	at com.kms.katalon.core.common.CommonExecutor.accessTestCaseMainPhase(CommonExecutor.java:65)&#xa;	at com.kms.katalon.core.main.TestSuiteExecutor.accessTestSuiteMainPhase(TestSuiteExecutor.java:150)&#xa;	at com.kms.katalon.core.main.TestSuiteExecutor.execute(TestSuiteExecutor.java:106)&#xa;	at com.kms.katalon.core.main.TestCaseMain.startTestSuite(TestCaseMain.java:180)&#xa;	at TempTestSuite1720019027809.run(TempTestSuite1720019027809.groovy:35)&#xa;	at java.base/jdk.internal.reflect.NativeMethodAccessorImpl.invoke0(Native Method)&#xa;	at java.base/jdk.internal.reflect.NativeMethodAccessorImpl.invoke(NativeMethodAccessorImpl.java:77)&#xa;	at java.base/jdk.internal.reflect.DelegatingMethodAccessorImpl.invoke(DelegatingMethodAccessorImpl.java:43)&#xa;Caused by: org.openqa.selenium.WebDriverException: Connection refused: no further information&#xa;Build info: version: '3.141.59', revision: 'e82be7d358', time: '2018-11-14T08:25:53'&#xa;System info: host: 'HUYBT2', ip: '192.168.1.13', os.name: 'Windows 11', os.arch: 'amd64', os.version: '10.0', java.version: '17.0.7'&#xa;Driver info: driver.version: WindowsDriver&#xa;	at io.appium.java_client.remote.AppiumCommandExecutor.lambda$5(AppiumCommandExecutor.java:251)&#xa;	at io.appium.java_client.remote.AppiumCommandExecutor.execute(AppiumCommandExecutor.java:250)&#xa;	at org.openqa.selenium.remote.RemoteWebDriver.execute(RemoteWebDriver.java:552)&#xa;	at io.appium.java_client.DefaultGenericMobileDriver.execute(DefaultGenericMobileDriver.java:42)&#xa;	at io.appium.java_client.AppiumDriver.execute(AppiumDriver.java:1)&#xa;	at io.appium.java_client.windows.WindowsDriver.execute(WindowsDriver.java:1)&#xa;	at org.openqa.selenium.remote.RemoteWebDriver.startSession(RemoteWebDriver.java:213)&#xa;	at org.openqa.selenium.remote.RemoteWebDriver.&lt;init>(RemoteWebDriver.java:131)&#xa;	at io.appium.java_client.DefaultGenericMobileDriver.&lt;init>(DefaultGenericMobileDriver.java:38)&#xa;	at io.appium.java_client.AppiumDriver.&lt;init>(AppiumDriver.java:84)&#xa;	at io.appium.java_client.windows.WindowsDriver.&lt;init>(WindowsDriver.java:38)&#xa;	at com.kms.katalon.core.windows.driver.WindowsDriverFactory.newWindowsDriver(WindowsDriverFactory.java:194)&#xa;	at com.kms.katalon.core.windows.driver.WindowsDriverFactory.startApplication(WindowsDriverFactory.java:112)&#xa;	at com.kms.katalon.core.windows.driver.WindowsDriverFactory.startApplication(WindowsDriverFactory.java:96)&#xa;	at com.kms.katalon.core.windows.driver.WindowsDriverFactory$startApplication.call(Unknown Source)&#xa;	at com.kms.katalon.core.windows.keyword.builtin.StartApplicationWithTitleKeyword$_startApplicationWithTitle_closure1.doCall(StartApplicationWithTitleKeyword.groovy:33)&#xa;	at com.kms.katalon.core.windows.keyword.builtin.StartApplicationWithTitleKeyword$_startApplicationWithTitle_closure1.doCall(StartApplicationWithTitleKeyword.groovy)&#xa;	at java.base/jdk.internal.reflect.NativeMethodAccessorImpl.invoke0(Native Method)&#xa;	at java.base/jdk.internal.reflect.NativeMethodAccessorImpl.invoke(NativeMethodAccessorImpl.java:77)&#xa;	at java.base/jdk.internal.reflect.DelegatingMethodAccessorImpl.invoke(DelegatingMethodAccessorImpl.java:43)&#xa;	at com.kms.katalon.core.keyword.internal.KeywordMain.runKeyword(KeywordMain.groovy:90)&#xa;	... 21 more&#xa;Caused by: java.net.ConnectException: Connection refused: no further information&#xa;	at okhttp3.internal.platform.Platform.connectSocket(Platform.java:129)&#xa;	at okhttp3.internal.connection.RealConnection.connectSocket(RealConnection.java:245)&#xa;	at okhttp3.internal.connection.RealConnection.connect(RealConnection.java:165)&#xa;	at okhttp3.internal.connection.StreamAllocation.findConnection(StreamAllocation.java:257)&#xa;	at okhttp3.internal.connection.StreamAllocation.findHealthyConnection(StreamAllocation.java:135)&#xa;	at okhttp3.internal.connection.StreamAllocation.newStream(StreamAllocation.java:114)&#xa;	at okhttp3.internal.connection.ConnectInterceptor.intercept(ConnectInterceptor.java:42)&#xa;	at okhttp3.internal.http.RealInterceptorChain.proceed(RealInterceptorChain.java:147)&#xa;	at okhttp3.internal.http.RealInterceptorChain.proceed(RealInterceptorChain.java:121)&#xa;	at okhttp3.internal.cache.CacheInterceptor.intercept(CacheInterceptor.java:93)&#xa;	at okhttp3.internal.http.RealInterceptorChain.proceed(RealInterceptorChain.java:147)&#xa;	at okhttp3.internal.http.RealInterceptorChain.proceed(RealInterceptorChain.java:121)&#xa;	at okhttp3.internal.http.BridgeInterceptor.intercept(BridgeInterceptor.java:93)&#xa;	at okhttp3.internal.http.RealInterceptorChain.proceed(RealInterceptorChain.java:147)&#xa;	at okhttp3.internal.http.RetryAndFollowUpInterceptor.intercept(RetryAndFollowUpInterceptor.java:126)&#xa;	at okhttp3.internal.http.RealInterceptorChain.proceed(RealInterceptorChain.java:147)&#xa;	at okhttp3.internal.http.RealInterceptorChain.proceed(RealInterceptorChain.java:121)&#xa;	at okhttp3.RealCall.getResponseWithInterceptorChain(RealCall.java:200)&#xa;	at okhttp3.RealCall.execute(RealCall.java:77)&#xa;	at org.openqa.selenium.remote.internal.OkHttpClient.execute(OkHttpClient.java:103)&#xa;	at org.openqa.selenium.remote.ProtocolHandshake.createSession(ProtocolHandshake.java:105)&#xa;	at java.base/jdk.internal.reflect.NativeMethodAccessorImpl.invoke0(Native Method)&#xa;	at java.base/jdk.internal.reflect.NativeMethodAccessorImpl.invoke(NativeMethodAccessorImpl.java:77)&#xa;	at java.base/jdk.internal.reflect.DelegatingMethodAccessorImpl.invoke(DelegatingMethodAccessorImpl.java:43)&#xa;	at io.appium.java_client.remote.AppiumCommandExecutor$1.createSession(AppiumCommandExecutor.java:186)&#xa;	at io.appium.java_client.remote.AppiumCommandExecutor.createSession(AppiumCommandExecutor.java:217)&#xa;	at io.appium.java_client.remote.AppiumCommandExecutor.execute(AppiumCommandExecutor.java:239)&#xa;	... 40 more&#xa;"/>
         <system-out><![CDATA[03-07-2024T22:04:26 - [TEST_CASE][FAILED] - Test Cases/New Test Case: Test Cases/New Test Case FAILED.
Reason:
com.kms.katalon.core.exception.StepFailedException: Connection refused: no further information
Build info: version: '3.141.59', revision: 'e82be7d358', time: '2018-11-14T08:25:53'
System info: host: 'HUYBT2', ip: '192.168.1.13', os.name: 'Windows 11', os.arch: 'amd64', os.version: '10.0', java.version: '17.0.7'
Driver info: driver.version: WindowsDriver (Root cause: org.openqa.selenium.WebDriverException: Connection refused: no further information
Build info: version: '3.141.59', revision: 'e82be7d358', time: '2018-11-14T08:25:53'
System info: host: 'HUYBT2', ip: '192.168.1.13', os.name: 'Windows 11', os.arch: 'amd64', os.version: '10.0', java.version: '17.0.7'
Driver info: driver.version: WindowsDriver
	at io.appium.java_client.remote.AppiumCommandExecutor.lambda$5(AppiumCommandExecutor.java:251)
	at io.appium.java_client.remote.AppiumCommandExecutor.execute(AppiumCommandExecutor.java:250)
	at org.openqa.selenium.remote.RemoteWebDriver.execute(RemoteWebDriver.java:552)
	at io.appium.java_client.DefaultGenericMobileDriver.execute(DefaultGenericMobileDriver.java:42)
	at io.appium.java_client.AppiumDriver.execute(AppiumDriver.java:1)
	at io.appium.java_client.windows.WindowsDriver.execute(WindowsDriver.java:1)
	at org.openqa.selenium.remote.RemoteWebDriver.startSession(RemoteWebDriver.java:213)
	at org.openqa.selenium.remote.RemoteWebDriver.<init>(RemoteWebDriver.java:131)
	at io.appium.java_client.DefaultGenericMobileDriver.<init>(DefaultGenericMobileDriver.java:38)
	at io.appium.java_client.AppiumDriver.<init>(AppiumDriver.java:84)
	at io.appium.java_client.windows.WindowsDriver.<init>(WindowsDriver.java:38)
	at com.kms.katalon.core.windows.driver.WindowsDriverFactory.newWindowsDriver(WindowsDriverFactory.java:194)
	at com.kms.katalon.core.windows.driver.WindowsDriverFactory.startApplication(WindowsDriverFactory.java:112)
	at com.kms.katalon.core.windows.driver.WindowsDriverFactory.startApplication(WindowsDriverFactory.java:96)
	at com.kms.katalon.core.windows.driver.WindowsDriverFactory$startApplication.call(Unknown Source)
	at com.kms.katalon.core.windows.keyword.builtin.StartApplicationWithTitleKeyword$_startApplicationWithTitle_closure1.doCall(StartApplicationWithTitleKeyword.groovy:33)
	at com.kms.katalon.core.windows.keyword.builtin.StartApplicationWithTitleKeyword$_startApplicationWithTitle_closure1.doCall(StartApplicationWithTitleKeyword.groovy)
	at java.base/jdk.internal.reflect.NativeMethodAccessorImpl.invoke0(Native Method)
	at java.base/jdk.internal.reflect.NativeMethodAccessorImpl.invoke(NativeMethodAccessorImpl.java:77)
	at java.base/jdk.internal.reflect.DelegatingMethodAccessorImpl.invoke(DelegatingMethodAccessorImpl.java:43)
	at com.kms.katalon.core.keyword.internal.KeywordMain.runKeyword(KeywordMain.groovy:90)
	at com.kms.katalon.core.keyword.internal.KeywordMain$runKeyword.call(Unknown Source)
	at com.kms.katalon.core.windows.keyword.builtin.StartApplicationWithTitleKeyword.startApplicationWithTitle(StartApplicationWithTitleKeyword.groovy:32)
	at com.kms.katalon.core.windows.keyword.builtin.StartApplicationWithTitleKeyword.execute(StartApplicationWithTitleKeyword.groovy:28)
	at com.kms.katalon.core.keyword.internal.KeywordExecutor.executeKeywordForPlatform(KeywordExecutor.groovy:74)
	at com.kms.katalon.core.windows.keyword.WindowsBuiltinKeywords.startApplicationWithTitle(WindowsBuiltinKeywords.java:1064)
	at New Test Case.run(New Test Case:20)
	at com.kms.katalon.core.main.ScriptEngine.run(ScriptEngine.java:194)
	at com.kms.katalon.core.main.ScriptEngine.runScriptAsRawText(ScriptEngine.java:119)
	at com.kms.katalon.core.main.TestCaseExecutor.runScript(TestCaseExecutor.java:448)
	at com.kms.katalon.core.main.TestCaseExecutor.doExecute(TestCaseExecutor.java:439)
	at com.kms.katalon.core.main.TestCaseExecutor.processExecutionPhase(TestCaseExecutor.java:418)
	at com.kms.katalon.core.main.TestCaseExecutor.accessMainPhase(TestCaseExecutor.java:410)
	at com.kms.katalon.core.main.TestCaseExecutor.execute(TestCaseExecutor.java:285)
	at com.kms.katalon.core.common.CommonExecutor.accessTestCaseMainPhase(CommonExecutor.java:65)
	at com.kms.katalon.core.main.TestSuiteExecutor.accessTestSuiteMainPhase(TestSuiteExecutor.java:150)
	at com.kms.katalon.core.main.TestSuiteExecutor.execute(TestSuiteExecutor.java:106)
	at com.kms.katalon.core.main.TestCaseMain.startTestSuite(TestCaseMain.java:180)
	at TempTestSuite1720019027809.run(TempTestSuite1720019027809.groovy:35)
	at java.base/jdk.internal.reflect.NativeMethodAccessorImpl.invoke0(Native Method)
	at java.base/jdk.internal.reflect.NativeMethodAccessorImpl.invoke(NativeMethodAccessorImpl.java:77)
	at java.base/jdk.internal.reflect.DelegatingMethodAccessorImpl.invoke(DelegatingMethodAccessorImpl.java:43)
Caused by: java.net.ConnectException: Connection refused: no further information
	at okhttp3.internal.platform.Platform.connectSocket(Platform.java:129)
	at okhttp3.internal.connection.RealConnection.connectSocket(RealConnection.java:245)
	at okhttp3.internal.connection.RealConnection.connect(RealConnection.java:165)
	at okhttp3.internal.connection.StreamAllocation.findConnection(StreamAllocation.java:257)
	at okhttp3.internal.connection.StreamAllocation.findHealthyConnection(StreamAllocation.java:135)
	at okhttp3.internal.connection.StreamAllocation.newStream(StreamAllocation.java:114)
	at okhttp3.internal.connection.ConnectInterceptor.intercept(ConnectInterceptor.java:42)
	at okhttp3.internal.http.RealInterceptorChain.proceed(RealInterceptorChain.java:147)
	at okhttp3.internal.http.RealInterceptorChain.proceed(RealInterceptorChain.java:121)
	at okhttp3.internal.cache.CacheInterceptor.intercept(CacheInterceptor.java:93)
	at okhttp3.internal.http.RealInterceptorChain.proceed(RealInterceptorChain.java:147)
	at okhttp3.internal.http.RealInterceptorChain.proceed(RealInterceptorChain.java:121)
	at okhttp3.internal.http.BridgeInterceptor.intercept(BridgeInterceptor.java:93)
	at okhttp3.internal.http.RealInterceptorChain.proceed(RealInterceptorChain.java:147)
	at okhttp3.internal.http.RetryAndFollowUpInterceptor.intercept(RetryAndFollowUpInterceptor.java:126)
	at okhttp3.internal.http.RealInterceptorChain.proceed(RealInterceptorChain.java:147)
	at okhttp3.internal.http.RealInterceptorChain.proceed(RealInterceptorChain.java:121)
	at okhttp3.RealCall.getResponseWithInterceptorChain(RealCall.java:200)
	at okhttp3.RealCall.execute(RealCall.java:77)
	at org.openqa.selenium.remote.internal.OkHttpClient.execute(OkHttpClient.java:103)
	at org.openqa.selenium.remote.ProtocolHandshake.createSession(ProtocolHandshake.java:105)
	at java.base/jdk.internal.reflect.NativeMethodAccessorImpl.invoke0(Native Method)
	at java.base/jdk.internal.reflect.NativeMethodAccessorImpl.invoke(NativeMethodAccessorImpl.java:77)
	at java.base/jdk.internal.reflect.DelegatingMethodAccessorImpl.invoke(DelegatingMethodAccessorImpl.java:43)
	at io.appium.java_client.remote.AppiumCommandExecutor$1.createSession(AppiumCommandExecutor.java:186)
	at io.appium.java_client.remote.AppiumCommandExecutor.createSession(AppiumCommandExecutor.java:217)
	at io.appium.java_client.remote.AppiumCommandExecutor.execute(AppiumCommandExecutor.java:239)
	at org.openqa.selenium.remote.RemoteWebDriver.execute(RemoteWebDriver.java:552)
	at io.appium.java_client.DefaultGenericMobileDriver.execute(DefaultGenericMobileDriver.java:42)
	at io.appium.java_client.AppiumDriver.execute(AppiumDriver.java:1)
	at io.appium.java_client.windows.WindowsDriver.execute(WindowsDriver.java:1)
	at org.openqa.selenium.remote.RemoteWebDriver.startSession(RemoteWebDriver.java:213)
	at org.openqa.selenium.remote.RemoteWebDriver.<init>(RemoteWebDriver.java:131)
	at io.appium.java_client.DefaultGenericMobileDriver.<init>(DefaultGenericMobileDriver.java:38)
	at io.appium.java_client.AppiumDriver.<init>(AppiumDriver.java:84)
	at io.appium.java_client.windows.WindowsDriver.<init>(WindowsDriver.java:38)
	at com.kms.katalon.core.windows.driver.WindowsDriverFactory.newWindowsDriver(WindowsDriverFactory.java:194)
	at com.kms.katalon.core.windows.driver.WindowsDriverFactory.startApplication(WindowsDriverFactory.java:112)
	at com.kms.katalon.core.windows.driver.WindowsDriverFactory.startApplication(WindowsDriverFactory.java:96)
	at com.kms.katalon.core.windows.driver.WindowsDriverFactory$startApplication.call(Unknown Source)
	at com.kms.katalon.core.windows.keyword.builtin.StartApplicationWithTitleKeyword$_startApplicationWithTitle_closure1.doCall(StartApplicationWithTitleKeyword.groovy:33)
	at com.kms.katalon.core.windows.keyword.builtin.StartApplicationWithTitleKeyword$_startApplicationWithTitle_closure1.doCall(StartApplicationWithTitleKeyword.groovy)
	at java.base/jdk.internal.reflect.NativeMethodAccessorImpl.invoke0(Native Method)
	at java.base/jdk.internal.reflect.NativeMethodAccessorImpl.invoke(NativeMethodAccessorImpl.java:77)
	at java.base/jdk.internal.reflect.DelegatingMethodAccessorImpl.invoke(DelegatingMethodAccessorImpl.java:43)
	at com.kms.katalon.core.keyword.internal.KeywordMain.runKeyword(KeywordMain.groovy:90)
	at com.kms.katalon.core.keyword.internal.KeywordMain$runKeyword.call(Unknown Source)
	at com.kms.katalon.core.windows.keyword.builtin.StartApplicationWithTitleKeyword.startApplicationWithTitle(StartApplicationWithTitleKeyword.groovy:32)
	at com.kms.katalon.core.windows.keyword.builtin.StartApplicationWithTitleKeyword.execute(StartApplicationWithTitleKeyword.groovy:28)
	at com.kms.katalon.core.keyword.internal.KeywordExecutor.executeKeywordForPlatform(KeywordExecutor.groovy:74)
	at com.kms.katalon.core.windows.keyword.WindowsBuiltinKeywords.startApplicationWithTitle(WindowsBuiltinKeywords.java:1064)
	at Script1716305407857.run(Script1716305407857.groovy:20)
	... 15 more
)
	at com.kms.katalon.core.keyword.internal.KeywordMain.stepFailed(KeywordMain.groovy:51)
	at com.kms.katalon.core.keyword.internal.KeywordMain.stepFailed(KeywordMain.groovy)
	at com.kms.katalon.core.keyword.internal.KeywordMain.runKeyword(KeywordMain.groovy:92)
	at com.kms.katalon.core.keyword.internal.KeywordMain$runKeyword.call(Unknown Source)
	at com.kms.katalon.core.windows.keyword.builtin.StartApplicationWithTitleKeyword.startApplicationWithTitle(StartApplicationWithTitleKeyword.groovy:32)
	at com.kms.katalon.core.windows.keyword.builtin.StartApplicationWithTitleKeyword.execute(StartApplicationWithTitleKeyword.groovy:28)
	at com.kms.katalon.core.keyword.internal.KeywordExecutor.executeKeywordForPlatform(KeywordExecutor.groovy:74)
	at com.kms.katalon.core.windows.keyword.WindowsBuiltinKeywords.startApplicationWithTitle(WindowsBuiltinKeywords.java:1064)
	at New Test Case.run(New Test Case:20)
	at com.kms.katalon.core.main.ScriptEngine.run(ScriptEngine.java:194)
	at com.kms.katalon.core.main.ScriptEngine.runScriptAsRawText(ScriptEngine.java:119)
	at com.kms.katalon.core.main.TestCaseExecutor.runScript(TestCaseExecutor.java:448)
	at com.kms.katalon.core.main.TestCaseExecutor.doExecute(TestCaseExecutor.java:439)
	at com.kms.katalon.core.main.TestCaseExecutor.processExecutionPhase(TestCaseExecutor.java:418)
	at com.kms.katalon.core.main.TestCaseExecutor.accessMainPhase(TestCaseExecutor.java:410)
	at com.kms.katalon.core.main.TestCaseExecutor.execute(TestCaseExecutor.java:285)
	at com.kms.katalon.core.common.CommonExecutor.accessTestCaseMainPhase(CommonExecutor.java:65)
	at com.kms.katalon.core.main.TestSuiteExecutor.accessTestSuiteMainPhase(TestSuiteExecutor.java:150)
	at com.kms.katalon.core.main.TestSuiteExecutor.execute(TestSuiteExecutor.java:106)
	at com.kms.katalon.core.main.TestCaseMain.startTestSuite(TestCaseMain.java:180)
	at TempTestSuite1720019027809.run(TempTestSuite1720019027809.groovy:35)
	at java.base/jdk.internal.reflect.NativeMethodAccessorImpl.invoke0(Native Method)
	at java.base/jdk.internal.reflect.NativeMethodAccessorImpl.invoke(NativeMethodAccessorImpl.java:77)
	at java.base/jdk.internal.reflect.DelegatingMethodAccessorImpl.invoke(DelegatingMethodAccessorImpl.java:43)
Caused by: org.openqa.selenium.WebDriverException: Connection refused: no further information
Build info: version: '3.141.59', revision: 'e82be7d358', time: '2018-11-14T08:25:53'
System info: host: 'HUYBT2', ip: '192.168.1.13', os.name: 'Windows 11', os.arch: 'amd64', os.version: '10.0', java.version: '17.0.7'
Driver info: driver.version: WindowsDriver
	at io.appium.java_client.remote.AppiumCommandExecutor.lambda$5(AppiumCommandExecutor.java:251)
	at io.appium.java_client.remote.AppiumCommandExecutor.execute(AppiumCommandExecutor.java:250)
	at org.openqa.selenium.remote.RemoteWebDriver.execute(RemoteWebDriver.java:552)
	at io.appium.java_client.DefaultGenericMobileDriver.execute(DefaultGenericMobileDriver.java:42)
	at io.appium.java_client.AppiumDriver.execute(AppiumDriver.java:1)
	at io.appium.java_client.windows.WindowsDriver.execute(WindowsDriver.java:1)
	at org.openqa.selenium.remote.RemoteWebDriver.startSession(RemoteWebDriver.java:213)
	at org.openqa.selenium.remote.RemoteWebDriver.<init>(RemoteWebDriver.java:131)
	at io.appium.java_client.DefaultGenericMobileDriver.<init>(DefaultGenericMobileDriver.java:38)
	at io.appium.java_client.AppiumDriver.<init>(AppiumDriver.java:84)
	at io.appium.java_client.windows.WindowsDriver.<init>(WindowsDriver.java:38)
	at com.kms.katalon.core.windows.driver.WindowsDriverFactory.newWindowsDriver(WindowsDriverFactory.java:194)
	at com.kms.katalon.core.windows.driver.WindowsDriverFactory.startApplication(WindowsDriverFactory.java:112)
	at com.kms.katalon.core.windows.driver.WindowsDriverFactory.startApplication(WindowsDriverFactory.java:96)
	at com.kms.katalon.core.windows.driver.WindowsDriverFactory$startApplication.call(Unknown Source)
	at com.kms.katalon.core.windows.keyword.builtin.StartApplicationWithTitleKeyword$_startApplicationWithTitle_closure1.doCall(StartApplicationWithTitleKeyword.groovy:33)
	at com.kms.katalon.core.windows.keyword.builtin.StartApplicationWithTitleKeyword$_startApplicationWithTitle_closure1.doCall(StartApplicationWithTitleKeyword.groovy)
	at java.base/jdk.internal.reflect.NativeMethodAccessorImpl.invoke0(Native Method)
	at java.base/jdk.internal.reflect.NativeMethodAccessorImpl.invoke(NativeMethodAccessorImpl.java:77)
	at java.base/jdk.internal.reflect.DelegatingMethodAccessorImpl.invoke(DelegatingMethodAccessorImpl.java:43)
	at com.kms.katalon.core.keyword.internal.KeywordMain.runKeyword(KeywordMain.groovy:90)
	... 21 more
Caused by: java.net.ConnectException: Connection refused: no further information
	at okhttp3.internal.platform.Platform.connectSocket(Platform.java:129)
	at okhttp3.internal.connection.RealConnection.connectSocket(RealConnection.java:245)
	at okhttp3.internal.connection.RealConnection.connect(RealConnection.java:165)
	at okhttp3.internal.connection.StreamAllocation.findConnection(StreamAllocation.java:257)
	at okhttp3.internal.connection.StreamAllocation.findHealthyConnection(StreamAllocation.java:135)
	at okhttp3.internal.connection.StreamAllocation.newStream(StreamAllocation.java:114)
	at okhttp3.internal.connection.ConnectInterceptor.intercept(ConnectInterceptor.java:42)
	at okhttp3.internal.http.RealInterceptorChain.proceed(RealInterceptorChain.java:147)
	at okhttp3.internal.http.RealInterceptorChain.proceed(RealInterceptorChain.java:121)
	at okhttp3.internal.cache.CacheInterceptor.intercept(CacheInterceptor.java:93)
	at okhttp3.internal.http.RealInterceptorChain.proceed(RealInterceptorChain.java:147)
	at okhttp3.internal.http.RealInterceptorChain.proceed(RealInterceptorChain.java:121)
	at okhttp3.internal.http.BridgeInterceptor.intercept(BridgeInterceptor.java:93)
	at okhttp3.internal.http.RealInterceptorChain.proceed(RealInterceptorChain.java:147)
	at okhttp3.internal.http.RetryAndFollowUpInterceptor.intercept(RetryAndFollowUpInterceptor.java:126)
	at okhttp3.internal.http.RealInterceptorChain.proceed(RealInterceptorChain.java:147)
	at okhttp3.internal.http.RealInterceptorChain.proceed(RealInterceptorChain.java:121)
	at okhttp3.RealCall.getResponseWithInterceptorChain(RealCall.java:200)
	at okhttp3.RealCall.execute(RealCall.java:77)
	at org.openqa.selenium.remote.internal.OkHttpClient.execute(OkHttpClient.java:103)
	at org.openqa.selenium.remote.ProtocolHandshake.createSession(ProtocolHandshake.java:105)
	at java.base/jdk.internal.reflect.NativeMethodAccessorImpl.invoke0(Native Method)
	at java.base/jdk.internal.reflect.NativeMethodAccessorImpl.invoke(NativeMethodAccessorImpl.java:77)
	at java.base/jdk.internal.reflect.DelegatingMethodAccessorImpl.invoke(DelegatingMethodAccessorImpl.java:43)
	at io.appium.java_client.remote.AppiumCommandExecutor$1.createSession(AppiumCommandExecutor.java:186)
	at io.appium.java_client.remote.AppiumCommandExecutor.createSession(AppiumCommandExecutor.java:217)
	at io.appium.java_client.remote.AppiumCommandExecutor.execute(AppiumCommandExecutor.java:239)
	... 40 more


03-07-2024T22:04:27 - [TEST_STEP][FAILED] - startApplicationWithTitle("C:\Windows\notepad.exe", "credentials - Notepad"): Connection refused: no further information
Build info: version: '3.141.59', revision: 'e82be7d358', time: '2018-11-14T08:25:53'
System info: host: 'HUYBT2', ip: '192.168.1.13', os.name: 'Windows 11', os.arch: 'amd64', os.version: '10.0', java.version: '17.0.7'
Driver info: driver.version: WindowsDriver (Root cause: org.openqa.selenium.WebDriverException: Connection refused: no further information
Build info: version: '3.141.59', revision: 'e82be7d358', time: '2018-11-14T08:25:53'
System info: host: 'HUYBT2', ip: '192.168.1.13', os.name: 'Windows 11', os.arch: 'amd64', os.version: '10.0', java.version: '17.0.7'
Driver info: driver.version: WindowsDriver
	at io.appium.java_client.remote.AppiumCommandExecutor.lambda$5(AppiumCommandExecutor.java:251)
	at io.appium.java_client.remote.AppiumCommandExecutor.execute(AppiumCommandExecutor.java:250)
	at org.openqa.selenium.remote.RemoteWebDriver.execute(RemoteWebDriver.java:552)
	at io.appium.java_client.DefaultGenericMobileDriver.execute(DefaultGenericMobileDriver.java:42)
	at io.appium.java_client.AppiumDriver.execute(AppiumDriver.java:1)
	at io.appium.java_client.windows.WindowsDriver.execute(WindowsDriver.java:1)
	at org.openqa.selenium.remote.RemoteWebDriver.startSession(RemoteWebDriver.java:213)
	at org.openqa.selenium.remote.RemoteWebDriver.<init>(RemoteWebDriver.java:131)
	at io.appium.java_client.DefaultGenericMobileDriver.<init>(DefaultGenericMobileDriver.java:38)
	at io.appium.java_client.AppiumDriver.<init>(AppiumDriver.java:84)
	at io.appium.java_client.windows.WindowsDriver.<init>(WindowsDriver.java:38)
	at com.kms.katalon.core.windows.driver.WindowsDriverFactory.newWindowsDriver(WindowsDriverFactory.java:194)
	at com.kms.katalon.core.windows.driver.WindowsDriverFactory.startApplication(WindowsDriverFactory.java:112)
	at com.kms.katalon.core.windows.driver.WindowsDriverFactory.startApplication(WindowsDriverFactory.java:96)
	at com.kms.katalon.core.windows.driver.WindowsDriverFactory$startApplication.call(Unknown Source)
	at com.kms.katalon.core.windows.keyword.builtin.StartApplicationWithTitleKeyword$_startApplicationWithTitle_closure1.doCall(StartApplicationWithTitleKeyword.groovy:33)
	at com.kms.katalon.core.windows.keyword.builtin.StartApplicationWithTitleKeyword$_startApplicationWithTitle_closure1.doCall(StartApplicationWithTitleKeyword.groovy)
	at java.base/jdk.internal.reflect.NativeMethodAccessorImpl.invoke0(Native Method)
	at java.base/jdk.internal.reflect.NativeMethodAccessorImpl.invoke(NativeMethodAccessorImpl.java:77)
	at java.base/jdk.internal.reflect.DelegatingMethodAccessorImpl.invoke(DelegatingMethodAccessorImpl.java:43)
	at com.kms.katalon.core.keyword.internal.KeywordMain.runKeyword(KeywordMain.groovy:90)
	at com.kms.katalon.core.keyword.internal.KeywordMain$runKeyword.call(Unknown Source)
	at com.kms.katalon.core.windows.keyword.builtin.StartApplicationWithTitleKeyword.startApplicationWithTitle(StartApplicationWithTitleKeyword.groovy:32)
	at com.kms.katalon.core.windows.keyword.builtin.StartApplicationWithTitleKeyword.execute(StartApplicationWithTitleKeyword.groovy:28)
	at com.kms.katalon.core.keyword.internal.KeywordExecutor.executeKeywordForPlatform(KeywordExecutor.groovy:74)
	at com.kms.katalon.core.windows.keyword.WindowsBuiltinKeywords.startApplicationWithTitle(WindowsBuiltinKeywords.java:1064)
	at New Test Case.run(New Test Case:20)
	at com.kms.katalon.core.main.ScriptEngine.run(ScriptEngine.java:194)
	at com.kms.katalon.core.main.ScriptEngine.runScriptAsRawText(ScriptEngine.java:119)
	at com.kms.katalon.core.main.TestCaseExecutor.runScript(TestCaseExecutor.java:448)
	at com.kms.katalon.core.main.TestCaseExecutor.doExecute(TestCaseExecutor.java:439)
	at com.kms.katalon.core.main.TestCaseExecutor.processExecutionPhase(TestCaseExecutor.java:418)
	at com.kms.katalon.core.main.TestCaseExecutor.accessMainPhase(TestCaseExecutor.java:410)
	at com.kms.katalon.core.main.TestCaseExecutor.execute(TestCaseExecutor.java:285)
	at com.kms.katalon.core.common.CommonExecutor.accessTestCaseMainPhase(CommonExecutor.java:65)
	at com.kms.katalon.core.main.TestSuiteExecutor.accessTestSuiteMainPhase(TestSuiteExecutor.java:150)
	at com.kms.katalon.core.main.TestSuiteExecutor.execute(TestSuiteExecutor.java:106)
	at com.kms.katalon.core.main.TestCaseMain.startTestSuite(TestCaseMain.java:180)
	at TempTestSuite1720019027809.run(TempTestSuite1720019027809.groovy:35)
	at java.base/jdk.internal.reflect.NativeMethodAccessorImpl.invoke0(Native Method)
	at java.base/jdk.internal.reflect.NativeMethodAccessorImpl.invoke(NativeMethodAccessorImpl.java:77)
	at java.base/jdk.internal.reflect.DelegatingMethodAccessorImpl.invoke(DelegatingMethodAccessorImpl.java:43)
Caused by: java.net.ConnectException: Connection refused: no further information
	at okhttp3.internal.platform.Platform.connectSocket(Platform.java:129)
	at okhttp3.internal.connection.RealConnection.connectSocket(RealConnection.java:245)
	at okhttp3.internal.connection.RealConnection.connect(RealConnection.java:165)
	at okhttp3.internal.connection.StreamAllocation.findConnection(StreamAllocation.java:257)
	at okhttp3.internal.connection.StreamAllocation.findHealthyConnection(StreamAllocation.java:135)
	at okhttp3.internal.connection.StreamAllocation.newStream(StreamAllocation.java:114)
	at okhttp3.internal.connection.ConnectInterceptor.intercept(ConnectInterceptor.java:42)
	at okhttp3.internal.http.RealInterceptorChain.proceed(RealInterceptorChain.java:147)
	at okhttp3.internal.http.RealInterceptorChain.proceed(RealInterceptorChain.java:121)
	at okhttp3.internal.cache.CacheInterceptor.intercept(CacheInterceptor.java:93)
	at okhttp3.internal.http.RealInterceptorChain.proceed(RealInterceptorChain.java:147)
	at okhttp3.internal.http.RealInterceptorChain.proceed(RealInterceptorChain.java:121)
	at okhttp3.internal.http.BridgeInterceptor.intercept(BridgeInterceptor.java:93)
	at okhttp3.internal.http.RealInterceptorChain.proceed(RealInterceptorChain.java:147)
	at okhttp3.internal.http.RetryAndFollowUpInterceptor.intercept(RetryAndFollowUpInterceptor.java:126)
	at okhttp3.internal.http.RealInterceptorChain.proceed(RealInterceptorChain.java:147)
	at okhttp3.internal.http.RealInterceptorChain.proceed(RealInterceptorChain.java:121)
	at okhttp3.RealCall.getResponseWithInterceptorChain(RealCall.java:200)
	at okhttp3.RealCall.execute(RealCall.java:77)
	at org.openqa.selenium.remote.internal.OkHttpClient.execute(OkHttpClient.java:103)
	at org.openqa.selenium.remote.ProtocolHandshake.createSession(ProtocolHandshake.java:105)
	at java.base/jdk.internal.reflect.NativeMethodAccessorImpl.invoke0(Native Method)
	at java.base/jdk.internal.reflect.NativeMethodAccessorImpl.invoke(NativeMethodAccessorImpl.java:77)
	at java.base/jdk.internal.reflect.DelegatingMethodAccessorImpl.invoke(DelegatingMethodAccessorImpl.java:43)
	at io.appium.java_client.remote.AppiumCommandExecutor$1.createSession(AppiumCommandExecutor.java:186)
	at io.appium.java_client.remote.AppiumCommandExecutor.createSession(AppiumCommandExecutor.java:217)
	at io.appium.java_client.remote.AppiumCommandExecutor.execute(AppiumCommandExecutor.java:239)
	at org.openqa.selenium.remote.RemoteWebDriver.execute(RemoteWebDriver.java:552)
	at io.appium.java_client.DefaultGenericMobileDriver.execute(DefaultGenericMobileDriver.java:42)
	at io.appium.java_client.AppiumDriver.execute(AppiumDriver.java:1)
	at io.appium.java_client.windows.WindowsDriver.execute(WindowsDriver.java:1)
	at org.openqa.selenium.remote.RemoteWebDriver.startSession(RemoteWebDriver.java:213)
	at org.openqa.selenium.remote.RemoteWebDriver.<init>(RemoteWebDriver.java:131)
	at io.appium.java_client.DefaultGenericMobileDriver.<init>(DefaultGenericMobileDriver.java:38)
	at io.appium.java_client.AppiumDriver.<init>(AppiumDriver.java:84)
	at io.appium.java_client.windows.WindowsDriver.<init>(WindowsDriver.java:38)
	at com.kms.katalon.core.windows.driver.WindowsDriverFactory.newWindowsDriver(WindowsDriverFactory.java:194)
	at com.kms.katalon.core.windows.driver.WindowsDriverFactory.startApplication(WindowsDriverFactory.java:112)
	at com.kms.katalon.core.windows.driver.WindowsDriverFactory.startApplication(WindowsDriverFactory.java:96)
	at com.kms.katalon.core.windows.driver.WindowsDriverFactory$startApplication.call(Unknown Source)
	at com.kms.katalon.core.windows.keyword.builtin.StartApplicationWithTitleKeyword$_startApplicationWithTitle_closure1.doCall(StartApplicationWithTitleKeyword.groovy:33)
	at com.kms.katalon.core.windows.keyword.builtin.StartApplicationWithTitleKeyword$_startApplicationWithTitle_closure1.doCall(StartApplicationWithTitleKeyword.groovy)
	at java.base/jdk.internal.reflect.NativeMethodAccessorImpl.invoke0(Native Method)
	at java.base/jdk.internal.reflect.NativeMethodAccessorImpl.invoke(NativeMethodAccessorImpl.java:77)
	at java.base/jdk.internal.reflect.DelegatingMethodAccessorImpl.invoke(DelegatingMethodAccessorImpl.java:43)
	at com.kms.katalon.core.keyword.internal.KeywordMain.runKeyword(KeywordMain.groovy:90)
	at com.kms.katalon.core.keyword.internal.KeywordMain$runKeyword.call(Unknown Source)
	at com.kms.katalon.core.windows.keyword.builtin.StartApplicationWithTitleKeyword.startApplicationWithTitle(StartApplicationWithTitleKeyword.groovy:32)
	at com.kms.katalon.core.windows.keyword.builtin.StartApplicationWithTitleKeyword.execute(StartApplicationWithTitleKeyword.groovy:28)
	at com.kms.katalon.core.keyword.internal.KeywordExecutor.executeKeywordForPlatform(KeywordExecutor.groovy:74)
	at com.kms.katalon.core.windows.keyword.WindowsBuiltinKeywords.startApplicationWithTitle(WindowsBuiltinKeywords.java:1064)
	at Script1716305407857.run(Script1716305407857.groovy:20)
	... 15 more
)

03-07-2024T22:04:27 - [MESSAGE][INFO] - Starting application C:\Windows\notepad.exe on the local machine at address http://127.0.0.1:4723

03-07-2024T22:04:27 - [MESSAGE][FAILED] - Connection refused: no further information
Build info: version: '3.141.59', revision: 'e82be7d358', time: '2018-11-14T08:25:53'
System info: host: 'HUYBT2', ip: '192.168.1.13', os.name: 'Windows 11', os.arch: 'amd64', os.version: '10.0', java.version: '17.0.7'
Driver info: driver.version: WindowsDriver (Root cause: org.openqa.selenium.WebDriverException: Connection refused: no further information
Build info: version: '3.141.59', revision: 'e82be7d358', time: '2018-11-14T08:25:53'
System info: host: 'HUYBT2', ip: '192.168.1.13', os.name: 'Windows 11', os.arch: 'amd64', os.version: '10.0', java.version: '17.0.7'
Driver info: driver.version: WindowsDriver
	at io.appium.java_client.remote.AppiumCommandExecutor.lambda$5(AppiumCommandExecutor.java:251)
	at io.appium.java_client.remote.AppiumCommandExecutor.execute(AppiumCommandExecutor.java:250)
	at org.openqa.selenium.remote.RemoteWebDriver.execute(RemoteWebDriver.java:552)
	at io.appium.java_client.DefaultGenericMobileDriver.execute(DefaultGenericMobileDriver.java:42)
	at io.appium.java_client.AppiumDriver.execute(AppiumDriver.java:1)
	at io.appium.java_client.windows.WindowsDriver.execute(WindowsDriver.java:1)
	at org.openqa.selenium.remote.RemoteWebDriver.startSession(RemoteWebDriver.java:213)
	at org.openqa.selenium.remote.RemoteWebDriver.<init>(RemoteWebDriver.java:131)
	at io.appium.java_client.DefaultGenericMobileDriver.<init>(DefaultGenericMobileDriver.java:38)
	at io.appium.java_client.AppiumDriver.<init>(AppiumDriver.java:84)
	at io.appium.java_client.windows.WindowsDriver.<init>(WindowsDriver.java:38)
	at com.kms.katalon.core.windows.driver.WindowsDriverFactory.newWindowsDriver(WindowsDriverFactory.java:194)
	at com.kms.katalon.core.windows.driver.WindowsDriverFactory.startApplication(WindowsDriverFactory.java:112)
	at com.kms.katalon.core.windows.driver.WindowsDriverFactory.startApplication(WindowsDriverFactory.java:96)
	at com.kms.katalon.core.windows.driver.WindowsDriverFactory$startApplication.call(Unknown Source)
	at com.kms.katalon.core.windows.keyword.builtin.StartApplicationWithTitleKeyword$_startApplicationWithTitle_closure1.doCall(StartApplicationWithTitleKeyword.groovy:33)
	at com.kms.katalon.core.windows.keyword.builtin.StartApplicationWithTitleKeyword$_startApplicationWithTitle_closure1.doCall(StartApplicationWithTitleKeyword.groovy)
	at java.base/jdk.internal.reflect.NativeMethodAccessorImpl.invoke0(Native Method)
	at java.base/jdk.internal.reflect.NativeMethodAccessorImpl.invoke(NativeMethodAccessorImpl.java:77)
	at java.base/jdk.internal.reflect.DelegatingMethodAccessorImpl.invoke(DelegatingMethodAccessorImpl.java:43)
	at com.kms.katalon.core.keyword.internal.KeywordMain.runKeyword(KeywordMain.groovy:90)
	at com.kms.katalon.core.keyword.internal.KeywordMain$runKeyword.call(Unknown Source)
	at com.kms.katalon.core.windows.keyword.builtin.StartApplicationWithTitleKeyword.startApplicationWithTitle(StartApplicationWithTitleKeyword.groovy:32)
	at com.kms.katalon.core.windows.keyword.builtin.StartApplicationWithTitleKeyword.execute(StartApplicationWithTitleKeyword.groovy:28)
	at com.kms.katalon.core.keyword.internal.KeywordExecutor.executeKeywordForPlatform(KeywordExecutor.groovy:74)
	at com.kms.katalon.core.windows.keyword.WindowsBuiltinKeywords.startApplicationWithTitle(WindowsBuiltinKeywords.java:1064)
	at New Test Case.run(New Test Case:20)
	at com.kms.katalon.core.main.ScriptEngine.run(ScriptEngine.java:194)
	at com.kms.katalon.core.main.ScriptEngine.runScriptAsRawText(ScriptEngine.java:119)
	at com.kms.katalon.core.main.TestCaseExecutor.runScript(TestCaseExecutor.java:448)
	at com.kms.katalon.core.main.TestCaseExecutor.doExecute(TestCaseExecutor.java:439)
	at com.kms.katalon.core.main.TestCaseExecutor.processExecutionPhase(TestCaseExecutor.java:418)
	at com.kms.katalon.core.main.TestCaseExecutor.accessMainPhase(TestCaseExecutor.java:410)
	at com.kms.katalon.core.main.TestCaseExecutor.execute(TestCaseExecutor.java:285)
	at com.kms.katalon.core.common.CommonExecutor.accessTestCaseMainPhase(CommonExecutor.java:65)
	at com.kms.katalon.core.main.TestSuiteExecutor.accessTestSuiteMainPhase(TestSuiteExecutor.java:150)
	at com.kms.katalon.core.main.TestSuiteExecutor.execute(TestSuiteExecutor.java:106)
	at com.kms.katalon.core.main.TestCaseMain.startTestSuite(TestCaseMain.java:180)
	at TempTestSuite1720019027809.run(TempTestSuite1720019027809.groovy:35)
	at java.base/jdk.internal.reflect.NativeMethodAccessorImpl.invoke0(Native Method)
	at java.base/jdk.internal.reflect.NativeMethodAccessorImpl.invoke(NativeMethodAccessorImpl.java:77)
	at java.base/jdk.internal.reflect.DelegatingMethodAccessorImpl.invoke(DelegatingMethodAccessorImpl.java:43)
Caused by: java.net.ConnectException: Connection refused: no further information
	at okhttp3.internal.platform.Platform.connectSocket(Platform.java:129)
	at okhttp3.internal.connection.RealConnection.connectSocket(RealConnection.java:245)
	at okhttp3.internal.connection.RealConnection.connect(RealConnection.java:165)
	at okhttp3.internal.connection.StreamAllocation.findConnection(StreamAllocation.java:257)
	at okhttp3.internal.connection.StreamAllocation.findHealthyConnection(StreamAllocation.java:135)
	at okhttp3.internal.connection.StreamAllocation.newStream(StreamAllocation.java:114)
	at okhttp3.internal.connection.ConnectInterceptor.intercept(ConnectInterceptor.java:42)
	at okhttp3.internal.http.RealInterceptorChain.proceed(RealInterceptorChain.java:147)
	at okhttp3.internal.http.RealInterceptorChain.proceed(RealInterceptorChain.java:121)
	at okhttp3.internal.cache.CacheInterceptor.intercept(CacheInterceptor.java:93)
	at okhttp3.internal.http.RealInterceptorChain.proceed(RealInterceptorChain.java:147)
	at okhttp3.internal.http.RealInterceptorChain.proceed(RealInterceptorChain.java:121)
	at okhttp3.internal.http.BridgeInterceptor.intercept(BridgeInterceptor.java:93)
	at okhttp3.internal.http.RealInterceptorChain.proceed(RealInterceptorChain.java:147)
	at okhttp3.internal.http.RetryAndFollowUpInterceptor.intercept(RetryAndFollowUpInterceptor.java:126)
	at okhttp3.internal.http.RealInterceptorChain.proceed(RealInterceptorChain.java:147)
	at okhttp3.internal.http.RealInterceptorChain.proceed(RealInterceptorChain.java:121)
	at okhttp3.RealCall.getResponseWithInterceptorChain(RealCall.java:200)
	at okhttp3.RealCall.execute(RealCall.java:77)
	at org.openqa.selenium.remote.internal.OkHttpClient.execute(OkHttpClient.java:103)
	at org.openqa.selenium.remote.ProtocolHandshake.createSession(ProtocolHandshake.java:105)
	at java.base/jdk.internal.reflect.NativeMethodAccessorImpl.invoke0(Native Method)
	at java.base/jdk.internal.reflect.NativeMethodAccessorImpl.invoke(NativeMethodAccessorImpl.java:77)
	at java.base/jdk.internal.reflect.DelegatingMethodAccessorImpl.invoke(DelegatingMethodAccessorImpl.java:43)
	at io.appium.java_client.remote.AppiumCommandExecutor$1.createSession(AppiumCommandExecutor.java:186)
	at io.appium.java_client.remote.AppiumCommandExecutor.createSession(AppiumCommandExecutor.java:217)
	at io.appium.java_client.remote.AppiumCommandExecutor.execute(AppiumCommandExecutor.java:239)
	at org.openqa.selenium.remote.RemoteWebDriver.execute(RemoteWebDriver.java:552)
	at io.appium.java_client.DefaultGenericMobileDriver.execute(DefaultGenericMobileDriver.java:42)
	at io.appium.java_client.AppiumDriver.execute(AppiumDriver.java:1)
	at io.appium.java_client.windows.WindowsDriver.execute(WindowsDriver.java:1)
	at org.openqa.selenium.remote.RemoteWebDriver.startSession(RemoteWebDriver.java:213)
	at org.openqa.selenium.remote.RemoteWebDriver.<init>(RemoteWebDriver.java:131)
	at io.appium.java_client.DefaultGenericMobileDriver.<init>(DefaultGenericMobileDriver.java:38)
	at io.appium.java_client.AppiumDriver.<init>(AppiumDriver.java:84)
	at io.appium.java_client.windows.WindowsDriver.<init>(WindowsDriver.java:38)
	at com.kms.katalon.core.windows.driver.WindowsDriverFactory.newWindowsDriver(WindowsDriverFactory.java:194)
	at com.kms.katalon.core.windows.driver.WindowsDriverFactory.startApplication(WindowsDriverFactory.java:112)
	at com.kms.katalon.core.windows.driver.WindowsDriverFactory.startApplication(WindowsDriverFactory.java:96)
	at com.kms.katalon.core.windows.driver.WindowsDriverFactory$startApplication.call(Unknown Source)
	at com.kms.katalon.core.windows.keyword.builtin.StartApplicationWithTitleKeyword$_startApplicationWithTitle_closure1.doCall(StartApplicationWithTitleKeyword.groovy:33)
	at com.kms.katalon.core.windows.keyword.builtin.StartApplicationWithTitleKeyword$_startApplicationWithTitle_closure1.doCall(StartApplicationWithTitleKeyword.groovy)
	at java.base/jdk.internal.reflect.NativeMethodAccessorImpl.invoke0(Native Method)
	at java.base/jdk.internal.reflect.NativeMethodAccessorImpl.invoke(NativeMethodAccessorImpl.java:77)
	at java.base/jdk.internal.reflect.DelegatingMethodAccessorImpl.invoke(DelegatingMethodAccessorImpl.java:43)
	at com.kms.katalon.core.keyword.internal.KeywordMain.runKeyword(KeywordMain.groovy:90)
	at com.kms.katalon.core.keyword.internal.KeywordMain$runKeyword.call(Unknown Source)
	at com.kms.katalon.core.windows.keyword.builtin.StartApplicationWithTitleKeyword.startApplicationWithTitle(StartApplicationWithTitleKeyword.groovy:32)
	at com.kms.katalon.core.windows.keyword.builtin.StartApplicationWithTitleKeyword.execute(StartApplicationWithTitleKeyword.groovy:28)
	at com.kms.katalon.core.keyword.internal.KeywordExecutor.executeKeywordForPlatform(KeywordExecutor.groovy:74)
	at com.kms.katalon.core.windows.keyword.WindowsBuiltinKeywords.startApplicationWithTitle(WindowsBuiltinKeywords.java:1064)
	at Script1716305407857.run(Script1716305407857.groovy:20)
	... 15 more
)]]></system-out>
         <system-err><![CDATA[03-07-2024T22:04:26 - [TEST_CASE][FAILED] - Test Cases/New Test Case: Test Cases/New Test Case FAILED.
Reason:
com.kms.katalon.core.exception.StepFailedException: Connection refused: no further information
Build info: version: '3.141.59', revision: 'e82be7d358', time: '2018-11-14T08:25:53'
System info: host: 'HUYBT2', ip: '192.168.1.13', os.name: 'Windows 11', os.arch: 'amd64', os.version: '10.0', java.version: '17.0.7'
Driver info: driver.version: WindowsDriver (Root cause: org.openqa.selenium.WebDriverException: Connection refused: no further information
Build info: version: '3.141.59', revision: 'e82be7d358', time: '2018-11-14T08:25:53'
System info: host: 'HUYBT2', ip: '192.168.1.13', os.name: 'Windows 11', os.arch: 'amd64', os.version: '10.0', java.version: '17.0.7'
Driver info: driver.version: WindowsDriver
	at io.appium.java_client.remote.AppiumCommandExecutor.lambda$5(AppiumCommandExecutor.java:251)
	at io.appium.java_client.remote.AppiumCommandExecutor.execute(AppiumCommandExecutor.java:250)
	at org.openqa.selenium.remote.RemoteWebDriver.execute(RemoteWebDriver.java:552)
	at io.appium.java_client.DefaultGenericMobileDriver.execute(DefaultGenericMobileDriver.java:42)
	at io.appium.java_client.AppiumDriver.execute(AppiumDriver.java:1)
	at io.appium.java_client.windows.WindowsDriver.execute(WindowsDriver.java:1)
	at org.openqa.selenium.remote.RemoteWebDriver.startSession(RemoteWebDriver.java:213)
	at org.openqa.selenium.remote.RemoteWebDriver.<init>(RemoteWebDriver.java:131)
	at io.appium.java_client.DefaultGenericMobileDriver.<init>(DefaultGenericMobileDriver.java:38)
	at io.appium.java_client.AppiumDriver.<init>(AppiumDriver.java:84)
	at io.appium.java_client.windows.WindowsDriver.<init>(WindowsDriver.java:38)
	at com.kms.katalon.core.windows.driver.WindowsDriverFactory.newWindowsDriver(WindowsDriverFactory.java:194)
	at com.kms.katalon.core.windows.driver.WindowsDriverFactory.startApplication(WindowsDriverFactory.java:112)
	at com.kms.katalon.core.windows.driver.WindowsDriverFactory.startApplication(WindowsDriverFactory.java:96)
	at com.kms.katalon.core.windows.driver.WindowsDriverFactory$startApplication.call(Unknown Source)
	at com.kms.katalon.core.windows.keyword.builtin.StartApplicationWithTitleKeyword$_startApplicationWithTitle_closure1.doCall(StartApplicationWithTitleKeyword.groovy:33)
	at com.kms.katalon.core.windows.keyword.builtin.StartApplicationWithTitleKeyword$_startApplicationWithTitle_closure1.doCall(StartApplicationWithTitleKeyword.groovy)
	at java.base/jdk.internal.reflect.NativeMethodAccessorImpl.invoke0(Native Method)
	at java.base/jdk.internal.reflect.NativeMethodAccessorImpl.invoke(NativeMethodAccessorImpl.java:77)
	at java.base/jdk.internal.reflect.DelegatingMethodAccessorImpl.invoke(DelegatingMethodAccessorImpl.java:43)
	at com.kms.katalon.core.keyword.internal.KeywordMain.runKeyword(KeywordMain.groovy:90)
	at com.kms.katalon.core.keyword.internal.KeywordMain$runKeyword.call(Unknown Source)
	at com.kms.katalon.core.windows.keyword.builtin.StartApplicationWithTitleKeyword.startApplicationWithTitle(StartApplicationWithTitleKeyword.groovy:32)
	at com.kms.katalon.core.windows.keyword.builtin.StartApplicationWithTitleKeyword.execute(StartApplicationWithTitleKeyword.groovy:28)
	at com.kms.katalon.core.keyword.internal.KeywordExecutor.executeKeywordForPlatform(KeywordExecutor.groovy:74)
	at com.kms.katalon.core.windows.keyword.WindowsBuiltinKeywords.startApplicationWithTitle(WindowsBuiltinKeywords.java:1064)
	at New Test Case.run(New Test Case:20)
	at com.kms.katalon.core.main.ScriptEngine.run(ScriptEngine.java:194)
	at com.kms.katalon.core.main.ScriptEngine.runScriptAsRawText(ScriptEngine.java:119)
	at com.kms.katalon.core.main.TestCaseExecutor.runScript(TestCaseExecutor.java:448)
	at com.kms.katalon.core.main.TestCaseExecutor.doExecute(TestCaseExecutor.java:439)
	at com.kms.katalon.core.main.TestCaseExecutor.processExecutionPhase(TestCaseExecutor.java:418)
	at com.kms.katalon.core.main.TestCaseExecutor.accessMainPhase(TestCaseExecutor.java:410)
	at com.kms.katalon.core.main.TestCaseExecutor.execute(TestCaseExecutor.java:285)
	at com.kms.katalon.core.common.CommonExecutor.accessTestCaseMainPhase(CommonExecutor.java:65)
	at com.kms.katalon.core.main.TestSuiteExecutor.accessTestSuiteMainPhase(TestSuiteExecutor.java:150)
	at com.kms.katalon.core.main.TestSuiteExecutor.execute(TestSuiteExecutor.java:106)
	at com.kms.katalon.core.main.TestCaseMain.startTestSuite(TestCaseMain.java:180)
	at TempTestSuite1720019027809.run(TempTestSuite1720019027809.groovy:35)
	at java.base/jdk.internal.reflect.NativeMethodAccessorImpl.invoke0(Native Method)
	at java.base/jdk.internal.reflect.NativeMethodAccessorImpl.invoke(NativeMethodAccessorImpl.java:77)
	at java.base/jdk.internal.reflect.DelegatingMethodAccessorImpl.invoke(DelegatingMethodAccessorImpl.java:43)
Caused by: java.net.ConnectException: Connection refused: no further information
	at okhttp3.internal.platform.Platform.connectSocket(Platform.java:129)
	at okhttp3.internal.connection.RealConnection.connectSocket(RealConnection.java:245)
	at okhttp3.internal.connection.RealConnection.connect(RealConnection.java:165)
	at okhttp3.internal.connection.StreamAllocation.findConnection(StreamAllocation.java:257)
	at okhttp3.internal.connection.StreamAllocation.findHealthyConnection(StreamAllocation.java:135)
	at okhttp3.internal.connection.StreamAllocation.newStream(StreamAllocation.java:114)
	at okhttp3.internal.connection.ConnectInterceptor.intercept(ConnectInterceptor.java:42)
	at okhttp3.internal.http.RealInterceptorChain.proceed(RealInterceptorChain.java:147)
	at okhttp3.internal.http.RealInterceptorChain.proceed(RealInterceptorChain.java:121)
	at okhttp3.internal.cache.CacheInterceptor.intercept(CacheInterceptor.java:93)
	at okhttp3.internal.http.RealInterceptorChain.proceed(RealInterceptorChain.java:147)
	at okhttp3.internal.http.RealInterceptorChain.proceed(RealInterceptorChain.java:121)
	at okhttp3.internal.http.BridgeInterceptor.intercept(BridgeInterceptor.java:93)
	at okhttp3.internal.http.RealInterceptorChain.proceed(RealInterceptorChain.java:147)
	at okhttp3.internal.http.RetryAndFollowUpInterceptor.intercept(RetryAndFollowUpInterceptor.java:126)
	at okhttp3.internal.http.RealInterceptorChain.proceed(RealInterceptorChain.java:147)
	at okhttp3.internal.http.RealInterceptorChain.proceed(RealInterceptorChain.java:121)
	at okhttp3.RealCall.getResponseWithInterceptorChain(RealCall.java:200)
	at okhttp3.RealCall.execute(RealCall.java:77)
	at org.openqa.selenium.remote.internal.OkHttpClient.execute(OkHttpClient.java:103)
	at org.openqa.selenium.remote.ProtocolHandshake.createSession(ProtocolHandshake.java:105)
	at java.base/jdk.internal.reflect.NativeMethodAccessorImpl.invoke0(Native Method)
	at java.base/jdk.internal.reflect.NativeMethodAccessorImpl.invoke(NativeMethodAccessorImpl.java:77)
	at java.base/jdk.internal.reflect.DelegatingMethodAccessorImpl.invoke(DelegatingMethodAccessorImpl.java:43)
	at io.appium.java_client.remote.AppiumCommandExecutor$1.createSession(AppiumCommandExecutor.java:186)
	at io.appium.java_client.remote.AppiumCommandExecutor.createSession(AppiumCommandExecutor.java:217)
	at io.appium.java_client.remote.AppiumCommandExecutor.execute(AppiumCommandExecutor.java:239)
	at org.openqa.selenium.remote.RemoteWebDriver.execute(RemoteWebDriver.java:552)
	at io.appium.java_client.DefaultGenericMobileDriver.execute(DefaultGenericMobileDriver.java:42)
	at io.appium.java_client.AppiumDriver.execute(AppiumDriver.java:1)
	at io.appium.java_client.windows.WindowsDriver.execute(WindowsDriver.java:1)
	at org.openqa.selenium.remote.RemoteWebDriver.startSession(RemoteWebDriver.java:213)
	at org.openqa.selenium.remote.RemoteWebDriver.<init>(RemoteWebDriver.java:131)
	at io.appium.java_client.DefaultGenericMobileDriver.<init>(DefaultGenericMobileDriver.java:38)
	at io.appium.java_client.AppiumDriver.<init>(AppiumDriver.java:84)
	at io.appium.java_client.windows.WindowsDriver.<init>(WindowsDriver.java:38)
	at com.kms.katalon.core.windows.driver.WindowsDriverFactory.newWindowsDriver(WindowsDriverFactory.java:194)
	at com.kms.katalon.core.windows.driver.WindowsDriverFactory.startApplication(WindowsDriverFactory.java:112)
	at com.kms.katalon.core.windows.driver.WindowsDriverFactory.startApplication(WindowsDriverFactory.java:96)
	at com.kms.katalon.core.windows.driver.WindowsDriverFactory$startApplication.call(Unknown Source)
	at com.kms.katalon.core.windows.keyword.builtin.StartApplicationWithTitleKeyword$_startApplicationWithTitle_closure1.doCall(StartApplicationWithTitleKeyword.groovy:33)
	at com.kms.katalon.core.windows.keyword.builtin.StartApplicationWithTitleKeyword$_startApplicationWithTitle_closure1.doCall(StartApplicationWithTitleKeyword.groovy)
	at java.base/jdk.internal.reflect.NativeMethodAccessorImpl.invoke0(Native Method)
	at java.base/jdk.internal.reflect.NativeMethodAccessorImpl.invoke(NativeMethodAccessorImpl.java:77)
	at java.base/jdk.internal.reflect.DelegatingMethodAccessorImpl.invoke(DelegatingMethodAccessorImpl.java:43)
	at com.kms.katalon.core.keyword.internal.KeywordMain.runKeyword(KeywordMain.groovy:90)
	at com.kms.katalon.core.keyword.internal.KeywordMain$runKeyword.call(Unknown Source)
	at com.kms.katalon.core.windows.keyword.builtin.StartApplicationWithTitleKeyword.startApplicationWithTitle(StartApplicationWithTitleKeyword.groovy:32)
	at com.kms.katalon.core.windows.keyword.builtin.StartApplicationWithTitleKeyword.execute(StartApplicationWithTitleKeyword.groovy:28)
	at com.kms.katalon.core.keyword.internal.KeywordExecutor.executeKeywordForPlatform(KeywordExecutor.groovy:74)
	at com.kms.katalon.core.windows.keyword.WindowsBuiltinKeywords.startApplicationWithTitle(WindowsBuiltinKeywords.java:1064)
	at Script1716305407857.run(Script1716305407857.groovy:20)
	... 15 more
)
	at com.kms.katalon.core.keyword.internal.KeywordMain.stepFailed(KeywordMain.groovy:51)
	at com.kms.katalon.core.keyword.internal.KeywordMain.stepFailed(KeywordMain.groovy)
	at com.kms.katalon.core.keyword.internal.KeywordMain.runKeyword(KeywordMain.groovy:92)
	at com.kms.katalon.core.keyword.internal.KeywordMain$runKeyword.call(Unknown Source)
	at com.kms.katalon.core.windows.keyword.builtin.StartApplicationWithTitleKeyword.startApplicationWithTitle(StartApplicationWithTitleKeyword.groovy:32)
	at com.kms.katalon.core.windows.keyword.builtin.StartApplicationWithTitleKeyword.execute(StartApplicationWithTitleKeyword.groovy:28)
	at com.kms.katalon.core.keyword.internal.KeywordExecutor.executeKeywordForPlatform(KeywordExecutor.groovy:74)
	at com.kms.katalon.core.windows.keyword.WindowsBuiltinKeywords.startApplicationWithTitle(WindowsBuiltinKeywords.java:1064)
	at New Test Case.run(New Test Case:20)
	at com.kms.katalon.core.main.ScriptEngine.run(ScriptEngine.java:194)
	at com.kms.katalon.core.main.ScriptEngine.runScriptAsRawText(ScriptEngine.java:119)
	at com.kms.katalon.core.main.TestCaseExecutor.runScript(TestCaseExecutor.java:448)
	at com.kms.katalon.core.main.TestCaseExecutor.doExecute(TestCaseExecutor.java:439)
	at com.kms.katalon.core.main.TestCaseExecutor.processExecutionPhase(TestCaseExecutor.java:418)
	at com.kms.katalon.core.main.TestCaseExecutor.accessMainPhase(TestCaseExecutor.java:410)
	at com.kms.katalon.core.main.TestCaseExecutor.execute(TestCaseExecutor.java:285)
	at com.kms.katalon.core.common.CommonExecutor.accessTestCaseMainPhase(CommonExecutor.java:65)
	at com.kms.katalon.core.main.TestSuiteExecutor.accessTestSuiteMainPhase(TestSuiteExecutor.java:150)
	at com.kms.katalon.core.main.TestSuiteExecutor.execute(TestSuiteExecutor.java:106)
	at com.kms.katalon.core.main.TestCaseMain.startTestSuite(TestCaseMain.java:180)
	at TempTestSuite1720019027809.run(TempTestSuite1720019027809.groovy:35)
	at java.base/jdk.internal.reflect.NativeMethodAccessorImpl.invoke0(Native Method)
	at java.base/jdk.internal.reflect.NativeMethodAccessorImpl.invoke(NativeMethodAccessorImpl.java:77)
	at java.base/jdk.internal.reflect.DelegatingMethodAccessorImpl.invoke(DelegatingMethodAccessorImpl.java:43)
Caused by: org.openqa.selenium.WebDriverException: Connection refused: no further information
Build info: version: '3.141.59', revision: 'e82be7d358', time: '2018-11-14T08:25:53'
System info: host: 'HUYBT2', ip: '192.168.1.13', os.name: 'Windows 11', os.arch: 'amd64', os.version: '10.0', java.version: '17.0.7'
Driver info: driver.version: WindowsDriver
	at io.appium.java_client.remote.AppiumCommandExecutor.lambda$5(AppiumCommandExecutor.java:251)
	at io.appium.java_client.remote.AppiumCommandExecutor.execute(AppiumCommandExecutor.java:250)
	at org.openqa.selenium.remote.RemoteWebDriver.execute(RemoteWebDriver.java:552)
	at io.appium.java_client.DefaultGenericMobileDriver.execute(DefaultGenericMobileDriver.java:42)
	at io.appium.java_client.AppiumDriver.execute(AppiumDriver.java:1)
	at io.appium.java_client.windows.WindowsDriver.execute(WindowsDriver.java:1)
	at org.openqa.selenium.remote.RemoteWebDriver.startSession(RemoteWebDriver.java:213)
	at org.openqa.selenium.remote.RemoteWebDriver.<init>(RemoteWebDriver.java:131)
	at io.appium.java_client.DefaultGenericMobileDriver.<init>(DefaultGenericMobileDriver.java:38)
	at io.appium.java_client.AppiumDriver.<init>(AppiumDriver.java:84)
	at io.appium.java_client.windows.WindowsDriver.<init>(WindowsDriver.java:38)
	at com.kms.katalon.core.windows.driver.WindowsDriverFactory.newWindowsDriver(WindowsDriverFactory.java:194)
	at com.kms.katalon.core.windows.driver.WindowsDriverFactory.startApplication(WindowsDriverFactory.java:112)
	at com.kms.katalon.core.windows.driver.WindowsDriverFactory.startApplication(WindowsDriverFactory.java:96)
	at com.kms.katalon.core.windows.driver.WindowsDriverFactory$startApplication.call(Unknown Source)
	at com.kms.katalon.core.windows.keyword.builtin.StartApplicationWithTitleKeyword$_startApplicationWithTitle_closure1.doCall(StartApplicationWithTitleKeyword.groovy:33)
	at com.kms.katalon.core.windows.keyword.builtin.StartApplicationWithTitleKeyword$_startApplicationWithTitle_closure1.doCall(StartApplicationWithTitleKeyword.groovy)
	at java.base/jdk.internal.reflect.NativeMethodAccessorImpl.invoke0(Native Method)
	at java.base/jdk.internal.reflect.NativeMethodAccessorImpl.invoke(NativeMethodAccessorImpl.java:77)
	at java.base/jdk.internal.reflect.DelegatingMethodAccessorImpl.invoke(DelegatingMethodAccessorImpl.java:43)
	at com.kms.katalon.core.keyword.internal.KeywordMain.runKeyword(KeywordMain.groovy:90)
	... 21 more
Caused by: java.net.ConnectException: Connection refused: no further information
	at okhttp3.internal.platform.Platform.connectSocket(Platform.java:129)
	at okhttp3.internal.connection.RealConnection.connectSocket(RealConnection.java:245)
	at okhttp3.internal.connection.RealConnection.connect(RealConnection.java:165)
	at okhttp3.internal.connection.StreamAllocation.findConnection(StreamAllocation.java:257)
	at okhttp3.internal.connection.StreamAllocation.findHealthyConnection(StreamAllocation.java:135)
	at okhttp3.internal.connection.StreamAllocation.newStream(StreamAllocation.java:114)
	at okhttp3.internal.connection.ConnectInterceptor.intercept(ConnectInterceptor.java:42)
	at okhttp3.internal.http.RealInterceptorChain.proceed(RealInterceptorChain.java:147)
	at okhttp3.internal.http.RealInterceptorChain.proceed(RealInterceptorChain.java:121)
	at okhttp3.internal.cache.CacheInterceptor.intercept(CacheInterceptor.java:93)
	at okhttp3.internal.http.RealInterceptorChain.proceed(RealInterceptorChain.java:147)
	at okhttp3.internal.http.RealInterceptorChain.proceed(RealInterceptorChain.java:121)
	at okhttp3.internal.http.BridgeInterceptor.intercept(BridgeInterceptor.java:93)
	at okhttp3.internal.http.RealInterceptorChain.proceed(RealInterceptorChain.java:147)
	at okhttp3.internal.http.RetryAndFollowUpInterceptor.intercept(RetryAndFollowUpInterceptor.java:126)
	at okhttp3.internal.http.RealInterceptorChain.proceed(RealInterceptorChain.java:147)
	at okhttp3.internal.http.RealInterceptorChain.proceed(RealInterceptorChain.java:121)
	at okhttp3.RealCall.getResponseWithInterceptorChain(RealCall.java:200)
	at okhttp3.RealCall.execute(RealCall.java:77)
	at org.openqa.selenium.remote.internal.OkHttpClient.execute(OkHttpClient.java:103)
	at org.openqa.selenium.remote.ProtocolHandshake.createSession(ProtocolHandshake.java:105)
	at java.base/jdk.internal.reflect.NativeMethodAccessorImpl.invoke0(Native Method)
	at java.base/jdk.internal.reflect.NativeMethodAccessorImpl.invoke(NativeMethodAccessorImpl.java:77)
	at java.base/jdk.internal.reflect.DelegatingMethodAccessorImpl.invoke(DelegatingMethodAccessorImpl.java:43)
	at io.appium.java_client.remote.AppiumCommandExecutor$1.createSession(AppiumCommandExecutor.java:186)
	at io.appium.java_client.remote.AppiumCommandExecutor.createSession(AppiumCommandExecutor.java:217)
	at io.appium.java_client.remote.AppiumCommandExecutor.execute(AppiumCommandExecutor.java:239)
	... 40 more]]></system-err>
      </testcase>
      <testcase name="Test Cases/ab/New Test Case (1)" time="5.187" classname="Test Cases/ab/New Test Case (1)" status="PASSED">
         <system-out><![CDATA[03-07-2024T22:04:27 - [TEST_CASE][PASSED] - Test Cases/ab/New Test Case (1): Test Cases/ab/New Test Case (1)

03-07-2024T22:04:28 - [TEST_STEP][PASSED] - openBrowser(""): Browser is opened with url: ''

03-07-2024T22:04:28 - [MESSAGE][INFO] - Starting 'Chrome' driver

03-07-2024T22:04:28 - [MESSAGE][INFO] - Action delay is set to 0 milliseconds

03-07-2024T22:04:31 - [MESSAGE][PASSED] - Browser is opened with url: ''

03-07-2024T22:04:31 - [TEST_STEP][PASSED] - closeBrowser(): Browser is closed

03-07-2024T22:04:33 - [MESSAGE][PASSED] - Browser is closed]]></system-out>
         <system-err><![CDATA[]]></system-err>
      </testcase>
      <testcase name="Test Cases/ab/New Test Case (10)" time="4.545" classname="Test Cases/ab/New Test Case (10)" status="PASSED">
         <system-out><![CDATA[03-07-2024T22:04:33 - [TEST_CASE][PASSED] - Test Cases/ab/New Test Case (10): Test Cases/ab/New Test Case (10)

03-07-2024T22:04:33 - [TEST_STEP][PASSED] - openBrowser(""): Browser is opened with url: ''

03-07-2024T22:04:33 - [MESSAGE][INFO] - Starting 'Chrome' driver

03-07-2024T22:04:33 - [MESSAGE][INFO] - Action delay is set to 0 milliseconds

03-07-2024T22:04:35 - [MESSAGE][PASSED] - Browser is opened with url: ''

03-07-2024T22:04:35 - [TEST_STEP][PASSED] - closeBrowser(): Browser is closed

03-07-2024T22:04:37 - [MESSAGE][PASSED] - Browser is closed]]></system-out>
         <system-err><![CDATA[]]></system-err>
      </testcase>
      <testcase name="Test Cases/ab/New Test Case (11)" time="4.949" classname="Test Cases/ab/New Test Case (11)" status="PASSED">
         <system-out><![CDATA[03-07-2024T22:04:37 - [TEST_CASE][PASSED] - Test Cases/ab/New Test Case (11): Test Cases/ab/New Test Case (11)

03-07-2024T22:04:37 - [TEST_STEP][PASSED] - openBrowser(""): Browser is opened with url: ''

03-07-2024T22:04:37 - [MESSAGE][INFO] - Starting 'Chrome' driver

03-07-2024T22:04:37 - [MESSAGE][INFO] - Action delay is set to 0 milliseconds

03-07-2024T22:04:40 - [MESSAGE][PASSED] - Browser is opened with url: ''

03-07-2024T22:04:40 - [TEST_STEP][PASSED] - closeBrowser(): Browser is closed

03-07-2024T22:04:42 - [MESSAGE][PASSED] - Browser is closed]]></system-out>
         <system-err><![CDATA[]]></system-err>
      </testcase>
      <testcase name="Test Cases/ab/New Test Case (12)" time="3.942" classname="Test Cases/ab/New Test Case (12)" status="PASSED">
         <system-out><![CDATA[03-07-2024T22:04:42 - [TEST_CASE][PASSED] - Test Cases/ab/New Test Case (12): Test Cases/ab/New Test Case (12)

03-07-2024T22:04:42 - [TEST_STEP][PASSED] - openBrowser(""): Browser is opened with url: ''

03-07-2024T22:04:42 - [MESSAGE][INFO] - Starting 'Chrome' driver

03-07-2024T22:04:42 - [MESSAGE][INFO] - Action delay is set to 0 milliseconds

03-07-2024T22:04:46 - [MESSAGE][PASSED] - Browser is opened with url: ''

03-07-2024T22:04:46 - [TEST_STEP][PASSED] - closeBrowser(): Browser is closed

03-07-2024T22:04:46 - [MESSAGE][PASSED] - Browser is closed]]></system-out>
         <system-err><![CDATA[]]></system-err>
      </testcase>
      <testcase name="Test Cases/ab/New Test Case (13)" time="5.191" classname="Test Cases/ab/New Test Case (13)" status="PASSED">
         <system-out><![CDATA[03-07-2024T22:04:46 - [TEST_CASE][PASSED] - Test Cases/ab/New Test Case (13): Test Cases/ab/New Test Case (13)

03-07-2024T22:04:46 - [TEST_STEP][PASSED] - openBrowser(""): Browser is opened with url: ''

03-07-2024T22:04:46 - [MESSAGE][INFO] - Starting 'Chrome' driver

03-07-2024T22:04:46 - [MESSAGE][INFO] - Action delay is set to 0 milliseconds

03-07-2024T22:04:49 - [MESSAGE][PASSED] - Browser is opened with url: ''

03-07-2024T22:04:49 - [TEST_STEP][PASSED] - closeBrowser(): Browser is closed

03-07-2024T22:04:51 - [MESSAGE][PASSED] - Browser is closed]]></system-out>
         <system-err><![CDATA[]]></system-err>
      </testcase>
      <testcase name="Test Cases/ab/New Test Case (14)" time="4.435" classname="Test Cases/ab/New Test Case (14)" status="PASSED">
         <system-out><![CDATA[03-07-2024T22:04:51 - [TEST_CASE][PASSED] - Test Cases/ab/New Test Case (14): Test Cases/ab/New Test Case (14)

03-07-2024T22:04:51 - [TEST_STEP][PASSED] - openBrowser(""): Browser is opened with url: ''

03-07-2024T22:04:51 - [MESSAGE][INFO] - Starting 'Chrome' driver

03-07-2024T22:04:51 - [MESSAGE][INFO] - Action delay is set to 0 milliseconds

03-07-2024T22:04:53 - [MESSAGE][PASSED] - Browser is opened with url: ''

03-07-2024T22:04:53 - [TEST_STEP][PASSED] - closeBrowser(): Browser is closed

03-07-2024T22:04:56 - [MESSAGE][PASSED] - Browser is closed]]></system-out>
         <system-err><![CDATA[]]></system-err>
      </testcase>
      <testcase name="Test Cases/ab/New Test Case (15)" time="5.242" classname="Test Cases/ab/New Test Case (15)" status="PASSED">
         <system-out><![CDATA[03-07-2024T22:04:56 - [TEST_CASE][PASSED] - Test Cases/ab/New Test Case (15): Test Cases/ab/New Test Case (15)

03-07-2024T22:04:56 - [TEST_STEP][PASSED] - openBrowser(""): Browser is opened with url: ''

03-07-2024T22:04:56 - [MESSAGE][INFO] - Starting 'Chrome' driver

03-07-2024T22:04:56 - [MESSAGE][INFO] - Action delay is set to 0 milliseconds

03-07-2024T22:04:58 - [MESSAGE][PASSED] - Browser is opened with url: ''

03-07-2024T22:04:58 - [TEST_STEP][PASSED] - closeBrowser(): Browser is closed

03-07-2024T22:05:01 - [MESSAGE][PASSED] - Browser is closed]]></system-out>
         <system-err><![CDATA[]]></system-err>
      </testcase>
      <testcase name="Test Cases/ab/New Test Case (16)" time="5.505" classname="Test Cases/ab/New Test Case (16)" status="PASSED">
         <system-out><![CDATA[03-07-2024T22:05:01 - [TEST_CASE][PASSED] - Test Cases/ab/New Test Case (16): Test Cases/ab/New Test Case (16)

03-07-2024T22:05:01 - [TEST_STEP][PASSED] - openBrowser(""): Browser is opened with url: ''

03-07-2024T22:05:01 - [MESSAGE][INFO] - Starting 'Chrome' driver

03-07-2024T22:05:01 - [MESSAGE][INFO] - Action delay is set to 0 milliseconds

03-07-2024T22:05:03 - [MESSAGE][PASSED] - Browser is opened with url: ''

03-07-2024T22:05:03 - [TEST_STEP][PASSED] - closeBrowser(): Browser is closed

03-07-2024T22:05:07 - [MESSAGE][PASSED] - Browser is closed]]></system-out>
         <system-err><![CDATA[]]></system-err>
      </testcase>
      <testcase name="Test Cases/ab/New Test Case (17)" time="4.588" classname="Test Cases/ab/New Test Case (17)" status="PASSED">
         <system-out><![CDATA[03-07-2024T22:05:07 - [TEST_CASE][PASSED] - Test Cases/ab/New Test Case (17): Test Cases/ab/New Test Case (17)

03-07-2024T22:05:07 - [TEST_STEP][PASSED] - openBrowser(""): Browser is opened with url: ''

03-07-2024T22:05:07 - [MESSAGE][INFO] - Starting 'Chrome' driver

03-07-2024T22:05:07 - [MESSAGE][INFO] - Action delay is set to 0 milliseconds

03-07-2024T22:05:09 - [MESSAGE][PASSED] - Browser is opened with url: ''

03-07-2024T22:05:09 - [TEST_STEP][PASSED] - closeBrowser(): Browser is closed

03-07-2024T22:05:11 - [MESSAGE][PASSED] - Browser is closed]]></system-out>
         <system-err><![CDATA[]]></system-err>
      </testcase>
      <testcase name="Test Cases/ab/New Test Case (18)" time="5.685" classname="Test Cases/ab/New Test Case (18)" status="PASSED">
         <system-out><![CDATA[03-07-2024T22:05:11 - [TEST_CASE][PASSED] - Test Cases/ab/New Test Case (18): Test Cases/ab/New Test Case (18)

03-07-2024T22:05:11 - [TEST_STEP][PASSED] - openBrowser(""): Browser is opened with url: ''

03-07-2024T22:05:11 - [MESSAGE][INFO] - Starting 'Chrome' driver

03-07-2024T22:05:11 - [MESSAGE][INFO] - Action delay is set to 0 milliseconds

03-07-2024T22:05:13 - [MESSAGE][PASSED] - Browser is opened with url: ''

03-07-2024T22:05:13 - [TEST_STEP][PASSED] - closeBrowser(): Browser is closed

03-07-2024T22:05:17 - [MESSAGE][PASSED] - Browser is closed]]></system-out>
         <system-err><![CDATA[]]></system-err>
      </testcase>
      <testcase name="Test Cases/ab/New Test Case (19)" time="3.48" classname="Test Cases/ab/New Test Case (19)" status="PASSED">
         <system-out><![CDATA[03-07-2024T22:05:17 - [TEST_CASE][PASSED] - Test Cases/ab/New Test Case (19): Test Cases/ab/New Test Case (19)

03-07-2024T22:05:17 - [TEST_STEP][PASSED] - openBrowser(""): Browser is opened with url: ''

03-07-2024T22:05:17 - [MESSAGE][INFO] - Starting 'Chrome' driver

03-07-2024T22:05:17 - [MESSAGE][INFO] - Action delay is set to 0 milliseconds

03-07-2024T22:05:20 - [MESSAGE][PASSED] - Browser is opened with url: ''

03-07-2024T22:05:20 - [TEST_STEP][PASSED] - closeBrowser(): Browser is closed

03-07-2024T22:05:20 - [MESSAGE][PASSED] - Browser is closed]]></system-out>
         <system-err><![CDATA[]]></system-err>
      </testcase>
      <testcase name="Test Cases/ab/New Test Case (2)" time="4.325" classname="Test Cases/ab/New Test Case (2)" status="PASSED">
         <system-out><![CDATA[03-07-2024T22:05:21 - [TEST_CASE][PASSED] - Test Cases/ab/New Test Case (2): Test Cases/ab/New Test Case (2)

03-07-2024T22:05:21 - [TEST_STEP][PASSED] - openBrowser(""): Browser is opened with url: ''

03-07-2024T22:05:21 - [MESSAGE][INFO] - Starting 'Chrome' driver

03-07-2024T22:05:21 - [MESSAGE][INFO] - Action delay is set to 0 milliseconds

03-07-2024T22:05:23 - [MESSAGE][PASSED] - Browser is opened with url: ''

03-07-2024T22:05:23 - [TEST_STEP][PASSED] - closeBrowser(): Browser is closed

03-07-2024T22:05:25 - [MESSAGE][PASSED] - Browser is closed]]></system-out>
         <system-err><![CDATA[]]></system-err>
      </testcase>
      <testcase name="Test Cases/ab/New Test Case (20)" time="4.904" classname="Test Cases/ab/New Test Case (20)" status="PASSED">
         <system-out><![CDATA[03-07-2024T22:05:25 - [TEST_CASE][PASSED] - Test Cases/ab/New Test Case (20): Test Cases/ab/New Test Case (20)

03-07-2024T22:05:25 - [TEST_STEP][PASSED] - openBrowser(""): Browser is opened with url: ''

03-07-2024T22:05:25 - [MESSAGE][INFO] - Starting 'Chrome' driver

03-07-2024T22:05:25 - [MESSAGE][INFO] - Action delay is set to 0 milliseconds

03-07-2024T22:05:28 - [MESSAGE][PASSED] - Browser is opened with url: ''

03-07-2024T22:05:28 - [TEST_STEP][PASSED] - closeBrowser(): Browser is closed

03-07-2024T22:05:30 - [MESSAGE][PASSED] - Browser is closed]]></system-out>
         <system-err><![CDATA[]]></system-err>
      </testcase>
      <testcase name="Test Cases/ab/New Test Case (21)" time="5.665" classname="Test Cases/ab/New Test Case (21)" status="PASSED">
         <system-out><![CDATA[03-07-2024T22:05:30 - [TEST_CASE][PASSED] - Test Cases/ab/New Test Case (21): Test Cases/ab/New Test Case (21)

03-07-2024T22:05:30 - [TEST_STEP][PASSED] - openBrowser(""): Browser is opened with url: ''

03-07-2024T22:05:30 - [MESSAGE][INFO] - Starting 'Chrome' driver

03-07-2024T22:05:30 - [MESSAGE][INFO] - Action delay is set to 0 milliseconds

03-07-2024T22:05:34 - [MESSAGE][PASSED] - Browser is opened with url: ''

03-07-2024T22:05:34 - [TEST_STEP][PASSED] - closeBrowser(): Browser is closed

03-07-2024T22:05:36 - [MESSAGE][PASSED] - Browser is closed]]></system-out>
         <system-err><![CDATA[]]></system-err>
      </testcase>
      <testcase name="Test Cases/ab/New Test Case (22)" time="4.349" classname="Test Cases/ab/New Test Case (22)" status="PASSED">
         <system-out><![CDATA[03-07-2024T22:05:36 - [TEST_CASE][PASSED] - Test Cases/ab/New Test Case (22): Test Cases/ab/New Test Case (22)

03-07-2024T22:05:36 - [TEST_STEP][PASSED] - openBrowser(""): Browser is opened with url: ''

03-07-2024T22:05:36 - [MESSAGE][INFO] - Starting 'Chrome' driver

03-07-2024T22:05:36 - [MESSAGE][INFO] - Action delay is set to 0 milliseconds

03-07-2024T22:05:39 - [MESSAGE][PASSED] - Browser is opened with url: ''

03-07-2024T22:05:39 - [TEST_STEP][PASSED] - closeBrowser(): Browser is closed

03-07-2024T22:05:40 - [MESSAGE][PASSED] - Browser is closed]]></system-out>
         <system-err><![CDATA[]]></system-err>
      </testcase>
      <testcase name="Test Cases/ab/New Test Case (23)" time="4.309" classname="Test Cases/ab/New Test Case (23)" status="PASSED">
         <system-out><![CDATA[03-07-2024T22:05:40 - [TEST_CASE][PASSED] - Test Cases/ab/New Test Case (23): Test Cases/ab/New Test Case (23)

03-07-2024T22:05:40 - [TEST_STEP][PASSED] - openBrowser(""): Browser is opened with url: ''

03-07-2024T22:05:40 - [MESSAGE][INFO] - Starting 'Chrome' driver

03-07-2024T22:05:40 - [MESSAGE][INFO] - Action delay is set to 0 milliseconds

03-07-2024T22:05:43 - [MESSAGE][PASSED] - Browser is opened with url: ''

03-07-2024T22:05:43 - [TEST_STEP][PASSED] - closeBrowser(): Browser is closed

03-07-2024T22:05:44 - [MESSAGE][PASSED] - Browser is closed]]></system-out>
         <system-err><![CDATA[]]></system-err>
      </testcase>
      <testcase name="Test Cases/ab/New Test Case (24)" time="3.59" classname="Test Cases/ab/New Test Case (24)" status="PASSED">
         <system-out><![CDATA[03-07-2024T22:05:44 - [TEST_CASE][PASSED] - Test Cases/ab/New Test Case (24): Test Cases/ab/New Test Case (24)

03-07-2024T22:05:44 - [TEST_STEP][PASSED] - openBrowser(""): Browser is opened with url: ''

03-07-2024T22:05:44 - [MESSAGE][INFO] - Starting 'Chrome' driver

03-07-2024T22:05:44 - [MESSAGE][INFO] - Action delay is set to 0 milliseconds

03-07-2024T22:05:47 - [MESSAGE][PASSED] - Browser is opened with url: ''

03-07-2024T22:05:47 - [TEST_STEP][PASSED] - closeBrowser(): Browser is closed

03-07-2024T22:05:48 - [MESSAGE][PASSED] - Browser is closed]]></system-out>
         <system-err><![CDATA[]]></system-err>
      </testcase>
      <testcase name="Test Cases/ab/New Test Case (25)" time="4.612" classname="Test Cases/ab/New Test Case (25)" status="PASSED">
         <system-out><![CDATA[03-07-2024T22:05:48 - [TEST_CASE][PASSED] - Test Cases/ab/New Test Case (25): Test Cases/ab/New Test Case (25)

03-07-2024T22:05:48 - [TEST_STEP][PASSED] - openBrowser(""): Browser is opened with url: ''

03-07-2024T22:05:48 - [MESSAGE][INFO] - Starting 'Chrome' driver

03-07-2024T22:05:48 - [MESSAGE][INFO] - Action delay is set to 0 milliseconds

03-07-2024T22:05:50 - [MESSAGE][PASSED] - Browser is opened with url: ''

03-07-2024T22:05:50 - [TEST_STEP][PASSED] - closeBrowser(): Browser is closed

03-07-2024T22:05:52 - [MESSAGE][PASSED] - Browser is closed]]></system-out>
         <system-err><![CDATA[]]></system-err>
      </testcase>
      <testcase name="Test Cases/ab/New Test Case (26)" time="4.514" classname="Test Cases/ab/New Test Case (26)" status="PASSED">
         <system-out><![CDATA[03-07-2024T22:05:53 - [TEST_CASE][PASSED] - Test Cases/ab/New Test Case (26): Test Cases/ab/New Test Case (26)

03-07-2024T22:05:53 - [TEST_STEP][PASSED] - openBrowser(""): Browser is opened with url: ''

03-07-2024T22:05:53 - [MESSAGE][INFO] - Starting 'Chrome' driver

03-07-2024T22:05:53 - [MESSAGE][INFO] - Action delay is set to 0 milliseconds

03-07-2024T22:05:56 - [MESSAGE][PASSED] - Browser is opened with url: ''

03-07-2024T22:05:56 - [TEST_STEP][PASSED] - closeBrowser(): Browser is closed

03-07-2024T22:05:57 - [MESSAGE][PASSED] - Browser is closed]]></system-out>
         <system-err><![CDATA[]]></system-err>
      </testcase>
      <testcase name="Test Cases/ab/New Test Case (27)" time="4.634" classname="Test Cases/ab/New Test Case (27)" status="PASSED">
         <system-out><![CDATA[03-07-2024T22:05:57 - [TEST_CASE][PASSED] - Test Cases/ab/New Test Case (27): Test Cases/ab/New Test Case (27)

03-07-2024T22:05:57 - [TEST_STEP][PASSED] - openBrowser(""): Browser is opened with url: ''

03-07-2024T22:05:57 - [MESSAGE][INFO] - Starting 'Chrome' driver

03-07-2024T22:05:57 - [MESSAGE][INFO] - Action delay is set to 0 milliseconds

03-07-2024T22:06:01 - [MESSAGE][PASSED] - Browser is opened with url: ''

03-07-2024T22:06:01 - [TEST_STEP][PASSED] - closeBrowser(): Browser is closed

03-07-2024T22:06:02 - [MESSAGE][PASSED] - Browser is closed]]></system-out>
         <system-err><![CDATA[]]></system-err>
      </testcase>
      <testcase name="Test Cases/ab/New Test Case (28)" time="0.233" classname="Test Cases/ab/New Test Case (28)" status="PASSED">
         <system-out><![CDATA[03-07-2024T22:06:02 - [TEST_CASE][PASSED] - Test Cases/ab/New Test Case (28): Test Cases/ab/New Test Case (28)

03-07-2024T22:06:02 - [TEST_STEP][PASSED] - return null: null]]></system-out>
         <system-err><![CDATA[]]></system-err>
      </testcase>
      <testcase name="Test Cases/ab/New Test Case (29)" time="6.258" classname="Test Cases/ab/New Test Case (29)" status="PASSED">
         <system-out><![CDATA[03-07-2024T22:06:02 - [TEST_CASE][PASSED] - Test Cases/ab/New Test Case (29): Test Cases/ab/New Test Case (29)

03-07-2024T22:06:02 - [TEST_STEP][PASSED] - openBrowser(""): Browser is opened with url: ''

03-07-2024T22:06:02 - [MESSAGE][INFO] - Starting 'Chrome' driver

03-07-2024T22:06:02 - [MESSAGE][INFO] - Action delay is set to 0 milliseconds

03-07-2024T22:06:07 - [MESSAGE][PASSED] - Browser is opened with url: ''

03-07-2024T22:06:07 - [TEST_STEP][PASSED] - closeBrowser(): Browser is closed

03-07-2024T22:06:08 - [MESSAGE][PASSED] - Browser is closed]]></system-out>
         <system-err><![CDATA[]]></system-err>
      </testcase>
      <testcase name="Test Cases/ab/New Test Case (3)" time="4.431" classname="Test Cases/ab/New Test Case (3)" status="PASSED">
         <system-out><![CDATA[03-07-2024T22:06:08 - [TEST_CASE][PASSED] - Test Cases/ab/New Test Case (3): Test Cases/ab/New Test Case (3)

03-07-2024T22:06:08 - [TEST_STEP][PASSED] - openBrowser(""): Browser is opened with url: ''

03-07-2024T22:06:08 - [MESSAGE][INFO] - Starting 'Chrome' driver

03-07-2024T22:06:08 - [MESSAGE][INFO] - Action delay is set to 0 milliseconds

03-07-2024T22:06:12 - [MESSAGE][PASSED] - Browser is opened with url: ''

03-07-2024T22:06:12 - [TEST_STEP][PASSED] - closeBrowser(): Browser is closed

03-07-2024T22:06:13 - [MESSAGE][PASSED] - Browser is closed]]></system-out>
         <system-err><![CDATA[]]></system-err>
      </testcase>
      <testcase name="Test Cases/ab/New Test Case (30)" time="4.423" classname="Test Cases/ab/New Test Case (30)" status="PASSED">
         <system-out><![CDATA[03-07-2024T22:06:13 - [TEST_CASE][PASSED] - Test Cases/ab/New Test Case (30): Test Cases/ab/New Test Case (30)

03-07-2024T22:06:13 - [TEST_STEP][PASSED] - openBrowser(""): Browser is opened with url: ''

03-07-2024T22:06:13 - [MESSAGE][INFO] - Starting 'Chrome' driver

03-07-2024T22:06:13 - [MESSAGE][INFO] - Action delay is set to 0 milliseconds

03-07-2024T22:06:16 - [MESSAGE][PASSED] - Browser is opened with url: ''

03-07-2024T22:06:16 - [TEST_STEP][PASSED] - closeBrowser(): Browser is closed

03-07-2024T22:06:17 - [MESSAGE][PASSED] - Browser is closed]]></system-out>
         <system-err><![CDATA[]]></system-err>
      </testcase>
      <testcase name="Test Cases/ab/New Test Case (31)" time="4.728" classname="Test Cases/ab/New Test Case (31)" status="PASSED">
         <system-out><![CDATA[03-07-2024T22:06:17 - [TEST_CASE][PASSED] - Test Cases/ab/New Test Case (31): Test Cases/ab/New Test Case (31)

03-07-2024T22:06:17 - [TEST_STEP][PASSED] - openBrowser(""): Browser is opened with url: ''

03-07-2024T22:06:17 - [MESSAGE][INFO] - Starting 'Chrome' driver

03-07-2024T22:06:17 - [MESSAGE][INFO] - Action delay is set to 0 milliseconds

03-07-2024T22:06:20 - [MESSAGE][PASSED] - Browser is opened with url: ''

03-07-2024T22:06:20 - [TEST_STEP][PASSED] - closeBrowser(): Browser is closed

03-07-2024T22:06:22 - [MESSAGE][PASSED] - Browser is closed]]></system-out>
         <system-err><![CDATA[]]></system-err>
      </testcase>
      <testcase name="Test Cases/ab/New Test Case (32)" time="4.435" classname="Test Cases/ab/New Test Case (32)" status="PASSED">
         <system-out><![CDATA[03-07-2024T22:06:22 - [TEST_CASE][PASSED] - Test Cases/ab/New Test Case (32): Test Cases/ab/New Test Case (32)

03-07-2024T22:06:22 - [TEST_STEP][PASSED] - openBrowser(""): Browser is opened with url: ''

03-07-2024T22:06:22 - [MESSAGE][INFO] - Starting 'Chrome' driver

03-07-2024T22:06:22 - [MESSAGE][INFO] - Action delay is set to 0 milliseconds

03-07-2024T22:06:25 - [MESSAGE][PASSED] - Browser is opened with url: ''

03-07-2024T22:06:25 - [TEST_STEP][PASSED] - closeBrowser(): Browser is closed

03-07-2024T22:06:26 - [MESSAGE][PASSED] - Browser is closed]]></system-out>
         <system-err><![CDATA[]]></system-err>
      </testcase>
      <testcase name="Test Cases/ab/New Test Case (33)" time="5.729" classname="Test Cases/ab/New Test Case (33)" status="PASSED">
         <system-out><![CDATA[03-07-2024T22:06:26 - [TEST_CASE][PASSED] - Test Cases/ab/New Test Case (33): Test Cases/ab/New Test Case (33)

03-07-2024T22:06:26 - [TEST_STEP][PASSED] - openBrowser(""): Browser is opened with url: ''

03-07-2024T22:06:27 - [MESSAGE][INFO] - Starting 'Chrome' driver

03-07-2024T22:06:27 - [MESSAGE][INFO] - Action delay is set to 0 milliseconds

03-07-2024T22:06:29 - [MESSAGE][PASSED] - Browser is opened with url: ''

03-07-2024T22:06:29 - [TEST_STEP][PASSED] - closeBrowser(): Browser is closed

03-07-2024T22:06:32 - [MESSAGE][PASSED] - Browser is closed]]></system-out>
         <system-err><![CDATA[]]></system-err>
      </testcase>
      <testcase name="Test Cases/ab/New Test Case (34)" time="4.579" classname="Test Cases/ab/New Test Case (34)" status="PASSED">
         <system-out><![CDATA[03-07-2024T22:06:32 - [TEST_CASE][PASSED] - Test Cases/ab/New Test Case (34): Test Cases/ab/New Test Case (34)

03-07-2024T22:06:32 - [TEST_STEP][PASSED] - openBrowser(""): Browser is opened with url: ''

03-07-2024T22:06:32 - [MESSAGE][INFO] - Starting 'Chrome' driver

03-07-2024T22:06:32 - [MESSAGE][INFO] - Action delay is set to 0 milliseconds

03-07-2024T22:06:34 - [MESSAGE][PASSED] - Browser is opened with url: ''

03-07-2024T22:06:34 - [TEST_STEP][PASSED] - closeBrowser(): Browser is closed

03-07-2024T22:06:37 - [MESSAGE][PASSED] - Browser is closed]]></system-out>
         <system-err><![CDATA[]]></system-err>
      </testcase>
      <testcase name="Test Cases/ab/New Test Case (4)" time="6.325" classname="Test Cases/ab/New Test Case (4)" status="PASSED">
         <system-out><![CDATA[03-07-2024T22:06:37 - [TEST_CASE][PASSED] - Test Cases/ab/New Test Case (4): Test Cases/ab/New Test Case (4)

03-07-2024T22:06:37 - [TEST_STEP][PASSED] - openBrowser(""): Browser is opened with url: ''

03-07-2024T22:06:37 - [MESSAGE][INFO] - Starting 'Chrome' driver

03-07-2024T22:06:37 - [MESSAGE][INFO] - Action delay is set to 0 milliseconds

03-07-2024T22:06:39 - [MESSAGE][PASSED] - Browser is opened with url: ''

03-07-2024T22:06:39 - [TEST_STEP][PASSED] - closeBrowser(): Browser is closed

03-07-2024T22:06:43 - [MESSAGE][PASSED] - Browser is closed]]></system-out>
         <system-err><![CDATA[]]></system-err>
      </testcase>
      <testcase name="Test Cases/ab/New Test Case (5)" time="3.821" classname="Test Cases/ab/New Test Case (5)" status="PASSED">
         <system-out><![CDATA[03-07-2024T22:06:43 - [TEST_CASE][PASSED] - Test Cases/ab/New Test Case (5): Test Cases/ab/New Test Case (5)

03-07-2024T22:06:43 - [TEST_STEP][PASSED] - openBrowser(""): Browser is opened with url: ''

03-07-2024T22:06:43 - [MESSAGE][INFO] - Starting 'Chrome' driver

03-07-2024T22:06:43 - [MESSAGE][INFO] - Action delay is set to 0 milliseconds

03-07-2024T22:06:44 - [MESSAGE][PASSED] - Browser is opened with url: ''

03-07-2024T22:06:44 - [TEST_STEP][PASSED] - closeBrowser(): Browser is closed

03-07-2024T22:06:47 - [MESSAGE][PASSED] - Browser is closed]]></system-out>
         <system-err><![CDATA[]]></system-err>
      </testcase>
      <testcase name="Test Cases/ab/New Test Case (6)" time="4.611" classname="Test Cases/ab/New Test Case (6)" status="PASSED">
         <system-out><![CDATA[03-07-2024T22:06:47 - [TEST_CASE][PASSED] - Test Cases/ab/New Test Case (6): Test Cases/ab/New Test Case (6)

03-07-2024T22:06:47 - [TEST_STEP][PASSED] - openBrowser(""): Browser is opened with url: ''

03-07-2024T22:06:47 - [MESSAGE][INFO] - Starting 'Chrome' driver

03-07-2024T22:06:47 - [MESSAGE][INFO] - Action delay is set to 0 milliseconds

03-07-2024T22:06:49 - [MESSAGE][PASSED] - Browser is opened with url: ''

03-07-2024T22:06:49 - [TEST_STEP][PASSED] - closeBrowser(): Browser is closed

03-07-2024T22:06:52 - [MESSAGE][PASSED] - Browser is closed]]></system-out>
         <system-err><![CDATA[]]></system-err>
      </testcase>
      <testcase name="Test Cases/ab/New Test Case (7)" time="5.219" classname="Test Cases/ab/New Test Case (7)" status="PASSED">
         <system-out><![CDATA[03-07-2024T22:06:52 - [TEST_CASE][PASSED] - Test Cases/ab/New Test Case (7): Test Cases/ab/New Test Case (7)

03-07-2024T22:06:52 - [TEST_STEP][PASSED] - openBrowser(""): Browser is opened with url: ''

03-07-2024T22:06:52 - [MESSAGE][INFO] - Starting 'Chrome' driver

03-07-2024T22:06:52 - [MESSAGE][INFO] - Action delay is set to 0 milliseconds

03-07-2024T22:06:53 - [MESSAGE][PASSED] - Browser is opened with url: ''

03-07-2024T22:06:53 - [TEST_STEP][PASSED] - closeBrowser(): Browser is closed

03-07-2024T22:06:57 - [MESSAGE][PASSED] - Browser is closed]]></system-out>
         <system-err><![CDATA[]]></system-err>
      </testcase>
      <testcase name="Test Cases/ab/New Test Case (8)" time="5.434" classname="Test Cases/ab/New Test Case (8)" status="PASSED">
         <system-out><![CDATA[03-07-2024T22:06:57 - [TEST_CASE][PASSED] - Test Cases/ab/New Test Case (8): Test Cases/ab/New Test Case (8)

03-07-2024T22:06:57 - [TEST_STEP][PASSED] - openBrowser(""): Browser is opened with url: ''

03-07-2024T22:06:57 - [MESSAGE][INFO] - Starting 'Chrome' driver

03-07-2024T22:06:57 - [MESSAGE][INFO] - Action delay is set to 0 milliseconds

03-07-2024T22:06:59 - [MESSAGE][PASSED] - Browser is opened with url: ''

03-07-2024T22:06:59 - [TEST_STEP][PASSED] - closeBrowser(): Browser is closed

03-07-2024T22:07:02 - [MESSAGE][PASSED] - Browser is closed]]></system-out>
         <system-err><![CDATA[]]></system-err>
      </testcase>
      <testcase name="Test Cases/ab/New Test Case (9)" time="4.808" classname="Test Cases/ab/New Test Case (9)" status="PASSED">
         <system-out><![CDATA[03-07-2024T22:07:02 - [TEST_CASE][PASSED] - Test Cases/ab/New Test Case (9): Test Cases/ab/New Test Case (9)

03-07-2024T22:07:02 - [TEST_STEP][PASSED] - openBrowser(""): Browser is opened with url: ''

03-07-2024T22:07:02 - [MESSAGE][INFO] - Starting 'Chrome' driver

03-07-2024T22:07:02 - [MESSAGE][INFO] - Action delay is set to 0 milliseconds

03-07-2024T22:07:05 - [MESSAGE][PASSED] - Browser is opened with url: ''

03-07-2024T22:07:05 - [TEST_STEP][PASSED] - closeBrowser(): Browser is closed

03-07-2024T22:07:07 - [MESSAGE][PASSED] - Browser is closed]]></system-out>
         <system-err><![CDATA[]]></system-err>
      </testcase>
      <testcase name="Test Cases/ab/New Test Case" time="0.366" classname="Test Cases/ab/New Test Case" status="FAILED">
         <failure type="FAILED" message="Test Cases/ab/New Test Case FAILED.&#xa;Reason:&#xa;com.kms.katalon.core.exception.StepFailedException: Unable to navigate to authenticated page&#xa;	at com.kms.katalon.core.webui.keyword.internal.WebUIKeywordMain.stepFailed(WebUIKeywordMain.groovy:64)&#xa;	at com.kms.katalon.core.webui.keyword.internal.WebUIKeywordMain.runKeyword(WebUIKeywordMain.groovy:26)&#xa;	at com.kms.katalon.core.webui.keyword.builtin.AuthenticateKeyword.authenticate(AuthenticateKeyword.groovy:50)&#xa;	at com.kms.katalon.core.webui.keyword.builtin.AuthenticateKeyword.execute(AuthenticateKeyword.groovy:43)&#xa;	at com.kms.katalon.core.keyword.internal.KeywordExecutor.executeKeywordForPlatform(KeywordExecutor.groovy:74)&#xa;	at com.kms.katalon.core.webui.keyword.WebUiBuiltInKeywords.authenticate(WebUiBuiltInKeywords.groovy:2756)&#xa;	at New Test Case.run(New Test Case:20)&#xa;	at com.kms.katalon.core.main.ScriptEngine.run(ScriptEngine.java:194)&#xa;	at com.kms.katalon.core.main.ScriptEngine.runScriptAsRawText(ScriptEngine.java:119)&#xa;	at com.kms.katalon.core.main.TestCaseExecutor.runScript(TestCaseExecutor.java:448)&#xa;	at com.kms.katalon.core.main.TestCaseExecutor.doExecute(TestCaseExecutor.java:439)&#xa;	at com.kms.katalon.core.main.TestCaseExecutor.processExecutionPhase(TestCaseExecutor.java:418)&#xa;	at com.kms.katalon.core.main.TestCaseExecutor.accessMainPhase(TestCaseExecutor.java:410)&#xa;	at com.kms.katalon.core.main.TestCaseExecutor.execute(TestCaseExecutor.java:285)&#xa;	at com.kms.katalon.core.common.CommonExecutor.accessTestCaseMainPhase(CommonExecutor.java:65)&#xa;	at com.kms.katalon.core.main.TestSuiteExecutor.accessTestSuiteMainPhase(TestSuiteExecutor.java:150)&#xa;	at com.kms.katalon.core.main.TestSuiteExecutor.execute(TestSuiteExecutor.java:106)&#xa;	at com.kms.katalon.core.main.TestCaseMain.startTestSuite(TestCaseMain.java:180)&#xa;	at TempTestSuite1720019027809.run(TempTestSuite1720019027809.groovy:35)&#xa;	at java.base/jdk.internal.reflect.NativeMethodAccessorImpl.invoke0(Native Method)&#xa;	at java.base/jdk.internal.reflect.NativeMethodAccessorImpl.invoke(NativeMethodAccessorImpl.java:77)&#xa;	at java.base/jdk.internal.reflect.DelegatingMethodAccessorImpl.invoke(DelegatingMethodAccessorImpl.java:43)&#xa;Caused by: java.net.URISyntaxException: Expected authority at index 8: https://&#xa;	at com.kms.katalon.core.util.internal.PathUtil.getUrl(PathUtil.java:117)&#xa;	at com.kms.katalon.core.webui.keyword.builtin.AuthenticateKeyword$_authenticate_closure1.doCall(AuthenticateKeyword.groovy:72)&#xa;	at com.kms.katalon.core.webui.keyword.builtin.AuthenticateKeyword$_authenticate_closure1.call(AuthenticateKeyword.groovy)&#xa;	at com.kms.katalon.core.webui.keyword.internal.WebUIKeywordMain.runKeyword(WebUIKeywordMain.groovy:20)&#xa;	... 20 more&#xa;"/>
         <system-out><![CDATA[03-07-2024T22:07:07 - [TEST_CASE][FAILED] - Test Cases/ab/New Test Case: Test Cases/ab/New Test Case FAILED.
Reason:
com.kms.katalon.core.exception.StepFailedException: Unable to navigate to authenticated page
	at com.kms.katalon.core.webui.keyword.internal.WebUIKeywordMain.stepFailed(WebUIKeywordMain.groovy:64)
	at com.kms.katalon.core.webui.keyword.internal.WebUIKeywordMain.runKeyword(WebUIKeywordMain.groovy:26)
	at com.kms.katalon.core.webui.keyword.builtin.AuthenticateKeyword.authenticate(AuthenticateKeyword.groovy:50)
	at com.kms.katalon.core.webui.keyword.builtin.AuthenticateKeyword.execute(AuthenticateKeyword.groovy:43)
	at com.kms.katalon.core.keyword.internal.KeywordExecutor.executeKeywordForPlatform(KeywordExecutor.groovy:74)
	at com.kms.katalon.core.webui.keyword.WebUiBuiltInKeywords.authenticate(WebUiBuiltInKeywords.groovy:2756)
	at New Test Case.run(New Test Case:20)
	at com.kms.katalon.core.main.ScriptEngine.run(ScriptEngine.java:194)
	at com.kms.katalon.core.main.ScriptEngine.runScriptAsRawText(ScriptEngine.java:119)
	at com.kms.katalon.core.main.TestCaseExecutor.runScript(TestCaseExecutor.java:448)
	at com.kms.katalon.core.main.TestCaseExecutor.doExecute(TestCaseExecutor.java:439)
	at com.kms.katalon.core.main.TestCaseExecutor.processExecutionPhase(TestCaseExecutor.java:418)
	at com.kms.katalon.core.main.TestCaseExecutor.accessMainPhase(TestCaseExecutor.java:410)
	at com.kms.katalon.core.main.TestCaseExecutor.execute(TestCaseExecutor.java:285)
	at com.kms.katalon.core.common.CommonExecutor.accessTestCaseMainPhase(CommonExecutor.java:65)
	at com.kms.katalon.core.main.TestSuiteExecutor.accessTestSuiteMainPhase(TestSuiteExecutor.java:150)
	at com.kms.katalon.core.main.TestSuiteExecutor.execute(TestSuiteExecutor.java:106)
	at com.kms.katalon.core.main.TestCaseMain.startTestSuite(TestCaseMain.java:180)
	at TempTestSuite1720019027809.run(TempTestSuite1720019027809.groovy:35)
	at java.base/jdk.internal.reflect.NativeMethodAccessorImpl.invoke0(Native Method)
	at java.base/jdk.internal.reflect.NativeMethodAccessorImpl.invoke(NativeMethodAccessorImpl.java:77)
	at java.base/jdk.internal.reflect.DelegatingMethodAccessorImpl.invoke(DelegatingMethodAccessorImpl.java:43)
Caused by: java.net.URISyntaxException: Expected authority at index 8: https://
	at com.kms.katalon.core.util.internal.PathUtil.getUrl(PathUtil.java:117)
	at com.kms.katalon.core.webui.keyword.builtin.AuthenticateKeyword$_authenticate_closure1.doCall(AuthenticateKeyword.groovy:72)
	at com.kms.katalon.core.webui.keyword.builtin.AuthenticateKeyword$_authenticate_closure1.call(AuthenticateKeyword.groovy)
	at com.kms.katalon.core.webui.keyword.internal.WebUIKeywordMain.runKeyword(WebUIKeywordMain.groovy:20)
	... 20 more


03-07-2024T22:07:07 - [TEST_STEP][FAILED] - authenticate("", "", "", 0): Unable to navigate to authenticated page (Root cause: com.kms.katalon.core.exception.StepFailedException: Unable to navigate to authenticated page
	at com.kms.katalon.core.webui.keyword.internal.WebUIKeywordMain.stepFailed(WebUIKeywordMain.groovy:64)
	at com.kms.katalon.core.webui.keyword.internal.WebUIKeywordMain.runKeyword(WebUIKeywordMain.groovy:26)
	at com.kms.katalon.core.webui.keyword.builtin.AuthenticateKeyword.authenticate(AuthenticateKeyword.groovy:50)
	at com.kms.katalon.core.webui.keyword.builtin.AuthenticateKeyword.execute(AuthenticateKeyword.groovy:43)
	at com.kms.katalon.core.keyword.internal.KeywordExecutor.executeKeywordForPlatform(KeywordExecutor.groovy:74)
	at com.kms.katalon.core.webui.keyword.WebUiBuiltInKeywords.authenticate(WebUiBuiltInKeywords.groovy:2756)
	at New Test Case.run(New Test Case:20)
	at com.kms.katalon.core.main.ScriptEngine.run(ScriptEngine.java:194)
	at com.kms.katalon.core.main.ScriptEngine.runScriptAsRawText(ScriptEngine.java:119)
	at com.kms.katalon.core.main.TestCaseExecutor.runScript(TestCaseExecutor.java:448)
	at com.kms.katalon.core.main.TestCaseExecutor.doExecute(TestCaseExecutor.java:439)
	at com.kms.katalon.core.main.TestCaseExecutor.processExecutionPhase(TestCaseExecutor.java:418)
	at com.kms.katalon.core.main.TestCaseExecutor.accessMainPhase(TestCaseExecutor.java:410)
	at com.kms.katalon.core.main.TestCaseExecutor.execute(TestCaseExecutor.java:285)
	at com.kms.katalon.core.common.CommonExecutor.accessTestCaseMainPhase(CommonExecutor.java:65)
	at com.kms.katalon.core.main.TestSuiteExecutor.accessTestSuiteMainPhase(TestSuiteExecutor.java:150)
	at com.kms.katalon.core.main.TestSuiteExecutor.execute(TestSuiteExecutor.java:106)
	at com.kms.katalon.core.main.TestCaseMain.startTestSuite(TestCaseMain.java:180)
	at TempTestSuite1720019027809.run(TempTestSuite1720019027809.groovy:35)
	at java.base/jdk.internal.reflect.NativeMethodAccessorImpl.invoke0(Native Method)
	at java.base/jdk.internal.reflect.NativeMethodAccessorImpl.invoke(NativeMethodAccessorImpl.java:77)
	at java.base/jdk.internal.reflect.DelegatingMethodAccessorImpl.invoke(DelegatingMethodAccessorImpl.java:43)
Caused by: java.net.URISyntaxException: Expected authority at index 8: https://
	at com.kms.katalon.core.util.internal.PathUtil.getUrl(PathUtil.java:117)
	at com.kms.katalon.core.webui.keyword.builtin.AuthenticateKeyword$_authenticate_closure1.doCall(AuthenticateKeyword.groovy:72)
	at com.kms.katalon.core.webui.keyword.builtin.AuthenticateKeyword$_authenticate_closure1.call(AuthenticateKeyword.groovy)
	at com.kms.katalon.core.webui.keyword.internal.WebUIKeywordMain.runKeyword(WebUIKeywordMain.groovy:20)
	at com.kms.katalon.core.webui.keyword.builtin.AuthenticateKeyword.authenticate(AuthenticateKeyword.groovy:50)
	at com.kms.katalon.core.webui.keyword.builtin.AuthenticateKeyword.execute(AuthenticateKeyword.groovy:43)
	at com.kms.katalon.core.keyword.internal.KeywordExecutor.executeKeywordForPlatform(KeywordExecutor.groovy:74)
	at com.kms.katalon.core.webui.keyword.WebUiBuiltInKeywords.authenticate(WebUiBuiltInKeywords.groovy:2756)
	at Script1716304985413.run(Script1716304985413.groovy:20)
	... 15 more
)

03-07-2024T22:07:08 - [MESSAGE][FAILED] - Unable to navigate to authenticated page (Root cause: com.kms.katalon.core.exception.StepFailedException: Unable to navigate to authenticated page
	at com.kms.katalon.core.webui.keyword.internal.WebUIKeywordMain.stepFailed(WebUIKeywordMain.groovy:64)
	at com.kms.katalon.core.webui.keyword.internal.WebUIKeywordMain.runKeyword(WebUIKeywordMain.groovy:26)
	at com.kms.katalon.core.webui.keyword.builtin.AuthenticateKeyword.authenticate(AuthenticateKeyword.groovy:50)
	at com.kms.katalon.core.webui.keyword.builtin.AuthenticateKeyword.execute(AuthenticateKeyword.groovy:43)
	at com.kms.katalon.core.keyword.internal.KeywordExecutor.executeKeywordForPlatform(KeywordExecutor.groovy:74)
	at com.kms.katalon.core.webui.keyword.WebUiBuiltInKeywords.authenticate(WebUiBuiltInKeywords.groovy:2756)
	at New Test Case.run(New Test Case:20)
	at com.kms.katalon.core.main.ScriptEngine.run(ScriptEngine.java:194)
	at com.kms.katalon.core.main.ScriptEngine.runScriptAsRawText(ScriptEngine.java:119)
	at com.kms.katalon.core.main.TestCaseExecutor.runScript(TestCaseExecutor.java:448)
	at com.kms.katalon.core.main.TestCaseExecutor.doExecute(TestCaseExecutor.java:439)
	at com.kms.katalon.core.main.TestCaseExecutor.processExecutionPhase(TestCaseExecutor.java:418)
	at com.kms.katalon.core.main.TestCaseExecutor.accessMainPhase(TestCaseExecutor.java:410)
	at com.kms.katalon.core.main.TestCaseExecutor.execute(TestCaseExecutor.java:285)
	at com.kms.katalon.core.common.CommonExecutor.accessTestCaseMainPhase(CommonExecutor.java:65)
	at com.kms.katalon.core.main.TestSuiteExecutor.accessTestSuiteMainPhase(TestSuiteExecutor.java:150)
	at com.kms.katalon.core.main.TestSuiteExecutor.execute(TestSuiteExecutor.java:106)
	at com.kms.katalon.core.main.TestCaseMain.startTestSuite(TestCaseMain.java:180)
	at TempTestSuite1720019027809.run(TempTestSuite1720019027809.groovy:35)
	at java.base/jdk.internal.reflect.NativeMethodAccessorImpl.invoke0(Native Method)
	at java.base/jdk.internal.reflect.NativeMethodAccessorImpl.invoke(NativeMethodAccessorImpl.java:77)
	at java.base/jdk.internal.reflect.DelegatingMethodAccessorImpl.invoke(DelegatingMethodAccessorImpl.java:43)
Caused by: java.net.URISyntaxException: Expected authority at index 8: https://
	at com.kms.katalon.core.util.internal.PathUtil.getUrl(PathUtil.java:117)
	at com.kms.katalon.core.webui.keyword.builtin.AuthenticateKeyword$_authenticate_closure1.doCall(AuthenticateKeyword.groovy:72)
	at com.kms.katalon.core.webui.keyword.builtin.AuthenticateKeyword$_authenticate_closure1.call(AuthenticateKeyword.groovy)
	at com.kms.katalon.core.webui.keyword.internal.WebUIKeywordMain.runKeyword(WebUIKeywordMain.groovy:20)
	at com.kms.katalon.core.webui.keyword.builtin.AuthenticateKeyword.authenticate(AuthenticateKeyword.groovy:50)
	at com.kms.katalon.core.webui.keyword.builtin.AuthenticateKeyword.execute(AuthenticateKeyword.groovy:43)
	at com.kms.katalon.core.keyword.internal.KeywordExecutor.executeKeywordForPlatform(KeywordExecutor.groovy:74)
	at com.kms.katalon.core.webui.keyword.WebUiBuiltInKeywords.authenticate(WebUiBuiltInKeywords.groovy:2756)
	at Script1716304985413.run(Script1716304985413.groovy:20)
	... 15 more
)]]></system-out>
         <system-err><![CDATA[03-07-2024T22:07:07 - [TEST_CASE][FAILED] - Test Cases/ab/New Test Case: Test Cases/ab/New Test Case FAILED.
Reason:
com.kms.katalon.core.exception.StepFailedException: Unable to navigate to authenticated page
	at com.kms.katalon.core.webui.keyword.internal.WebUIKeywordMain.stepFailed(WebUIKeywordMain.groovy:64)
	at com.kms.katalon.core.webui.keyword.internal.WebUIKeywordMain.runKeyword(WebUIKeywordMain.groovy:26)
	at com.kms.katalon.core.webui.keyword.builtin.AuthenticateKeyword.authenticate(AuthenticateKeyword.groovy:50)
	at com.kms.katalon.core.webui.keyword.builtin.AuthenticateKeyword.execute(AuthenticateKeyword.groovy:43)
	at com.kms.katalon.core.keyword.internal.KeywordExecutor.executeKeywordForPlatform(KeywordExecutor.groovy:74)
	at com.kms.katalon.core.webui.keyword.WebUiBuiltInKeywords.authenticate(WebUiBuiltInKeywords.groovy:2756)
	at New Test Case.run(New Test Case:20)
	at com.kms.katalon.core.main.ScriptEngine.run(ScriptEngine.java:194)
	at com.kms.katalon.core.main.ScriptEngine.runScriptAsRawText(ScriptEngine.java:119)
	at com.kms.katalon.core.main.TestCaseExecutor.runScript(TestCaseExecutor.java:448)
	at com.kms.katalon.core.main.TestCaseExecutor.doExecute(TestCaseExecutor.java:439)
	at com.kms.katalon.core.main.TestCaseExecutor.processExecutionPhase(TestCaseExecutor.java:418)
	at com.kms.katalon.core.main.TestCaseExecutor.accessMainPhase(TestCaseExecutor.java:410)
	at com.kms.katalon.core.main.TestCaseExecutor.execute(TestCaseExecutor.java:285)
	at com.kms.katalon.core.common.CommonExecutor.accessTestCaseMainPhase(CommonExecutor.java:65)
	at com.kms.katalon.core.main.TestSuiteExecutor.accessTestSuiteMainPhase(TestSuiteExecutor.java:150)
	at com.kms.katalon.core.main.TestSuiteExecutor.execute(TestSuiteExecutor.java:106)
	at com.kms.katalon.core.main.TestCaseMain.startTestSuite(TestCaseMain.java:180)
	at TempTestSuite1720019027809.run(TempTestSuite1720019027809.groovy:35)
	at java.base/jdk.internal.reflect.NativeMethodAccessorImpl.invoke0(Native Method)
	at java.base/jdk.internal.reflect.NativeMethodAccessorImpl.invoke(NativeMethodAccessorImpl.java:77)
	at java.base/jdk.internal.reflect.DelegatingMethodAccessorImpl.invoke(DelegatingMethodAccessorImpl.java:43)
Caused by: java.net.URISyntaxException: Expected authority at index 8: https://
	at com.kms.katalon.core.util.internal.PathUtil.getUrl(PathUtil.java:117)
	at com.kms.katalon.core.webui.keyword.builtin.AuthenticateKeyword$_authenticate_closure1.doCall(AuthenticateKeyword.groovy:72)
	at com.kms.katalon.core.webui.keyword.builtin.AuthenticateKeyword$_authenticate_closure1.call(AuthenticateKeyword.groovy)
	at com.kms.katalon.core.webui.keyword.internal.WebUIKeywordMain.runKeyword(WebUIKeywordMain.groovy:20)
	... 20 more]]></system-err>
      </testcase>
      <testcase name="Test Cases/abc/New Test Case (1)" time="16.676" classname="Test Cases/abc/New Test Case (1)" status="PASSED">
         <system-out><![CDATA[03-07-2024T22:07:08 - [TEST_CASE][PASSED] - Test Cases/abc/New Test Case (1): Test Cases/abc/New Test Case (1)

03-07-2024T22:07:08 - [TEST_STEP][PASSED] - openBrowser(""): Browser is opened with url: ''

03-07-2024T22:07:08 - [MESSAGE][INFO] - Starting 'Chrome' driver

03-07-2024T22:07:08 - [MESSAGE][INFO] - Action delay is set to 0 milliseconds

03-07-2024T22:07:12 - [MESSAGE][PASSED] - Browser is opened with url: ''

03-07-2024T22:07:12 - [TEST_STEP][PASSED] - navigateToUrl("https://academy.katalon.com/"): Navigate to 'https://academy.katalon.com/' successfully

03-07-2024T22:07:24 - [MESSAGE][PASSED] - Navigate to 'https://academy.katalon.com/' successfully

03-07-2024T22:07:24 - [TEST_STEP][PASSED] - closeBrowser(): Browser is closed

03-07-2024T22:07:24 - [MESSAGE][PASSED] - Browser is closed]]></system-out>
         <system-err><![CDATA[]]></system-err>
      </testcase>
      <testcase name="Test Cases/abc/New Test Case (10)" time="13.84" classname="Test Cases/abc/New Test Case (10)" status="PASSED">
         <system-out><![CDATA[03-07-2024T22:07:24 - [TEST_CASE][PASSED] - Test Cases/abc/New Test Case (10): Test Cases/abc/New Test Case (10)

03-07-2024T22:07:24 - [TEST_STEP][PASSED] - openBrowser(""): Browser is opened with url: ''

03-07-2024T22:07:24 - [MESSAGE][INFO] - Starting 'Chrome' driver

03-07-2024T22:07:24 - [MESSAGE][INFO] - Action delay is set to 0 milliseconds

03-07-2024T22:07:28 - [MESSAGE][PASSED] - Browser is opened with url: ''

03-07-2024T22:07:28 - [TEST_STEP][PASSED] - navigateToUrl("https://academy.katalon.com/"): Navigate to 'https://academy.katalon.com/' successfully

03-07-2024T22:07:37 - [MESSAGE][PASSED] - Navigate to 'https://academy.katalon.com/' successfully

03-07-2024T22:07:37 - [TEST_STEP][PASSED] - closeBrowser(): Browser is closed

03-07-2024T22:07:38 - [MESSAGE][PASSED] - Browser is closed]]></system-out>
         <system-err><![CDATA[]]></system-err>
      </testcase>
      <testcase name="Test Cases/abc/New Test Case (11)" time="13.36" classname="Test Cases/abc/New Test Case (11)" status="PASSED">
         <system-out><![CDATA[03-07-2024T22:07:38 - [TEST_CASE][PASSED] - Test Cases/abc/New Test Case (11): Test Cases/abc/New Test Case (11)

03-07-2024T22:07:38 - [TEST_STEP][PASSED] - openBrowser(""): Browser is opened with url: ''

03-07-2024T22:07:38 - [MESSAGE][INFO] - Starting 'Chrome' driver

03-07-2024T22:07:38 - [MESSAGE][INFO] - Action delay is set to 0 milliseconds

03-07-2024T22:07:41 - [MESSAGE][PASSED] - Browser is opened with url: ''

03-07-2024T22:07:41 - [TEST_STEP][PASSED] - navigateToUrl("https://academy.katalon.com/"): Navigate to 'https://academy.katalon.com/' successfully

03-07-2024T22:07:50 - [MESSAGE][PASSED] - Navigate to 'https://academy.katalon.com/' successfully

03-07-2024T22:07:50 - [TEST_STEP][PASSED] - closeBrowser(): Browser is closed

03-07-2024T22:07:52 - [MESSAGE][PASSED] - Browser is closed]]></system-out>
         <system-err><![CDATA[]]></system-err>
      </testcase>
      <testcase name="Test Cases/abc/New Test Case (12)" time="12.625" classname="Test Cases/abc/New Test Case (12)" status="PASSED">
         <system-out><![CDATA[03-07-2024T22:07:52 - [TEST_CASE][PASSED] - Test Cases/abc/New Test Case (12): Test Cases/abc/New Test Case (12)

03-07-2024T22:07:52 - [TEST_STEP][PASSED] - openBrowser(""): Browser is opened with url: ''

03-07-2024T22:07:52 - [MESSAGE][INFO] - Starting 'Chrome' driver

03-07-2024T22:07:52 - [MESSAGE][INFO] - Action delay is set to 0 milliseconds

03-07-2024T22:07:54 - [MESSAGE][PASSED] - Browser is opened with url: ''

03-07-2024T22:07:54 - [TEST_STEP][PASSED] - navigateToUrl("https://academy.katalon.com/"): Navigate to 'https://academy.katalon.com/' successfully

03-07-2024T22:08:04 - [MESSAGE][PASSED] - Navigate to 'https://academy.katalon.com/' successfully

03-07-2024T22:08:04 - [TEST_STEP][PASSED] - closeBrowser(): Browser is closed

03-07-2024T22:08:04 - [MESSAGE][PASSED] - Browser is closed]]></system-out>
         <system-err><![CDATA[]]></system-err>
      </testcase>
      <testcase name="Test Cases/abc/New Test Case (13)" time="9.351" classname="Test Cases/abc/New Test Case (13)" status="PASSED">
         <system-out><![CDATA[03-07-2024T22:08:04 - [TEST_CASE][PASSED] - Test Cases/abc/New Test Case (13): Test Cases/abc/New Test Case (13)

03-07-2024T22:08:04 - [TEST_STEP][PASSED] - openBrowser(""): Browser is opened with url: ''

03-07-2024T22:08:04 - [MESSAGE][INFO] - Starting 'Chrome' driver

03-07-2024T22:08:04 - [MESSAGE][INFO] - Action delay is set to 0 milliseconds

03-07-2024T22:08:07 - [MESSAGE][PASSED] - Browser is opened with url: ''

03-07-2024T22:08:07 - [TEST_STEP][PASSED] - navigateToUrl("https://academy.katalon.com/"): Navigate to 'https://academy.katalon.com/' successfully

03-07-2024T22:08:10 - [MESSAGE][PASSED] - Navigate to 'https://academy.katalon.com/' successfully

03-07-2024T22:08:10 - [TEST_STEP][PASSED] - closeBrowser(): Browser is closed

03-07-2024T22:08:14 - [MESSAGE][PASSED] - Browser is closed]]></system-out>
         <system-err><![CDATA[]]></system-err>
      </testcase>
      <testcase name="Test Cases/abc/New Test Case (14)" time="14.59" classname="Test Cases/abc/New Test Case (14)" status="PASSED">
         <system-out><![CDATA[03-07-2024T22:08:14 - [TEST_CASE][PASSED] - Test Cases/abc/New Test Case (14): Test Cases/abc/New Test Case (14)

03-07-2024T22:08:14 - [TEST_STEP][PASSED] - openBrowser(""): Browser is opened with url: ''

03-07-2024T22:08:14 - [MESSAGE][INFO] - Starting 'Chrome' driver

03-07-2024T22:08:14 - [MESSAGE][INFO] - Action delay is set to 0 milliseconds

03-07-2024T22:08:16 - [MESSAGE][PASSED] - Browser is opened with url: ''

03-07-2024T22:08:16 - [TEST_STEP][PASSED] - navigateToUrl("https://academy.katalon.com/"): Navigate to 'https://academy.katalon.com/' successfully

03-07-2024T22:08:26 - [MESSAGE][PASSED] - Navigate to 'https://academy.katalon.com/' successfully

03-07-2024T22:08:26 - [TEST_STEP][PASSED] - closeBrowser(): Browser is closed

03-07-2024T22:08:28 - [MESSAGE][PASSED] - Browser is closed]]></system-out>
         <system-err><![CDATA[]]></system-err>
      </testcase>
      <testcase name="Test Cases/abc/New Test Case (15)" time="13.437" classname="Test Cases/abc/New Test Case (15)" status="PASSED">
         <system-out><![CDATA[03-07-2024T22:08:28 - [TEST_CASE][PASSED] - Test Cases/abc/New Test Case (15): Test Cases/abc/New Test Case (15)

03-07-2024T22:08:28 - [TEST_STEP][PASSED] - openBrowser(""): Browser is opened with url: ''

03-07-2024T22:08:28 - [MESSAGE][INFO] - Starting 'Chrome' driver

03-07-2024T22:08:28 - [MESSAGE][INFO] - Action delay is set to 0 milliseconds

03-07-2024T22:08:30 - [MESSAGE][PASSED] - Browser is opened with url: ''

03-07-2024T22:08:30 - [TEST_STEP][PASSED] - navigateToUrl("https://academy.katalon.com/"): Navigate to 'https://academy.katalon.com/' successfully

03-07-2024T22:08:41 - [MESSAGE][PASSED] - Navigate to 'https://academy.katalon.com/' successfully

03-07-2024T22:08:41 - [TEST_STEP][PASSED] - closeBrowser(): Browser is closed

03-07-2024T22:08:42 - [MESSAGE][PASSED] - Browser is closed]]></system-out>
         <system-err><![CDATA[]]></system-err>
      </testcase>
      <testcase name="Test Cases/abc/New Test Case (16)" time="15.48" classname="Test Cases/abc/New Test Case (16)" status="PASSED">
         <system-out><![CDATA[03-07-2024T22:08:42 - [TEST_CASE][PASSED] - Test Cases/abc/New Test Case (16): Test Cases/abc/New Test Case (16)

03-07-2024T22:08:42 - [TEST_STEP][PASSED] - openBrowser(""): Browser is opened with url: ''

03-07-2024T22:08:42 - [MESSAGE][INFO] - Starting 'Chrome' driver

03-07-2024T22:08:42 - [MESSAGE][INFO] - Action delay is set to 0 milliseconds

03-07-2024T22:08:44 - [MESSAGE][PASSED] - Browser is opened with url: ''

03-07-2024T22:08:44 - [TEST_STEP][PASSED] - navigateToUrl("https://academy.katalon.com/"): Navigate to 'https://academy.katalon.com/' successfully

03-07-2024T22:08:55 - [MESSAGE][PASSED] - Navigate to 'https://academy.katalon.com/' successfully

03-07-2024T22:08:55 - [TEST_STEP][PASSED] - closeBrowser(): Browser is closed

03-07-2024T22:08:57 - [MESSAGE][PASSED] - Browser is closed]]></system-out>
         <system-err><![CDATA[]]></system-err>
      </testcase>
      <testcase name="Test Cases/abc/New Test Case (17)" time="13.697" classname="Test Cases/abc/New Test Case (17)" status="PASSED">
         <system-out><![CDATA[03-07-2024T22:08:57 - [TEST_CASE][PASSED] - Test Cases/abc/New Test Case (17): Test Cases/abc/New Test Case (17)

03-07-2024T22:08:57 - [TEST_STEP][PASSED] - openBrowser(""): Browser is opened with url: ''

03-07-2024T22:08:57 - [MESSAGE][INFO] - Starting 'Chrome' driver

03-07-2024T22:08:57 - [MESSAGE][INFO] - Action delay is set to 0 milliseconds

03-07-2024T22:09:01 - [MESSAGE][PASSED] - Browser is opened with url: ''

03-07-2024T22:09:01 - [TEST_STEP][PASSED] - navigateToUrl("https://academy.katalon.com/"): Navigate to 'https://academy.katalon.com/' successfully

03-07-2024T22:09:10 - [MESSAGE][PASSED] - Navigate to 'https://academy.katalon.com/' successfully

03-07-2024T22:09:10 - [TEST_STEP][PASSED] - closeBrowser(): Browser is closed

03-07-2024T22:09:11 - [MESSAGE][PASSED] - Browser is closed]]></system-out>
         <system-err><![CDATA[]]></system-err>
      </testcase>
      <testcase name="Test Cases/abc/New Test Case (18)" time="11.635" classname="Test Cases/abc/New Test Case (18)" status="PASSED">
         <system-out><![CDATA[03-07-2024T22:09:11 - [TEST_CASE][PASSED] - Test Cases/abc/New Test Case (18): Test Cases/abc/New Test Case (18)

03-07-2024T22:09:11 - [TEST_STEP][PASSED] - openBrowser(""): Browser is opened with url: ''

03-07-2024T22:09:11 - [MESSAGE][INFO] - Starting 'Chrome' driver

03-07-2024T22:09:11 - [MESSAGE][INFO] - Action delay is set to 0 milliseconds

03-07-2024T22:09:13 - [MESSAGE][PASSED] - Browser is opened with url: ''

03-07-2024T22:09:13 - [TEST_STEP][PASSED] - navigateToUrl("https://academy.katalon.com/"): Navigate to 'https://academy.katalon.com/' successfully

03-07-2024T22:09:22 - [MESSAGE][PASSED] - Navigate to 'https://academy.katalon.com/' successfully

03-07-2024T22:09:22 - [TEST_STEP][PASSED] - closeBrowser(): Browser is closed

03-07-2024T22:09:23 - [MESSAGE][PASSED] - Browser is closed]]></system-out>
         <system-err><![CDATA[]]></system-err>
      </testcase>
      <testcase name="Test Cases/abc/New Test Case (19)" time="14.415" classname="Test Cases/abc/New Test Case (19)" status="PASSED">
         <system-out><![CDATA[03-07-2024T22:09:23 - [TEST_CASE][PASSED] - Test Cases/abc/New Test Case (19): Test Cases/abc/New Test Case (19)

03-07-2024T22:09:23 - [TEST_STEP][PASSED] - openBrowser(""): Browser is opened with url: ''

03-07-2024T22:09:23 - [MESSAGE][INFO] - Starting 'Chrome' driver

03-07-2024T22:09:23 - [MESSAGE][INFO] - Action delay is set to 0 milliseconds

03-07-2024T22:09:26 - [MESSAGE][PASSED] - Browser is opened with url: ''

03-07-2024T22:09:26 - [TEST_STEP][PASSED] - navigateToUrl("https://academy.katalon.com/"): Navigate to 'https://academy.katalon.com/' successfully

03-07-2024T22:09:36 - [MESSAGE][PASSED] - Navigate to 'https://academy.katalon.com/' successfully

03-07-2024T22:09:36 - [TEST_STEP][PASSED] - closeBrowser(): Browser is closed

03-07-2024T22:09:37 - [MESSAGE][PASSED] - Browser is closed]]></system-out>
         <system-err><![CDATA[]]></system-err>
      </testcase>
      <testcase name="Test Cases/abc/New Test Case (2)" time="13.237" classname="Test Cases/abc/New Test Case (2)" status="PASSED">
         <system-out><![CDATA[03-07-2024T22:09:37 - [TEST_CASE][PASSED] - Test Cases/abc/New Test Case (2): Test Cases/abc/New Test Case (2)

03-07-2024T22:09:37 - [TEST_STEP][PASSED] - openBrowser(""): Browser is opened with url: ''

03-07-2024T22:09:37 - [MESSAGE][INFO] - Starting 'Chrome' driver

03-07-2024T22:09:37 - [MESSAGE][INFO] - Action delay is set to 0 milliseconds

03-07-2024T22:09:39 - [MESSAGE][PASSED] - Browser is opened with url: ''

03-07-2024T22:09:39 - [TEST_STEP][PASSED] - navigateToUrl("https://academy.katalon.com/"): Navigate to 'https://academy.katalon.com/' successfully

03-07-2024T22:09:49 - [MESSAGE][PASSED] - Navigate to 'https://academy.katalon.com/' successfully

03-07-2024T22:09:49 - [TEST_STEP][PASSED] - closeBrowser(): Browser is closed

03-07-2024T22:09:51 - [MESSAGE][PASSED] - Browser is closed]]></system-out>
         <system-err><![CDATA[]]></system-err>
      </testcase>
      <testcase name="Test Cases/abc/New Test Case (20)" time="15.079" classname="Test Cases/abc/New Test Case (20)" status="PASSED">
         <system-out><![CDATA[03-07-2024T22:09:51 - [TEST_CASE][PASSED] - Test Cases/abc/New Test Case (20): Test Cases/abc/New Test Case (20)

03-07-2024T22:09:51 - [TEST_STEP][PASSED] - openBrowser(""): Browser is opened with url: ''

03-07-2024T22:09:51 - [MESSAGE][INFO] - Starting 'Chrome' driver

03-07-2024T22:09:51 - [MESSAGE][INFO] - Action delay is set to 0 milliseconds

03-07-2024T22:09:53 - [MESSAGE][PASSED] - Browser is opened with url: ''

03-07-2024T22:09:53 - [TEST_STEP][PASSED] - navigateToUrl("https://academy.katalon.com/"): Navigate to 'https://academy.katalon.com/' successfully

03-07-2024T22:10:05 - [MESSAGE][PASSED] - Navigate to 'https://academy.katalon.com/' successfully

03-07-2024T22:10:05 - [TEST_STEP][PASSED] - closeBrowser(): Browser is closed

03-07-2024T22:10:06 - [MESSAGE][PASSED] - Browser is closed]]></system-out>
         <system-err><![CDATA[]]></system-err>
      </testcase>
      <testcase name="Test Cases/abc/New Test Case (21)" time="13.916" classname="Test Cases/abc/New Test Case (21)" status="PASSED">
         <system-out><![CDATA[03-07-2024T22:10:06 - [TEST_CASE][PASSED] - Test Cases/abc/New Test Case (21): Test Cases/abc/New Test Case (21)

03-07-2024T22:10:06 - [TEST_STEP][PASSED] - openBrowser(""): Browser is opened with url: ''

03-07-2024T22:10:06 - [MESSAGE][INFO] - Starting 'Chrome' driver

03-07-2024T22:10:06 - [MESSAGE][INFO] - Action delay is set to 0 milliseconds

03-07-2024T22:10:08 - [MESSAGE][PASSED] - Browser is opened with url: ''

03-07-2024T22:10:08 - [TEST_STEP][PASSED] - navigateToUrl("https://academy.katalon.com/"): Navigate to 'https://academy.katalon.com/' successfully

03-07-2024T22:10:18 - [MESSAGE][PASSED] - Navigate to 'https://academy.katalon.com/' successfully

03-07-2024T22:10:18 - [TEST_STEP][PASSED] - closeBrowser(): Browser is closed

03-07-2024T22:10:20 - [MESSAGE][PASSED] - Browser is closed]]></system-out>
         <system-err><![CDATA[]]></system-err>
      </testcase>
      <testcase name="Test Cases/abc/New Test Case (22)" time="14.006" classname="Test Cases/abc/New Test Case (22)" status="PASSED">
         <system-out><![CDATA[03-07-2024T22:10:20 - [TEST_CASE][PASSED] - Test Cases/abc/New Test Case (22): Test Cases/abc/New Test Case (22)

03-07-2024T22:10:20 - [TEST_STEP][PASSED] - openBrowser(""): Browser is opened with url: ''

03-07-2024T22:10:20 - [MESSAGE][INFO] - Starting 'Chrome' driver

03-07-2024T22:10:20 - [MESSAGE][INFO] - Action delay is set to 0 milliseconds

03-07-2024T22:10:23 - [MESSAGE][PASSED] - Browser is opened with url: ''

03-07-2024T22:10:23 - [TEST_STEP][PASSED] - navigateToUrl("https://academy.katalon.com/"): Navigate to 'https://academy.katalon.com/' successfully

03-07-2024T22:10:32 - [MESSAGE][PASSED] - Navigate to 'https://academy.katalon.com/' successfully

03-07-2024T22:10:32 - [TEST_STEP][PASSED] - closeBrowser(): Browser is closed

03-07-2024T22:10:34 - [MESSAGE][PASSED] - Browser is closed]]></system-out>
         <system-err><![CDATA[]]></system-err>
      </testcase>
      <testcase name="Test Cases/abc/New Test Case (23)" time="15.041" classname="Test Cases/abc/New Test Case (23)" status="PASSED">
         <system-out><![CDATA[03-07-2024T22:10:34 - [TEST_CASE][PASSED] - Test Cases/abc/New Test Case (23): Test Cases/abc/New Test Case (23)

03-07-2024T22:10:34 - [TEST_STEP][PASSED] - openBrowser(""): Browser is opened with url: ''

03-07-2024T22:10:34 - [MESSAGE][INFO] - Starting 'Chrome' driver

03-07-2024T22:10:34 - [MESSAGE][INFO] - Action delay is set to 0 milliseconds

03-07-2024T22:10:37 - [MESSAGE][PASSED] - Browser is opened with url: ''

03-07-2024T22:10:37 - [TEST_STEP][PASSED] - navigateToUrl("https://academy.katalon.com/"): Navigate to 'https://academy.katalon.com/' successfully

03-07-2024T22:10:48 - [MESSAGE][PASSED] - Navigate to 'https://academy.katalon.com/' successfully

03-07-2024T22:10:48 - [TEST_STEP][PASSED] - closeBrowser(): Browser is closed

03-07-2024T22:10:49 - [MESSAGE][PASSED] - Browser is closed]]></system-out>
         <system-err><![CDATA[]]></system-err>
      </testcase>
      <testcase name="Test Cases/abc/New Test Case (24)" time="7.986" classname="Test Cases/abc/New Test Case (24)" status="PASSED">
         <system-out><![CDATA[03-07-2024T22:10:49 - [TEST_CASE][PASSED] - Test Cases/abc/New Test Case (24): Test Cases/abc/New Test Case (24)

03-07-2024T22:10:49 - [TEST_STEP][PASSED] - openBrowser(""): Browser is opened with url: ''

03-07-2024T22:10:49 - [MESSAGE][INFO] - Starting 'Chrome' driver

03-07-2024T22:10:49 - [MESSAGE][INFO] - Action delay is set to 0 milliseconds

03-07-2024T22:10:51 - [MESSAGE][PASSED] - Browser is opened with url: ''

03-07-2024T22:10:51 - [TEST_STEP][PASSED] - navigateToUrl("https://academy.katalon.com/"): Navigate to 'https://academy.katalon.com/' successfully

03-07-2024T22:10:55 - [MESSAGE][PASSED] - Navigate to 'https://academy.katalon.com/' successfully

03-07-2024T22:10:55 - [TEST_STEP][PASSED] - closeBrowser(): Browser is closed

03-07-2024T22:10:57 - [MESSAGE][PASSED] - Browser is closed]]></system-out>
         <system-err><![CDATA[]]></system-err>
      </testcase>
      <testcase name="Test Cases/abc/New Test Case (25)" time="13.399" classname="Test Cases/abc/New Test Case (25)" status="PASSED">
         <system-out><![CDATA[03-07-2024T22:10:57 - [TEST_CASE][PASSED] - Test Cases/abc/New Test Case (25): Test Cases/abc/New Test Case (25)

03-07-2024T22:10:57 - [TEST_STEP][PASSED] - openBrowser(""): Browser is opened with url: ''

03-07-2024T22:10:57 - [MESSAGE][INFO] - Starting 'Chrome' driver

03-07-2024T22:10:57 - [MESSAGE][INFO] - Action delay is set to 0 milliseconds

03-07-2024T22:10:59 - [MESSAGE][PASSED] - Browser is opened with url: ''

03-07-2024T22:10:59 - [TEST_STEP][PASSED] - navigateToUrl("https://academy.katalon.com/"): Navigate to 'https://academy.katalon.com/' successfully

03-07-2024T22:11:09 - [MESSAGE][PASSED] - Navigate to 'https://academy.katalon.com/' successfully

03-07-2024T22:11:09 - [TEST_STEP][PASSED] - closeBrowser(): Browser is closed

03-07-2024T22:11:10 - [MESSAGE][PASSED] - Browser is closed]]></system-out>
         <system-err><![CDATA[]]></system-err>
      </testcase>
      <testcase name="Test Cases/abc/New Test Case (26)" time="14.22" classname="Test Cases/abc/New Test Case (26)" status="PASSED">
         <system-out><![CDATA[03-07-2024T22:11:10 - [TEST_CASE][PASSED] - Test Cases/abc/New Test Case (26): Test Cases/abc/New Test Case (26)

03-07-2024T22:11:10 - [TEST_STEP][PASSED] - openBrowser(""): Browser is opened with url: ''

03-07-2024T22:11:10 - [MESSAGE][INFO] - Starting 'Chrome' driver

03-07-2024T22:11:10 - [MESSAGE][INFO] - Action delay is set to 0 milliseconds

03-07-2024T22:11:13 - [MESSAGE][PASSED] - Browser is opened with url: ''

03-07-2024T22:11:13 - [TEST_STEP][PASSED] - navigateToUrl("https://academy.katalon.com/"): Navigate to 'https://academy.katalon.com/' successfully

03-07-2024T22:11:23 - [MESSAGE][PASSED] - Navigate to 'https://academy.katalon.com/' successfully

03-07-2024T22:11:23 - [TEST_STEP][PASSED] - closeBrowser(): Browser is closed

03-07-2024T22:11:24 - [MESSAGE][PASSED] - Browser is closed]]></system-out>
         <system-err><![CDATA[]]></system-err>
      </testcase>
      <testcase name="Test Cases/abc/New Test Case (27)" time="14.409" classname="Test Cases/abc/New Test Case (27)" status="PASSED">
         <system-out><![CDATA[03-07-2024T22:11:24 - [TEST_CASE][PASSED] - Test Cases/abc/New Test Case (27): Test Cases/abc/New Test Case (27)

03-07-2024T22:11:24 - [TEST_STEP][PASSED] - openBrowser(""): Browser is opened with url: ''

03-07-2024T22:11:24 - [MESSAGE][INFO] - Starting 'Chrome' driver

03-07-2024T22:11:24 - [MESSAGE][INFO] - Action delay is set to 0 milliseconds

03-07-2024T22:11:27 - [MESSAGE][PASSED] - Browser is opened with url: ''

03-07-2024T22:11:27 - [TEST_STEP][PASSED] - navigateToUrl("https://academy.katalon.com/"): Navigate to 'https://academy.katalon.com/' successfully

03-07-2024T22:11:37 - [MESSAGE][PASSED] - Navigate to 'https://academy.katalon.com/' successfully

03-07-2024T22:11:37 - [TEST_STEP][PASSED] - closeBrowser(): Browser is closed

03-07-2024T22:11:39 - [MESSAGE][PASSED] - Browser is closed]]></system-out>
         <system-err><![CDATA[]]></system-err>
      </testcase>
      <testcase name="Test Cases/abc/New Test Case (28)" time="12.202" classname="Test Cases/abc/New Test Case (28)" status="PASSED">
         <system-out><![CDATA[03-07-2024T22:11:39 - [TEST_CASE][PASSED] - Test Cases/abc/New Test Case (28): Test Cases/abc/New Test Case (28)

03-07-2024T22:11:39 - [TEST_STEP][PASSED] - openBrowser(""): Browser is opened with url: ''

03-07-2024T22:11:39 - [MESSAGE][INFO] - Starting 'Chrome' driver

03-07-2024T22:11:39 - [MESSAGE][INFO] - Action delay is set to 0 milliseconds

03-07-2024T22:11:41 - [MESSAGE][PASSED] - Browser is opened with url: ''

03-07-2024T22:11:41 - [TEST_STEP][PASSED] - navigateToUrl("https://academy.katalon.com/"): Navigate to 'https://academy.katalon.com/' successfully

03-07-2024T22:11:50 - [MESSAGE][PASSED] - Navigate to 'https://academy.katalon.com/' successfully

03-07-2024T22:11:50 - [TEST_STEP][PASSED] - closeBrowser(): Browser is closed

03-07-2024T22:11:51 - [MESSAGE][PASSED] - Browser is closed]]></system-out>
         <system-err><![CDATA[]]></system-err>
      </testcase>
      <testcase name="Test Cases/abc/New Test Case (29)" time="14.304" classname="Test Cases/abc/New Test Case (29)" status="PASSED">
         <system-out><![CDATA[03-07-2024T22:11:51 - [TEST_CASE][PASSED] - Test Cases/abc/New Test Case (29): Test Cases/abc/New Test Case (29)

03-07-2024T22:11:51 - [TEST_STEP][PASSED] - openBrowser(""): Browser is opened with url: ''

03-07-2024T22:11:51 - [MESSAGE][INFO] - Starting 'Chrome' driver

03-07-2024T22:11:51 - [MESSAGE][INFO] - Action delay is set to 0 milliseconds

03-07-2024T22:11:52 - [MESSAGE][PASSED] - Browser is opened with url: ''

03-07-2024T22:11:52 - [TEST_STEP][PASSED] - navigateToUrl("https://academy.katalon.com/"): Navigate to 'https://academy.katalon.com/' successfully

03-07-2024T22:12:04 - [MESSAGE][PASSED] - Navigate to 'https://academy.katalon.com/' successfully

03-07-2024T22:12:04 - [TEST_STEP][PASSED] - closeBrowser(): Browser is closed

03-07-2024T22:12:05 - [MESSAGE][PASSED] - Browser is closed]]></system-out>
         <system-err><![CDATA[]]></system-err>
      </testcase>
      <testcase name="Test Cases/abc/New Test Case (3)" time="16.317" classname="Test Cases/abc/New Test Case (3)" status="PASSED">
         <system-out><![CDATA[03-07-2024T22:12:05 - [TEST_CASE][PASSED] - Test Cases/abc/New Test Case (3): Test Cases/abc/New Test Case (3)

03-07-2024T22:12:05 - [TEST_STEP][PASSED] - openBrowser(""): Browser is opened with url: ''

03-07-2024T22:12:05 - [MESSAGE][INFO] - Starting 'Chrome' driver

03-07-2024T22:12:05 - [MESSAGE][INFO] - Action delay is set to 0 milliseconds

03-07-2024T22:12:07 - [MESSAGE][PASSED] - Browser is opened with url: ''

03-07-2024T22:12:07 - [TEST_STEP][PASSED] - navigateToUrl("https://academy.katalon.com/"): Navigate to 'https://academy.katalon.com/' successfully

03-07-2024T22:12:20 - [MESSAGE][PASSED] - Navigate to 'https://academy.katalon.com/' successfully

03-07-2024T22:12:20 - [TEST_STEP][PASSED] - closeBrowser(): Browser is closed

03-07-2024T22:12:22 - [MESSAGE][PASSED] - Browser is closed]]></system-out>
         <system-err><![CDATA[]]></system-err>
      </testcase>
      <testcase name="Test Cases/abc/New Test Case (30)" time="15.81" classname="Test Cases/abc/New Test Case (30)" status="PASSED">
         <system-out><![CDATA[03-07-2024T22:12:22 - [TEST_CASE][PASSED] - Test Cases/abc/New Test Case (30): Test Cases/abc/New Test Case (30)

03-07-2024T22:12:22 - [TEST_STEP][PASSED] - openBrowser(""): Browser is opened with url: ''

03-07-2024T22:12:22 - [MESSAGE][INFO] - Starting 'Chrome' driver

03-07-2024T22:12:22 - [MESSAGE][INFO] - Action delay is set to 0 milliseconds

03-07-2024T22:12:25 - [MESSAGE][PASSED] - Browser is opened with url: ''

03-07-2024T22:12:25 - [TEST_STEP][PASSED] - navigateToUrl("https://academy.katalon.com/"): Navigate to 'https://academy.katalon.com/' successfully

03-07-2024T22:12:35 - [MESSAGE][PASSED] - Navigate to 'https://academy.katalon.com/' successfully

03-07-2024T22:12:35 - [TEST_STEP][PASSED] - closeBrowser(): Browser is closed

03-07-2024T22:12:37 - [MESSAGE][PASSED] - Browser is closed]]></system-out>
         <system-err><![CDATA[]]></system-err>
      </testcase>
      <testcase name="Test Cases/abc/New Test Case (31)" time="15.463" classname="Test Cases/abc/New Test Case (31)" status="PASSED">
         <system-out><![CDATA[03-07-2024T22:12:37 - [TEST_CASE][PASSED] - Test Cases/abc/New Test Case (31): Test Cases/abc/New Test Case (31)

03-07-2024T22:12:37 - [TEST_STEP][PASSED] - openBrowser(""): Browser is opened with url: ''

03-07-2024T22:12:37 - [MESSAGE][INFO] - Starting 'Chrome' driver

03-07-2024T22:12:37 - [MESSAGE][INFO] - Action delay is set to 0 milliseconds

03-07-2024T22:12:40 - [MESSAGE][PASSED] - Browser is opened with url: ''

03-07-2024T22:12:40 - [TEST_STEP][PASSED] - navigateToUrl("https://academy.katalon.com/"): Navigate to 'https://academy.katalon.com/' successfully

03-07-2024T22:12:51 - [MESSAGE][PASSED] - Navigate to 'https://academy.katalon.com/' successfully

03-07-2024T22:12:51 - [TEST_STEP][PASSED] - closeBrowser(): Browser is closed

03-07-2024T22:12:53 - [MESSAGE][PASSED] - Browser is closed]]></system-out>
         <system-err><![CDATA[]]></system-err>
      </testcase>
      <testcase name="Test Cases/abc/New Test Case (32)" time="12.576" classname="Test Cases/abc/New Test Case (32)" status="PASSED">
         <system-out><![CDATA[03-07-2024T22:12:53 - [TEST_CASE][PASSED] - Test Cases/abc/New Test Case (32): Test Cases/abc/New Test Case (32)

03-07-2024T22:12:53 - [TEST_STEP][PASSED] - openBrowser(""): Browser is opened with url: ''

03-07-2024T22:12:53 - [MESSAGE][INFO] - Starting 'Chrome' driver

03-07-2024T22:12:53 - [MESSAGE][INFO] - Action delay is set to 0 milliseconds

03-07-2024T22:12:56 - [MESSAGE][PASSED] - Browser is opened with url: ''

03-07-2024T22:12:56 - [TEST_STEP][PASSED] - navigateToUrl("https://academy.katalon.com/"): Navigate to 'https://academy.katalon.com/' successfully

03-07-2024T22:13:04 - [MESSAGE][PASSED] - Navigate to 'https://academy.katalon.com/' successfully

03-07-2024T22:13:04 - [TEST_STEP][PASSED] - closeBrowser(): Browser is closed

03-07-2024T22:13:05 - [MESSAGE][PASSED] - Browser is closed]]></system-out>
         <system-err><![CDATA[]]></system-err>
      </testcase>
      <testcase name="Test Cases/abc/New Test Case (33)" time="15.252" classname="Test Cases/abc/New Test Case (33)" status="PASSED">
         <system-out><![CDATA[03-07-2024T22:13:05 - [TEST_CASE][PASSED] - Test Cases/abc/New Test Case (33): Test Cases/abc/New Test Case (33)

03-07-2024T22:13:05 - [TEST_STEP][PASSED] - openBrowser(""): Browser is opened with url: ''

03-07-2024T22:13:05 - [MESSAGE][INFO] - Starting 'Chrome' driver

03-07-2024T22:13:06 - [MESSAGE][INFO] - Action delay is set to 0 milliseconds

03-07-2024T22:13:07 - [MESSAGE][PASSED] - Browser is opened with url: ''

03-07-2024T22:13:07 - [TEST_STEP][PASSED] - navigateToUrl("https://academy.katalon.com/"): Navigate to 'https://academy.katalon.com/' successfully

03-07-2024T22:13:17 - [MESSAGE][PASSED] - Navigate to 'https://academy.katalon.com/' successfully

03-07-2024T22:13:17 - [TEST_STEP][PASSED] - closeBrowser(): Browser is closed

03-07-2024T22:13:21 - [MESSAGE][PASSED] - Browser is closed]]></system-out>
         <system-err><![CDATA[]]></system-err>
      </testcase>
      <testcase name="Test Cases/abc/New Test Case (4)" time="8.136" classname="Test Cases/abc/New Test Case (4)" status="PASSED">
         <system-out><![CDATA[03-07-2024T22:13:21 - [TEST_CASE][PASSED] - Test Cases/abc/New Test Case (4): Test Cases/abc/New Test Case (4)

03-07-2024T22:13:21 - [TEST_STEP][PASSED] - openBrowser(""): Browser is opened with url: ''

03-07-2024T22:13:21 - [MESSAGE][INFO] - Starting 'Chrome' driver

03-07-2024T22:13:21 - [MESSAGE][INFO] - Action delay is set to 0 milliseconds

03-07-2024T22:13:23 - [MESSAGE][PASSED] - Browser is opened with url: ''

03-07-2024T22:13:23 - [TEST_STEP][PASSED] - navigateToUrl("https://academy.katalon.com/"): Navigate to 'https://academy.katalon.com/' successfully

03-07-2024T22:13:27 - [MESSAGE][PASSED] - Navigate to 'https://academy.katalon.com/' successfully

03-07-2024T22:13:27 - [TEST_STEP][PASSED] - closeBrowser(): Browser is closed

03-07-2024T22:13:29 - [MESSAGE][PASSED] - Browser is closed]]></system-out>
         <system-err><![CDATA[]]></system-err>
      </testcase>
      <testcase name="Test Cases/abc/New Test Case (5)" time="7.03" classname="Test Cases/abc/New Test Case (5)" status="PASSED">
         <system-out><![CDATA[03-07-2024T22:13:29 - [TEST_CASE][PASSED] - Test Cases/abc/New Test Case (5): Test Cases/abc/New Test Case (5)

03-07-2024T22:13:29 - [TEST_STEP][PASSED] - openBrowser(""): Browser is opened with url: ''

03-07-2024T22:13:29 - [MESSAGE][INFO] - Starting 'Chrome' driver

03-07-2024T22:13:29 - [MESSAGE][INFO] - Action delay is set to 0 milliseconds

03-07-2024T22:13:31 - [MESSAGE][PASSED] - Browser is opened with url: ''

03-07-2024T22:13:31 - [TEST_STEP][PASSED] - navigateToUrl("https://academy.katalon.com/"): Navigate to 'https://academy.katalon.com/' successfully

03-07-2024T22:13:35 - [MESSAGE][PASSED] - Navigate to 'https://academy.katalon.com/' successfully

03-07-2024T22:13:35 - [TEST_STEP][PASSED] - closeBrowser(): Browser is closed

03-07-2024T22:13:36 - [MESSAGE][PASSED] - Browser is closed]]></system-out>
         <system-err><![CDATA[]]></system-err>
      </testcase>
      <testcase name="Test Cases/abc/New Test Case (6)" time="13.948" classname="Test Cases/abc/New Test Case (6)" status="PASSED">
         <system-out><![CDATA[03-07-2024T22:13:36 - [TEST_CASE][PASSED] - Test Cases/abc/New Test Case (6): Test Cases/abc/New Test Case (6)

03-07-2024T22:13:36 - [TEST_STEP][PASSED] - openBrowser(""): Browser is opened with url: ''

03-07-2024T22:13:36 - [MESSAGE][INFO] - Starting 'Chrome' driver

03-07-2024T22:13:36 - [MESSAGE][INFO] - Action delay is set to 0 milliseconds

03-07-2024T22:13:39 - [MESSAGE][PASSED] - Browser is opened with url: ''

03-07-2024T22:13:39 - [TEST_STEP][PASSED] - navigateToUrl("https://academy.katalon.com/"): Navigate to 'https://academy.katalon.com/' successfully

03-07-2024T22:13:49 - [MESSAGE][PASSED] - Navigate to 'https://academy.katalon.com/' successfully

03-07-2024T22:13:49 - [TEST_STEP][PASSED] - closeBrowser(): Browser is closed

03-07-2024T22:13:50 - [MESSAGE][PASSED] - Browser is closed]]></system-out>
         <system-err><![CDATA[]]></system-err>
      </testcase>
      <testcase name="Test Cases/abc/New Test Case (7)" time="14.637" classname="Test Cases/abc/New Test Case (7)" status="PASSED">
         <system-out><![CDATA[03-07-2024T22:13:50 - [TEST_CASE][PASSED] - Test Cases/abc/New Test Case (7): Test Cases/abc/New Test Case (7)

03-07-2024T22:13:50 - [TEST_STEP][PASSED] - openBrowser(""): Browser is opened with url: ''

03-07-2024T22:13:50 - [MESSAGE][INFO] - Starting 'Chrome' driver

03-07-2024T22:13:50 - [MESSAGE][INFO] - Action delay is set to 0 milliseconds

03-07-2024T22:13:52 - [MESSAGE][PASSED] - Browser is opened with url: ''

03-07-2024T22:13:52 - [TEST_STEP][PASSED] - navigateToUrl("https://academy.katalon.com/"): Navigate to 'https://academy.katalon.com/' successfully

03-07-2024T22:14:02 - [MESSAGE][PASSED] - Navigate to 'https://academy.katalon.com/' successfully

03-07-2024T22:14:02 - [TEST_STEP][PASSED] - closeBrowser(): Browser is closed

03-07-2024T22:14:04 - [MESSAGE][PASSED] - Browser is closed]]></system-out>
         <system-err><![CDATA[]]></system-err>
      </testcase>
      <testcase name="Test Cases/abc/New Test Case (8)" time="13.862" classname="Test Cases/abc/New Test Case (8)" status="PASSED">
         <system-out><![CDATA[03-07-2024T22:14:04 - [TEST_CASE][PASSED] - Test Cases/abc/New Test Case (8): Test Cases/abc/New Test Case (8)

03-07-2024T22:14:04 - [TEST_STEP][PASSED] - openBrowser(""): Browser is opened with url: ''

03-07-2024T22:14:04 - [MESSAGE][INFO] - Starting 'Chrome' driver

03-07-2024T22:14:04 - [MESSAGE][INFO] - Action delay is set to 0 milliseconds

03-07-2024T22:14:07 - [MESSAGE][PASSED] - Browser is opened with url: ''

03-07-2024T22:14:07 - [TEST_STEP][PASSED] - navigateToUrl("https://academy.katalon.com/"): Navigate to 'https://academy.katalon.com/' successfully

03-07-2024T22:14:17 - [MESSAGE][PASSED] - Navigate to 'https://academy.katalon.com/' successfully

03-07-2024T22:14:17 - [TEST_STEP][PASSED] - closeBrowser(): Browser is closed

03-07-2024T22:14:18 - [MESSAGE][PASSED] - Browser is closed]]></system-out>
         <system-err><![CDATA[]]></system-err>
      </testcase>
      <testcase name="Test Cases/abc/New Test Case (9)" time="13.672" classname="Test Cases/abc/New Test Case (9)" status="PASSED">
         <system-out><![CDATA[03-07-2024T22:14:18 - [TEST_CASE][PASSED] - Test Cases/abc/New Test Case (9): Test Cases/abc/New Test Case (9)

03-07-2024T22:14:18 - [TEST_STEP][PASSED] - openBrowser(""): Browser is opened with url: ''

03-07-2024T22:14:18 - [MESSAGE][INFO] - Starting 'Chrome' driver

03-07-2024T22:14:18 - [MESSAGE][INFO] - Action delay is set to 0 milliseconds

03-07-2024T22:14:20 - [MESSAGE][PASSED] - Browser is opened with url: ''

03-07-2024T22:14:20 - [TEST_STEP][PASSED] - navigateToUrl("https://academy.katalon.com/"): Navigate to 'https://academy.katalon.com/' successfully

03-07-2024T22:14:30 - [MESSAGE][PASSED] - Navigate to 'https://academy.katalon.com/' successfully

03-07-2024T22:14:30 - [TEST_STEP][PASSED] - closeBrowser(): Browser is closed

03-07-2024T22:14:32 - [MESSAGE][PASSED] - Browser is closed]]></system-out>
         <system-err><![CDATA[]]></system-err>
      </testcase>
      <testcase name="Test Cases/abc/New Test Case" time="14.141" classname="Test Cases/abc/New Test Case" status="PASSED">
         <system-out><![CDATA[03-07-2024T22:14:32 - [TEST_CASE][PASSED] - Test Cases/abc/New Test Case: Test Cases/abc/New Test Case

03-07-2024T22:14:32 - [TEST_STEP][PASSED] - openBrowser(""): Browser is opened with url: ''

03-07-2024T22:14:32 - [MESSAGE][INFO] - Starting 'Chrome' driver

03-07-2024T22:14:32 - [MESSAGE][INFO] - Action delay is set to 0 milliseconds

03-07-2024T22:14:35 - [MESSAGE][PASSED] - Browser is opened with url: ''

03-07-2024T22:14:35 - [TEST_STEP][PASSED] - navigateToUrl("https://academy.katalon.com/"): Navigate to 'https://academy.katalon.com/' successfully

03-07-2024T22:14:45 - [MESSAGE][PASSED] - Navigate to 'https://academy.katalon.com/' successfully

03-07-2024T22:14:45 - [TEST_STEP][PASSED] - closeBrowser(): Browser is closed

03-07-2024T22:14:46 - [MESSAGE][PASSED] - Browser is closed]]></system-out>
         <system-err><![CDATA[]]></system-err>
      </testcase>
      <testcase name="Test Cases/abcss/New Test Case (1)" time="4.063" classname="Test Cases/abcss/New Test Case (1)" status="PASSED">
         <system-out><![CDATA[03-07-2024T22:14:46 - [TEST_CASE][PASSED] - Test Cases/abcss/New Test Case (1): Test Cases/abcss/New Test Case (1)

03-07-2024T22:14:46 - [TEST_STEP][PASSED] - openBrowser(""): Browser is opened with url: ''

03-07-2024T22:14:46 - [MESSAGE][INFO] - Starting 'Chrome' driver

03-07-2024T22:14:46 - [MESSAGE][INFO] - Action delay is set to 0 milliseconds

03-07-2024T22:14:49 - [MESSAGE][PASSED] - Browser is opened with url: ''

03-07-2024T22:14:49 - [TEST_STEP][PASSED] - closeBrowser(): Browser is closed

03-07-2024T22:14:50 - [MESSAGE][PASSED] - Browser is closed]]></system-out>
         <system-err><![CDATA[]]></system-err>
      </testcase>
      <testcase name="Test Cases/abcss/New Test Case (10)" time="4.996" classname="Test Cases/abcss/New Test Case (10)" status="PASSED">
         <system-out><![CDATA[03-07-2024T22:14:50 - [TEST_CASE][PASSED] - Test Cases/abcss/New Test Case (10): Test Cases/abcss/New Test Case (10)

03-07-2024T22:14:50 - [TEST_STEP][PASSED] - openBrowser(""): Browser is opened with url: ''

03-07-2024T22:14:50 - [MESSAGE][INFO] - Starting 'Chrome' driver

03-07-2024T22:14:50 - [MESSAGE][INFO] - Action delay is set to 0 milliseconds

03-07-2024T22:14:53 - [MESSAGE][PASSED] - Browser is opened with url: ''

03-07-2024T22:14:53 - [TEST_STEP][PASSED] - closeBrowser(): Browser is closed

03-07-2024T22:14:55 - [MESSAGE][PASSED] - Browser is closed]]></system-out>
         <system-err><![CDATA[]]></system-err>
      </testcase>
      <testcase name="Test Cases/abcss/New Test Case (11)" time="3.324" classname="Test Cases/abcss/New Test Case (11)" status="PASSED">
         <system-out><![CDATA[03-07-2024T22:14:55 - [TEST_CASE][PASSED] - Test Cases/abcss/New Test Case (11): Test Cases/abcss/New Test Case (11)

03-07-2024T22:14:55 - [TEST_STEP][PASSED] - openBrowser(""): Browser is opened with url: ''

03-07-2024T22:14:55 - [MESSAGE][INFO] - Starting 'Chrome' driver

03-07-2024T22:14:55 - [MESSAGE][INFO] - Action delay is set to 0 milliseconds

03-07-2024T22:14:58 - [MESSAGE][PASSED] - Browser is opened with url: ''

03-07-2024T22:14:58 - [TEST_STEP][PASSED] - closeBrowser(): Browser is closed

03-07-2024T22:14:59 - [MESSAGE][PASSED] - Browser is closed]]></system-out>
         <system-err><![CDATA[]]></system-err>
      </testcase>
      <testcase name="Test Cases/abcss/New Test Case (12)" time="5.341" classname="Test Cases/abcss/New Test Case (12)" status="PASSED">
         <system-out><![CDATA[03-07-2024T22:14:59 - [TEST_CASE][PASSED] - Test Cases/abcss/New Test Case (12): Test Cases/abcss/New Test Case (12)

03-07-2024T22:14:59 - [TEST_STEP][PASSED] - openBrowser(""): Browser is opened with url: ''

03-07-2024T22:14:59 - [MESSAGE][INFO] - Starting 'Chrome' driver

03-07-2024T22:14:59 - [MESSAGE][INFO] - Action delay is set to 0 milliseconds

03-07-2024T22:15:01 - [MESSAGE][PASSED] - Browser is opened with url: ''

03-07-2024T22:15:01 - [TEST_STEP][PASSED] - closeBrowser(): Browser is closed

03-07-2024T22:15:04 - [MESSAGE][PASSED] - Browser is closed]]></system-out>
         <system-err><![CDATA[]]></system-err>
      </testcase>
      <testcase name="Test Cases/abcss/New Test Case (13)" time="5.149" classname="Test Cases/abcss/New Test Case (13)" status="PASSED">
         <system-out><![CDATA[03-07-2024T22:15:04 - [TEST_CASE][PASSED] - Test Cases/abcss/New Test Case (13): Test Cases/abcss/New Test Case (13)

03-07-2024T22:15:04 - [TEST_STEP][PASSED] - openBrowser(""): Browser is opened with url: ''

03-07-2024T22:15:04 - [MESSAGE][INFO] - Starting 'Chrome' driver

03-07-2024T22:15:04 - [MESSAGE][INFO] - Action delay is set to 0 milliseconds

03-07-2024T22:15:08 - [MESSAGE][PASSED] - Browser is opened with url: ''

03-07-2024T22:15:08 - [TEST_STEP][PASSED] - closeBrowser(): Browser is closed

03-07-2024T22:15:09 - [MESSAGE][PASSED] - Browser is closed]]></system-out>
         <system-err><![CDATA[]]></system-err>
      </testcase>
      <testcase name="Test Cases/abcss/New Test Case (14)" time="4.444" classname="Test Cases/abcss/New Test Case (14)" status="PASSED">
         <system-out><![CDATA[03-07-2024T22:15:09 - [TEST_CASE][PASSED] - Test Cases/abcss/New Test Case (14): Test Cases/abcss/New Test Case (14)

03-07-2024T22:15:09 - [TEST_STEP][PASSED] - openBrowser(""): Browser is opened with url: ''

03-07-2024T22:15:09 - [MESSAGE][INFO] - Starting 'Chrome' driver

03-07-2024T22:15:09 - [MESSAGE][INFO] - Action delay is set to 0 milliseconds

03-07-2024T22:15:11 - [MESSAGE][PASSED] - Browser is opened with url: ''

03-07-2024T22:15:11 - [TEST_STEP][PASSED] - closeBrowser(): Browser is closed

03-07-2024T22:15:14 - [MESSAGE][PASSED] - Browser is closed]]></system-out>
         <system-err><![CDATA[]]></system-err>
      </testcase>
      <testcase name="Test Cases/abcss/New Test Case (15)" time="3.324" classname="Test Cases/abcss/New Test Case (15)" status="PASSED">
         <system-out><![CDATA[03-07-2024T22:15:14 - [TEST_CASE][PASSED] - Test Cases/abcss/New Test Case (15): Test Cases/abcss/New Test Case (15)

03-07-2024T22:15:14 - [TEST_STEP][PASSED] - openBrowser(""): Browser is opened with url: ''

03-07-2024T22:15:14 - [MESSAGE][INFO] - Starting 'Chrome' driver

03-07-2024T22:15:14 - [MESSAGE][INFO] - Action delay is set to 0 milliseconds

03-07-2024T22:15:16 - [MESSAGE][PASSED] - Browser is opened with url: ''

03-07-2024T22:15:16 - [TEST_STEP][PASSED] - closeBrowser(): Browser is closed

03-07-2024T22:15:17 - [MESSAGE][PASSED] - Browser is closed]]></system-out>
         <system-err><![CDATA[]]></system-err>
      </testcase>
      <testcase name="Test Cases/abcss/New Test Case (16)" time="3.643" classname="Test Cases/abcss/New Test Case (16)" status="PASSED">
         <system-out><![CDATA[03-07-2024T22:15:17 - [TEST_CASE][PASSED] - Test Cases/abcss/New Test Case (16): Test Cases/abcss/New Test Case (16)

03-07-2024T22:15:17 - [TEST_STEP][PASSED] - openBrowser(""): Browser is opened with url: ''

03-07-2024T22:15:17 - [MESSAGE][INFO] - Starting 'Chrome' driver

03-07-2024T22:15:17 - [MESSAGE][INFO] - Action delay is set to 0 milliseconds

03-07-2024T22:15:20 - [MESSAGE][PASSED] - Browser is opened with url: ''

03-07-2024T22:15:20 - [TEST_STEP][PASSED] - closeBrowser(): Browser is closed

03-07-2024T22:15:21 - [MESSAGE][PASSED] - Browser is closed]]></system-out>
         <system-err><![CDATA[]]></system-err>
      </testcase>
      <testcase name="Test Cases/abcss/New Test Case (17)" time="4.916" classname="Test Cases/abcss/New Test Case (17)" status="PASSED">
         <system-out><![CDATA[03-07-2024T22:15:21 - [TEST_CASE][PASSED] - Test Cases/abcss/New Test Case (17): Test Cases/abcss/New Test Case (17)

03-07-2024T22:15:21 - [TEST_STEP][PASSED] - openBrowser(""): Browser is opened with url: ''

03-07-2024T22:15:21 - [MESSAGE][INFO] - Starting 'Chrome' driver

03-07-2024T22:15:21 - [MESSAGE][INFO] - Action delay is set to 0 milliseconds

03-07-2024T22:15:23 - [MESSAGE][PASSED] - Browser is opened with url: ''

03-07-2024T22:15:23 - [TEST_STEP][PASSED] - closeBrowser(): Browser is closed

03-07-2024T22:15:25 - [MESSAGE][PASSED] - Browser is closed]]></system-out>
         <system-err><![CDATA[]]></system-err>
      </testcase>
      <testcase name="Test Cases/abcss/New Test Case (18)" time="4.264" classname="Test Cases/abcss/New Test Case (18)" status="PASSED">
         <system-out><![CDATA[03-07-2024T22:15:25 - [TEST_CASE][PASSED] - Test Cases/abcss/New Test Case (18): Test Cases/abcss/New Test Case (18)

03-07-2024T22:15:25 - [TEST_STEP][PASSED] - openBrowser(""): Browser is opened with url: ''

03-07-2024T22:15:25 - [MESSAGE][INFO] - Starting 'Chrome' driver

03-07-2024T22:15:26 - [MESSAGE][INFO] - Action delay is set to 0 milliseconds

03-07-2024T22:15:29 - [MESSAGE][PASSED] - Browser is opened with url: ''

03-07-2024T22:15:29 - [TEST_STEP][PASSED] - closeBrowser(): Browser is closed

03-07-2024T22:15:30 - [MESSAGE][PASSED] - Browser is closed]]></system-out>
         <system-err><![CDATA[]]></system-err>
      </testcase>
      <testcase name="Test Cases/abcss/New Test Case (19)" time="3.258" classname="Test Cases/abcss/New Test Case (19)" status="PASSED">
         <system-out><![CDATA[03-07-2024T22:15:30 - [TEST_CASE][PASSED] - Test Cases/abcss/New Test Case (19): Test Cases/abcss/New Test Case (19)

03-07-2024T22:15:30 - [TEST_STEP][PASSED] - openBrowser(""): Browser is opened with url: ''

03-07-2024T22:15:30 - [MESSAGE][INFO] - Starting 'Chrome' driver

03-07-2024T22:15:30 - [MESSAGE][INFO] - Action delay is set to 0 milliseconds

03-07-2024T22:15:32 - [MESSAGE][PASSED] - Browser is opened with url: ''

03-07-2024T22:15:32 - [TEST_STEP][PASSED] - closeBrowser(): Browser is closed

03-07-2024T22:15:33 - [MESSAGE][PASSED] - Browser is closed]]></system-out>
         <system-err><![CDATA[]]></system-err>
      </testcase>
      <testcase name="Test Cases/abcss/New Test Case (2)" time="6.922" classname="Test Cases/abcss/New Test Case (2)" status="PASSED">
         <system-out><![CDATA[03-07-2024T22:15:33 - [TEST_CASE][PASSED] - Test Cases/abcss/New Test Case (2): Test Cases/abcss/New Test Case (2)

03-07-2024T22:15:33 - [TEST_STEP][PASSED] - openBrowser(""): Browser is opened with url: ''

03-07-2024T22:15:33 - [MESSAGE][INFO] - Starting 'Chrome' driver

03-07-2024T22:15:33 - [MESSAGE][INFO] - Action delay is set to 0 milliseconds

03-07-2024T22:15:36 - [MESSAGE][PASSED] - Browser is opened with url: ''

03-07-2024T22:15:36 - [TEST_STEP][PASSED] - closeBrowser(): Browser is closed

03-07-2024T22:15:40 - [MESSAGE][PASSED] - Browser is closed]]></system-out>
         <system-err><![CDATA[]]></system-err>
      </testcase>
      <testcase name="Test Cases/abcss/New Test Case (20)" time="4.803" classname="Test Cases/abcss/New Test Case (20)" status="PASSED">
         <system-out><![CDATA[03-07-2024T22:15:40 - [TEST_CASE][PASSED] - Test Cases/abcss/New Test Case (20): Test Cases/abcss/New Test Case (20)

03-07-2024T22:15:40 - [TEST_STEP][PASSED] - openBrowser(""): Browser is opened with url: ''

03-07-2024T22:15:40 - [MESSAGE][INFO] - Starting 'Chrome' driver

03-07-2024T22:15:40 - [MESSAGE][INFO] - Action delay is set to 0 milliseconds

03-07-2024T22:15:42 - [MESSAGE][PASSED] - Browser is opened with url: ''

03-07-2024T22:15:42 - [TEST_STEP][PASSED] - closeBrowser(): Browser is closed

03-07-2024T22:15:45 - [MESSAGE][PASSED] - Browser is closed]]></system-out>
         <system-err><![CDATA[]]></system-err>
      </testcase>
      <testcase name="Test Cases/abcss/New Test Case (21)" time="4.722" classname="Test Cases/abcss/New Test Case (21)" status="PASSED">
         <system-out><![CDATA[03-07-2024T22:15:45 - [TEST_CASE][PASSED] - Test Cases/abcss/New Test Case (21): Test Cases/abcss/New Test Case (21)

03-07-2024T22:15:45 - [TEST_STEP][PASSED] - openBrowser(""): Browser is opened with url: ''

03-07-2024T22:15:45 - [MESSAGE][INFO] - Starting 'Chrome' driver

03-07-2024T22:15:45 - [MESSAGE][INFO] - Action delay is set to 0 milliseconds

03-07-2024T22:15:46 - [MESSAGE][PASSED] - Browser is opened with url: ''

03-07-2024T22:15:46 - [TEST_STEP][PASSED] - closeBrowser(): Browser is closed

03-07-2024T22:15:50 - [MESSAGE][PASSED] - Browser is closed]]></system-out>
         <system-err><![CDATA[]]></system-err>
      </testcase>
      <testcase name="Test Cases/abcss/New Test Case (22)" time="4.915" classname="Test Cases/abcss/New Test Case (22)" status="PASSED">
         <system-out><![CDATA[03-07-2024T22:15:50 - [TEST_CASE][PASSED] - Test Cases/abcss/New Test Case (22): Test Cases/abcss/New Test Case (22)

03-07-2024T22:15:50 - [TEST_STEP][PASSED] - openBrowser(""): Browser is opened with url: ''

03-07-2024T22:15:50 - [MESSAGE][INFO] - Starting 'Chrome' driver

03-07-2024T22:15:50 - [MESSAGE][INFO] - Action delay is set to 0 milliseconds

03-07-2024T22:15:51 - [MESSAGE][PASSED] - Browser is opened with url: ''

03-07-2024T22:15:51 - [TEST_STEP][PASSED] - closeBrowser(): Browser is closed

03-07-2024T22:15:55 - [MESSAGE][PASSED] - Browser is closed]]></system-out>
         <system-err><![CDATA[]]></system-err>
      </testcase>
      <testcase name="Test Cases/abcss/New Test Case (23)" time="3.825" classname="Test Cases/abcss/New Test Case (23)" status="PASSED">
         <system-out><![CDATA[03-07-2024T22:15:55 - [TEST_CASE][PASSED] - Test Cases/abcss/New Test Case (23): Test Cases/abcss/New Test Case (23)

03-07-2024T22:15:55 - [TEST_STEP][PASSED] - openBrowser(""): Browser is opened with url: ''

03-07-2024T22:15:55 - [MESSAGE][INFO] - Starting 'Chrome' driver

03-07-2024T22:15:55 - [MESSAGE][INFO] - Action delay is set to 0 milliseconds

03-07-2024T22:15:56 - [MESSAGE][PASSED] - Browser is opened with url: ''

03-07-2024T22:15:56 - [TEST_STEP][PASSED] - closeBrowser(): Browser is closed

03-07-2024T22:15:59 - [MESSAGE][PASSED] - Browser is closed]]></system-out>
         <system-err><![CDATA[]]></system-err>
      </testcase>
      <testcase name="Test Cases/abcss/New Test Case (24)" time="3.959" classname="Test Cases/abcss/New Test Case (24)" status="PASSED">
         <system-out><![CDATA[03-07-2024T22:15:59 - [TEST_CASE][PASSED] - Test Cases/abcss/New Test Case (24): Test Cases/abcss/New Test Case (24)

03-07-2024T22:15:59 - [TEST_STEP][PASSED] - openBrowser(""): Browser is opened with url: ''

03-07-2024T22:15:59 - [MESSAGE][INFO] - Starting 'Chrome' driver

03-07-2024T22:15:59 - [MESSAGE][INFO] - Action delay is set to 0 milliseconds

03-07-2024T22:16:02 - [MESSAGE][PASSED] - Browser is opened with url: ''

03-07-2024T22:16:02 - [TEST_STEP][PASSED] - closeBrowser(): Browser is closed

03-07-2024T22:16:02 - [MESSAGE][PASSED] - Browser is closed]]></system-out>
         <system-err><![CDATA[]]></system-err>
      </testcase>
      <testcase name="Test Cases/abcss/New Test Case (25)" time="4.499" classname="Test Cases/abcss/New Test Case (25)" status="PASSED">
         <system-out><![CDATA[03-07-2024T22:16:03 - [TEST_CASE][PASSED] - Test Cases/abcss/New Test Case (25): Test Cases/abcss/New Test Case (25)

03-07-2024T22:16:03 - [TEST_STEP][PASSED] - openBrowser(""): Browser is opened with url: ''

03-07-2024T22:16:03 - [MESSAGE][INFO] - Starting 'Chrome' driver

03-07-2024T22:16:03 - [MESSAGE][INFO] - Action delay is set to 0 milliseconds

03-07-2024T22:16:06 - [MESSAGE][PASSED] - Browser is opened with url: ''

03-07-2024T22:16:06 - [TEST_STEP][PASSED] - closeBrowser(): Browser is closed

03-07-2024T22:16:07 - [MESSAGE][PASSED] - Browser is closed]]></system-out>
         <system-err><![CDATA[]]></system-err>
      </testcase>
      <testcase name="Test Cases/abcss/New Test Case (26)" time="4.638" classname="Test Cases/abcss/New Test Case (26)" status="PASSED">
         <system-out><![CDATA[03-07-2024T22:16:07 - [TEST_CASE][PASSED] - Test Cases/abcss/New Test Case (26): Test Cases/abcss/New Test Case (26)

03-07-2024T22:16:07 - [TEST_STEP][PASSED] - openBrowser(""): Browser is opened with url: ''

03-07-2024T22:16:07 - [MESSAGE][INFO] - Starting 'Chrome' driver

03-07-2024T22:16:07 - [MESSAGE][INFO] - Action delay is set to 0 milliseconds

03-07-2024T22:16:11 - [MESSAGE][PASSED] - Browser is opened with url: ''

03-07-2024T22:16:11 - [TEST_STEP][PASSED] - closeBrowser(): Browser is closed

03-07-2024T22:16:12 - [MESSAGE][PASSED] - Browser is closed]]></system-out>
         <system-err><![CDATA[]]></system-err>
      </testcase>
      <testcase name="Test Cases/abcss/New Test Case (27)" time="4.599" classname="Test Cases/abcss/New Test Case (27)" status="PASSED">
         <system-out><![CDATA[03-07-2024T22:16:12 - [TEST_CASE][PASSED] - Test Cases/abcss/New Test Case (27): Test Cases/abcss/New Test Case (27)

03-07-2024T22:16:12 - [TEST_STEP][PASSED] - openBrowser(""): Browser is opened with url: ''

03-07-2024T22:16:12 - [MESSAGE][INFO] - Starting 'Chrome' driver

03-07-2024T22:16:12 - [MESSAGE][INFO] - Action delay is set to 0 milliseconds

03-07-2024T22:16:14 - [MESSAGE][PASSED] - Browser is opened with url: ''

03-07-2024T22:16:14 - [TEST_STEP][PASSED] - closeBrowser(): Browser is closed

03-07-2024T22:16:16 - [MESSAGE][PASSED] - Browser is closed]]></system-out>
         <system-err><![CDATA[]]></system-err>
      </testcase>
      <testcase name="Test Cases/abcss/New Test Case (28)" time="3.851" classname="Test Cases/abcss/New Test Case (28)" status="PASSED">
         <system-out><![CDATA[03-07-2024T22:16:16 - [TEST_CASE][PASSED] - Test Cases/abcss/New Test Case (28): Test Cases/abcss/New Test Case (28)

03-07-2024T22:16:16 - [TEST_STEP][PASSED] - openBrowser(""): Browser is opened with url: ''

03-07-2024T22:16:16 - [MESSAGE][INFO] - Starting 'Chrome' driver

03-07-2024T22:16:17 - [MESSAGE][INFO] - Action delay is set to 0 milliseconds

03-07-2024T22:16:20 - [MESSAGE][PASSED] - Browser is opened with url: ''

03-07-2024T22:16:20 - [TEST_STEP][PASSED] - closeBrowser(): Browser is closed

03-07-2024T22:16:20 - [MESSAGE][PASSED] - Browser is closed]]></system-out>
         <system-err><![CDATA[]]></system-err>
      </testcase>
      <testcase name="Test Cases/abcss/New Test Case (29)" time="4.531" classname="Test Cases/abcss/New Test Case (29)" status="PASSED">
         <system-out><![CDATA[03-07-2024T22:16:20 - [TEST_CASE][PASSED] - Test Cases/abcss/New Test Case (29): Test Cases/abcss/New Test Case (29)

03-07-2024T22:16:20 - [TEST_STEP][PASSED] - openBrowser(""): Browser is opened with url: ''

03-07-2024T22:16:20 - [MESSAGE][INFO] - Starting 'Chrome' driver

03-07-2024T22:16:20 - [MESSAGE][INFO] - Action delay is set to 0 milliseconds

03-07-2024T22:16:23 - [MESSAGE][PASSED] - Browser is opened with url: ''

03-07-2024T22:16:23 - [TEST_STEP][PASSED] - closeBrowser(): Browser is closed

03-07-2024T22:16:25 - [MESSAGE][PASSED] - Browser is closed]]></system-out>
         <system-err><![CDATA[]]></system-err>
      </testcase>
      <testcase name="Test Cases/abcss/New Test Case (3)" time="5.217" classname="Test Cases/abcss/New Test Case (3)" status="PASSED">
         <system-out><![CDATA[03-07-2024T22:16:25 - [TEST_CASE][PASSED] - Test Cases/abcss/New Test Case (3): Test Cases/abcss/New Test Case (3)

03-07-2024T22:16:25 - [TEST_STEP][PASSED] - openBrowser(""): Browser is opened with url: ''

03-07-2024T22:16:25 - [MESSAGE][INFO] - Starting 'Chrome' driver

03-07-2024T22:16:25 - [MESSAGE][INFO] - Action delay is set to 0 milliseconds

03-07-2024T22:16:28 - [MESSAGE][PASSED] - Browser is opened with url: ''

03-07-2024T22:16:28 - [TEST_STEP][PASSED] - closeBrowser(): Browser is closed

03-07-2024T22:16:30 - [MESSAGE][PASSED] - Browser is closed]]></system-out>
         <system-err><![CDATA[]]></system-err>
      </testcase>
      <testcase name="Test Cases/abcss/New Test Case (30)" time="4.087" classname="Test Cases/abcss/New Test Case (30)" status="PASSED">
         <system-out><![CDATA[03-07-2024T22:16:30 - [TEST_CASE][PASSED] - Test Cases/abcss/New Test Case (30): Test Cases/abcss/New Test Case (30)

03-07-2024T22:16:30 - [TEST_STEP][PASSED] - openBrowser(""): Browser is opened with url: ''

03-07-2024T22:16:30 - [MESSAGE][INFO] - Starting 'Chrome' driver

03-07-2024T22:16:30 - [MESSAGE][INFO] - Action delay is set to 0 milliseconds

03-07-2024T22:16:33 - [MESSAGE][PASSED] - Browser is opened with url: ''

03-07-2024T22:16:33 - [TEST_STEP][PASSED] - closeBrowser(): Browser is closed

03-07-2024T22:16:34 - [MESSAGE][PASSED] - Browser is closed]]></system-out>
         <system-err><![CDATA[]]></system-err>
      </testcase>
      <testcase name="Test Cases/abcss/New Test Case (31)" time="4.38" classname="Test Cases/abcss/New Test Case (31)" status="PASSED">
         <system-out><![CDATA[03-07-2024T22:16:34 - [TEST_CASE][PASSED] - Test Cases/abcss/New Test Case (31): Test Cases/abcss/New Test Case (31)

03-07-2024T22:16:34 - [TEST_STEP][PASSED] - openBrowser(""): Browser is opened with url: ''

03-07-2024T22:16:34 - [MESSAGE][INFO] - Starting 'Chrome' driver

03-07-2024T22:16:34 - [MESSAGE][INFO] - Action delay is set to 0 milliseconds

03-07-2024T22:16:36 - [MESSAGE][PASSED] - Browser is opened with url: ''

03-07-2024T22:16:36 - [TEST_STEP][PASSED] - closeBrowser(): Browser is closed

03-07-2024T22:16:39 - [MESSAGE][PASSED] - Browser is closed]]></system-out>
         <system-err><![CDATA[]]></system-err>
      </testcase>
      <testcase name="Test Cases/abcss/New Test Case (32)" time="6.233" classname="Test Cases/abcss/New Test Case (32)" status="PASSED">
         <system-out><![CDATA[03-07-2024T22:16:39 - [TEST_CASE][PASSED] - Test Cases/abcss/New Test Case (32): Test Cases/abcss/New Test Case (32)

03-07-2024T22:16:39 - [TEST_STEP][PASSED] - openBrowser(""): Browser is opened with url: ''

03-07-2024T22:16:39 - [MESSAGE][INFO] - Starting 'Chrome' driver

03-07-2024T22:16:39 - [MESSAGE][INFO] - Action delay is set to 0 milliseconds

03-07-2024T22:16:40 - [MESSAGE][PASSED] - Browser is opened with url: ''

03-07-2024T22:16:40 - [TEST_STEP][PASSED] - closeBrowser(): Browser is closed

03-07-2024T22:16:45 - [MESSAGE][PASSED] - Browser is closed]]></system-out>
         <system-err><![CDATA[]]></system-err>
      </testcase>
      <testcase name="Test Cases/abcss/New Test Case (33)" time="5.626" classname="Test Cases/abcss/New Test Case (33)" status="PASSED">
         <system-out><![CDATA[03-07-2024T22:16:45 - [TEST_CASE][PASSED] - Test Cases/abcss/New Test Case (33): Test Cases/abcss/New Test Case (33)

03-07-2024T22:16:45 - [TEST_STEP][PASSED] - openBrowser(""): Browser is opened with url: ''

03-07-2024T22:16:45 - [MESSAGE][INFO] - Starting 'Chrome' driver

03-07-2024T22:16:45 - [MESSAGE][INFO] - Action delay is set to 0 milliseconds

03-07-2024T22:16:49 - [MESSAGE][PASSED] - Browser is opened with url: ''

03-07-2024T22:16:49 - [TEST_STEP][PASSED] - closeBrowser(): Browser is closed

03-07-2024T22:16:50 - [MESSAGE][PASSED] - Browser is closed]]></system-out>
         <system-err><![CDATA[]]></system-err>
      </testcase>
      <testcase name="Test Cases/abcss/New Test Case (34)" time="5.779" classname="Test Cases/abcss/New Test Case (34)" status="PASSED">
         <system-out><![CDATA[03-07-2024T22:16:50 - [TEST_CASE][PASSED] - Test Cases/abcss/New Test Case (34): Test Cases/abcss/New Test Case (34)

03-07-2024T22:16:50 - [TEST_STEP][PASSED] - openBrowser(""): Browser is opened with url: ''

03-07-2024T22:16:50 - [MESSAGE][INFO] - Starting 'Chrome' driver

03-07-2024T22:16:50 - [MESSAGE][INFO] - Action delay is set to 0 milliseconds

03-07-2024T22:16:53 - [MESSAGE][PASSED] - Browser is opened with url: ''

03-07-2024T22:16:53 - [TEST_STEP][PASSED] - closeBrowser(): Browser is closed

03-07-2024T22:16:56 - [MESSAGE][PASSED] - Browser is closed]]></system-out>
         <system-err><![CDATA[]]></system-err>
      </testcase>
      <testcase name="Test Cases/abcss/New Test Case (4)" time="5.588" classname="Test Cases/abcss/New Test Case (4)" status="PASSED">
         <system-out><![CDATA[03-07-2024T22:16:56 - [TEST_CASE][PASSED] - Test Cases/abcss/New Test Case (4): Test Cases/abcss/New Test Case (4)

03-07-2024T22:16:56 - [TEST_STEP][PASSED] - openBrowser(""): Browser is opened with url: ''

03-07-2024T22:16:56 - [MESSAGE][INFO] - Starting 'Chrome' driver

03-07-2024T22:16:56 - [MESSAGE][INFO] - Action delay is set to 0 milliseconds

03-07-2024T22:17:00 - [MESSAGE][PASSED] - Browser is opened with url: ''

03-07-2024T22:17:00 - [TEST_STEP][PASSED] - closeBrowser(): Browser is closed

03-07-2024T22:17:02 - [MESSAGE][PASSED] - Browser is closed]]></system-out>
         <system-err><![CDATA[]]></system-err>
      </testcase>
      <testcase name="Test Cases/abcss/New Test Case (5)" time="4.762" classname="Test Cases/abcss/New Test Case (5)" status="PASSED">
         <system-out><![CDATA[03-07-2024T22:17:02 - [TEST_CASE][PASSED] - Test Cases/abcss/New Test Case (5): Test Cases/abcss/New Test Case (5)

03-07-2024T22:17:02 - [TEST_STEP][PASSED] - openBrowser(""): Browser is opened with url: ''

03-07-2024T22:17:02 - [MESSAGE][INFO] - Starting 'Chrome' driver

03-07-2024T22:17:02 - [MESSAGE][INFO] - Action delay is set to 0 milliseconds

03-07-2024T22:17:04 - [MESSAGE][PASSED] - Browser is opened with url: ''

03-07-2024T22:17:04 - [TEST_STEP][PASSED] - closeBrowser(): Browser is closed

03-07-2024T22:17:07 - [MESSAGE][PASSED] - Browser is closed]]></system-out>
         <system-err><![CDATA[]]></system-err>
      </testcase>
      <testcase name="Test Cases/abcss/New Test Case (6)" time="5.595" classname="Test Cases/abcss/New Test Case (6)" status="PASSED">
         <system-out><![CDATA[03-07-2024T22:17:07 - [TEST_CASE][PASSED] - Test Cases/abcss/New Test Case (6): Test Cases/abcss/New Test Case (6)

03-07-2024T22:17:07 - [TEST_STEP][PASSED] - openBrowser(""): Browser is opened with url: ''

03-07-2024T22:17:07 - [MESSAGE][INFO] - Starting 'Chrome' driver

03-07-2024T22:17:07 - [MESSAGE][INFO] - Action delay is set to 0 milliseconds

03-07-2024T22:17:10 - [MESSAGE][PASSED] - Browser is opened with url: ''

03-07-2024T22:17:10 - [TEST_STEP][PASSED] - closeBrowser(): Browser is closed

03-07-2024T22:17:12 - [MESSAGE][PASSED] - Browser is closed]]></system-out>
         <system-err><![CDATA[]]></system-err>
      </testcase>
      <testcase name="Test Cases/abcss/New Test Case (7)" time="5.12" classname="Test Cases/abcss/New Test Case (7)" status="PASSED">
         <system-out><![CDATA[03-07-2024T22:17:12 - [TEST_CASE][PASSED] - Test Cases/abcss/New Test Case (7): Test Cases/abcss/New Test Case (7)

03-07-2024T22:17:12 - [TEST_STEP][PASSED] - openBrowser(""): Browser is opened with url: ''

03-07-2024T22:17:12 - [MESSAGE][INFO] - Starting 'Chrome' driver

03-07-2024T22:17:12 - [MESSAGE][INFO] - Action delay is set to 0 milliseconds

03-07-2024T22:17:16 - [MESSAGE][PASSED] - Browser is opened with url: ''

03-07-2024T22:17:16 - [TEST_STEP][PASSED] - closeBrowser(): Browser is closed

03-07-2024T22:17:18 - [MESSAGE][PASSED] - Browser is closed]]></system-out>
         <system-err><![CDATA[]]></system-err>
      </testcase>
      <testcase name="Test Cases/abcss/New Test Case (8)" time="7.76" classname="Test Cases/abcss/New Test Case (8)" status="PASSED">
         <system-out><![CDATA[03-07-2024T22:17:18 - [TEST_CASE][PASSED] - Test Cases/abcss/New Test Case (8): Test Cases/abcss/New Test Case (8)

03-07-2024T22:17:18 - [TEST_STEP][PASSED] - openBrowser(""): Browser is opened with url: ''

03-07-2024T22:17:18 - [MESSAGE][INFO] - Starting 'Chrome' driver

03-07-2024T22:17:18 - [MESSAGE][INFO] - Action delay is set to 0 milliseconds

03-07-2024T22:17:21 - [MESSAGE][PASSED] - Browser is opened with url: ''

03-07-2024T22:17:21 - [TEST_STEP][PASSED] - closeBrowser(): Browser is closed

03-07-2024T22:17:25 - [MESSAGE][PASSED] - Browser is closed]]></system-out>
         <system-err><![CDATA[]]></system-err>
      </testcase>
      <testcase name="Test Cases/abcss/New Test Case (9)" time="4.789" classname="Test Cases/abcss/New Test Case (9)" status="PASSED">
         <system-out><![CDATA[03-07-2024T22:17:25 - [TEST_CASE][PASSED] - Test Cases/abcss/New Test Case (9): Test Cases/abcss/New Test Case (9)

03-07-2024T22:17:25 - [TEST_STEP][PASSED] - openBrowser(""): Browser is opened with url: ''

03-07-2024T22:17:25 - [MESSAGE][INFO] - Starting 'Chrome' driver

03-07-2024T22:17:25 - [MESSAGE][INFO] - Action delay is set to 0 milliseconds

03-07-2024T22:17:27 - [MESSAGE][PASSED] - Browser is opened with url: ''

03-07-2024T22:17:27 - [TEST_STEP][PASSED] - closeBrowser(): Browser is closed

03-07-2024T22:17:30 - [MESSAGE][PASSED] - Browser is closed]]></system-out>
         <system-err><![CDATA[]]></system-err>
      </testcase>
      <testcase name="Test Cases/abcss/New Test Case" time="4.933" classname="Test Cases/abcss/New Test Case" status="PASSED">
         <system-out><![CDATA[03-07-2024T22:17:30 - [TEST_CASE][PASSED] - Test Cases/abcss/New Test Case: Test Cases/abcss/New Test Case

03-07-2024T22:17:30 - [TEST_STEP][PASSED] - openBrowser(""): Browser is opened with url: ''

03-07-2024T22:17:30 - [MESSAGE][INFO] - Starting 'Chrome' driver

03-07-2024T22:17:30 - [MESSAGE][INFO] - Action delay is set to 0 milliseconds

03-07-2024T22:17:32 - [MESSAGE][PASSED] - Browser is opened with url: ''

03-07-2024T22:17:32 - [TEST_STEP][PASSED] - closeBrowser(): Browser is closed

03-07-2024T22:17:35 - [MESSAGE][PASSED] - Browser is closed]]></system-out>
         <system-err><![CDATA[]]></system-err>
      </testcase>
      <testcase name="Test Cases/ac/New Test Case (1)" time="44.49" classname="Test Cases/ac/New Test Case (1)" status="PASSED">
         <system-out><![CDATA[03-07-2024T22:17:35 - [TEST_CASE][PASSED] - Test Cases/ac/New Test Case (1): Test Cases/ac/New Test Case (1)

03-07-2024T22:17:35 - [TEST_STEP][PASSED] - openBrowser(""): Browser is opened with url: ''

03-07-2024T22:17:35 - [MESSAGE][INFO] - Starting 'Chrome' driver

03-07-2024T22:17:35 - [MESSAGE][INFO] - Action delay is set to 0 milliseconds

03-07-2024T22:17:38 - [MESSAGE][PASSED] - Browser is opened with url: ''

03-07-2024T22:17:38 - [TEST_STEP][PASSED] - navigateToUrl("https://academy.katalon.com/"): Navigate to 'https://academy.katalon.com/' successfully

03-07-2024T22:17:42 - [MESSAGE][PASSED] - Navigate to 'https://academy.katalon.com/' successfully

03-07-2024T22:17:42 - [TEST_STEP][PASSED] - takeScreenshotAsCheckpoint("current_viewport 1"): Taking screenshot successfully

03-07-2024T22:17:50 - [MESSAGE][INFO] - 0 hidden object(s)

03-07-2024T22:17:51 - [MESSAGE][PASSED] - Taking screenshot successfully
[[ATTACHMENT|keyes\keyes-current_viewport 1.png]]

03-07-2024T22:17:51 - [TEST_STEP][PASSED] - takeScreenshotAsCheckpoint("current_viewport 2 "): Taking screenshot successfully

03-07-2024T22:17:54 - [MESSAGE][INFO] - 0 hidden object(s)

03-07-2024T22:17:54 - [MESSAGE][PASSED] - Taking screenshot successfully
[[ATTACHMENT|keyes\keyes-current_viewport 2.png]]

03-07-2024T22:17:54 - [TEST_STEP][PASSED] - takeScreenshotAsCheckpoint("current_viewport 3"): Taking screenshot successfully

03-07-2024T22:17:55 - [MESSAGE][INFO] - 0 hidden object(s)

03-07-2024T22:17:55 - [MESSAGE][PASSED] - Taking screenshot successfully
[[ATTACHMENT|keyes\keyes-current_viewport 3.png]]

03-07-2024T22:17:55 - [TEST_STEP][PASSED] - takeScreenshotAsCheckpoint("current_viewport 4"): Taking screenshot successfully

03-07-2024T22:17:56 - [MESSAGE][INFO] - 0 hidden object(s)

03-07-2024T22:17:56 - [MESSAGE][PASSED] - Taking screenshot successfully
[[ATTACHMENT|keyes\keyes-current_viewport 4.png]]

03-07-2024T22:17:56 - [TEST_STEP][PASSED] - takeScreenshotAsCheckpoint("current_viewport 5"): Taking screenshot successfully

03-07-2024T22:17:57 - [MESSAGE][INFO] - 0 hidden object(s)

03-07-2024T22:17:57 - [MESSAGE][PASSED] - Taking screenshot successfully
[[ATTACHMENT|keyes\keyes-current_viewport 5.png]]

03-07-2024T22:17:57 - [TEST_STEP][PASSED] - takeScreenshotAsCheckpoint("current_viewport 6"): Taking screenshot successfully

03-07-2024T22:17:58 - [MESSAGE][INFO] - 0 hidden object(s)

03-07-2024T22:17:58 - [MESSAGE][PASSED] - Taking screenshot successfully
[[ATTACHMENT|keyes\keyes-current_viewport 6.png]]

03-07-2024T22:17:58 - [TEST_STEP][PASSED] - takeScreenshotAsCheckpoint("current_viewport 7"): Taking screenshot successfully

03-07-2024T22:18:01 - [MESSAGE][INFO] - 0 hidden object(s)

03-07-2024T22:18:01 - [MESSAGE][PASSED] - Taking screenshot successfully
[[ATTACHMENT|keyes\keyes-current_viewport 7.png]]

03-07-2024T22:18:01 - [TEST_STEP][PASSED] - takeScreenshotAsCheckpoint("current_viewport 8 "): Taking screenshot successfully

03-07-2024T22:18:03 - [MESSAGE][INFO] - 0 hidden object(s)

03-07-2024T22:18:03 - [MESSAGE][PASSED] - Taking screenshot successfully
[[ATTACHMENT|keyes\keyes-current_viewport 8.png]]

03-07-2024T22:18:03 - [TEST_STEP][PASSED] - takeScreenshotAsCheckpoint("current_viewport9"): Taking screenshot successfully

03-07-2024T22:18:05 - [MESSAGE][INFO] - 0 hidden object(s)

03-07-2024T22:18:05 - [MESSAGE][PASSED] - Taking screenshot successfully
[[ATTACHMENT|keyes\keyes-current_viewport9.png]]

03-07-2024T22:18:05 - [TEST_STEP][PASSED] - takeScreenshotAsCheckpoint("current_viewport 10"): Taking screenshot successfully

03-07-2024T22:18:06 - [MESSAGE][INFO] - 0 hidden object(s)

03-07-2024T22:18:07 - [MESSAGE][PASSED] - Taking screenshot successfully
[[ATTACHMENT|keyes\keyes-current_viewport 10.png]]

03-07-2024T22:18:07 - [TEST_STEP][PASSED] - takeScreenshotAsCheckpoint("current_viewport11"): Taking screenshot successfully

03-07-2024T22:18:08 - [MESSAGE][INFO] - 0 hidden object(s)

03-07-2024T22:18:08 - [MESSAGE][PASSED] - Taking screenshot successfully
[[ATTACHMENT|keyes\keyes-current_viewport11.png]]

03-07-2024T22:18:08 - [TEST_STEP][PASSED] - takeScreenshotAsCheckpoint("current_viewport12"): Taking screenshot successfully

03-07-2024T22:18:09 - [MESSAGE][INFO] - 0 hidden object(s)

03-07-2024T22:18:10 - [MESSAGE][PASSED] - Taking screenshot successfully
[[ATTACHMENT|keyes\keyes-current_viewport12.png]]

03-07-2024T22:18:10 - [TEST_STEP][PASSED] - takeScreenshotAsCheckpoint("current_viewport13"): Taking screenshot successfully

03-07-2024T22:18:11 - [MESSAGE][INFO] - 0 hidden object(s)

03-07-2024T22:18:11 - [MESSAGE][PASSED] - Taking screenshot successfully
[[ATTACHMENT|keyes\keyes-current_viewport13.png]]

03-07-2024T22:18:11 - [TEST_STEP][PASSED] - takeScreenshotAsCheckpoint("current_viewport14"): Taking screenshot successfully

03-07-2024T22:18:12 - [MESSAGE][INFO] - 0 hidden object(s)

03-07-2024T22:18:12 - [MESSAGE][PASSED] - Taking screenshot successfully
[[ATTACHMENT|keyes\keyes-current_viewport14.png]]

03-07-2024T22:18:12 - [TEST_STEP][PASSED] - takeScreenshotAsCheckpoint("current_viewport15"): Taking screenshot successfully

03-07-2024T22:18:13 - [MESSAGE][INFO] - 0 hidden object(s)

03-07-2024T22:18:13 - [MESSAGE][PASSED] - Taking screenshot successfully
[[ATTACHMENT|keyes\keyes-current_viewport15.png]]

03-07-2024T22:18:13 - [TEST_STEP][PASSED] - takeScreenshotAsCheckpoint("current_viewport16"): Taking screenshot successfully

03-07-2024T22:18:14 - [MESSAGE][INFO] - 0 hidden object(s)

03-07-2024T22:18:15 - [MESSAGE][PASSED] - Taking screenshot successfully
[[ATTACHMENT|keyes\keyes-current_viewport16.png]]

03-07-2024T22:18:15 - [TEST_STEP][PASSED] - takeScreenshotAsCheckpoint("current_viewport17"): Taking screenshot successfully

03-07-2024T22:18:16 - [MESSAGE][INFO] - 0 hidden object(s)

03-07-2024T22:18:16 - [MESSAGE][PASSED] - Taking screenshot successfully
[[ATTACHMENT|keyes\keyes-current_viewport17.png]]

03-07-2024T22:18:16 - [TEST_STEP][PASSED] - takeScreenshotAsCheckpoint("current_viewport16"): Taking screenshot successfully

03-07-2024T22:18:18 - [MESSAGE][INFO] - 0 hidden object(s)

03-07-2024T22:18:18 - [MESSAGE][PASSED] - Taking screenshot successfully
[[ATTACHMENT|keyes\keyes-current_viewport16.png]]

03-07-2024T22:18:18 - [TEST_STEP][PASSED] - closeBrowser(): Browser is closed

03-07-2024T22:18:20 - [MESSAGE][PASSED] - Browser is closed]]></system-out>
         <system-err><![CDATA[]]></system-err>
      </testcase>
      <testcase name="Test Cases/ac/New Test Case" time="2.046" classname="Test Cases/ac/New Test Case" status="PASSED">
         <system-out><![CDATA[03-07-2024T22:18:20 - [TEST_CASE][PASSED] - Test Cases/ac/New Test Case: Test Cases/ac/New Test Case

03-07-2024T22:18:20 - [TEST_STEP][PASSED] - sendRequest(findTestObject("ac/New Request")): Send request successfully

03-07-2024T22:18:22 - [MESSAGE][INFO] - HAR: C:\Users\tuanh\git\kata-oma\Reports\20240703_220347\thang\New Dynamic Test Suite\20240703_220347\requests\main\1.har

03-07-2024T22:18:22 - [MESSAGE][PASSED] - Send request successfully]]></system-out>
         <system-err><![CDATA[]]></system-err>
      </testcase>
      <testcase name="Test Cases/chien/New Test Case (1)" time="5.543" classname="Test Cases/chien/New Test Case (1)" status="PASSED">
         <system-out><![CDATA[03-07-2024T22:18:22 - [TEST_CASE][PASSED] - Test Cases/chien/New Test Case (1): Test Cases/chien/New Test Case (1)

03-07-2024T22:18:22 - [TEST_STEP][PASSED] - openBrowser(""): Browser is opened with url: ''

03-07-2024T22:18:22 - [MESSAGE][INFO] - Starting 'Chrome' driver

03-07-2024T22:18:22 - [MESSAGE][INFO] - Action delay is set to 0 milliseconds

03-07-2024T22:18:23 - [MESSAGE][PASSED] - Browser is opened with url: ''

03-07-2024T22:18:23 - [TEST_STEP][PASSED] - closeBrowser(): Browser is closed

03-07-2024T22:18:27 - [MESSAGE][PASSED] - Browser is closed]]></system-out>
         <system-err><![CDATA[]]></system-err>
      </testcase>
      <testcase name="Test Cases/chien/New Test Case (10)" time="6.736" classname="Test Cases/chien/New Test Case (10)" status="PASSED">
         <system-out><![CDATA[03-07-2024T22:18:27 - [TEST_CASE][PASSED] - Test Cases/chien/New Test Case (10): Test Cases/chien/New Test Case (10)

03-07-2024T22:18:27 - [TEST_STEP][PASSED] - openBrowser(""): Browser is opened with url: ''

03-07-2024T22:18:27 - [MESSAGE][INFO] - Starting 'Chrome' driver

03-07-2024T22:18:27 - [MESSAGE][INFO] - Action delay is set to 0 milliseconds

03-07-2024T22:18:29 - [MESSAGE][PASSED] - Browser is opened with url: ''

03-07-2024T22:18:29 - [TEST_STEP][PASSED] - closeBrowser(): Browser is closed

03-07-2024T22:18:34 - [MESSAGE][PASSED] - Browser is closed]]></system-out>
         <system-err><![CDATA[]]></system-err>
      </testcase>
      <testcase name="Test Cases/chien/New Test Case (11)" time="8.478" classname="Test Cases/chien/New Test Case (11)" status="PASSED">
         <system-out><![CDATA[03-07-2024T22:18:34 - [TEST_CASE][PASSED] - Test Cases/chien/New Test Case (11): Test Cases/chien/New Test Case (11)

03-07-2024T22:18:34 - [TEST_STEP][PASSED] - openBrowser(""): Browser is opened with url: ''

03-07-2024T22:18:34 - [MESSAGE][INFO] - Starting 'Chrome' driver

03-07-2024T22:18:34 - [MESSAGE][INFO] - Action delay is set to 0 milliseconds

03-07-2024T22:18:37 - [MESSAGE][PASSED] - Browser is opened with url: ''

03-07-2024T22:18:37 - [TEST_STEP][PASSED] - closeBrowser(): Browser is closed

03-07-2024T22:18:43 - [MESSAGE][PASSED] - Browser is closed]]></system-out>
         <system-err><![CDATA[]]></system-err>
      </testcase>
      <testcase name="Test Cases/chien/New Test Case (12)" time="4.304" classname="Test Cases/chien/New Test Case (12)" status="PASSED">
         <system-out><![CDATA[03-07-2024T22:18:43 - [TEST_CASE][PASSED] - Test Cases/chien/New Test Case (12): Test Cases/chien/New Test Case (12)

03-07-2024T22:18:43 - [TEST_STEP][PASSED] - openBrowser(""): Browser is opened with url: ''

03-07-2024T22:18:43 - [MESSAGE][INFO] - Starting 'Chrome' driver

03-07-2024T22:18:43 - [MESSAGE][INFO] - Action delay is set to 0 milliseconds

03-07-2024T22:18:46 - [MESSAGE][PASSED] - Browser is opened with url: ''

03-07-2024T22:18:46 - [TEST_STEP][PASSED] - closeBrowser(): Browser is closed

03-07-2024T22:18:47 - [MESSAGE][PASSED] - Browser is closed]]></system-out>
         <system-err><![CDATA[]]></system-err>
      </testcase>
      <testcase name="Test Cases/chien/New Test Case (13)" time="3.882" classname="Test Cases/chien/New Test Case (13)" status="PASSED">
         <system-out><![CDATA[03-07-2024T22:18:47 - [TEST_CASE][PASSED] - Test Cases/chien/New Test Case (13): Test Cases/chien/New Test Case (13)

03-07-2024T22:18:47 - [TEST_STEP][PASSED] - openBrowser(""): Browser is opened with url: ''

03-07-2024T22:18:47 - [MESSAGE][INFO] - Starting 'Chrome' driver

03-07-2024T22:18:47 - [MESSAGE][INFO] - Action delay is set to 0 milliseconds

03-07-2024T22:18:50 - [MESSAGE][PASSED] - Browser is opened with url: ''

03-07-2024T22:18:50 - [TEST_STEP][PASSED] - closeBrowser(): Browser is closed

03-07-2024T22:18:51 - [MESSAGE][PASSED] - Browser is closed]]></system-out>
         <system-err><![CDATA[]]></system-err>
      </testcase>
      <testcase name="Test Cases/chien/New Test Case (14)" time="3.474" classname="Test Cases/chien/New Test Case (14)" status="PASSED">
         <system-out><![CDATA[03-07-2024T22:18:51 - [TEST_CASE][PASSED] - Test Cases/chien/New Test Case (14): Test Cases/chien/New Test Case (14)

03-07-2024T22:18:51 - [TEST_STEP][PASSED] - openBrowser(""): Browser is opened with url: ''

03-07-2024T22:18:51 - [MESSAGE][INFO] - Starting 'Chrome' driver

03-07-2024T22:18:51 - [MESSAGE][INFO] - Action delay is set to 0 milliseconds

03-07-2024T22:18:53 - [MESSAGE][PASSED] - Browser is opened with url: ''

03-07-2024T22:18:53 - [TEST_STEP][PASSED] - closeBrowser(): Browser is closed

03-07-2024T22:18:54 - [MESSAGE][PASSED] - Browser is closed]]></system-out>
         <system-err><![CDATA[]]></system-err>
      </testcase>
      <testcase name="Test Cases/chien/New Test Case (15)" time="3.484" classname="Test Cases/chien/New Test Case (15)" status="PASSED">
         <system-out><![CDATA[03-07-2024T22:18:54 - [TEST_CASE][PASSED] - Test Cases/chien/New Test Case (15): Test Cases/chien/New Test Case (15)

03-07-2024T22:18:54 - [TEST_STEP][PASSED] - openBrowser(""): Browser is opened with url: ''

03-07-2024T22:18:54 - [MESSAGE][INFO] - Starting 'Chrome' driver

03-07-2024T22:18:54 - [MESSAGE][INFO] - Action delay is set to 0 milliseconds

03-07-2024T22:18:56 - [MESSAGE][PASSED] - Browser is opened with url: ''

03-07-2024T22:18:56 - [TEST_STEP][PASSED] - closeBrowser(): Browser is closed

03-07-2024T22:18:58 - [MESSAGE][PASSED] - Browser is closed]]></system-out>
         <system-err><![CDATA[]]></system-err>
      </testcase>
      <testcase name="Test Cases/chien/New Test Case (16)" time="5.769" classname="Test Cases/chien/New Test Case (16)" status="PASSED">
         <system-out><![CDATA[03-07-2024T22:18:58 - [TEST_CASE][PASSED] - Test Cases/chien/New Test Case (16): Test Cases/chien/New Test Case (16)

03-07-2024T22:18:58 - [TEST_STEP][PASSED] - openBrowser(""): Browser is opened with url: ''

03-07-2024T22:18:58 - [MESSAGE][INFO] - Starting 'Chrome' driver

03-07-2024T22:18:58 - [MESSAGE][INFO] - Action delay is set to 0 milliseconds

03-07-2024T22:18:59 - [MESSAGE][PASSED] - Browser is opened with url: ''

03-07-2024T22:18:59 - [TEST_STEP][PASSED] - closeBrowser(): Browser is closed

03-07-2024T22:19:04 - [MESSAGE][PASSED] - Browser is closed]]></system-out>
         <system-err><![CDATA[]]></system-err>
      </testcase>
      <testcase name="Test Cases/chien/New Test Case (17)" time="4.684" classname="Test Cases/chien/New Test Case (17)" status="PASSED">
         <system-out><![CDATA[03-07-2024T22:19:04 - [TEST_CASE][PASSED] - Test Cases/chien/New Test Case (17): Test Cases/chien/New Test Case (17)

03-07-2024T22:19:04 - [TEST_STEP][PASSED] - openBrowser(""): Browser is opened with url: ''

03-07-2024T22:19:04 - [MESSAGE][INFO] - Starting 'Chrome' driver

03-07-2024T22:19:04 - [MESSAGE][INFO] - Action delay is set to 0 milliseconds

03-07-2024T22:19:07 - [MESSAGE][PASSED] - Browser is opened with url: ''

03-07-2024T22:19:07 - [TEST_STEP][PASSED] - closeBrowser(): Browser is closed

03-07-2024T22:19:08 - [MESSAGE][PASSED] - Browser is closed]]></system-out>
         <system-err><![CDATA[]]></system-err>
      </testcase>
      <testcase name="Test Cases/chien/New Test Case (18)" time="5.139" classname="Test Cases/chien/New Test Case (18)" status="PASSED">
         <system-out><![CDATA[03-07-2024T22:19:08 - [TEST_CASE][PASSED] - Test Cases/chien/New Test Case (18): Test Cases/chien/New Test Case (18)

03-07-2024T22:19:08 - [TEST_STEP][PASSED] - openBrowser(""): Browser is opened with url: ''

03-07-2024T22:19:08 - [MESSAGE][INFO] - Starting 'Chrome' driver

03-07-2024T22:19:09 - [MESSAGE][INFO] - Action delay is set to 0 milliseconds

03-07-2024T22:19:10 - [MESSAGE][PASSED] - Browser is opened with url: ''

03-07-2024T22:19:10 - [TEST_STEP][PASSED] - closeBrowser(): Browser is closed

03-07-2024T22:19:14 - [MESSAGE][PASSED] - Browser is closed]]></system-out>
         <system-err><![CDATA[]]></system-err>
      </testcase>
      <testcase name="Test Cases/chien/New Test Case (19)" time="5.316" classname="Test Cases/chien/New Test Case (19)" status="PASSED">
         <system-out><![CDATA[03-07-2024T22:19:14 - [TEST_CASE][PASSED] - Test Cases/chien/New Test Case (19): Test Cases/chien/New Test Case (19)

03-07-2024T22:19:14 - [TEST_STEP][PASSED] - openBrowser(""): Browser is opened with url: ''

03-07-2024T22:19:14 - [MESSAGE][INFO] - Starting 'Chrome' driver

03-07-2024T22:19:14 - [MESSAGE][INFO] - Action delay is set to 0 milliseconds

03-07-2024T22:19:15 - [MESSAGE][PASSED] - Browser is opened with url: ''

03-07-2024T22:19:15 - [TEST_STEP][PASSED] - closeBrowser(): Browser is closed

03-07-2024T22:19:19 - [MESSAGE][PASSED] - Browser is closed]]></system-out>
         <system-err><![CDATA[]]></system-err>
      </testcase>
      <testcase name="Test Cases/chien/New Test Case (2)" time="4.76" classname="Test Cases/chien/New Test Case (2)" status="PASSED">
         <system-out><![CDATA[03-07-2024T22:19:19 - [TEST_CASE][PASSED] - Test Cases/chien/New Test Case (2): Test Cases/chien/New Test Case (2)

03-07-2024T22:19:19 - [TEST_STEP][PASSED] - openBrowser(""): Browser is opened with url: ''

03-07-2024T22:19:19 - [MESSAGE][INFO] - Starting 'Chrome' driver

03-07-2024T22:19:19 - [MESSAGE][INFO] - Action delay is set to 0 milliseconds

03-07-2024T22:19:21 - [MESSAGE][PASSED] - Browser is opened with url: ''

03-07-2024T22:19:21 - [TEST_STEP][PASSED] - closeBrowser(): Browser is closed

03-07-2024T22:19:24 - [MESSAGE][PASSED] - Browser is closed]]></system-out>
         <system-err><![CDATA[]]></system-err>
      </testcase>
      <testcase name="Test Cases/chien/New Test Case (20)" time="4.262" classname="Test Cases/chien/New Test Case (20)" status="PASSED">
         <system-out><![CDATA[03-07-2024T22:19:24 - [TEST_CASE][PASSED] - Test Cases/chien/New Test Case (20): Test Cases/chien/New Test Case (20)

03-07-2024T22:19:24 - [TEST_STEP][PASSED] - openBrowser(""): Browser is opened with url: ''

03-07-2024T22:19:24 - [MESSAGE][INFO] - Starting 'Chrome' driver

03-07-2024T22:19:24 - [MESSAGE][INFO] - Action delay is set to 0 milliseconds

03-07-2024T22:19:26 - [MESSAGE][PASSED] - Browser is opened with url: ''

03-07-2024T22:19:26 - [TEST_STEP][PASSED] - closeBrowser(): Browser is closed

03-07-2024T22:19:28 - [MESSAGE][PASSED] - Browser is closed]]></system-out>
         <system-err><![CDATA[]]></system-err>
      </testcase>
      <testcase name="Test Cases/chien/New Test Case (21)" time="4.527" classname="Test Cases/chien/New Test Case (21)" status="PASSED">
         <system-out><![CDATA[03-07-2024T22:19:28 - [TEST_CASE][PASSED] - Test Cases/chien/New Test Case (21): Test Cases/chien/New Test Case (21)

03-07-2024T22:19:28 - [TEST_STEP][PASSED] - openBrowser(""): Browser is opened with url: ''

03-07-2024T22:19:28 - [MESSAGE][INFO] - Starting 'Chrome' driver

03-07-2024T22:19:28 - [MESSAGE][INFO] - Action delay is set to 0 milliseconds

03-07-2024T22:19:31 - [MESSAGE][PASSED] - Browser is opened with url: ''

03-07-2024T22:19:31 - [TEST_STEP][PASSED] - closeBrowser(): Browser is closed

03-07-2024T22:19:33 - [MESSAGE][PASSED] - Browser is closed]]></system-out>
         <system-err><![CDATA[]]></system-err>
      </testcase>
      <testcase name="Test Cases/chien/New Test Case (22)" time="8.245" classname="Test Cases/chien/New Test Case (22)" status="PASSED">
         <system-out><![CDATA[03-07-2024T22:19:33 - [TEST_CASE][PASSED] - Test Cases/chien/New Test Case (22): Test Cases/chien/New Test Case (22)

03-07-2024T22:19:33 - [TEST_STEP][PASSED] - openBrowser(""): Browser is opened with url: ''

03-07-2024T22:19:33 - [MESSAGE][INFO] - Starting 'Chrome' driver

03-07-2024T22:19:33 - [MESSAGE][INFO] - Action delay is set to 0 milliseconds

03-07-2024T22:19:37 - [MESSAGE][PASSED] - Browser is opened with url: ''

03-07-2024T22:19:37 - [TEST_STEP][PASSED] - closeBrowser(): Browser is closed

03-07-2024T22:19:41 - [MESSAGE][PASSED] - Browser is closed]]></system-out>
         <system-err><![CDATA[]]></system-err>
      </testcase>
      <testcase name="Test Cases/chien/New Test Case (23)" time="3.766" classname="Test Cases/chien/New Test Case (23)" status="PASSED">
         <system-out><![CDATA[03-07-2024T22:19:41 - [TEST_CASE][PASSED] - Test Cases/chien/New Test Case (23): Test Cases/chien/New Test Case (23)

03-07-2024T22:19:41 - [TEST_STEP][PASSED] - openBrowser(""): Browser is opened with url: ''

03-07-2024T22:19:41 - [MESSAGE][INFO] - Starting 'Chrome' driver

03-07-2024T22:19:41 - [MESSAGE][INFO] - Action delay is set to 0 milliseconds

03-07-2024T22:19:42 - [MESSAGE][PASSED] - Browser is opened with url: ''

03-07-2024T22:19:42 - [TEST_STEP][PASSED] - closeBrowser(): Browser is closed

03-07-2024T22:19:45 - [MESSAGE][PASSED] - Browser is closed]]></system-out>
         <system-err><![CDATA[]]></system-err>
      </testcase>
      <testcase name="Test Cases/chien/New Test Case (24)" time="5.391" classname="Test Cases/chien/New Test Case (24)" status="PASSED">
         <system-out><![CDATA[03-07-2024T22:19:45 - [TEST_CASE][PASSED] - Test Cases/chien/New Test Case (24): Test Cases/chien/New Test Case (24)

03-07-2024T22:19:45 - [TEST_STEP][PASSED] - openBrowser(""): Browser is opened with url: ''

03-07-2024T22:19:45 - [MESSAGE][INFO] - Starting 'Chrome' driver

03-07-2024T22:19:45 - [MESSAGE][INFO] - Action delay is set to 0 milliseconds

03-07-2024T22:19:47 - [MESSAGE][PASSED] - Browser is opened with url: ''

03-07-2024T22:19:47 - [TEST_STEP][PASSED] - closeBrowser(): Browser is closed

03-07-2024T22:19:50 - [MESSAGE][PASSED] - Browser is closed]]></system-out>
         <system-err><![CDATA[]]></system-err>
      </testcase>
      <testcase name="Test Cases/chien/New Test Case (25)" time="6.729" classname="Test Cases/chien/New Test Case (25)" status="PASSED">
         <system-out><![CDATA[03-07-2024T22:19:50 - [TEST_CASE][PASSED] - Test Cases/chien/New Test Case (25): Test Cases/chien/New Test Case (25)

03-07-2024T22:19:50 - [TEST_STEP][PASSED] - openBrowser(""): Browser is opened with url: ''

03-07-2024T22:19:50 - [MESSAGE][INFO] - Starting 'Chrome' driver

03-07-2024T22:19:50 - [MESSAGE][INFO] - Action delay is set to 0 milliseconds

03-07-2024T22:19:53 - [MESSAGE][PASSED] - Browser is opened with url: ''

03-07-2024T22:19:53 - [TEST_STEP][PASSED] - closeBrowser(): Browser is closed

03-07-2024T22:19:57 - [MESSAGE][PASSED] - Browser is closed]]></system-out>
         <system-err><![CDATA[]]></system-err>
      </testcase>
      <testcase name="Test Cases/chien/New Test Case (26)" time="5.851" classname="Test Cases/chien/New Test Case (26)" status="PASSED">
         <system-out><![CDATA[03-07-2024T22:19:57 - [TEST_CASE][PASSED] - Test Cases/chien/New Test Case (26): Test Cases/chien/New Test Case (26)

03-07-2024T22:19:57 - [TEST_STEP][PASSED] - openBrowser(""): Browser is opened with url: ''

03-07-2024T22:19:57 - [MESSAGE][INFO] - Starting 'Chrome' driver

03-07-2024T22:19:57 - [MESSAGE][INFO] - Action delay is set to 0 milliseconds

03-07-2024T22:19:58 - [MESSAGE][PASSED] - Browser is opened with url: ''

03-07-2024T22:19:58 - [TEST_STEP][PASSED] - closeBrowser(): Browser is closed

03-07-2024T22:20:03 - [MESSAGE][PASSED] - Browser is closed]]></system-out>
         <system-err><![CDATA[]]></system-err>
      </testcase>
      <testcase name="Test Cases/chien/New Test Case (27)" time="9.593" classname="Test Cases/chien/New Test Case (27)" status="PASSED">
         <system-out><![CDATA[03-07-2024T22:20:03 - [TEST_CASE][PASSED] - Test Cases/chien/New Test Case (27): Test Cases/chien/New Test Case (27)

03-07-2024T22:20:03 - [TEST_STEP][PASSED] - openBrowser(""): Browser is opened with url: ''

03-07-2024T22:20:03 - [MESSAGE][INFO] - Starting 'Chrome' driver

03-07-2024T22:20:03 - [MESSAGE][INFO] - Action delay is set to 0 milliseconds

03-07-2024T22:20:05 - [MESSAGE][PASSED] - Browser is opened with url: ''

03-07-2024T22:20:05 - [TEST_STEP][PASSED] - closeBrowser(): Browser is closed

03-07-2024T22:20:12 - [MESSAGE][PASSED] - Browser is closed]]></system-out>
         <system-err><![CDATA[]]></system-err>
      </testcase>
      <testcase name="Test Cases/chien/New Test Case (28)" time="4.773" classname="Test Cases/chien/New Test Case (28)" status="PASSED">
         <system-out><![CDATA[03-07-2024T22:20:12 - [TEST_CASE][PASSED] - Test Cases/chien/New Test Case (28): Test Cases/chien/New Test Case (28)

03-07-2024T22:20:12 - [TEST_STEP][PASSED] - openBrowser(""): Browser is opened with url: ''

03-07-2024T22:20:12 - [MESSAGE][INFO] - Starting 'Chrome' driver

03-07-2024T22:20:12 - [MESSAGE][INFO] - Action delay is set to 0 milliseconds

03-07-2024T22:20:15 - [MESSAGE][PASSED] - Browser is opened with url: ''

03-07-2024T22:20:15 - [TEST_STEP][PASSED] - closeBrowser(): Browser is closed

03-07-2024T22:20:17 - [MESSAGE][PASSED] - Browser is closed]]></system-out>
         <system-err><![CDATA[]]></system-err>
      </testcase>
      <testcase name="Test Cases/chien/New Test Case (29)" time="3.906" classname="Test Cases/chien/New Test Case (29)" status="PASSED">
         <system-out><![CDATA[03-07-2024T22:20:17 - [TEST_CASE][PASSED] - Test Cases/chien/New Test Case (29): Test Cases/chien/New Test Case (29)

03-07-2024T22:20:17 - [TEST_STEP][PASSED] - openBrowser(""): Browser is opened with url: ''

03-07-2024T22:20:17 - [MESSAGE][INFO] - Starting 'Chrome' driver

03-07-2024T22:20:17 - [MESSAGE][INFO] - Action delay is set to 0 milliseconds

03-07-2024T22:20:19 - [MESSAGE][PASSED] - Browser is opened with url: ''

03-07-2024T22:20:19 - [TEST_STEP][PASSED] - closeBrowser(): Browser is closed

03-07-2024T22:20:21 - [MESSAGE][PASSED] - Browser is closed]]></system-out>
         <system-err><![CDATA[]]></system-err>
      </testcase>
      <testcase name="Test Cases/chien/New Test Case (3)" time="4.854" classname="Test Cases/chien/New Test Case (3)" status="PASSED">
         <system-out><![CDATA[03-07-2024T22:20:21 - [TEST_CASE][PASSED] - Test Cases/chien/New Test Case (3): Test Cases/chien/New Test Case (3)

03-07-2024T22:20:21 - [TEST_STEP][PASSED] - openBrowser(""): Browser is opened with url: ''

03-07-2024T22:20:21 - [MESSAGE][INFO] - Starting 'Chrome' driver

03-07-2024T22:20:21 - [MESSAGE][INFO] - Action delay is set to 0 milliseconds

03-07-2024T22:20:25 - [MESSAGE][PASSED] - Browser is opened with url: ''

03-07-2024T22:20:25 - [TEST_STEP][PASSED] - closeBrowser(): Browser is closed

03-07-2024T22:20:26 - [MESSAGE][PASSED] - Browser is closed]]></system-out>
         <system-err><![CDATA[]]></system-err>
      </testcase>
      <testcase name="Test Cases/chien/New Test Case (30)" time="4.093" classname="Test Cases/chien/New Test Case (30)" status="PASSED">
         <system-out><![CDATA[03-07-2024T22:20:26 - [TEST_CASE][PASSED] - Test Cases/chien/New Test Case (30): Test Cases/chien/New Test Case (30)

03-07-2024T22:20:26 - [TEST_STEP][PASSED] - openBrowser(""): Browser is opened with url: ''

03-07-2024T22:20:26 - [MESSAGE][INFO] - Starting 'Chrome' driver

03-07-2024T22:20:26 - [MESSAGE][INFO] - Action delay is set to 0 milliseconds

03-07-2024T22:20:28 - [MESSAGE][PASSED] - Browser is opened with url: ''

03-07-2024T22:20:28 - [TEST_STEP][PASSED] - closeBrowser(): Browser is closed

03-07-2024T22:20:30 - [MESSAGE][PASSED] - Browser is closed]]></system-out>
         <system-err><![CDATA[]]></system-err>
      </testcase>
      <testcase name="Test Cases/chien/New Test Case (31)" time="4.554" classname="Test Cases/chien/New Test Case (31)" status="PASSED">
         <system-out><![CDATA[03-07-2024T22:20:30 - [TEST_CASE][PASSED] - Test Cases/chien/New Test Case (31): Test Cases/chien/New Test Case (31)

03-07-2024T22:20:30 - [TEST_STEP][PASSED] - openBrowser(""): Browser is opened with url: ''

03-07-2024T22:20:30 - [MESSAGE][INFO] - Starting 'Chrome' driver

03-07-2024T22:20:30 - [MESSAGE][INFO] - Action delay is set to 0 milliseconds

03-07-2024T22:20:32 - [MESSAGE][PASSED] - Browser is opened with url: ''

03-07-2024T22:20:32 - [TEST_STEP][PASSED] - closeBrowser(): Browser is closed

03-07-2024T22:20:34 - [MESSAGE][PASSED] - Browser is closed]]></system-out>
         <system-err><![CDATA[]]></system-err>
      </testcase>
      <testcase name="Test Cases/chien/New Test Case (4)" time="4.368" classname="Test Cases/chien/New Test Case (4)" status="PASSED">
         <system-out><![CDATA[03-07-2024T22:20:34 - [TEST_CASE][PASSED] - Test Cases/chien/New Test Case (4): Test Cases/chien/New Test Case (4)

03-07-2024T22:20:34 - [TEST_STEP][PASSED] - openBrowser(""): Browser is opened with url: ''

03-07-2024T22:20:34 - [MESSAGE][INFO] - Starting 'Chrome' driver

03-07-2024T22:20:34 - [MESSAGE][INFO] - Action delay is set to 0 milliseconds

03-07-2024T22:20:38 - [MESSAGE][PASSED] - Browser is opened with url: ''

03-07-2024T22:20:38 - [TEST_STEP][PASSED] - closeBrowser(): Browser is closed

03-07-2024T22:20:39 - [MESSAGE][PASSED] - Browser is closed]]></system-out>
         <system-err><![CDATA[]]></system-err>
      </testcase>
      <testcase name="Test Cases/chien/New Test Case (5)" time="8.814" classname="Test Cases/chien/New Test Case (5)" status="PASSED">
         <system-out><![CDATA[03-07-2024T22:20:39 - [TEST_CASE][PASSED] - Test Cases/chien/New Test Case (5): Test Cases/chien/New Test Case (5)

03-07-2024T22:20:39 - [TEST_STEP][PASSED] - openBrowser(""): Browser is opened with url: ''

03-07-2024T22:20:39 - [MESSAGE][INFO] - Starting 'Chrome' driver

03-07-2024T22:20:39 - [MESSAGE][INFO] - Action delay is set to 0 milliseconds

03-07-2024T22:20:43 - [MESSAGE][PASSED] - Browser is opened with url: ''

03-07-2024T22:20:43 - [TEST_STEP][PASSED] - closeBrowser(): Browser is closed

03-07-2024T22:20:48 - [MESSAGE][PASSED] - Browser is closed]]></system-out>
         <system-err><![CDATA[]]></system-err>
      </testcase>
      <testcase name="Test Cases/chien/New Test Case (6)" time="6.516" classname="Test Cases/chien/New Test Case (6)" status="PASSED">
         <system-out><![CDATA[03-07-2024T22:20:48 - [TEST_CASE][PASSED] - Test Cases/chien/New Test Case (6): Test Cases/chien/New Test Case (6)

03-07-2024T22:20:48 - [TEST_STEP][PASSED] - openBrowser(""): Browser is opened with url: ''

03-07-2024T22:20:48 - [MESSAGE][INFO] - Starting 'Chrome' driver

03-07-2024T22:20:48 - [MESSAGE][INFO] - Action delay is set to 0 milliseconds

03-07-2024T22:20:50 - [MESSAGE][PASSED] - Browser is opened with url: ''

03-07-2024T22:20:50 - [TEST_STEP][PASSED] - closeBrowser(): Browser is closed

03-07-2024T22:20:54 - [MESSAGE][PASSED] - Browser is closed]]></system-out>
         <system-err><![CDATA[]]></system-err>
      </testcase>
      <testcase name="Test Cases/chien/New Test Case (7)" time="2.857" classname="Test Cases/chien/New Test Case (7)" status="PASSED">
         <system-out><![CDATA[03-07-2024T22:20:54 - [TEST_CASE][PASSED] - Test Cases/chien/New Test Case (7): Test Cases/chien/New Test Case (7)

03-07-2024T22:20:54 - [TEST_STEP][PASSED] - openBrowser(""): Browser is opened with url: ''

03-07-2024T22:20:54 - [MESSAGE][INFO] - Starting 'Chrome' driver

03-07-2024T22:20:54 - [MESSAGE][INFO] - Action delay is set to 0 milliseconds

03-07-2024T22:20:56 - [MESSAGE][PASSED] - Browser is opened with url: ''

03-07-2024T22:20:56 - [TEST_STEP][PASSED] - closeBrowser(): Browser is closed

03-07-2024T22:20:57 - [MESSAGE][PASSED] - Browser is closed]]></system-out>
         <system-err><![CDATA[]]></system-err>
      </testcase>
      <testcase name="Test Cases/chien/New Test Case (8)" time="5.323" classname="Test Cases/chien/New Test Case (8)" status="PASSED">
         <system-out><![CDATA[03-07-2024T22:20:57 - [TEST_CASE][PASSED] - Test Cases/chien/New Test Case (8): Test Cases/chien/New Test Case (8)

03-07-2024T22:20:57 - [TEST_STEP][PASSED] - openBrowser(""): Browser is opened with url: ''

03-07-2024T22:20:57 - [MESSAGE][INFO] - Starting 'Chrome' driver

03-07-2024T22:20:57 - [MESSAGE][INFO] - Action delay is set to 0 milliseconds

03-07-2024T22:21:00 - [MESSAGE][PASSED] - Browser is opened with url: ''

03-07-2024T22:21:00 - [TEST_STEP][PASSED] - closeBrowser(): Browser is closed

03-07-2024T22:21:02 - [MESSAGE][PASSED] - Browser is closed]]></system-out>
         <system-err><![CDATA[]]></system-err>
      </testcase>
      <testcase name="Test Cases/chien/New Test Case (9)" time="4.904" classname="Test Cases/chien/New Test Case (9)" status="PASSED">
         <system-out><![CDATA[03-07-2024T22:21:02 - [TEST_CASE][PASSED] - Test Cases/chien/New Test Case (9): Test Cases/chien/New Test Case (9)

03-07-2024T22:21:02 - [TEST_STEP][PASSED] - openBrowser(""): Browser is opened with url: ''

03-07-2024T22:21:02 - [MESSAGE][INFO] - Starting 'Chrome' driver

03-07-2024T22:21:02 - [MESSAGE][INFO] - Action delay is set to 0 milliseconds

03-07-2024T22:21:06 - [MESSAGE][PASSED] - Browser is opened with url: ''

03-07-2024T22:21:06 - [TEST_STEP][PASSED] - closeBrowser(): Browser is closed

03-07-2024T22:21:07 - [MESSAGE][PASSED] - Browser is closed]]></system-out>
         <system-err><![CDATA[]]></system-err>
      </testcase>
      <testcase name="Test Cases/chien/New Test Case" time="5.139" classname="Test Cases/chien/New Test Case" status="PASSED">
         <system-out><![CDATA[03-07-2024T22:21:07 - [TEST_CASE][PASSED] - Test Cases/chien/New Test Case: Test Cases/chien/New Test Case

03-07-2024T22:21:07 - [TEST_STEP][PASSED] - openBrowser(""): Browser is opened with url: ''

03-07-2024T22:21:07 - [MESSAGE][INFO] - Starting 'Chrome' driver

03-07-2024T22:21:07 - [MESSAGE][INFO] - Action delay is set to 0 milliseconds

03-07-2024T22:21:10 - [MESSAGE][PASSED] - Browser is opened with url: ''

03-07-2024T22:21:10 - [TEST_STEP][PASSED] - closeBrowser(): Browser is closed

03-07-2024T22:21:12 - [MESSAGE][PASSED] - Browser is closed]]></system-out>
         <system-err><![CDATA[]]></system-err>
      </testcase>
      <testcase name="Test Cases/New Folder/New Test Case (1)" time="5.988" classname="Test Cases/New Folder/New Test Case (1)" status="PASSED">
         <system-out><![CDATA[03-07-2024T22:21:12 - [TEST_CASE][PASSED] - Test Cases/New Folder/New Test Case (1): Test Cases/New Folder/New Test Case (1)

03-07-2024T22:21:12 - [TEST_STEP][PASSED] - openBrowser(""): Browser is opened with url: ''

03-07-2024T22:21:12 - [MESSAGE][INFO] - Starting 'Chrome' driver

03-07-2024T22:21:12 - [MESSAGE][INFO] - Action delay is set to 0 milliseconds

03-07-2024T22:21:17 - [MESSAGE][PASSED] - Browser is opened with url: ''

03-07-2024T22:21:17 - [TEST_STEP][PASSED] - closeBrowser(): Browser is closed

03-07-2024T22:21:18 - [MESSAGE][PASSED] - Browser is closed]]></system-out>
         <system-err><![CDATA[]]></system-err>
      </testcase>
      <testcase name="Test Cases/New Folder/New Test Case (10)" time="6.509" classname="Test Cases/New Folder/New Test Case (10)" status="PASSED">
         <system-out><![CDATA[03-07-2024T22:21:18 - [TEST_CASE][PASSED] - Test Cases/New Folder/New Test Case (10): Test Cases/New Folder/New Test Case (10)

03-07-2024T22:21:18 - [TEST_STEP][PASSED] - openBrowser(""): Browser is opened with url: ''

03-07-2024T22:21:18 - [MESSAGE][INFO] - Starting 'Chrome' driver

03-07-2024T22:21:18 - [MESSAGE][INFO] - Action delay is set to 0 milliseconds

03-07-2024T22:21:23 - [MESSAGE][PASSED] - Browser is opened with url: ''

03-07-2024T22:21:23 - [TEST_STEP][PASSED] - closeBrowser(): Browser is closed

03-07-2024T22:21:25 - [MESSAGE][PASSED] - Browser is closed]]></system-out>
         <system-err><![CDATA[]]></system-err>
      </testcase>
      <testcase name="Test Cases/New Folder/New Test Case (11)" time="5.193" classname="Test Cases/New Folder/New Test Case (11)" status="PASSED">
         <system-out><![CDATA[03-07-2024T22:21:25 - [TEST_CASE][PASSED] - Test Cases/New Folder/New Test Case (11): Test Cases/New Folder/New Test Case (11)

03-07-2024T22:21:25 - [TEST_STEP][PASSED] - openBrowser(""): Browser is opened with url: ''

03-07-2024T22:21:25 - [MESSAGE][INFO] - Starting 'Chrome' driver

03-07-2024T22:21:25 - [MESSAGE][INFO] - Action delay is set to 0 milliseconds

03-07-2024T22:21:26 - [MESSAGE][PASSED] - Browser is opened with url: ''

03-07-2024T22:21:26 - [TEST_STEP][PASSED] - closeBrowser(): Browser is closed

03-07-2024T22:21:30 - [MESSAGE][PASSED] - Browser is closed]]></system-out>
         <system-err><![CDATA[]]></system-err>
      </testcase>
      <testcase name="Test Cases/New Folder/New Test Case (12)" time="2.417" classname="Test Cases/New Folder/New Test Case (12)" status="PASSED">
         <system-out><![CDATA[03-07-2024T22:21:30 - [TEST_CASE][PASSED] - Test Cases/New Folder/New Test Case (12): Test Cases/New Folder/New Test Case (12)

03-07-2024T22:21:30 - [TEST_STEP][PASSED] - openBrowser(""): Browser is opened with url: ''

03-07-2024T22:21:30 - [MESSAGE][INFO] - Starting 'Chrome' driver

03-07-2024T22:21:30 - [MESSAGE][INFO] - Action delay is set to 0 milliseconds

03-07-2024T22:21:32 - [MESSAGE][PASSED] - Browser is opened with url: ''

03-07-2024T22:21:32 - [TEST_STEP][PASSED] - closeBrowser(): Browser is closed

03-07-2024T22:21:33 - [MESSAGE][PASSED] - Browser is closed]]></system-out>
         <system-err><![CDATA[]]></system-err>
      </testcase>
      <testcase name="Test Cases/New Folder/New Test Case (13)" time="7.759" classname="Test Cases/New Folder/New Test Case (13)" status="PASSED">
         <system-out><![CDATA[03-07-2024T22:21:33 - [TEST_CASE][PASSED] - Test Cases/New Folder/New Test Case (13): Test Cases/New Folder/New Test Case (13)

03-07-2024T22:21:33 - [TEST_STEP][PASSED] - openBrowser(""): Browser is opened with url: ''

03-07-2024T22:21:33 - [MESSAGE][INFO] - Starting 'Chrome' driver

03-07-2024T22:21:33 - [MESSAGE][INFO] - Action delay is set to 0 milliseconds

03-07-2024T22:21:36 - [MESSAGE][PASSED] - Browser is opened with url: ''

03-07-2024T22:21:36 - [TEST_STEP][PASSED] - closeBrowser(): Browser is closed

03-07-2024T22:21:40 - [MESSAGE][PASSED] - Browser is closed]]></system-out>
         <system-err><![CDATA[]]></system-err>
      </testcase>
      <testcase name="Test Cases/New Folder/New Test Case (14)" time="2.703" classname="Test Cases/New Folder/New Test Case (14)" status="PASSED">
         <system-out><![CDATA[03-07-2024T22:21:40 - [TEST_CASE][PASSED] - Test Cases/New Folder/New Test Case (14): Test Cases/New Folder/New Test Case (14)

03-07-2024T22:21:40 - [TEST_STEP][PASSED] - openBrowser(""): Browser is opened with url: ''

03-07-2024T22:21:40 - [MESSAGE][INFO] - Starting 'Chrome' driver

03-07-2024T22:21:40 - [MESSAGE][INFO] - Action delay is set to 0 milliseconds

03-07-2024T22:21:42 - [MESSAGE][PASSED] - Browser is opened with url: ''

03-07-2024T22:21:42 - [TEST_STEP][PASSED] - closeBrowser(): Browser is closed

03-07-2024T22:21:43 - [MESSAGE][PASSED] - Browser is closed]]></system-out>
         <system-err><![CDATA[]]></system-err>
      </testcase>
      <testcase name="Test Cases/New Folder/New Test Case (15)" time="3.915" classname="Test Cases/New Folder/New Test Case (15)" status="PASSED">
         <system-out><![CDATA[03-07-2024T22:21:43 - [TEST_CASE][PASSED] - Test Cases/New Folder/New Test Case (15): Test Cases/New Folder/New Test Case (15)

03-07-2024T22:21:43 - [TEST_STEP][PASSED] - openBrowser(""): Browser is opened with url: ''

03-07-2024T22:21:43 - [MESSAGE][INFO] - Starting 'Chrome' driver

03-07-2024T22:21:43 - [MESSAGE][INFO] - Action delay is set to 0 milliseconds

03-07-2024T22:21:46 - [MESSAGE][PASSED] - Browser is opened with url: ''

03-07-2024T22:21:46 - [TEST_STEP][PASSED] - closeBrowser(): Browser is closed

03-07-2024T22:21:47 - [MESSAGE][PASSED] - Browser is closed]]></system-out>
         <system-err><![CDATA[]]></system-err>
      </testcase>
      <testcase name="Test Cases/New Folder/New Test Case (16)" time="7.182" classname="Test Cases/New Folder/New Test Case (16)" status="PASSED">
         <system-out><![CDATA[03-07-2024T22:21:47 - [TEST_CASE][PASSED] - Test Cases/New Folder/New Test Case (16): Test Cases/New Folder/New Test Case (16)

03-07-2024T22:21:47 - [TEST_STEP][PASSED] - openBrowser(""): Browser is opened with url: ''

03-07-2024T22:21:47 - [MESSAGE][INFO] - Starting 'Chrome' driver

03-07-2024T22:21:47 - [MESSAGE][INFO] - Action delay is set to 0 milliseconds

03-07-2024T22:21:49 - [MESSAGE][PASSED] - Browser is opened with url: ''

03-07-2024T22:21:49 - [TEST_STEP][PASSED] - closeBrowser(): Browser is closed

03-07-2024T22:21:54 - [MESSAGE][PASSED] - Browser is closed]]></system-out>
         <system-err><![CDATA[]]></system-err>
      </testcase>
      <testcase name="Test Cases/New Folder/New Test Case (17)" time="6.564" classname="Test Cases/New Folder/New Test Case (17)" status="PASSED">
         <system-out><![CDATA[03-07-2024T22:21:54 - [TEST_CASE][PASSED] - Test Cases/New Folder/New Test Case (17): Test Cases/New Folder/New Test Case (17)

03-07-2024T22:21:54 - [TEST_STEP][PASSED] - openBrowser(""): Browser is opened with url: ''

03-07-2024T22:21:54 - [MESSAGE][INFO] - Starting 'Chrome' driver

03-07-2024T22:21:54 - [MESSAGE][INFO] - Action delay is set to 0 milliseconds

03-07-2024T22:21:57 - [MESSAGE][PASSED] - Browser is opened with url: ''

03-07-2024T22:21:57 - [TEST_STEP][PASSED] - closeBrowser(): Browser is closed

03-07-2024T22:22:01 - [MESSAGE][PASSED] - Browser is closed]]></system-out>
         <system-err><![CDATA[]]></system-err>
      </testcase>
      <testcase name="Test Cases/New Folder/New Test Case (18)" time="3.995" classname="Test Cases/New Folder/New Test Case (18)" status="PASSED">
         <system-out><![CDATA[03-07-2024T22:22:01 - [TEST_CASE][PASSED] - Test Cases/New Folder/New Test Case (18): Test Cases/New Folder/New Test Case (18)

03-07-2024T22:22:01 - [TEST_STEP][PASSED] - openBrowser(""): Browser is opened with url: ''

03-07-2024T22:22:01 - [MESSAGE][INFO] - Starting 'Chrome' driver

03-07-2024T22:22:01 - [MESSAGE][INFO] - Action delay is set to 0 milliseconds

03-07-2024T22:22:03 - [MESSAGE][PASSED] - Browser is opened with url: ''

03-07-2024T22:22:03 - [TEST_STEP][PASSED] - closeBrowser(): Browser is closed

03-07-2024T22:22:05 - [MESSAGE][PASSED] - Browser is closed]]></system-out>
         <system-err><![CDATA[]]></system-err>
      </testcase>
      <testcase name="Test Cases/New Folder/New Test Case (19)" time="4.598" classname="Test Cases/New Folder/New Test Case (19)" status="PASSED">
         <system-out><![CDATA[03-07-2024T22:22:05 - [TEST_CASE][PASSED] - Test Cases/New Folder/New Test Case (19): Test Cases/New Folder/New Test Case (19)

03-07-2024T22:22:05 - [TEST_STEP][PASSED] - openBrowser(""): Browser is opened with url: ''

03-07-2024T22:22:05 - [MESSAGE][INFO] - Starting 'Chrome' driver

03-07-2024T22:22:05 - [MESSAGE][INFO] - Action delay is set to 0 milliseconds

03-07-2024T22:22:08 - [MESSAGE][PASSED] - Browser is opened with url: ''

03-07-2024T22:22:08 - [TEST_STEP][PASSED] - closeBrowser(): Browser is closed

03-07-2024T22:22:09 - [MESSAGE][PASSED] - Browser is closed]]></system-out>
         <system-err><![CDATA[]]></system-err>
      </testcase>
      <testcase name="Test Cases/New Folder/New Test Case (2)" time="5.071" classname="Test Cases/New Folder/New Test Case (2)" status="PASSED">
         <system-out><![CDATA[03-07-2024T22:22:09 - [TEST_CASE][PASSED] - Test Cases/New Folder/New Test Case (2): Test Cases/New Folder/New Test Case (2)

03-07-2024T22:22:09 - [TEST_STEP][PASSED] - openBrowser(""): Browser is opened with url: ''

03-07-2024T22:22:09 - [MESSAGE][INFO] - Starting 'Chrome' driver

03-07-2024T22:22:09 - [MESSAGE][INFO] - Action delay is set to 0 milliseconds

03-07-2024T22:22:12 - [MESSAGE][PASSED] - Browser is opened with url: ''

03-07-2024T22:22:12 - [TEST_STEP][PASSED] - closeBrowser(): Browser is closed

03-07-2024T22:22:15 - [MESSAGE][PASSED] - Browser is closed]]></system-out>
         <system-err><![CDATA[]]></system-err>
      </testcase>
      <testcase name="Test Cases/New Folder/New Test Case (20)" time="5.882" classname="Test Cases/New Folder/New Test Case (20)" status="PASSED">
         <system-out><![CDATA[03-07-2024T22:22:15 - [TEST_CASE][PASSED] - Test Cases/New Folder/New Test Case (20): Test Cases/New Folder/New Test Case (20)

03-07-2024T22:22:15 - [TEST_STEP][PASSED] - openBrowser(""): Browser is opened with url: ''

03-07-2024T22:22:15 - [MESSAGE][INFO] - Starting 'Chrome' driver

03-07-2024T22:22:15 - [MESSAGE][INFO] - Action delay is set to 0 milliseconds

03-07-2024T22:22:18 - [MESSAGE][PASSED] - Browser is opened with url: ''

03-07-2024T22:22:18 - [TEST_STEP][PASSED] - closeBrowser(): Browser is closed

03-07-2024T22:22:20 - [MESSAGE][PASSED] - Browser is closed]]></system-out>
         <system-err><![CDATA[]]></system-err>
      </testcase>
      <testcase name="Test Cases/New Folder/New Test Case (21)" time="5.291" classname="Test Cases/New Folder/New Test Case (21)" status="PASSED">
         <system-out><![CDATA[03-07-2024T22:22:20 - [TEST_CASE][PASSED] - Test Cases/New Folder/New Test Case (21): Test Cases/New Folder/New Test Case (21)

03-07-2024T22:22:20 - [TEST_STEP][PASSED] - openBrowser(""): Browser is opened with url: ''

03-07-2024T22:22:20 - [MESSAGE][INFO] - Starting 'Chrome' driver

03-07-2024T22:22:20 - [MESSAGE][INFO] - Action delay is set to 0 milliseconds

03-07-2024T22:22:24 - [MESSAGE][PASSED] - Browser is opened with url: ''

03-07-2024T22:22:24 - [TEST_STEP][PASSED] - closeBrowser(): Browser is closed

03-07-2024T22:22:26 - [MESSAGE][PASSED] - Browser is closed]]></system-out>
         <system-err><![CDATA[]]></system-err>
      </testcase>
      <testcase name="Test Cases/New Folder/New Test Case (22)" time="4.66" classname="Test Cases/New Folder/New Test Case (22)" status="PASSED">
         <system-out><![CDATA[03-07-2024T22:22:26 - [TEST_CASE][PASSED] - Test Cases/New Folder/New Test Case (22): Test Cases/New Folder/New Test Case (22)

03-07-2024T22:22:26 - [TEST_STEP][PASSED] - openBrowser(""): Browser is opened with url: ''

03-07-2024T22:22:26 - [MESSAGE][INFO] - Starting 'Chrome' driver

03-07-2024T22:22:26 - [MESSAGE][INFO] - Action delay is set to 0 milliseconds

03-07-2024T22:22:28 - [MESSAGE][PASSED] - Browser is opened with url: ''

03-07-2024T22:22:28 - [TEST_STEP][PASSED] - closeBrowser(): Browser is closed

03-07-2024T22:22:30 - [MESSAGE][PASSED] - Browser is closed]]></system-out>
         <system-err><![CDATA[]]></system-err>
      </testcase>
      <testcase name="Test Cases/New Folder/New Test Case (23)" time="4.889" classname="Test Cases/New Folder/New Test Case (23)" status="PASSED">
         <system-out><![CDATA[03-07-2024T22:22:30 - [TEST_CASE][PASSED] - Test Cases/New Folder/New Test Case (23): Test Cases/New Folder/New Test Case (23)

03-07-2024T22:22:30 - [TEST_STEP][PASSED] - openBrowser(""): Browser is opened with url: ''

03-07-2024T22:22:30 - [MESSAGE][INFO] - Starting 'Chrome' driver

03-07-2024T22:22:30 - [MESSAGE][INFO] - Action delay is set to 0 milliseconds

03-07-2024T22:22:32 - [MESSAGE][PASSED] - Browser is opened with url: ''

03-07-2024T22:22:32 - [TEST_STEP][PASSED] - closeBrowser(): Browser is closed

03-07-2024T22:22:35 - [MESSAGE][PASSED] - Browser is closed]]></system-out>
         <system-err><![CDATA[]]></system-err>
      </testcase>
      <testcase name="Test Cases/New Folder/New Test Case (24)" time="3.676" classname="Test Cases/New Folder/New Test Case (24)" status="PASSED">
         <system-out><![CDATA[03-07-2024T22:22:35 - [TEST_CASE][PASSED] - Test Cases/New Folder/New Test Case (24): Test Cases/New Folder/New Test Case (24)

03-07-2024T22:22:35 - [TEST_STEP][PASSED] - openBrowser(""): Browser is opened with url: ''

03-07-2024T22:22:35 - [MESSAGE][INFO] - Starting 'Chrome' driver

03-07-2024T22:22:35 - [MESSAGE][INFO] - Action delay is set to 0 milliseconds

03-07-2024T22:22:37 - [MESSAGE][PASSED] - Browser is opened with url: ''

03-07-2024T22:22:37 - [TEST_STEP][PASSED] - closeBrowser(): Browser is closed

03-07-2024T22:22:39 - [MESSAGE][PASSED] - Browser is closed]]></system-out>
         <system-err><![CDATA[]]></system-err>
      </testcase>
      <testcase name="Test Cases/New Folder/New Test Case (25)" time="4.891" classname="Test Cases/New Folder/New Test Case (25)" status="PASSED">
         <system-out><![CDATA[03-07-2024T22:22:39 - [TEST_CASE][PASSED] - Test Cases/New Folder/New Test Case (25): Test Cases/New Folder/New Test Case (25)

03-07-2024T22:22:39 - [TEST_STEP][PASSED] - openBrowser(""): Browser is opened with url: ''

03-07-2024T22:22:39 - [MESSAGE][INFO] - Starting 'Chrome' driver

03-07-2024T22:22:39 - [MESSAGE][INFO] - Action delay is set to 0 milliseconds

03-07-2024T22:22:43 - [MESSAGE][PASSED] - Browser is opened with url: ''

03-07-2024T22:22:43 - [TEST_STEP][PASSED] - closeBrowser(): Browser is closed

03-07-2024T22:22:44 - [MESSAGE][PASSED] - Browser is closed]]></system-out>
         <system-err><![CDATA[]]></system-err>
      </testcase>
      <testcase name="Test Cases/New Folder/New Test Case (26)" time="5.499" classname="Test Cases/New Folder/New Test Case (26)" status="PASSED">
         <system-out><![CDATA[03-07-2024T22:22:44 - [TEST_CASE][PASSED] - Test Cases/New Folder/New Test Case (26): Test Cases/New Folder/New Test Case (26)

03-07-2024T22:22:44 - [TEST_STEP][PASSED] - openBrowser(""): Browser is opened with url: ''

03-07-2024T22:22:44 - [MESSAGE][INFO] - Starting 'Chrome' driver

03-07-2024T22:22:44 - [MESSAGE][INFO] - Action delay is set to 0 milliseconds

03-07-2024T22:22:46 - [MESSAGE][PASSED] - Browser is opened with url: ''

03-07-2024T22:22:46 - [TEST_STEP][PASSED] - closeBrowser(): Browser is closed

03-07-2024T22:22:49 - [MESSAGE][PASSED] - Browser is closed]]></system-out>
         <system-err><![CDATA[]]></system-err>
      </testcase>
      <testcase name="Test Cases/New Folder/New Test Case (27)" time="5.792" classname="Test Cases/New Folder/New Test Case (27)" status="PASSED">
         <system-out><![CDATA[03-07-2024T22:22:50 - [TEST_CASE][PASSED] - Test Cases/New Folder/New Test Case (27): Test Cases/New Folder/New Test Case (27)

03-07-2024T22:22:50 - [TEST_STEP][PASSED] - openBrowser(""): Browser is opened with url: ''

03-07-2024T22:22:50 - [MESSAGE][INFO] - Starting 'Chrome' driver

03-07-2024T22:22:50 - [MESSAGE][INFO] - Action delay is set to 0 milliseconds

03-07-2024T22:22:52 - [MESSAGE][PASSED] - Browser is opened with url: ''

03-07-2024T22:22:52 - [TEST_STEP][PASSED] - closeBrowser(): Browser is closed

03-07-2024T22:22:55 - [MESSAGE][PASSED] - Browser is closed]]></system-out>
         <system-err><![CDATA[]]></system-err>
      </testcase>
      <testcase name="Test Cases/New Folder/New Test Case (28)" time="5.316" classname="Test Cases/New Folder/New Test Case (28)" status="PASSED">
         <system-out><![CDATA[03-07-2024T22:22:55 - [TEST_CASE][PASSED] - Test Cases/New Folder/New Test Case (28): Test Cases/New Folder/New Test Case (28)

03-07-2024T22:22:55 - [TEST_STEP][PASSED] - openBrowser(""): Browser is opened with url: ''

03-07-2024T22:22:55 - [MESSAGE][INFO] - Starting 'Chrome' driver

03-07-2024T22:22:55 - [MESSAGE][INFO] - Action delay is set to 0 milliseconds

03-07-2024T22:22:57 - [MESSAGE][PASSED] - Browser is opened with url: ''

03-07-2024T22:22:57 - [TEST_STEP][PASSED] - closeBrowser(): Browser is closed

03-07-2024T22:23:01 - [MESSAGE][PASSED] - Browser is closed]]></system-out>
         <system-err><![CDATA[]]></system-err>
      </testcase>
      <testcase name="Test Cases/New Folder/New Test Case (29)" time="6.609" classname="Test Cases/New Folder/New Test Case (29)" status="PASSED">
         <system-out><![CDATA[03-07-2024T22:23:01 - [TEST_CASE][PASSED] - Test Cases/New Folder/New Test Case (29): Test Cases/New Folder/New Test Case (29)

03-07-2024T22:23:01 - [TEST_STEP][PASSED] - openBrowser(""): Browser is opened with url: ''

03-07-2024T22:23:01 - [MESSAGE][INFO] - Starting 'Chrome' driver

03-07-2024T22:23:01 - [MESSAGE][INFO] - Action delay is set to 0 milliseconds

03-07-2024T22:23:04 - [MESSAGE][PASSED] - Browser is opened with url: ''

03-07-2024T22:23:04 - [TEST_STEP][PASSED] - closeBrowser(): Browser is closed

03-07-2024T22:23:07 - [MESSAGE][PASSED] - Browser is closed]]></system-out>
         <system-err><![CDATA[]]></system-err>
      </testcase>
      <testcase name="Test Cases/New Folder/New Test Case (3)" time="4.841" classname="Test Cases/New Folder/New Test Case (3)" status="PASSED">
         <system-out><![CDATA[03-07-2024T22:23:07 - [TEST_CASE][PASSED] - Test Cases/New Folder/New Test Case (3): Test Cases/New Folder/New Test Case (3)

03-07-2024T22:23:07 - [TEST_STEP][PASSED] - openBrowser(""): Browser is opened with url: ''

03-07-2024T22:23:07 - [MESSAGE][INFO] - Starting 'Chrome' driver

03-07-2024T22:23:07 - [MESSAGE][INFO] - Action delay is set to 0 milliseconds

03-07-2024T22:23:10 - [MESSAGE][PASSED] - Browser is opened with url: ''

03-07-2024T22:23:10 - [TEST_STEP][PASSED] - closeBrowser(): Browser is closed

03-07-2024T22:23:12 - [MESSAGE][PASSED] - Browser is closed]]></system-out>
         <system-err><![CDATA[]]></system-err>
      </testcase>
      <testcase name="Test Cases/New Folder/New Test Case (30)" time="4.403" classname="Test Cases/New Folder/New Test Case (30)" status="PASSED">
         <system-out><![CDATA[03-07-2024T22:23:12 - [TEST_CASE][PASSED] - Test Cases/New Folder/New Test Case (30): Test Cases/New Folder/New Test Case (30)

03-07-2024T22:23:12 - [TEST_STEP][PASSED] - openBrowser(""): Browser is opened with url: ''

03-07-2024T22:23:12 - [MESSAGE][INFO] - Starting 'Chrome' driver

03-07-2024T22:23:12 - [MESSAGE][INFO] - Action delay is set to 0 milliseconds

03-07-2024T22:23:15 - [MESSAGE][PASSED] - Browser is opened with url: ''

03-07-2024T22:23:15 - [TEST_STEP][PASSED] - closeBrowser(): Browser is closed

03-07-2024T22:23:17 - [MESSAGE][PASSED] - Browser is closed]]></system-out>
         <system-err><![CDATA[]]></system-err>
      </testcase>
      <testcase name="Test Cases/New Folder/New Test Case (31)" time="4.852" classname="Test Cases/New Folder/New Test Case (31)" status="PASSED">
         <system-out><![CDATA[03-07-2024T22:23:17 - [TEST_CASE][PASSED] - Test Cases/New Folder/New Test Case (31): Test Cases/New Folder/New Test Case (31)

03-07-2024T22:23:17 - [TEST_STEP][PASSED] - openBrowser(""): Browser is opened with url: ''

03-07-2024T22:23:17 - [MESSAGE][INFO] - Starting 'Chrome' driver

03-07-2024T22:23:17 - [MESSAGE][INFO] - Action delay is set to 0 milliseconds

03-07-2024T22:23:19 - [MESSAGE][PASSED] - Browser is opened with url: ''

03-07-2024T22:23:19 - [TEST_STEP][PASSED] - closeBrowser(): Browser is closed

03-07-2024T22:23:22 - [MESSAGE][PASSED] - Browser is closed]]></system-out>
         <system-err><![CDATA[]]></system-err>
      </testcase>
      <testcase name="Test Cases/New Folder/New Test Case (32)" time="0.01" classname="Test Cases/New Folder/New Test Case (32)" status="PASSED">
         <system-out><![CDATA[03-07-2024T22:23:22 - [TEST_CASE][PASSED] - Test Cases/New Folder/New Test Case (32): Test Cases/New Folder/New Test Case (32)

03-07-2024T22:23:22 - [TEST_STEP][PASSED] - return null: null]]></system-out>
         <system-err><![CDATA[]]></system-err>
      </testcase>
      <testcase name="Test Cases/New Folder/New Test Case (33)" time="4.723" classname="Test Cases/New Folder/New Test Case (33)" status="PASSED">
         <system-out><![CDATA[03-07-2024T22:23:22 - [TEST_CASE][PASSED] - Test Cases/New Folder/New Test Case (33): Test Cases/New Folder/New Test Case (33)

03-07-2024T22:23:22 - [TEST_STEP][PASSED] - openBrowser(""): Browser is opened with url: ''

03-07-2024T22:23:22 - [MESSAGE][INFO] - Starting 'Chrome' driver

03-07-2024T22:23:22 - [MESSAGE][INFO] - Action delay is set to 0 milliseconds

03-07-2024T22:23:24 - [MESSAGE][PASSED] - Browser is opened with url: ''

03-07-2024T22:23:24 - [TEST_STEP][PASSED] - closeBrowser(): Browser is closed

03-07-2024T22:23:26 - [MESSAGE][PASSED] - Browser is closed]]></system-out>
         <system-err><![CDATA[]]></system-err>
      </testcase>
      <testcase name="Test Cases/New Folder/New Test Case (4)" time="7.349" classname="Test Cases/New Folder/New Test Case (4)" status="PASSED">
         <system-out><![CDATA[03-07-2024T22:23:26 - [TEST_CASE][PASSED] - Test Cases/New Folder/New Test Case (4): Test Cases/New Folder/New Test Case (4)

03-07-2024T22:23:26 - [TEST_STEP][PASSED] - openBrowser(""): Browser is opened with url: ''

03-07-2024T22:23:26 - [MESSAGE][INFO] - Starting 'Chrome' driver

03-07-2024T22:23:26 - [MESSAGE][INFO] - Action delay is set to 0 milliseconds

03-07-2024T22:23:29 - [MESSAGE][PASSED] - Browser is opened with url: ''

03-07-2024T22:23:29 - [TEST_STEP][PASSED] - closeBrowser(): Browser is closed

03-07-2024T22:23:34 - [MESSAGE][PASSED] - Browser is closed]]></system-out>
         <system-err><![CDATA[]]></system-err>
      </testcase>
      <testcase name="Test Cases/New Folder/New Test Case (5)" time="5.745" classname="Test Cases/New Folder/New Test Case (5)" status="PASSED">
         <system-out><![CDATA[03-07-2024T22:23:34 - [TEST_CASE][PASSED] - Test Cases/New Folder/New Test Case (5): Test Cases/New Folder/New Test Case (5)

03-07-2024T22:23:34 - [TEST_STEP][PASSED] - openBrowser(""): Browser is opened with url: ''

03-07-2024T22:23:34 - [MESSAGE][INFO] - Starting 'Chrome' driver

03-07-2024T22:23:34 - [MESSAGE][INFO] - Action delay is set to 0 milliseconds

03-07-2024T22:23:36 - [MESSAGE][PASSED] - Browser is opened with url: ''

03-07-2024T22:23:36 - [TEST_STEP][PASSED] - closeBrowser(): Browser is closed

03-07-2024T22:23:39 - [MESSAGE][PASSED] - Browser is closed]]></system-out>
         <system-err><![CDATA[]]></system-err>
      </testcase>
      <testcase name="Test Cases/New Folder/New Test Case (6)" time="4.936" classname="Test Cases/New Folder/New Test Case (6)" status="PASSED">
         <system-out><![CDATA[03-07-2024T22:23:39 - [TEST_CASE][PASSED] - Test Cases/New Folder/New Test Case (6): Test Cases/New Folder/New Test Case (6)

03-07-2024T22:23:40 - [TEST_STEP][PASSED] - openBrowser(""): Browser is opened with url: ''

03-07-2024T22:23:40 - [MESSAGE][INFO] - Starting 'Chrome' driver

03-07-2024T22:23:40 - [MESSAGE][INFO] - Action delay is set to 0 milliseconds

03-07-2024T22:23:42 - [MESSAGE][PASSED] - Browser is opened with url: ''

03-07-2024T22:23:42 - [TEST_STEP][PASSED] - closeBrowser(): Browser is closed

03-07-2024T22:23:44 - [MESSAGE][PASSED] - Browser is closed]]></system-out>
         <system-err><![CDATA[]]></system-err>
      </testcase>
      <testcase name="Test Cases/New Folder/New Test Case (7)" time="4.677" classname="Test Cases/New Folder/New Test Case (7)" status="PASSED">
         <system-out><![CDATA[03-07-2024T22:23:44 - [TEST_CASE][PASSED] - Test Cases/New Folder/New Test Case (7): Test Cases/New Folder/New Test Case (7)

03-07-2024T22:23:45 - [TEST_STEP][PASSED] - openBrowser(""): Browser is opened with url: ''

03-07-2024T22:23:45 - [MESSAGE][INFO] - Starting 'Chrome' driver

03-07-2024T22:23:45 - [MESSAGE][INFO] - Action delay is set to 0 milliseconds

03-07-2024T22:23:47 - [MESSAGE][PASSED] - Browser is opened with url: ''

03-07-2024T22:23:47 - [TEST_STEP][PASSED] - closeBrowser(): Browser is closed

03-07-2024T22:23:49 - [MESSAGE][PASSED] - Browser is closed]]></system-out>
         <system-err><![CDATA[]]></system-err>
      </testcase>
      <testcase name="Test Cases/New Folder/New Test Case (8)" time="4.72" classname="Test Cases/New Folder/New Test Case (8)" status="PASSED">
         <system-out><![CDATA[03-07-2024T22:23:49 - [TEST_CASE][PASSED] - Test Cases/New Folder/New Test Case (8): Test Cases/New Folder/New Test Case (8)

03-07-2024T22:23:49 - [TEST_STEP][PASSED] - openBrowser(""): Browser is opened with url: ''

03-07-2024T22:23:49 - [MESSAGE][INFO] - Starting 'Chrome' driver

03-07-2024T22:23:49 - [MESSAGE][INFO] - Action delay is set to 0 milliseconds

03-07-2024T22:23:53 - [MESSAGE][PASSED] - Browser is opened with url: ''

03-07-2024T22:23:53 - [TEST_STEP][PASSED] - closeBrowser(): Browser is closed

03-07-2024T22:23:54 - [MESSAGE][PASSED] - Browser is closed]]></system-out>
         <system-err><![CDATA[]]></system-err>
      </testcase>
      <testcase name="Test Cases/New Folder/New Test Case (9)" time="5.222" classname="Test Cases/New Folder/New Test Case (9)" status="PASSED">
         <system-out><![CDATA[03-07-2024T22:23:54 - [TEST_CASE][PASSED] - Test Cases/New Folder/New Test Case (9): Test Cases/New Folder/New Test Case (9)

03-07-2024T22:23:54 - [TEST_STEP][PASSED] - openBrowser(""): Browser is opened with url: ''

03-07-2024T22:23:54 - [MESSAGE][INFO] - Starting 'Chrome' driver

03-07-2024T22:23:54 - [MESSAGE][INFO] - Action delay is set to 0 milliseconds

03-07-2024T22:23:58 - [MESSAGE][PASSED] - Browser is opened with url: ''

03-07-2024T22:23:58 - [TEST_STEP][PASSED] - closeBrowser(): Browser is closed

03-07-2024T22:23:59 - [MESSAGE][PASSED] - Browser is closed]]></system-out>
         <system-err><![CDATA[]]></system-err>
      </testcase>
      <testcase name="Test Cases/New Folder/New Test Case" time="8.407" classname="Test Cases/New Folder/New Test Case" status="PASSED">
         <system-out><![CDATA[03-07-2024T22:23:59 - [TEST_CASE][PASSED] - Test Cases/New Folder/New Test Case: Test Cases/New Folder/New Test Case

03-07-2024T22:23:59 - [TEST_STEP][PASSED] - openBrowser(""): Browser is opened with url: ''

03-07-2024T22:23:59 - [MESSAGE][INFO] - Starting 'Chrome' driver

03-07-2024T22:23:59 - [MESSAGE][INFO] - Action delay is set to 0 milliseconds

03-07-2024T22:24:03 - [MESSAGE][PASSED] - Browser is opened with url: ''

03-07-2024T22:24:03 - [TEST_STEP][PASSED] - closeBrowser(): Browser is closed

03-07-2024T22:24:08 - [MESSAGE][PASSED] - Browser is closed]]></system-out>
         <system-err><![CDATA[]]></system-err>
      </testcase>
      <testcase name="Test Cases/thang/New Test Case" time="5.705" classname="Test Cases/thang/New Test Case" status="PASSED">
         <system-out><![CDATA[03-07-2024T22:24:08 - [TEST_CASE][PASSED] - Test Cases/thang/New Test Case: Test Cases/thang/New Test Case

03-07-2024T22:24:08 - [TEST_STEP][PASSED] - openBrowser(""): Browser is opened with url: ''

03-07-2024T22:24:08 - [MESSAGE][INFO] - Starting 'Chrome' driver

03-07-2024T22:24:08 - [MESSAGE][INFO] - Action delay is set to 0 milliseconds

03-07-2024T22:24:09 - [MESSAGE][PASSED] - Browser is opened with url: ''

03-07-2024T22:24:09 - [TEST_STEP][PASSED] - closeBrowser(): Browser is closed

03-07-2024T22:24:13 - [MESSAGE][PASSED] - Browser is closed]]></system-out>
         <system-err><![CDATA[]]></system-err>
      </testcase>
      <testcase name="Test Cases/thang/New Test Case" time="4.086" classname="Test Cases/thang/New Test Case" status="PASSED">
         <system-out><![CDATA[03-07-2024T22:24:13 - [TEST_CASE][PASSED] - Test Cases/thang/New Test Case: Test Cases/thang/New Test Case

03-07-2024T22:24:13 - [TEST_STEP][PASSED] - openBrowser(""): Browser is opened with url: ''

03-07-2024T22:24:13 - [MESSAGE][INFO] - Starting 'Chrome' driver

03-07-2024T22:24:13 - [MESSAGE][INFO] - Action delay is set to 0 milliseconds

03-07-2024T22:24:16 - [MESSAGE][PASSED] - Browser is opened with url: ''

03-07-2024T22:24:16 - [TEST_STEP][PASSED] - closeBrowser(): Browser is closed

03-07-2024T22:24:17 - [MESSAGE][PASSED] - Browser is closed]]></system-out>
         <system-err><![CDATA[]]></system-err>
      </testcase>
      <testcase name="Test Cases/thang/New Test Case" time="3.331" classname="Test Cases/thang/New Test Case" status="PASSED">
         <system-out><![CDATA[03-07-2024T22:24:17 - [TEST_CASE][PASSED] - Test Cases/thang/New Test Case: Test Cases/thang/New Test Case

03-07-2024T22:24:17 - [TEST_STEP][PASSED] - openBrowser(""): Browser is opened with url: ''

03-07-2024T22:24:17 - [MESSAGE][INFO] - Starting 'Chrome' driver

03-07-2024T22:24:17 - [MESSAGE][INFO] - Action delay is set to 0 milliseconds

03-07-2024T22:24:20 - [MESSAGE][PASSED] - Browser is opened with url: ''

03-07-2024T22:24:20 - [TEST_STEP][PASSED] - closeBrowser(): Browser is closed

03-07-2024T22:24:21 - [MESSAGE][PASSED] - Browser is closed]]></system-out>
         <system-err><![CDATA[]]></system-err>
      </testcase>
      <testcase name="Test Cases/thang/New Test Case" time="4.599" classname="Test Cases/thang/New Test Case" status="PASSED">
         <system-out><![CDATA[03-07-2024T22:24:21 - [TEST_CASE][PASSED] - Test Cases/thang/New Test Case: Test Cases/thang/New Test Case

03-07-2024T22:24:21 - [TEST_STEP][PASSED] - openBrowser(""): Browser is opened with url: ''

03-07-2024T22:24:21 - [MESSAGE][INFO] - Starting 'Chrome' driver

03-07-2024T22:24:21 - [MESSAGE][INFO] - Action delay is set to 0 milliseconds

03-07-2024T22:24:24 - [MESSAGE][PASSED] - Browser is opened with url: ''

03-07-2024T22:24:24 - [TEST_STEP][PASSED] - closeBrowser(): Browser is closed

03-07-2024T22:24:25 - [MESSAGE][PASSED] - Browser is closed]]></system-out>
         <system-err><![CDATA[]]></system-err>
      </testcase>
      <testcase name="Test Cases/thang/New Test Case" time="7.489" classname="Test Cases/thang/New Test Case" status="PASSED">
         <system-out><![CDATA[03-07-2024T22:24:25 - [TEST_CASE][PASSED] - Test Cases/thang/New Test Case: Test Cases/thang/New Test Case

03-07-2024T22:24:25 - [TEST_STEP][PASSED] - openBrowser(""): Browser is opened with url: ''

03-07-2024T22:24:25 - [MESSAGE][INFO] - Starting 'Chrome' driver

03-07-2024T22:24:25 - [MESSAGE][INFO] - Action delay is set to 0 milliseconds

03-07-2024T22:24:29 - [MESSAGE][PASSED] - Browser is opened with url: ''

03-07-2024T22:24:29 - [TEST_STEP][PASSED] - closeBrowser(): Browser is closed

03-07-2024T22:24:33 - [MESSAGE][PASSED] - Browser is closed]]></system-out>
         <system-err><![CDATA[]]></system-err>
      </testcase>
      <testcase name="Test Cases/thang/New Test Case" time="5.721" classname="Test Cases/thang/New Test Case" status="PASSED">
         <system-out><![CDATA[03-07-2024T22:24:33 - [TEST_CASE][PASSED] - Test Cases/thang/New Test Case: Test Cases/thang/New Test Case

03-07-2024T22:24:33 - [TEST_STEP][PASSED] - openBrowser(""): Browser is opened with url: ''

03-07-2024T22:24:33 - [MESSAGE][INFO] - Starting 'Chrome' driver

03-07-2024T22:24:33 - [MESSAGE][INFO] - Action delay is set to 0 milliseconds

03-07-2024T22:24:35 - [MESSAGE][PASSED] - Browser is opened with url: ''

03-07-2024T22:24:35 - [TEST_STEP][PASSED] - closeBrowser(): Browser is closed

03-07-2024T22:24:39 - [MESSAGE][PASSED] - Browser is closed]]></system-out>
         <system-err><![CDATA[]]></system-err>
      </testcase>
      <testcase name="Test Cases/thang/New Test Case" time="7.673" classname="Test Cases/thang/New Test Case" status="PASSED">
         <system-out><![CDATA[03-07-2024T22:24:39 - [TEST_CASE][PASSED] - Test Cases/thang/New Test Case: Test Cases/thang/New Test Case

03-07-2024T22:24:39 - [TEST_STEP][PASSED] - openBrowser(""): Browser is opened with url: ''

03-07-2024T22:24:39 - [MESSAGE][INFO] - Starting 'Chrome' driver

03-07-2024T22:24:39 - [MESSAGE][INFO] - Action delay is set to 0 milliseconds

03-07-2024T22:24:43 - [MESSAGE][PASSED] - Browser is opened with url: ''

03-07-2024T22:24:43 - [TEST_STEP][PASSED] - closeBrowser(): Browser is closed

03-07-2024T22:24:46 - [MESSAGE][PASSED] - Browser is closed]]></system-out>
         <system-err><![CDATA[]]></system-err>
      </testcase>
      <testcase name="Test Cases/thang/New Test Case" time="7.438" classname="Test Cases/thang/New Test Case" status="PASSED">
         <system-out><![CDATA[03-07-2024T22:24:46 - [TEST_CASE][PASSED] - Test Cases/thang/New Test Case: Test Cases/thang/New Test Case

03-07-2024T22:24:46 - [TEST_STEP][PASSED] - openBrowser(""): Browser is opened with url: ''

03-07-2024T22:24:46 - [MESSAGE][INFO] - Starting 'Chrome' driver

03-07-2024T22:24:46 - [MESSAGE][INFO] - Action delay is set to 0 milliseconds

03-07-2024T22:24:50 - [MESSAGE][PASSED] - Browser is opened with url: ''

03-07-2024T22:24:50 - [TEST_STEP][PASSED] - closeBrowser(): Browser is closed

03-07-2024T22:24:54 - [MESSAGE][PASSED] - Browser is closed]]></system-out>
         <system-err><![CDATA[]]></system-err>
      </testcase>
      <testcase name="Test Cases/thang/New Test Case" time="4.932" classname="Test Cases/thang/New Test Case" status="PASSED">
         <system-out><![CDATA[03-07-2024T22:24:54 - [TEST_CASE][PASSED] - Test Cases/thang/New Test Case: Test Cases/thang/New Test Case

03-07-2024T22:24:54 - [TEST_STEP][PASSED] - openBrowser(""): Browser is opened with url: ''

03-07-2024T22:24:54 - [MESSAGE][INFO] - Starting 'Chrome' driver

03-07-2024T22:24:54 - [MESSAGE][INFO] - Action delay is set to 0 milliseconds

03-07-2024T22:24:55 - [MESSAGE][PASSED] - Browser is opened with url: ''

03-07-2024T22:24:55 - [TEST_STEP][PASSED] - closeBrowser(): Browser is closed

03-07-2024T22:24:59 - [MESSAGE][PASSED] - Browser is closed]]></system-out>
         <system-err><![CDATA[]]></system-err>
      </testcase>
      <testcase name="Test Cases/thang/New Test Case" time="4.7" classname="Test Cases/thang/New Test Case" status="PASSED">
         <system-out><![CDATA[03-07-2024T22:24:59 - [TEST_CASE][PASSED] - Test Cases/thang/New Test Case: Test Cases/thang/New Test Case

03-07-2024T22:24:59 - [TEST_STEP][PASSED] - openBrowser(""): Browser is opened with url: ''

03-07-2024T22:24:59 - [MESSAGE][INFO] - Starting 'Chrome' driver

03-07-2024T22:24:59 - [MESSAGE][INFO] - Action delay is set to 0 milliseconds

03-07-2024T22:25:00 - [MESSAGE][PASSED] - Browser is opened with url: ''

03-07-2024T22:25:00 - [TEST_STEP][PASSED] - closeBrowser(): Browser is closed

03-07-2024T22:25:03 - [MESSAGE][PASSED] - Browser is closed]]></system-out>
         <system-err><![CDATA[]]></system-err>
      </testcase>
      <testcase name="Test Cases/thang/New Test Case" time="5.396" classname="Test Cases/thang/New Test Case" status="PASSED">
         <system-out><![CDATA[03-07-2024T22:25:03 - [TEST_CASE][PASSED] - Test Cases/thang/New Test Case: Test Cases/thang/New Test Case

03-07-2024T22:25:03 - [TEST_STEP][PASSED] - openBrowser(""): Browser is opened with url: ''

03-07-2024T22:25:03 - [MESSAGE][INFO] - Starting 'Chrome' driver

03-07-2024T22:25:03 - [MESSAGE][INFO] - Action delay is set to 0 milliseconds

03-07-2024T22:25:06 - [MESSAGE][PASSED] - Browser is opened with url: ''

03-07-2024T22:25:06 - [TEST_STEP][PASSED] - closeBrowser(): Browser is closed

03-07-2024T22:25:09 - [MESSAGE][PASSED] - Browser is closed]]></system-out>
         <system-err><![CDATA[]]></system-err>
      </testcase>
      <testcase name="Test Cases/thang/New Test Case" time="6.776" classname="Test Cases/thang/New Test Case" status="PASSED">
         <system-out><![CDATA[03-07-2024T22:25:09 - [TEST_CASE][PASSED] - Test Cases/thang/New Test Case: Test Cases/thang/New Test Case

03-07-2024T22:25:09 - [TEST_STEP][PASSED] - openBrowser(""): Browser is opened with url: ''

03-07-2024T22:25:09 - [MESSAGE][INFO] - Starting 'Chrome' driver

03-07-2024T22:25:09 - [MESSAGE][INFO] - Action delay is set to 0 milliseconds

03-07-2024T22:25:12 - [MESSAGE][PASSED] - Browser is opened with url: ''

03-07-2024T22:25:12 - [TEST_STEP][PASSED] - closeBrowser(): Browser is closed

03-07-2024T22:25:15 - [MESSAGE][PASSED] - Browser is closed]]></system-out>
         <system-err><![CDATA[]]></system-err>
      </testcase>
      <testcase name="Test Cases/thang/New Test Case" time="3.875" classname="Test Cases/thang/New Test Case" status="PASSED">
         <system-out><![CDATA[03-07-2024T22:25:15 - [TEST_CASE][PASSED] - Test Cases/thang/New Test Case: Test Cases/thang/New Test Case

03-07-2024T22:25:16 - [TEST_STEP][PASSED] - openBrowser(""): Browser is opened with url: ''

03-07-2024T22:25:16 - [MESSAGE][INFO] - Starting 'Chrome' driver

03-07-2024T22:25:16 - [MESSAGE][INFO] - Action delay is set to 0 milliseconds

03-07-2024T22:25:17 - [MESSAGE][PASSED] - Browser is opened with url: ''

03-07-2024T22:25:17 - [TEST_STEP][PASSED] - closeBrowser(): Browser is closed

03-07-2024T22:25:19 - [MESSAGE][PASSED] - Browser is closed]]></system-out>
         <system-err><![CDATA[]]></system-err>
      </testcase>
      <testcase name="Test Cases/thang/New Test Case" time="8.016" classname="Test Cases/thang/New Test Case" status="PASSED">
         <system-out><![CDATA[03-07-2024T22:25:19 - [TEST_CASE][PASSED] - Test Cases/thang/New Test Case: Test Cases/thang/New Test Case

03-07-2024T22:25:19 - [TEST_STEP][PASSED] - openBrowser(""): Browser is opened with url: ''

03-07-2024T22:25:19 - [MESSAGE][INFO] - Starting 'Chrome' driver

03-07-2024T22:25:19 - [MESSAGE][INFO] - Action delay is set to 0 milliseconds

03-07-2024T22:25:22 - [MESSAGE][PASSED] - Browser is opened with url: ''

03-07-2024T22:25:22 - [TEST_STEP][PASSED] - closeBrowser(): Browser is closed

03-07-2024T22:25:27 - [MESSAGE][PASSED] - Browser is closed]]></system-out>
         <system-err><![CDATA[]]></system-err>
      </testcase>
      <testcase name="Test Cases/thang/New Test Case" time="5.742" classname="Test Cases/thang/New Test Case" status="PASSED">
         <system-out><![CDATA[03-07-2024T22:25:27 - [TEST_CASE][PASSED] - Test Cases/thang/New Test Case: Test Cases/thang/New Test Case

03-07-2024T22:25:27 - [TEST_STEP][PASSED] - openBrowser(""): Browser is opened with url: ''

03-07-2024T22:25:27 - [MESSAGE][INFO] - Starting 'Chrome' driver

03-07-2024T22:25:27 - [MESSAGE][INFO] - Action delay is set to 0 milliseconds

03-07-2024T22:25:29 - [MESSAGE][PASSED] - Browser is opened with url: ''

03-07-2024T22:25:29 - [TEST_STEP][PASSED] - closeBrowser(): Browser is closed

03-07-2024T22:25:33 - [MESSAGE][PASSED] - Browser is closed]]></system-out>
         <system-err><![CDATA[]]></system-err>
      </testcase>
      <testcase name="Test Cases/thang/New Test Case" time="5.778" classname="Test Cases/thang/New Test Case" status="PASSED">
         <system-out><![CDATA[03-07-2024T22:25:33 - [TEST_CASE][PASSED] - Test Cases/thang/New Test Case: Test Cases/thang/New Test Case

03-07-2024T22:25:33 - [TEST_STEP][PASSED] - openBrowser(""): Browser is opened with url: ''

03-07-2024T22:25:33 - [MESSAGE][INFO] - Starting 'Chrome' driver

03-07-2024T22:25:33 - [MESSAGE][INFO] - Action delay is set to 0 milliseconds

03-07-2024T22:25:35 - [MESSAGE][PASSED] - Browser is opened with url: ''

03-07-2024T22:25:35 - [TEST_STEP][PASSED] - closeBrowser(): Browser is closed

03-07-2024T22:25:39 - [MESSAGE][PASSED] - Browser is closed]]></system-out>
         <system-err><![CDATA[]]></system-err>
      </testcase>
      <testcase name="Test Cases/thang/New Test Case" time="4.517" classname="Test Cases/thang/New Test Case" status="PASSED">
         <system-out><![CDATA[03-07-2024T22:25:39 - [TEST_CASE][PASSED] - Test Cases/thang/New Test Case: Test Cases/thang/New Test Case

03-07-2024T22:25:39 - [TEST_STEP][PASSED] - openBrowser(""): Browser is opened with url: ''

03-07-2024T22:25:39 - [MESSAGE][INFO] - Starting 'Chrome' driver

03-07-2024T22:25:39 - [MESSAGE][INFO] - Action delay is set to 0 milliseconds

03-07-2024T22:25:40 - [MESSAGE][PASSED] - Browser is opened with url: ''

03-07-2024T22:25:40 - [TEST_STEP][PASSED] - closeBrowser(): Browser is closed

03-07-2024T22:25:43 - [MESSAGE][PASSED] - Browser is closed]]></system-out>
         <system-err><![CDATA[]]></system-err>
      </testcase>
      <testcase name="Test Cases/thang/New Test Case" time="8.59" classname="Test Cases/thang/New Test Case" status="PASSED">
         <system-out><![CDATA[03-07-2024T22:25:43 - [TEST_CASE][PASSED] - Test Cases/thang/New Test Case: Test Cases/thang/New Test Case

03-07-2024T22:25:43 - [TEST_STEP][PASSED] - openBrowser(""): Browser is opened with url: ''

03-07-2024T22:25:43 - [MESSAGE][INFO] - Starting 'Chrome' driver

03-07-2024T22:25:43 - [MESSAGE][INFO] - Action delay is set to 0 milliseconds

03-07-2024T22:25:47 - [MESSAGE][PASSED] - Browser is opened with url: ''

03-07-2024T22:25:47 - [TEST_STEP][PASSED] - closeBrowser(): Browser is closed

03-07-2024T22:25:52 - [MESSAGE][PASSED] - Browser is closed]]></system-out>
         <system-err><![CDATA[]]></system-err>
      </testcase>
      <testcase name="Test Cases/thang/New Test Case" time="4.595" classname="Test Cases/thang/New Test Case" status="PASSED">
         <system-out><![CDATA[03-07-2024T22:25:52 - [TEST_CASE][PASSED] - Test Cases/thang/New Test Case: Test Cases/thang/New Test Case

03-07-2024T22:25:52 - [TEST_STEP][PASSED] - openBrowser(""): Browser is opened with url: ''

03-07-2024T22:25:52 - [MESSAGE][INFO] - Starting 'Chrome' driver

03-07-2024T22:25:52 - [MESSAGE][INFO] - Action delay is set to 0 milliseconds

03-07-2024T22:25:55 - [MESSAGE][PASSED] - Browser is opened with url: ''

03-07-2024T22:25:55 - [TEST_STEP][PASSED] - closeBrowser(): Browser is closed

03-07-2024T22:25:57 - [MESSAGE][PASSED] - Browser is closed]]></system-out>
         <system-err><![CDATA[]]></system-err>
      </testcase>
      <testcase name="Test Cases/thang/New Test Case (1) - Copy" time="0.056" classname="Test Cases/thang/New Test Case (1) - Copy" status="PASSED">
         <system-out><![CDATA[03-07-2024T22:25:57 - [TEST_CASE][PASSED] - Test Cases/thang/New Test Case (1) - Copy: Test Cases/thang/New Test Case (1) - Copy

03-07-2024T22:25:57 - [TEST_STEP][PASSED] - return null: null]]></system-out>
         <system-err><![CDATA[]]></system-err>
      </testcase>
      <testcase name="Test Cases/thang/New Test Case" time="5.327" classname="Test Cases/thang/New Test Case" status="PASSED">
         <system-out><![CDATA[03-07-2024T22:25:57 - [TEST_CASE][PASSED] - Test Cases/thang/New Test Case: Test Cases/thang/New Test Case

03-07-2024T22:25:57 - [TEST_STEP][PASSED] - openBrowser(""): Browser is opened with url: ''

03-07-2024T22:25:57 - [MESSAGE][INFO] - Starting 'Chrome' driver

03-07-2024T22:25:57 - [MESSAGE][INFO] - Action delay is set to 0 milliseconds

03-07-2024T22:25:59 - [MESSAGE][PASSED] - Browser is opened with url: ''

03-07-2024T22:25:59 - [TEST_STEP][PASSED] - closeBrowser(): Browser is closed

03-07-2024T22:26:02 - [MESSAGE][PASSED] - Browser is closed]]></system-out>
         <system-err><![CDATA[]]></system-err>
      </testcase>
      <testcase name="Test Cases/thang/New Test Case" time="5.853" classname="Test Cases/thang/New Test Case" status="PASSED">
         <system-out><![CDATA[03-07-2024T22:26:02 - [TEST_CASE][PASSED] - Test Cases/thang/New Test Case: Test Cases/thang/New Test Case

03-07-2024T22:26:02 - [TEST_STEP][PASSED] - openBrowser(""): Browser is opened with url: ''

03-07-2024T22:26:02 - [MESSAGE][INFO] - Starting 'Chrome' driver

03-07-2024T22:26:02 - [MESSAGE][INFO] - Action delay is set to 0 milliseconds

03-07-2024T22:26:05 - [MESSAGE][PASSED] - Browser is opened with url: ''

03-07-2024T22:26:05 - [TEST_STEP][PASSED] - closeBrowser(): Browser is closed

03-07-2024T22:26:08 - [MESSAGE][PASSED] - Browser is closed]]></system-out>
         <system-err><![CDATA[]]></system-err>
      </testcase>
      <testcase name="Test Cases/thang/New Test Case" time="4.564" classname="Test Cases/thang/New Test Case" status="PASSED">
         <system-out><![CDATA[03-07-2024T22:26:08 - [TEST_CASE][PASSED] - Test Cases/thang/New Test Case: Test Cases/thang/New Test Case

03-07-2024T22:26:08 - [TEST_STEP][PASSED] - openBrowser(""): Browser is opened with url: ''

03-07-2024T22:26:08 - [MESSAGE][INFO] - Starting 'Chrome' driver

03-07-2024T22:26:08 - [MESSAGE][INFO] - Action delay is set to 0 milliseconds

03-07-2024T22:26:11 - [MESSAGE][PASSED] - Browser is opened with url: ''

03-07-2024T22:26:11 - [TEST_STEP][PASSED] - closeBrowser(): Browser is closed

03-07-2024T22:26:12 - [MESSAGE][PASSED] - Browser is closed]]></system-out>
         <system-err><![CDATA[]]></system-err>
      </testcase>
      <testcase name="Test Cases/thang/New Test Case" time="4.214" classname="Test Cases/thang/New Test Case" status="PASSED">
         <system-out><![CDATA[03-07-2024T22:26:13 - [TEST_CASE][PASSED] - Test Cases/thang/New Test Case: Test Cases/thang/New Test Case

03-07-2024T22:26:13 - [TEST_STEP][PASSED] - openBrowser(""): Browser is opened with url: ''

03-07-2024T22:26:13 - [MESSAGE][INFO] - Starting 'Chrome' driver

03-07-2024T22:26:13 - [MESSAGE][INFO] - Action delay is set to 0 milliseconds

03-07-2024T22:26:16 - [MESSAGE][PASSED] - Browser is opened with url: ''

03-07-2024T22:26:16 - [TEST_STEP][PASSED] - closeBrowser(): Browser is closed

03-07-2024T22:26:17 - [MESSAGE][PASSED] - Browser is closed]]></system-out>
         <system-err><![CDATA[]]></system-err>
      </testcase>
      <testcase name="Test Cases/thang/New Test Case" time="5.829" classname="Test Cases/thang/New Test Case" status="PASSED">
         <system-out><![CDATA[03-07-2024T22:26:17 - [TEST_CASE][PASSED] - Test Cases/thang/New Test Case: Test Cases/thang/New Test Case

03-07-2024T22:26:17 - [TEST_STEP][PASSED] - openBrowser(""): Browser is opened with url: ''

03-07-2024T22:26:17 - [MESSAGE][INFO] - Starting 'Chrome' driver

03-07-2024T22:26:17 - [MESSAGE][INFO] - Action delay is set to 0 milliseconds

03-07-2024T22:26:20 - [MESSAGE][PASSED] - Browser is opened with url: ''

03-07-2024T22:26:20 - [TEST_STEP][PASSED] - closeBrowser(): Browser is closed

03-07-2024T22:26:23 - [MESSAGE][PASSED] - Browser is closed]]></system-out>
         <system-err><![CDATA[]]></system-err>
      </testcase>
      <testcase name="Test Cases/thang/New Test Case" time="6.015" classname="Test Cases/thang/New Test Case" status="PASSED">
         <system-out><![CDATA[03-07-2024T22:26:23 - [TEST_CASE][PASSED] - Test Cases/thang/New Test Case: Test Cases/thang/New Test Case

03-07-2024T22:26:23 - [TEST_STEP][PASSED] - openBrowser(""): Browser is opened with url: ''

03-07-2024T22:26:23 - [MESSAGE][INFO] - Starting 'Chrome' driver

03-07-2024T22:26:23 - [MESSAGE][INFO] - Action delay is set to 0 milliseconds

03-07-2024T22:26:24 - [MESSAGE][PASSED] - Browser is opened with url: ''

03-07-2024T22:26:24 - [TEST_STEP][PASSED] - closeBrowser(): Browser is closed

03-07-2024T22:26:29 - [MESSAGE][PASSED] - Browser is closed]]></system-out>
         <system-err><![CDATA[]]></system-err>
      </testcase>
      <testcase name="Test Cases/thang/New Test Case" time="4.411" classname="Test Cases/thang/New Test Case" status="PASSED">
         <system-out><![CDATA[03-07-2024T22:26:29 - [TEST_CASE][PASSED] - Test Cases/thang/New Test Case: Test Cases/thang/New Test Case

03-07-2024T22:26:29 - [TEST_STEP][PASSED] - openBrowser(""): Browser is opened with url: ''

03-07-2024T22:26:29 - [MESSAGE][INFO] - Starting 'Chrome' driver

03-07-2024T22:26:29 - [MESSAGE][INFO] - Action delay is set to 0 milliseconds

03-07-2024T22:26:30 - [MESSAGE][PASSED] - Browser is opened with url: ''

03-07-2024T22:26:30 - [TEST_STEP][PASSED] - closeBrowser(): Browser is closed

03-07-2024T22:26:33 - [MESSAGE][PASSED] - Browser is closed]]></system-out>
         <system-err><![CDATA[]]></system-err>
      </testcase>
      <testcase name="Test Cases/thang/New Test Case" time="4.896" classname="Test Cases/thang/New Test Case" status="PASSED">
         <system-out><![CDATA[03-07-2024T22:26:33 - [TEST_CASE][PASSED] - Test Cases/thang/New Test Case: Test Cases/thang/New Test Case

03-07-2024T22:26:33 - [TEST_STEP][PASSED] - openBrowser(""): Browser is opened with url: ''

03-07-2024T22:26:33 - [MESSAGE][INFO] - Starting 'Chrome' driver

03-07-2024T22:26:33 - [MESSAGE][INFO] - Action delay is set to 0 milliseconds

03-07-2024T22:26:36 - [MESSAGE][PASSED] - Browser is opened with url: ''

03-07-2024T22:26:36 - [TEST_STEP][PASSED] - closeBrowser(): Browser is closed

03-07-2024T22:26:38 - [MESSAGE][PASSED] - Browser is closed]]></system-out>
         <system-err><![CDATA[]]></system-err>
      </testcase>
      <testcase name="Test Cases/thang/New Test Case" time="5.447" classname="Test Cases/thang/New Test Case" status="PASSED">
         <system-out><![CDATA[03-07-2024T22:26:38 - [TEST_CASE][PASSED] - Test Cases/thang/New Test Case: Test Cases/thang/New Test Case

03-07-2024T22:26:38 - [TEST_STEP][PASSED] - openBrowser(""): Browser is opened with url: ''

03-07-2024T22:26:38 - [MESSAGE][INFO] - Starting 'Chrome' driver

03-07-2024T22:26:38 - [MESSAGE][INFO] - Action delay is set to 0 milliseconds

03-07-2024T22:26:40 - [MESSAGE][PASSED] - Browser is opened with url: ''

03-07-2024T22:26:40 - [TEST_STEP][PASSED] - closeBrowser(): Browser is closed

03-07-2024T22:26:43 - [MESSAGE][PASSED] - Browser is closed]]></system-out>
         <system-err><![CDATA[]]></system-err>
      </testcase>
      <testcase name="Test Cases/thang/New Test Case" time="5.743" classname="Test Cases/thang/New Test Case" status="PASSED">
         <system-out><![CDATA[03-07-2024T22:26:43 - [TEST_CASE][PASSED] - Test Cases/thang/New Test Case: Test Cases/thang/New Test Case

03-07-2024T22:26:43 - [TEST_STEP][PASSED] - openBrowser(""): Browser is opened with url: ''

03-07-2024T22:26:43 - [MESSAGE][INFO] - Starting 'Chrome' driver

03-07-2024T22:26:43 - [MESSAGE][INFO] - Action delay is set to 0 milliseconds

03-07-2024T22:26:46 - [MESSAGE][PASSED] - Browser is opened with url: ''

03-07-2024T22:26:46 - [TEST_STEP][PASSED] - closeBrowser(): Browser is closed

03-07-2024T22:26:49 - [MESSAGE][PASSED] - Browser is closed]]></system-out>
         <system-err><![CDATA[]]></system-err>
      </testcase>
      <testcase name="Test Cases/thang/New Test Case" time="7.044" classname="Test Cases/thang/New Test Case" status="PASSED">
         <system-out><![CDATA[03-07-2024T22:26:49 - [TEST_CASE][PASSED] - Test Cases/thang/New Test Case: Test Cases/thang/New Test Case

03-07-2024T22:26:49 - [TEST_STEP][PASSED] - openBrowser(""): Browser is opened with url: ''

03-07-2024T22:26:49 - [MESSAGE][INFO] - Starting 'Chrome' driver

03-07-2024T22:26:49 - [MESSAGE][INFO] - Action delay is set to 0 milliseconds

03-07-2024T22:26:52 - [MESSAGE][PASSED] - Browser is opened with url: ''

03-07-2024T22:26:52 - [TEST_STEP][PASSED] - closeBrowser(): Browser is closed

03-07-2024T22:26:56 - [MESSAGE][PASSED] - Browser is closed]]></system-out>
         <system-err><![CDATA[]]></system-err>
      </testcase>
      <testcase name="Test Cases/thang/New Test Case" time="7.247" classname="Test Cases/thang/New Test Case" status="PASSED">
         <system-out><![CDATA[03-07-2024T22:26:56 - [TEST_CASE][PASSED] - Test Cases/thang/New Test Case: Test Cases/thang/New Test Case

03-07-2024T22:26:56 - [TEST_STEP][PASSED] - openBrowser(""): Browser is opened with url: ''

03-07-2024T22:26:56 - [MESSAGE][INFO] - Starting 'Chrome' driver

03-07-2024T22:26:56 - [MESSAGE][INFO] - Action delay is set to 0 milliseconds

03-07-2024T22:26:58 - [MESSAGE][PASSED] - Browser is opened with url: ''

03-07-2024T22:26:58 - [TEST_STEP][PASSED] - closeBrowser(): Browser is closed

03-07-2024T22:27:03 - [MESSAGE][PASSED] - Browser is closed]]></system-out>
         <system-err><![CDATA[]]></system-err>
      </testcase>
      <testcase name="Test Cases/thang/New Test Case" time="5.824" classname="Test Cases/thang/New Test Case" status="PASSED">
         <system-out><![CDATA[03-07-2024T22:27:03 - [TEST_CASE][PASSED] - Test Cases/thang/New Test Case: Test Cases/thang/New Test Case

03-07-2024T22:27:03 - [TEST_STEP][PASSED] - openBrowser(""): Browser is opened with url: ''

03-07-2024T22:27:03 - [MESSAGE][INFO] - Starting 'Chrome' driver

03-07-2024T22:27:03 - [MESSAGE][INFO] - Action delay is set to 0 milliseconds

03-07-2024T22:27:06 - [MESSAGE][PASSED] - Browser is opened with url: ''

03-07-2024T22:27:06 - [TEST_STEP][PASSED] - closeBrowser(): Browser is closed

03-07-2024T22:27:09 - [MESSAGE][PASSED] - Browser is closed]]></system-out>
         <system-err><![CDATA[]]></system-err>
      </testcase>
      <testcase name="Test Cases/thang/New Test Case" time="4.676" classname="Test Cases/thang/New Test Case" status="PASSED">
         <system-out><![CDATA[03-07-2024T22:27:09 - [TEST_CASE][PASSED] - Test Cases/thang/New Test Case: Test Cases/thang/New Test Case

03-07-2024T22:27:09 - [TEST_STEP][PASSED] - openBrowser(""): Browser is opened with url: ''

03-07-2024T22:27:09 - [MESSAGE][INFO] - Starting 'Chrome' driver

03-07-2024T22:27:09 - [MESSAGE][INFO] - Action delay is set to 0 milliseconds

03-07-2024T22:27:13 - [MESSAGE][PASSED] - Browser is opened with url: ''

03-07-2024T22:27:13 - [TEST_STEP][PASSED] - closeBrowser(): Browser is closed

03-07-2024T22:27:14 - [MESSAGE][PASSED] - Browser is closed]]></system-out>
         <system-err><![CDATA[]]></system-err>
      </testcase>
      <testcase name="Test Cases/thang/New Test Case" time="4.919" classname="Test Cases/thang/New Test Case" status="PASSED">
         <system-out><![CDATA[03-07-2024T22:27:14 - [TEST_CASE][PASSED] - Test Cases/thang/New Test Case: Test Cases/thang/New Test Case

03-07-2024T22:27:14 - [TEST_STEP][PASSED] - openBrowser(""): Browser is opened with url: ''

03-07-2024T22:27:14 - [MESSAGE][INFO] - Starting 'Chrome' driver

03-07-2024T22:27:14 - [MESSAGE][INFO] - Action delay is set to 0 milliseconds

03-07-2024T22:27:18 - [MESSAGE][PASSED] - Browser is opened with url: ''

03-07-2024T22:27:18 - [TEST_STEP][PASSED] - closeBrowser(): Browser is closed

03-07-2024T22:27:19 - [MESSAGE][PASSED] - Browser is closed]]></system-out>
         <system-err><![CDATA[]]></system-err>
      </testcase>
      <testcase name="Test Cases/thang/New Test Case" time="5.91" classname="Test Cases/thang/New Test Case" status="PASSED">
         <system-out><![CDATA[03-07-2024T22:27:19 - [TEST_CASE][PASSED] - Test Cases/thang/New Test Case: Test Cases/thang/New Test Case

03-07-2024T22:27:19 - [TEST_STEP][PASSED] - openBrowser(""): Browser is opened with url: ''

03-07-2024T22:27:19 - [MESSAGE][INFO] - Starting 'Chrome' driver

03-07-2024T22:27:19 - [MESSAGE][INFO] - Action delay is set to 0 milliseconds

03-07-2024T22:27:21 - [MESSAGE][PASSED] - Browser is opened with url: ''

03-07-2024T22:27:21 - [TEST_STEP][PASSED] - closeBrowser(): Browser is closed

03-07-2024T22:27:25 - [MESSAGE][PASSED] - Browser is closed]]></system-out>
         <system-err><![CDATA[]]></system-err>
      </testcase>
      <testcase name="Test Cases/thang/New Test Case (1) - Copy" time="0.01" classname="Test Cases/thang/New Test Case (1) - Copy" status="PASSED">
         <system-out><![CDATA[03-07-2024T22:27:25 - [TEST_CASE][PASSED] - Test Cases/thang/New Test Case (1) - Copy: Test Cases/thang/New Test Case (1) - Copy

03-07-2024T22:27:25 - [TEST_STEP][PASSED] - return null: null]]></system-out>
         <system-err><![CDATA[]]></system-err>
      </testcase>
      <testcase name="Test Cases/thang/New Test Case (1)" time="0.013" classname="Test Cases/thang/New Test Case (1)" status="PASSED">
         <system-out><![CDATA[03-07-2024T22:27:25 - [TEST_CASE][PASSED] - Test Cases/thang/New Test Case (1): Test Cases/thang/New Test Case (1)

03-07-2024T22:27:25 - [TEST_STEP][PASSED] - return null: null]]></system-out>
         <system-err><![CDATA[]]></system-err>
      </testcase>
      <testcase name="Test Cases/thang/New Test Case (2)" time="0.012" classname="Test Cases/thang/New Test Case (2)" status="PASSED">
         <system-out><![CDATA[03-07-2024T22:27:25 - [TEST_CASE][PASSED] - Test Cases/thang/New Test Case (2): Test Cases/thang/New Test Case (2)

03-07-2024T22:27:25 - [TEST_STEP][PASSED] - return null: null]]></system-out>
         <system-err><![CDATA[]]></system-err>
      </testcase>
      <testcase name="Test Cases/thang/New Test Case (3)" time="0.012" classname="Test Cases/thang/New Test Case (3)" status="PASSED">
         <system-out><![CDATA[03-07-2024T22:27:25 - [TEST_CASE][PASSED] - Test Cases/thang/New Test Case (3): Test Cases/thang/New Test Case (3)

03-07-2024T22:27:25 - [TEST_STEP][PASSED] - return null: null]]></system-out>
         <system-err><![CDATA[]]></system-err>
      </testcase>
      <testcase name="Test Cases/thang/New Test Case (4)" time="0.046" classname="Test Cases/thang/New Test Case (4)" status="PASSED">
         <system-out><![CDATA[03-07-2024T22:27:25 - [TEST_CASE][PASSED] - Test Cases/thang/New Test Case (4): Test Cases/thang/New Test Case (4)

03-07-2024T22:27:25 - [TEST_STEP][PASSED] - return null: null]]></system-out>
         <system-err><![CDATA[]]></system-err>
      </testcase>
      <testcase name="Test Cases/thang/New Test Case (5)" time="0.016" classname="Test Cases/thang/New Test Case (5)" status="PASSED">
         <system-out><![CDATA[03-07-2024T22:27:25 - [TEST_CASE][PASSED] - Test Cases/thang/New Test Case (5): Test Cases/thang/New Test Case (5)

03-07-2024T22:27:25 - [TEST_STEP][PASSED] - return null: null]]></system-out>
         <system-err><![CDATA[]]></system-err>
      </testcase>
      <testcase name="Test Cases/thang/New Test Case (6)" time="0.025" classname="Test Cases/thang/New Test Case (6)" status="PASSED">
         <system-out><![CDATA[03-07-2024T22:27:25 - [TEST_CASE][PASSED] - Test Cases/thang/New Test Case (6): Test Cases/thang/New Test Case (6)

03-07-2024T22:27:25 - [TEST_STEP][PASSED] - return null: null]]></system-out>
         <system-err><![CDATA[]]></system-err>
      </testcase>
      <testcase name="Test Cases/thang/New Test Case (7)" time="0.034" classname="Test Cases/thang/New Test Case (7)" status="PASSED">
         <system-out><![CDATA[03-07-2024T22:27:25 - [TEST_CASE][PASSED] - Test Cases/thang/New Test Case (7): Test Cases/thang/New Test Case (7)

03-07-2024T22:27:25 - [TEST_STEP][PASSED] - return null: null]]></system-out>
         <system-err><![CDATA[]]></system-err>
      </testcase>
      <testcase name="Test Cases/thang/New Test Case (8)" time="17.421" classname="Test Cases/thang/New Test Case (8)" status="PASSED">
         <system-out><![CDATA[03-07-2024T22:27:25 - [TEST_CASE][PASSED] - Test Cases/thang/New Test Case (8): Test Cases/thang/New Test Case (8)

03-07-2024T22:27:25 - [TEST_STEP][PASSED] - openBrowser(""): Browser is opened with url: ''

03-07-2024T22:27:25 - [MESSAGE][INFO] - Starting 'Chrome' driver

03-07-2024T22:27:25 - [MESSAGE][INFO] - Action delay is set to 0 milliseconds

03-07-2024T22:27:30 - [MESSAGE][PASSED] - Browser is opened with url: ''

03-07-2024T22:27:30 - [TEST_STEP][PASSED] - navigateToUrl("https://demowebshop.tricentis.com/fiction"): Navigate to 'https://demowebshop.tricentis.com/fiction' successfully

03-07-2024T22:27:38 - [MESSAGE][PASSED] - Navigate to 'https://demowebshop.tricentis.com/fiction' successfully

03-07-2024T22:27:38 - [TEST_STEP][PASSED] - setText(findTestObject("ac/New Test Object (1)"), "a"): Text 'a' is set on object 'Object Repository/ac/New Test Object (1)'

03-07-2024T22:27:40 - [MESSAGE][PASSED] - Text 'a' is set on object 'Object Repository/ac/New Test Object (1)'

03-07-2024T22:27:40 - [TEST_STEP][PASSED] - closeBrowser(): Browser is closed

03-07-2024T22:27:43 - [MESSAGE][PASSED] - Browser is closed]]></system-out>
         <system-err><![CDATA[]]></system-err>
      </testcase>
      <testcase name="Test Cases/thang/New Test Case (9)" time="73.932" classname="Test Cases/thang/New Test Case (9)" status="PASSED">
         <system-out><![CDATA[03-07-2024T22:27:43 - [TEST_CASE][PASSED] - Test Cases/thang/New Test Case (9): Test Cases/thang/New Test Case (9)

03-07-2024T22:27:43 - [TEST_STEP][PASSED] - openBrowser(""): Browser is opened with url: ''

03-07-2024T22:27:43 - [MESSAGE][INFO] - Starting 'Chrome' driver

03-07-2024T22:27:43 - [MESSAGE][INFO] - Action delay is set to 0 milliseconds

03-07-2024T22:27:44 - [MESSAGE][PASSED] - Browser is opened with url: ''

03-07-2024T22:27:44 - [TEST_STEP][PASSED] - navigateToMaskedUrl(**********************): Navigate to '********************' successfully

03-07-2024T22:27:48 - [MESSAGE][PASSED] - Navigate to '********************' successfully

03-07-2024T22:27:48 - [TEST_STEP][PASSED] - verifyElementClickable(findTestObject("ac/New Test Object")): Object 'Object Repository/ac/New Test Object' is clickable

03-07-2024T22:28:40 - [MESSAGE][PASSED] - Object 'Object Repository/ac/New Test Object' is clickable

03-07-2024T22:28:40 - [TEST_STEP][PASSED] - verifyElementVisible(findTestObject("ac/New Test Object")): Object 'Object Repository/ac/New Test Object' is visible

03-07-2024T22:28:42 - [MESSAGE][PASSED] - Object 'Object Repository/ac/New Test Object' is visible

03-07-2024T22:28:42 - [TEST_STEP][PASSED] - verifyElementText(findTestObject("ac/New Test Object"), "View demo"): Actual text and expected text of test object 'Object Repository/ac/New Test Object' are matched.

03-07-2024T22:28:47 - [MESSAGE][PASSED] - Actual text and expected text of test object 'Object Repository/ac/New Test Object' are matched.

03-07-2024T22:28:47 - [TEST_STEP][PASSED] - verifyElementVisible(findTestObject("ac/New Test Object")): Object 'Object Repository/ac/New Test Object' is visible

03-07-2024T22:28:48 - [MESSAGE][PASSED] - Object 'Object Repository/ac/New Test Object' is visible

03-07-2024T22:28:48 - [TEST_STEP][PASSED] - verifyElementNotHasAttribute(findTestObject("ac/New Test Object"), "", 0, STOP_ON_FAILURE): Object 'Object Repository/ac/New Test Object' does not have attribute ''

03-07-2024T22:28:49 - [MESSAGE][WARNING] - Timeout '0' is invalid. Using default page load timeout: '30'

03-07-2024T22:28:49 - [MESSAGE][PASSED] - Object 'Object Repository/ac/New Test Object' does not have attribute ''

03-07-2024T22:28:49 - [TEST_STEP][PASSED] - closeBrowser(): Browser is closed

03-07-2024T22:28:56 - [MESSAGE][PASSED] - Browser is closed]]></system-out>
         <system-err><![CDATA[]]></system-err>
      </testcase>
      <testcase name="Test Cases/thang/New Test Case" time="10.724" classname="Test Cases/thang/New Test Case" status="PASSED">
         <system-out><![CDATA[03-07-2024T22:28:56 - [TEST_CASE][PASSED] - Test Cases/thang/New Test Case: Test Cases/thang/New Test Case

03-07-2024T22:28:57 - [TEST_STEP][PASSED] - openBrowser(""): Browser is opened with url: ''

03-07-2024T22:28:57 - [MESSAGE][INFO] - Starting 'Chrome' driver

03-07-2024T22:28:57 - [MESSAGE][INFO] - Action delay is set to 0 milliseconds

03-07-2024T22:29:03 - [MESSAGE][PASSED] - Browser is opened with url: ''

03-07-2024T22:29:03 - [TEST_STEP][PASSED] - closeBrowser(): Browser is closed

03-07-2024T22:29:07 - [MESSAGE][PASSED] - Browser is closed]]></system-out>
         <system-err><![CDATA[]]></system-err>
      </testcase>
      <testcase name="Test Cases/thang/New Test Case" time="10.031" classname="Test Cases/thang/New Test Case" status="PASSED">
         <system-out><![CDATA[03-07-2024T22:29:07 - [TEST_CASE][PASSED] - Test Cases/thang/New Test Case: Test Cases/thang/New Test Case

03-07-2024T22:29:07 - [TEST_STEP][PASSED] - openBrowser(""): Browser is opened with url: ''

03-07-2024T22:29:07 - [MESSAGE][INFO] - Starting 'Chrome' driver

03-07-2024T22:29:07 - [MESSAGE][INFO] - Action delay is set to 0 milliseconds

03-07-2024T22:29:10 - [MESSAGE][PASSED] - Browser is opened with url: ''

03-07-2024T22:29:10 - [TEST_STEP][PASSED] - closeBrowser(): Browser is closed

03-07-2024T22:29:17 - [MESSAGE][PASSED] - Browser is closed]]></system-out>
         <system-err><![CDATA[]]></system-err>
      </testcase>
      <testcase name="Test Cases/thang/New Test Case" time="7.177" classname="Test Cases/thang/New Test Case" status="PASSED">
         <system-out><![CDATA[03-07-2024T22:29:17 - [TEST_CASE][PASSED] - Test Cases/thang/New Test Case: Test Cases/thang/New Test Case

03-07-2024T22:29:17 - [TEST_STEP][PASSED] - openBrowser(""): Browser is opened with url: ''

03-07-2024T22:29:17 - [MESSAGE][INFO] - Starting 'Chrome' driver

03-07-2024T22:29:17 - [MESSAGE][INFO] - Action delay is set to 0 milliseconds

03-07-2024T22:29:20 - [MESSAGE][PASSED] - Browser is opened with url: ''

03-07-2024T22:29:20 - [TEST_STEP][PASSED] - closeBrowser(): Browser is closed

03-07-2024T22:29:24 - [MESSAGE][PASSED] - Browser is closed]]></system-out>
         <system-err><![CDATA[]]></system-err>
      </testcase>
      <testcase name="Test Cases/thang/New Test Case" time="4.36" classname="Test Cases/thang/New Test Case" status="PASSED">
         <system-out><![CDATA[03-07-2024T22:29:24 - [TEST_CASE][PASSED] - Test Cases/thang/New Test Case: Test Cases/thang/New Test Case

03-07-2024T22:29:24 - [TEST_STEP][PASSED] - openBrowser(""): Browser is opened with url: ''

03-07-2024T22:29:24 - [MESSAGE][INFO] - Starting 'Chrome' driver

03-07-2024T22:29:24 - [MESSAGE][INFO] - Action delay is set to 0 milliseconds

03-07-2024T22:29:28 - [MESSAGE][PASSED] - Browser is opened with url: ''

03-07-2024T22:29:28 - [TEST_STEP][PASSED] - closeBrowser(): Browser is closed

03-07-2024T22:29:29 - [MESSAGE][PASSED] - Browser is closed]]></system-out>
         <system-err><![CDATA[]]></system-err>
      </testcase>
      <testcase name="Test Cases/thang/New Test Case" time="4.998" classname="Test Cases/thang/New Test Case" status="PASSED">
         <system-out><![CDATA[03-07-2024T22:29:29 - [TEST_CASE][PASSED] - Test Cases/thang/New Test Case: Test Cases/thang/New Test Case

03-07-2024T22:29:29 - [TEST_STEP][PASSED] - openBrowser(""): Browser is opened with url: ''

03-07-2024T22:29:29 - [MESSAGE][INFO] - Starting 'Chrome' driver

03-07-2024T22:29:29 - [MESSAGE][INFO] - Action delay is set to 0 milliseconds

03-07-2024T22:29:31 - [MESSAGE][PASSED] - Browser is opened with url: ''

03-07-2024T22:29:31 - [TEST_STEP][PASSED] - closeBrowser(): Browser is closed

03-07-2024T22:29:34 - [MESSAGE][PASSED] - Browser is closed]]></system-out>
         <system-err><![CDATA[]]></system-err>
      </testcase>
      <testcase name="Test Cases/thang/New Test Case" time="6.302" classname="Test Cases/thang/New Test Case" status="PASSED">
         <system-out><![CDATA[03-07-2024T22:29:34 - [TEST_CASE][PASSED] - Test Cases/thang/New Test Case: Test Cases/thang/New Test Case

03-07-2024T22:29:34 - [TEST_STEP][PASSED] - openBrowser(""): Browser is opened with url: ''

03-07-2024T22:29:34 - [MESSAGE][INFO] - Starting 'Chrome' driver

03-07-2024T22:29:34 - [MESSAGE][INFO] - Action delay is set to 0 milliseconds

03-07-2024T22:29:36 - [MESSAGE][PASSED] - Browser is opened with url: ''

03-07-2024T22:29:36 - [TEST_STEP][PASSED] - closeBrowser(): Browser is closed

03-07-2024T22:29:40 - [MESSAGE][PASSED] - Browser is closed]]></system-out>
         <system-err><![CDATA[]]></system-err>
      </testcase>
      <testcase name="Test Cases/thang/New Test Case" time="4.267" classname="Test Cases/thang/New Test Case" status="PASSED">
         <system-out><![CDATA[03-07-2024T22:29:40 - [TEST_CASE][PASSED] - Test Cases/thang/New Test Case: Test Cases/thang/New Test Case

03-07-2024T22:29:40 - [TEST_STEP][PASSED] - openBrowser(""): Browser is opened with url: ''

03-07-2024T22:29:40 - [MESSAGE][INFO] - Starting 'Chrome' driver

03-07-2024T22:29:40 - [MESSAGE][INFO] - Action delay is set to 0 milliseconds

03-07-2024T22:29:42 - [MESSAGE][PASSED] - Browser is opened with url: ''

03-07-2024T22:29:42 - [TEST_STEP][PASSED] - closeBrowser(): Browser is closed

03-07-2024T22:29:44 - [MESSAGE][PASSED] - Browser is closed]]></system-out>
         <system-err><![CDATA[]]></system-err>
      </testcase>
      <testcase name="Test Cases/thang/New Test Case" time="5.956" classname="Test Cases/thang/New Test Case" status="PASSED">
         <system-out><![CDATA[03-07-2024T22:29:44 - [TEST_CASE][PASSED] - Test Cases/thang/New Test Case: Test Cases/thang/New Test Case

03-07-2024T22:29:44 - [TEST_STEP][PASSED] - openBrowser(""): Browser is opened with url: ''

03-07-2024T22:29:44 - [MESSAGE][INFO] - Starting 'Chrome' driver

03-07-2024T22:29:44 - [MESSAGE][INFO] - Action delay is set to 0 milliseconds

03-07-2024T22:29:48 - [MESSAGE][PASSED] - Browser is opened with url: ''

03-07-2024T22:29:48 - [TEST_STEP][PASSED] - closeBrowser(): Browser is closed

03-07-2024T22:29:50 - [MESSAGE][PASSED] - Browser is closed]]></system-out>
         <system-err><![CDATA[]]></system-err>
      </testcase>
      <testcase name="Test Cases/thang/New Test Case" time="4.553" classname="Test Cases/thang/New Test Case" status="PASSED">
         <system-out><![CDATA[03-07-2024T22:29:50 - [TEST_CASE][PASSED] - Test Cases/thang/New Test Case: Test Cases/thang/New Test Case

03-07-2024T22:29:50 - [TEST_STEP][PASSED] - openBrowser(""): Browser is opened with url: ''

03-07-2024T22:29:50 - [MESSAGE][INFO] - Starting 'Chrome' driver

03-07-2024T22:29:50 - [MESSAGE][INFO] - Action delay is set to 0 milliseconds

03-07-2024T22:29:54 - [MESSAGE][PASSED] - Browser is opened with url: ''

03-07-2024T22:29:54 - [TEST_STEP][PASSED] - closeBrowser(): Browser is closed

03-07-2024T22:29:55 - [MESSAGE][PASSED] - Browser is closed]]></system-out>
         <system-err><![CDATA[]]></system-err>
      </testcase>
      <testcase name="Test Cases/thang/New Test Case" time="4.341" classname="Test Cases/thang/New Test Case" status="PASSED">
         <system-out><![CDATA[03-07-2024T22:29:55 - [TEST_CASE][PASSED] - Test Cases/thang/New Test Case: Test Cases/thang/New Test Case

03-07-2024T22:29:55 - [TEST_STEP][PASSED] - openBrowser(""): Browser is opened with url: ''

03-07-2024T22:29:55 - [MESSAGE][INFO] - Starting 'Chrome' driver

03-07-2024T22:29:55 - [MESSAGE][INFO] - Action delay is set to 0 milliseconds

03-07-2024T22:29:57 - [MESSAGE][PASSED] - Browser is opened with url: ''

03-07-2024T22:29:57 - [TEST_STEP][PASSED] - closeBrowser(): Browser is closed

03-07-2024T22:29:59 - [MESSAGE][PASSED] - Browser is closed]]></system-out>
         <system-err><![CDATA[]]></system-err>
      </testcase>
      <testcase name="Test Cases/thang/New Test Case" time="4.909" classname="Test Cases/thang/New Test Case" status="PASSED">
         <system-out><![CDATA[03-07-2024T22:29:59 - [TEST_CASE][PASSED] - Test Cases/thang/New Test Case: Test Cases/thang/New Test Case

03-07-2024T22:29:59 - [TEST_STEP][PASSED] - openBrowser(""): Browser is opened with url: ''

03-07-2024T22:29:59 - [MESSAGE][INFO] - Starting 'Chrome' driver

03-07-2024T22:29:59 - [MESSAGE][INFO] - Action delay is set to 0 milliseconds

03-07-2024T22:30:02 - [MESSAGE][PASSED] - Browser is opened with url: ''

03-07-2024T22:30:02 - [TEST_STEP][PASSED] - closeBrowser(): Browser is closed

03-07-2024T22:30:04 - [MESSAGE][PASSED] - Browser is closed]]></system-out>
         <system-err><![CDATA[]]></system-err>
      </testcase>
      <testcase name="Test Cases/thang/New Test Case" time="5.031" classname="Test Cases/thang/New Test Case" status="PASSED">
         <system-out><![CDATA[03-07-2024T22:30:04 - [TEST_CASE][PASSED] - Test Cases/thang/New Test Case: Test Cases/thang/New Test Case

03-07-2024T22:30:04 - [TEST_STEP][PASSED] - openBrowser(""): Browser is opened with url: ''

03-07-2024T22:30:04 - [MESSAGE][INFO] - Starting 'Chrome' driver

03-07-2024T22:30:04 - [MESSAGE][INFO] - Action delay is set to 0 milliseconds

03-07-2024T22:30:06 - [MESSAGE][PASSED] - Browser is opened with url: ''

03-07-2024T22:30:06 - [TEST_STEP][PASSED] - closeBrowser(): Browser is closed

03-07-2024T22:30:09 - [MESSAGE][PASSED] - Browser is closed]]></system-out>
         <system-err><![CDATA[]]></system-err>
      </testcase>
      <testcase name="Test Cases/thang/New Test Case" time="6.679" classname="Test Cases/thang/New Test Case" status="PASSED">
         <system-out><![CDATA[03-07-2024T22:30:09 - [TEST_CASE][PASSED] - Test Cases/thang/New Test Case: Test Cases/thang/New Test Case

03-07-2024T22:30:09 - [TEST_STEP][PASSED] - openBrowser(""): Browser is opened with url: ''

03-07-2024T22:30:09 - [MESSAGE][INFO] - Starting 'Chrome' driver

03-07-2024T22:30:09 - [MESSAGE][INFO] - Action delay is set to 0 milliseconds

03-07-2024T22:30:11 - [MESSAGE][PASSED] - Browser is opened with url: ''

03-07-2024T22:30:11 - [TEST_STEP][PASSED] - closeBrowser(): Browser is closed

03-07-2024T22:30:16 - [MESSAGE][PASSED] - Browser is closed]]></system-out>
         <system-err><![CDATA[]]></system-err>
      </testcase>
      <testcase name="Test Cases/thang/New Test Case" time="4.942" classname="Test Cases/thang/New Test Case" status="PASSED">
         <system-out><![CDATA[03-07-2024T22:30:16 - [TEST_CASE][PASSED] - Test Cases/thang/New Test Case: Test Cases/thang/New Test Case

03-07-2024T22:30:16 - [TEST_STEP][PASSED] - openBrowser(""): Browser is opened with url: ''

03-07-2024T22:30:16 - [MESSAGE][INFO] - Starting 'Chrome' driver

03-07-2024T22:30:16 - [MESSAGE][INFO] - Action delay is set to 0 milliseconds

03-07-2024T22:30:18 - [MESSAGE][PASSED] - Browser is opened with url: ''

03-07-2024T22:30:18 - [TEST_STEP][PASSED] - closeBrowser(): Browser is closed

03-07-2024T22:30:21 - [MESSAGE][PASSED] - Browser is closed]]></system-out>
         <system-err><![CDATA[]]></system-err>
      </testcase>
      <testcase name="Test Cases/thang/New Test Case" time="3.928" classname="Test Cases/thang/New Test Case" status="PASSED">
         <system-out><![CDATA[03-07-2024T22:30:21 - [TEST_CASE][PASSED] - Test Cases/thang/New Test Case: Test Cases/thang/New Test Case

03-07-2024T22:30:21 - [TEST_STEP][PASSED] - openBrowser(""): Browser is opened with url: ''

03-07-2024T22:30:21 - [MESSAGE][INFO] - Starting 'Chrome' driver

03-07-2024T22:30:21 - [MESSAGE][INFO] - Action delay is set to 0 milliseconds

03-07-2024T22:30:24 - [MESSAGE][PASSED] - Browser is opened with url: ''

03-07-2024T22:30:24 - [TEST_STEP][PASSED] - closeBrowser(): Browser is closed

03-07-2024T22:30:25 - [MESSAGE][PASSED] - Browser is closed]]></system-out>
         <system-err><![CDATA[]]></system-err>
      </testcase>
      <testcase name="Test Cases/thang/New Test Case" time="5.024" classname="Test Cases/thang/New Test Case" status="PASSED">
         <system-out><![CDATA[03-07-2024T22:30:25 - [TEST_CASE][PASSED] - Test Cases/thang/New Test Case: Test Cases/thang/New Test Case

03-07-2024T22:30:25 - [TEST_STEP][PASSED] - openBrowser(""): Browser is opened with url: ''

03-07-2024T22:30:25 - [MESSAGE][INFO] - Starting 'Chrome' driver

03-07-2024T22:30:25 - [MESSAGE][INFO] - Action delay is set to 0 milliseconds

03-07-2024T22:30:29 - [MESSAGE][PASSED] - Browser is opened with url: ''

03-07-2024T22:30:29 - [TEST_STEP][PASSED] - closeBrowser(): Browser is closed

03-07-2024T22:30:30 - [MESSAGE][PASSED] - Browser is closed]]></system-out>
         <system-err><![CDATA[]]></system-err>
      </testcase>
      <testcase name="Test Cases/thang/New Test Case" time="4.383" classname="Test Cases/thang/New Test Case" status="PASSED">
         <system-out><![CDATA[03-07-2024T22:30:30 - [TEST_CASE][PASSED] - Test Cases/thang/New Test Case: Test Cases/thang/New Test Case

03-07-2024T22:30:30 - [TEST_STEP][PASSED] - openBrowser(""): Browser is opened with url: ''

03-07-2024T22:30:30 - [MESSAGE][INFO] - Starting 'Chrome' driver

03-07-2024T22:30:30 - [MESSAGE][INFO] - Action delay is set to 0 milliseconds

03-07-2024T22:30:33 - [MESSAGE][PASSED] - Browser is opened with url: ''

03-07-2024T22:30:33 - [TEST_STEP][PASSED] - closeBrowser(): Browser is closed

03-07-2024T22:30:34 - [MESSAGE][PASSED] - Browser is closed]]></system-out>
         <system-err><![CDATA[]]></system-err>
      </testcase>
      <testcase name="Test Cases/thang/New Test Case" time="5.48" classname="Test Cases/thang/New Test Case" status="PASSED">
         <system-out><![CDATA[03-07-2024T22:30:34 - [TEST_CASE][PASSED] - Test Cases/thang/New Test Case: Test Cases/thang/New Test Case

03-07-2024T22:30:34 - [TEST_STEP][PASSED] - openBrowser(""): Browser is opened with url: ''

03-07-2024T22:30:34 - [MESSAGE][INFO] - Starting 'Chrome' driver

03-07-2024T22:30:34 - [MESSAGE][INFO] - Action delay is set to 0 milliseconds

03-07-2024T22:30:38 - [MESSAGE][PASSED] - Browser is opened with url: ''

03-07-2024T22:30:38 - [TEST_STEP][PASSED] - closeBrowser(): Browser is closed

03-07-2024T22:30:40 - [MESSAGE][PASSED] - Browser is closed]]></system-out>
         <system-err><![CDATA[]]></system-err>
      </testcase>
      <system-out><![CDATA[03-07-2024T22:04:10 - [TEST_SUITE][FAILED] - New Dynamic Test Suite: Test Cases/New Test Case FAILED.
Reason:
com.kms.katalon.core.exception.StepFailedException: Connection refused: no further information
Build info: version: '3.141.59', revision: 'e82be7d358', time: '2018-11-14T08:25:53'
System info: host: 'HUYBT2', ip: '192.168.1.13', os.name: 'Windows 11', os.arch: 'amd64', os.version: '10.0', java.version: '17.0.7'
Driver info: driver.version: WindowsDriver (Root cause: org.openqa.selenium.WebDriverException: Connection refused: no further information
Build info: version: '3.141.59', revision: 'e82be7d358', time: '2018-11-14T08:25:53'
System info: host: 'HUYBT2', ip: '192.168.1.13', os.name: 'Windows 11', os.arch: 'amd64', os.version: '10.0', java.version: '17.0.7'
Driver info: driver.version: WindowsDriver
	at io.appium.java_client.remote.AppiumCommandExecutor.lambda$5(AppiumCommandExecutor.java:251)
	at io.appium.java_client.remote.AppiumCommandExecutor.execute(AppiumCommandExecutor.java:250)
	at org.openqa.selenium.remote.RemoteWebDriver.execute(RemoteWebDriver.java:552)
	at io.appium.java_client.DefaultGenericMobileDriver.execute(DefaultGenericMobileDriver.java:42)
	at io.appium.java_client.AppiumDriver.execute(AppiumDriver.java:1)
	at io.appium.java_client.windows.WindowsDriver.execute(WindowsDriver.java:1)
	at org.openqa.selenium.remote.RemoteWebDriver.startSession(RemoteWebDriver.java:213)
	at org.openqa.selenium.remote.RemoteWebDriver.<init>(RemoteWebDriver.java:131)
	at io.appium.java_client.DefaultGenericMobileDriver.<init>(DefaultGenericMobileDriver.java:38)
	at io.appium.java_client.AppiumDriver.<init>(AppiumDriver.java:84)
	at io.appium.java_client.windows.WindowsDriver.<init>(WindowsDriver.java:38)
	at com.kms.katalon.core.windows.driver.WindowsDriverFactory.newWindowsDriver(WindowsDriverFactory.java:194)
	at com.kms.katalon.core.windows.driver.WindowsDriverFactory.startApplication(WindowsDriverFactory.java:112)
	at com.kms.katalon.core.windows.driver.WindowsDriverFactory.startApplication(WindowsDriverFactory.java:96)
	at com.kms.katalon.core.windows.driver.WindowsDriverFactory$startApplication.call(Unknown Source)
	at com.kms.katalon.core.windows.keyword.builtin.StartApplicationWithTitleKeyword$_startApplicationWithTitle_closure1.doCall(StartApplicationWithTitleKeyword.groovy:33)
	at com.kms.katalon.core.windows.keyword.builtin.StartApplicationWithTitleKeyword$_startApplicationWithTitle_closure1.doCall(StartApplicationWithTitleKeyword.groovy)
	at java.base/jdk.internal.reflect.NativeMethodAccessorImpl.invoke0(Native Method)
	at java.base/jdk.internal.reflect.NativeMethodAccessorImpl.invoke(NativeMethodAccessorImpl.java:77)
	at java.base/jdk.internal.reflect.DelegatingMethodAccessorImpl.invoke(DelegatingMethodAccessorImpl.java:43)
	at com.kms.katalon.core.keyword.internal.KeywordMain.runKeyword(KeywordMain.groovy:90)
	at com.kms.katalon.core.keyword.internal.KeywordMain$runKeyword.call(Unknown Source)
	at com.kms.katalon.core.windows.keyword.builtin.StartApplicationWithTitleKeyword.startApplicationWithTitle(StartApplicationWithTitleKeyword.groovy:32)
	at com.kms.katalon.core.windows.keyword.builtin.StartApplicationWithTitleKeyword.execute(StartApplicationWithTitleKeyword.groovy:28)
	at com.kms.katalon.core.keyword.internal.KeywordExecutor.executeKeywordForPlatform(KeywordExecutor.groovy:74)
	at com.kms.katalon.core.windows.keyword.WindowsBuiltinKeywords.startApplicationWithTitle(WindowsBuiltinKeywords.java:1064)
	at New Test Case.run(New Test Case:20)
	at com.kms.katalon.core.main.ScriptEngine.run(ScriptEngine.java:194)
	at com.kms.katalon.core.main.ScriptEngine.runScriptAsRawText(ScriptEngine.java:119)
	at com.kms.katalon.core.main.TestCaseExecutor.runScript(TestCaseExecutor.java:448)
	at com.kms.katalon.core.main.TestCaseExecutor.doExecute(TestCaseExecutor.java:439)
	at com.kms.katalon.core.main.TestCaseExecutor.processExecutionPhase(TestCaseExecutor.java:418)
	at com.kms.katalon.core.main.TestCaseExecutor.accessMainPhase(TestCaseExecutor.java:410)
	at com.kms.katalon.core.main.TestCaseExecutor.execute(TestCaseExecutor.java:285)
	at com.kms.katalon.core.common.CommonExecutor.accessTestCaseMainPhase(CommonExecutor.java:65)
	at com.kms.katalon.core.main.TestSuiteExecutor.accessTestSuiteMainPhase(TestSuiteExecutor.java:150)
	at com.kms.katalon.core.main.TestSuiteExecutor.execute(TestSuiteExecutor.java:106)
	at com.kms.katalon.core.main.TestCaseMain.startTestSuite(TestCaseMain.java:180)
	at TempTestSuite1720019027809.run(TempTestSuite1720019027809.groovy:35)
	at java.base/jdk.internal.reflect.NativeMethodAccessorImpl.invoke0(Native Method)
	at java.base/jdk.internal.reflect.NativeMethodAccessorImpl.invoke(NativeMethodAccessorImpl.java:77)
	at java.base/jdk.internal.reflect.DelegatingMethodAccessorImpl.invoke(DelegatingMethodAccessorImpl.java:43)
Caused by: java.net.ConnectException: Connection refused: no further information
	at okhttp3.internal.platform.Platform.connectSocket(Platform.java:129)
	at okhttp3.internal.connection.RealConnection.connectSocket(RealConnection.java:245)
	at okhttp3.internal.connection.RealConnection.connect(RealConnection.java:165)
	at okhttp3.internal.connection.StreamAllocation.findConnection(StreamAllocation.java:257)
	at okhttp3.internal.connection.StreamAllocation.findHealthyConnection(StreamAllocation.java:135)
	at okhttp3.internal.connection.StreamAllocation.newStream(StreamAllocation.java:114)
	at okhttp3.internal.connection.ConnectInterceptor.intercept(ConnectInterceptor.java:42)
	at okhttp3.internal.http.RealInterceptorChain.proceed(RealInterceptorChain.java:147)
	at okhttp3.internal.http.RealInterceptorChain.proceed(RealInterceptorChain.java:121)
	at okhttp3.internal.cache.CacheInterceptor.intercept(CacheInterceptor.java:93)
	at okhttp3.internal.http.RealInterceptorChain.proceed(RealInterceptorChain.java:147)
	at okhttp3.internal.http.RealInterceptorChain.proceed(RealInterceptorChain.java:121)
	at okhttp3.internal.http.BridgeInterceptor.intercept(BridgeInterceptor.java:93)
	at okhttp3.internal.http.RealInterceptorChain.proceed(RealInterceptorChain.java:147)
	at okhttp3.internal.http.RetryAndFollowUpInterceptor.intercept(RetryAndFollowUpInterceptor.java:126)
	at okhttp3.internal.http.RealInterceptorChain.proceed(RealInterceptorChain.java:147)
	at okhttp3.internal.http.RealInterceptorChain.proceed(RealInterceptorChain.java:121)
	at okhttp3.RealCall.getResponseWithInterceptorChain(RealCall.java:200)
	at okhttp3.RealCall.execute(RealCall.java:77)
	at org.openqa.selenium.remote.internal.OkHttpClient.execute(OkHttpClient.java:103)
	at org.openqa.selenium.remote.ProtocolHandshake.createSession(ProtocolHandshake.java:105)
	at java.base/jdk.internal.reflect.NativeMethodAccessorImpl.invoke0(Native Method)
	at java.base/jdk.internal.reflect.NativeMethodAccessorImpl.invoke(NativeMethodAccessorImpl.java:77)
	at java.base/jdk.internal.reflect.DelegatingMethodAccessorImpl.invoke(DelegatingMethodAccessorImpl.java:43)
	at io.appium.java_client.remote.AppiumCommandExecutor$1.createSession(AppiumCommandExecutor.java:186)
	at io.appium.java_client.remote.AppiumCommandExecutor.createSession(AppiumCommandExecutor.java:217)
	at io.appium.java_client.remote.AppiumCommandExecutor.execute(AppiumCommandExecutor.java:239)
	at org.openqa.selenium.remote.RemoteWebDriver.execute(RemoteWebDriver.java:552)
	at io.appium.java_client.DefaultGenericMobileDriver.execute(DefaultGenericMobileDriver.java:42)
	at io.appium.java_client.AppiumDriver.execute(AppiumDriver.java:1)
	at io.appium.java_client.windows.WindowsDriver.execute(WindowsDriver.java:1)
	at org.openqa.selenium.remote.RemoteWebDriver.startSession(RemoteWebDriver.java:213)
	at org.openqa.selenium.remote.RemoteWebDriver.<init>(RemoteWebDriver.java:131)
	at io.appium.java_client.DefaultGenericMobileDriver.<init>(DefaultGenericMobileDriver.java:38)
	at io.appium.java_client.AppiumDriver.<init>(AppiumDriver.java:84)
	at io.appium.java_client.windows.WindowsDriver.<init>(WindowsDriver.java:38)
	at com.kms.katalon.core.windows.driver.WindowsDriverFactory.newWindowsDriver(WindowsDriverFactory.java:194)
	at com.kms.katalon.core.windows.driver.WindowsDriverFactory.startApplication(WindowsDriverFactory.java:112)
	at com.kms.katalon.core.windows.driver.WindowsDriverFactory.startApplication(WindowsDriverFactory.java:96)
	at com.kms.katalon.core.windows.driver.WindowsDriverFactory$startApplication.call(Unknown Source)
	at com.kms.katalon.core.windows.keyword.builtin.StartApplicationWithTitleKeyword$_startApplicationWithTitle_closure1.doCall(StartApplicationWithTitleKeyword.groovy:33)
	at com.kms.katalon.core.windows.keyword.builtin.StartApplicationWithTitleKeyword$_startApplicationWithTitle_closure1.doCall(StartApplicationWithTitleKeyword.groovy)
	at java.base/jdk.internal.reflect.NativeMethodAccessorImpl.invoke0(Native Method)
	at java.base/jdk.internal.reflect.NativeMethodAccessorImpl.invoke(NativeMethodAccessorImpl.java:77)
	at java.base/jdk.internal.reflect.DelegatingMethodAccessorImpl.invoke(DelegatingMethodAccessorImpl.java:43)
	at com.kms.katalon.core.keyword.internal.KeywordMain.runKeyword(KeywordMain.groovy:90)
	at com.kms.katalon.core.keyword.internal.KeywordMain$runKeyword.call(Unknown Source)
	at com.kms.katalon.core.windows.keyword.builtin.StartApplicationWithTitleKeyword.startApplicationWithTitle(StartApplicationWithTitleKeyword.groovy:32)
	at com.kms.katalon.core.windows.keyword.builtin.StartApplicationWithTitleKeyword.execute(StartApplicationWithTitleKeyword.groovy:28)
	at com.kms.katalon.core.keyword.internal.KeywordExecutor.executeKeywordForPlatform(KeywordExecutor.groovy:74)
	at com.kms.katalon.core.windows.keyword.WindowsBuiltinKeywords.startApplicationWithTitle(WindowsBuiltinKeywords.java:1064)
	at Script1716305407857.run(Script1716305407857.groovy:20)
	... 15 more
)
	at com.kms.katalon.core.keyword.internal.KeywordMain.stepFailed(KeywordMain.groovy:51)
	at com.kms.katalon.core.keyword.internal.KeywordMain.stepFailed(KeywordMain.groovy)
	at com.kms.katalon.core.keyword.internal.KeywordMain.runKeyword(KeywordMain.groovy:92)
	at com.kms.katalon.core.keyword.internal.KeywordMain$runKeyword.call(Unknown Source)
	at com.kms.katalon.core.windows.keyword.builtin.StartApplicationWithTitleKeyword.startApplicationWithTitle(StartApplicationWithTitleKeyword.groovy:32)
	at com.kms.katalon.core.windows.keyword.builtin.StartApplicationWithTitleKeyword.execute(StartApplicationWithTitleKeyword.groovy:28)
	at com.kms.katalon.core.keyword.internal.KeywordExecutor.executeKeywordForPlatform(KeywordExecutor.groovy:74)
	at com.kms.katalon.core.windows.keyword.WindowsBuiltinKeywords.startApplicationWithTitle(WindowsBuiltinKeywords.java:1064)
	at New Test Case.run(New Test Case:20)
	at com.kms.katalon.core.main.ScriptEngine.run(ScriptEngine.java:194)
	at com.kms.katalon.core.main.ScriptEngine.runScriptAsRawText(ScriptEngine.java:119)
	at com.kms.katalon.core.main.TestCaseExecutor.runScript(TestCaseExecutor.java:448)
	at com.kms.katalon.core.main.TestCaseExecutor.doExecute(TestCaseExecutor.java:439)
	at com.kms.katalon.core.main.TestCaseExecutor.processExecutionPhase(TestCaseExecutor.java:418)
	at com.kms.katalon.core.main.TestCaseExecutor.accessMainPhase(TestCaseExecutor.java:410)
	at com.kms.katalon.core.main.TestCaseExecutor.execute(TestCaseExecutor.java:285)
	at com.kms.katalon.core.common.CommonExecutor.accessTestCaseMainPhase(CommonExecutor.java:65)
	at com.kms.katalon.core.main.TestSuiteExecutor.accessTestSuiteMainPhase(TestSuiteExecutor.java:150)
	at com.kms.katalon.core.main.TestSuiteExecutor.execute(TestSuiteExecutor.java:106)
	at com.kms.katalon.core.main.TestCaseMain.startTestSuite(TestCaseMain.java:180)
	at TempTestSuite1720019027809.run(TempTestSuite1720019027809.groovy:35)
	at java.base/jdk.internal.reflect.NativeMethodAccessorImpl.invoke0(Native Method)
	at java.base/jdk.internal.reflect.NativeMethodAccessorImpl.invoke(NativeMethodAccessorImpl.java:77)
	at java.base/jdk.internal.reflect.DelegatingMethodAccessorImpl.invoke(DelegatingMethodAccessorImpl.java:43)
Caused by: org.openqa.selenium.WebDriverException: Connection refused: no further information
Build info: version: '3.141.59', revision: 'e82be7d358', time: '2018-11-14T08:25:53'
System info: host: 'HUYBT2', ip: '192.168.1.13', os.name: 'Windows 11', os.arch: 'amd64', os.version: '10.0', java.version: '17.0.7'
Driver info: driver.version: WindowsDriver
	at io.appium.java_client.remote.AppiumCommandExecutor.lambda$5(AppiumCommandExecutor.java:251)
	at io.appium.java_client.remote.AppiumCommandExecutor.execute(AppiumCommandExecutor.java:250)
	at org.openqa.selenium.remote.RemoteWebDriver.execute(RemoteWebDriver.java:552)
	at io.appium.java_client.DefaultGenericMobileDriver.execute(DefaultGenericMobileDriver.java:42)
	at io.appium.java_client.AppiumDriver.execute(AppiumDriver.java:1)
	at io.appium.java_client.windows.WindowsDriver.execute(WindowsDriver.java:1)
	at org.openqa.selenium.remote.RemoteWebDriver.startSession(RemoteWebDriver.java:213)
	at org.openqa.selenium.remote.RemoteWebDriver.<init>(RemoteWebDriver.java:131)
	at io.appium.java_client.DefaultGenericMobileDriver.<init>(DefaultGenericMobileDriver.java:38)
	at io.appium.java_client.AppiumDriver.<init>(AppiumDriver.java:84)
	at io.appium.java_client.windows.WindowsDriver.<init>(WindowsDriver.java:38)
	at com.kms.katalon.core.windows.driver.WindowsDriverFactory.newWindowsDriver(WindowsDriverFactory.java:194)
	at com.kms.katalon.core.windows.driver.WindowsDriverFactory.startApplication(WindowsDriverFactory.java:112)
	at com.kms.katalon.core.windows.driver.WindowsDriverFactory.startApplication(WindowsDriverFactory.java:96)
	at com.kms.katalon.core.windows.driver.WindowsDriverFactory$startApplication.call(Unknown Source)
	at com.kms.katalon.core.windows.keyword.builtin.StartApplicationWithTitleKeyword$_startApplicationWithTitle_closure1.doCall(StartApplicationWithTitleKeyword.groovy:33)
	at com.kms.katalon.core.windows.keyword.builtin.StartApplicationWithTitleKeyword$_startApplicationWithTitle_closure1.doCall(StartApplicationWithTitleKeyword.groovy)
	at java.base/jdk.internal.reflect.NativeMethodAccessorImpl.invoke0(Native Method)
	at java.base/jdk.internal.reflect.NativeMethodAccessorImpl.invoke(NativeMethodAccessorImpl.java:77)
	at java.base/jdk.internal.reflect.DelegatingMethodAccessorImpl.invoke(DelegatingMethodAccessorImpl.java:43)
	at com.kms.katalon.core.keyword.internal.KeywordMain.runKeyword(KeywordMain.groovy:90)
	... 21 more
Caused by: java.net.ConnectException: Connection refused: no further information
	at okhttp3.internal.platform.Platform.connectSocket(Platform.java:129)
	at okhttp3.internal.connection.RealConnection.connectSocket(RealConnection.java:245)
	at okhttp3.internal.connection.RealConnection.connect(RealConnection.java:165)
	at okhttp3.internal.connection.StreamAllocation.findConnection(StreamAllocation.java:257)
	at okhttp3.internal.connection.StreamAllocation.findHealthyConnection(StreamAllocation.java:135)
	at okhttp3.internal.connection.StreamAllocation.newStream(StreamAllocation.java:114)
	at okhttp3.internal.connection.ConnectInterceptor.intercept(ConnectInterceptor.java:42)
	at okhttp3.internal.http.RealInterceptorChain.proceed(RealInterceptorChain.java:147)
	at okhttp3.internal.http.RealInterceptorChain.proceed(RealInterceptorChain.java:121)
	at okhttp3.internal.cache.CacheInterceptor.intercept(CacheInterceptor.java:93)
	at okhttp3.internal.http.RealInterceptorChain.proceed(RealInterceptorChain.java:147)
	at okhttp3.internal.http.RealInterceptorChain.proceed(RealInterceptorChain.java:121)
	at okhttp3.internal.http.BridgeInterceptor.intercept(BridgeInterceptor.java:93)
	at okhttp3.internal.http.RealInterceptorChain.proceed(RealInterceptorChain.java:147)
	at okhttp3.internal.http.RetryAndFollowUpInterceptor.intercept(RetryAndFollowUpInterceptor.java:126)
	at okhttp3.internal.http.RealInterceptorChain.proceed(RealInterceptorChain.java:147)
	at okhttp3.internal.http.RealInterceptorChain.proceed(RealInterceptorChain.java:121)
	at okhttp3.RealCall.getResponseWithInterceptorChain(RealCall.java:200)
	at okhttp3.RealCall.execute(RealCall.java:77)
	at org.openqa.selenium.remote.internal.OkHttpClient.execute(OkHttpClient.java:103)
	at org.openqa.selenium.remote.ProtocolHandshake.createSession(ProtocolHandshake.java:105)
	at java.base/jdk.internal.reflect.NativeMethodAccessorImpl.invoke0(Native Method)
	at java.base/jdk.internal.reflect.NativeMethodAccessorImpl.invoke(NativeMethodAccessorImpl.java:77)
	at java.base/jdk.internal.reflect.DelegatingMethodAccessorImpl.invoke(DelegatingMethodAccessorImpl.java:43)
	at io.appium.java_client.remote.AppiumCommandExecutor$1.createSession(AppiumCommandExecutor.java:186)
	at io.appium.java_client.remote.AppiumCommandExecutor.createSession(AppiumCommandExecutor.java:217)
	at io.appium.java_client.remote.AppiumCommandExecutor.execute(AppiumCommandExecutor.java:239)
	... 40 more]]></system-out>
      <system-err><![CDATA[03-07-2024T22:04:10 - [TEST_SUITE][FAILED] - New Dynamic Test Suite: Test Cases/New Test Case FAILED.
Reason:
com.kms.katalon.core.exception.StepFailedException: Connection refused: no further information
Build info: version: '3.141.59', revision: 'e82be7d358', time: '2018-11-14T08:25:53'
System info: host: 'HUYBT2', ip: '192.168.1.13', os.name: 'Windows 11', os.arch: 'amd64', os.version: '10.0', java.version: '17.0.7'
Driver info: driver.version: WindowsDriver (Root cause: org.openqa.selenium.WebDriverException: Connection refused: no further information
Build info: version: '3.141.59', revision: 'e82be7d358', time: '2018-11-14T08:25:53'
System info: host: 'HUYBT2', ip: '192.168.1.13', os.name: 'Windows 11', os.arch: 'amd64', os.version: '10.0', java.version: '17.0.7'
Driver info: driver.version: WindowsDriver
	at io.appium.java_client.remote.AppiumCommandExecutor.lambda$5(AppiumCommandExecutor.java:251)
	at io.appium.java_client.remote.AppiumCommandExecutor.execute(AppiumCommandExecutor.java:250)
	at org.openqa.selenium.remote.RemoteWebDriver.execute(RemoteWebDriver.java:552)
	at io.appium.java_client.DefaultGenericMobileDriver.execute(DefaultGenericMobileDriver.java:42)
	at io.appium.java_client.AppiumDriver.execute(AppiumDriver.java:1)
	at io.appium.java_client.windows.WindowsDriver.execute(WindowsDriver.java:1)
	at org.openqa.selenium.remote.RemoteWebDriver.startSession(RemoteWebDriver.java:213)
	at org.openqa.selenium.remote.RemoteWebDriver.<init>(RemoteWebDriver.java:131)
	at io.appium.java_client.DefaultGenericMobileDriver.<init>(DefaultGenericMobileDriver.java:38)
	at io.appium.java_client.AppiumDriver.<init>(AppiumDriver.java:84)
	at io.appium.java_client.windows.WindowsDriver.<init>(WindowsDriver.java:38)
	at com.kms.katalon.core.windows.driver.WindowsDriverFactory.newWindowsDriver(WindowsDriverFactory.java:194)
	at com.kms.katalon.core.windows.driver.WindowsDriverFactory.startApplication(WindowsDriverFactory.java:112)
	at com.kms.katalon.core.windows.driver.WindowsDriverFactory.startApplication(WindowsDriverFactory.java:96)
	at com.kms.katalon.core.windows.driver.WindowsDriverFactory$startApplication.call(Unknown Source)
	at com.kms.katalon.core.windows.keyword.builtin.StartApplicationWithTitleKeyword$_startApplicationWithTitle_closure1.doCall(StartApplicationWithTitleKeyword.groovy:33)
	at com.kms.katalon.core.windows.keyword.builtin.StartApplicationWithTitleKeyword$_startApplicationWithTitle_closure1.doCall(StartApplicationWithTitleKeyword.groovy)
	at java.base/jdk.internal.reflect.NativeMethodAccessorImpl.invoke0(Native Method)
	at java.base/jdk.internal.reflect.NativeMethodAccessorImpl.invoke(NativeMethodAccessorImpl.java:77)
	at java.base/jdk.internal.reflect.DelegatingMethodAccessorImpl.invoke(DelegatingMethodAccessorImpl.java:43)
	at com.kms.katalon.core.keyword.internal.KeywordMain.runKeyword(KeywordMain.groovy:90)
	at com.kms.katalon.core.keyword.internal.KeywordMain$runKeyword.call(Unknown Source)
	at com.kms.katalon.core.windows.keyword.builtin.StartApplicationWithTitleKeyword.startApplicationWithTitle(StartApplicationWithTitleKeyword.groovy:32)
	at com.kms.katalon.core.windows.keyword.builtin.StartApplicationWithTitleKeyword.execute(StartApplicationWithTitleKeyword.groovy:28)
	at com.kms.katalon.core.keyword.internal.KeywordExecutor.executeKeywordForPlatform(KeywordExecutor.groovy:74)
	at com.kms.katalon.core.windows.keyword.WindowsBuiltinKeywords.startApplicationWithTitle(WindowsBuiltinKeywords.java:1064)
	at New Test Case.run(New Test Case:20)
	at com.kms.katalon.core.main.ScriptEngine.run(ScriptEngine.java:194)
	at com.kms.katalon.core.main.ScriptEngine.runScriptAsRawText(ScriptEngine.java:119)
	at com.kms.katalon.core.main.TestCaseExecutor.runScript(TestCaseExecutor.java:448)
	at com.kms.katalon.core.main.TestCaseExecutor.doExecute(TestCaseExecutor.java:439)
	at com.kms.katalon.core.main.TestCaseExecutor.processExecutionPhase(TestCaseExecutor.java:418)
	at com.kms.katalon.core.main.TestCaseExecutor.accessMainPhase(TestCaseExecutor.java:410)
	at com.kms.katalon.core.main.TestCaseExecutor.execute(TestCaseExecutor.java:285)
	at com.kms.katalon.core.common.CommonExecutor.accessTestCaseMainPhase(CommonExecutor.java:65)
	at com.kms.katalon.core.main.TestSuiteExecutor.accessTestSuiteMainPhase(TestSuiteExecutor.java:150)
	at com.kms.katalon.core.main.TestSuiteExecutor.execute(TestSuiteExecutor.java:106)
	at com.kms.katalon.core.main.TestCaseMain.startTestSuite(TestCaseMain.java:180)
	at TempTestSuite1720019027809.run(TempTestSuite1720019027809.groovy:35)
	at java.base/jdk.internal.reflect.NativeMethodAccessorImpl.invoke0(Native Method)
	at java.base/jdk.internal.reflect.NativeMethodAccessorImpl.invoke(NativeMethodAccessorImpl.java:77)
	at java.base/jdk.internal.reflect.DelegatingMethodAccessorImpl.invoke(DelegatingMethodAccessorImpl.java:43)
Caused by: java.net.ConnectException: Connection refused: no further information
	at okhttp3.internal.platform.Platform.connectSocket(Platform.java:129)
	at okhttp3.internal.connection.RealConnection.connectSocket(RealConnection.java:245)
	at okhttp3.internal.connection.RealConnection.connect(RealConnection.java:165)
	at okhttp3.internal.connection.StreamAllocation.findConnection(StreamAllocation.java:257)
	at okhttp3.internal.connection.StreamAllocation.findHealthyConnection(StreamAllocation.java:135)
	at okhttp3.internal.connection.StreamAllocation.newStream(StreamAllocation.java:114)
	at okhttp3.internal.connection.ConnectInterceptor.intercept(ConnectInterceptor.java:42)
	at okhttp3.internal.http.RealInterceptorChain.proceed(RealInterceptorChain.java:147)
	at okhttp3.internal.http.RealInterceptorChain.proceed(RealInterceptorChain.java:121)
	at okhttp3.internal.cache.CacheInterceptor.intercept(CacheInterceptor.java:93)
	at okhttp3.internal.http.RealInterceptorChain.proceed(RealInterceptorChain.java:147)
	at okhttp3.internal.http.RealInterceptorChain.proceed(RealInterceptorChain.java:121)
	at okhttp3.internal.http.BridgeInterceptor.intercept(BridgeInterceptor.java:93)
	at okhttp3.internal.http.RealInterceptorChain.proceed(RealInterceptorChain.java:147)
	at okhttp3.internal.http.RetryAndFollowUpInterceptor.intercept(RetryAndFollowUpInterceptor.java:126)
	at okhttp3.internal.http.RealInterceptorChain.proceed(RealInterceptorChain.java:147)
	at okhttp3.internal.http.RealInterceptorChain.proceed(RealInterceptorChain.java:121)
	at okhttp3.RealCall.getResponseWithInterceptorChain(RealCall.java:200)
	at okhttp3.RealCall.execute(RealCall.java:77)
	at org.openqa.selenium.remote.internal.OkHttpClient.execute(OkHttpClient.java:103)
	at org.openqa.selenium.remote.ProtocolHandshake.createSession(ProtocolHandshake.java:105)
	at java.base/jdk.internal.reflect.NativeMethodAccessorImpl.invoke0(Native Method)
	at java.base/jdk.internal.reflect.NativeMethodAccessorImpl.invoke(NativeMethodAccessorImpl.java:77)
	at java.base/jdk.internal.reflect.DelegatingMethodAccessorImpl.invoke(DelegatingMethodAccessorImpl.java:43)
	at io.appium.java_client.remote.AppiumCommandExecutor$1.createSession(AppiumCommandExecutor.java:186)
	at io.appium.java_client.remote.AppiumCommandExecutor.createSession(AppiumCommandExecutor.java:217)
	at io.appium.java_client.remote.AppiumCommandExecutor.execute(AppiumCommandExecutor.java:239)
	at org.openqa.selenium.remote.RemoteWebDriver.execute(RemoteWebDriver.java:552)
	at io.appium.java_client.DefaultGenericMobileDriver.execute(DefaultGenericMobileDriver.java:42)
	at io.appium.java_client.AppiumDriver.execute(AppiumDriver.java:1)
	at io.appium.java_client.windows.WindowsDriver.execute(WindowsDriver.java:1)
	at org.openqa.selenium.remote.RemoteWebDriver.startSession(RemoteWebDriver.java:213)
	at org.openqa.selenium.remote.RemoteWebDriver.<init>(RemoteWebDriver.java:131)
	at io.appium.java_client.DefaultGenericMobileDriver.<init>(DefaultGenericMobileDriver.java:38)
	at io.appium.java_client.AppiumDriver.<init>(AppiumDriver.java:84)
	at io.appium.java_client.windows.WindowsDriver.<init>(WindowsDriver.java:38)
	at com.kms.katalon.core.windows.driver.WindowsDriverFactory.newWindowsDriver(WindowsDriverFactory.java:194)
	at com.kms.katalon.core.windows.driver.WindowsDriverFactory.startApplication(WindowsDriverFactory.java:112)
	at com.kms.katalon.core.windows.driver.WindowsDriverFactory.startApplication(WindowsDriverFactory.java:96)
	at com.kms.katalon.core.windows.driver.WindowsDriverFactory$startApplication.call(Unknown Source)
	at com.kms.katalon.core.windows.keyword.builtin.StartApplicationWithTitleKeyword$_startApplicationWithTitle_closure1.doCall(StartApplicationWithTitleKeyword.groovy:33)
	at com.kms.katalon.core.windows.keyword.builtin.StartApplicationWithTitleKeyword$_startApplicationWithTitle_closure1.doCall(StartApplicationWithTitleKeyword.groovy)
	at java.base/jdk.internal.reflect.NativeMethodAccessorImpl.invoke0(Native Method)
	at java.base/jdk.internal.reflect.NativeMethodAccessorImpl.invoke(NativeMethodAccessorImpl.java:77)
	at java.base/jdk.internal.reflect.DelegatingMethodAccessorImpl.invoke(DelegatingMethodAccessorImpl.java:43)
	at com.kms.katalon.core.keyword.internal.KeywordMain.runKeyword(KeywordMain.groovy:90)
	at com.kms.katalon.core.keyword.internal.KeywordMain$runKeyword.call(Unknown Source)
	at com.kms.katalon.core.windows.keyword.builtin.StartApplicationWithTitleKeyword.startApplicationWithTitle(StartApplicationWithTitleKeyword.groovy:32)
	at com.kms.katalon.core.windows.keyword.builtin.StartApplicationWithTitleKeyword.execute(StartApplicationWithTitleKeyword.groovy:28)
	at com.kms.katalon.core.keyword.internal.KeywordExecutor.executeKeywordForPlatform(KeywordExecutor.groovy:74)
	at com.kms.katalon.core.windows.keyword.WindowsBuiltinKeywords.startApplicationWithTitle(WindowsBuiltinKeywords.java:1064)
	at Script1716305407857.run(Script1716305407857.groovy:20)
	... 15 more
)
	at com.kms.katalon.core.keyword.internal.KeywordMain.stepFailed(KeywordMain.groovy:51)
	at com.kms.katalon.core.keyword.internal.KeywordMain.stepFailed(KeywordMain.groovy)
	at com.kms.katalon.core.keyword.internal.KeywordMain.runKeyword(KeywordMain.groovy:92)
	at com.kms.katalon.core.keyword.internal.KeywordMain$runKeyword.call(Unknown Source)
	at com.kms.katalon.core.windows.keyword.builtin.StartApplicationWithTitleKeyword.startApplicationWithTitle(StartApplicationWithTitleKeyword.groovy:32)
	at com.kms.katalon.core.windows.keyword.builtin.StartApplicationWithTitleKeyword.execute(StartApplicationWithTitleKeyword.groovy:28)
	at com.kms.katalon.core.keyword.internal.KeywordExecutor.executeKeywordForPlatform(KeywordExecutor.groovy:74)
	at com.kms.katalon.core.windows.keyword.WindowsBuiltinKeywords.startApplicationWithTitle(WindowsBuiltinKeywords.java:1064)
	at New Test Case.run(New Test Case:20)
	at com.kms.katalon.core.main.ScriptEngine.run(ScriptEngine.java:194)
	at com.kms.katalon.core.main.ScriptEngine.runScriptAsRawText(ScriptEngine.java:119)
	at com.kms.katalon.core.main.TestCaseExecutor.runScript(TestCaseExecutor.java:448)
	at com.kms.katalon.core.main.TestCaseExecutor.doExecute(TestCaseExecutor.java:439)
	at com.kms.katalon.core.main.TestCaseExecutor.processExecutionPhase(TestCaseExecutor.java:418)
	at com.kms.katalon.core.main.TestCaseExecutor.accessMainPhase(TestCaseExecutor.java:410)
	at com.kms.katalon.core.main.TestCaseExecutor.execute(TestCaseExecutor.java:285)
	at com.kms.katalon.core.common.CommonExecutor.accessTestCaseMainPhase(CommonExecutor.java:65)
	at com.kms.katalon.core.main.TestSuiteExecutor.accessTestSuiteMainPhase(TestSuiteExecutor.java:150)
	at com.kms.katalon.core.main.TestSuiteExecutor.execute(TestSuiteExecutor.java:106)
	at com.kms.katalon.core.main.TestCaseMain.startTestSuite(TestCaseMain.java:180)
	at TempTestSuite1720019027809.run(TempTestSuite1720019027809.groovy:35)
	at java.base/jdk.internal.reflect.NativeMethodAccessorImpl.invoke0(Native Method)
	at java.base/jdk.internal.reflect.NativeMethodAccessorImpl.invoke(NativeMethodAccessorImpl.java:77)
	at java.base/jdk.internal.reflect.DelegatingMethodAccessorImpl.invoke(DelegatingMethodAccessorImpl.java:43)
Caused by: org.openqa.selenium.WebDriverException: Connection refused: no further information
Build info: version: '3.141.59', revision: 'e82be7d358', time: '2018-11-14T08:25:53'
System info: host: 'HUYBT2', ip: '192.168.1.13', os.name: 'Windows 11', os.arch: 'amd64', os.version: '10.0', java.version: '17.0.7'
Driver info: driver.version: WindowsDriver
	at io.appium.java_client.remote.AppiumCommandExecutor.lambda$5(AppiumCommandExecutor.java:251)
	at io.appium.java_client.remote.AppiumCommandExecutor.execute(AppiumCommandExecutor.java:250)
	at org.openqa.selenium.remote.RemoteWebDriver.execute(RemoteWebDriver.java:552)
	at io.appium.java_client.DefaultGenericMobileDriver.execute(DefaultGenericMobileDriver.java:42)
	at io.appium.java_client.AppiumDriver.execute(AppiumDriver.java:1)
	at io.appium.java_client.windows.WindowsDriver.execute(WindowsDriver.java:1)
	at org.openqa.selenium.remote.RemoteWebDriver.startSession(RemoteWebDriver.java:213)
	at org.openqa.selenium.remote.RemoteWebDriver.<init>(RemoteWebDriver.java:131)
	at io.appium.java_client.DefaultGenericMobileDriver.<init>(DefaultGenericMobileDriver.java:38)
	at io.appium.java_client.AppiumDriver.<init>(AppiumDriver.java:84)
	at io.appium.java_client.windows.WindowsDriver.<init>(WindowsDriver.java:38)
	at com.kms.katalon.core.windows.driver.WindowsDriverFactory.newWindowsDriver(WindowsDriverFactory.java:194)
	at com.kms.katalon.core.windows.driver.WindowsDriverFactory.startApplication(WindowsDriverFactory.java:112)
	at com.kms.katalon.core.windows.driver.WindowsDriverFactory.startApplication(WindowsDriverFactory.java:96)
	at com.kms.katalon.core.windows.driver.WindowsDriverFactory$startApplication.call(Unknown Source)
	at com.kms.katalon.core.windows.keyword.builtin.StartApplicationWithTitleKeyword$_startApplicationWithTitle_closure1.doCall(StartApplicationWithTitleKeyword.groovy:33)
	at com.kms.katalon.core.windows.keyword.builtin.StartApplicationWithTitleKeyword$_startApplicationWithTitle_closure1.doCall(StartApplicationWithTitleKeyword.groovy)
	at java.base/jdk.internal.reflect.NativeMethodAccessorImpl.invoke0(Native Method)
	at java.base/jdk.internal.reflect.NativeMethodAccessorImpl.invoke(NativeMethodAccessorImpl.java:77)
	at java.base/jdk.internal.reflect.DelegatingMethodAccessorImpl.invoke(DelegatingMethodAccessorImpl.java:43)
	at com.kms.katalon.core.keyword.internal.KeywordMain.runKeyword(KeywordMain.groovy:90)
	... 21 more
Caused by: java.net.ConnectException: Connection refused: no further information
	at okhttp3.internal.platform.Platform.connectSocket(Platform.java:129)
	at okhttp3.internal.connection.RealConnection.connectSocket(RealConnection.java:245)
	at okhttp3.internal.connection.RealConnection.connect(RealConnection.java:165)
	at okhttp3.internal.connection.StreamAllocation.findConnection(StreamAllocation.java:257)
	at okhttp3.internal.connection.StreamAllocation.findHealthyConnection(StreamAllocation.java:135)
	at okhttp3.internal.connection.StreamAllocation.newStream(StreamAllocation.java:114)
	at okhttp3.internal.connection.ConnectInterceptor.intercept(ConnectInterceptor.java:42)
	at okhttp3.internal.http.RealInterceptorChain.proceed(RealInterceptorChain.java:147)
	at okhttp3.internal.http.RealInterceptorChain.proceed(RealInterceptorChain.java:121)
	at okhttp3.internal.cache.CacheInterceptor.intercept(CacheInterceptor.java:93)
	at okhttp3.internal.http.RealInterceptorChain.proceed(RealInterceptorChain.java:147)
	at okhttp3.internal.http.RealInterceptorChain.proceed(RealInterceptorChain.java:121)
	at okhttp3.internal.http.BridgeInterceptor.intercept(BridgeInterceptor.java:93)
	at okhttp3.internal.http.RealInterceptorChain.proceed(RealInterceptorChain.java:147)
	at okhttp3.internal.http.RetryAndFollowUpInterceptor.intercept(RetryAndFollowUpInterceptor.java:126)
	at okhttp3.internal.http.RealInterceptorChain.proceed(RealInterceptorChain.java:147)
	at okhttp3.internal.http.RealInterceptorChain.proceed(RealInterceptorChain.java:121)
	at okhttp3.RealCall.getResponseWithInterceptorChain(RealCall.java:200)
	at okhttp3.RealCall.execute(RealCall.java:77)
	at org.openqa.selenium.remote.internal.OkHttpClient.execute(OkHttpClient.java:103)
	at org.openqa.selenium.remote.ProtocolHandshake.createSession(ProtocolHandshake.java:105)
	at java.base/jdk.internal.reflect.NativeMethodAccessorImpl.invoke0(Native Method)
	at java.base/jdk.internal.reflect.NativeMethodAccessorImpl.invoke(NativeMethodAccessorImpl.java:77)
	at java.base/jdk.internal.reflect.DelegatingMethodAccessorImpl.invoke(DelegatingMethodAccessorImpl.java:43)
	at io.appium.java_client.remote.AppiumCommandExecutor$1.createSession(AppiumCommandExecutor.java:186)
	at io.appium.java_client.remote.AppiumCommandExecutor.createSession(AppiumCommandExecutor.java:217)
	at io.appium.java_client.remote.AppiumCommandExecutor.execute(AppiumCommandExecutor.java:239)
	... 40 more]]></system-err>
   </testsuite>
</testsuites>
