<?xml version="1.0" encoding="UTF-8"?>
<testsuites name="thang1" time="147.964" tests="5" failures="0" errors="0">
   <testsuite name="thang1" tests="5" failures="0" errors="0" time="147.964" skipped="0" timestamp="02-07-2024T23:07:31" hostname="tuanh - huybt2" id="Test Suites/thang/thang1">
      <properties>
         <property name="deviceName" value=""/>
         <property name="devicePlatform" value=""/>
         <property name="logFolder" value="C:\\Users\\tuanh\\git\\kata-oma\\Reports\\20240702_230631\\thang\\thang1\\20240702_230631"/>
         <property name="logFiles" value="C:\\Users\\tuanh\\git\\kata-oma\\Reports\\20240702_230631\\thang\\thang1\\20240702_230631\\execution0.log"/>
         <property name="attachments" value=""/>
         <property name="hostName" value="tuanh - huybt2"/>
         <property name="os" value="Windows 11 64bit"/>
         <property name="katalonVersion" value="9.4.0.212"/>
         <property name="browser" value="Chrome 126.0.0.0"/>
         <property name="hostAddress" value="192.168.1.13"/>
         <property name="sessionId" value="e40fa4999bbc1e7d2276eed828c1cb8d"/>
         <property name="seleniumVersion" value="3.141.59"/>
         <property name="proxyInformation" value="ProxyInformation { proxyOption=NO_PROXY, proxyServerType=HTTP, username=, password=********, proxyServerAddress=, proxyServerPort=0, executionList=&quot;&quot;, isApplyToDesiredCapabilities=true }"/>
         <property name="platform" value="Windows 11"/>
      </properties>
      <testcase name="Test Cases/thang/New Test Case (8)" time="52.291" classname="Test Cases/thang/New Test Case (8)" status="PASSED">
         <system-out><![CDATA[02-07-2024T23:07:35 - [TEST_CASE][PASSED] - Test Cases/thang/New Test Case (8): Test Cases/thang/New Test Case (8)

02-07-2024T23:07:40 - [TEST_STEP][PASSED] - openBrowser(""): Browser is opened with url: ''

02-07-2024T23:07:45 - [MESSAGE][INFO] - Starting 'Chrome' driver

02-07-2024T23:07:46 - [MESSAGE][INFO] - Action delay is set to 0 milliseconds

02-07-2024T23:08:00 - [MESSAGE][PASSED] - Browser is opened with url: ''

02-07-2024T23:08:00 - [TEST_STEP][PASSED] - navigateToUrl("https://demowebshop.tricentis.com/fiction"): Navigate to 'https://demowebshop.tricentis.com/fiction' successfully

02-07-2024T23:08:08 - [MESSAGE][PASSED] - Navigate to 'https://demowebshop.tricentis.com/fiction' successfully

02-07-2024T23:08:08 - [TEST_STEP][PASSED] - setText(findTestObject("ac/New Test Object (1)"), "a"): Text 'a' is set on object 'Object Repository/ac/New Test Object (1)'

02-07-2024T23:08:14 - [MESSAGE][PASSED] - Text 'a' is set on object 'Object Repository/ac/New Test Object (1)'

02-07-2024T23:08:14 - [TEST_STEP][PASSED] - closeBrowser(): Browser is closed

02-07-2024T23:08:27 - [MESSAGE][PASSED] - Browser is closed]]></system-out>
         <system-err><![CDATA[]]></system-err>
      </testcase>
      <testcase name="Test Cases/thang/New Test Case (8)" time="34.199" classname="Test Cases/thang/New Test Case (8)" status="PASSED">
         <system-out><![CDATA[02-07-2024T23:08:27 - [TEST_CASE][PASSED] - Test Cases/thang/New Test Case (8): Test Cases/thang/New Test Case (8)

02-07-2024T23:08:27 - [TEST_STEP][PASSED] - openBrowser(""): Browser is opened with url: ''

02-07-2024T23:08:27 - [MESSAGE][INFO] - Starting 'Chrome' driver

02-07-2024T23:08:27 - [MESSAGE][INFO] - Action delay is set to 0 milliseconds

02-07-2024T23:08:31 - [MESSAGE][PASSED] - Browser is opened with url: ''

02-07-2024T23:08:31 - [TEST_STEP][PASSED] - navigateToUrl("https://demowebshop.tricentis.com/fiction"): Navigate to 'https://demowebshop.tricentis.com/fiction' successfully

02-07-2024T23:08:38 - [MESSAGE][PASSED] - Navigate to 'https://demowebshop.tricentis.com/fiction' successfully

02-07-2024T23:08:38 - [TEST_STEP][PASSED] - setText(findTestObject("ac/New Test Object (1)"), "a"): Text 'a' is set on object 'Object Repository/ac/New Test Object (1)'

02-07-2024T23:08:39 - [MESSAGE][PASSED] - Text 'a' is set on object 'Object Repository/ac/New Test Object (1)'

02-07-2024T23:08:39 - [TEST_STEP][PASSED] - closeBrowser(): Browser is closed

02-07-2024T23:09:01 - [MESSAGE][PASSED] - Browser is closed]]></system-out>
         <system-err><![CDATA[]]></system-err>
      </testcase>
      <testcase name="Test Cases/thang/New Test Case (8)" time="24.114" classname="Test Cases/thang/New Test Case (8)" status="PASSED">
         <system-out><![CDATA[02-07-2024T23:09:01 - [TEST_CASE][PASSED] - Test Cases/thang/New Test Case (8): Test Cases/thang/New Test Case (8)

02-07-2024T23:09:02 - [TEST_STEP][PASSED] - openBrowser(""): Browser is opened with url: ''

02-07-2024T23:09:02 - [MESSAGE][INFO] - Starting 'Chrome' driver

02-07-2024T23:09:02 - [MESSAGE][INFO] - Action delay is set to 0 milliseconds

02-07-2024T23:09:05 - [MESSAGE][PASSED] - Browser is opened with url: ''

02-07-2024T23:09:05 - [TEST_STEP][PASSED] - navigateToUrl("https://demowebshop.tricentis.com/fiction"): Navigate to 'https://demowebshop.tricentis.com/fiction' successfully

02-07-2024T23:09:12 - [MESSAGE][PASSED] - Navigate to 'https://demowebshop.tricentis.com/fiction' successfully

02-07-2024T23:09:12 - [TEST_STEP][PASSED] - setText(findTestObject("ac/New Test Object (1)"), "a"): Text 'a' is set on object 'Object Repository/ac/New Test Object (1)'

02-07-2024T23:09:14 - [MESSAGE][PASSED] - Text 'a' is set on object 'Object Repository/ac/New Test Object (1)'

02-07-2024T23:09:14 - [TEST_STEP][PASSED] - closeBrowser(): Browser is closed

02-07-2024T23:09:25 - [MESSAGE][PASSED] - Browser is closed]]></system-out>
         <system-err><![CDATA[]]></system-err>
      </testcase>
      <testcase name="Test Cases/thang/New Test Case (8)" time="13.192" classname="Test Cases/thang/New Test Case (8)" status="PASSED">
         <system-out><![CDATA[02-07-2024T23:09:26 - [TEST_CASE][PASSED] - Test Cases/thang/New Test Case (8): Test Cases/thang/New Test Case (8)

02-07-2024T23:09:26 - [TEST_STEP][PASSED] - openBrowser(""): Browser is opened with url: ''

02-07-2024T23:09:26 - [MESSAGE][INFO] - Starting 'Chrome' driver

02-07-2024T23:09:26 - [MESSAGE][INFO] - Action delay is set to 0 milliseconds

02-07-2024T23:09:29 - [MESSAGE][PASSED] - Browser is opened with url: ''

02-07-2024T23:09:29 - [TEST_STEP][PASSED] - navigateToUrl("https://demowebshop.tricentis.com/fiction"): Navigate to 'https://demowebshop.tricentis.com/fiction' successfully

02-07-2024T23:09:34 - [MESSAGE][PASSED] - Navigate to 'https://demowebshop.tricentis.com/fiction' successfully

02-07-2024T23:09:34 - [TEST_STEP][PASSED] - setText(findTestObject("ac/New Test Object (1)"), "a"): Text 'a' is set on object 'Object Repository/ac/New Test Object (1)'

02-07-2024T23:09:35 - [MESSAGE][PASSED] - Text 'a' is set on object 'Object Repository/ac/New Test Object (1)'

02-07-2024T23:09:35 - [TEST_STEP][PASSED] - closeBrowser(): Browser is closed

02-07-2024T23:09:39 - [MESSAGE][PASSED] - Browser is closed]]></system-out>
         <system-err><![CDATA[]]></system-err>
      </testcase>
      <testcase name="Test Cases/thang/New Test Case (8)" time="20.453" classname="Test Cases/thang/New Test Case (8)" status="PASSED">
         <system-out><![CDATA[02-07-2024T23:09:39 - [TEST_CASE][PASSED] - Test Cases/thang/New Test Case (8): Test Cases/thang/New Test Case (8)

02-07-2024T23:09:39 - [TEST_STEP][PASSED] - openBrowser(""): Browser is opened with url: ''

02-07-2024T23:09:39 - [MESSAGE][INFO] - Starting 'Chrome' driver

02-07-2024T23:09:39 - [MESSAGE][INFO] - Action delay is set to 0 milliseconds

02-07-2024T23:09:42 - [MESSAGE][PASSED] - Browser is opened with url: ''

02-07-2024T23:09:42 - [TEST_STEP][PASSED] - navigateToUrl("https://demowebshop.tricentis.com/fiction"): Navigate to 'https://demowebshop.tricentis.com/fiction' successfully

02-07-2024T23:09:49 - [MESSAGE][PASSED] - Navigate to 'https://demowebshop.tricentis.com/fiction' successfully

02-07-2024T23:09:49 - [TEST_STEP][PASSED] - setText(findTestObject("ac/New Test Object (1)"), "a"): Text 'a' is set on object 'Object Repository/ac/New Test Object (1)'

02-07-2024T23:09:53 - [MESSAGE][PASSED] - Text 'a' is set on object 'Object Repository/ac/New Test Object (1)'

02-07-2024T23:09:53 - [TEST_STEP][PASSED] - closeBrowser(): Browser is closed

02-07-2024T23:09:59 - [MESSAGE][PASSED] - Browser is closed]]></system-out>
         <system-err><![CDATA[]]></system-err>
      </testcase>
      <system-out><![CDATA[02-07-2024T23:07:31 - [TEST_SUITE][PASSED] - thang1: Test Cases/thang/New Test Case (8)]]></system-out>
      <system-err><![CDATA[]]></system-err>
   </testsuite>
</testsuites>
