<?xml version="1.0" encoding="UTF-8"?>
<testsuites name="New Test Suite (1)" time="42.525" tests="1" failures="0" errors="0">
   <testsuite name="New Test Suite (1)" tests="1" failures="0" errors="0" time="42.525" skipped="0" timestamp="03-07-2024T23:53:32" hostname="tuanh - huybt2" id="Test Suites/thang/New Folder/New Test Suite (1)">
      <properties>
         <property name="deviceName" value=""/>
         <property name="devicePlatform" value=""/>
         <property name="logFolder" value="C:\\Users\\tuanh\\git\\kata-oma\\Reports\\20240703_235231\\thang\\New Folder\\New Test Suite (1)\\20240703_235231"/>
         <property name="logFiles" value="C:\\Users\\tuanh\\git\\kata-oma\\Reports\\20240703_235231\\thang\\New Folder\\New Test Suite (1)\\20240703_235231\\execution0.log"/>
         <property name="attachments" value=""/>
         <property name="hostName" value="tuanh - huybt2"/>
         <property name="os" value="Windows 11 64bit"/>
         <property name="katalonVersion" value="9.4.0.212"/>
         <property name="browser" value=""/>
         <property name="hostAddress" value="192.168.1.13"/>
         <property name="sessionId" value="e6875d901deae28d12fc158cd2a14eb1"/>
         <property name="seleniumVersion" value="3.141.59"/>
         <property name="proxyInformation" value="ProxyInformation { proxyOption=NO_PROXY, proxyServerType=HTTP, username=, password=********, proxyServerAddress=, proxyServerPort=0, executionList=&quot;&quot;, isApplyToDesiredCapabilities=true }"/>
         <property name="platform" value="Windows 11"/>
      </properties>
      <testcase name="Test Cases/abcs/New Test Case" time="37.818" classname="Test Cases/abcs/New Test Case" status="PASSED">
         <system-out><![CDATA[03-07-2024T23:53:37 - [TEST_CASE][PASSED] - Test Cases/abcs/New Test Case: Test Cases/abcs/New Test Case

03-07-2024T23:53:42 - [TEST_STEP][PASSED] - openBrowser(""): Browser is opened with url: ''

03-07-2024T23:53:44 - [MESSAGE][INFO] - Starting 'Chrome' driver

03-07-2024T23:53:45 - [MESSAGE][INFO] - Action delay is set to 0 milliseconds

03-07-2024T23:54:05 - [MESSAGE][PASSED] - Browser is opened with url: ''

03-07-2024T23:54:05 - [TEST_STEP][PASSED] - navigateToUrl("https://demowebshop.tricentis.com/fiction"): Navigate to 'https://demowebshop.tricentis.com/fiction' successfully

03-07-2024T23:54:10 - [MESSAGE][PASSED] - Navigate to 'https://demowebshop.tricentis.com/fiction' successfully

03-07-2024T23:54:10 - [TEST_STEP][PASSED] - setText(findTestObject("ac/New Test Object (1)"), "a"): Text 'a' is set on object 'Object Repository/ac/New Test Object (1)'

03-07-2024T23:54:12 - [MESSAGE][PASSED] - Text 'a' is set on object 'Object Repository/ac/New Test Object (1)'

03-07-2024T23:54:12 - [TEST_STEP][PASSED] - closeBrowser(): Browser is closed

03-07-2024T23:54:14 - [MESSAGE][PASSED] - Browser is closed]]></system-out>
         <system-err><![CDATA[]]></system-err>
      </testcase>
      <system-out><![CDATA[03-07-2024T23:53:32 - [TEST_SUITE][PASSED] - New Test Suite (1): Test Cases/abcs/New Test Case]]></system-out>
      <system-err><![CDATA[]]></system-err>
   </testsuite>
</testsuites>
