<?xml version="1.0" encoding="UTF-8"?>
<testsuites name="checkpoint" time="274.417" tests="1" failures="0" errors="0">
   <testsuite name="checkpoint" tests="1" failures="0" errors="0" time="274.417" skipped="0" timestamp="28-05-2024T22:56:07" hostname="tuanh - huybt2" id="Test Suites/checkpoint">
      <properties>
         <property name="deviceName" value=""/>
         <property name="devicePlatform" value=""/>
         <property name="logFolder" value="C:\\Users\\tuanh\\git\\kata-oma\\Reports\\20240528_225525\\checkpoint\\20240528_225527"/>
         <property name="logFiles" value="C:\\Users\\tuanh\\git\\kata-oma\\Reports\\20240528_225525\\checkpoint\\20240528_225527\\execution0.log"/>
         <property name="attachments" value="keyes\keyes-current_viewport 1.png, keyes\keyes-current_viewport 2.png, keyes\keyes-current_viewport 3.png, keyes\keyes-current_viewport 4.png, keyes\keyes-current_viewport 5.png, keyes\keyes-current_viewport 6.png, keyes\keyes-current_viewport 7.png, keyes\keyes-current_viewport 8.png, keyes\keyes-current_viewport9.png, keyes\keyes-current_viewport 10.png, keyes\keyes-current_viewport11.png, keyes\keyes-current_viewport12.png, keyes\keyes-current_viewport13.png, keyes\keyes-current_viewport14.png, keyes\keyes-current_viewport15.png, keyes\keyes-current_viewport16.png, keyes\keyes-current_viewport17.png, keyes\keyes-current_viewport16.png"/>
         <property name="hostName" value="tuanh - huybt2"/>
         <property name="os" value="Windows 11 64bit"/>
         <property name="katalonVersion" value="9.4.0.212"/>
         <property name="browser" value="Chrome 125.0.0.0"/>
         <property name="hostAddress" value="192.168.1.8"/>
         <property name="sessionId" value="04a49c9266cae31d592e5920961b582f"/>
         <property name="seleniumVersion" value="3.141.59"/>
         <property name="proxyInformation" value="ProxyInformation { proxyOption=NO_PROXY, proxyServerType=HTTP, username=, password=********, proxyServerAddress=, proxyServerPort=0, executionList=&quot;&quot;, isApplyToDesiredCapabilities=true }"/>
         <property name="platform" value="Windows 11"/>
      </properties>
      <testcase name="Test Cases/ac/checkpoint 2" time="272.648" classname="Test Cases/ac/checkpoint 2" status="PASSED">
         <system-out><![CDATA[28-05-2024T22:56:09 - [TEST_CASE][PASSED] - Test Cases/ac/checkpoint 2: Test Cases/ac/checkpoint 2

28-05-2024T22:56:13 - [TEST_STEP][PASSED] - openBrowser(""): Browser is opened with url: ''

28-05-2024T22:56:15 - [MESSAGE][INFO] - Starting 'Chrome' driver

28-05-2024T22:56:16 - [MESSAGE][INFO] - Action delay is set to 0 milliseconds

28-05-2024T22:56:37 - [MESSAGE][PASSED] - Browser is opened with url: ''

28-05-2024T22:56:37 - [TEST_STEP][PASSED] - navigateToUrl("https://academy.katalon.com/"): Navigate to 'https://academy.katalon.com/' successfully

28-05-2024T22:58:00 - [MESSAGE][PASSED] - Navigate to 'https://academy.katalon.com/' successfully

28-05-2024T22:58:00 - [TEST_STEP][PASSED] - takeScreenshotAsCheckpoint("current_viewport 1"): Taking screenshot successfully

28-05-2024T22:58:04 - [MESSAGE][INFO] - 0 hidden object(s)

28-05-2024T22:58:05 - [MESSAGE][PASSED] - Taking screenshot successfully
[[ATTACHMENT|keyes\keyes-current_viewport 1.png]]

28-05-2024T22:58:05 - [TEST_STEP][PASSED] - takeScreenshotAsCheckpoint("current_viewport 2 "): Taking screenshot successfully

28-05-2024T22:58:09 - [MESSAGE][INFO] - 0 hidden object(s)

28-05-2024T22:58:09 - [MESSAGE][PASSED] - Taking screenshot successfully
[[ATTACHMENT|keyes\keyes-current_viewport 2.png]]

28-05-2024T22:58:09 - [TEST_STEP][PASSED] - takeScreenshotAsCheckpoint("current_viewport 3"): Taking screenshot successfully

28-05-2024T22:58:18 - [MESSAGE][INFO] - 0 hidden object(s)

28-05-2024T22:58:19 - [MESSAGE][PASSED] - Taking screenshot successfully
[[ATTACHMENT|keyes\keyes-current_viewport 3.png]]

28-05-2024T22:58:19 - [TEST_STEP][PASSED] - takeScreenshotAsCheckpoint("current_viewport 4"): Taking screenshot successfully

28-05-2024T22:58:32 - [MESSAGE][INFO] - 0 hidden object(s)

28-05-2024T22:58:33 - [MESSAGE][PASSED] - Taking screenshot successfully
[[ATTACHMENT|keyes\keyes-current_viewport 4.png]]

28-05-2024T22:58:33 - [TEST_STEP][PASSED] - takeScreenshotAsCheckpoint("current_viewport 5"): Taking screenshot successfully

28-05-2024T22:58:36 - [MESSAGE][INFO] - 0 hidden object(s)

28-05-2024T22:58:37 - [MESSAGE][PASSED] - Taking screenshot successfully
[[ATTACHMENT|keyes\keyes-current_viewport 5.png]]

28-05-2024T22:58:37 - [TEST_STEP][PASSED] - takeScreenshotAsCheckpoint("current_viewport 6"): Taking screenshot successfully

28-05-2024T22:58:41 - [MESSAGE][INFO] - 0 hidden object(s)

28-05-2024T22:58:41 - [MESSAGE][PASSED] - Taking screenshot successfully
[[ATTACHMENT|keyes\keyes-current_viewport 6.png]]

28-05-2024T22:58:41 - [TEST_STEP][PASSED] - takeScreenshotAsCheckpoint("current_viewport 7"): Taking screenshot successfully

28-05-2024T22:58:45 - [MESSAGE][INFO] - 0 hidden object(s)

28-05-2024T22:58:45 - [MESSAGE][PASSED] - Taking screenshot successfully
[[ATTACHMENT|keyes\keyes-current_viewport 7.png]]

28-05-2024T22:58:45 - [TEST_STEP][PASSED] - takeScreenshotAsCheckpoint("current_viewport 8 "): Taking screenshot successfully

28-05-2024T22:58:48 - [MESSAGE][INFO] - 0 hidden object(s)

28-05-2024T22:58:50 - [MESSAGE][PASSED] - Taking screenshot successfully
[[ATTACHMENT|keyes\keyes-current_viewport 8.png]]

28-05-2024T22:58:50 - [TEST_STEP][PASSED] - takeScreenshotAsCheckpoint("current_viewport9"): Taking screenshot successfully

28-05-2024T22:58:52 - [MESSAGE][INFO] - 0 hidden object(s)

28-05-2024T22:58:52 - [MESSAGE][PASSED] - Taking screenshot successfully
[[ATTACHMENT|keyes\keyes-current_viewport9.png]]

28-05-2024T22:58:52 - [TEST_STEP][PASSED] - takeScreenshotAsCheckpoint("current_viewport 10"): Taking screenshot successfully

28-05-2024T22:58:55 - [MESSAGE][INFO] - 0 hidden object(s)

28-05-2024T22:58:56 - [MESSAGE][PASSED] - Taking screenshot successfully
[[ATTACHMENT|keyes\keyes-current_viewport 10.png]]

28-05-2024T22:58:56 - [TEST_STEP][PASSED] - takeScreenshotAsCheckpoint("current_viewport11"): Taking screenshot successfully

28-05-2024T22:58:58 - [MESSAGE][INFO] - 0 hidden object(s)

28-05-2024T22:58:59 - [MESSAGE][PASSED] - Taking screenshot successfully
[[ATTACHMENT|keyes\keyes-current_viewport11.png]]

28-05-2024T22:58:59 - [TEST_STEP][PASSED] - takeScreenshotAsCheckpoint("current_viewport12"): Taking screenshot successfully

28-05-2024T22:59:03 - [MESSAGE][INFO] - 0 hidden object(s)

28-05-2024T22:59:04 - [MESSAGE][PASSED] - Taking screenshot successfully
[[ATTACHMENT|keyes\keyes-current_viewport12.png]]

28-05-2024T22:59:04 - [TEST_STEP][PASSED] - takeScreenshotAsCheckpoint("current_viewport13"): Taking screenshot successfully

28-05-2024T22:59:08 - [MESSAGE][INFO] - 0 hidden object(s)

28-05-2024T22:59:08 - [MESSAGE][PASSED] - Taking screenshot successfully
[[ATTACHMENT|keyes\keyes-current_viewport13.png]]

28-05-2024T22:59:08 - [TEST_STEP][PASSED] - takeScreenshotAsCheckpoint("current_viewport14"): Taking screenshot successfully

28-05-2024T22:59:13 - [MESSAGE][INFO] - 0 hidden object(s)

28-05-2024T22:59:14 - [MESSAGE][PASSED] - Taking screenshot successfully
[[ATTACHMENT|keyes\keyes-current_viewport14.png]]

28-05-2024T22:59:14 - [TEST_STEP][PASSED] - takeScreenshotAsCheckpoint("current_viewport15"): Taking screenshot successfully

28-05-2024T22:59:18 - [MESSAGE][INFO] - 0 hidden object(s)

28-05-2024T22:59:19 - [MESSAGE][PASSED] - Taking screenshot successfully
[[ATTACHMENT|keyes\keyes-current_viewport15.png]]

28-05-2024T22:59:19 - [TEST_STEP][PASSED] - takeScreenshotAsCheckpoint("current_viewport16"): Taking screenshot successfully

28-05-2024T22:59:25 - [MESSAGE][INFO] - 0 hidden object(s)

28-05-2024T22:59:26 - [MESSAGE][PASSED] - Taking screenshot successfully
[[ATTACHMENT|keyes\keyes-current_viewport16.png]]

28-05-2024T22:59:26 - [TEST_STEP][PASSED] - takeScreenshotAsCheckpoint("current_viewport17"): Taking screenshot successfully

28-05-2024T22:59:30 - [MESSAGE][INFO] - 0 hidden object(s)

28-05-2024T22:59:31 - [MESSAGE][PASSED] - Taking screenshot successfully
[[ATTACHMENT|keyes\keyes-current_viewport17.png]]

28-05-2024T22:59:31 - [TEST_STEP][PASSED] - takeScreenshotAsCheckpoint("current_viewport16"): Taking screenshot successfully

28-05-2024T22:59:37 - [MESSAGE][INFO] - 0 hidden object(s)

28-05-2024T22:59:39 - [MESSAGE][PASSED] - Taking screenshot successfully
[[ATTACHMENT|keyes\keyes-current_viewport16.png]]

28-05-2024T22:59:39 - [TEST_STEP][PASSED] - closeBrowser(): Browser is closed

28-05-2024T23:00:41 - [MESSAGE][PASSED] - Browser is closed]]></system-out>
         <system-err><![CDATA[]]></system-err>
      </testcase>
      <system-out><![CDATA[28-05-2024T22:56:07 - [TEST_SUITE][PASSED] - checkpoint: Test Cases/ac/checkpoint 2]]></system-out>
      <system-err><![CDATA[]]></system-err>
   </testsuite>
</testsuites>
