<?xml version="1.0" encoding="UTF-8"?>
<testsuites name="api" time="5.306" tests="1" failures="0" errors="0">
   <testsuite name="api" tests="1" failures="0" errors="0" time="5.306" skipped="0" timestamp="21-05-2024T23:40:56" hostname="tuanh - huybt2" id="Test Suites/api">
      <properties>
         <property name="deviceName" value=""/>
         <property name="devicePlatform" value=""/>
         <property name="logFolder" value="C:\\Users\\tuanh\\git\\kata-oma\\Reports\\20240521_234045\\api\\20240521_234046"/>
         <property name="logFiles" value="C:\\Users\\tuanh\\git\\kata-oma\\Reports\\20240521_234045\\api\\20240521_234046\\execution0.log"/>
         <property name="attachments" value=""/>
         <property name="hostName" value="tuanh - huybt2"/>
         <property name="hostAddress" value="192.168.1.10"/>
         <property name="os" value="Windows 11 64bit"/>
         <property name="katalonVersion" value="9.4.0.212"/>
      </properties>
      <testcase name="Test Cases/ac/New Test Case" time="4.625" classname="Test Cases/ac/New Test Case" status="PASSED">
         <system-out><![CDATA[21-05-2024T23:40:56 - [TEST_CASE][PASSED] - Test Cases/ac/New Test Case: Test Cases/ac/New Test Case

21-05-2024T23:40:57 - [TEST_STEP][PASSED] - sendRequest(findTestObject("ac/New Request")): Send request successfully

21-05-2024T23:41:01 - [MESSAGE][INFO] - HAR: C:\Users\tuanh\git\kata-oma\Reports\20240521_234045\api\20240521_234046\requests\main\0.har

21-05-2024T23:41:01 - [MESSAGE][PASSED] - Send request successfully]]></system-out>
         <system-err><![CDATA[]]></system-err>
      </testcase>
      <system-out><![CDATA[21-05-2024T23:40:56 - [TEST_SUITE][PASSED] - api: Test Cases/ac/New Test Case]]></system-out>
      <system-err><![CDATA[]]></system-err>
   </testsuite>
</testsuites>
