<?xml version="1.0" encoding="UTF-8"?>
<testsuites name="aaaaa" time="20.813" tests="1" failures="0" errors="0">
   <testsuite name="aaaaa" tests="1" failures="0" errors="0" time="20.813" skipped="0" timestamp="26-05-2024T00:14:24" hostname="tuanh - huybt2" id="Test Suites/aaaaa">
      <properties>
         <property name="deviceName" value=""/>
         <property name="devicePlatform" value=""/>
         <property name="logFolder" value="C:\\Users\\tuanh\\git\\kata-oma\\Reports\\20240526_001354\\aaaaa\\20240526_001358"/>
         <property name="logFiles" value="C:\\Users\\tuanh\\git\\kata-oma\\Reports\\20240526_001354\\aaaaa\\20240526_001358\\execution0.log"/>
         <property name="attachments" value=""/>
         <property name="hostName" value="tuanh - huybt2"/>
         <property name="os" value="Windows 11 64bit"/>
         <property name="katalonVersion" value="9.4.0.212"/>
         <property name="browser" value="Chrome 125.0.0.0"/>
         <property name="hostAddress" value="192.168.1.6"/>
         <property name="sessionId" value="4fe189728784d1a27a61ad98da40db1b"/>
         <property name="seleniumVersion" value="3.141.59"/>
         <property name="proxyInformation" value="ProxyInformation { proxyOption=NO_PROXY, proxyServerType=HTTP, username=, password=********, proxyServerAddress=, proxyServerPort=0, executionList=&quot;&quot;, isApplyToDesiredCapabilities=true }"/>
         <property name="platform" value="Windows 11"/>
      </properties>
      <testcase name="Test Cases/tets1" time="19.821" classname="Test Cases/tets1" status="PASSED">
         <system-out><![CDATA[26-05-2024T00:14:25 - [TEST_CASE][PASSED] - Test Cases/tets1: Test Cases/tets1

26-05-2024T00:14:26 - [TEST_STEP][PASSED] - openBrowser(""): Browser is opened with url: ''

26-05-2024T00:14:27 - [MESSAGE][INFO] - Starting 'Chrome' driver

26-05-2024T00:14:28 - [MESSAGE][INFO] - Action delay is set to 0 milliseconds

26-05-2024T00:14:34 - [MESSAGE][PASSED] - Browser is opened with url: ''

26-05-2024T00:14:34 - [TEST_STEP][PASSED] - closeBrowser(): Browser is closed

26-05-2024T00:14:45 - [MESSAGE][PASSED] - Browser is closed]]></system-out>
         <system-err><![CDATA[]]></system-err>
      </testcase>
      <system-out><![CDATA[26-05-2024T00:14:24 - [TEST_SUITE][PASSED] - aaaaa: Test Cases/tets1]]></system-out>
      <system-err><![CDATA[]]></system-err>
   </testsuite>
</testsuites>
