<?xml version="1.0" encoding="UTF-8"?>
<testsuites name="a" time="119.154" tests="6" failures="0" errors="0">
   <testsuite name="a" tests="6" failures="0" errors="0" time="119.154" skipped="0" timestamp="04-07-2024T12:35:41" hostname="tuanh - huybt2" id="Test Suites/thang/a">
      <properties>
         <property name="deviceName" value=""/>
         <property name="devicePlatform" value=""/>
         <property name="logFolder" value="C:\\Users\\tuanh\\git\\kata-oma\\Reports\\20240704_123450\\thang\\a\\20240704_123450"/>
         <property name="logFiles" value="C:\\Users\\tuanh\\git\\kata-oma\\Reports\\20240704_123450\\thang\\a\\20240704_123450\\execution0.log"/>
         <property name="attachments" value=""/>
         <property name="hostName" value="tuanh - huybt2"/>
         <property name="os" value="Windows 11 64bit"/>
         <property name="katalonVersion" value="9.4.0.212"/>
         <property name="browser" value="Chrome 126.0.0.0"/>
         <property name="hostAddress" value="172.20.10.2"/>
         <property name="sessionId" value="f3b3ac2f6b393e928ba136062d06cfa1"/>
         <property name="seleniumVersion" value="3.141.59"/>
         <property name="proxyInformation" value="ProxyInformation { proxyOption=NO_PROXY, proxyServerType=HTTP, username=, password=********, proxyServerAddress=, proxyServerPort=0, executionList=&quot;&quot;, isApplyToDesiredCapabilities=true }"/>
         <property name="platform" value="Windows 11"/>
      </properties>
      <testcase name="Test Cases/aa/New Test Case" time="42.727" classname="Test Cases/aa/New Test Case" status="PASSED">
         <system-out><![CDATA[04-07-2024T12:35:45 - [TEST_CASE][PASSED] - Test Cases/aa/New Test Case: Test Cases/aa/New Test Case

04-07-2024T12:35:48 - [TEST_STEP][PASSED] - openBrowser(""): Browser is opened with url: ''

04-07-2024T12:35:51 - [MESSAGE][INFO] - Starting 'Chrome' driver

04-07-2024T12:35:51 - [MESSAGE][INFO] - Action delay is set to 0 milliseconds

04-07-2024T12:36:05 - [MESSAGE][PASSED] - Browser is opened with url: ''

04-07-2024T12:36:05 - [TEST_STEP][PASSED] - navigateToUrl("https://demowebshop.tricentis.com/fiction"): Navigate to 'https://demowebshop.tricentis.com/fiction' successfully

04-07-2024T12:36:08 - [MESSAGE][PASSED] - Navigate to 'https://demowebshop.tricentis.com/fiction' successfully

04-07-2024T12:36:08 - [TEST_STEP][PASSED] - setText(findTestObject("ac/New Test Object (1)"), "a"): Text 'a' is set on object 'Object Repository/ac/New Test Object (1)'

04-07-2024T12:36:14 - [MESSAGE][PASSED] - Text 'a' is set on object 'Object Repository/ac/New Test Object (1)'

04-07-2024T12:36:14 - [TEST_STEP][PASSED] - closeBrowser(): Browser is closed

04-07-2024T12:36:28 - [MESSAGE][PASSED] - Browser is closed]]></system-out>
         <system-err><![CDATA[]]></system-err>
      </testcase>
      <testcase name="Test Cases/aa/New Test Case" time="14.048" classname="Test Cases/aa/New Test Case" status="PASSED">
         <system-out><![CDATA[04-07-2024T12:36:28 - [TEST_CASE][PASSED] - Test Cases/aa/New Test Case: Test Cases/aa/New Test Case

04-07-2024T12:36:29 - [TEST_STEP][PASSED] - openBrowser(""): Browser is opened with url: ''

04-07-2024T12:36:29 - [MESSAGE][INFO] - Starting 'Chrome' driver

04-07-2024T12:36:29 - [MESSAGE][INFO] - Action delay is set to 0 milliseconds

04-07-2024T12:36:33 - [MESSAGE][PASSED] - Browser is opened with url: ''

04-07-2024T12:36:33 - [TEST_STEP][PASSED] - navigateToUrl("https://demowebshop.tricentis.com/fiction"): Navigate to 'https://demowebshop.tricentis.com/fiction' successfully

04-07-2024T12:36:38 - [MESSAGE][PASSED] - Navigate to 'https://demowebshop.tricentis.com/fiction' successfully

04-07-2024T12:36:38 - [TEST_STEP][PASSED] - setText(findTestObject("ac/New Test Object (1)"), "a"): Text 'a' is set on object 'Object Repository/ac/New Test Object (1)'

04-07-2024T12:36:39 - [MESSAGE][PASSED] - Text 'a' is set on object 'Object Repository/ac/New Test Object (1)'

04-07-2024T12:36:39 - [TEST_STEP][PASSED] - closeBrowser(): Browser is closed

04-07-2024T12:36:42 - [MESSAGE][PASSED] - Browser is closed]]></system-out>
         <system-err><![CDATA[]]></system-err>
      </testcase>
      <testcase name="Test Cases/aa/New Test Case" time="17.021" classname="Test Cases/aa/New Test Case" status="PASSED">
         <system-out><![CDATA[04-07-2024T12:36:42 - [TEST_CASE][PASSED] - Test Cases/aa/New Test Case: Test Cases/aa/New Test Case

04-07-2024T12:36:43 - [TEST_STEP][PASSED] - openBrowser(""): Browser is opened with url: ''

04-07-2024T12:36:43 - [MESSAGE][INFO] - Starting 'Chrome' driver

04-07-2024T12:36:43 - [MESSAGE][INFO] - Action delay is set to 0 milliseconds

04-07-2024T12:36:46 - [MESSAGE][PASSED] - Browser is opened with url: ''

04-07-2024T12:36:46 - [TEST_STEP][PASSED] - navigateToUrl("https://demowebshop.tricentis.com/fiction"): Navigate to 'https://demowebshop.tricentis.com/fiction' successfully

04-07-2024T12:36:53 - [MESSAGE][PASSED] - Navigate to 'https://demowebshop.tricentis.com/fiction' successfully

04-07-2024T12:36:53 - [TEST_STEP][PASSED] - setText(findTestObject("ac/New Test Object (1)"), "a"): Text 'a' is set on object 'Object Repository/ac/New Test Object (1)'

04-07-2024T12:36:54 - [MESSAGE][PASSED] - Text 'a' is set on object 'Object Repository/ac/New Test Object (1)'

04-07-2024T12:36:54 - [TEST_STEP][PASSED] - closeBrowser(): Browser is closed

04-07-2024T12:36:59 - [MESSAGE][PASSED] - Browser is closed]]></system-out>
         <system-err><![CDATA[]]></system-err>
      </testcase>
      <testcase name="Test Cases/aa/New Test Case" time="9.222" classname="Test Cases/aa/New Test Case" status="PASSED">
         <system-out><![CDATA[04-07-2024T12:36:59 - [TEST_CASE][PASSED] - Test Cases/aa/New Test Case: Test Cases/aa/New Test Case

04-07-2024T12:37:00 - [TEST_STEP][PASSED] - openBrowser(""): Browser is opened with url: ''

04-07-2024T12:37:00 - [MESSAGE][INFO] - Starting 'Chrome' driver

04-07-2024T12:37:00 - [MESSAGE][INFO] - Action delay is set to 0 milliseconds

04-07-2024T12:37:02 - [MESSAGE][PASSED] - Browser is opened with url: ''

04-07-2024T12:37:02 - [TEST_STEP][PASSED] - navigateToUrl("https://demowebshop.tricentis.com/fiction"): Navigate to 'https://demowebshop.tricentis.com/fiction' successfully

04-07-2024T12:37:03 - [MESSAGE][PASSED] - Navigate to 'https://demowebshop.tricentis.com/fiction' successfully

04-07-2024T12:37:03 - [TEST_STEP][PASSED] - setText(findTestObject("ac/New Test Object (1)"), "a"): Text 'a' is set on object 'Object Repository/ac/New Test Object (1)'

04-07-2024T12:37:06 - [MESSAGE][PASSED] - Text 'a' is set on object 'Object Repository/ac/New Test Object (1)'

04-07-2024T12:37:06 - [TEST_STEP][PASSED] - closeBrowser(): Browser is closed

04-07-2024T12:37:09 - [MESSAGE][PASSED] - Browser is closed]]></system-out>
         <system-err><![CDATA[]]></system-err>
      </testcase>
      <testcase name="Test Cases/aa/New Test Case" time="14.633" classname="Test Cases/aa/New Test Case" status="PASSED">
         <system-out><![CDATA[04-07-2024T12:37:09 - [TEST_CASE][PASSED] - Test Cases/aa/New Test Case: Test Cases/aa/New Test Case

04-07-2024T12:37:09 - [TEST_STEP][PASSED] - openBrowser(""): Browser is opened with url: ''

04-07-2024T12:37:09 - [MESSAGE][INFO] - Starting 'Chrome' driver

04-07-2024T12:37:09 - [MESSAGE][INFO] - Action delay is set to 0 milliseconds

04-07-2024T12:37:10 - [MESSAGE][PASSED] - Browser is opened with url: ''

04-07-2024T12:37:10 - [TEST_STEP][PASSED] - navigateToUrl("https://demowebshop.tricentis.com/fiction"): Navigate to 'https://demowebshop.tricentis.com/fiction' successfully

04-07-2024T12:37:15 - [MESSAGE][PASSED] - Navigate to 'https://demowebshop.tricentis.com/fiction' successfully

04-07-2024T12:37:15 - [TEST_STEP][PASSED] - setText(findTestObject("ac/New Test Object (1)"), "a"): Text 'a' is set on object 'Object Repository/ac/New Test Object (1)'

04-07-2024T12:37:16 - [MESSAGE][PASSED] - Text 'a' is set on object 'Object Repository/ac/New Test Object (1)'

04-07-2024T12:37:16 - [TEST_STEP][PASSED] - closeBrowser(): Browser is closed

04-07-2024T12:37:23 - [MESSAGE][PASSED] - Browser is closed]]></system-out>
         <system-err><![CDATA[]]></system-err>
      </testcase>
      <testcase name="Test Cases/aa/New Test Case" time="17.315" classname="Test Cases/aa/New Test Case" status="PASSED">
         <system-out><![CDATA[04-07-2024T12:37:23 - [TEST_CASE][PASSED] - Test Cases/aa/New Test Case: Test Cases/aa/New Test Case

04-07-2024T12:37:23 - [TEST_STEP][PASSED] - openBrowser(""): Browser is opened with url: ''

04-07-2024T12:37:23 - [MESSAGE][INFO] - Starting 'Chrome' driver

04-07-2024T12:37:23 - [MESSAGE][INFO] - Action delay is set to 0 milliseconds

04-07-2024T12:37:25 - [MESSAGE][PASSED] - Browser is opened with url: ''

04-07-2024T12:37:25 - [TEST_STEP][PASSED] - navigateToUrl("https://demowebshop.tricentis.com/fiction"): Navigate to 'https://demowebshop.tricentis.com/fiction' successfully

04-07-2024T12:37:30 - [MESSAGE][PASSED] - Navigate to 'https://demowebshop.tricentis.com/fiction' successfully

04-07-2024T12:37:30 - [TEST_STEP][PASSED] - setText(findTestObject("ac/New Test Object (1)"), "a"): Text 'a' is set on object 'Object Repository/ac/New Test Object (1)'

04-07-2024T12:37:33 - [MESSAGE][PASSED] - Text 'a' is set on object 'Object Repository/ac/New Test Object (1)'

04-07-2024T12:37:33 - [TEST_STEP][PASSED] - closeBrowser(): Browser is closed

04-07-2024T12:37:41 - [MESSAGE][PASSED] - Browser is closed]]></system-out>
         <system-err><![CDATA[]]></system-err>
      </testcase>
      <system-out><![CDATA[04-07-2024T12:35:41 - [TEST_SUITE][PASSED] - a: Test Cases/aa/New Test Case]]></system-out>
      <system-err><![CDATA[]]></system-err>
   </testsuite>
</testsuites>
