<?xml version="1.0" encoding="UTF-8"?>
<testsuites name="thang1" time="182.225" tests="1" failures="0" errors="0">
   <testsuite name="thang1" tests="1" failures="0" errors="0" time="182.225" skipped="0" timestamp="02-07-2024T17:57:41" hostname="tuanh - huybt2" id="Test Suites/thang/thang1">
      <properties>
         <property name="deviceName" value=""/>
         <property name="devicePlatform" value=""/>
         <property name="logFolder" value="C:\\Users\\tuanh\\git\\kata-oma\\Reports\\20240702_175429\\thang\\thang1\\20240702_175433"/>
         <property name="logFiles" value="C:\\Users\\tuanh\\git\\kata-oma\\Reports\\20240702_175429\\thang\\thang1\\20240702_175433\\execution0.log"/>
         <property name="attachments" value=""/>
         <property name="hostName" value="tuanh - huybt2"/>
         <property name="os" value="Windows 11 64bit"/>
         <property name="katalonVersion" value="9.4.0.212"/>
         <property name="browser" value="Chrome 126.0.0.0"/>
         <property name="hostAddress" value="192.168.1.13"/>
         <property name="sessionId" value="87a27ec574adc9efd06090cdf65ac74f"/>
         <property name="seleniumVersion" value="3.141.59"/>
         <property name="proxyInformation" value="ProxyInformation { proxyOption=NO_PROXY, proxyServerType=HTTP, username=, password=********, proxyServerAddress=, proxyServerPort=0, executionList=&quot;&quot;, isApplyToDesiredCapabilities=true }"/>
         <property name="platform" value="Windows 11"/>
      </properties>
      <testcase name="Test Cases/New Test Case (1)" time="172.032" classname="Test Cases/New Test Case (1)" status="PASSED">
         <system-out><![CDATA[02-07-2024T17:57:51 - [TEST_CASE][PASSED] - Test Cases/New Test Case (1): Test Cases/New Test Case (1)

02-07-2024T17:58:05 - [TEST_STEP][PASSED] - openBrowser(""): Browser is opened with url: ''

02-07-2024T17:58:32 - [MESSAGE][INFO] - Starting 'Chrome' driver

02-07-2024T17:58:35 - [MESSAGE][INFO] - Action delay is set to 0 milliseconds

02-07-2024T17:59:37 - [MESSAGE][PASSED] - Browser is opened with url: ''

02-07-2024T17:59:37 - [TEST_STEP][PASSED] - closeBrowser(): Browser is closed

02-07-2024T18:00:43 - [MESSAGE][PASSED] - Browser is closed]]></system-out>
         <system-err><![CDATA[]]></system-err>
      </testcase>
      <system-out><![CDATA[02-07-2024T17:57:41 - [TEST_SUITE][PASSED] - thang1: Test Cases/New Test Case (1)]]></system-out>
      <system-err><![CDATA[]]></system-err>
   </testsuite>
</testsuites>
