<?xml version="1.0" encoding="UTF-8"?>
<testsuites name="api" time="4.569" tests="1" failures="0" errors="0">
   <testsuite name="api" tests="1" failures="0" errors="0" time="4.569" skipped="0" timestamp="27-05-2024T23:08:21" hostname="tuanh - huybt2" id="Test Suites/api">
      <properties>
         <property name="deviceName" value=""/>
         <property name="devicePlatform" value=""/>
         <property name="logFolder" value="C:\\Users\\tuanh\\git\\kata-oma\\Reports\\20240527_230808\\api\\20240527_230809"/>
         <property name="logFiles" value="C:\\Users\\tuanh\\git\\kata-oma\\Reports\\20240527_230808\\api\\20240527_230809\\execution0.log"/>
         <property name="attachments" value=""/>
         <property name="hostName" value="tuanh - huybt2"/>
         <property name="hostAddress" value="192.168.1.8"/>
         <property name="os" value="Windows 11 64bit"/>
         <property name="katalonVersion" value="9.4.0.212"/>
      </properties>
      <testcase name="Test Cases/ad" time="4.158" classname="Test Cases/ad" status="PASSED">
         <system-out><![CDATA[27-05-2024T23:08:21 - [TEST_CASE][PASSED] - Test Cases/ad: Test Cases/ad

27-05-2024T23:08:22 - [TEST_STEP][PASSED] - sendRequest(findTestObject("ac/New Request")): Send request successfully

27-05-2024T23:08:25 - [MESSAGE][INFO] - HAR: C:\Users\tuanh\git\kata-oma\Reports\20240527_230808\api\20240527_230809\requests\main\0.har

27-05-2024T23:08:26 - [MESSAGE][PASSED] - Send request successfully]]></system-out>
         <system-err><![CDATA[]]></system-err>
      </testcase>
      <system-out><![CDATA[27-05-2024T23:08:21 - [TEST_SUITE][PASSED] - api: Test Cases/ad]]></system-out>
      <system-err><![CDATA[]]></system-err>
   </testsuite>
</testsuites>
