<?xml version="1.0" encoding="UTF-8"?>
<testsuites name="thang1" time="118.693" tests="5" failures="0" errors="0">
   <testsuite name="thang1" tests="5" failures="0" errors="0" time="118.693" skipped="0" timestamp="02-07-2024T23:07:40" hostname="tuanh - huybt2" id="Test Suites/thang/thang1">
      <properties>
         <property name="deviceName" value=""/>
         <property name="devicePlatform" value=""/>
         <property name="logFolder" value="C:\\Users\\tuanh\\git\\kata-oma\\Reports\\20240702_230642\\thang\\thang1\\20240702_230642"/>
         <property name="logFiles" value="C:\\Users\\tuanh\\git\\kata-oma\\Reports\\20240702_230642\\thang\\thang1\\20240702_230642\\execution0.log"/>
         <property name="attachments" value=""/>
         <property name="hostName" value="tuanh - huybt2"/>
         <property name="os" value="Windows 11 64bit"/>
         <property name="katalonVersion" value="9.4.0.212"/>
         <property name="browser" value="Chrome 126.0.0.0"/>
         <property name="hostAddress" value="192.168.1.13"/>
         <property name="sessionId" value="65310d83ef843553e1c6e76fecb97112"/>
         <property name="seleniumVersion" value="3.141.59"/>
         <property name="proxyInformation" value="ProxyInformation { proxyOption=NO_PROXY, proxyServerType=HTTP, username=, password=********, proxyServerAddress=, proxyServerPort=0, executionList=&quot;&quot;, isApplyToDesiredCapabilities=true }"/>
         <property name="platform" value="Windows 11"/>
      </properties>
      <testcase name="Test Cases/thang/New Test Case (8)" time="37.843" classname="Test Cases/thang/New Test Case (8)" status="PASSED">
         <system-out><![CDATA[02-07-2024T23:07:43 - [TEST_CASE][PASSED] - Test Cases/thang/New Test Case (8): Test Cases/thang/New Test Case (8)

02-07-2024T23:07:46 - [TEST_STEP][PASSED] - openBrowser(""): Browser is opened with url: ''

02-07-2024T23:07:50 - [MESSAGE][INFO] - Starting 'Chrome' driver

02-07-2024T23:07:51 - [MESSAGE][INFO] - Action delay is set to 0 milliseconds

02-07-2024T23:08:04 - [MESSAGE][PASSED] - Browser is opened with url: ''

02-07-2024T23:08:04 - [TEST_STEP][PASSED] - navigateToUrl("https://demowebshop.tricentis.com/fiction"): Navigate to 'https://demowebshop.tricentis.com/fiction' successfully

02-07-2024T23:08:11 - [MESSAGE][PASSED] - Navigate to 'https://demowebshop.tricentis.com/fiction' successfully

02-07-2024T23:08:11 - [TEST_STEP][PASSED] - setText(findTestObject("ac/New Test Object (1)"), "a"): Text 'a' is set on object 'Object Repository/ac/New Test Object (1)'

02-07-2024T23:08:13 - [MESSAGE][PASSED] - Text 'a' is set on object 'Object Repository/ac/New Test Object (1)'

02-07-2024T23:08:13 - [TEST_STEP][PASSED] - closeBrowser(): Browser is closed

02-07-2024T23:08:21 - [MESSAGE][PASSED] - Browser is closed]]></system-out>
         <system-err><![CDATA[]]></system-err>
      </testcase>
      <testcase name="Test Cases/thang/New Test Case (8)" time="19.377" classname="Test Cases/thang/New Test Case (8)" status="PASSED">
         <system-out><![CDATA[02-07-2024T23:08:21 - [TEST_CASE][PASSED] - Test Cases/thang/New Test Case (8): Test Cases/thang/New Test Case (8)

02-07-2024T23:08:21 - [TEST_STEP][PASSED] - openBrowser(""): Browser is opened with url: ''

02-07-2024T23:08:21 - [MESSAGE][INFO] - Starting 'Chrome' driver

02-07-2024T23:08:21 - [MESSAGE][INFO] - Action delay is set to 0 milliseconds

02-07-2024T23:08:23 - [MESSAGE][PASSED] - Browser is opened with url: ''

02-07-2024T23:08:23 - [TEST_STEP][PASSED] - navigateToUrl("https://demowebshop.tricentis.com/fiction"): Navigate to 'https://demowebshop.tricentis.com/fiction' successfully

02-07-2024T23:08:30 - [MESSAGE][PASSED] - Navigate to 'https://demowebshop.tricentis.com/fiction' successfully

02-07-2024T23:08:30 - [TEST_STEP][PASSED] - setText(findTestObject("ac/New Test Object (1)"), "a"): Text 'a' is set on object 'Object Repository/ac/New Test Object (1)'

02-07-2024T23:08:32 - [MESSAGE][PASSED] - Text 'a' is set on object 'Object Repository/ac/New Test Object (1)'

02-07-2024T23:08:32 - [TEST_STEP][PASSED] - closeBrowser(): Browser is closed

02-07-2024T23:08:40 - [MESSAGE][PASSED] - Browser is closed]]></system-out>
         <system-err><![CDATA[]]></system-err>
      </testcase>
      <testcase name="Test Cases/thang/New Test Case (8)" time="24.098" classname="Test Cases/thang/New Test Case (8)" status="PASSED">
         <system-out><![CDATA[02-07-2024T23:08:40 - [TEST_CASE][PASSED] - Test Cases/thang/New Test Case (8): Test Cases/thang/New Test Case (8)

02-07-2024T23:08:40 - [TEST_STEP][PASSED] - openBrowser(""): Browser is opened with url: ''

02-07-2024T23:08:40 - [MESSAGE][INFO] - Starting 'Chrome' driver

02-07-2024T23:08:40 - [MESSAGE][INFO] - Action delay is set to 0 milliseconds

02-07-2024T23:08:44 - [MESSAGE][PASSED] - Browser is opened with url: ''

02-07-2024T23:08:44 - [TEST_STEP][PASSED] - navigateToUrl("https://demowebshop.tricentis.com/fiction"): Navigate to 'https://demowebshop.tricentis.com/fiction' successfully

02-07-2024T23:08:48 - [MESSAGE][PASSED] - Navigate to 'https://demowebshop.tricentis.com/fiction' successfully

02-07-2024T23:08:48 - [TEST_STEP][PASSED] - setText(findTestObject("ac/New Test Object (1)"), "a"): Text 'a' is set on object 'Object Repository/ac/New Test Object (1)'

02-07-2024T23:08:52 - [MESSAGE][PASSED] - Text 'a' is set on object 'Object Repository/ac/New Test Object (1)'

02-07-2024T23:08:52 - [TEST_STEP][PASSED] - closeBrowser(): Browser is closed

02-07-2024T23:09:04 - [MESSAGE][PASSED] - Browser is closed]]></system-out>
         <system-err><![CDATA[]]></system-err>
      </testcase>
      <testcase name="Test Cases/thang/New Test Case (8)" time="22.231" classname="Test Cases/thang/New Test Case (8)" status="PASSED">
         <system-out><![CDATA[02-07-2024T23:09:04 - [TEST_CASE][PASSED] - Test Cases/thang/New Test Case (8): Test Cases/thang/New Test Case (8)

02-07-2024T23:09:04 - [TEST_STEP][PASSED] - openBrowser(""): Browser is opened with url: ''

02-07-2024T23:09:04 - [MESSAGE][INFO] - Starting 'Chrome' driver

02-07-2024T23:09:04 - [MESSAGE][INFO] - Action delay is set to 0 milliseconds

02-07-2024T23:09:07 - [MESSAGE][PASSED] - Browser is opened with url: ''

02-07-2024T23:09:07 - [TEST_STEP][PASSED] - navigateToUrl("https://demowebshop.tricentis.com/fiction"): Navigate to 'https://demowebshop.tricentis.com/fiction' successfully

02-07-2024T23:09:14 - [MESSAGE][PASSED] - Navigate to 'https://demowebshop.tricentis.com/fiction' successfully

02-07-2024T23:09:14 - [TEST_STEP][PASSED] - setText(findTestObject("ac/New Test Object (1)"), "a"): Text 'a' is set on object 'Object Repository/ac/New Test Object (1)'

02-07-2024T23:09:15 - [MESSAGE][PASSED] - Text 'a' is set on object 'Object Repository/ac/New Test Object (1)'

02-07-2024T23:09:15 - [TEST_STEP][PASSED] - closeBrowser(): Browser is closed

02-07-2024T23:09:26 - [MESSAGE][PASSED] - Browser is closed]]></system-out>
         <system-err><![CDATA[]]></system-err>
      </testcase>
      <testcase name="Test Cases/thang/New Test Case (8)" time="12.325" classname="Test Cases/thang/New Test Case (8)" status="PASSED">
         <system-out><![CDATA[02-07-2024T23:09:26 - [TEST_CASE][PASSED] - Test Cases/thang/New Test Case (8): Test Cases/thang/New Test Case (8)

02-07-2024T23:09:26 - [TEST_STEP][PASSED] - openBrowser(""): Browser is opened with url: ''

02-07-2024T23:09:27 - [MESSAGE][INFO] - Starting 'Chrome' driver

02-07-2024T23:09:27 - [MESSAGE][INFO] - Action delay is set to 0 milliseconds

02-07-2024T23:09:31 - [MESSAGE][PASSED] - Browser is opened with url: ''

02-07-2024T23:09:31 - [TEST_STEP][PASSED] - navigateToUrl("https://demowebshop.tricentis.com/fiction"): Navigate to 'https://demowebshop.tricentis.com/fiction' successfully

02-07-2024T23:09:36 - [MESSAGE][PASSED] - Navigate to 'https://demowebshop.tricentis.com/fiction' successfully

02-07-2024T23:09:36 - [TEST_STEP][PASSED] - setText(findTestObject("ac/New Test Object (1)"), "a"): Text 'a' is set on object 'Object Repository/ac/New Test Object (1)'

02-07-2024T23:09:37 - [MESSAGE][PASSED] - Text 'a' is set on object 'Object Repository/ac/New Test Object (1)'

02-07-2024T23:09:37 - [TEST_STEP][PASSED] - closeBrowser(): Browser is closed

02-07-2024T23:09:39 - [MESSAGE][PASSED] - Browser is closed]]></system-out>
         <system-err><![CDATA[]]></system-err>
      </testcase>
      <system-out><![CDATA[02-07-2024T23:07:40 - [TEST_SUITE][PASSED] - thang1: Test Cases/thang/New Test Case (8)]]></system-out>
      <system-err><![CDATA[]]></system-err>
   </testsuite>
</testsuites>
