<?xml version="1.0" encoding="UTF-8"?>
<testsuites name="New Test Suite Collection (2)" time="23.492" tests="1" failures="0" errors="0">
   <testsuite name="deskstop" tests="1" failures="0" errors="0" time="10.639" skipped="0" timestamp="28-05-2024T20:46:02" hostname="tuanh - huybt2" id="Test Suites/deskstop">
      <properties>
         <property name="deviceName"/>
         <property name="devicePlatform" value=""/>
         <property name="logFolder" value="C:\\Users\\tuanh\\git\\kata-oma\\Reports\\20240528_204550\\deskstop\\20240528_204551"/>
         <property name="logFiles" value="C:\\Users\\tuanh\\git\\kata-oma\\Reports\\20240528_204550\\deskstop\\20240528_204551\\execution0.log"/>
         <property name="attachments" value=""/>
         <property name="hostName" value="tuanh - huybt2"/>
         <property name="hostAddress" value="192.168.1.8"/>
         <property name="desiredCapabilities" value="{}"/>
         <property name="os" value="Windows 11 64bit"/>
         <property name="katalonVersion" value="9.4.0.212"/>
      </properties>
      <testcase name="Test Cases/destops" time="10.279" classname="Test Cases/destops" status="PASSED">
         <system-out><![CDATA[28-05-2024T20:46:02 - [TEST_CASE][PASSED] - Test Cases/destops: Test Cases/destops

28-05-2024T20:46:03 - [TEST_STEP][PASSED] - startApplicationWithTitle("C:\Windows\notepad.exe", "credentials - Notepad"): The application at location: C:\Windows\notepad.exe started.

28-05-2024T20:46:03 - [MESSAGE][INFO] - Starting application C:\Windows\notepad.exe on the local machine at address http://127.0.0.1:4723

28-05-2024T20:46:07 - [MESSAGE][PASSED] - The application at location: C:\Windows\notepad.exe started.

28-05-2024T20:46:07 - [TEST_STEP][PASSED] - click(findWindowsObject("Object Repository/Button")): Click on element: Object Repository/Button succesfully

28-05-2024T20:46:08 - [MESSAGE][INFO] - Clicking on element: Object Repository/Button

28-05-2024T20:46:09 - [MESSAGE][PASSED] - Click on element: Object Repository/Button succesfully

28-05-2024T20:46:09 - [TEST_STEP][PASSED] - click(findWindowsObject("Object Repository/Document")): Click on element: Object Repository/Document succesfully

28-05-2024T20:46:09 - [MESSAGE][INFO] - Clicking on element: Object Repository/Document

28-05-2024T20:46:09 - [MESSAGE][PASSED] - Click on element: Object Repository/Document succesfully

28-05-2024T20:46:09 - [TEST_STEP][PASSED] - setText(findWindowsObject("Object Repository/Document"), "asc"): Text asc is set

28-05-2024T20:46:12 - [MESSAGE][PASSED] - Text asc is set

28-05-2024T20:46:12 - [TEST_STEP][PASSED] - click(findWindowsObject("Object Repository/Window")): Click on element: Object Repository/Window succesfully

28-05-2024T20:46:12 - [MESSAGE][INFO] - Clicking on element: Object Repository/Window

28-05-2024T20:46:13 - [MESSAGE][PASSED] - Click on element: Object Repository/Window succesfully]]></system-out>
         <system-err><![CDATA[]]></system-err>
      </testcase>
      <system-out><![CDATA[28-05-2024T20:46:02 - [TEST_SUITE][PASSED] - deskstop: Test Cases/destops]]></system-out>
      <system-err><![CDATA[]]></system-err>
   </testsuite>
</testsuites>
