<?xml version="1.0" encoding="UTF-8"?>
<testsuites name="New Test Suite Collection" time="132.224" tests="1" failures="0" errors="0">
   <testsuite name="New Test Suite" tests="1" failures="0" errors="0" time="82.727" skipped="0" timestamp="19-06-2024T22:40:58" hostname="tuanh - huybt2" id="Test Suites/New Test Suite">
      <properties>
         <property name="deviceName"/>
         <property name="devicePlatform" value=""/>
         <property name="logFolder" value="C:\\Users\\tuanh\\git\\kata-oma\\Reports\\20240619_223946\\New Test Suite\\20240619_223951"/>
         <property name="logFiles" value="C:\\Users\\tuanh\\git\\kata-oma\\Reports\\20240619_223946\\New Test Suite\\20240619_223951\\execution0.log"/>
         <property name="attachments" value=""/>
         <property name="hostName" value="tuanh - huybt2"/>
         <property name="hostAddress" value="192.168.1.20"/>
         <property name="desiredCapabilities" value="{}"/>
         <property name="os" value="Windows 11 64bit"/>
         <property name="katalonVersion" value="9.4.0.212"/>
      </properties>
      <testcase name="Test Cases/New Test Case" time="81.705" classname="Test Cases/New Test Case" status="PASSED">
         <system-out><![CDATA[19-06-2024T22:40:59 - [TEST_CASE][PASSED] - Test Cases/New Test Case: Test Cases/New Test Case

19-06-2024T22:41:02 - [TEST_STEP][PASSED] - startApplicationWithTitle("C:\Windows\notepad.exe", "credentials - Notepad"): The application at location: C:\Windows\notepad.exe started.

19-06-2024T22:41:03 - [MESSAGE][INFO] - Starting application C:\Windows\notepad.exe on the local machine at address http://127.0.0.1:4723

19-06-2024T22:41:21 - [MESSAGE][PASSED] - The application at location: C:\Windows\notepad.exe started.

19-06-2024T22:41:21 - [TEST_STEP][PASSED] - click(findWindowsObject("Object Repository/Button")): Click on element: Object Repository/Button succesfully

19-06-2024T22:41:36 - [MESSAGE][INFO] - Clicking on element: Object Repository/Button

19-06-2024T22:41:37 - [MESSAGE][PASSED] - Click on element: Object Repository/Button succesfully

19-06-2024T22:41:37 - [TEST_STEP][PASSED] - click(findWindowsObject("Object Repository/Document")): Click on element: Object Repository/Document succesfully

19-06-2024T22:41:45 - [MESSAGE][INFO] - Clicking on element: Object Repository/Document

19-06-2024T22:41:46 - [MESSAGE][PASSED] - Click on element: Object Repository/Document succesfully

19-06-2024T22:41:46 - [TEST_STEP][PASSED] - setText(findWindowsObject("Object Repository/Document"), "asc"): Text asc is set

19-06-2024T22:42:17 - [MESSAGE][PASSED] - Text asc is set

19-06-2024T22:42:17 - [TEST_STEP][PASSED] - click(findWindowsObject("Object Repository/Window")): Click on element: Object Repository/Window succesfully

19-06-2024T22:42:20 - [MESSAGE][INFO] - Clicking on element: Object Repository/Window

19-06-2024T22:42:21 - [MESSAGE][PASSED] - Click on element: Object Repository/Window succesfully]]></system-out>
         <system-err><![CDATA[]]></system-err>
      </testcase>
      <system-out><![CDATA[19-06-2024T22:40:58 - [TEST_SUITE][PASSED] - New Test Suite: Test Cases/New Test Case]]></system-out>
      <system-err><![CDATA[]]></system-err>
   </testsuite>
</testsuites>
