<?xml version="1.0" encoding="UTF-8"?>
<testsuites name="checkpoint" time="30.167" tests="1" failures="0" errors="0">
   <testsuite name="checkpoint" tests="1" failures="0" errors="0" time="30.167" skipped="0" timestamp="22-05-2024T21:26:26" hostname="tuanh - huybt2" id="Test Suites/checkpoint">
      <properties>
         <property name="deviceName" value=""/>
         <property name="devicePlatform" value=""/>
         <property name="logFolder" value="C:\\Users\\tuanh\\git\\kata-oma\\Reports\\20240522_212616\\checkpoint\\20240522_212616"/>
         <property name="logFiles" value="C:\\Users\\tuanh\\git\\kata-oma\\Reports\\20240522_212616\\checkpoint\\20240522_212616\\execution0.log"/>
         <property name="attachments" value="keyes\keyes-current_viewport 1.png, keyes\keyes-current_viewport 2.png, keyes\keyes-current_viewport 3.png, keyes\keyes-current_viewport 4.png, keyes\keyes-current_viewport 5.png, keyes\keyes-current_viewport 6.png, keyes\keyes-current_viewport 7.png, keyes\keyes-current_viewport 8.png, keyes\keyes-current_viewport9.png, keyes\keyes-current_viewport 10.png, keyes\keyes-current_viewport11.png, keyes\keyes-current_viewport12.png, keyes\keyes-current_viewport13.png, keyes\keyes-current_viewport14.png, keyes\keyes-current_viewport15.png, keyes\keyes-current_viewport16.png, keyes\keyes-current_viewport17.png, keyes\keyes-current_viewport16.png"/>
         <property name="hostName" value="tuanh - huybt2"/>
         <property name="os" value="Windows 11 64bit"/>
         <property name="katalonVersion" value="9.4.0.212"/>
         <property name="browser" value="Chrome 125.0.0.0"/>
         <property name="hostAddress" value="192.168.1.16"/>
         <property name="sessionId" value="ed607cf1a75c5ebdeceea7585d2d1294"/>
         <property name="seleniumVersion" value="3.141.59"/>
         <property name="proxyInformation" value="ProxyInformation { proxyOption=NO_PROXY, proxyServerType=HTTP, username=, password=********, proxyServerAddress=, proxyServerPort=0, executionList=&quot;&quot;, isApplyToDesiredCapabilities=true }"/>
         <property name="platform" value="Windows 11"/>
      </properties>
      <testcase name="Test Cases/checkpoint" time="29.844" classname="Test Cases/checkpoint" status="PASSED">
         <system-out><![CDATA[22-05-2024T21:26:26 - [TEST_CASE][PASSED] - Test Cases/checkpoint: Test Cases/checkpoint

22-05-2024T21:26:27 - [TEST_STEP][PASSED] - openBrowser(""): Browser is opened with url: ''

22-05-2024T21:26:27 - [MESSAGE][INFO] - Starting 'Chrome' driver

22-05-2024T21:26:27 - [MESSAGE][INFO] - Action delay is set to 0 milliseconds

22-05-2024T21:26:31 - [MESSAGE][PASSED] - Browser is opened with url: ''

22-05-2024T21:26:31 - [TEST_STEP][PASSED] - navigateToUrl("https://academy.katalon.com/"): Navigate to 'https://academy.katalon.com/' successfully

22-05-2024T21:26:39 - [MESSAGE][PASSED] - Navigate to 'https://academy.katalon.com/' successfully

22-05-2024T21:26:39 - [TEST_STEP][PASSED] - takeScreenshotAsCheckpoint("current_viewport 1"): Taking screenshot successfully

22-05-2024T21:26:41 - [MESSAGE][INFO] - 0 hidden object(s)

22-05-2024T21:26:42 - [MESSAGE][PASSED] - Taking screenshot successfully
[[ATTACHMENT|keyes\keyes-current_viewport 1.png]]

22-05-2024T21:26:42 - [TEST_STEP][PASSED] - takeScreenshotAsCheckpoint("current_viewport 2 "): Taking screenshot successfully

22-05-2024T21:26:42 - [MESSAGE][INFO] - 0 hidden object(s)

22-05-2024T21:26:42 - [MESSAGE][PASSED] - Taking screenshot successfully
[[ATTACHMENT|keyes\keyes-current_viewport 2.png]]

22-05-2024T21:26:42 - [TEST_STEP][PASSED] - takeScreenshotAsCheckpoint("current_viewport 3"): Taking screenshot successfully

22-05-2024T21:26:43 - [MESSAGE][INFO] - 0 hidden object(s)

22-05-2024T21:26:43 - [MESSAGE][PASSED] - Taking screenshot successfully
[[ATTACHMENT|keyes\keyes-current_viewport 3.png]]

22-05-2024T21:26:43 - [TEST_STEP][PASSED] - takeScreenshotAsCheckpoint("current_viewport 4"): Taking screenshot successfully

22-05-2024T21:26:44 - [MESSAGE][INFO] - 0 hidden object(s)

22-05-2024T21:26:44 - [MESSAGE][PASSED] - Taking screenshot successfully
[[ATTACHMENT|keyes\keyes-current_viewport 4.png]]

22-05-2024T21:26:44 - [TEST_STEP][PASSED] - takeScreenshotAsCheckpoint("current_viewport 5"): Taking screenshot successfully

22-05-2024T21:26:44 - [MESSAGE][INFO] - 0 hidden object(s)

22-05-2024T21:26:45 - [MESSAGE][PASSED] - Taking screenshot successfully
[[ATTACHMENT|keyes\keyes-current_viewport 5.png]]

22-05-2024T21:26:45 - [TEST_STEP][PASSED] - takeScreenshotAsCheckpoint("current_viewport 6"): Taking screenshot successfully

22-05-2024T21:26:45 - [MESSAGE][INFO] - 0 hidden object(s)

22-05-2024T21:26:46 - [MESSAGE][PASSED] - Taking screenshot successfully
[[ATTACHMENT|keyes\keyes-current_viewport 6.png]]

22-05-2024T21:26:46 - [TEST_STEP][PASSED] - takeScreenshotAsCheckpoint("current_viewport 7"): Taking screenshot successfully

22-05-2024T21:26:47 - [MESSAGE][INFO] - 0 hidden object(s)

22-05-2024T21:26:47 - [MESSAGE][PASSED] - Taking screenshot successfully
[[ATTACHMENT|keyes\keyes-current_viewport 7.png]]

22-05-2024T21:26:47 - [TEST_STEP][PASSED] - takeScreenshotAsCheckpoint("current_viewport 8 "): Taking screenshot successfully

22-05-2024T21:26:48 - [MESSAGE][INFO] - 0 hidden object(s)

22-05-2024T21:26:48 - [MESSAGE][PASSED] - Taking screenshot successfully
[[ATTACHMENT|keyes\keyes-current_viewport 8.png]]

22-05-2024T21:26:48 - [TEST_STEP][PASSED] - takeScreenshotAsCheckpoint("current_viewport9"): Taking screenshot successfully

22-05-2024T21:26:48 - [MESSAGE][INFO] - 0 hidden object(s)

22-05-2024T21:26:49 - [MESSAGE][PASSED] - Taking screenshot successfully
[[ATTACHMENT|keyes\keyes-current_viewport9.png]]

22-05-2024T21:26:49 - [TEST_STEP][PASSED] - takeScreenshotAsCheckpoint("current_viewport 10"): Taking screenshot successfully

22-05-2024T21:26:49 - [MESSAGE][INFO] - 0 hidden object(s)

22-05-2024T21:26:50 - [MESSAGE][PASSED] - Taking screenshot successfully
[[ATTACHMENT|keyes\keyes-current_viewport 10.png]]

22-05-2024T21:26:50 - [TEST_STEP][PASSED] - takeScreenshotAsCheckpoint("current_viewport11"): Taking screenshot successfully

22-05-2024T21:26:50 - [MESSAGE][INFO] - 0 hidden object(s)

22-05-2024T21:26:50 - [MESSAGE][PASSED] - Taking screenshot successfully
[[ATTACHMENT|keyes\keyes-current_viewport11.png]]

22-05-2024T21:26:50 - [TEST_STEP][PASSED] - takeScreenshotAsCheckpoint("current_viewport12"): Taking screenshot successfully

22-05-2024T21:26:51 - [MESSAGE][INFO] - 0 hidden object(s)

22-05-2024T21:26:51 - [MESSAGE][PASSED] - Taking screenshot successfully
[[ATTACHMENT|keyes\keyes-current_viewport12.png]]

22-05-2024T21:26:51 - [TEST_STEP][PASSED] - takeScreenshotAsCheckpoint("current_viewport13"): Taking screenshot successfully

22-05-2024T21:26:52 - [MESSAGE][INFO] - 0 hidden object(s)

22-05-2024T21:26:52 - [MESSAGE][PASSED] - Taking screenshot successfully
[[ATTACHMENT|keyes\keyes-current_viewport13.png]]

22-05-2024T21:26:52 - [TEST_STEP][PASSED] - takeScreenshotAsCheckpoint("current_viewport14"): Taking screenshot successfully

22-05-2024T21:26:53 - [MESSAGE][INFO] - 0 hidden object(s)

22-05-2024T21:26:53 - [MESSAGE][PASSED] - Taking screenshot successfully
[[ATTACHMENT|keyes\keyes-current_viewport14.png]]

22-05-2024T21:26:53 - [TEST_STEP][PASSED] - takeScreenshotAsCheckpoint("current_viewport15"): Taking screenshot successfully

22-05-2024T21:26:53 - [MESSAGE][INFO] - 0 hidden object(s)

22-05-2024T21:26:53 - [MESSAGE][PASSED] - Taking screenshot successfully
[[ATTACHMENT|keyes\keyes-current_viewport15.png]]

22-05-2024T21:26:53 - [TEST_STEP][PASSED] - takeScreenshotAsCheckpoint("current_viewport16"): Taking screenshot successfully

22-05-2024T21:26:54 - [MESSAGE][INFO] - 0 hidden object(s)

22-05-2024T21:26:54 - [MESSAGE][PASSED] - Taking screenshot successfully
[[ATTACHMENT|keyes\keyes-current_viewport16.png]]

22-05-2024T21:26:54 - [TEST_STEP][PASSED] - takeScreenshotAsCheckpoint("current_viewport17"): Taking screenshot successfully

22-05-2024T21:26:55 - [MESSAGE][INFO] - 0 hidden object(s)

22-05-2024T21:26:55 - [MESSAGE][PASSED] - Taking screenshot successfully
[[ATTACHMENT|keyes\keyes-current_viewport17.png]]

22-05-2024T21:26:55 - [TEST_STEP][PASSED] - takeScreenshotAsCheckpoint("current_viewport16"): Taking screenshot successfully

22-05-2024T21:26:56 - [MESSAGE][INFO] - 0 hidden object(s)

22-05-2024T21:26:56 - [MESSAGE][PASSED] - Taking screenshot successfully
[[ATTACHMENT|keyes\keyes-current_viewport16.png]]

22-05-2024T21:26:56 - [TEST_STEP][PASSED] - closeBrowser(): Browser is closed

22-05-2024T21:26:56 - [MESSAGE][PASSED] - Browser is closed]]></system-out>
         <system-err><![CDATA[]]></system-err>
      </testcase>
      <system-out><![CDATA[22-05-2024T21:26:26 - [TEST_SUITE][PASSED] - checkpoint: Test Cases/checkpoint]]></system-out>
      <system-err><![CDATA[]]></system-err>
   </testsuite>
</testsuites>
