<?xml version="1.0" encoding="UTF-8"?>
<testsuites name="New Test Suite (2)" time="172.065" tests="1" failures="0" errors="0">
   <testsuite name="New Test Suite (2)" tests="1" failures="0" errors="0" time="172.065" skipped="0" timestamp="25-05-2024T22:44:33" hostname="tuanh - huybt2" id="Test Suites/New Test Suite (2)">
      <properties>
         <property name="deviceName" value=""/>
         <property name="devicePlatform" value=""/>
         <property name="logFolder" value="C:\\Users\\tuanh\\git\\kata-oma\\Reports\\20240525_224116\\New Test Suite (2)\\20240525_224117"/>
         <property name="logFiles" value="C:\\Users\\tuanh\\git\\kata-oma\\Reports\\20240525_224116\\New Test Suite (2)\\20240525_224117\\execution0.log"/>
         <property name="attachments" value=""/>
         <property name="hostName" value="tuanh - huybt2"/>
         <property name="os" value="Windows 11 64bit"/>
         <property name="katalonVersion" value="9.4.0.212"/>
         <property name="browser" value="Chrome 125.0.0.0"/>
         <property name="hostAddress" value="192.168.1.6"/>
         <property name="sessionId" value="5f4a34e98433240291249b1b94f7ca7d"/>
         <property name="seleniumVersion" value="3.141.59"/>
         <property name="proxyInformation" value="ProxyInformation { proxyOption=NO_PROXY, proxyServerType=HTTP, username=, password=********, proxyServerAddress=, proxyServerPort=0, executionList=&quot;&quot;, isApplyToDesiredCapabilities=true }"/>
         <property name="platform" value="Windows 11"/>
      </properties>
      <testcase name="Test Cases/tets1" time="162.728" classname="Test Cases/tets1" status="PASSED">
         <system-out><![CDATA[25-05-2024T22:44:43 - [TEST_CASE][PASSED] - Test Cases/tets1: Test Cases/tets1

25-05-2024T22:44:53 - [TEST_STEP][PASSED] - openBrowser(""): Browser is opened with url: ''

25-05-2024T22:45:13 - [MESSAGE][INFO] - Starting 'Chrome' driver

25-05-2024T22:45:15 - [MESSAGE][INFO] - Action delay is set to 0 milliseconds

25-05-2024T22:46:27 - [MESSAGE][PASSED] - Browser is opened with url: ''

25-05-2024T22:46:27 - [TEST_STEP][PASSED] - closeBrowser(): Browser is closed

25-05-2024T22:47:25 - [MESSAGE][PASSED] - Browser is closed]]></system-out>
         <system-err><![CDATA[]]></system-err>
      </testcase>
      <system-out><![CDATA[25-05-2024T22:44:33 - [TEST_SUITE][PASSED] - New Test Suite (2): Test Cases/tets1]]></system-out>
      <system-err><![CDATA[]]></system-err>
   </testsuite>
</testsuites>
