<?xml version="1.0" encoding="UTF-8"?>
<testsuites name="api" time="10.422" tests="3" failures="0" errors="0">
   <testsuite name="api" tests="3" failures="0" errors="0" time="10.422" skipped="0" timestamp="27-06-2024T19:45:19" hostname="tuanh - host.docker.internal" id="Test Suites/api">
      <properties>
         <property name="deviceName" value=""/>
         <property name="devicePlatform" value=""/>
         <property name="logFolder" value="C:\\Users\\tuanh\\git\\kata-oma\\Reports\\20240627_194458\\api\\20240627_194458"/>
         <property name="logFiles" value="C:\\Users\\tuanh\\git\\kata-oma\\Reports\\20240627_194458\\api\\20240627_194458\\execution0.log"/>
         <property name="attachments" value=""/>
         <property name="hostName" value="tuanh - host.docker.internal"/>
         <property name="hostAddress" value="192.168.1.11"/>
         <property name="os" value="Windows 11 64bit"/>
         <property name="katalonVersion" value="9.4.0.212"/>
      </properties>
      <testcase name="Test Cases/ad" time="6.259" classname="Test Cases/ad" status="PASSED">
         <system-out><![CDATA[27-06-2024T19:45:20 - [TEST_CASE][PASSED] - Test Cases/ad: Test Cases/ad

27-06-2024T19:45:21 - [TEST_STEP][PASSED] - sendRequest(findTestObject("ac/New Request")): Send request successfully

27-06-2024T19:45:26 - [MESSAGE][INFO] - HAR: C:\Users\tuanh\git\kata-oma\Reports\20240627_194458\api\20240627_194458\requests\main\0.har

27-06-2024T19:45:26 - [MESSAGE][PASSED] - Send request successfully]]></system-out>
         <system-err><![CDATA[]]></system-err>
      </testcase>
      <testcase name="Test Cases/api" time="2.042" classname="Test Cases/api" status="PASSED">
         <system-out><![CDATA[27-06-2024T19:45:26 - [TEST_CASE][PASSED] - Test Cases/api: Test Cases/api

27-06-2024T19:45:26 - [TEST_STEP][PASSED] - sendRequest(findTestObject("ac/New Request")): Send request successfully

27-06-2024T19:45:28 - [MESSAGE][INFO] - HAR: C:\Users\tuanh\git\kata-oma\Reports\20240627_194458\api\20240627_194458\requests\main\1.har

27-06-2024T19:45:28 - [MESSAGE][PASSED] - Send request successfully]]></system-out>
         <system-err><![CDATA[]]></system-err>
      </testcase>
      <testcase name="Test Cases/New Test Case (2)" time="1.157" classname="Test Cases/New Test Case (2)" status="PASSED">
         <system-out><![CDATA[27-06-2024T19:45:28 - [TEST_CASE][PASSED] - Test Cases/New Test Case (2): Test Cases/New Test Case (2)

27-06-2024T19:45:28 - [TEST_STEP][PASSED] - sendRequest(findTestObject("ac/New Request")): Send request successfully

27-06-2024T19:45:29 - [MESSAGE][INFO] - HAR: C:\Users\tuanh\git\kata-oma\Reports\20240627_194458\api\20240627_194458\requests\main\2.har

27-06-2024T19:45:29 - [MESSAGE][PASSED] - Send request successfully]]></system-out>
         <system-err><![CDATA[]]></system-err>
      </testcase>
      <system-out><![CDATA[27-06-2024T19:45:19 - [TEST_SUITE][PASSED] - api: Test Cases/New Test Case (2)]]></system-out>
      <system-err><![CDATA[]]></system-err>
   </testsuite>
</testsuites>
