<?xml version="1.0" encoding="UTF-8"?>
<testsuites name="aaaaa" time="182.554" tests="1" failures="0" errors="0">
   <testsuite name="aaaaa" tests="1" failures="0" errors="0" time="182.554" skipped="0" timestamp="29-05-2024T22:29:19" hostname="tuanh - huybt2" id="Test Suites/aaaaa">
      <properties>
         <property name="deviceName" value=""/>
         <property name="devicePlatform" value=""/>
         <property name="logFolder" value="C:\\Users\\tuanh\\git\\kata-oma\\Reports\\20240529_222544\\aaaaa\\20240529_222552"/>
         <property name="logFiles" value="C:\\Users\\tuanh\\git\\kata-oma\\Reports\\20240529_222544\\aaaaa\\20240529_222552\\execution0.log"/>
         <property name="attachments" value=""/>
         <property name="hostName" value="tuanh - huybt2"/>
         <property name="os" value="Windows 11 64bit"/>
         <property name="katalonVersion" value="9.4.0.212"/>
         <property name="browser" value="Chrome 125.0.0.0"/>
         <property name="hostAddress" value="192.168.1.9"/>
         <property name="sessionId" value="0633b8df20e2c8ca79399f3a2a8bf631"/>
         <property name="seleniumVersion" value="3.141.59"/>
         <property name="proxyInformation" value="ProxyInformation { proxyOption=NO_PROXY, proxyServerType=HTTP, username=, password=********, proxyServerAddress=, proxyServerPort=0, executionList=&quot;&quot;, isApplyToDesiredCapabilities=true }"/>
         <property name="platform" value="Windows 11"/>
      </properties>
      <testcase name="Test Cases/tets1" time="174.419" classname="Test Cases/tets1" status="PASSED">
         <system-out><![CDATA[29-05-2024T22:29:27 - [TEST_CASE][PASSED] - Test Cases/tets1: Test Cases/tets1

29-05-2024T22:29:39 - [TEST_STEP][PASSED] - openBrowser(""): Browser is opened with url: ''

29-05-2024T22:29:54 - [MESSAGE][INFO] - Starting 'Chrome' driver

29-05-2024T22:29:55 - [MESSAGE][INFO] - Action delay is set to 0 milliseconds

29-05-2024T22:31:18 - [MESSAGE][PASSED] - Browser is opened with url: ''

29-05-2024T22:31:19 - [TEST_STEP][PASSED] - closeBrowser(): Browser is closed

29-05-2024T22:32:21 - [MESSAGE][PASSED] - Browser is closed]]></system-out>
         <system-err><![CDATA[]]></system-err>
      </testcase>
      <system-out><![CDATA[29-05-2024T22:29:19 - [TEST_SUITE][PASSED] - aaaaa: Test Cases/tets1]]></system-out>
      <system-err><![CDATA[]]></system-err>
   </testsuite>
</testsuites>
