<?xml version="1.0" encoding="UTF-8"?>
<testsuites name="abc" time="45.581" tests="1" failures="0" errors="0">
   <testsuite name="abc" tests="1" failures="0" errors="0" time="45.581" skipped="0" timestamp="20-06-2024T23:04:46" hostname="tuanh - huybt2" id="Test Suites/abc">
      <properties>
         <property name="deviceName" value=""/>
         <property name="devicePlatform" value=""/>
         <property name="logFolder" value="C:\\Users\\tuanh\\git\\kata-oma\\Reports\\20240620_230339\\abc\\20240620_230343"/>
         <property name="logFiles" value="C:\\Users\\tuanh\\git\\kata-oma\\Reports\\20240620_230339\\abc\\20240620_230343\\execution0.log"/>
         <property name="attachments" value=""/>
         <property name="hostName" value="tuanh - huybt2"/>
         <property name="os" value="Windows 11 64bit"/>
         <property name="katalonVersion" value="9.4.0.212"/>
         <property name="browser" value="Chrome 126.0.0.0"/>
         <property name="hostAddress" value="192.168.1.20"/>
         <property name="sessionId" value="e4127bfafac30cbc348e3d03b3348308"/>
         <property name="seleniumVersion" value="3.141.59"/>
         <property name="proxyInformation" value="ProxyInformation { proxyOption=NO_PROXY, proxyServerType=HTTP, username=, password=********, proxyServerAddress=, proxyServerPort=0, executionList=&quot;&quot;, isApplyToDesiredCapabilities=true }"/>
         <property name="platform" value="Windows 11"/>
      </properties>
      <testcase name="Test Cases/tets1" time="40.236" classname="Test Cases/tets1" status="PASSED">
         <system-out><![CDATA[20-06-2024T23:04:52 - [TEST_CASE][PASSED] - Test Cases/tets1: Test Cases/tets1

20-06-2024T23:04:57 - [TEST_STEP][PASSED] - openBrowser(""): Browser is opened with url: ''

20-06-2024T23:05:02 - [MESSAGE][INFO] - Starting 'Chrome' driver

20-06-2024T23:05:03 - [MESSAGE][INFO] - Action delay is set to 0 milliseconds

20-06-2024T23:05:23 - [MESSAGE][PASSED] - Browser is opened with url: ''

20-06-2024T23:05:23 - [TEST_STEP][PASSED] - closeBrowser(): Browser is closed

20-06-2024T23:05:32 - [MESSAGE][PASSED] - Browser is closed]]></system-out>
         <system-err><![CDATA[]]></system-err>
      </testcase>
      <system-out><![CDATA[20-06-2024T23:04:46 - [TEST_SUITE][PASSED] - abc: Test Cases/tets1]]></system-out>
      <system-err><![CDATA[]]></system-err>
   </testsuite>
</testsuites>
