<?xml version="1.0" encoding="UTF-8"?>
<testsuites name="thang1" time="63.919" tests="1" failures="0" errors="0">
   <testsuite name="thang1" tests="1" failures="0" errors="0" time="63.919" skipped="0" timestamp="02-07-2024T22:28:09" hostname="tuanh - huybt2" id="Test Suites/thang/thang1">
      <properties>
         <property name="deviceName" value=""/>
         <property name="devicePlatform" value=""/>
         <property name="logFolder" value="C:\\Users\\tuanh\\git\\kata-oma\\Reports\\20240702_222740\\thang\\thang1\\20240702_222740"/>
         <property name="logFiles" value="C:\\Users\\tuanh\\git\\kata-oma\\Reports\\20240702_222740\\thang\\thang1\\20240702_222740\\execution0.log"/>
         <property name="attachments" value=""/>
         <property name="hostName" value="tuanh - huybt2"/>
         <property name="os" value="Windows 11 64bit"/>
         <property name="katalonVersion" value="9.4.0.212"/>
         <property name="browser" value="Chrome 126.0.0.0"/>
         <property name="hostAddress" value="192.168.1.13"/>
         <property name="sessionId" value="e9db06cbd092e3b29d2948ba10af9307"/>
         <property name="seleniumVersion" value="3.141.59"/>
         <property name="proxyInformation" value="ProxyInformation { proxyOption=NO_PROXY, proxyServerType=HTTP, username=, password=********, proxyServerAddress=, proxyServerPort=0, executionList=&quot;&quot;, isApplyToDesiredCapabilities=true }"/>
         <property name="platform" value="Windows 11"/>
      </properties>
      <testcase name="Test Cases/thang/New Test Case (8)" time="61.124" classname="Test Cases/thang/New Test Case (8)" status="PASSED">
         <system-out><![CDATA[02-07-2024T22:28:12 - [TEST_CASE][PASSED] - Test Cases/thang/New Test Case (8): Test Cases/thang/New Test Case (8)

02-07-2024T22:28:16 - [TEST_STEP][PASSED] - openBrowser(""): Browser is opened with url: ''

02-07-2024T22:28:18 - [MESSAGE][INFO] - Starting 'Chrome' driver

02-07-2024T22:28:19 - [MESSAGE][INFO] - Action delay is set to 0 milliseconds

02-07-2024T22:28:32 - [MESSAGE][PASSED] - Browser is opened with url: ''

02-07-2024T22:28:32 - [TEST_STEP][PASSED] - navigateToUrl("https://demowebshop.tricentis.com/fictionhttps://demowebshop.tricentis.com/fiction"): Navigate to 'https://demowebshop.tricentis.com/fictionhttps://demowebshop.tricentis.com/fiction' successfully

02-07-2024T22:28:37 - [MESSAGE][PASSED] - Navigate to 'https://demowebshop.tricentis.com/fictionhttps://demowebshop.tricentis.com/fiction' successfully

02-07-2024T22:28:37 - [TEST_STEP][PASSED] - setText(findTestObject("ac/New Test Object (1)"), "a"): Text 'a' is set on object 'Object Repository/ac/New Test Object (1)'

02-07-2024T22:29:06 - [MESSAGE][PASSED] - Text 'a' is set on object 'Object Repository/ac/New Test Object (1)'

02-07-2024T22:29:06 - [TEST_STEP][PASSED] - closeBrowser(): Browser is closed

02-07-2024T22:29:13 - [MESSAGE][PASSED] - Browser is closed]]></system-out>
         <system-err><![CDATA[]]></system-err>
      </testcase>
      <system-out><![CDATA[02-07-2024T22:28:09 - [TEST_SUITE][PASSED] - thang1: Test Cases/thang/New Test Case (8)]]></system-out>
      <system-err><![CDATA[]]></system-err>
   </testsuite>
</testsuites>
