<?xml version="1.0" encoding="UTF-8"?>
<testsuites name="thang1" time="181.793" tests="5" failures="0" errors="0">
   <testsuite name="thang1" tests="5" failures="0" errors="0" time="181.793" skipped="0" timestamp="03-07-2024T00:31:28" hostname="tuanh - huybt2" id="Test Suites/thang/thang1">
      <properties>
         <property name="deviceName" value=""/>
         <property name="devicePlatform" value=""/>
         <property name="logFolder" value="C:\\Users\\tuanh\\git\\kata-oma\\Reports\\20240703_003028\\thang\\thang1\\20240703_003028"/>
         <property name="logFiles" value="C:\\Users\\tuanh\\git\\kata-oma\\Reports\\20240703_003028\\thang\\thang1\\20240703_003028\\execution0.log"/>
         <property name="attachments" value=""/>
         <property name="hostName" value="tuanh - huybt2"/>
         <property name="os" value="Windows 11 64bit"/>
         <property name="katalonVersion" value="9.4.0.212"/>
         <property name="browser" value="Chrome 126.0.0.0"/>
         <property name="hostAddress" value="192.168.1.13"/>
         <property name="sessionId" value="13803a6c3ae5ce600c64dfe3de350d1d"/>
         <property name="seleniumVersion" value="3.141.59"/>
         <property name="proxyInformation" value="ProxyInformation { proxyOption=NO_PROXY, proxyServerType=HTTP, username=, password=********, proxyServerAddress=, proxyServerPort=0, executionList=&quot;&quot;, isApplyToDesiredCapabilities=true }"/>
         <property name="platform" value="Windows 11"/>
      </properties>
      <testcase name="Test Cases/thang/New Test Case (8)" time="81.378" classname="Test Cases/thang/New Test Case (8)" status="PASSED">
         <system-out><![CDATA[03-07-2024T00:31:31 - [TEST_CASE][PASSED] - Test Cases/thang/New Test Case (8): Test Cases/thang/New Test Case (8)

03-07-2024T00:31:35 - [TEST_STEP][PASSED] - openBrowser(""): Browser is opened with url: ''

03-07-2024T00:31:37 - [MESSAGE][INFO] - Starting 'Chrome' driver

03-07-2024T00:31:37 - [MESSAGE][INFO] - Action delay is set to 0 milliseconds

03-07-2024T00:31:55 - [MESSAGE][PASSED] - Browser is opened with url: ''

03-07-2024T00:31:55 - [TEST_STEP][PASSED] - navigateToUrl("https://demowebshop.tricentis.com/fiction"): Navigate to 'https://demowebshop.tricentis.com/fiction' successfully

03-07-2024T00:32:04 - [MESSAGE][PASSED] - Navigate to 'https://demowebshop.tricentis.com/fiction' successfully

03-07-2024T00:32:04 - [TEST_STEP][PASSED] - setText(findTestObject("ac/New Test Object (1)"), "a"): Text 'a' is set on object 'Object Repository/ac/New Test Object (1)'

03-07-2024T00:32:12 - [MESSAGE][PASSED] - Text 'a' is set on object 'Object Repository/ac/New Test Object (1)'

03-07-2024T00:32:12 - [TEST_STEP][PASSED] - closeBrowser(): Browser is closed

03-07-2024T00:32:52 - [MESSAGE][PASSED] - Browser is closed]]></system-out>
         <system-err><![CDATA[]]></system-err>
      </testcase>
      <testcase name="Test Cases/thang/New Test Case (8)" time="16.303" classname="Test Cases/thang/New Test Case (8)" status="PASSED">
         <system-out><![CDATA[03-07-2024T00:32:52 - [TEST_CASE][PASSED] - Test Cases/thang/New Test Case (8): Test Cases/thang/New Test Case (8)

03-07-2024T00:32:52 - [TEST_STEP][PASSED] - openBrowser(""): Browser is opened with url: ''

03-07-2024T00:32:52 - [MESSAGE][INFO] - Starting 'Chrome' driver

03-07-2024T00:32:52 - [MESSAGE][INFO] - Action delay is set to 0 milliseconds

03-07-2024T00:32:56 - [MESSAGE][PASSED] - Browser is opened with url: ''

03-07-2024T00:32:56 - [TEST_STEP][PASSED] - navigateToUrl("https://demowebshop.tricentis.com/fiction"): Navigate to 'https://demowebshop.tricentis.com/fiction' successfully

03-07-2024T00:32:59 - [MESSAGE][PASSED] - Navigate to 'https://demowebshop.tricentis.com/fiction' successfully

03-07-2024T00:32:59 - [TEST_STEP][PASSED] - setText(findTestObject("ac/New Test Object (1)"), "a"): Text 'a' is set on object 'Object Repository/ac/New Test Object (1)'

03-07-2024T00:33:03 - [MESSAGE][PASSED] - Text 'a' is set on object 'Object Repository/ac/New Test Object (1)'

03-07-2024T00:33:03 - [TEST_STEP][PASSED] - closeBrowser(): Browser is closed

03-07-2024T00:33:08 - [MESSAGE][PASSED] - Browser is closed]]></system-out>
         <system-err><![CDATA[]]></system-err>
      </testcase>
      <testcase name="Test Cases/thang/New Test Case (8)" time="42.825" classname="Test Cases/thang/New Test Case (8)" status="PASSED">
         <system-out><![CDATA[03-07-2024T00:33:08 - [TEST_CASE][PASSED] - Test Cases/thang/New Test Case (8): Test Cases/thang/New Test Case (8)

03-07-2024T00:33:08 - [TEST_STEP][PASSED] - openBrowser(""): Browser is opened with url: ''

03-07-2024T00:33:08 - [MESSAGE][INFO] - Starting 'Chrome' driver

03-07-2024T00:33:08 - [MESSAGE][INFO] - Action delay is set to 0 milliseconds

03-07-2024T00:33:12 - [MESSAGE][PASSED] - Browser is opened with url: ''

03-07-2024T00:33:12 - [TEST_STEP][PASSED] - navigateToUrl("https://demowebshop.tricentis.com/fiction"): Navigate to 'https://demowebshop.tricentis.com/fiction' successfully

03-07-2024T00:33:17 - [MESSAGE][PASSED] - Navigate to 'https://demowebshop.tricentis.com/fiction' successfully

03-07-2024T00:33:17 - [TEST_STEP][PASSED] - setText(findTestObject("ac/New Test Object (1)"), "a"): Text 'a' is set on object 'Object Repository/ac/New Test Object (1)'

03-07-2024T00:33:19 - [MESSAGE][PASSED] - Text 'a' is set on object 'Object Repository/ac/New Test Object (1)'

03-07-2024T00:33:19 - [TEST_STEP][PASSED] - closeBrowser(): Browser is closed

03-07-2024T00:33:51 - [MESSAGE][PASSED] - Browser is closed]]></system-out>
         <system-err><![CDATA[]]></system-err>
      </testcase>
      <testcase name="Test Cases/thang/New Test Case (8)" time="20.609" classname="Test Cases/thang/New Test Case (8)" status="PASSED">
         <system-out><![CDATA[03-07-2024T00:33:51 - [TEST_CASE][PASSED] - Test Cases/thang/New Test Case (8): Test Cases/thang/New Test Case (8)

03-07-2024T00:33:51 - [TEST_STEP][PASSED] - openBrowser(""): Browser is opened with url: ''

03-07-2024T00:33:51 - [MESSAGE][INFO] - Starting 'Chrome' driver

03-07-2024T00:33:51 - [MESSAGE][INFO] - Action delay is set to 0 milliseconds

03-07-2024T00:33:55 - [MESSAGE][PASSED] - Browser is opened with url: ''

03-07-2024T00:33:55 - [TEST_STEP][PASSED] - navigateToUrl("https://demowebshop.tricentis.com/fiction"): Navigate to 'https://demowebshop.tricentis.com/fiction' successfully

03-07-2024T00:34:01 - [MESSAGE][PASSED] - Navigate to 'https://demowebshop.tricentis.com/fiction' successfully

03-07-2024T00:34:01 - [TEST_STEP][PASSED] - setText(findTestObject("ac/New Test Object (1)"), "a"): Text 'a' is set on object 'Object Repository/ac/New Test Object (1)'

03-07-2024T00:34:02 - [MESSAGE][PASSED] - Text 'a' is set on object 'Object Repository/ac/New Test Object (1)'

03-07-2024T00:34:02 - [TEST_STEP][PASSED] - closeBrowser(): Browser is closed

03-07-2024T00:34:12 - [MESSAGE][PASSED] - Browser is closed]]></system-out>
         <system-err><![CDATA[]]></system-err>
      </testcase>
      <testcase name="Test Cases/thang/New Test Case (8)" time="17.848" classname="Test Cases/thang/New Test Case (8)" status="PASSED">
         <system-out><![CDATA[03-07-2024T00:34:12 - [TEST_CASE][PASSED] - Test Cases/thang/New Test Case (8): Test Cases/thang/New Test Case (8)

03-07-2024T00:34:12 - [TEST_STEP][PASSED] - openBrowser(""): Browser is opened with url: ''

03-07-2024T00:34:12 - [MESSAGE][INFO] - Starting 'Chrome' driver

03-07-2024T00:34:12 - [MESSAGE][INFO] - Action delay is set to 0 milliseconds

03-07-2024T00:34:13 - [MESSAGE][PASSED] - Browser is opened with url: ''

03-07-2024T00:34:13 - [TEST_STEP][PASSED] - navigateToUrl("https://demowebshop.tricentis.com/fiction"): Navigate to 'https://demowebshop.tricentis.com/fiction' successfully

03-07-2024T00:34:20 - [MESSAGE][PASSED] - Navigate to 'https://demowebshop.tricentis.com/fiction' successfully

03-07-2024T00:34:20 - [TEST_STEP][PASSED] - setText(findTestObject("ac/New Test Object (1)"), "a"): Text 'a' is set on object 'Object Repository/ac/New Test Object (1)'

03-07-2024T00:34:21 - [MESSAGE][PASSED] - Text 'a' is set on object 'Object Repository/ac/New Test Object (1)'

03-07-2024T00:34:21 - [TEST_STEP][PASSED] - closeBrowser(): Browser is closed

03-07-2024T00:34:30 - [MESSAGE][PASSED] - Browser is closed]]></system-out>
         <system-err><![CDATA[]]></system-err>
      </testcase>
      <system-out><![CDATA[03-07-2024T00:31:28 - [TEST_SUITE][PASSED] - thang1: Test Cases/thang/New Test Case (8)]]></system-out>
      <system-err><![CDATA[]]></system-err>
   </testsuite>
</testsuites>
