<?xml version="1.0" encoding="UTF-8"?>
<testsuites name="New Dynamic Test Suite" time="47.098" tests="1" failures="0" errors="0">
   <testsuite name="New Dynamic Test Suite" tests="1" failures="0" errors="0" time="47.098" skipped="0" timestamp="04-07-2024T13:15:27" hostname="tuanh - huybt2" id="Test Suites/thang/New Dynamic Test Suite">
      <properties>
         <property name="deviceName" value=""/>
         <property name="devicePlatform" value=""/>
         <property name="logFolder" value="C:\\Users\\tuanh\\git\\kata-oma\\Reports\\20240704_131455\\thang\\New Dynamic Test Suite\\20240704_131455"/>
         <property name="logFiles" value="C:\\Users\\tuanh\\git\\kata-oma\\Reports\\20240704_131455\\thang\\New Dynamic Test Suite\\20240704_131455\\execution0.log"/>
         <property name="attachments" value=""/>
         <property name="hostName" value="tuanh - huybt2"/>
         <property name="os" value="Windows 11 64bit"/>
         <property name="katalonVersion" value="9.4.0.212"/>
         <property name="browser" value="Chrome 126.0.0.0"/>
         <property name="hostAddress" value="172.20.10.2"/>
         <property name="sessionId" value="7e0ae071ca838305ce537e72c9054e78"/>
         <property name="seleniumVersion" value="3.141.59"/>
         <property name="proxyInformation" value="ProxyInformation { proxyOption=NO_PROXY, proxyServerType=HTTP, username=, password=********, proxyServerAddress=, proxyServerPort=0, executionList=&quot;&quot;, isApplyToDesiredCapabilities=true }"/>
         <property name="platform" value="Windows 11"/>
      </properties>
      <testcase name="Test Cases/aa/abc1" time="45.278" classname="Test Cases/aa/abc1" status="PASSED">
         <system-out><![CDATA[04-07-2024T13:15:28 - [TEST_CASE][PASSED] - Test Cases/aa/abc1: Test Cases/aa/abc1

04-07-2024T13:15:30 - [TEST_STEP][PASSED] - openBrowser(""): Browser is opened with url: ''

04-07-2024T13:15:33 - [MESSAGE][INFO] - Starting 'Chrome' driver

04-07-2024T13:15:33 - [MESSAGE][INFO] - Action delay is set to 0 milliseconds

04-07-2024T13:15:49 - [MESSAGE][PASSED] - Browser is opened with url: ''

04-07-2024T13:15:49 - [TEST_STEP][PASSED] - navigateToUrl("https://demowebshop.tricentis.com/fiction"): Navigate to 'https://demowebshop.tricentis.com/fiction' successfully

04-07-2024T13:15:51 - [MESSAGE][PASSED] - Navigate to 'https://demowebshop.tricentis.com/fiction' successfully

04-07-2024T13:15:51 - [TEST_STEP][PASSED] - setText(findTestObject("ac/New Test Object (1)"), "a"): Text 'a' is set on object 'Object Repository/ac/New Test Object (1)'

04-07-2024T13:15:56 - [MESSAGE][PASSED] - Text 'a' is set on object 'Object Repository/ac/New Test Object (1)'

04-07-2024T13:15:56 - [TEST_STEP][PASSED] - closeBrowser(): Browser is closed

04-07-2024T13:16:14 - [MESSAGE][PASSED] - Browser is closed]]></system-out>
         <system-err><![CDATA[]]></system-err>
      </testcase>
      <system-out><![CDATA[04-07-2024T13:15:27 - [TEST_SUITE][PASSED] - New Dynamic Test Suite: Test Cases/aa/abc1]]></system-out>
      <system-err><![CDATA[]]></system-err>
   </testsuite>
</testsuites>
