<?xml version="1.0" encoding="UTF-8"?>
<testsuites name="a" time="124.406" tests="6" failures="0" errors="0">
   <testsuite name="a" tests="6" failures="0" errors="0" time="124.406" skipped="0" timestamp="04-07-2024T12:35:46" hostname="tuanh - huybt2" id="Test Suites/thang/a">
      <properties>
         <property name="deviceName" value=""/>
         <property name="devicePlatform" value=""/>
         <property name="logFolder" value="C:\\Users\\tuanh\\git\\kata-oma\\Reports\\20240704_123451\\thang\\a\\20240704_123453"/>
         <property name="logFiles" value="C:\\Users\\tuanh\\git\\kata-oma\\Reports\\20240704_123451\\thang\\a\\20240704_123453\\execution0.log"/>
         <property name="attachments" value=""/>
         <property name="hostName" value="tuanh - huybt2"/>
         <property name="os" value="Windows 11 64bit"/>
         <property name="katalonVersion" value="9.4.0.212"/>
         <property name="browser" value="Chrome 126.0.0.0"/>
         <property name="hostAddress" value="172.20.10.2"/>
         <property name="sessionId" value="1ed9374632e728cb4a622409b98c2f27"/>
         <property name="seleniumVersion" value="3.141.59"/>
         <property name="proxyInformation" value="ProxyInformation { proxyOption=NO_PROXY, proxyServerType=HTTP, username=, password=********, proxyServerAddress=, proxyServerPort=0, executionList=&quot;&quot;, isApplyToDesiredCapabilities=true }"/>
         <property name="platform" value="Windows 11"/>
      </properties>
      <testcase name="Test Cases/aa/New Test Case" time="37.179" classname="Test Cases/aa/New Test Case" status="PASSED">
         <system-out><![CDATA[04-07-2024T12:35:48 - [TEST_CASE][PASSED] - Test Cases/aa/New Test Case: Test Cases/aa/New Test Case

04-07-2024T12:35:50 - [TEST_STEP][PASSED] - openBrowser(""): Browser is opened with url: ''

04-07-2024T12:35:53 - [MESSAGE][INFO] - Starting 'Chrome' driver

04-07-2024T12:35:53 - [MESSAGE][INFO] - Action delay is set to 0 milliseconds

04-07-2024T12:36:04 - [MESSAGE][PASSED] - Browser is opened with url: ''

04-07-2024T12:36:04 - [TEST_STEP][PASSED] - navigateToUrl("https://demowebshop.tricentis.com/fiction"): Navigate to 'https://demowebshop.tricentis.com/fiction' successfully

04-07-2024T12:36:09 - [MESSAGE][PASSED] - Navigate to 'https://demowebshop.tricentis.com/fiction' successfully

04-07-2024T12:36:09 - [TEST_STEP][PASSED] - setText(findTestObject("ac/New Test Object (1)"), "a"): Text 'a' is set on object 'Object Repository/ac/New Test Object (1)'

04-07-2024T12:36:16 - [MESSAGE][PASSED] - Text 'a' is set on object 'Object Repository/ac/New Test Object (1)'

04-07-2024T12:36:16 - [TEST_STEP][PASSED] - closeBrowser(): Browser is closed

04-07-2024T12:36:25 - [MESSAGE][PASSED] - Browser is closed]]></system-out>
         <system-err><![CDATA[]]></system-err>
      </testcase>
      <testcase name="Test Cases/aa/New Test Case" time="16.616" classname="Test Cases/aa/New Test Case" status="PASSED">
         <system-out><![CDATA[04-07-2024T12:36:25 - [TEST_CASE][PASSED] - Test Cases/aa/New Test Case: Test Cases/aa/New Test Case

04-07-2024T12:36:26 - [TEST_STEP][PASSED] - openBrowser(""): Browser is opened with url: ''

04-07-2024T12:36:26 - [MESSAGE][INFO] - Starting 'Chrome' driver

04-07-2024T12:36:26 - [MESSAGE][INFO] - Action delay is set to 0 milliseconds

04-07-2024T12:36:28 - [MESSAGE][PASSED] - Browser is opened with url: ''

04-07-2024T12:36:28 - [TEST_STEP][PASSED] - navigateToUrl("https://demowebshop.tricentis.com/fiction"): Navigate to 'https://demowebshop.tricentis.com/fiction' successfully

04-07-2024T12:36:35 - [MESSAGE][PASSED] - Navigate to 'https://demowebshop.tricentis.com/fiction' successfully

04-07-2024T12:36:35 - [TEST_STEP][PASSED] - setText(findTestObject("ac/New Test Object (1)"), "a"): Text 'a' is set on object 'Object Repository/ac/New Test Object (1)'

04-07-2024T12:36:36 - [MESSAGE][PASSED] - Text 'a' is set on object 'Object Repository/ac/New Test Object (1)'

04-07-2024T12:36:36 - [TEST_STEP][PASSED] - closeBrowser(): Browser is closed

04-07-2024T12:36:42 - [MESSAGE][PASSED] - Browser is closed]]></system-out>
         <system-err><![CDATA[]]></system-err>
      </testcase>
      <testcase name="Test Cases/aa/New Test Case" time="23.741" classname="Test Cases/aa/New Test Case" status="PASSED">
         <system-out><![CDATA[04-07-2024T12:36:42 - [TEST_CASE][PASSED] - Test Cases/aa/New Test Case: Test Cases/aa/New Test Case

04-07-2024T12:36:42 - [TEST_STEP][PASSED] - openBrowser(""): Browser is opened with url: ''

04-07-2024T12:36:42 - [MESSAGE][INFO] - Starting 'Chrome' driver

04-07-2024T12:36:42 - [MESSAGE][INFO] - Action delay is set to 0 milliseconds

04-07-2024T12:36:46 - [MESSAGE][PASSED] - Browser is opened with url: ''

04-07-2024T12:36:46 - [TEST_STEP][PASSED] - navigateToUrl("https://demowebshop.tricentis.com/fiction"): Navigate to 'https://demowebshop.tricentis.com/fiction' successfully

04-07-2024T12:36:52 - [MESSAGE][PASSED] - Navigate to 'https://demowebshop.tricentis.com/fiction' successfully

04-07-2024T12:36:52 - [TEST_STEP][PASSED] - setText(findTestObject("ac/New Test Object (1)"), "a"): Text 'a' is set on object 'Object Repository/ac/New Test Object (1)'

04-07-2024T12:36:54 - [MESSAGE][PASSED] - Text 'a' is set on object 'Object Repository/ac/New Test Object (1)'

04-07-2024T12:36:54 - [TEST_STEP][PASSED] - closeBrowser(): Browser is closed

04-07-2024T12:37:06 - [MESSAGE][PASSED] - Browser is closed]]></system-out>
         <system-err><![CDATA[]]></system-err>
      </testcase>
      <testcase name="Test Cases/aa/New Test Case" time="20.068" classname="Test Cases/aa/New Test Case" status="PASSED">
         <system-out><![CDATA[04-07-2024T12:37:06 - [TEST_CASE][PASSED] - Test Cases/aa/New Test Case: Test Cases/aa/New Test Case

04-07-2024T12:37:06 - [TEST_STEP][PASSED] - openBrowser(""): Browser is opened with url: ''

04-07-2024T12:37:06 - [MESSAGE][INFO] - Starting 'Chrome' driver

04-07-2024T12:37:06 - [MESSAGE][INFO] - Action delay is set to 0 milliseconds

04-07-2024T12:37:08 - [MESSAGE][PASSED] - Browser is opened with url: ''

04-07-2024T12:37:08 - [TEST_STEP][PASSED] - navigateToUrl("https://demowebshop.tricentis.com/fiction"): Navigate to 'https://demowebshop.tricentis.com/fiction' successfully

04-07-2024T12:37:12 - [MESSAGE][PASSED] - Navigate to 'https://demowebshop.tricentis.com/fiction' successfully

04-07-2024T12:37:12 - [TEST_STEP][PASSED] - setText(findTestObject("ac/New Test Object (1)"), "a"): Text 'a' is set on object 'Object Repository/ac/New Test Object (1)'

04-07-2024T12:37:13 - [MESSAGE][PASSED] - Text 'a' is set on object 'Object Repository/ac/New Test Object (1)'

04-07-2024T12:37:13 - [TEST_STEP][PASSED] - closeBrowser(): Browser is closed

04-07-2024T12:37:26 - [MESSAGE][PASSED] - Browser is closed]]></system-out>
         <system-err><![CDATA[]]></system-err>
      </testcase>
      <testcase name="Test Cases/aa/New Test Case" time="13.828" classname="Test Cases/aa/New Test Case" status="PASSED">
         <system-out><![CDATA[04-07-2024T12:37:26 - [TEST_CASE][PASSED] - Test Cases/aa/New Test Case: Test Cases/aa/New Test Case

04-07-2024T12:37:26 - [TEST_STEP][PASSED] - openBrowser(""): Browser is opened with url: ''

04-07-2024T12:37:26 - [MESSAGE][INFO] - Starting 'Chrome' driver

04-07-2024T12:37:26 - [MESSAGE][INFO] - Action delay is set to 0 milliseconds

04-07-2024T12:37:28 - [MESSAGE][PASSED] - Browser is opened with url: ''

04-07-2024T12:37:28 - [TEST_STEP][PASSED] - navigateToUrl("https://demowebshop.tricentis.com/fiction"): Navigate to 'https://demowebshop.tricentis.com/fiction' successfully

04-07-2024T12:37:33 - [MESSAGE][PASSED] - Navigate to 'https://demowebshop.tricentis.com/fiction' successfully

04-07-2024T12:37:33 - [TEST_STEP][PASSED] - setText(findTestObject("ac/New Test Object (1)"), "a"): Text 'a' is set on object 'Object Repository/ac/New Test Object (1)'

04-07-2024T12:37:35 - [MESSAGE][PASSED] - Text 'a' is set on object 'Object Repository/ac/New Test Object (1)'

04-07-2024T12:37:35 - [TEST_STEP][PASSED] - closeBrowser(): Browser is closed

04-07-2024T12:37:40 - [MESSAGE][PASSED] - Browser is closed]]></system-out>
         <system-err><![CDATA[]]></system-err>
      </testcase>
      <testcase name="Test Cases/aa/New Test Case" time="10.587" classname="Test Cases/aa/New Test Case" status="PASSED">
         <system-out><![CDATA[04-07-2024T12:37:40 - [TEST_CASE][PASSED] - Test Cases/aa/New Test Case: Test Cases/aa/New Test Case

04-07-2024T12:37:40 - [TEST_STEP][PASSED] - openBrowser(""): Browser is opened with url: ''

04-07-2024T12:37:40 - [MESSAGE][INFO] - Starting 'Chrome' driver

04-07-2024T12:37:40 - [MESSAGE][INFO] - Action delay is set to 0 milliseconds

04-07-2024T12:37:42 - [MESSAGE][PASSED] - Browser is opened with url: ''

04-07-2024T12:37:42 - [TEST_STEP][PASSED] - navigateToUrl("https://demowebshop.tricentis.com/fiction"): Navigate to 'https://demowebshop.tricentis.com/fiction' successfully

04-07-2024T12:37:47 - [MESSAGE][PASSED] - Navigate to 'https://demowebshop.tricentis.com/fiction' successfully

04-07-2024T12:37:47 - [TEST_STEP][PASSED] - setText(findTestObject("ac/New Test Object (1)"), "a"): Text 'a' is set on object 'Object Repository/ac/New Test Object (1)'

04-07-2024T12:37:48 - [MESSAGE][PASSED] - Text 'a' is set on object 'Object Repository/ac/New Test Object (1)'

04-07-2024T12:37:48 - [TEST_STEP][PASSED] - closeBrowser(): Browser is closed

04-07-2024T12:37:51 - [MESSAGE][PASSED] - Browser is closed]]></system-out>
         <system-err><![CDATA[]]></system-err>
      </testcase>
      <system-out><![CDATA[04-07-2024T12:35:46 - [TEST_SUITE][PASSED] - a: Test Cases/aa/New Test Case]]></system-out>
      <system-err><![CDATA[]]></system-err>
   </testsuite>
</testsuites>
