<?xml version="1.0" encoding="UTF-8"?>
<testsuites name="api" time="5.599" tests="2" failures="0" errors="0">
   <testsuite name="api" tests="2" failures="0" errors="0" time="5.599" skipped="0" timestamp="28-05-2024T20:46:32" hostname="tuanh - huybt2" id="Test Suites/api">
      <properties>
         <property name="deviceName" value=""/>
         <property name="devicePlatform" value=""/>
         <property name="logFolder" value="C:\\Users\\tuanh\\git\\kata-oma\\Reports\\20240528_204622\\api\\20240528_204622"/>
         <property name="logFiles" value="C:\\Users\\tuanh\\git\\kata-oma\\Reports\\20240528_204622\\api\\20240528_204622\\execution0.log"/>
         <property name="attachments" value=""/>
         <property name="hostName" value="tuanh - huybt2"/>
         <property name="hostAddress" value="192.168.1.8"/>
         <property name="os" value="Windows 11 64bit"/>
         <property name="katalonVersion" value="9.4.0.212"/>
      </properties>
      <testcase name="Test Cases/ad" time="4.835" classname="Test Cases/ad" status="PASSED">
         <system-out><![CDATA[28-05-2024T20:46:33 - [TEST_CASE][PASSED] - Test Cases/ad: Test Cases/ad

28-05-2024T20:46:33 - [TEST_STEP][PASSED] - sendRequest(findTestObject("ac/New Request")): Send request successfully

28-05-2024T20:46:37 - [MESSAGE][INFO] - HAR: C:\Users\tuanh\git\kata-oma\Reports\20240528_204622\api\20240528_204622\requests\main\0.har

28-05-2024T20:46:37 - [MESSAGE][PASSED] - Send request successfully]]></system-out>
         <system-err><![CDATA[]]></system-err>
      </testcase>
      <testcase name="Test Cases/api" time="0.376" classname="Test Cases/api" status="PASSED">
         <system-out><![CDATA[28-05-2024T20:46:37 - [TEST_CASE][PASSED] - Test Cases/api: Test Cases/api

28-05-2024T20:46:38 - [TEST_STEP][PASSED] - sendRequest(findTestObject("ac/New Request")): Send request successfully

28-05-2024T20:46:38 - [MESSAGE][INFO] - HAR: C:\Users\tuanh\git\kata-oma\Reports\20240528_204622\api\20240528_204622\requests\main\1.har

28-05-2024T20:46:38 - [MESSAGE][PASSED] - Send request successfully]]></system-out>
         <system-err><![CDATA[]]></system-err>
      </testcase>
      <system-out><![CDATA[28-05-2024T20:46:32 - [TEST_SUITE][PASSED] - api: Test Cases/api]]></system-out>
      <system-err><![CDATA[]]></system-err>
   </testsuite>
</testsuites>
