<?xml version="1.0" encoding="UTF-8"?>
<testsuites name="New Test Suite (2)" time="73.305" tests="1" failures="0" errors="0">
   <testsuite name="New Test Suite (2)" tests="1" failures="0" errors="0" time="73.305" skipped="0" timestamp="03-07-2024T00:24:45" hostname="tuanh - huybt2" id="Test Suites/New Test Suite (2)">
      <properties>
         <property name="deviceName" value=""/>
         <property name="devicePlatform" value=""/>
         <property name="logFolder" value="C:\\Users\\tuanh\\git\\kata-oma\\Reports\\20240703_002339\\New Test Suite (2)\\20240703_002341"/>
         <property name="logFiles" value="C:\\Users\\tuanh\\git\\kata-oma\\Reports\\20240703_002339\\New Test Suite (2)\\20240703_002341\\execution0.log"/>
         <property name="attachments" value=""/>
         <property name="hostName" value="tuanh - huybt2"/>
         <property name="os" value="Windows 11 64bit"/>
         <property name="katalonVersion" value="9.4.0.212"/>
         <property name="browser" value="Chrome 126.0.0.0"/>
         <property name="hostAddress" value="192.168.1.13"/>
         <property name="sessionId" value="ee37e3837eb704fa0125c35d823504a8"/>
         <property name="seleniumVersion" value="3.141.59"/>
         <property name="proxyInformation" value="ProxyInformation { proxyOption=NO_PROXY, proxyServerType=HTTP, username=, password=********, proxyServerAddress=, proxyServerPort=0, executionList=&quot;&quot;, isApplyToDesiredCapabilities=true }"/>
         <property name="platform" value="Windows 11"/>
      </properties>
      <testcase name="Test Cases/tets1" time="71.854" classname="Test Cases/tets1" status="PASSED">
         <system-out><![CDATA[03-07-2024T00:24:46 - [TEST_CASE][PASSED] - Test Cases/tets1: Test Cases/tets1

03-07-2024T00:24:49 - [TEST_STEP][PASSED] - openBrowser(""): Browser is opened with url: ''

03-07-2024T00:24:51 - [MESSAGE][INFO] - Starting 'Chrome' driver

03-07-2024T00:24:51 - [MESSAGE][INFO] - Action delay is set to 0 milliseconds

03-07-2024T00:25:01 - [MESSAGE][PASSED] - Browser is opened with url: ''

03-07-2024T00:25:01 - [TEST_STEP][PASSED] - closeBrowser(): Browser is closed

03-07-2024T00:25:58 - [MESSAGE][PASSED] - Browser is closed]]></system-out>
         <system-err><![CDATA[]]></system-err>
      </testcase>
      <system-out><![CDATA[03-07-2024T00:24:45 - [TEST_SUITE][PASSED] - New Test Suite (2): Test Cases/tets1]]></system-out>
      <system-err><![CDATA[]]></system-err>
   </testsuite>
</testsuites>
