<?xml version="1.0" encoding="UTF-8"?>
<testsuites name="aa" time="210.827" tests="1" failures="0" errors="0">
   <testsuite name="aa" tests="1" failures="0" errors="0" time="210.827" skipped="0" timestamp="20-06-2024T00:25:28" hostname="tuanh - huybt2" id="Test Suites/aa">
      <properties>
         <property name="deviceName" value=""/>
         <property name="devicePlatform" value=""/>
         <property name="logFolder" value="C:\\Users\\tuanh\\git\\kata-oma\\Reports\\20240620_002027\\aa\\20240620_002045"/>
         <property name="logFiles" value="C:\\Users\\tuanh\\git\\kata-oma\\Reports\\20240620_002027\\aa\\20240620_002045\\execution0.log"/>
         <property name="attachments" value=""/>
         <property name="hostName" value="tuanh - huybt2"/>
         <property name="os" value="Windows 11 64bit"/>
         <property name="katalonVersion" value="9.4.0.212"/>
         <property name="browser" value="Chrome 126.0.0.0"/>
         <property name="hostAddress" value="192.168.1.20"/>
         <property name="sessionId" value="1de53921816f25c7e85b49a82e4a9e57"/>
         <property name="seleniumVersion" value="3.141.59"/>
         <property name="proxyInformation" value="ProxyInformation { proxyOption=NO_PROXY, proxyServerType=HTTP, username=, password=********, proxyServerAddress=, proxyServerPort=0, executionList=&quot;&quot;, isApplyToDesiredCapabilities=true }"/>
         <property name="platform" value="Windows 11"/>
      </properties>
      <testcase name="Test Cases/New Test Case (1)" time="201.535" classname="Test Cases/New Test Case (1)" status="PASSED">
         <system-out><![CDATA[20-06-2024T00:25:37 - [TEST_CASE][PASSED] - Test Cases/New Test Case (1): Test Cases/New Test Case (1)

20-06-2024T00:25:52 - [TEST_STEP][PASSED] - openBrowser(""): Browser is opened with url: ''

20-06-2024T00:26:18 - [MESSAGE][INFO] - Starting 'Chrome' driver

20-06-2024T00:26:22 - [MESSAGE][INFO] - Action delay is set to 0 milliseconds

20-06-2024T00:27:57 - [MESSAGE][PASSED] - Browser is opened with url: ''

20-06-2024T00:27:57 - [TEST_STEP][PASSED] - closeBrowser(): Browser is closed

20-06-2024T00:28:59 - [MESSAGE][PASSED] - Browser is closed]]></system-out>
         <system-err><![CDATA[]]></system-err>
      </testcase>
      <system-out><![CDATA[20-06-2024T00:25:28 - [TEST_SUITE][PASSED] - aa: Test Cases/New Test Case (1)]]></system-out>
      <system-err><![CDATA[]]></system-err>
   </testsuite>
</testsuites>
