<?xml version="1.0" encoding="UTF-8"?>
<testsuites name="aaaaa" time="146.11" tests="1" failures="0" errors="0">
   <testsuite name="aaaaa" tests="1" failures="0" errors="0" time="146.11" skipped="0" timestamp="28-05-2024T23:49:12" hostname="tuanh - huybt2" id="Test Suites/aaaaa">
      <properties>
         <property name="deviceName" value=""/>
         <property name="devicePlatform" value=""/>
         <property name="logFolder" value="C:\\Users\\tuanh\\git\\kata-oma\\Reports\\20240528_233339\\aaaaa\\20240528_233341"/>
         <property name="logFiles" value="C:\\Users\\tuanh\\git\\kata-oma\\Reports\\20240528_233339\\aaaaa\\20240528_233341\\execution0.log"/>
         <property name="attachments" value=""/>
         <property name="hostName" value="tuanh - huybt2"/>
         <property name="os" value="Windows 11 64bit"/>
         <property name="katalonVersion" value="9.4.0.212"/>
         <property name="browser" value="Chrome 125.0.0.0"/>
         <property name="hostAddress" value="192.168.1.8"/>
         <property name="sessionId" value="ff0063b6df2f41397ce15f2c83bab935"/>
         <property name="seleniumVersion" value="3.141.59"/>
         <property name="proxyInformation" value="ProxyInformation { proxyOption=NO_PROXY, proxyServerType=HTTP, username=, password=********, proxyServerAddress=, proxyServerPort=0, executionList=&quot;&quot;, isApplyToDesiredCapabilities=true }"/>
         <property name="platform" value="Windows 11"/>
      </properties>
      <testcase name="Test Cases/tets1" time="133.611" classname="Test Cases/tets1" status="PASSED">
         <system-out><![CDATA[28-05-2024T23:49:25 - [TEST_CASE][PASSED] - Test Cases/tets1: Test Cases/tets1

28-05-2024T23:49:36 - [TEST_STEP][PASSED] - openBrowser(""): Browser is opened with url: ''

28-05-2024T23:49:48 - [MESSAGE][INFO] - Starting 'Chrome' driver

28-05-2024T23:49:50 - [MESSAGE][INFO] - Action delay is set to 0 milliseconds

28-05-2024T23:50:37 - [MESSAGE][PASSED] - Browser is opened with url: ''

28-05-2024T23:50:37 - [TEST_STEP][PASSED] - closeBrowser(): Browser is closed

28-05-2024T23:51:39 - [MESSAGE][PASSED] - Browser is closed]]></system-out>
         <system-err><![CDATA[]]></system-err>
      </testcase>
      <system-out><![CDATA[28-05-2024T23:49:12 - [TEST_SUITE][PASSED] - aaaaa: Test Cases/tets1]]></system-out>
      <system-err><![CDATA[]]></system-err>
   </testsuite>
</testsuites>
