<?xml version="1.0" encoding="UTF-8"?>
<testsuites name="New Test Suite (2)" time="64.349" tests="1" failures="0" errors="0">
   <testsuite name="New Test Suite (2)" tests="1" failures="0" errors="0" time="64.349" skipped="0" timestamp="25-05-2024T22:37:39" hostname="tuanh - huybt2" id="Test Suites/New Test Suite (2)">
      <properties>
         <property name="deviceName" value=""/>
         <property name="devicePlatform" value=""/>
         <property name="logFolder" value="C:\\Users\\tuanh\\git\\kata-oma\\Reports\\20240525_223658\\New Test Suite (2)\\20240525_223702"/>
         <property name="logFiles" value="C:\\Users\\tuanh\\git\\kata-oma\\Reports\\20240525_223658\\New Test Suite (2)\\20240525_223702\\execution0.log"/>
         <property name="attachments" value=""/>
         <property name="hostName" value="tuanh - huybt2"/>
         <property name="os" value="Windows 11 64bit"/>
         <property name="katalonVersion" value="9.4.0.212"/>
         <property name="browser" value="Chrome 125.0.0.0"/>
         <property name="hostAddress" value="192.168.1.6"/>
         <property name="sessionId" value="38e68ace3492409d60b69272396b4ce6"/>
         <property name="seleniumVersion" value="3.141.59"/>
         <property name="proxyInformation" value="ProxyInformation { proxyOption=NO_PROXY, proxyServerType=HTTP, username=, password=********, proxyServerAddress=, proxyServerPort=0, executionList=&quot;&quot;, isApplyToDesiredCapabilities=true }"/>
         <property name="platform" value="Windows 11"/>
      </properties>
      <testcase name="Test Cases/tets1" time="63.521" classname="Test Cases/tets1" status="PASSED">
         <system-out><![CDATA[25-05-2024T22:37:40 - [TEST_CASE][PASSED] - Test Cases/tets1: Test Cases/tets1

25-05-2024T22:37:41 - [TEST_STEP][PASSED] - openBrowser(""): Browser is opened with url: ''

25-05-2024T22:37:44 - [MESSAGE][INFO] - Starting 'Chrome' driver

25-05-2024T22:37:44 - [MESSAGE][INFO] - Action delay is set to 0 milliseconds

25-05-2024T22:38:05 - [MESSAGE][PASSED] - Browser is opened with url: ''

25-05-2024T22:38:05 - [TEST_STEP][PASSED] - closeBrowser(): Browser is closed

25-05-2024T22:38:43 - [MESSAGE][PASSED] - Browser is closed]]></system-out>
         <system-err><![CDATA[]]></system-err>
      </testcase>
      <system-out><![CDATA[25-05-2024T22:37:39 - [TEST_SUITE][PASSED] - New Test Suite (2): Test Cases/tets1]]></system-out>
      <system-err><![CDATA[]]></system-err>
   </testsuite>
</testsuites>
