<?xml version="1.0" encoding="UTF-8"?>
<testsuites name="api" time="4.086" tests="1" failures="0" errors="0">
   <testsuite name="api" tests="1" failures="0" errors="0" time="4.086" skipped="0" timestamp="20-05-2024T09:11:30" hostname="tuanh - huybt2" id="Test Suites/api">
      <properties>
         <property name="deviceName" value=""/>
         <property name="devicePlatform" value=""/>
         <property name="logFolder" value="C:\\Users\\tuanh\\git\\kata-oma\\Reports\\20240520_091120\\api\\20240520_091120"/>
         <property name="logFiles" value="C:\\Users\\tuanh\\git\\kata-oma\\Reports\\20240520_091120\\api\\20240520_091120\\execution0.log"/>
         <property name="attachments" value=""/>
         <property name="hostName" value="tuanh - huybt2"/>
         <property name="hostAddress" value="172.20.10.2"/>
         <property name="os" value="Windows 11 64bit"/>
         <property name="katalonVersion" value="9.4.0.212"/>
      </properties>
      <testcase name="Test Cases/ac/New Test Case" time="3.687" classname="Test Cases/ac/New Test Case" status="PASSED">
         <system-out><![CDATA[20-05-2024T09:11:30 - [TEST_CASE][PASSED] - Test Cases/ac/New Test Case: Test Cases/ac/New Test Case

20-05-2024T09:11:30 - [TEST_STEP][PASSED] - sendRequest(findTestObject("ac/New Request")): Send request successfully

20-05-2024T09:11:34 - [MESSAGE][INFO] - HAR: C:\Users\tuanh\git\kata-oma\Reports\20240520_091120\api\20240520_091120\requests\main\0.har

20-05-2024T09:11:34 - [MESSAGE][PASSED] - Send request successfully]]></system-out>
         <system-err><![CDATA[]]></system-err>
      </testcase>
      <system-out><![CDATA[20-05-2024T09:11:30 - [TEST_SUITE][PASSED] - api: Test Cases/ac/New Test Case]]></system-out>
      <system-err><![CDATA[]]></system-err>
   </testsuite>
</testsuites>
