<?xml version="1.0" encoding="UTF-8"?>
<testsuites name="a" time="92.769" tests="1" failures="0" errors="0">
   <testsuite name="a" tests="1" failures="0" errors="0" time="92.769" skipped="0" timestamp="04-07-2024T17:49:47" hostname="tuanh - huybt2" id="Test Suites/a">
      <properties>
         <property name="deviceName" value=""/>
         <property name="devicePlatform" value=""/>
         <property name="logFolder" value="C:\\Users\\tuanh\\git\\kata-oma\\Reports\\20240704_174918\\a\\20240704_174919"/>
         <property name="logFiles" value="C:\\Users\\tuanh\\git\\kata-oma\\Reports\\20240704_174918\\a\\20240704_174919\\execution0.log"/>
         <property name="attachments" value=""/>
         <property name="hostName" value="tuanh - huybt2"/>
         <property name="os" value="Windows 11 64bit"/>
         <property name="katalonVersion" value="9.4.0.212"/>
         <property name="browser" value="Chrome 126.0.0.0"/>
         <property name="hostAddress" value="192.168.1.6"/>
         <property name="sessionId" value="c30bba9c4795a8b42a4124373350f693"/>
         <property name="seleniumVersion" value="3.141.59"/>
         <property name="proxyInformation" value="ProxyInformation { proxyOption=NO_PROXY, proxyServerType=HTTP, username=, password=********, proxyServerAddress=, proxyServerPort=0, executionList=&quot;&quot;, isApplyToDesiredCapabilities=true }"/>
         <property name="platform" value="Windows 11"/>
      </properties>
      <testcase name="Test Cases/New Folder/New Test Case (18)" time="90.55" classname="Test Cases/New Folder/New Test Case (18)" status="PASSED">
         <system-out><![CDATA[04-07-2024T17:49:49 - [TEST_CASE][PASSED] - Test Cases/New Folder/New Test Case (18): Test Cases/New Folder/New Test Case (18)

04-07-2024T17:49:51 - [TEST_STEP][PASSED] - openBrowser(""): Browser is opened with url: ''

04-07-2024T17:49:54 - [MESSAGE][INFO] - Starting 'Chrome' driver

04-07-2024T17:49:56 - [MESSAGE][INFO] - Action delay is set to 0 milliseconds

04-07-2024T17:50:33 - [MESSAGE][PASSED] - Browser is opened with url: ''

04-07-2024T17:50:33 - [TEST_STEP][PASSED] - closeBrowser(): Browser is closed

04-07-2024T17:51:19 - [MESSAGE][PASSED] - Browser is closed]]></system-out>
         <system-err><![CDATA[]]></system-err>
      </testcase>
      <system-out><![CDATA[04-07-2024T17:49:47 - [TEST_SUITE][PASSED] - a: Test Cases/New Folder/New Test Case (18)]]></system-out>
      <system-err><![CDATA[]]></system-err>
   </testsuite>
</testsuites>
