<?xml version="1.0" encoding="UTF-8"?>
<testsuites name="abc" time="64.466" tests="1" failures="0" errors="0">
   <testsuite name="abc" tests="1" failures="0" errors="0" time="64.466" skipped="0" timestamp="20-06-2024T23:49:31" hostname="tuanh - huybt2" id="Test Suites/abc">
      <properties>
         <property name="deviceName" value=""/>
         <property name="devicePlatform" value=""/>
         <property name="logFolder" value="C:\\Users\\tuanh\\git\\kata-oma\\Reports\\20240620_234710\\abc\\20240620_234714"/>
         <property name="logFiles" value="C:\\Users\\tuanh\\git\\kata-oma\\Reports\\20240620_234710\\abc\\20240620_234714\\execution0.log"/>
         <property name="attachments" value=""/>
         <property name="hostName" value="tuanh - huybt2"/>
         <property name="os" value="Windows 11 64bit"/>
         <property name="katalonVersion" value="9.4.0.212"/>
         <property name="browser" value="Chrome 126.0.0.0"/>
         <property name="hostAddress" value="192.168.1.20"/>
         <property name="sessionId" value="0f979f146bb034c6b325ec8d9cfaff83"/>
         <property name="seleniumVersion" value="3.141.59"/>
         <property name="proxyInformation" value="ProxyInformation { proxyOption=NO_PROXY, proxyServerType=HTTP, username=, password=********, proxyServerAddress=, proxyServerPort=0, executionList=&quot;&quot;, isApplyToDesiredCapabilities=true }"/>
         <property name="platform" value="Windows 11"/>
      </properties>
      <testcase name="Test Cases/tets1" time="57.147" classname="Test Cases/tets1" status="PASSED">
         <system-out><![CDATA[20-06-2024T23:49:39 - [TEST_CASE][PASSED] - Test Cases/tets1: Test Cases/tets1

20-06-2024T23:49:44 - [TEST_STEP][PASSED] - openBrowser(""): Browser is opened with url: ''

20-06-2024T23:49:52 - [MESSAGE][INFO] - Starting 'Chrome' driver

20-06-2024T23:49:53 - [MESSAGE][INFO] - Action delay is set to 0 milliseconds

20-06-2024T23:50:26 - [MESSAGE][PASSED] - Browser is opened with url: ''

20-06-2024T23:50:26 - [TEST_STEP][PASSED] - closeBrowser(): Browser is closed

20-06-2024T23:50:36 - [MESSAGE][PASSED] - Browser is closed]]></system-out>
         <system-err><![CDATA[]]></system-err>
      </testcase>
      <system-out><![CDATA[20-06-2024T23:49:31 - [TEST_SUITE][PASSED] - abc: Test Cases/tets1]]></system-out>
      <system-err><![CDATA[]]></system-err>
   </testsuite>
</testsuites>
