<?xml version="1.0" encoding="UTF-8"?>
<testsuites name="a" time="99.248" tests="1" failures="0" errors="0">
   <testsuite name="a" tests="1" failures="0" errors="0" time="99.248" skipped="0" timestamp="27-06-2024T19:48:08" hostname="tuanh - host.docker.internal" id="Test Suites/a">
      <properties>
         <property name="deviceName" value=""/>
         <property name="devicePlatform" value=""/>
         <property name="logFolder" value="C:\\Users\\tuanh\\git\\kata-oma\\Reports\\20240627_194617\\a\\20240627_194621"/>
         <property name="logFiles" value="C:\\Users\\tuanh\\git\\kata-oma\\Reports\\20240627_194617\\a\\20240627_194621\\execution0.log"/>
         <property name="attachments" value=""/>
         <property name="hostName" value="tuanh - host.docker.internal"/>
         <property name="os" value="Windows 11 64bit"/>
         <property name="katalonVersion" value="9.4.0.212"/>
         <property name="browser" value="Chrome 126.0.0.0"/>
         <property name="hostAddress" value="192.168.1.11"/>
         <property name="sessionId" value="2dd7b97c2b29003c35f80b4d3840c944"/>
         <property name="seleniumVersion" value="3.141.59"/>
         <property name="proxyInformation" value="ProxyInformation { proxyOption=NO_PROXY, proxyServerType=HTTP, username=, password=********, proxyServerAddress=, proxyServerPort=0, executionList=&quot;&quot;, isApplyToDesiredCapabilities=true }"/>
         <property name="platform" value="Windows 11"/>
      </properties>
      <testcase name="Test Cases/New Folder/New Test Case (18)" time="95.979" classname="Test Cases/New Folder/New Test Case (18)" status="PASSED">
         <system-out><![CDATA[27-06-2024T19:48:11 - [TEST_CASE][PASSED] - Test Cases/New Folder/New Test Case (18): Test Cases/New Folder/New Test Case (18)

27-06-2024T19:48:19 - [TEST_STEP][PASSED] - openBrowser(""): Browser is opened with url: ''

27-06-2024T19:48:30 - [MESSAGE][INFO] - Starting 'Chrome' driver

27-06-2024T19:48:32 - [MESSAGE][INFO] - Action delay is set to 0 milliseconds

27-06-2024T19:49:20 - [MESSAGE][PASSED] - Browser is opened with url: ''

27-06-2024T19:49:20 - [TEST_STEP][PASSED] - closeBrowser(): Browser is closed

27-06-2024T19:49:47 - [MESSAGE][PASSED] - Browser is closed]]></system-out>
         <system-err><![CDATA[]]></system-err>
      </testcase>
      <system-out><![CDATA[27-06-2024T19:48:08 - [TEST_SUITE][PASSED] - a: Test Cases/New Folder/New Test Case (18)]]></system-out>
      <system-err><![CDATA[]]></system-err>
   </testsuite>
</testsuites>
