<?xml version="1.0" encoding="UTF-8"?>
<testsuites name="aaaaa" time="74.802" tests="1" failures="0" errors="0">
   <testsuite name="aaaaa" tests="1" failures="0" errors="0" time="74.802" skipped="0" timestamp="29-05-2024T22:25:29" hostname="tuanh - huybt2" id="Test Suites/aaaaa">
      <properties>
         <property name="deviceName" value=""/>
         <property name="devicePlatform" value=""/>
         <property name="logFolder" value="C:\\Users\\tuanh\\git\\kata-oma\\Reports\\20240529_222254\\aaaaa\\20240529_222259"/>
         <property name="logFiles" value="C:\\Users\\tuanh\\git\\kata-oma\\Reports\\20240529_222254\\aaaaa\\20240529_222259\\execution0.log"/>
         <property name="attachments" value=""/>
         <property name="hostName" value="tuanh - huybt2"/>
         <property name="os" value="Windows 11 64bit"/>
         <property name="katalonVersion" value="9.4.0.212"/>
         <property name="browser" value="Chrome 125.0.0.0"/>
         <property name="hostAddress" value="192.168.1.9"/>
         <property name="sessionId" value="6a22fe8323516f48f2732dc1929b958a"/>
         <property name="seleniumVersion" value="3.141.59"/>
         <property name="proxyInformation" value="ProxyInformation { proxyOption=NO_PROXY, proxyServerType=HTTP, username=, password=********, proxyServerAddress=, proxyServerPort=0, executionList=&quot;&quot;, isApplyToDesiredCapabilities=true }"/>
         <property name="platform" value="Windows 11"/>
      </properties>
      <testcase name="Test Cases/tets1" time="73.78" classname="Test Cases/tets1" status="PASSED">
         <system-out><![CDATA[29-05-2024T22:25:30 - [TEST_CASE][PASSED] - Test Cases/tets1: Test Cases/tets1

29-05-2024T22:25:32 - [TEST_STEP][PASSED] - openBrowser(""): Browser is opened with url: ''

29-05-2024T22:25:33 - [MESSAGE][INFO] - Starting 'Chrome' driver

29-05-2024T22:25:34 - [MESSAGE][INFO] - Action delay is set to 0 milliseconds

29-05-2024T22:26:07 - [MESSAGE][PASSED] - Browser is opened with url: ''

29-05-2024T22:26:07 - [TEST_STEP][PASSED] - closeBrowser(): Browser is closed

29-05-2024T22:26:43 - [MESSAGE][PASSED] - Browser is closed]]></system-out>
         <system-err><![CDATA[]]></system-err>
      </testcase>
      <system-out><![CDATA[29-05-2024T22:25:29 - [TEST_SUITE][PASSED] - aaaaa: Test Cases/tets1]]></system-out>
      <system-err><![CDATA[]]></system-err>
   </testsuite>
</testsuites>
