<?xml version="1.0" encoding="UTF-8"?>
<testsuites name="aaaaa" time="13.834" tests="1" failures="0" errors="0">
   <testsuite name="aaaaa" tests="1" failures="0" errors="0" time="13.834" skipped="0" timestamp="26-05-2024T00:18:19" hostname="tuanh - huybt2" id="Test Suites/aaaaa">
      <properties>
         <property name="deviceName" value=""/>
         <property name="devicePlatform" value=""/>
         <property name="logFolder" value="C:\\Users\\tuanh\\git\\kata-oma\\Reports\\20240526_001442\\aaaaa\\20240526_001444"/>
         <property name="logFiles" value="C:\\Users\\tuanh\\git\\kata-oma\\Reports\\20240526_001442\\aaaaa\\20240526_001444\\execution0.log"/>
         <property name="attachments" value=""/>
         <property name="hostName" value="tuanh - huybt2"/>
         <property name="os" value="Windows 11 64bit"/>
         <property name="katalonVersion" value="9.4.0.212"/>
         <property name="browser" value="Chrome 125.0.0.0"/>
         <property name="hostAddress" value="192.168.1.6"/>
         <property name="sessionId" value="ff21f3750390967b2bfe1d109cde8819"/>
         <property name="seleniumVersion" value="3.141.59"/>
         <property name="proxyInformation" value="ProxyInformation { proxyOption=NO_PROXY, proxyServerType=HTTP, username=, password=********, proxyServerAddress=, proxyServerPort=0, executionList=&quot;&quot;, isApplyToDesiredCapabilities=true }"/>
         <property name="platform" value="Windows 11"/>
      </properties>
      <testcase name="Test Cases/tets1" time="12.932" classname="Test Cases/tets1" status="PASSED">
         <system-out><![CDATA[26-05-2024T00:18:19 - [TEST_CASE][PASSED] - Test Cases/tets1: Test Cases/tets1

26-05-2024T00:18:21 - [TEST_STEP][PASSED] - openBrowser(""): Browser is opened with url: ''

26-05-2024T00:18:23 - [MESSAGE][INFO] - Starting 'Chrome' driver

26-05-2024T00:18:23 - [MESSAGE][INFO] - Action delay is set to 0 milliseconds

26-05-2024T00:18:27 - [MESSAGE][PASSED] - Browser is opened with url: ''

26-05-2024T00:18:27 - [TEST_STEP][PASSED] - closeBrowser(): Browser is closed

26-05-2024T00:18:32 - [MESSAGE][PASSED] - Browser is closed]]></system-out>
         <system-err><![CDATA[]]></system-err>
      </testcase>
      <system-out><![CDATA[26-05-2024T00:18:19 - [TEST_SUITE][PASSED] - aaaaa: Test Cases/tets1]]></system-out>
      <system-err><![CDATA[]]></system-err>
   </testsuite>
</testsuites>
