<?xml version="1.0" encoding="UTF-8"?>
<testsuites name="checkpoint" time="61.467" tests="1" failures="0" errors="0">
   <testsuite name="checkpoint" tests="1" failures="0" errors="0" time="61.467" skipped="0" timestamp="26-05-2024T17:30:27" hostname="tuanh - huybt2" id="Test Suites/checkpoint">
      <properties>
         <property name="deviceName" value=""/>
         <property name="devicePlatform" value=""/>
         <property name="logFolder" value="C:\\Users\\tuanh\\git\\kata-oma\\Reports\\20240526_173004\\checkpoint\\20240526_173004"/>
         <property name="logFiles" value="C:\\Users\\tuanh\\git\\kata-oma\\Reports\\20240526_173004\\checkpoint\\20240526_173004\\execution0.log"/>
         <property name="attachments" value="keyes\keyes-current_viewport 1.png, keyes\keyes-current_viewport 2.png, keyes\keyes-current_viewport 3.png, keyes\keyes-current_viewport 4.png, keyes\keyes-current_viewport 5.png, keyes\keyes-current_viewport 6.png, keyes\keyes-current_viewport 7.png, keyes\keyes-current_viewport 8.png, keyes\keyes-current_viewport9.png, keyes\keyes-current_viewport 10.png, keyes\keyes-current_viewport11.png, keyes\keyes-current_viewport12.png, keyes\keyes-current_viewport13.png, keyes\keyes-current_viewport14.png, keyes\keyes-current_viewport15.png, keyes\keyes-current_viewport16.png, keyes\keyes-current_viewport17.png, keyes\keyes-current_viewport16.png"/>
         <property name="hostName" value="tuanh - huybt2"/>
         <property name="os" value="Windows 11 64bit"/>
         <property name="katalonVersion" value="9.4.0.212"/>
         <property name="browser" value="Chrome 125.0.0.0"/>
         <property name="hostAddress" value="192.168.1.6"/>
         <property name="sessionId" value="bd80f7ccf5d38a3a2b46e0a9a73d5ee6"/>
         <property name="seleniumVersion" value="3.141.59"/>
         <property name="proxyInformation" value="ProxyInformation { proxyOption=NO_PROXY, proxyServerType=HTTP, username=, password=********, proxyServerAddress=, proxyServerPort=0, executionList=&quot;&quot;, isApplyToDesiredCapabilities=true }"/>
         <property name="platform" value="Windows 11"/>
      </properties>
      <testcase name="Test Cases/ac/checkpoint 2" time="60.639" classname="Test Cases/ac/checkpoint 2" status="PASSED">
         <system-out><![CDATA[26-05-2024T17:30:28 - [TEST_CASE][PASSED] - Test Cases/ac/checkpoint 2: Test Cases/ac/checkpoint 2

26-05-2024T17:30:30 - [TEST_STEP][PASSED] - openBrowser(""): Browser is opened with url: ''

26-05-2024T17:30:32 - [MESSAGE][INFO] - Starting 'Chrome' driver

26-05-2024T17:30:32 - [MESSAGE][INFO] - Action delay is set to 0 milliseconds

26-05-2024T17:30:39 - [MESSAGE][PASSED] - Browser is opened with url: ''

26-05-2024T17:30:39 - [TEST_STEP][PASSED] - navigateToUrl("https://academy.katalon.com/"): Navigate to 'https://academy.katalon.com/' successfully

26-05-2024T17:30:50 - [MESSAGE][PASSED] - Navigate to 'https://academy.katalon.com/' successfully

26-05-2024T17:30:50 - [TEST_STEP][PASSED] - takeScreenshotAsCheckpoint("current_viewport 1"): Taking screenshot successfully

26-05-2024T17:30:54 - [MESSAGE][INFO] - 0 hidden object(s)

26-05-2024T17:30:55 - [MESSAGE][PASSED] - Taking screenshot successfully
[[ATTACHMENT|keyes\keyes-current_viewport 1.png]]

26-05-2024T17:30:55 - [TEST_STEP][PASSED] - takeScreenshotAsCheckpoint("current_viewport 2 "): Taking screenshot successfully

26-05-2024T17:30:57 - [MESSAGE][INFO] - 0 hidden object(s)

26-05-2024T17:30:57 - [MESSAGE][PASSED] - Taking screenshot successfully
[[ATTACHMENT|keyes\keyes-current_viewport 2.png]]

26-05-2024T17:30:57 - [TEST_STEP][PASSED] - takeScreenshotAsCheckpoint("current_viewport 3"): Taking screenshot successfully

26-05-2024T17:30:59 - [MESSAGE][INFO] - 0 hidden object(s)

26-05-2024T17:31:00 - [MESSAGE][PASSED] - Taking screenshot successfully
[[ATTACHMENT|keyes\keyes-current_viewport 3.png]]

26-05-2024T17:31:00 - [TEST_STEP][PASSED] - takeScreenshotAsCheckpoint("current_viewport 4"): Taking screenshot successfully

26-05-2024T17:31:01 - [MESSAGE][INFO] - 0 hidden object(s)

26-05-2024T17:31:02 - [MESSAGE][PASSED] - Taking screenshot successfully
[[ATTACHMENT|keyes\keyes-current_viewport 4.png]]

26-05-2024T17:31:02 - [TEST_STEP][PASSED] - takeScreenshotAsCheckpoint("current_viewport 5"): Taking screenshot successfully

26-05-2024T17:31:05 - [MESSAGE][INFO] - 0 hidden object(s)

26-05-2024T17:31:05 - [MESSAGE][PASSED] - Taking screenshot successfully
[[ATTACHMENT|keyes\keyes-current_viewport 5.png]]

26-05-2024T17:31:05 - [TEST_STEP][PASSED] - takeScreenshotAsCheckpoint("current_viewport 6"): Taking screenshot successfully

26-05-2024T17:31:08 - [MESSAGE][INFO] - 0 hidden object(s)

26-05-2024T17:31:08 - [MESSAGE][PASSED] - Taking screenshot successfully
[[ATTACHMENT|keyes\keyes-current_viewport 6.png]]

26-05-2024T17:31:08 - [TEST_STEP][PASSED] - takeScreenshotAsCheckpoint("current_viewport 7"): Taking screenshot successfully

26-05-2024T17:31:09 - [MESSAGE][INFO] - 0 hidden object(s)

26-05-2024T17:31:10 - [MESSAGE][PASSED] - Taking screenshot successfully
[[ATTACHMENT|keyes\keyes-current_viewport 7.png]]

26-05-2024T17:31:10 - [TEST_STEP][PASSED] - takeScreenshotAsCheckpoint("current_viewport 8 "): Taking screenshot successfully

26-05-2024T17:31:11 - [MESSAGE][INFO] - 0 hidden object(s)

26-05-2024T17:31:11 - [MESSAGE][PASSED] - Taking screenshot successfully
[[ATTACHMENT|keyes\keyes-current_viewport 8.png]]

26-05-2024T17:31:11 - [TEST_STEP][PASSED] - takeScreenshotAsCheckpoint("current_viewport9"): Taking screenshot successfully

26-05-2024T17:31:12 - [MESSAGE][INFO] - 0 hidden object(s)

26-05-2024T17:31:12 - [MESSAGE][PASSED] - Taking screenshot successfully
[[ATTACHMENT|keyes\keyes-current_viewport9.png]]

26-05-2024T17:31:12 - [TEST_STEP][PASSED] - takeScreenshotAsCheckpoint("current_viewport 10"): Taking screenshot successfully

26-05-2024T17:31:13 - [MESSAGE][INFO] - 0 hidden object(s)

26-05-2024T17:31:14 - [MESSAGE][PASSED] - Taking screenshot successfully
[[ATTACHMENT|keyes\keyes-current_viewport 10.png]]

26-05-2024T17:31:14 - [TEST_STEP][PASSED] - takeScreenshotAsCheckpoint("current_viewport11"): Taking screenshot successfully

26-05-2024T17:31:15 - [MESSAGE][INFO] - 0 hidden object(s)

26-05-2024T17:31:15 - [MESSAGE][PASSED] - Taking screenshot successfully
[[ATTACHMENT|keyes\keyes-current_viewport11.png]]

26-05-2024T17:31:15 - [TEST_STEP][PASSED] - takeScreenshotAsCheckpoint("current_viewport12"): Taking screenshot successfully

26-05-2024T17:31:16 - [MESSAGE][INFO] - 0 hidden object(s)

26-05-2024T17:31:16 - [MESSAGE][PASSED] - Taking screenshot successfully
[[ATTACHMENT|keyes\keyes-current_viewport12.png]]

26-05-2024T17:31:16 - [TEST_STEP][PASSED] - takeScreenshotAsCheckpoint("current_viewport13"): Taking screenshot successfully

26-05-2024T17:31:18 - [MESSAGE][INFO] - 0 hidden object(s)

26-05-2024T17:31:18 - [MESSAGE][PASSED] - Taking screenshot successfully
[[ATTACHMENT|keyes\keyes-current_viewport13.png]]

26-05-2024T17:31:18 - [TEST_STEP][PASSED] - takeScreenshotAsCheckpoint("current_viewport14"): Taking screenshot successfully

26-05-2024T17:31:19 - [MESSAGE][INFO] - 0 hidden object(s)

26-05-2024T17:31:19 - [MESSAGE][PASSED] - Taking screenshot successfully
[[ATTACHMENT|keyes\keyes-current_viewport14.png]]

26-05-2024T17:31:19 - [TEST_STEP][PASSED] - takeScreenshotAsCheckpoint("current_viewport15"): Taking screenshot successfully

26-05-2024T17:31:20 - [MESSAGE][INFO] - 0 hidden object(s)

26-05-2024T17:31:20 - [MESSAGE][PASSED] - Taking screenshot successfully
[[ATTACHMENT|keyes\keyes-current_viewport15.png]]

26-05-2024T17:31:20 - [TEST_STEP][PASSED] - takeScreenshotAsCheckpoint("current_viewport16"): Taking screenshot successfully

26-05-2024T17:31:21 - [MESSAGE][INFO] - 0 hidden object(s)

26-05-2024T17:31:22 - [MESSAGE][PASSED] - Taking screenshot successfully
[[ATTACHMENT|keyes\keyes-current_viewport16.png]]

26-05-2024T17:31:22 - [TEST_STEP][PASSED] - takeScreenshotAsCheckpoint("current_viewport17"): Taking screenshot successfully

26-05-2024T17:31:23 - [MESSAGE][INFO] - 0 hidden object(s)

26-05-2024T17:31:23 - [MESSAGE][PASSED] - Taking screenshot successfully
[[ATTACHMENT|keyes\keyes-current_viewport17.png]]

26-05-2024T17:31:23 - [TEST_STEP][PASSED] - takeScreenshotAsCheckpoint("current_viewport16"): Taking screenshot successfully

26-05-2024T17:31:24 - [MESSAGE][INFO] - 0 hidden object(s)

26-05-2024T17:31:25 - [MESSAGE][PASSED] - Taking screenshot successfully
[[ATTACHMENT|keyes\keyes-current_viewport16.png]]

26-05-2024T17:31:25 - [TEST_STEP][PASSED] - closeBrowser(): Browser is closed

26-05-2024T17:31:29 - [MESSAGE][PASSED] - Browser is closed]]></system-out>
         <system-err><![CDATA[]]></system-err>
      </testcase>
      <system-out><![CDATA[26-05-2024T17:30:27 - [TEST_SUITE][PASSED] - checkpoint: Test Cases/ac/checkpoint 2]]></system-out>
      <system-err><![CDATA[]]></system-err>
   </testsuite>
</testsuites>
