<?xml version="1.0" encoding="UTF-8"?>
<testsuites name="a" time="98.041" tests="6" failures="0" errors="0">
   <testsuite name="a" tests="6" failures="0" errors="0" time="98.041" skipped="0" timestamp="04-07-2024T22:20:39" hostname="tuanh - huybt2" id="Test Suites/thang/a">
      <properties>
         <property name="deviceName" value=""/>
         <property name="devicePlatform" value=""/>
         <property name="logFolder" value="C:\\Users\\tuanh\\git\\kata-oma\\Reports\\20240704_222022\\thang\\a\\20240704_222023"/>
         <property name="logFiles" value="C:\\Users\\tuanh\\git\\kata-oma\\Reports\\20240704_222022\\thang\\a\\20240704_222023\\execution0.log"/>
         <property name="attachments" value=""/>
         <property name="hostName" value="tuanh - huybt2"/>
         <property name="os" value="Windows 11 64bit"/>
         <property name="katalonVersion" value="9.4.0.212"/>
         <property name="browser" value="Chrome 126.0.0.0"/>
         <property name="hostAddress" value="192.168.1.6"/>
         <property name="sessionId" value="e3111919f0a5c5fc309805f8248c5bc7"/>
         <property name="seleniumVersion" value="3.141.59"/>
         <property name="proxyInformation" value="ProxyInformation { proxyOption=NO_PROXY, proxyServerType=HTTP, username=, password=********, proxyServerAddress=, proxyServerPort=0, executionList=&quot;&quot;, isApplyToDesiredCapabilities=true }"/>
         <property name="platform" value="Windows 11"/>
      </properties>
      <testcase name="Test Cases/aa/aa1" time="15.349" classname="Test Cases/aa/aa1" status="PASSED">
         <system-out><![CDATA[04-07-2024T22:20:41 - [TEST_CASE][PASSED] - Test Cases/aa/aa1: Test Cases/aa/aa1

04-07-2024T22:20:43 - [TEST_STEP][PASSED] - openBrowser(""): Browser is opened with url: ''

04-07-2024T22:20:44 - [MESSAGE][INFO] - Starting 'Chrome' driver

04-07-2024T22:20:44 - [MESSAGE][INFO] - Action delay is set to 0 milliseconds

04-07-2024T22:20:49 - [MESSAGE][PASSED] - Browser is opened with url: ''

04-07-2024T22:20:49 - [TEST_STEP][PASSED] - println($a - $variable - $variable_0): null

04-07-2024T22:20:49 - [TEST_STEP][PASSED] - navigateToUrl("https://demowebshop.tricentis.com/fiction"): Navigate to 'https://demowebshop.tricentis.com/fiction' successfully

04-07-2024T22:20:55 - [MESSAGE][PASSED] - Navigate to 'https://demowebshop.tricentis.com/fiction' successfully

04-07-2024T22:20:55 - [TEST_STEP][PASSED] - closeBrowser(): Browser is closed

04-07-2024T22:20:56 - [MESSAGE][PASSED] - Browser is closed]]></system-out>
         <system-err><![CDATA[]]></system-err>
      </testcase>
      <testcase name="Test Cases/aa/aa1" time="19.466" classname="Test Cases/aa/aa1" status="PASSED">
         <system-out><![CDATA[04-07-2024T22:20:57 - [TEST_CASE][PASSED] - Test Cases/aa/aa1: Test Cases/aa/aa1

04-07-2024T22:20:57 - [TEST_STEP][PASSED] - openBrowser(""): Browser is opened with url: ''

04-07-2024T22:20:57 - [MESSAGE][INFO] - Starting 'Chrome' driver

04-07-2024T22:20:57 - [MESSAGE][INFO] - Action delay is set to 0 milliseconds

04-07-2024T22:21:03 - [MESSAGE][PASSED] - Browser is opened with url: ''

04-07-2024T22:21:03 - [TEST_STEP][PASSED] - println($a - $variable - $variable_0): null

04-07-2024T22:21:03 - [TEST_STEP][PASSED] - navigateToUrl("https://demowebshop.tricentis.com/fiction"): Navigate to 'https://demowebshop.tricentis.com/fiction' successfully

04-07-2024T22:21:10 - [MESSAGE][PASSED] - Navigate to 'https://demowebshop.tricentis.com/fiction' successfully

04-07-2024T22:21:10 - [TEST_STEP][PASSED] - closeBrowser(): Browser is closed

04-07-2024T22:21:16 - [MESSAGE][PASSED] - Browser is closed]]></system-out>
         <system-err><![CDATA[]]></system-err>
      </testcase>
      <testcase name="Test Cases/aa/aa1" time="26.828" classname="Test Cases/aa/aa1" status="PASSED">
         <system-out><![CDATA[04-07-2024T22:21:17 - [TEST_CASE][PASSED] - Test Cases/aa/aa1: Test Cases/aa/aa1

04-07-2024T22:21:17 - [TEST_STEP][PASSED] - openBrowser(""): Browser is opened with url: ''

04-07-2024T22:21:17 - [MESSAGE][INFO] - Starting 'Chrome' driver

04-07-2024T22:21:17 - [MESSAGE][INFO] - Action delay is set to 0 milliseconds

04-07-2024T22:21:19 - [MESSAGE][PASSED] - Browser is opened with url: ''

04-07-2024T22:21:19 - [TEST_STEP][PASSED] - println($a - $variable - $variable_0): null

04-07-2024T22:21:19 - [TEST_STEP][PASSED] - navigateToUrl("https://demowebshop.tricentis.com/fiction"): Navigate to 'https://demowebshop.tricentis.com/fiction' successfully

04-07-2024T22:21:28 - [MESSAGE][PASSED] - Navigate to 'https://demowebshop.tricentis.com/fiction' successfully

04-07-2024T22:21:28 - [TEST_STEP][PASSED] - closeBrowser(): Browser is closed

04-07-2024T22:21:44 - [MESSAGE][PASSED] - Browser is closed]]></system-out>
         <system-err><![CDATA[]]></system-err>
      </testcase>
      <testcase name="Test Cases/aa/aa1" time="9.231" classname="Test Cases/aa/aa1" status="PASSED">
         <system-out><![CDATA[04-07-2024T22:21:44 - [TEST_CASE][PASSED] - Test Cases/aa/aa1: Test Cases/aa/aa1

04-07-2024T22:21:44 - [TEST_STEP][PASSED] - openBrowser(""): Browser is opened with url: ''

04-07-2024T22:21:44 - [MESSAGE][INFO] - Starting 'Chrome' driver

04-07-2024T22:21:44 - [MESSAGE][INFO] - Action delay is set to 0 milliseconds

04-07-2024T22:21:47 - [MESSAGE][PASSED] - Browser is opened with url: ''

04-07-2024T22:21:47 - [TEST_STEP][PASSED] - println($a - $variable - $variable_0): null

04-07-2024T22:21:47 - [TEST_STEP][PASSED] - navigateToUrl("https://demowebshop.tricentis.com/fiction"): Navigate to 'https://demowebshop.tricentis.com/fiction' successfully

04-07-2024T22:21:52 - [MESSAGE][PASSED] - Navigate to 'https://demowebshop.tricentis.com/fiction' successfully

04-07-2024T22:21:52 - [TEST_STEP][PASSED] - closeBrowser(): Browser is closed

04-07-2024T22:21:53 - [MESSAGE][PASSED] - Browser is closed]]></system-out>
         <system-err><![CDATA[]]></system-err>
      </testcase>
      <testcase name="Test Cases/aa/aa1" time="9.312" classname="Test Cases/aa/aa1" status="PASSED">
         <system-out><![CDATA[04-07-2024T22:21:54 - [TEST_CASE][PASSED] - Test Cases/aa/aa1: Test Cases/aa/aa1

04-07-2024T22:21:54 - [TEST_STEP][PASSED] - openBrowser(""): Browser is opened with url: ''

04-07-2024T22:21:54 - [MESSAGE][INFO] - Starting 'Chrome' driver

04-07-2024T22:21:54 - [MESSAGE][INFO] - Action delay is set to 0 milliseconds

04-07-2024T22:21:57 - [MESSAGE][PASSED] - Browser is opened with url: ''

04-07-2024T22:21:57 - [TEST_STEP][PASSED] - println($a - $variable - $variable_0): null

04-07-2024T22:21:57 - [TEST_STEP][PASSED] - navigateToUrl("https://demowebshop.tricentis.com/fiction"): Navigate to 'https://demowebshop.tricentis.com/fiction' successfully

04-07-2024T22:22:02 - [MESSAGE][PASSED] - Navigate to 'https://demowebshop.tricentis.com/fiction' successfully

04-07-2024T22:22:02 - [TEST_STEP][PASSED] - closeBrowser(): Browser is closed

04-07-2024T22:22:03 - [MESSAGE][PASSED] - Browser is closed]]></system-out>
         <system-err><![CDATA[]]></system-err>
      </testcase>
      <testcase name="Test Cases/aa/aa1" time="14.172" classname="Test Cases/aa/aa1" status="PASSED">
         <system-out><![CDATA[04-07-2024T22:22:03 - [TEST_CASE][PASSED] - Test Cases/aa/aa1: Test Cases/aa/aa1

04-07-2024T22:22:03 - [TEST_STEP][PASSED] - openBrowser(""): Browser is opened with url: ''

04-07-2024T22:22:03 - [MESSAGE][INFO] - Starting 'Chrome' driver

04-07-2024T22:22:03 - [MESSAGE][INFO] - Action delay is set to 0 milliseconds

04-07-2024T22:22:10 - [MESSAGE][PASSED] - Browser is opened with url: ''

04-07-2024T22:22:10 - [TEST_STEP][PASSED] - println($a - $variable - $variable_0): null

04-07-2024T22:22:10 - [TEST_STEP][PASSED] - navigateToUrl("https://demowebshop.tricentis.com/fiction"): Navigate to 'https://demowebshop.tricentis.com/fiction' successfully

04-07-2024T22:22:15 - [MESSAGE][PASSED] - Navigate to 'https://demowebshop.tricentis.com/fiction' successfully

04-07-2024T22:22:15 - [TEST_STEP][PASSED] - closeBrowser(): Browser is closed

04-07-2024T22:22:17 - [MESSAGE][PASSED] - Browser is closed]]></system-out>
         <system-err><![CDATA[]]></system-err>
      </testcase>
      <system-out><![CDATA[04-07-2024T22:20:39 - [TEST_SUITE][PASSED] - a: Test Cases/aa/aa1]]></system-out>
      <system-err><![CDATA[]]></system-err>
   </testsuite>
</testsuites>
