<?xml version="1.0" encoding="UTF-8"?>
<testsuites name="checkpoint" time="240.442" tests="1" failures="0" errors="0">
   <testsuite name="checkpoint" tests="1" failures="0" errors="0" time="240.442" skipped="0" timestamp="25-05-2024T23:26:30" hostname="tuanh - huybt2" id="Test Suites/checkpoint">
      <properties>
         <property name="deviceName" value=""/>
         <property name="devicePlatform" value=""/>
         <property name="logFolder" value="C:\\Users\\tuanh\\git\\kata-oma\\Reports\\20240525_232523\\checkpoint\\20240525_232523"/>
         <property name="logFiles" value="C:\\Users\\tuanh\\git\\kata-oma\\Reports\\20240525_232523\\checkpoint\\20240525_232523\\execution0.log"/>
         <property name="attachments" value="keyes\keyes-current_viewport 1.png, keyes\keyes-current_viewport 2.png, keyes\keyes-current_viewport 3.png, keyes\keyes-current_viewport 4.png, keyes\keyes-current_viewport 5.png, keyes\keyes-current_viewport 6.png, keyes\keyes-current_viewport 7.png, keyes\keyes-current_viewport 8.png, keyes\keyes-current_viewport9.png, keyes\keyes-current_viewport 10.png, keyes\keyes-current_viewport11.png, keyes\keyes-current_viewport12.png, keyes\keyes-current_viewport13.png, keyes\keyes-current_viewport14.png, keyes\keyes-current_viewport15.png, keyes\keyes-current_viewport16.png, keyes\keyes-current_viewport17.png, keyes\keyes-current_viewport16.png"/>
         <property name="hostName" value="tuanh - huybt2"/>
         <property name="os" value="Windows 11 64bit"/>
         <property name="katalonVersion" value="9.4.0.212"/>
         <property name="browser" value="Chrome 125.0.0.0"/>
         <property name="hostAddress" value="192.168.1.6"/>
         <property name="sessionId" value="f29dade718edd7cf2d0496f99fa0700a"/>
         <property name="seleniumVersion" value="3.141.59"/>
         <property name="proxyInformation" value="ProxyInformation { proxyOption=NO_PROXY, proxyServerType=HTTP, username=, password=********, proxyServerAddress=, proxyServerPort=0, executionList=&quot;&quot;, isApplyToDesiredCapabilities=true }"/>
         <property name="platform" value="Windows 11"/>
      </properties>
      <testcase name="Test Cases/ac/checkpoint 2" time="236.917" classname="Test Cases/ac/checkpoint 2" status="PASSED">
         <system-out><![CDATA[25-05-2024T23:26:34 - [TEST_CASE][PASSED] - Test Cases/ac/checkpoint 2: Test Cases/ac/checkpoint 2

25-05-2024T23:26:40 - [TEST_STEP][PASSED] - openBrowser(""): Browser is opened with url: ''

25-05-2024T23:26:46 - [MESSAGE][INFO] - Starting 'Chrome' driver

25-05-2024T23:26:46 - [MESSAGE][INFO] - Action delay is set to 0 milliseconds

25-05-2024T23:26:59 - [MESSAGE][PASSED] - Browser is opened with url: ''

25-05-2024T23:26:59 - [TEST_STEP][PASSED] - navigateToUrl("https://academy.katalon.com/"): Navigate to 'https://academy.katalon.com/' successfully

25-05-2024T23:27:55 - [MESSAGE][PASSED] - Navigate to 'https://academy.katalon.com/' successfully

25-05-2024T23:27:55 - [TEST_STEP][PASSED] - takeScreenshotAsCheckpoint("current_viewport 1"): Taking screenshot successfully

25-05-2024T23:28:04 - [MESSAGE][INFO] - 0 hidden object(s)

25-05-2024T23:28:04 - [MESSAGE][PASSED] - Taking screenshot successfully
[[ATTACHMENT|keyes\keyes-current_viewport 1.png]]

25-05-2024T23:28:04 - [TEST_STEP][PASSED] - takeScreenshotAsCheckpoint("current_viewport 2 "): Taking screenshot successfully

25-05-2024T23:28:07 - [MESSAGE][INFO] - 0 hidden object(s)

25-05-2024T23:28:07 - [MESSAGE][PASSED] - Taking screenshot successfully
[[ATTACHMENT|keyes\keyes-current_viewport 2.png]]

25-05-2024T23:28:07 - [TEST_STEP][PASSED] - takeScreenshotAsCheckpoint("current_viewport 3"): Taking screenshot successfully

25-05-2024T23:28:13 - [MESSAGE][INFO] - 0 hidden object(s)

25-05-2024T23:28:17 - [MESSAGE][PASSED] - Taking screenshot successfully
[[ATTACHMENT|keyes\keyes-current_viewport 3.png]]

25-05-2024T23:28:18 - [TEST_STEP][PASSED] - takeScreenshotAsCheckpoint("current_viewport 4"): Taking screenshot successfully

25-05-2024T23:28:24 - [MESSAGE][INFO] - 0 hidden object(s)

25-05-2024T23:28:26 - [MESSAGE][PASSED] - Taking screenshot successfully
[[ATTACHMENT|keyes\keyes-current_viewport 4.png]]

25-05-2024T23:28:26 - [TEST_STEP][PASSED] - takeScreenshotAsCheckpoint("current_viewport 5"): Taking screenshot successfully

25-05-2024T23:28:29 - [MESSAGE][INFO] - 0 hidden object(s)

25-05-2024T23:28:31 - [MESSAGE][PASSED] - Taking screenshot successfully
[[ATTACHMENT|keyes\keyes-current_viewport 5.png]]

25-05-2024T23:28:31 - [TEST_STEP][PASSED] - takeScreenshotAsCheckpoint("current_viewport 6"): Taking screenshot successfully

25-05-2024T23:28:40 - [MESSAGE][INFO] - 0 hidden object(s)

25-05-2024T23:28:42 - [MESSAGE][PASSED] - Taking screenshot successfully
[[ATTACHMENT|keyes\keyes-current_viewport 6.png]]

25-05-2024T23:28:42 - [TEST_STEP][PASSED] - takeScreenshotAsCheckpoint("current_viewport 7"): Taking screenshot successfully

25-05-2024T23:28:49 - [MESSAGE][INFO] - 0 hidden object(s)

25-05-2024T23:28:50 - [MESSAGE][PASSED] - Taking screenshot successfully
[[ATTACHMENT|keyes\keyes-current_viewport 7.png]]

25-05-2024T23:28:50 - [TEST_STEP][PASSED] - takeScreenshotAsCheckpoint("current_viewport 8 "): Taking screenshot successfully

25-05-2024T23:28:57 - [MESSAGE][INFO] - 0 hidden object(s)

25-05-2024T23:28:58 - [MESSAGE][PASSED] - Taking screenshot successfully
[[ATTACHMENT|keyes\keyes-current_viewport 8.png]]

25-05-2024T23:28:58 - [TEST_STEP][PASSED] - takeScreenshotAsCheckpoint("current_viewport9"): Taking screenshot successfully

25-05-2024T23:29:07 - [MESSAGE][INFO] - 0 hidden object(s)

25-05-2024T23:29:11 - [MESSAGE][PASSED] - Taking screenshot successfully
[[ATTACHMENT|keyes\keyes-current_viewport9.png]]

25-05-2024T23:29:11 - [TEST_STEP][PASSED] - takeScreenshotAsCheckpoint("current_viewport 10"): Taking screenshot successfully

25-05-2024T23:29:18 - [MESSAGE][INFO] - 0 hidden object(s)

25-05-2024T23:29:19 - [MESSAGE][PASSED] - Taking screenshot successfully
[[ATTACHMENT|keyes\keyes-current_viewport 10.png]]

25-05-2024T23:29:20 - [TEST_STEP][PASSED] - takeScreenshotAsCheckpoint("current_viewport11"): Taking screenshot successfully

25-05-2024T23:29:23 - [MESSAGE][INFO] - 0 hidden object(s)

25-05-2024T23:29:23 - [MESSAGE][PASSED] - Taking screenshot successfully
[[ATTACHMENT|keyes\keyes-current_viewport11.png]]

25-05-2024T23:29:23 - [TEST_STEP][PASSED] - takeScreenshotAsCheckpoint("current_viewport12"): Taking screenshot successfully

25-05-2024T23:29:26 - [MESSAGE][INFO] - 0 hidden object(s)

25-05-2024T23:29:26 - [MESSAGE][PASSED] - Taking screenshot successfully
[[ATTACHMENT|keyes\keyes-current_viewport12.png]]

25-05-2024T23:29:27 - [TEST_STEP][PASSED] - takeScreenshotAsCheckpoint("current_viewport13"): Taking screenshot successfully

25-05-2024T23:29:29 - [MESSAGE][INFO] - 0 hidden object(s)

25-05-2024T23:29:30 - [MESSAGE][PASSED] - Taking screenshot successfully
[[ATTACHMENT|keyes\keyes-current_viewport13.png]]

25-05-2024T23:29:30 - [TEST_STEP][PASSED] - takeScreenshotAsCheckpoint("current_viewport14"): Taking screenshot successfully

25-05-2024T23:29:32 - [MESSAGE][INFO] - 0 hidden object(s)

25-05-2024T23:29:32 - [MESSAGE][PASSED] - Taking screenshot successfully
[[ATTACHMENT|keyes\keyes-current_viewport14.png]]

25-05-2024T23:29:32 - [TEST_STEP][PASSED] - takeScreenshotAsCheckpoint("current_viewport15"): Taking screenshot successfully

25-05-2024T23:29:34 - [MESSAGE][INFO] - 0 hidden object(s)

25-05-2024T23:29:34 - [MESSAGE][PASSED] - Taking screenshot successfully
[[ATTACHMENT|keyes\keyes-current_viewport15.png]]

25-05-2024T23:29:34 - [TEST_STEP][PASSED] - takeScreenshotAsCheckpoint("current_viewport16"): Taking screenshot successfully

25-05-2024T23:29:36 - [MESSAGE][INFO] - 0 hidden object(s)

25-05-2024T23:29:36 - [MESSAGE][PASSED] - Taking screenshot successfully
[[ATTACHMENT|keyes\keyes-current_viewport16.png]]

25-05-2024T23:29:36 - [TEST_STEP][PASSED] - takeScreenshotAsCheckpoint("current_viewport17"): Taking screenshot successfully

25-05-2024T23:29:38 - [MESSAGE][INFO] - 0 hidden object(s)

25-05-2024T23:29:38 - [MESSAGE][PASSED] - Taking screenshot successfully
[[ATTACHMENT|keyes\keyes-current_viewport17.png]]

25-05-2024T23:29:38 - [TEST_STEP][PASSED] - takeScreenshotAsCheckpoint("current_viewport16"): Taking screenshot successfully

25-05-2024T23:29:40 - [MESSAGE][INFO] - 0 hidden object(s)

25-05-2024T23:29:40 - [MESSAGE][PASSED] - Taking screenshot successfully
[[ATTACHMENT|keyes\keyes-current_viewport16.png]]

25-05-2024T23:29:40 - [TEST_STEP][PASSED] - closeBrowser(): Browser is closed

25-05-2024T23:30:31 - [MESSAGE][PASSED] - Browser is closed]]></system-out>
         <system-err><![CDATA[]]></system-err>
      </testcase>
      <system-out><![CDATA[25-05-2024T23:26:30 - [TEST_SUITE][PASSED] - checkpoint: Test Cases/ac/checkpoint 2]]></system-out>
      <system-err><![CDATA[]]></system-err>
   </testsuite>
</testsuites>
