<?xml version="1.0" encoding="UTF-8"?>
<testsuites name="a" time="274.91" tests="6" failures="0" errors="0">
   <testsuite name="a" tests="6" failures="0" errors="0" time="274.91" skipped="0" timestamp="04-07-2024T18:26:16" hostname="tuanh - huybt2" id="Test Suites/thang/a">
      <properties>
         <property name="deviceName" value=""/>
         <property name="devicePlatform" value=""/>
         <property name="logFolder" value="C:\\Users\\tuanh\\git\\kata-oma\\Reports\\20240704_182516\\thang\\a\\20240704_182517"/>
         <property name="logFiles" value="C:\\Users\\tuanh\\git\\kata-oma\\Reports\\20240704_182516\\thang\\a\\20240704_182517\\execution0.log"/>
         <property name="attachments" value=""/>
         <property name="hostName" value="tuanh - huybt2"/>
         <property name="os" value="Windows 11 64bit"/>
         <property name="katalonVersion" value="9.4.0.212"/>
         <property name="browser" value="Chrome 126.0.0.0"/>
         <property name="hostAddress" value="192.168.1.6"/>
         <property name="sessionId" value="8d4cafd6918f068b37214172c757fb47"/>
         <property name="seleniumVersion" value="3.141.59"/>
         <property name="proxyInformation" value="ProxyInformation { proxyOption=NO_PROXY, proxyServerType=HTTP, username=, password=********, proxyServerAddress=, proxyServerPort=0, executionList=&quot;&quot;, isApplyToDesiredCapabilities=true }"/>
         <property name="platform" value="Windows 11"/>
      </properties>
      <testcase name="Test Cases/aa/aa1" time="44.586" classname="Test Cases/aa/aa1" status="PASSED">
         <system-out><![CDATA[04-07-2024T18:26:18 - [TEST_CASE][PASSED] - Test Cases/aa/aa1: Test Cases/aa/aa1

04-07-2024T18:26:21 - [TEST_STEP][PASSED] - openBrowser(""): Browser is opened with url: ''

04-07-2024T18:26:23 - [MESSAGE][INFO] - Starting 'Chrome' driver

04-07-2024T18:26:23 - [MESSAGE][INFO] - Action delay is set to 0 milliseconds

04-07-2024T18:26:31 - [MESSAGE][PASSED] - Browser is opened with url: ''

04-07-2024T18:26:31 - [TEST_STEP][PASSED] - navigateToUrl("https://demowebshop.tricentis.com/fiction"): Navigate to 'https://demowebshop.tricentis.com/fiction' successfully

04-07-2024T18:26:39 - [MESSAGE][PASSED] - Navigate to 'https://demowebshop.tricentis.com/fiction' successfully

04-07-2024T18:26:39 - [TEST_STEP][PASSED] - setText(findTestObject("ac/New Test Object (1)"), "a"): Text 'a' is set on object 'Object Repository/ac/New Test Object (1)'

04-07-2024T18:26:42 - [MESSAGE][PASSED] - Text 'a' is set on object 'Object Repository/ac/New Test Object (1)'

04-07-2024T18:26:42 - [TEST_STEP][PASSED] - closeBrowser(): Browser is closed

04-07-2024T18:27:02 - [MESSAGE][PASSED] - Browser is closed]]></system-out>
         <system-err><![CDATA[]]></system-err>
      </testcase>
      <testcase name="Test Cases/aa/aa1" time="87.361" classname="Test Cases/aa/aa1" status="PASSED">
         <system-out><![CDATA[04-07-2024T18:27:02 - [TEST_CASE][PASSED] - Test Cases/aa/aa1: Test Cases/aa/aa1

04-07-2024T18:27:03 - [TEST_STEP][PASSED] - openBrowser(""): Browser is opened with url: ''

04-07-2024T18:27:03 - [MESSAGE][INFO] - Starting 'Chrome' driver

04-07-2024T18:27:03 - [MESSAGE][INFO] - Action delay is set to 0 milliseconds

04-07-2024T18:27:11 - [MESSAGE][PASSED] - Browser is opened with url: ''

04-07-2024T18:27:11 - [TEST_STEP][PASSED] - navigateToUrl("https://demowebshop.tricentis.com/fiction"): Navigate to 'https://demowebshop.tricentis.com/fiction' successfully

04-07-2024T18:27:18 - [MESSAGE][PASSED] - Navigate to 'https://demowebshop.tricentis.com/fiction' successfully

04-07-2024T18:27:18 - [TEST_STEP][PASSED] - setText(findTestObject("ac/New Test Object (1)"), "a"): Text 'a' is set on object 'Object Repository/ac/New Test Object (1)'

04-07-2024T18:27:23 - [MESSAGE][PASSED] - Text 'a' is set on object 'Object Repository/ac/New Test Object (1)'

04-07-2024T18:27:23 - [TEST_STEP][PASSED] - closeBrowser(): Browser is closed

04-07-2024T18:28:30 - [MESSAGE][PASSED] - Browser is closed]]></system-out>
         <system-err><![CDATA[]]></system-err>
      </testcase>
      <testcase name="Test Cases/aa/aa1" time="36.644" classname="Test Cases/aa/aa1" status="PASSED">
         <system-out><![CDATA[04-07-2024T18:28:30 - [TEST_CASE][PASSED] - Test Cases/aa/aa1: Test Cases/aa/aa1

04-07-2024T18:28:30 - [TEST_STEP][PASSED] - openBrowser(""): Browser is opened with url: ''

04-07-2024T18:28:30 - [MESSAGE][INFO] - Starting 'Chrome' driver

04-07-2024T18:28:30 - [MESSAGE][INFO] - Action delay is set to 0 milliseconds

04-07-2024T18:28:33 - [MESSAGE][PASSED] - Browser is opened with url: ''

04-07-2024T18:28:33 - [TEST_STEP][PASSED] - navigateToUrl("https://demowebshop.tricentis.com/fiction"): Navigate to 'https://demowebshop.tricentis.com/fiction' successfully

04-07-2024T18:28:39 - [MESSAGE][PASSED] - Navigate to 'https://demowebshop.tricentis.com/fiction' successfully

04-07-2024T18:28:39 - [TEST_STEP][PASSED] - setText(findTestObject("ac/New Test Object (1)"), "a"): Text 'a' is set on object 'Object Repository/ac/New Test Object (1)'

04-07-2024T18:28:45 - [MESSAGE][PASSED] - Text 'a' is set on object 'Object Repository/ac/New Test Object (1)'

04-07-2024T18:28:45 - [TEST_STEP][PASSED] - closeBrowser(): Browser is closed

04-07-2024T18:29:06 - [MESSAGE][PASSED] - Browser is closed]]></system-out>
         <system-err><![CDATA[]]></system-err>
      </testcase>
      <testcase name="Test Cases/aa/aa1" time="15.264" classname="Test Cases/aa/aa1" status="PASSED">
         <system-out><![CDATA[04-07-2024T18:29:07 - [TEST_CASE][PASSED] - Test Cases/aa/aa1: Test Cases/aa/aa1

04-07-2024T18:29:07 - [TEST_STEP][PASSED] - openBrowser(""): Browser is opened with url: ''

04-07-2024T18:29:07 - [MESSAGE][INFO] - Starting 'Chrome' driver

04-07-2024T18:29:07 - [MESSAGE][INFO] - Action delay is set to 0 milliseconds

04-07-2024T18:29:11 - [MESSAGE][PASSED] - Browser is opened with url: ''

04-07-2024T18:29:11 - [TEST_STEP][PASSED] - navigateToUrl("https://demowebshop.tricentis.com/fiction"): Navigate to 'https://demowebshop.tricentis.com/fiction' successfully

04-07-2024T18:29:17 - [MESSAGE][PASSED] - Navigate to 'https://demowebshop.tricentis.com/fiction' successfully

04-07-2024T18:29:17 - [TEST_STEP][PASSED] - setText(findTestObject("ac/New Test Object (1)"), "a"): Text 'a' is set on object 'Object Repository/ac/New Test Object (1)'

04-07-2024T18:29:18 - [MESSAGE][PASSED] - Text 'a' is set on object 'Object Repository/ac/New Test Object (1)'

04-07-2024T18:29:18 - [TEST_STEP][PASSED] - closeBrowser(): Browser is closed

04-07-2024T18:29:22 - [MESSAGE][PASSED] - Browser is closed]]></system-out>
         <system-err><![CDATA[]]></system-err>
      </testcase>
      <testcase name="Test Cases/aa/aa1" time="42.139" classname="Test Cases/aa/aa1" status="PASSED">
         <system-out><![CDATA[04-07-2024T18:29:22 - [TEST_CASE][PASSED] - Test Cases/aa/aa1: Test Cases/aa/aa1

04-07-2024T18:29:22 - [TEST_STEP][PASSED] - openBrowser(""): Browser is opened with url: ''

04-07-2024T18:29:22 - [MESSAGE][INFO] - Starting 'Chrome' driver

04-07-2024T18:29:22 - [MESSAGE][INFO] - Action delay is set to 0 milliseconds

04-07-2024T18:29:24 - [MESSAGE][PASSED] - Browser is opened with url: ''

04-07-2024T18:29:24 - [TEST_STEP][PASSED] - navigateToUrl("https://demowebshop.tricentis.com/fiction"): Navigate to 'https://demowebshop.tricentis.com/fiction' successfully

04-07-2024T18:29:33 - [MESSAGE][PASSED] - Navigate to 'https://demowebshop.tricentis.com/fiction' successfully

04-07-2024T18:29:33 - [TEST_STEP][PASSED] - setText(findTestObject("ac/New Test Object (1)"), "a"): Text 'a' is set on object 'Object Repository/ac/New Test Object (1)'

04-07-2024T18:29:44 - [MESSAGE][PASSED] - Text 'a' is set on object 'Object Repository/ac/New Test Object (1)'

04-07-2024T18:29:44 - [TEST_STEP][PASSED] - closeBrowser(): Browser is closed

04-07-2024T18:30:04 - [MESSAGE][PASSED] - Browser is closed]]></system-out>
         <system-err><![CDATA[]]></system-err>
      </testcase>
      <testcase name="Test Cases/aa/aa1" time="46.572" classname="Test Cases/aa/aa1" status="PASSED">
         <system-out><![CDATA[04-07-2024T18:30:04 - [TEST_CASE][PASSED] - Test Cases/aa/aa1: Test Cases/aa/aa1

04-07-2024T18:30:04 - [TEST_STEP][PASSED] - openBrowser(""): Browser is opened with url: ''

04-07-2024T18:30:04 - [MESSAGE][INFO] - Starting 'Chrome' driver

04-07-2024T18:30:05 - [MESSAGE][INFO] - Action delay is set to 0 milliseconds

04-07-2024T18:30:07 - [MESSAGE][PASSED] - Browser is opened with url: ''

04-07-2024T18:30:07 - [TEST_STEP][PASSED] - navigateToUrl("https://demowebshop.tricentis.com/fiction"): Navigate to 'https://demowebshop.tricentis.com/fiction' successfully

04-07-2024T18:30:11 - [MESSAGE][PASSED] - Navigate to 'https://demowebshop.tricentis.com/fiction' successfully

04-07-2024T18:30:11 - [TEST_STEP][PASSED] - setText(findTestObject("ac/New Test Object (1)"), "a"): Text 'a' is set on object 'Object Repository/ac/New Test Object (1)'

04-07-2024T18:30:16 - [MESSAGE][PASSED] - Text 'a' is set on object 'Object Repository/ac/New Test Object (1)'

04-07-2024T18:30:16 - [TEST_STEP][PASSED] - closeBrowser(): Browser is closed

04-07-2024T18:30:51 - [MESSAGE][PASSED] - Browser is closed]]></system-out>
         <system-err><![CDATA[]]></system-err>
      </testcase>
      <system-out><![CDATA[04-07-2024T18:26:16 - [TEST_SUITE][PASSED] - a: Test Cases/aa/aa1]]></system-out>
      <system-err><![CDATA[]]></system-err>
   </testsuite>
</testsuites>
