<?xml version="1.0" encoding="UTF-8"?>
<testsuites name="a" time="114.593" tests="6" failures="0" errors="0">
   <testsuite name="a" tests="6" failures="0" errors="0" time="114.593" skipped="0" timestamp="04-07-2024T22:17:21" hostname="tuanh - huybt2" id="Test Suites/thang/a">
      <properties>
         <property name="deviceName" value=""/>
         <property name="devicePlatform" value=""/>
         <property name="logFolder" value="C:\\Users\\tuanh\\git\\kata-oma\\Reports\\20240704_221631\\thang\\a\\20240704_221635"/>
         <property name="logFiles" value="C:\\Users\\tuanh\\git\\kata-oma\\Reports\\20240704_221631\\thang\\a\\20240704_221635\\execution0.log"/>
         <property name="attachments" value=""/>
         <property name="hostName" value="tuanh - huybt2"/>
         <property name="os" value="Windows 11 64bit"/>
         <property name="katalonVersion" value="9.4.0.212"/>
         <property name="browser" value="Chrome 126.0.0.0"/>
         <property name="hostAddress" value="192.168.1.6"/>
         <property name="sessionId" value="1b20a0ea1cfadd0403b40e63135d057f"/>
         <property name="seleniumVersion" value="3.141.59"/>
         <property name="proxyInformation" value="ProxyInformation { proxyOption=NO_PROXY, proxyServerType=HTTP, username=, password=********, proxyServerAddress=, proxyServerPort=0, executionList=&quot;&quot;, isApplyToDesiredCapabilities=true }"/>
         <property name="platform" value="Windows 11"/>
      </properties>
      <testcase name="Test Cases/aa/aa1" time="27.156" classname="Test Cases/aa/aa1" status="PASSED">
         <system-out><![CDATA[04-07-2024T22:17:24 - [TEST_CASE][PASSED] - Test Cases/aa/aa1: Test Cases/aa/aa1

04-07-2024T22:17:27 - [TEST_STEP][PASSED] - openBrowser(""): Browser is opened with url: ''

04-07-2024T22:17:30 - [MESSAGE][INFO] - Starting 'Chrome' driver

04-07-2024T22:17:30 - [MESSAGE][INFO] - Action delay is set to 0 milliseconds

04-07-2024T22:17:40 - [MESSAGE][PASSED] - Browser is opened with url: ''

04-07-2024T22:17:40 - [TEST_STEP][PASSED] - println($a - $variable - $variable_0): null

04-07-2024T22:17:40 - [TEST_STEP][PASSED] - navigateToUrl("https://demowebshop.tricentis.com/fiction"): Navigate to 'https://demowebshop.tricentis.com/fiction' successfully

04-07-2024T22:17:46 - [MESSAGE][PASSED] - Navigate to 'https://demowebshop.tricentis.com/fiction' successfully

04-07-2024T22:17:46 - [TEST_STEP][PASSED] - closeBrowser(): Browser is closed

04-07-2024T22:17:51 - [MESSAGE][PASSED] - Browser is closed]]></system-out>
         <system-err><![CDATA[]]></system-err>
      </testcase>
      <testcase name="Test Cases/aa/aa1" time="12.077" classname="Test Cases/aa/aa1" status="PASSED">
         <system-out><![CDATA[04-07-2024T22:17:51 - [TEST_CASE][PASSED] - Test Cases/aa/aa1: Test Cases/aa/aa1

04-07-2024T22:17:52 - [TEST_STEP][PASSED] - openBrowser(""): Browser is opened with url: ''

04-07-2024T22:17:52 - [MESSAGE][INFO] - Starting 'Chrome' driver

04-07-2024T22:17:52 - [MESSAGE][INFO] - Action delay is set to 0 milliseconds

04-07-2024T22:17:55 - [MESSAGE][PASSED] - Browser is opened with url: ''

04-07-2024T22:17:55 - [TEST_STEP][PASSED] - println($a - $variable - $variable_0): null

04-07-2024T22:17:55 - [TEST_STEP][PASSED] - navigateToUrl("https://demowebshop.tricentis.com/fiction"): Navigate to 'https://demowebshop.tricentis.com/fiction' successfully

04-07-2024T22:18:01 - [MESSAGE][PASSED] - Navigate to 'https://demowebshop.tricentis.com/fiction' successfully

04-07-2024T22:18:01 - [TEST_STEP][PASSED] - closeBrowser(): Browser is closed

04-07-2024T22:18:03 - [MESSAGE][PASSED] - Browser is closed]]></system-out>
         <system-err><![CDATA[]]></system-err>
      </testcase>
      <testcase name="Test Cases/aa/aa1" time="25.377" classname="Test Cases/aa/aa1" status="PASSED">
         <system-out><![CDATA[04-07-2024T22:18:04 - [TEST_CASE][PASSED] - Test Cases/aa/aa1: Test Cases/aa/aa1

04-07-2024T22:18:04 - [TEST_STEP][PASSED] - openBrowser(""): Browser is opened with url: ''

04-07-2024T22:18:04 - [MESSAGE][INFO] - Starting 'Chrome' driver

04-07-2024T22:18:04 - [MESSAGE][INFO] - Action delay is set to 0 milliseconds

04-07-2024T22:18:07 - [MESSAGE][PASSED] - Browser is opened with url: ''

04-07-2024T22:18:07 - [TEST_STEP][PASSED] - println($a - $variable - $variable_0): null

04-07-2024T22:18:07 - [TEST_STEP][PASSED] - navigateToUrl("https://demowebshop.tricentis.com/fiction"): Navigate to 'https://demowebshop.tricentis.com/fiction' successfully

04-07-2024T22:18:14 - [MESSAGE][PASSED] - Navigate to 'https://demowebshop.tricentis.com/fiction' successfully

04-07-2024T22:18:14 - [TEST_STEP][PASSED] - closeBrowser(): Browser is closed

04-07-2024T22:18:29 - [MESSAGE][PASSED] - Browser is closed]]></system-out>
         <system-err><![CDATA[]]></system-err>
      </testcase>
      <testcase name="Test Cases/aa/aa1" time="14.59" classname="Test Cases/aa/aa1" status="PASSED">
         <system-out><![CDATA[04-07-2024T22:18:29 - [TEST_CASE][PASSED] - Test Cases/aa/aa1: Test Cases/aa/aa1

04-07-2024T22:18:29 - [TEST_STEP][PASSED] - openBrowser(""): Browser is opened with url: ''

04-07-2024T22:18:29 - [MESSAGE][INFO] - Starting 'Chrome' driver

04-07-2024T22:18:29 - [MESSAGE][INFO] - Action delay is set to 0 milliseconds

04-07-2024T22:18:31 - [MESSAGE][PASSED] - Browser is opened with url: ''

04-07-2024T22:18:31 - [TEST_STEP][PASSED] - println($a - $variable - $variable_0): null

04-07-2024T22:18:31 - [TEST_STEP][PASSED] - navigateToUrl("https://demowebshop.tricentis.com/fiction"): Navigate to 'https://demowebshop.tricentis.com/fiction' successfully

04-07-2024T22:18:37 - [MESSAGE][PASSED] - Navigate to 'https://demowebshop.tricentis.com/fiction' successfully

04-07-2024T22:18:37 - [TEST_STEP][PASSED] - closeBrowser(): Browser is closed

04-07-2024T22:18:44 - [MESSAGE][PASSED] - Browser is closed]]></system-out>
         <system-err><![CDATA[]]></system-err>
      </testcase>
      <testcase name="Test Cases/aa/aa1" time="17.576" classname="Test Cases/aa/aa1" status="PASSED">
         <system-out><![CDATA[04-07-2024T22:18:44 - [TEST_CASE][PASSED] - Test Cases/aa/aa1: Test Cases/aa/aa1

04-07-2024T22:18:44 - [TEST_STEP][PASSED] - openBrowser(""): Browser is opened with url: ''

04-07-2024T22:18:44 - [MESSAGE][INFO] - Starting 'Chrome' driver

04-07-2024T22:18:44 - [MESSAGE][INFO] - Action delay is set to 0 milliseconds

04-07-2024T22:18:50 - [MESSAGE][PASSED] - Browser is opened with url: ''

04-07-2024T22:18:50 - [TEST_STEP][PASSED] - println($a - $variable - $variable_0): null

04-07-2024T22:18:50 - [TEST_STEP][PASSED] - navigateToUrl("https://demowebshop.tricentis.com/fiction"): Navigate to 'https://demowebshop.tricentis.com/fiction' successfully

04-07-2024T22:18:55 - [MESSAGE][PASSED] - Navigate to 'https://demowebshop.tricentis.com/fiction' successfully

04-07-2024T22:18:55 - [TEST_STEP][PASSED] - closeBrowser(): Browser is closed

04-07-2024T22:19:02 - [MESSAGE][PASSED] - Browser is closed]]></system-out>
         <system-err><![CDATA[]]></system-err>
      </testcase>
      <testcase name="Test Cases/aa/aa1" time="13.826" classname="Test Cases/aa/aa1" status="PASSED">
         <system-out><![CDATA[04-07-2024T22:19:02 - [TEST_CASE][PASSED] - Test Cases/aa/aa1: Test Cases/aa/aa1

04-07-2024T22:19:02 - [TEST_STEP][PASSED] - openBrowser(""): Browser is opened with url: ''

04-07-2024T22:19:02 - [MESSAGE][INFO] - Starting 'Chrome' driver

04-07-2024T22:19:02 - [MESSAGE][INFO] - Action delay is set to 0 milliseconds

04-07-2024T22:19:04 - [MESSAGE][PASSED] - Browser is opened with url: ''

04-07-2024T22:19:04 - [TEST_STEP][PASSED] - println($a - $variable - $variable_0): null

04-07-2024T22:19:04 - [TEST_STEP][PASSED] - navigateToUrl("https://demowebshop.tricentis.com/fiction"): Navigate to 'https://demowebshop.tricentis.com/fiction' successfully

04-07-2024T22:19:10 - [MESSAGE][PASSED] - Navigate to 'https://demowebshop.tricentis.com/fiction' successfully

04-07-2024T22:19:10 - [TEST_STEP][PASSED] - closeBrowser(): Browser is closed

04-07-2024T22:19:16 - [MESSAGE][PASSED] - Browser is closed]]></system-out>
         <system-err><![CDATA[]]></system-err>
      </testcase>
      <system-out><![CDATA[04-07-2024T22:17:21 - [TEST_SUITE][PASSED] - a: Test Cases/aa/aa1]]></system-out>
      <system-err><![CDATA[]]></system-err>
   </testsuite>
</testsuites>
