<?xml version="1.0" encoding="UTF-8"?>
<testsuites name="aaaaa" time="140.933" tests="1" failures="0" errors="0">
   <testsuite name="aaaaa" tests="1" failures="0" errors="0" time="140.933" skipped="0" timestamp="26-05-2024T18:22:27" hostname="tuanh - huybt2" id="Test Suites/aaaaa">
      <properties>
         <property name="deviceName" value=""/>
         <property name="devicePlatform" value=""/>
         <property name="logFolder" value="C:\\Users\\tuanh\\git\\kata-oma\\Reports\\20240526_181931\\aaaaa\\20240526_181934"/>
         <property name="logFiles" value="C:\\Users\\tuanh\\git\\kata-oma\\Reports\\20240526_181931\\aaaaa\\20240526_181934\\execution0.log"/>
         <property name="attachments" value=""/>
         <property name="hostName" value="tuanh - huybt2"/>
         <property name="os" value="Windows 11 64bit"/>
         <property name="katalonVersion" value="9.4.0.212"/>
         <property name="browser" value="Chrome 125.0.0.0"/>
         <property name="hostAddress" value="192.168.1.6"/>
         <property name="sessionId" value="71053d86d075fd277fe3fba78c85b2d4"/>
         <property name="seleniumVersion" value="3.141.59"/>
         <property name="proxyInformation" value="ProxyInformation { proxyOption=NO_PROXY, proxyServerType=HTTP, username=, password=********, proxyServerAddress=, proxyServerPort=0, executionList=&quot;&quot;, isApplyToDesiredCapabilities=true }"/>
         <property name="platform" value="Windows 11"/>
      </properties>
      <testcase name="Test Cases/tets1" time="132.708" classname="Test Cases/tets1" status="PASSED">
         <system-out><![CDATA[26-05-2024T18:22:35 - [TEST_CASE][PASSED] - Test Cases/tets1: Test Cases/tets1

26-05-2024T18:22:46 - [TEST_STEP][PASSED] - openBrowser(""): Browser is opened with url: ''

26-05-2024T18:23:00 - [MESSAGE][INFO] - Starting 'Chrome' driver

26-05-2024T18:23:01 - [MESSAGE][INFO] - Action delay is set to 0 milliseconds

26-05-2024T18:23:47 - [MESSAGE][PASSED] - Browser is opened with url: ''

26-05-2024T18:23:47 - [TEST_STEP][PASSED] - closeBrowser(): Browser is closed

26-05-2024T18:24:48 - [MESSAGE][PASSED] - Browser is closed]]></system-out>
         <system-err><![CDATA[]]></system-err>
      </testcase>
      <system-out><![CDATA[26-05-2024T18:22:27 - [TEST_SUITE][PASSED] - aaaaa: Test Cases/tets1]]></system-out>
      <system-err><![CDATA[]]></system-err>
   </testsuite>
</testsuites>
