<?xml version="1.0" encoding="UTF-8"?>
<testsuites name="a" time="141.138" tests="6" failures="0" errors="0">
   <testsuite name="a" tests="6" failures="0" errors="0" time="141.138" skipped="0" timestamp="04-07-2024T22:17:19" hostname="tuanh - huybt2" id="Test Suites/thang/a">
      <properties>
         <property name="deviceName" value=""/>
         <property name="devicePlatform" value=""/>
         <property name="logFolder" value="C:\\Users\\tuanh\\git\\kata-oma\\Reports\\20240704_221628\\thang\\a\\20240704_221633"/>
         <property name="logFiles" value="C:\\Users\\tuanh\\git\\kata-oma\\Reports\\20240704_221628\\thang\\a\\20240704_221633\\execution0.log"/>
         <property name="attachments" value=""/>
         <property name="hostName" value="tuanh - huybt2"/>
         <property name="os" value="Windows 11 64bit"/>
         <property name="katalonVersion" value="9.4.0.212"/>
         <property name="browser" value="Chrome 126.0.0.0"/>
         <property name="hostAddress" value="192.168.1.6"/>
         <property name="sessionId" value="8dc2d586ce0ad0d84e2b8f0dc53faeaf"/>
         <property name="seleniumVersion" value="3.141.59"/>
         <property name="proxyInformation" value="ProxyInformation { proxyOption=NO_PROXY, proxyServerType=HTTP, username=, password=********, proxyServerAddress=, proxyServerPort=0, executionList=&quot;&quot;, isApplyToDesiredCapabilities=true }"/>
         <property name="platform" value="Windows 11"/>
      </properties>
      <testcase name="Test Cases/aa/aa1" time="29.287" classname="Test Cases/aa/aa1" status="PASSED">
         <system-out><![CDATA[04-07-2024T22:17:23 - [TEST_CASE][PASSED] - Test Cases/aa/aa1: Test Cases/aa/aa1

04-07-2024T22:17:26 - [TEST_STEP][PASSED] - openBrowser(""): Browser is opened with url: ''

04-07-2024T22:17:29 - [MESSAGE][INFO] - Starting 'Chrome' driver

04-07-2024T22:17:29 - [MESSAGE][INFO] - Action delay is set to 0 milliseconds

04-07-2024T22:17:39 - [MESSAGE][PASSED] - Browser is opened with url: ''

04-07-2024T22:17:39 - [TEST_STEP][PASSED] - println($a - $variable - $variable_0): null

04-07-2024T22:17:39 - [TEST_STEP][PASSED] - navigateToUrl("https://demowebshop.tricentis.com/fiction"): Navigate to 'https://demowebshop.tricentis.com/fiction' successfully

04-07-2024T22:17:45 - [MESSAGE][PASSED] - Navigate to 'https://demowebshop.tricentis.com/fiction' successfully

04-07-2024T22:17:45 - [TEST_STEP][PASSED] - closeBrowser(): Browser is closed

04-07-2024T22:17:52 - [MESSAGE][PASSED] - Browser is closed]]></system-out>
         <system-err><![CDATA[]]></system-err>
      </testcase>
      <testcase name="Test Cases/aa/aa1" time="19.526" classname="Test Cases/aa/aa1" status="PASSED">
         <system-out><![CDATA[04-07-2024T22:17:53 - [TEST_CASE][PASSED] - Test Cases/aa/aa1: Test Cases/aa/aa1

04-07-2024T22:17:54 - [TEST_STEP][PASSED] - openBrowser(""): Browser is opened with url: ''

04-07-2024T22:17:54 - [MESSAGE][INFO] - Starting 'Chrome' driver

04-07-2024T22:17:54 - [MESSAGE][INFO] - Action delay is set to 0 milliseconds

04-07-2024T22:17:58 - [MESSAGE][PASSED] - Browser is opened with url: ''

04-07-2024T22:17:58 - [TEST_STEP][PASSED] - println($a - $variable - $variable_0): null

04-07-2024T22:17:58 - [TEST_STEP][PASSED] - navigateToUrl("https://demowebshop.tricentis.com/fiction"): Navigate to 'https://demowebshop.tricentis.com/fiction' successfully

04-07-2024T22:18:03 - [MESSAGE][PASSED] - Navigate to 'https://demowebshop.tricentis.com/fiction' successfully

04-07-2024T22:18:03 - [TEST_STEP][PASSED] - closeBrowser(): Browser is closed

04-07-2024T22:18:13 - [MESSAGE][PASSED] - Browser is closed]]></system-out>
         <system-err><![CDATA[]]></system-err>
      </testcase>
      <testcase name="Test Cases/aa/aa1" time="29.934" classname="Test Cases/aa/aa1" status="PASSED">
         <system-out><![CDATA[04-07-2024T22:18:13 - [TEST_CASE][PASSED] - Test Cases/aa/aa1: Test Cases/aa/aa1

04-07-2024T22:18:13 - [TEST_STEP][PASSED] - openBrowser(""): Browser is opened with url: ''

04-07-2024T22:18:13 - [MESSAGE][INFO] - Starting 'Chrome' driver

04-07-2024T22:18:13 - [MESSAGE][INFO] - Action delay is set to 0 milliseconds

04-07-2024T22:18:16 - [MESSAGE][PASSED] - Browser is opened with url: ''

04-07-2024T22:18:16 - [TEST_STEP][PASSED] - println($a - $variable - $variable_0): null

04-07-2024T22:18:16 - [TEST_STEP][PASSED] - navigateToUrl("https://demowebshop.tricentis.com/fiction"): Navigate to 'https://demowebshop.tricentis.com/fiction' successfully

04-07-2024T22:18:22 - [MESSAGE][PASSED] - Navigate to 'https://demowebshop.tricentis.com/fiction' successfully

04-07-2024T22:18:22 - [TEST_STEP][PASSED] - closeBrowser(): Browser is closed

04-07-2024T22:18:43 - [MESSAGE][PASSED] - Browser is closed]]></system-out>
         <system-err><![CDATA[]]></system-err>
      </testcase>
      <testcase name="Test Cases/aa/aa1" time="21.291" classname="Test Cases/aa/aa1" status="PASSED">
         <system-out><![CDATA[04-07-2024T22:18:43 - [TEST_CASE][PASSED] - Test Cases/aa/aa1: Test Cases/aa/aa1

04-07-2024T22:18:43 - [TEST_STEP][PASSED] - openBrowser(""): Browser is opened with url: ''

04-07-2024T22:18:43 - [MESSAGE][INFO] - Starting 'Chrome' driver

04-07-2024T22:18:43 - [MESSAGE][INFO] - Action delay is set to 0 milliseconds

04-07-2024T22:18:50 - [MESSAGE][PASSED] - Browser is opened with url: ''

04-07-2024T22:18:50 - [TEST_STEP][PASSED] - println($a - $variable - $variable_0): null

04-07-2024T22:18:50 - [TEST_STEP][PASSED] - navigateToUrl("https://demowebshop.tricentis.com/fiction"): Navigate to 'https://demowebshop.tricentis.com/fiction' successfully

04-07-2024T22:18:54 - [MESSAGE][PASSED] - Navigate to 'https://demowebshop.tricentis.com/fiction' successfully

04-07-2024T22:18:54 - [TEST_STEP][PASSED] - closeBrowser(): Browser is closed

04-07-2024T22:19:05 - [MESSAGE][PASSED] - Browser is closed]]></system-out>
         <system-err><![CDATA[]]></system-err>
      </testcase>
      <testcase name="Test Cases/aa/aa1" time="17.708" classname="Test Cases/aa/aa1" status="PASSED">
         <system-out><![CDATA[04-07-2024T22:19:05 - [TEST_CASE][PASSED] - Test Cases/aa/aa1: Test Cases/aa/aa1

04-07-2024T22:19:05 - [TEST_STEP][PASSED] - openBrowser(""): Browser is opened with url: ''

04-07-2024T22:19:05 - [MESSAGE][INFO] - Starting 'Chrome' driver

04-07-2024T22:19:05 - [MESSAGE][INFO] - Action delay is set to 0 milliseconds

04-07-2024T22:19:08 - [MESSAGE][PASSED] - Browser is opened with url: ''

04-07-2024T22:19:08 - [TEST_STEP][PASSED] - println($a - $variable - $variable_0): null

04-07-2024T22:19:08 - [TEST_STEP][PASSED] - navigateToUrl("https://demowebshop.tricentis.com/fiction"): Navigate to 'https://demowebshop.tricentis.com/fiction' successfully

04-07-2024T22:19:14 - [MESSAGE][PASSED] - Navigate to 'https://demowebshop.tricentis.com/fiction' successfully

04-07-2024T22:19:14 - [TEST_STEP][PASSED] - closeBrowser(): Browser is closed

04-07-2024T22:19:23 - [MESSAGE][PASSED] - Browser is closed]]></system-out>
         <system-err><![CDATA[]]></system-err>
      </testcase>
      <testcase name="Test Cases/aa/aa1" time="17.489" classname="Test Cases/aa/aa1" status="PASSED">
         <system-out><![CDATA[04-07-2024T22:19:23 - [TEST_CASE][PASSED] - Test Cases/aa/aa1: Test Cases/aa/aa1

04-07-2024T22:19:23 - [TEST_STEP][PASSED] - openBrowser(""): Browser is opened with url: ''

04-07-2024T22:19:23 - [MESSAGE][INFO] - Starting 'Chrome' driver

04-07-2024T22:19:23 - [MESSAGE][INFO] - Action delay is set to 0 milliseconds

04-07-2024T22:19:27 - [MESSAGE][PASSED] - Browser is opened with url: ''

04-07-2024T22:19:27 - [TEST_STEP][PASSED] - println($a - $variable - $variable_0): null

04-07-2024T22:19:27 - [TEST_STEP][PASSED] - navigateToUrl("https://demowebshop.tricentis.com/fiction"): Navigate to 'https://demowebshop.tricentis.com/fiction' successfully

04-07-2024T22:19:33 - [MESSAGE][PASSED] - Navigate to 'https://demowebshop.tricentis.com/fiction' successfully

04-07-2024T22:19:33 - [TEST_STEP][PASSED] - closeBrowser(): Browser is closed

04-07-2024T22:19:41 - [MESSAGE][PASSED] - Browser is closed]]></system-out>
         <system-err><![CDATA[]]></system-err>
      </testcase>
      <system-out><![CDATA[04-07-2024T22:17:19 - [TEST_SUITE][PASSED] - a: Test Cases/aa/aa1]]></system-out>
      <system-err><![CDATA[]]></system-err>
   </testsuite>
</testsuites>
