<?xml version="1.0" encoding="UTF-8"?>
<testsuites name="checkpoint" time="200.026" tests="1" failures="0" errors="0">
   <testsuite name="checkpoint" tests="1" failures="0" errors="0" time="200.026" skipped="0" timestamp="28-05-2024T23:23:52" hostname="tuanh - huybt2" id="Test Suites/checkpoint">
      <properties>
         <property name="deviceName" value=""/>
         <property name="devicePlatform" value=""/>
         <property name="logFolder" value="C:\\Users\\tuanh\\git\\kata-oma\\Reports\\20240528_232333\\checkpoint\\20240528_232333"/>
         <property name="logFiles" value="C:\\Users\\tuanh\\git\\kata-oma\\Reports\\20240528_232333\\checkpoint\\20240528_232333\\execution0.log"/>
         <property name="attachments" value="keyes\keyes-current_viewport 1.png, keyes\keyes-current_viewport 2.png, keyes\keyes-current_viewport 3.png, keyes\keyes-current_viewport 4.png, keyes\keyes-current_viewport 5.png, keyes\keyes-current_viewport 6.png, keyes\keyes-current_viewport 7.png, keyes\keyes-current_viewport 8.png, keyes\keyes-current_viewport9.png, keyes\keyes-current_viewport 10.png, keyes\keyes-current_viewport11.png, keyes\keyes-current_viewport12.png, keyes\keyes-current_viewport13.png, keyes\keyes-current_viewport14.png, keyes\keyes-current_viewport15.png, keyes\keyes-current_viewport16.png, keyes\keyes-current_viewport17.png, keyes\keyes-current_viewport16.png"/>
         <property name="hostName" value="tuanh - huybt2"/>
         <property name="os" value="Windows 11 64bit"/>
         <property name="katalonVersion" value="9.4.0.212"/>
         <property name="browser" value="Chrome 125.0.0.0"/>
         <property name="hostAddress" value="192.168.1.8"/>
         <property name="sessionId" value="6215259dc332a3ac04a5d36b09b7ab25"/>
         <property name="seleniumVersion" value="3.141.59"/>
         <property name="proxyInformation" value="ProxyInformation { proxyOption=NO_PROXY, proxyServerType=HTTP, username=, password=********, proxyServerAddress=, proxyServerPort=0, executionList=&quot;&quot;, isApplyToDesiredCapabilities=true }"/>
         <property name="platform" value="Windows 11"/>
      </properties>
      <testcase name="Test Cases/ac/checkpoint 2" time="199.355" classname="Test Cases/ac/checkpoint 2" status="PASSED">
         <system-out><![CDATA[28-05-2024T23:23:52 - [TEST_CASE][PASSED] - Test Cases/ac/checkpoint 2: Test Cases/ac/checkpoint 2

28-05-2024T23:23:53 - [TEST_STEP][PASSED] - openBrowser(""): Browser is opened with url: ''

28-05-2024T23:23:55 - [MESSAGE][INFO] - Starting 'Chrome' driver

28-05-2024T23:23:55 - [MESSAGE][INFO] - Action delay is set to 0 milliseconds

28-05-2024T23:24:05 - [MESSAGE][PASSED] - Browser is opened with url: ''

28-05-2024T23:24:05 - [TEST_STEP][PASSED] - navigateToUrl("https://academy.katalon.com/"): Navigate to 'https://academy.katalon.com/' successfully

28-05-2024T23:24:32 - [MESSAGE][PASSED] - Navigate to 'https://academy.katalon.com/' successfully

28-05-2024T23:24:32 - [TEST_STEP][PASSED] - takeScreenshotAsCheckpoint("current_viewport 1"): Taking screenshot successfully

28-05-2024T23:24:38 - [MESSAGE][INFO] - 0 hidden object(s)

28-05-2024T23:24:38 - [MESSAGE][PASSED] - Taking screenshot successfully
[[ATTACHMENT|keyes\keyes-current_viewport 1.png]]

28-05-2024T23:24:38 - [TEST_STEP][PASSED] - takeScreenshotAsCheckpoint("current_viewport 2 "): Taking screenshot successfully

28-05-2024T23:24:39 - [MESSAGE][INFO] - 0 hidden object(s)

28-05-2024T23:24:40 - [MESSAGE][PASSED] - Taking screenshot successfully
[[ATTACHMENT|keyes\keyes-current_viewport 2.png]]

28-05-2024T23:24:40 - [TEST_STEP][PASSED] - takeScreenshotAsCheckpoint("current_viewport 3"): Taking screenshot successfully

28-05-2024T23:24:45 - [MESSAGE][INFO] - 0 hidden object(s)

28-05-2024T23:24:46 - [MESSAGE][PASSED] - Taking screenshot successfully
[[ATTACHMENT|keyes\keyes-current_viewport 3.png]]

28-05-2024T23:24:46 - [TEST_STEP][PASSED] - takeScreenshotAsCheckpoint("current_viewport 4"): Taking screenshot successfully

28-05-2024T23:24:51 - [MESSAGE][INFO] - 0 hidden object(s)

28-05-2024T23:24:52 - [MESSAGE][PASSED] - Taking screenshot successfully
[[ATTACHMENT|keyes\keyes-current_viewport 4.png]]

28-05-2024T23:24:52 - [TEST_STEP][PASSED] - takeScreenshotAsCheckpoint("current_viewport 5"): Taking screenshot successfully

28-05-2024T23:24:55 - [MESSAGE][INFO] - 0 hidden object(s)

28-05-2024T23:24:56 - [MESSAGE][PASSED] - Taking screenshot successfully
[[ATTACHMENT|keyes\keyes-current_viewport 5.png]]

28-05-2024T23:24:56 - [TEST_STEP][PASSED] - takeScreenshotAsCheckpoint("current_viewport 6"): Taking screenshot successfully

28-05-2024T23:25:01 - [MESSAGE][INFO] - 0 hidden object(s)

28-05-2024T23:25:02 - [MESSAGE][PASSED] - Taking screenshot successfully
[[ATTACHMENT|keyes\keyes-current_viewport 6.png]]

28-05-2024T23:25:02 - [TEST_STEP][PASSED] - takeScreenshotAsCheckpoint("current_viewport 7"): Taking screenshot successfully

28-05-2024T23:25:05 - [MESSAGE][INFO] - 0 hidden object(s)

28-05-2024T23:25:05 - [MESSAGE][PASSED] - Taking screenshot successfully
[[ATTACHMENT|keyes\keyes-current_viewport 7.png]]

28-05-2024T23:25:05 - [TEST_STEP][PASSED] - takeScreenshotAsCheckpoint("current_viewport 8 "): Taking screenshot successfully

28-05-2024T23:25:09 - [MESSAGE][INFO] - 0 hidden object(s)

28-05-2024T23:25:09 - [MESSAGE][PASSED] - Taking screenshot successfully
[[ATTACHMENT|keyes\keyes-current_viewport 8.png]]

28-05-2024T23:25:09 - [TEST_STEP][PASSED] - takeScreenshotAsCheckpoint("current_viewport9"): Taking screenshot successfully

28-05-2024T23:25:12 - [MESSAGE][INFO] - 0 hidden object(s)

28-05-2024T23:25:13 - [MESSAGE][PASSED] - Taking screenshot successfully
[[ATTACHMENT|keyes\keyes-current_viewport9.png]]

28-05-2024T23:25:13 - [TEST_STEP][PASSED] - takeScreenshotAsCheckpoint("current_viewport 10"): Taking screenshot successfully

28-05-2024T23:25:20 - [MESSAGE][INFO] - 0 hidden object(s)

28-05-2024T23:25:20 - [MESSAGE][PASSED] - Taking screenshot successfully
[[ATTACHMENT|keyes\keyes-current_viewport 10.png]]

28-05-2024T23:25:20 - [TEST_STEP][PASSED] - takeScreenshotAsCheckpoint("current_viewport11"): Taking screenshot successfully

28-05-2024T23:25:24 - [MESSAGE][INFO] - 0 hidden object(s)

28-05-2024T23:25:26 - [MESSAGE][PASSED] - Taking screenshot successfully
[[ATTACHMENT|keyes\keyes-current_viewport11.png]]

28-05-2024T23:25:26 - [TEST_STEP][PASSED] - takeScreenshotAsCheckpoint("current_viewport12"): Taking screenshot successfully

28-05-2024T23:25:31 - [MESSAGE][INFO] - 0 hidden object(s)

28-05-2024T23:25:33 - [MESSAGE][PASSED] - Taking screenshot successfully
[[ATTACHMENT|keyes\keyes-current_viewport12.png]]

28-05-2024T23:25:33 - [TEST_STEP][PASSED] - takeScreenshotAsCheckpoint("current_viewport13"): Taking screenshot successfully

28-05-2024T23:25:35 - [MESSAGE][INFO] - 0 hidden object(s)

28-05-2024T23:25:36 - [MESSAGE][PASSED] - Taking screenshot successfully
[[ATTACHMENT|keyes\keyes-current_viewport13.png]]

28-05-2024T23:25:36 - [TEST_STEP][PASSED] - takeScreenshotAsCheckpoint("current_viewport14"): Taking screenshot successfully

28-05-2024T23:25:39 - [MESSAGE][INFO] - 0 hidden object(s)

28-05-2024T23:25:41 - [MESSAGE][PASSED] - Taking screenshot successfully
[[ATTACHMENT|keyes\keyes-current_viewport14.png]]

28-05-2024T23:25:41 - [TEST_STEP][PASSED] - takeScreenshotAsCheckpoint("current_viewport15"): Taking screenshot successfully

28-05-2024T23:25:47 - [MESSAGE][INFO] - 0 hidden object(s)

28-05-2024T23:25:49 - [MESSAGE][PASSED] - Taking screenshot successfully
[[ATTACHMENT|keyes\keyes-current_viewport15.png]]

28-05-2024T23:25:49 - [TEST_STEP][PASSED] - takeScreenshotAsCheckpoint("current_viewport16"): Taking screenshot successfully

28-05-2024T23:25:51 - [MESSAGE][INFO] - 0 hidden object(s)

28-05-2024T23:25:53 - [MESSAGE][PASSED] - Taking screenshot successfully
[[ATTACHMENT|keyes\keyes-current_viewport16.png]]

28-05-2024T23:25:53 - [TEST_STEP][PASSED] - takeScreenshotAsCheckpoint("current_viewport17"): Taking screenshot successfully

28-05-2024T23:25:58 - [MESSAGE][INFO] - 0 hidden object(s)

28-05-2024T23:26:00 - [MESSAGE][PASSED] - Taking screenshot successfully
[[ATTACHMENT|keyes\keyes-current_viewport17.png]]

28-05-2024T23:26:00 - [TEST_STEP][PASSED] - takeScreenshotAsCheckpoint("current_viewport16"): Taking screenshot successfully

28-05-2024T23:26:08 - [MESSAGE][INFO] - 0 hidden object(s)

28-05-2024T23:26:10 - [MESSAGE][PASSED] - Taking screenshot successfully
[[ATTACHMENT|keyes\keyes-current_viewport16.png]]

28-05-2024T23:26:10 - [TEST_STEP][PASSED] - closeBrowser(): Browser is closed

28-05-2024T23:27:12 - [MESSAGE][PASSED] - Browser is closed]]></system-out>
         <system-err><![CDATA[]]></system-err>
      </testcase>
      <system-out><![CDATA[28-05-2024T23:23:52 - [TEST_SUITE][PASSED] - checkpoint: Test Cases/ac/checkpoint 2]]></system-out>
      <system-err><![CDATA[]]></system-err>
   </testsuite>
</testsuites>
