<?xml version="1.0" encoding="UTF-8"?>
<testsuites name="a" time="88.975" tests="6" failures="0" errors="0">
   <testsuite name="a" tests="6" failures="0" errors="0" time="88.975" skipped="0" timestamp="04-07-2024T12:32:52" hostname="tuanh - huybt2" id="Test Suites/thang/a">
      <properties>
         <property name="deviceName" value=""/>
         <property name="devicePlatform" value=""/>
         <property name="logFolder" value="C:\\Users\\tuanh\\git\\kata-oma\\Reports\\20240704_123204\\thang\\a\\20240704_123204"/>
         <property name="logFiles" value="C:\\Users\\tuanh\\git\\kata-oma\\Reports\\20240704_123204\\thang\\a\\20240704_123204\\execution0.log"/>
         <property name="attachments" value=""/>
         <property name="hostName" value="tuanh - huybt2"/>
         <property name="os" value="Windows 11 64bit"/>
         <property name="katalonVersion" value="9.4.0.212"/>
         <property name="browser" value="Chrome 126.0.0.0"/>
         <property name="hostAddress" value="172.20.10.2"/>
         <property name="sessionId" value="20059e413c747f5c64ef31f998974795"/>
         <property name="seleniumVersion" value="3.141.59"/>
         <property name="proxyInformation" value="ProxyInformation { proxyOption=NO_PROXY, proxyServerType=HTTP, username=, password=********, proxyServerAddress=, proxyServerPort=0, executionList=&quot;&quot;, isApplyToDesiredCapabilities=true }"/>
         <property name="platform" value="Windows 11"/>
      </properties>
      <testcase name="Test Cases/aa/New Test Case" time="38.92" classname="Test Cases/aa/New Test Case" status="PASSED">
         <system-out><![CDATA[04-07-2024T12:32:59 - [TEST_CASE][PASSED] - Test Cases/aa/New Test Case: Test Cases/aa/New Test Case

04-07-2024T12:33:00 - [TEST_STEP][PASSED] - openBrowser(""): Browser is opened with url: ''

04-07-2024T12:33:05 - [MESSAGE][INFO] - Starting 'Chrome' driver

04-07-2024T12:33:06 - [MESSAGE][INFO] - Action delay is set to 0 milliseconds

04-07-2024T12:33:21 - [MESSAGE][PASSED] - Browser is opened with url: ''

04-07-2024T12:33:21 - [TEST_STEP][PASSED] - navigateToUrl("https://demowebshop.tricentis.com/fiction"): Navigate to 'https://demowebshop.tricentis.com/fiction' successfully

04-07-2024T12:33:25 - [MESSAGE][PASSED] - Navigate to 'https://demowebshop.tricentis.com/fiction' successfully

04-07-2024T12:33:25 - [TEST_STEP][PASSED] - setText(findTestObject("ac/New Test Object (1)"), "a"): Text 'a' is set on object 'Object Repository/ac/New Test Object (1)'

04-07-2024T12:33:37 - [MESSAGE][PASSED] - Text 'a' is set on object 'Object Repository/ac/New Test Object (1)'

04-07-2024T12:33:37 - [TEST_STEP][PASSED] - closeBrowser(): Browser is closed

04-07-2024T12:33:38 - [MESSAGE][PASSED] - Browser is closed]]></system-out>
         <system-err><![CDATA[]]></system-err>
      </testcase>
      <testcase name="Test Cases/aa/New Test Case" time="10.004" classname="Test Cases/aa/New Test Case" status="PASSED">
         <system-out><![CDATA[04-07-2024T12:33:38 - [TEST_CASE][PASSED] - Test Cases/aa/New Test Case: Test Cases/aa/New Test Case

04-07-2024T12:33:38 - [TEST_STEP][PASSED] - openBrowser(""): Browser is opened with url: ''

04-07-2024T12:33:38 - [MESSAGE][INFO] - Starting 'Chrome' driver

04-07-2024T12:33:38 - [MESSAGE][INFO] - Action delay is set to 0 milliseconds

04-07-2024T12:33:40 - [MESSAGE][PASSED] - Browser is opened with url: ''

04-07-2024T12:33:40 - [TEST_STEP][PASSED] - navigateToUrl("https://demowebshop.tricentis.com/fiction"): Navigate to 'https://demowebshop.tricentis.com/fiction' successfully

04-07-2024T12:33:47 - [MESSAGE][PASSED] - Navigate to 'https://demowebshop.tricentis.com/fiction' successfully

04-07-2024T12:33:47 - [TEST_STEP][PASSED] - setText(findTestObject("ac/New Test Object (1)"), "a"): Text 'a' is set on object 'Object Repository/ac/New Test Object (1)'

04-07-2024T12:33:48 - [MESSAGE][PASSED] - Text 'a' is set on object 'Object Repository/ac/New Test Object (1)'

04-07-2024T12:33:48 - [TEST_STEP][PASSED] - closeBrowser(): Browser is closed

04-07-2024T12:33:48 - [MESSAGE][PASSED] - Browser is closed]]></system-out>
         <system-err><![CDATA[]]></system-err>
      </testcase>
      <testcase name="Test Cases/aa/New Test Case" time="9.306" classname="Test Cases/aa/New Test Case" status="PASSED">
         <system-out><![CDATA[04-07-2024T12:33:48 - [TEST_CASE][PASSED] - Test Cases/aa/New Test Case: Test Cases/aa/New Test Case

04-07-2024T12:33:48 - [TEST_STEP][PASSED] - openBrowser(""): Browser is opened with url: ''

04-07-2024T12:33:48 - [MESSAGE][INFO] - Starting 'Chrome' driver

04-07-2024T12:33:48 - [MESSAGE][INFO] - Action delay is set to 0 milliseconds

04-07-2024T12:33:49 - [MESSAGE][PASSED] - Browser is opened with url: ''

04-07-2024T12:33:49 - [TEST_STEP][PASSED] - navigateToUrl("https://demowebshop.tricentis.com/fiction"): Navigate to 'https://demowebshop.tricentis.com/fiction' successfully

04-07-2024T12:33:56 - [MESSAGE][PASSED] - Navigate to 'https://demowebshop.tricentis.com/fiction' successfully

04-07-2024T12:33:56 - [TEST_STEP][PASSED] - setText(findTestObject("ac/New Test Object (1)"), "a"): Text 'a' is set on object 'Object Repository/ac/New Test Object (1)'

04-07-2024T12:33:57 - [MESSAGE][PASSED] - Text 'a' is set on object 'Object Repository/ac/New Test Object (1)'

04-07-2024T12:33:57 - [TEST_STEP][PASSED] - closeBrowser(): Browser is closed

04-07-2024T12:33:57 - [MESSAGE][PASSED] - Browser is closed]]></system-out>
         <system-err><![CDATA[]]></system-err>
      </testcase>
      <testcase name="Test Cases/aa/New Test Case" time="10.599" classname="Test Cases/aa/New Test Case" status="PASSED">
         <system-out><![CDATA[04-07-2024T12:33:57 - [TEST_CASE][PASSED] - Test Cases/aa/New Test Case: Test Cases/aa/New Test Case

04-07-2024T12:33:57 - [TEST_STEP][PASSED] - openBrowser(""): Browser is opened with url: ''

04-07-2024T12:33:57 - [MESSAGE][INFO] - Starting 'Chrome' driver

04-07-2024T12:33:57 - [MESSAGE][INFO] - Action delay is set to 0 milliseconds

04-07-2024T12:33:59 - [MESSAGE][PASSED] - Browser is opened with url: ''

04-07-2024T12:33:59 - [TEST_STEP][PASSED] - navigateToUrl("https://demowebshop.tricentis.com/fiction"): Navigate to 'https://demowebshop.tricentis.com/fiction' successfully

04-07-2024T12:34:05 - [MESSAGE][PASSED] - Navigate to 'https://demowebshop.tricentis.com/fiction' successfully

04-07-2024T12:34:05 - [TEST_STEP][PASSED] - setText(findTestObject("ac/New Test Object (1)"), "a"): Text 'a' is set on object 'Object Repository/ac/New Test Object (1)'

04-07-2024T12:34:07 - [MESSAGE][PASSED] - Text 'a' is set on object 'Object Repository/ac/New Test Object (1)'

04-07-2024T12:34:07 - [TEST_STEP][PASSED] - closeBrowser(): Browser is closed

04-07-2024T12:34:08 - [MESSAGE][PASSED] - Browser is closed]]></system-out>
         <system-err><![CDATA[]]></system-err>
      </testcase>
      <testcase name="Test Cases/aa/New Test Case" time="6.254" classname="Test Cases/aa/New Test Case" status="PASSED">
         <system-out><![CDATA[04-07-2024T12:34:08 - [TEST_CASE][PASSED] - Test Cases/aa/New Test Case: Test Cases/aa/New Test Case

04-07-2024T12:34:08 - [TEST_STEP][PASSED] - openBrowser(""): Browser is opened with url: ''

04-07-2024T12:34:08 - [MESSAGE][INFO] - Starting 'Chrome' driver

04-07-2024T12:34:08 - [MESSAGE][INFO] - Action delay is set to 0 milliseconds

04-07-2024T12:34:09 - [MESSAGE][PASSED] - Browser is opened with url: ''

04-07-2024T12:34:09 - [TEST_STEP][PASSED] - navigateToUrl("https://demowebshop.tricentis.com/fiction"): Navigate to 'https://demowebshop.tricentis.com/fiction' successfully

04-07-2024T12:34:13 - [MESSAGE][PASSED] - Navigate to 'https://demowebshop.tricentis.com/fiction' successfully

04-07-2024T12:34:13 - [TEST_STEP][PASSED] - setText(findTestObject("ac/New Test Object (1)"), "a"): Text 'a' is set on object 'Object Repository/ac/New Test Object (1)'

04-07-2024T12:34:14 - [MESSAGE][PASSED] - Text 'a' is set on object 'Object Repository/ac/New Test Object (1)'

04-07-2024T12:34:14 - [TEST_STEP][PASSED] - closeBrowser(): Browser is closed

04-07-2024T12:34:14 - [MESSAGE][PASSED] - Browser is closed]]></system-out>
         <system-err><![CDATA[]]></system-err>
      </testcase>
      <testcase name="Test Cases/aa/New Test Case" time="6.959" classname="Test Cases/aa/New Test Case" status="PASSED">
         <system-out><![CDATA[04-07-2024T12:34:14 - [TEST_CASE][PASSED] - Test Cases/aa/New Test Case: Test Cases/aa/New Test Case

04-07-2024T12:34:14 - [TEST_STEP][PASSED] - openBrowser(""): Browser is opened with url: ''

04-07-2024T12:34:14 - [MESSAGE][INFO] - Starting 'Chrome' driver

04-07-2024T12:34:14 - [MESSAGE][INFO] - Action delay is set to 0 milliseconds

04-07-2024T12:34:15 - [MESSAGE][PASSED] - Browser is opened with url: ''

04-07-2024T12:34:15 - [TEST_STEP][PASSED] - navigateToUrl("https://demowebshop.tricentis.com/fiction"): Navigate to 'https://demowebshop.tricentis.com/fiction' successfully

04-07-2024T12:34:20 - [MESSAGE][PASSED] - Navigate to 'https://demowebshop.tricentis.com/fiction' successfully

04-07-2024T12:34:20 - [TEST_STEP][PASSED] - setText(findTestObject("ac/New Test Object (1)"), "a"): Text 'a' is set on object 'Object Repository/ac/New Test Object (1)'

04-07-2024T12:34:21 - [MESSAGE][PASSED] - Text 'a' is set on object 'Object Repository/ac/New Test Object (1)'

04-07-2024T12:34:21 - [TEST_STEP][PASSED] - closeBrowser(): Browser is closed

04-07-2024T12:34:21 - [MESSAGE][PASSED] - Browser is closed]]></system-out>
         <system-err><![CDATA[]]></system-err>
      </testcase>
      <system-out><![CDATA[04-07-2024T12:32:52 - [TEST_SUITE][PASSED] - a: Test Cases/aa/New Test Case]]></system-out>
      <system-err><![CDATA[]]></system-err>
   </testsuite>
</testsuites>
