<?xml version="1.0" encoding="UTF-8"?>
<testsuites name="api" time="36.701" tests="1" failures="0" errors="0">
   <testsuite name="api" tests="1" failures="0" errors="0" time="36.701" skipped="0" timestamp="26-05-2024T17:27:51" hostname="tuanh - huybt2" id="Test Suites/api">
      <properties>
         <property name="deviceName" value=""/>
         <property name="devicePlatform" value=""/>
         <property name="logFolder" value="C:\\Users\\tuanh\\git\\kata-oma\\Reports\\20240526_172623\\api\\20240526_172624"/>
         <property name="logFiles" value="C:\\Users\\tuanh\\git\\kata-oma\\Reports\\20240526_172623\\api\\20240526_172624\\execution0.log"/>
         <property name="attachments" value=""/>
         <property name="hostName" value="tuanh - huybt2"/>
         <property name="hostAddress" value="192.168.1.6"/>
         <property name="os" value="Windows 11 64bit"/>
         <property name="katalonVersion" value="9.4.0.212"/>
      </properties>
      <testcase name="Test Cases/ad" time="15.581" classname="Test Cases/ad" status="PASSED">
         <system-out><![CDATA[26-05-2024T17:28:12 - [TEST_CASE][PASSED] - Test Cases/ad: Test Cases/ad

26-05-2024T17:28:16 - [TEST_STEP][PASSED] - sendRequest(findTestObject("ac/New Request")): Send request successfully

26-05-2024T17:28:27 - [MESSAGE][INFO] - HAR: C:\Users\tuanh\git\kata-oma\Reports\20240526_172623\api\20240526_172624\requests\main\0.har

26-05-2024T17:28:27 - [MESSAGE][PASSED] - Send request successfully]]></system-out>
         <system-err><![CDATA[]]></system-err>
      </testcase>
      <system-out><![CDATA[26-05-2024T17:27:51 - [TEST_SUITE][PASSED] - api: Test Cases/ad]]></system-out>
      <system-err><![CDATA[]]></system-err>
   </testsuite>
</testsuites>
