<?xml version="1.0" encoding="UTF-8"?>
<testsuites name="New Dynamic Test Suite" time="1604.348" tests="239" failures="2" errors="0">
   <testsuite name="New Dynamic Test Suite" tests="239" failures="2" errors="0" time="1604.348" skipped="0" timestamp="03-07-2024T22:04:09" hostname="tuanh - huybt2" id="Test Suites/thang/New Dynamic Test Suite">
      <properties>
         <property name="deviceName"/>
         <property name="devicePlatform" value=""/>
         <property name="logFolder" value="C:\\Users\\tuanh\\git\\kata-oma\\Reports\\20240703_220345\\thang\\New Dynamic Test Suite\\20240703_220345"/>
         <property name="logFiles" value="C:\\Users\\tuanh\\git\\kata-oma\\Reports\\20240703_220345\\thang\\New Dynamic Test Suite\\20240703_220345\\execution0.log"/>
         <property name="attachments" value="keyes\keyes-current_viewport 1.png, keyes\keyes-current_viewport 2.png, keyes\keyes-current_viewport 3.png, keyes\keyes-current_viewport 4.png, keyes\keyes-current_viewport 5.png, keyes\keyes-current_viewport 6.png, keyes\keyes-current_viewport 7.png, keyes\keyes-current_viewport 8.png, keyes\keyes-current_viewport9.png, keyes\keyes-current_viewport 10.png, keyes\keyes-current_viewport11.png, keyes\keyes-current_viewport12.png, keyes\keyes-current_viewport13.png, keyes\keyes-current_viewport14.png, keyes\keyes-current_viewport15.png, keyes\keyes-current_viewport16.png, keyes\keyes-current_viewport17.png, keyes\keyes-current_viewport16.png"/>
         <property name="hostName" value="tuanh - huybt2"/>
         <property name="desiredCapabilities" value="{}"/>
         <property name="os" value="Windows 11 64bit"/>
         <property name="katalonVersion" value="9.4.0.212"/>
         <property name="browser" value="Chrome 126.0.0.0"/>
         <property name="hostAddress" value="192.168.1.13"/>
         <property name="sessionId" value="dd2267ad32106c6173bd9cdd50ba60e7"/>
         <property name="seleniumVersion" value="3.141.59"/>
         <property name="proxyInformation" value="ProxyInformation { proxyOption=NO_PROXY, proxyServerType=HTTP, username=, password=********, proxyServerAddress=, proxyServerPort=0, executionList=&quot;&quot;, isApplyToDesiredCapabilities=true }"/>
         <property name="platform" value="Windows 11"/>
      </properties>
      <testcase name="Test Cases/New Test Case (1)" time="10.791" classname="Test Cases/New Test Case (1)" status="PASSED">
         <system-out><![CDATA[03-07-2024T22:04:09 - [TEST_CASE][PASSED] - Test Cases/New Test Case (1): Test Cases/New Test Case (1)

03-07-2024T22:04:11 - [TEST_STEP][PASSED] - openBrowser(""): Browser is opened with url: ''

03-07-2024T22:04:12 - [MESSAGE][INFO] - Starting 'Chrome' driver

03-07-2024T22:04:12 - [MESSAGE][INFO] - Action delay is set to 0 milliseconds

03-07-2024T22:04:16 - [MESSAGE][PASSED] - Browser is opened with url: ''

03-07-2024T22:04:16 - [TEST_STEP][PASSED] - closeBrowser(): Browser is closed

03-07-2024T22:04:20 - [MESSAGE][PASSED] - Browser is closed]]></system-out>
         <system-err><![CDATA[]]></system-err>
      </testcase>
      <testcase name="Test Cases/New Test Case (2)" time="7.378" classname="Test Cases/New Test Case (2)" status="PASSED">
         <system-out><![CDATA[03-07-2024T22:04:20 - [TEST_CASE][PASSED] - Test Cases/New Test Case (2): Test Cases/New Test Case (2)

03-07-2024T22:04:21 - [TEST_STEP][PASSED] - sendRequest(findTestObject("ac/New Request")): Send request successfully

03-07-2024T22:04:27 - [MESSAGE][INFO] - HAR: C:\Users\tuanh\git\kata-oma\Reports\20240703_220345\thang\New Dynamic Test Suite\20240703_220345\requests\main\0.har

03-07-2024T22:04:28 - [MESSAGE][PASSED] - Send request successfully]]></system-out>
         <system-err><![CDATA[]]></system-err>
      </testcase>
      <testcase name="Test Cases/New Test Case" time="1.917" classname="Test Cases/New Test Case" status="FAILED">
         <failure type="FAILED" message="Test Cases/New Test Case FAILED.&#xa;Reason:&#xa;com.kms.katalon.core.exception.StepFailedException: Connection refused: no further information&#xa;Build info: version: '3.141.59', revision: 'e82be7d358', time: '2018-11-14T08:25:53'&#xa;System info: host: 'HUYBT2', ip: '192.168.1.13', os.name: 'Windows 11', os.arch: 'amd64', os.version: '10.0', java.version: '17.0.7'&#xa;Driver info: driver.version: WindowsDriver (Root cause: org.openqa.selenium.WebDriverException: Connection refused: no further information&#xa;Build info: version: '3.141.59', revision: 'e82be7d358', time: '2018-11-14T08:25:53'&#xa;System info: host: 'HUYBT2', ip: '192.168.1.13', os.name: 'Windows 11', os.arch: 'amd64', os.version: '10.0', java.version: '17.0.7'&#xa;Driver info: driver.version: WindowsDriver&#xa;	at io.appium.java_client.remote.AppiumCommandExecutor.lambda$5(AppiumCommandExecutor.java:251)&#xa;	at io.appium.java_client.remote.AppiumCommandExecutor.execute(AppiumCommandExecutor.java:250)&#xa;	at org.openqa.selenium.remote.RemoteWebDriver.execute(RemoteWebDriver.java:552)&#xa;	at io.appium.java_client.DefaultGenericMobileDriver.execute(DefaultGenericMobileDriver.java:42)&#xa;	at io.appium.java_client.AppiumDriver.execute(AppiumDriver.java:1)&#xa;	at io.appium.java_client.windows.WindowsDriver.execute(WindowsDriver.java:1)&#xa;	at org.openqa.selenium.remote.RemoteWebDriver.startSession(RemoteWebDriver.java:213)&#xa;	at org.openqa.selenium.remote.RemoteWebDriver.&lt;init>(RemoteWebDriver.java:131)&#xa;	at io.appium.java_client.DefaultGenericMobileDriver.&lt;init>(DefaultGenericMobileDriver.java:38)&#xa;	at io.appium.java_client.AppiumDriver.&lt;init>(AppiumDriver.java:84)&#xa;	at io.appium.java_client.windows.WindowsDriver.&lt;init>(WindowsDriver.java:38)&#xa;	at com.kms.katalon.core.windows.driver.WindowsDriverFactory.newWindowsDriver(WindowsDriverFactory.java:194)&#xa;	at com.kms.katalon.core.windows.driver.WindowsDriverFactory.startApplication(WindowsDriverFactory.java:112)&#xa;	at com.kms.katalon.core.windows.driver.WindowsDriverFactory.startApplication(WindowsDriverFactory.java:96)&#xa;	at com.kms.katalon.core.windows.driver.WindowsDriverFactory$startApplication.call(Unknown Source)&#xa;	at com.kms.katalon.core.windows.keyword.builtin.StartApplicationWithTitleKeyword$_startApplicationWithTitle_closure1.doCall(StartApplicationWithTitleKeyword.groovy:33)&#xa;	at com.kms.katalon.core.windows.keyword.builtin.StartApplicationWithTitleKeyword$_startApplicationWithTitle_closure1.doCall(StartApplicationWithTitleKeyword.groovy)&#xa;	at java.base/jdk.internal.reflect.NativeMethodAccessorImpl.invoke0(Native Method)&#xa;	at java.base/jdk.internal.reflect.NativeMethodAccessorImpl.invoke(NativeMethodAccessorImpl.java:77)&#xa;	at java.base/jdk.internal.reflect.DelegatingMethodAccessorImpl.invoke(DelegatingMethodAccessorImpl.java:43)&#xa;	at com.kms.katalon.core.keyword.internal.KeywordMain.runKeyword(KeywordMain.groovy:90)&#xa;	at com.kms.katalon.core.keyword.internal.KeywordMain$runKeyword.call(Unknown Source)&#xa;	at com.kms.katalon.core.windows.keyword.builtin.StartApplicationWithTitleKeyword.startApplicationWithTitle(StartApplicationWithTitleKeyword.groovy:32)&#xa;	at com.kms.katalon.core.windows.keyword.builtin.StartApplicationWithTitleKeyword.execute(StartApplicationWithTitleKeyword.groovy:28)&#xa;	at com.kms.katalon.core.keyword.internal.KeywordExecutor.executeKeywordForPlatform(KeywordExecutor.groovy:74)&#xa;	at com.kms.katalon.core.windows.keyword.WindowsBuiltinKeywords.startApplicationWithTitle(WindowsBuiltinKeywords.java:1064)&#xa;	at New Test Case.run(New Test Case:20)&#xa;	at com.kms.katalon.core.main.ScriptEngine.run(ScriptEngine.java:194)&#xa;	at com.kms.katalon.core.main.ScriptEngine.runScriptAsRawText(ScriptEngine.java:119)&#xa;	at com.kms.katalon.core.main.TestCaseExecutor.runScript(TestCaseExecutor.java:448)&#xa;	at com.kms.katalon.core.main.TestCaseExecutor.doExecute(TestCaseExecutor.java:439)&#xa;	at com.kms.katalon.core.main.TestCaseExecutor.processExecutionPhase(TestCaseExecutor.java:418)&#xa;	at com.kms.katalon.core.main.TestCaseExecutor.accessMainPhase(TestCaseExecutor.java:410)&#xa;	at com.kms.katalon.core.main.TestCaseExecutor.execute(TestCaseExecutor.java:285)&#xa;	at com.kms.katalon.core.common.CommonExecutor.accessTestCaseMainPhase(CommonExecutor.java:65)&#xa;	at com.kms.katalon.core.main.TestSuiteExecutor.accessTestSuiteMainPhase(TestSuiteExecutor.java:150)&#xa;	at com.kms.katalon.core.main.TestSuiteExecutor.execute(TestSuiteExecutor.java:106)&#xa;	at com.kms.katalon.core.main.TestCaseMain.startTestSuite(TestCaseMain.java:180)&#xa;	at TempTestSuite1720019025915.run(TempTestSuite1720019025915.groovy:35)&#xa;	at java.base/jdk.internal.reflect.NativeMethodAccessorImpl.invoke0(Native Method)&#xa;	at java.base/jdk.internal.reflect.NativeMethodAccessorImpl.invoke(NativeMethodAccessorImpl.java:77)&#xa;	at java.base/jdk.internal.reflect.DelegatingMethodAccessorImpl.invoke(DelegatingMethodAccessorImpl.java:43)&#xa;Caused by: java.net.ConnectException: Connection refused: no further information&#xa;	at okhttp3.internal.platform.Platform.connectSocket(Platform.java:129)&#xa;	at okhttp3.internal.connection.RealConnection.connectSocket(RealConnection.java:245)&#xa;	at okhttp3.internal.connection.RealConnection.connect(RealConnection.java:165)&#xa;	at okhttp3.internal.connection.StreamAllocation.findConnection(StreamAllocation.java:257)&#xa;	at okhttp3.internal.connection.StreamAllocation.findHealthyConnection(StreamAllocation.java:135)&#xa;	at okhttp3.internal.connection.StreamAllocation.newStream(StreamAllocation.java:114)&#xa;	at okhttp3.internal.connection.ConnectInterceptor.intercept(ConnectInterceptor.java:42)&#xa;	at okhttp3.internal.http.RealInterceptorChain.proceed(RealInterceptorChain.java:147)&#xa;	at okhttp3.internal.http.RealInterceptorChain.proceed(RealInterceptorChain.java:121)&#xa;	at okhttp3.internal.cache.CacheInterceptor.intercept(CacheInterceptor.java:93)&#xa;	at okhttp3.internal.http.RealInterceptorChain.proceed(RealInterceptorChain.java:147)&#xa;	at okhttp3.internal.http.RealInterceptorChain.proceed(RealInterceptorChain.java:121)&#xa;	at okhttp3.internal.http.BridgeInterceptor.intercept(BridgeInterceptor.java:93)&#xa;	at okhttp3.internal.http.RealInterceptorChain.proceed(RealInterceptorChain.java:147)&#xa;	at okhttp3.internal.http.RetryAndFollowUpInterceptor.intercept(RetryAndFollowUpInterceptor.java:126)&#xa;	at okhttp3.internal.http.RealInterceptorChain.proceed(RealInterceptorChain.java:147)&#xa;	at okhttp3.internal.http.RealInterceptorChain.proceed(RealInterceptorChain.java:121)&#xa;	at okhttp3.RealCall.getResponseWithInterceptorChain(RealCall.java:200)&#xa;	at okhttp3.RealCall.execute(RealCall.java:77)&#xa;	at org.openqa.selenium.remote.internal.OkHttpClient.execute(OkHttpClient.java:103)&#xa;	at org.openqa.selenium.remote.ProtocolHandshake.createSession(ProtocolHandshake.java:105)&#xa;	at java.base/jdk.internal.reflect.NativeMethodAccessorImpl.invoke0(Native Method)&#xa;	at java.base/jdk.internal.reflect.NativeMethodAccessorImpl.invoke(NativeMethodAccessorImpl.java:77)&#xa;	at java.base/jdk.internal.reflect.DelegatingMethodAccessorImpl.invoke(DelegatingMethodAccessorImpl.java:43)&#xa;	at io.appium.java_client.remote.AppiumCommandExecutor$1.createSession(AppiumCommandExecutor.java:186)&#xa;	at io.appium.java_client.remote.AppiumCommandExecutor.createSession(AppiumCommandExecutor.java:217)&#xa;	at io.appium.java_client.remote.AppiumCommandExecutor.execute(AppiumCommandExecutor.java:239)&#xa;	at org.openqa.selenium.remote.RemoteWebDriver.execute(RemoteWebDriver.java:552)&#xa;	at io.appium.java_client.DefaultGenericMobileDriver.execute(DefaultGenericMobileDriver.java:42)&#xa;	at io.appium.java_client.AppiumDriver.execute(AppiumDriver.java:1)&#xa;	at io.appium.java_client.windows.WindowsDriver.execute(WindowsDriver.java:1)&#xa;	at org.openqa.selenium.remote.RemoteWebDriver.startSession(RemoteWebDriver.java:213)&#xa;	at org.openqa.selenium.remote.RemoteWebDriver.&lt;init>(RemoteWebDriver.java:131)&#xa;	at io.appium.java_client.DefaultGenericMobileDriver.&lt;init>(DefaultGenericMobileDriver.java:38)&#xa;	at io.appium.java_client.AppiumDriver.&lt;init>(AppiumDriver.java:84)&#xa;	at io.appium.java_client.windows.WindowsDriver.&lt;init>(WindowsDriver.java:38)&#xa;	at com.kms.katalon.core.windows.driver.WindowsDriverFactory.newWindowsDriver(WindowsDriverFactory.java:194)&#xa;	at com.kms.katalon.core.windows.driver.WindowsDriverFactory.startApplication(WindowsDriverFactory.java:112)&#xa;	at com.kms.katalon.core.windows.driver.WindowsDriverFactory.startApplication(WindowsDriverFactory.java:96)&#xa;	at com.kms.katalon.core.windows.driver.WindowsDriverFactory$startApplication.call(Unknown Source)&#xa;	at com.kms.katalon.core.windows.keyword.builtin.StartApplicationWithTitleKeyword$_startApplicationWithTitle_closure1.doCall(StartApplicationWithTitleKeyword.groovy:33)&#xa;	at com.kms.katalon.core.windows.keyword.builtin.StartApplicationWithTitleKeyword$_startApplicationWithTitle_closure1.doCall(StartApplicationWithTitleKeyword.groovy)&#xa;	at java.base/jdk.internal.reflect.NativeMethodAccessorImpl.invoke0(Native Method)&#xa;	at java.base/jdk.internal.reflect.NativeMethodAccessorImpl.invoke(NativeMethodAccessorImpl.java:77)&#xa;	at java.base/jdk.internal.reflect.DelegatingMethodAccessorImpl.invoke(DelegatingMethodAccessorImpl.java:43)&#xa;	at com.kms.katalon.core.keyword.internal.KeywordMain.runKeyword(KeywordMain.groovy:90)&#xa;	at com.kms.katalon.core.keyword.internal.KeywordMain$runKeyword.call(Unknown Source)&#xa;	at com.kms.katalon.core.windows.keyword.builtin.StartApplicationWithTitleKeyword.startApplicationWithTitle(StartApplicationWithTitleKeyword.groovy:32)&#xa;	at com.kms.katalon.core.windows.keyword.builtin.StartApplicationWithTitleKeyword.execute(StartApplicationWithTitleKeyword.groovy:28)&#xa;	at com.kms.katalon.core.keyword.internal.KeywordExecutor.executeKeywordForPlatform(KeywordExecutor.groovy:74)&#xa;	at com.kms.katalon.core.windows.keyword.WindowsBuiltinKeywords.startApplicationWithTitle(WindowsBuiltinKeywords.java:1064)&#xa;	at Script1716305407857.run(Script1716305407857.groovy:20)&#xa;	... 15 more&#xa;)&#xa;	at com.kms.katalon.core.keyword.internal.KeywordMain.stepFailed(KeywordMain.groovy:51)&#xa;	at com.kms.katalon.core.keyword.internal.KeywordMain.stepFailed(KeywordMain.groovy)&#xa;	at com.kms.katalon.core.keyword.internal.KeywordMain.runKeyword(KeywordMain.groovy:92)&#xa;	at com.kms.katalon.core.keyword.internal.KeywordMain$runKeyword.call(Unknown Source)&#xa;	at com.kms.katalon.core.windows.keyword.builtin.StartApplicationWithTitleKeyword.startApplicationWithTitle(StartApplicationWithTitleKeyword.groovy:32)&#xa;	at com.kms.katalon.core.windows.keyword.builtin.StartApplicationWithTitleKeyword.execute(StartApplicationWithTitleKeyword.groovy:28)&#xa;	at com.kms.katalon.core.keyword.internal.KeywordExecutor.executeKeywordForPlatform(KeywordExecutor.groovy:74)&#xa;	at com.kms.katalon.core.windows.keyword.WindowsBuiltinKeywords.startApplicationWithTitle(WindowsBuiltinKeywords.java:1064)&#xa;	at New Test Case.run(New Test Case:20)&#xa;	at com.kms.katalon.core.main.ScriptEngine.run(ScriptEngine.java:194)&#xa;	at com.kms.katalon.core.main.ScriptEngine.runScriptAsRawText(ScriptEngine.java:119)&#xa;	at com.kms.katalon.core.main.TestCaseExecutor.runScript(TestCaseExecutor.java:448)&#xa;	at com.kms.katalon.core.main.TestCaseExecutor.doExecute(TestCaseExecutor.java:439)&#xa;	at com.kms.katalon.core.main.TestCaseExecutor.processExecutionPhase(TestCaseExecutor.java:418)&#xa;	at com.kms.katalon.core.main.TestCaseExecutor.accessMainPhase(TestCaseExecutor.java:410)&#xa;	at com.kms.katalon.core.main.TestCaseExecutor.execute(TestCaseExecutor.java:285)&#xa;	at com.kms.katalon.core.common.CommonExecutor.accessTestCaseMainPhase(CommonExecutor.java:65)&#xa;	at com.kms.katalon.core.main.TestSuiteExecutor.accessTestSuiteMainPhase(TestSuiteExecutor.java:150)&#xa;	at com.kms.katalon.core.main.TestSuiteExecutor.execute(TestSuiteExecutor.java:106)&#xa;	at com.kms.katalon.core.main.TestCaseMain.startTestSuite(TestCaseMain.java:180)&#xa;	at TempTestSuite1720019025915.run(TempTestSuite1720019025915.groovy:35)&#xa;	at java.base/jdk.internal.reflect.NativeMethodAccessorImpl.invoke0(Native Method)&#xa;	at java.base/jdk.internal.reflect.NativeMethodAccessorImpl.invoke(NativeMethodAccessorImpl.java:77)&#xa;	at java.base/jdk.internal.reflect.DelegatingMethodAccessorImpl.invoke(DelegatingMethodAccessorImpl.java:43)&#xa;Caused by: org.openqa.selenium.WebDriverException: Connection refused: no further information&#xa;Build info: version: '3.141.59', revision: 'e82be7d358', time: '2018-11-14T08:25:53'&#xa;System info: host: 'HUYBT2', ip: '192.168.1.13', os.name: 'Windows 11', os.arch: 'amd64', os.version: '10.0', java.version: '17.0.7'&#xa;Driver info: driver.version: WindowsDriver&#xa;	at io.appium.java_client.remote.AppiumCommandExecutor.lambda$5(AppiumCommandExecutor.java:251)&#xa;	at io.appium.java_client.remote.AppiumCommandExecutor.execute(AppiumCommandExecutor.java:250)&#xa;	at org.openqa.selenium.remote.RemoteWebDriver.execute(RemoteWebDriver.java:552)&#xa;	at io.appium.java_client.DefaultGenericMobileDriver.execute(DefaultGenericMobileDriver.java:42)&#xa;	at io.appium.java_client.AppiumDriver.execute(AppiumDriver.java:1)&#xa;	at io.appium.java_client.windows.WindowsDriver.execute(WindowsDriver.java:1)&#xa;	at org.openqa.selenium.remote.RemoteWebDriver.startSession(RemoteWebDriver.java:213)&#xa;	at org.openqa.selenium.remote.RemoteWebDriver.&lt;init>(RemoteWebDriver.java:131)&#xa;	at io.appium.java_client.DefaultGenericMobileDriver.&lt;init>(DefaultGenericMobileDriver.java:38)&#xa;	at io.appium.java_client.AppiumDriver.&lt;init>(AppiumDriver.java:84)&#xa;	at io.appium.java_client.windows.WindowsDriver.&lt;init>(WindowsDriver.java:38)&#xa;	at com.kms.katalon.core.windows.driver.WindowsDriverFactory.newWindowsDriver(WindowsDriverFactory.java:194)&#xa;	at com.kms.katalon.core.windows.driver.WindowsDriverFactory.startApplication(WindowsDriverFactory.java:112)&#xa;	at com.kms.katalon.core.windows.driver.WindowsDriverFactory.startApplication(WindowsDriverFactory.java:96)&#xa;	at com.kms.katalon.core.windows.driver.WindowsDriverFactory$startApplication.call(Unknown Source)&#xa;	at com.kms.katalon.core.windows.keyword.builtin.StartApplicationWithTitleKeyword$_startApplicationWithTitle_closure1.doCall(StartApplicationWithTitleKeyword.groovy:33)&#xa;	at com.kms.katalon.core.windows.keyword.builtin.StartApplicationWithTitleKeyword$_startApplicationWithTitle_closure1.doCall(StartApplicationWithTitleKeyword.groovy)&#xa;	at java.base/jdk.internal.reflect.NativeMethodAccessorImpl.invoke0(Native Method)&#xa;	at java.base/jdk.internal.reflect.NativeMethodAccessorImpl.invoke(NativeMethodAccessorImpl.java:77)&#xa;	at java.base/jdk.internal.reflect.DelegatingMethodAccessorImpl.invoke(DelegatingMethodAccessorImpl.java:43)&#xa;	at com.kms.katalon.core.keyword.internal.KeywordMain.runKeyword(KeywordMain.groovy:90)&#xa;	... 21 more&#xa;Caused by: java.net.ConnectException: Connection refused: no further information&#xa;	at okhttp3.internal.platform.Platform.connectSocket(Platform.java:129)&#xa;	at okhttp3.internal.connection.RealConnection.connectSocket(RealConnection.java:245)&#xa;	at okhttp3.internal.connection.RealConnection.connect(RealConnection.java:165)&#xa;	at okhttp3.internal.connection.StreamAllocation.findConnection(StreamAllocation.java:257)&#xa;	at okhttp3.internal.connection.StreamAllocation.findHealthyConnection(StreamAllocation.java:135)&#xa;	at okhttp3.internal.connection.StreamAllocation.newStream(StreamAllocation.java:114)&#xa;	at okhttp3.internal.connection.ConnectInterceptor.intercept(ConnectInterceptor.java:42)&#xa;	at okhttp3.internal.http.RealInterceptorChain.proceed(RealInterceptorChain.java:147)&#xa;	at okhttp3.internal.http.RealInterceptorChain.proceed(RealInterceptorChain.java:121)&#xa;	at okhttp3.internal.cache.CacheInterceptor.intercept(CacheInterceptor.java:93)&#xa;	at okhttp3.internal.http.RealInterceptorChain.proceed(RealInterceptorChain.java:147)&#xa;	at okhttp3.internal.http.RealInterceptorChain.proceed(RealInterceptorChain.java:121)&#xa;	at okhttp3.internal.http.BridgeInterceptor.intercept(BridgeInterceptor.java:93)&#xa;	at okhttp3.internal.http.RealInterceptorChain.proceed(RealInterceptorChain.java:147)&#xa;	at okhttp3.internal.http.RetryAndFollowUpInterceptor.intercept(RetryAndFollowUpInterceptor.java:126)&#xa;	at okhttp3.internal.http.RealInterceptorChain.proceed(RealInterceptorChain.java:147)&#xa;	at okhttp3.internal.http.RealInterceptorChain.proceed(RealInterceptorChain.java:121)&#xa;	at okhttp3.RealCall.getResponseWithInterceptorChain(RealCall.java:200)&#xa;	at okhttp3.RealCall.execute(RealCall.java:77)&#xa;	at org.openqa.selenium.remote.internal.OkHttpClient.execute(OkHttpClient.java:103)&#xa;	at org.openqa.selenium.remote.ProtocolHandshake.createSession(ProtocolHandshake.java:105)&#xa;	at java.base/jdk.internal.reflect.NativeMethodAccessorImpl.invoke0(Native Method)&#xa;	at java.base/jdk.internal.reflect.NativeMethodAccessorImpl.invoke(NativeMethodAccessorImpl.java:77)&#xa;	at java.base/jdk.internal.reflect.DelegatingMethodAccessorImpl.invoke(DelegatingMethodAccessorImpl.java:43)&#xa;	at io.appium.java_client.remote.AppiumCommandExecutor$1.createSession(AppiumCommandExecutor.java:186)&#xa;	at io.appium.java_client.remote.AppiumCommandExecutor.createSession(AppiumCommandExecutor.java:217)&#xa;	at io.appium.java_client.remote.AppiumCommandExecutor.execute(AppiumCommandExecutor.java:239)&#xa;	... 40 more&#xa;"/>
         <system-out><![CDATA[03-07-2024T22:04:28 - [TEST_CASE][FAILED] - Test Cases/New Test Case: Test Cases/New Test Case FAILED.
Reason:
com.kms.katalon.core.exception.StepFailedException: Connection refused: no further information
Build info: version: '3.141.59', revision: 'e82be7d358', time: '2018-11-14T08:25:53'
System info: host: 'HUYBT2', ip: '192.168.1.13', os.name: 'Windows 11', os.arch: 'amd64', os.version: '10.0', java.version: '17.0.7'
Driver info: driver.version: WindowsDriver (Root cause: org.openqa.selenium.WebDriverException: Connection refused: no further information
Build info: version: '3.141.59', revision: 'e82be7d358', time: '2018-11-14T08:25:53'
System info: host: 'HUYBT2', ip: '192.168.1.13', os.name: 'Windows 11', os.arch: 'amd64', os.version: '10.0', java.version: '17.0.7'
Driver info: driver.version: WindowsDriver
	at io.appium.java_client.remote.AppiumCommandExecutor.lambda$5(AppiumCommandExecutor.java:251)
	at io.appium.java_client.remote.AppiumCommandExecutor.execute(AppiumCommandExecutor.java:250)
	at org.openqa.selenium.remote.RemoteWebDriver.execute(RemoteWebDriver.java:552)
	at io.appium.java_client.DefaultGenericMobileDriver.execute(DefaultGenericMobileDriver.java:42)
	at io.appium.java_client.AppiumDriver.execute(AppiumDriver.java:1)
	at io.appium.java_client.windows.WindowsDriver.execute(WindowsDriver.java:1)
	at org.openqa.selenium.remote.RemoteWebDriver.startSession(RemoteWebDriver.java:213)
	at org.openqa.selenium.remote.RemoteWebDriver.<init>(RemoteWebDriver.java:131)
	at io.appium.java_client.DefaultGenericMobileDriver.<init>(DefaultGenericMobileDriver.java:38)
	at io.appium.java_client.AppiumDriver.<init>(AppiumDriver.java:84)
	at io.appium.java_client.windows.WindowsDriver.<init>(WindowsDriver.java:38)
	at com.kms.katalon.core.windows.driver.WindowsDriverFactory.newWindowsDriver(WindowsDriverFactory.java:194)
	at com.kms.katalon.core.windows.driver.WindowsDriverFactory.startApplication(WindowsDriverFactory.java:112)
	at com.kms.katalon.core.windows.driver.WindowsDriverFactory.startApplication(WindowsDriverFactory.java:96)
	at com.kms.katalon.core.windows.driver.WindowsDriverFactory$startApplication.call(Unknown Source)
	at com.kms.katalon.core.windows.keyword.builtin.StartApplicationWithTitleKeyword$_startApplicationWithTitle_closure1.doCall(StartApplicationWithTitleKeyword.groovy:33)
	at com.kms.katalon.core.windows.keyword.builtin.StartApplicationWithTitleKeyword$_startApplicationWithTitle_closure1.doCall(StartApplicationWithTitleKeyword.groovy)
	at java.base/jdk.internal.reflect.NativeMethodAccessorImpl.invoke0(Native Method)
	at java.base/jdk.internal.reflect.NativeMethodAccessorImpl.invoke(NativeMethodAccessorImpl.java:77)
	at java.base/jdk.internal.reflect.DelegatingMethodAccessorImpl.invoke(DelegatingMethodAccessorImpl.java:43)
	at com.kms.katalon.core.keyword.internal.KeywordMain.runKeyword(KeywordMain.groovy:90)
	at com.kms.katalon.core.keyword.internal.KeywordMain$runKeyword.call(Unknown Source)
	at com.kms.katalon.core.windows.keyword.builtin.StartApplicationWithTitleKeyword.startApplicationWithTitle(StartApplicationWithTitleKeyword.groovy:32)
	at com.kms.katalon.core.windows.keyword.builtin.StartApplicationWithTitleKeyword.execute(StartApplicationWithTitleKeyword.groovy:28)
	at com.kms.katalon.core.keyword.internal.KeywordExecutor.executeKeywordForPlatform(KeywordExecutor.groovy:74)
	at com.kms.katalon.core.windows.keyword.WindowsBuiltinKeywords.startApplicationWithTitle(WindowsBuiltinKeywords.java:1064)
	at New Test Case.run(New Test Case:20)
	at com.kms.katalon.core.main.ScriptEngine.run(ScriptEngine.java:194)
	at com.kms.katalon.core.main.ScriptEngine.runScriptAsRawText(ScriptEngine.java:119)
	at com.kms.katalon.core.main.TestCaseExecutor.runScript(TestCaseExecutor.java:448)
	at com.kms.katalon.core.main.TestCaseExecutor.doExecute(TestCaseExecutor.java:439)
	at com.kms.katalon.core.main.TestCaseExecutor.processExecutionPhase(TestCaseExecutor.java:418)
	at com.kms.katalon.core.main.TestCaseExecutor.accessMainPhase(TestCaseExecutor.java:410)
	at com.kms.katalon.core.main.TestCaseExecutor.execute(TestCaseExecutor.java:285)
	at com.kms.katalon.core.common.CommonExecutor.accessTestCaseMainPhase(CommonExecutor.java:65)
	at com.kms.katalon.core.main.TestSuiteExecutor.accessTestSuiteMainPhase(TestSuiteExecutor.java:150)
	at com.kms.katalon.core.main.TestSuiteExecutor.execute(TestSuiteExecutor.java:106)
	at com.kms.katalon.core.main.TestCaseMain.startTestSuite(TestCaseMain.java:180)
	at TempTestSuite1720019025915.run(TempTestSuite1720019025915.groovy:35)
	at java.base/jdk.internal.reflect.NativeMethodAccessorImpl.invoke0(Native Method)
	at java.base/jdk.internal.reflect.NativeMethodAccessorImpl.invoke(NativeMethodAccessorImpl.java:77)
	at java.base/jdk.internal.reflect.DelegatingMethodAccessorImpl.invoke(DelegatingMethodAccessorImpl.java:43)
Caused by: java.net.ConnectException: Connection refused: no further information
	at okhttp3.internal.platform.Platform.connectSocket(Platform.java:129)
	at okhttp3.internal.connection.RealConnection.connectSocket(RealConnection.java:245)
	at okhttp3.internal.connection.RealConnection.connect(RealConnection.java:165)
	at okhttp3.internal.connection.StreamAllocation.findConnection(StreamAllocation.java:257)
	at okhttp3.internal.connection.StreamAllocation.findHealthyConnection(StreamAllocation.java:135)
	at okhttp3.internal.connection.StreamAllocation.newStream(StreamAllocation.java:114)
	at okhttp3.internal.connection.ConnectInterceptor.intercept(ConnectInterceptor.java:42)
	at okhttp3.internal.http.RealInterceptorChain.proceed(RealInterceptorChain.java:147)
	at okhttp3.internal.http.RealInterceptorChain.proceed(RealInterceptorChain.java:121)
	at okhttp3.internal.cache.CacheInterceptor.intercept(CacheInterceptor.java:93)
	at okhttp3.internal.http.RealInterceptorChain.proceed(RealInterceptorChain.java:147)
	at okhttp3.internal.http.RealInterceptorChain.proceed(RealInterceptorChain.java:121)
	at okhttp3.internal.http.BridgeInterceptor.intercept(BridgeInterceptor.java:93)
	at okhttp3.internal.http.RealInterceptorChain.proceed(RealInterceptorChain.java:147)
	at okhttp3.internal.http.RetryAndFollowUpInterceptor.intercept(RetryAndFollowUpInterceptor.java:126)
	at okhttp3.internal.http.RealInterceptorChain.proceed(RealInterceptorChain.java:147)
	at okhttp3.internal.http.RealInterceptorChain.proceed(RealInterceptorChain.java:121)
	at okhttp3.RealCall.getResponseWithInterceptorChain(RealCall.java:200)
	at okhttp3.RealCall.execute(RealCall.java:77)
	at org.openqa.selenium.remote.internal.OkHttpClient.execute(OkHttpClient.java:103)
	at org.openqa.selenium.remote.ProtocolHandshake.createSession(ProtocolHandshake.java:105)
	at java.base/jdk.internal.reflect.NativeMethodAccessorImpl.invoke0(Native Method)
	at java.base/jdk.internal.reflect.NativeMethodAccessorImpl.invoke(NativeMethodAccessorImpl.java:77)
	at java.base/jdk.internal.reflect.DelegatingMethodAccessorImpl.invoke(DelegatingMethodAccessorImpl.java:43)
	at io.appium.java_client.remote.AppiumCommandExecutor$1.createSession(AppiumCommandExecutor.java:186)
	at io.appium.java_client.remote.AppiumCommandExecutor.createSession(AppiumCommandExecutor.java:217)
	at io.appium.java_client.remote.AppiumCommandExecutor.execute(AppiumCommandExecutor.java:239)
	at org.openqa.selenium.remote.RemoteWebDriver.execute(RemoteWebDriver.java:552)
	at io.appium.java_client.DefaultGenericMobileDriver.execute(DefaultGenericMobileDriver.java:42)
	at io.appium.java_client.AppiumDriver.execute(AppiumDriver.java:1)
	at io.appium.java_client.windows.WindowsDriver.execute(WindowsDriver.java:1)
	at org.openqa.selenium.remote.RemoteWebDriver.startSession(RemoteWebDriver.java:213)
	at org.openqa.selenium.remote.RemoteWebDriver.<init>(RemoteWebDriver.java:131)
	at io.appium.java_client.DefaultGenericMobileDriver.<init>(DefaultGenericMobileDriver.java:38)
	at io.appium.java_client.AppiumDriver.<init>(AppiumDriver.java:84)
	at io.appium.java_client.windows.WindowsDriver.<init>(WindowsDriver.java:38)
	at com.kms.katalon.core.windows.driver.WindowsDriverFactory.newWindowsDriver(WindowsDriverFactory.java:194)
	at com.kms.katalon.core.windows.driver.WindowsDriverFactory.startApplication(WindowsDriverFactory.java:112)
	at com.kms.katalon.core.windows.driver.WindowsDriverFactory.startApplication(WindowsDriverFactory.java:96)
	at com.kms.katalon.core.windows.driver.WindowsDriverFactory$startApplication.call(Unknown Source)
	at com.kms.katalon.core.windows.keyword.builtin.StartApplicationWithTitleKeyword$_startApplicationWithTitle_closure1.doCall(StartApplicationWithTitleKeyword.groovy:33)
	at com.kms.katalon.core.windows.keyword.builtin.StartApplicationWithTitleKeyword$_startApplicationWithTitle_closure1.doCall(StartApplicationWithTitleKeyword.groovy)
	at java.base/jdk.internal.reflect.NativeMethodAccessorImpl.invoke0(Native Method)
	at java.base/jdk.internal.reflect.NativeMethodAccessorImpl.invoke(NativeMethodAccessorImpl.java:77)
	at java.base/jdk.internal.reflect.DelegatingMethodAccessorImpl.invoke(DelegatingMethodAccessorImpl.java:43)
	at com.kms.katalon.core.keyword.internal.KeywordMain.runKeyword(KeywordMain.groovy:90)
	at com.kms.katalon.core.keyword.internal.KeywordMain$runKeyword.call(Unknown Source)
	at com.kms.katalon.core.windows.keyword.builtin.StartApplicationWithTitleKeyword.startApplicationWithTitle(StartApplicationWithTitleKeyword.groovy:32)
	at com.kms.katalon.core.windows.keyword.builtin.StartApplicationWithTitleKeyword.execute(StartApplicationWithTitleKeyword.groovy:28)
	at com.kms.katalon.core.keyword.internal.KeywordExecutor.executeKeywordForPlatform(KeywordExecutor.groovy:74)
	at com.kms.katalon.core.windows.keyword.WindowsBuiltinKeywords.startApplicationWithTitle(WindowsBuiltinKeywords.java:1064)
	at Script1716305407857.run(Script1716305407857.groovy:20)
	... 15 more
)
	at com.kms.katalon.core.keyword.internal.KeywordMain.stepFailed(KeywordMain.groovy:51)
	at com.kms.katalon.core.keyword.internal.KeywordMain.stepFailed(KeywordMain.groovy)
	at com.kms.katalon.core.keyword.internal.KeywordMain.runKeyword(KeywordMain.groovy:92)
	at com.kms.katalon.core.keyword.internal.KeywordMain$runKeyword.call(Unknown Source)
	at com.kms.katalon.core.windows.keyword.builtin.StartApplicationWithTitleKeyword.startApplicationWithTitle(StartApplicationWithTitleKeyword.groovy:32)
	at com.kms.katalon.core.windows.keyword.builtin.StartApplicationWithTitleKeyword.execute(StartApplicationWithTitleKeyword.groovy:28)
	at com.kms.katalon.core.keyword.internal.KeywordExecutor.executeKeywordForPlatform(KeywordExecutor.groovy:74)
	at com.kms.katalon.core.windows.keyword.WindowsBuiltinKeywords.startApplicationWithTitle(WindowsBuiltinKeywords.java:1064)
	at New Test Case.run(New Test Case:20)
	at com.kms.katalon.core.main.ScriptEngine.run(ScriptEngine.java:194)
	at com.kms.katalon.core.main.ScriptEngine.runScriptAsRawText(ScriptEngine.java:119)
	at com.kms.katalon.core.main.TestCaseExecutor.runScript(TestCaseExecutor.java:448)
	at com.kms.katalon.core.main.TestCaseExecutor.doExecute(TestCaseExecutor.java:439)
	at com.kms.katalon.core.main.TestCaseExecutor.processExecutionPhase(TestCaseExecutor.java:418)
	at com.kms.katalon.core.main.TestCaseExecutor.accessMainPhase(TestCaseExecutor.java:410)
	at com.kms.katalon.core.main.TestCaseExecutor.execute(TestCaseExecutor.java:285)
	at com.kms.katalon.core.common.CommonExecutor.accessTestCaseMainPhase(CommonExecutor.java:65)
	at com.kms.katalon.core.main.TestSuiteExecutor.accessTestSuiteMainPhase(TestSuiteExecutor.java:150)
	at com.kms.katalon.core.main.TestSuiteExecutor.execute(TestSuiteExecutor.java:106)
	at com.kms.katalon.core.main.TestCaseMain.startTestSuite(TestCaseMain.java:180)
	at TempTestSuite1720019025915.run(TempTestSuite1720019025915.groovy:35)
	at java.base/jdk.internal.reflect.NativeMethodAccessorImpl.invoke0(Native Method)
	at java.base/jdk.internal.reflect.NativeMethodAccessorImpl.invoke(NativeMethodAccessorImpl.java:77)
	at java.base/jdk.internal.reflect.DelegatingMethodAccessorImpl.invoke(DelegatingMethodAccessorImpl.java:43)
Caused by: org.openqa.selenium.WebDriverException: Connection refused: no further information
Build info: version: '3.141.59', revision: 'e82be7d358', time: '2018-11-14T08:25:53'
System info: host: 'HUYBT2', ip: '192.168.1.13', os.name: 'Windows 11', os.arch: 'amd64', os.version: '10.0', java.version: '17.0.7'
Driver info: driver.version: WindowsDriver
	at io.appium.java_client.remote.AppiumCommandExecutor.lambda$5(AppiumCommandExecutor.java:251)
	at io.appium.java_client.remote.AppiumCommandExecutor.execute(AppiumCommandExecutor.java:250)
	at org.openqa.selenium.remote.RemoteWebDriver.execute(RemoteWebDriver.java:552)
	at io.appium.java_client.DefaultGenericMobileDriver.execute(DefaultGenericMobileDriver.java:42)
	at io.appium.java_client.AppiumDriver.execute(AppiumDriver.java:1)
	at io.appium.java_client.windows.WindowsDriver.execute(WindowsDriver.java:1)
	at org.openqa.selenium.remote.RemoteWebDriver.startSession(RemoteWebDriver.java:213)
	at org.openqa.selenium.remote.RemoteWebDriver.<init>(RemoteWebDriver.java:131)
	at io.appium.java_client.DefaultGenericMobileDriver.<init>(DefaultGenericMobileDriver.java:38)
	at io.appium.java_client.AppiumDriver.<init>(AppiumDriver.java:84)
	at io.appium.java_client.windows.WindowsDriver.<init>(WindowsDriver.java:38)
	at com.kms.katalon.core.windows.driver.WindowsDriverFactory.newWindowsDriver(WindowsDriverFactory.java:194)
	at com.kms.katalon.core.windows.driver.WindowsDriverFactory.startApplication(WindowsDriverFactory.java:112)
	at com.kms.katalon.core.windows.driver.WindowsDriverFactory.startApplication(WindowsDriverFactory.java:96)
	at com.kms.katalon.core.windows.driver.WindowsDriverFactory$startApplication.call(Unknown Source)
	at com.kms.katalon.core.windows.keyword.builtin.StartApplicationWithTitleKeyword$_startApplicationWithTitle_closure1.doCall(StartApplicationWithTitleKeyword.groovy:33)
	at com.kms.katalon.core.windows.keyword.builtin.StartApplicationWithTitleKeyword$_startApplicationWithTitle_closure1.doCall(StartApplicationWithTitleKeyword.groovy)
	at java.base/jdk.internal.reflect.NativeMethodAccessorImpl.invoke0(Native Method)
	at java.base/jdk.internal.reflect.NativeMethodAccessorImpl.invoke(NativeMethodAccessorImpl.java:77)
	at java.base/jdk.internal.reflect.DelegatingMethodAccessorImpl.invoke(DelegatingMethodAccessorImpl.java:43)
	at com.kms.katalon.core.keyword.internal.KeywordMain.runKeyword(KeywordMain.groovy:90)
	... 21 more
Caused by: java.net.ConnectException: Connection refused: no further information
	at okhttp3.internal.platform.Platform.connectSocket(Platform.java:129)
	at okhttp3.internal.connection.RealConnection.connectSocket(RealConnection.java:245)
	at okhttp3.internal.connection.RealConnection.connect(RealConnection.java:165)
	at okhttp3.internal.connection.StreamAllocation.findConnection(StreamAllocation.java:257)
	at okhttp3.internal.connection.StreamAllocation.findHealthyConnection(StreamAllocation.java:135)
	at okhttp3.internal.connection.StreamAllocation.newStream(StreamAllocation.java:114)
	at okhttp3.internal.connection.ConnectInterceptor.intercept(ConnectInterceptor.java:42)
	at okhttp3.internal.http.RealInterceptorChain.proceed(RealInterceptorChain.java:147)
	at okhttp3.internal.http.RealInterceptorChain.proceed(RealInterceptorChain.java:121)
	at okhttp3.internal.cache.CacheInterceptor.intercept(CacheInterceptor.java:93)
	at okhttp3.internal.http.RealInterceptorChain.proceed(RealInterceptorChain.java:147)
	at okhttp3.internal.http.RealInterceptorChain.proceed(RealInterceptorChain.java:121)
	at okhttp3.internal.http.BridgeInterceptor.intercept(BridgeInterceptor.java:93)
	at okhttp3.internal.http.RealInterceptorChain.proceed(RealInterceptorChain.java:147)
	at okhttp3.internal.http.RetryAndFollowUpInterceptor.intercept(RetryAndFollowUpInterceptor.java:126)
	at okhttp3.internal.http.RealInterceptorChain.proceed(RealInterceptorChain.java:147)
	at okhttp3.internal.http.RealInterceptorChain.proceed(RealInterceptorChain.java:121)
	at okhttp3.RealCall.getResponseWithInterceptorChain(RealCall.java:200)
	at okhttp3.RealCall.execute(RealCall.java:77)
	at org.openqa.selenium.remote.internal.OkHttpClient.execute(OkHttpClient.java:103)
	at org.openqa.selenium.remote.ProtocolHandshake.createSession(ProtocolHandshake.java:105)
	at java.base/jdk.internal.reflect.NativeMethodAccessorImpl.invoke0(Native Method)
	at java.base/jdk.internal.reflect.NativeMethodAccessorImpl.invoke(NativeMethodAccessorImpl.java:77)
	at java.base/jdk.internal.reflect.DelegatingMethodAccessorImpl.invoke(DelegatingMethodAccessorImpl.java:43)
	at io.appium.java_client.remote.AppiumCommandExecutor$1.createSession(AppiumCommandExecutor.java:186)
	at io.appium.java_client.remote.AppiumCommandExecutor.createSession(AppiumCommandExecutor.java:217)
	at io.appium.java_client.remote.AppiumCommandExecutor.execute(AppiumCommandExecutor.java:239)
	... 40 more


03-07-2024T22:04:28 - [TEST_STEP][FAILED] - startApplicationWithTitle("C:\Windows\notepad.exe", "credentials - Notepad"): Connection refused: no further information
Build info: version: '3.141.59', revision: 'e82be7d358', time: '2018-11-14T08:25:53'
System info: host: 'HUYBT2', ip: '192.168.1.13', os.name: 'Windows 11', os.arch: 'amd64', os.version: '10.0', java.version: '17.0.7'
Driver info: driver.version: WindowsDriver (Root cause: org.openqa.selenium.WebDriverException: Connection refused: no further information
Build info: version: '3.141.59', revision: 'e82be7d358', time: '2018-11-14T08:25:53'
System info: host: 'HUYBT2', ip: '192.168.1.13', os.name: 'Windows 11', os.arch: 'amd64', os.version: '10.0', java.version: '17.0.7'
Driver info: driver.version: WindowsDriver
	at io.appium.java_client.remote.AppiumCommandExecutor.lambda$5(AppiumCommandExecutor.java:251)
	at io.appium.java_client.remote.AppiumCommandExecutor.execute(AppiumCommandExecutor.java:250)
	at org.openqa.selenium.remote.RemoteWebDriver.execute(RemoteWebDriver.java:552)
	at io.appium.java_client.DefaultGenericMobileDriver.execute(DefaultGenericMobileDriver.java:42)
	at io.appium.java_client.AppiumDriver.execute(AppiumDriver.java:1)
	at io.appium.java_client.windows.WindowsDriver.execute(WindowsDriver.java:1)
	at org.openqa.selenium.remote.RemoteWebDriver.startSession(RemoteWebDriver.java:213)
	at org.openqa.selenium.remote.RemoteWebDriver.<init>(RemoteWebDriver.java:131)
	at io.appium.java_client.DefaultGenericMobileDriver.<init>(DefaultGenericMobileDriver.java:38)
	at io.appium.java_client.AppiumDriver.<init>(AppiumDriver.java:84)
	at io.appium.java_client.windows.WindowsDriver.<init>(WindowsDriver.java:38)
	at com.kms.katalon.core.windows.driver.WindowsDriverFactory.newWindowsDriver(WindowsDriverFactory.java:194)
	at com.kms.katalon.core.windows.driver.WindowsDriverFactory.startApplication(WindowsDriverFactory.java:112)
	at com.kms.katalon.core.windows.driver.WindowsDriverFactory.startApplication(WindowsDriverFactory.java:96)
	at com.kms.katalon.core.windows.driver.WindowsDriverFactory$startApplication.call(Unknown Source)
	at com.kms.katalon.core.windows.keyword.builtin.StartApplicationWithTitleKeyword$_startApplicationWithTitle_closure1.doCall(StartApplicationWithTitleKeyword.groovy:33)
	at com.kms.katalon.core.windows.keyword.builtin.StartApplicationWithTitleKeyword$_startApplicationWithTitle_closure1.doCall(StartApplicationWithTitleKeyword.groovy)
	at java.base/jdk.internal.reflect.NativeMethodAccessorImpl.invoke0(Native Method)
	at java.base/jdk.internal.reflect.NativeMethodAccessorImpl.invoke(NativeMethodAccessorImpl.java:77)
	at java.base/jdk.internal.reflect.DelegatingMethodAccessorImpl.invoke(DelegatingMethodAccessorImpl.java:43)
	at com.kms.katalon.core.keyword.internal.KeywordMain.runKeyword(KeywordMain.groovy:90)
	at com.kms.katalon.core.keyword.internal.KeywordMain$runKeyword.call(Unknown Source)
	at com.kms.katalon.core.windows.keyword.builtin.StartApplicationWithTitleKeyword.startApplicationWithTitle(StartApplicationWithTitleKeyword.groovy:32)
	at com.kms.katalon.core.windows.keyword.builtin.StartApplicationWithTitleKeyword.execute(StartApplicationWithTitleKeyword.groovy:28)
	at com.kms.katalon.core.keyword.internal.KeywordExecutor.executeKeywordForPlatform(KeywordExecutor.groovy:74)
	at com.kms.katalon.core.windows.keyword.WindowsBuiltinKeywords.startApplicationWithTitle(WindowsBuiltinKeywords.java:1064)
	at New Test Case.run(New Test Case:20)
	at com.kms.katalon.core.main.ScriptEngine.run(ScriptEngine.java:194)
	at com.kms.katalon.core.main.ScriptEngine.runScriptAsRawText(ScriptEngine.java:119)
	at com.kms.katalon.core.main.TestCaseExecutor.runScript(TestCaseExecutor.java:448)
	at com.kms.katalon.core.main.TestCaseExecutor.doExecute(TestCaseExecutor.java:439)
	at com.kms.katalon.core.main.TestCaseExecutor.processExecutionPhase(TestCaseExecutor.java:418)
	at com.kms.katalon.core.main.TestCaseExecutor.accessMainPhase(TestCaseExecutor.java:410)
	at com.kms.katalon.core.main.TestCaseExecutor.execute(TestCaseExecutor.java:285)
	at com.kms.katalon.core.common.CommonExecutor.accessTestCaseMainPhase(CommonExecutor.java:65)
	at com.kms.katalon.core.main.TestSuiteExecutor.accessTestSuiteMainPhase(TestSuiteExecutor.java:150)
	at com.kms.katalon.core.main.TestSuiteExecutor.execute(TestSuiteExecutor.java:106)
	at com.kms.katalon.core.main.TestCaseMain.startTestSuite(TestCaseMain.java:180)
	at TempTestSuite1720019025915.run(TempTestSuite1720019025915.groovy:35)
	at java.base/jdk.internal.reflect.NativeMethodAccessorImpl.invoke0(Native Method)
	at java.base/jdk.internal.reflect.NativeMethodAccessorImpl.invoke(NativeMethodAccessorImpl.java:77)
	at java.base/jdk.internal.reflect.DelegatingMethodAccessorImpl.invoke(DelegatingMethodAccessorImpl.java:43)
Caused by: java.net.ConnectException: Connection refused: no further information
	at okhttp3.internal.platform.Platform.connectSocket(Platform.java:129)
	at okhttp3.internal.connection.RealConnection.connectSocket(RealConnection.java:245)
	at okhttp3.internal.connection.RealConnection.connect(RealConnection.java:165)
	at okhttp3.internal.connection.StreamAllocation.findConnection(StreamAllocation.java:257)
	at okhttp3.internal.connection.StreamAllocation.findHealthyConnection(StreamAllocation.java:135)
	at okhttp3.internal.connection.StreamAllocation.newStream(StreamAllocation.java:114)
	at okhttp3.internal.connection.ConnectInterceptor.intercept(ConnectInterceptor.java:42)
	at okhttp3.internal.http.RealInterceptorChain.proceed(RealInterceptorChain.java:147)
	at okhttp3.internal.http.RealInterceptorChain.proceed(RealInterceptorChain.java:121)
	at okhttp3.internal.cache.CacheInterceptor.intercept(CacheInterceptor.java:93)
	at okhttp3.internal.http.RealInterceptorChain.proceed(RealInterceptorChain.java:147)
	at okhttp3.internal.http.RealInterceptorChain.proceed(RealInterceptorChain.java:121)
	at okhttp3.internal.http.BridgeInterceptor.intercept(BridgeInterceptor.java:93)
	at okhttp3.internal.http.RealInterceptorChain.proceed(RealInterceptorChain.java:147)
	at okhttp3.internal.http.RetryAndFollowUpInterceptor.intercept(RetryAndFollowUpInterceptor.java:126)
	at okhttp3.internal.http.RealInterceptorChain.proceed(RealInterceptorChain.java:147)
	at okhttp3.internal.http.RealInterceptorChain.proceed(RealInterceptorChain.java:121)
	at okhttp3.RealCall.getResponseWithInterceptorChain(RealCall.java:200)
	at okhttp3.RealCall.execute(RealCall.java:77)
	at org.openqa.selenium.remote.internal.OkHttpClient.execute(OkHttpClient.java:103)
	at org.openqa.selenium.remote.ProtocolHandshake.createSession(ProtocolHandshake.java:105)
	at java.base/jdk.internal.reflect.NativeMethodAccessorImpl.invoke0(Native Method)
	at java.base/jdk.internal.reflect.NativeMethodAccessorImpl.invoke(NativeMethodAccessorImpl.java:77)
	at java.base/jdk.internal.reflect.DelegatingMethodAccessorImpl.invoke(DelegatingMethodAccessorImpl.java:43)
	at io.appium.java_client.remote.AppiumCommandExecutor$1.createSession(AppiumCommandExecutor.java:186)
	at io.appium.java_client.remote.AppiumCommandExecutor.createSession(AppiumCommandExecutor.java:217)
	at io.appium.java_client.remote.AppiumCommandExecutor.execute(AppiumCommandExecutor.java:239)
	at org.openqa.selenium.remote.RemoteWebDriver.execute(RemoteWebDriver.java:552)
	at io.appium.java_client.DefaultGenericMobileDriver.execute(DefaultGenericMobileDriver.java:42)
	at io.appium.java_client.AppiumDriver.execute(AppiumDriver.java:1)
	at io.appium.java_client.windows.WindowsDriver.execute(WindowsDriver.java:1)
	at org.openqa.selenium.remote.RemoteWebDriver.startSession(RemoteWebDriver.java:213)
	at org.openqa.selenium.remote.RemoteWebDriver.<init>(RemoteWebDriver.java:131)
	at io.appium.java_client.DefaultGenericMobileDriver.<init>(DefaultGenericMobileDriver.java:38)
	at io.appium.java_client.AppiumDriver.<init>(AppiumDriver.java:84)
	at io.appium.java_client.windows.WindowsDriver.<init>(WindowsDriver.java:38)
	at com.kms.katalon.core.windows.driver.WindowsDriverFactory.newWindowsDriver(WindowsDriverFactory.java:194)
	at com.kms.katalon.core.windows.driver.WindowsDriverFactory.startApplication(WindowsDriverFactory.java:112)
	at com.kms.katalon.core.windows.driver.WindowsDriverFactory.startApplication(WindowsDriverFactory.java:96)
	at com.kms.katalon.core.windows.driver.WindowsDriverFactory$startApplication.call(Unknown Source)
	at com.kms.katalon.core.windows.keyword.builtin.StartApplicationWithTitleKeyword$_startApplicationWithTitle_closure1.doCall(StartApplicationWithTitleKeyword.groovy:33)
	at com.kms.katalon.core.windows.keyword.builtin.StartApplicationWithTitleKeyword$_startApplicationWithTitle_closure1.doCall(StartApplicationWithTitleKeyword.groovy)
	at java.base/jdk.internal.reflect.NativeMethodAccessorImpl.invoke0(Native Method)
	at java.base/jdk.internal.reflect.NativeMethodAccessorImpl.invoke(NativeMethodAccessorImpl.java:77)
	at java.base/jdk.internal.reflect.DelegatingMethodAccessorImpl.invoke(DelegatingMethodAccessorImpl.java:43)
	at com.kms.katalon.core.keyword.internal.KeywordMain.runKeyword(KeywordMain.groovy:90)
	at com.kms.katalon.core.keyword.internal.KeywordMain$runKeyword.call(Unknown Source)
	at com.kms.katalon.core.windows.keyword.builtin.StartApplicationWithTitleKeyword.startApplicationWithTitle(StartApplicationWithTitleKeyword.groovy:32)
	at com.kms.katalon.core.windows.keyword.builtin.StartApplicationWithTitleKeyword.execute(StartApplicationWithTitleKeyword.groovy:28)
	at com.kms.katalon.core.keyword.internal.KeywordExecutor.executeKeywordForPlatform(KeywordExecutor.groovy:74)
	at com.kms.katalon.core.windows.keyword.WindowsBuiltinKeywords.startApplicationWithTitle(WindowsBuiltinKeywords.java:1064)
	at Script1716305407857.run(Script1716305407857.groovy:20)
	... 15 more
)

03-07-2024T22:04:28 - [MESSAGE][INFO] - Starting application C:\Windows\notepad.exe on the local machine at address http://127.0.0.1:4723

03-07-2024T22:04:29 - [MESSAGE][FAILED] - Connection refused: no further information
Build info: version: '3.141.59', revision: 'e82be7d358', time: '2018-11-14T08:25:53'
System info: host: 'HUYBT2', ip: '192.168.1.13', os.name: 'Windows 11', os.arch: 'amd64', os.version: '10.0', java.version: '17.0.7'
Driver info: driver.version: WindowsDriver (Root cause: org.openqa.selenium.WebDriverException: Connection refused: no further information
Build info: version: '3.141.59', revision: 'e82be7d358', time: '2018-11-14T08:25:53'
System info: host: 'HUYBT2', ip: '192.168.1.13', os.name: 'Windows 11', os.arch: 'amd64', os.version: '10.0', java.version: '17.0.7'
Driver info: driver.version: WindowsDriver
	at io.appium.java_client.remote.AppiumCommandExecutor.lambda$5(AppiumCommandExecutor.java:251)
	at io.appium.java_client.remote.AppiumCommandExecutor.execute(AppiumCommandExecutor.java:250)
	at org.openqa.selenium.remote.RemoteWebDriver.execute(RemoteWebDriver.java:552)
	at io.appium.java_client.DefaultGenericMobileDriver.execute(DefaultGenericMobileDriver.java:42)
	at io.appium.java_client.AppiumDriver.execute(AppiumDriver.java:1)
	at io.appium.java_client.windows.WindowsDriver.execute(WindowsDriver.java:1)
	at org.openqa.selenium.remote.RemoteWebDriver.startSession(RemoteWebDriver.java:213)
	at org.openqa.selenium.remote.RemoteWebDriver.<init>(RemoteWebDriver.java:131)
	at io.appium.java_client.DefaultGenericMobileDriver.<init>(DefaultGenericMobileDriver.java:38)
	at io.appium.java_client.AppiumDriver.<init>(AppiumDriver.java:84)
	at io.appium.java_client.windows.WindowsDriver.<init>(WindowsDriver.java:38)
	at com.kms.katalon.core.windows.driver.WindowsDriverFactory.newWindowsDriver(WindowsDriverFactory.java:194)
	at com.kms.katalon.core.windows.driver.WindowsDriverFactory.startApplication(WindowsDriverFactory.java:112)
	at com.kms.katalon.core.windows.driver.WindowsDriverFactory.startApplication(WindowsDriverFactory.java:96)
	at com.kms.katalon.core.windows.driver.WindowsDriverFactory$startApplication.call(Unknown Source)
	at com.kms.katalon.core.windows.keyword.builtin.StartApplicationWithTitleKeyword$_startApplicationWithTitle_closure1.doCall(StartApplicationWithTitleKeyword.groovy:33)
	at com.kms.katalon.core.windows.keyword.builtin.StartApplicationWithTitleKeyword$_startApplicationWithTitle_closure1.doCall(StartApplicationWithTitleKeyword.groovy)
	at java.base/jdk.internal.reflect.NativeMethodAccessorImpl.invoke0(Native Method)
	at java.base/jdk.internal.reflect.NativeMethodAccessorImpl.invoke(NativeMethodAccessorImpl.java:77)
	at java.base/jdk.internal.reflect.DelegatingMethodAccessorImpl.invoke(DelegatingMethodAccessorImpl.java:43)
	at com.kms.katalon.core.keyword.internal.KeywordMain.runKeyword(KeywordMain.groovy:90)
	at com.kms.katalon.core.keyword.internal.KeywordMain$runKeyword.call(Unknown Source)
	at com.kms.katalon.core.windows.keyword.builtin.StartApplicationWithTitleKeyword.startApplicationWithTitle(StartApplicationWithTitleKeyword.groovy:32)
	at com.kms.katalon.core.windows.keyword.builtin.StartApplicationWithTitleKeyword.execute(StartApplicationWithTitleKeyword.groovy:28)
	at com.kms.katalon.core.keyword.internal.KeywordExecutor.executeKeywordForPlatform(KeywordExecutor.groovy:74)
	at com.kms.katalon.core.windows.keyword.WindowsBuiltinKeywords.startApplicationWithTitle(WindowsBuiltinKeywords.java:1064)
	at New Test Case.run(New Test Case:20)
	at com.kms.katalon.core.main.ScriptEngine.run(ScriptEngine.java:194)
	at com.kms.katalon.core.main.ScriptEngine.runScriptAsRawText(ScriptEngine.java:119)
	at com.kms.katalon.core.main.TestCaseExecutor.runScript(TestCaseExecutor.java:448)
	at com.kms.katalon.core.main.TestCaseExecutor.doExecute(TestCaseExecutor.java:439)
	at com.kms.katalon.core.main.TestCaseExecutor.processExecutionPhase(TestCaseExecutor.java:418)
	at com.kms.katalon.core.main.TestCaseExecutor.accessMainPhase(TestCaseExecutor.java:410)
	at com.kms.katalon.core.main.TestCaseExecutor.execute(TestCaseExecutor.java:285)
	at com.kms.katalon.core.common.CommonExecutor.accessTestCaseMainPhase(CommonExecutor.java:65)
	at com.kms.katalon.core.main.TestSuiteExecutor.accessTestSuiteMainPhase(TestSuiteExecutor.java:150)
	at com.kms.katalon.core.main.TestSuiteExecutor.execute(TestSuiteExecutor.java:106)
	at com.kms.katalon.core.main.TestCaseMain.startTestSuite(TestCaseMain.java:180)
	at TempTestSuite1720019025915.run(TempTestSuite1720019025915.groovy:35)
	at java.base/jdk.internal.reflect.NativeMethodAccessorImpl.invoke0(Native Method)
	at java.base/jdk.internal.reflect.NativeMethodAccessorImpl.invoke(NativeMethodAccessorImpl.java:77)
	at java.base/jdk.internal.reflect.DelegatingMethodAccessorImpl.invoke(DelegatingMethodAccessorImpl.java:43)
Caused by: java.net.ConnectException: Connection refused: no further information
	at okhttp3.internal.platform.Platform.connectSocket(Platform.java:129)
	at okhttp3.internal.connection.RealConnection.connectSocket(RealConnection.java:245)
	at okhttp3.internal.connection.RealConnection.connect(RealConnection.java:165)
	at okhttp3.internal.connection.StreamAllocation.findConnection(StreamAllocation.java:257)
	at okhttp3.internal.connection.StreamAllocation.findHealthyConnection(StreamAllocation.java:135)
	at okhttp3.internal.connection.StreamAllocation.newStream(StreamAllocation.java:114)
	at okhttp3.internal.connection.ConnectInterceptor.intercept(ConnectInterceptor.java:42)
	at okhttp3.internal.http.RealInterceptorChain.proceed(RealInterceptorChain.java:147)
	at okhttp3.internal.http.RealInterceptorChain.proceed(RealInterceptorChain.java:121)
	at okhttp3.internal.cache.CacheInterceptor.intercept(CacheInterceptor.java:93)
	at okhttp3.internal.http.RealInterceptorChain.proceed(RealInterceptorChain.java:147)
	at okhttp3.internal.http.RealInterceptorChain.proceed(RealInterceptorChain.java:121)
	at okhttp3.internal.http.BridgeInterceptor.intercept(BridgeInterceptor.java:93)
	at okhttp3.internal.http.RealInterceptorChain.proceed(RealInterceptorChain.java:147)
	at okhttp3.internal.http.RetryAndFollowUpInterceptor.intercept(RetryAndFollowUpInterceptor.java:126)
	at okhttp3.internal.http.RealInterceptorChain.proceed(RealInterceptorChain.java:147)
	at okhttp3.internal.http.RealInterceptorChain.proceed(RealInterceptorChain.java:121)
	at okhttp3.RealCall.getResponseWithInterceptorChain(RealCall.java:200)
	at okhttp3.RealCall.execute(RealCall.java:77)
	at org.openqa.selenium.remote.internal.OkHttpClient.execute(OkHttpClient.java:103)
	at org.openqa.selenium.remote.ProtocolHandshake.createSession(ProtocolHandshake.java:105)
	at java.base/jdk.internal.reflect.NativeMethodAccessorImpl.invoke0(Native Method)
	at java.base/jdk.internal.reflect.NativeMethodAccessorImpl.invoke(NativeMethodAccessorImpl.java:77)
	at java.base/jdk.internal.reflect.DelegatingMethodAccessorImpl.invoke(DelegatingMethodAccessorImpl.java:43)
	at io.appium.java_client.remote.AppiumCommandExecutor$1.createSession(AppiumCommandExecutor.java:186)
	at io.appium.java_client.remote.AppiumCommandExecutor.createSession(AppiumCommandExecutor.java:217)
	at io.appium.java_client.remote.AppiumCommandExecutor.execute(AppiumCommandExecutor.java:239)
	at org.openqa.selenium.remote.RemoteWebDriver.execute(RemoteWebDriver.java:552)
	at io.appium.java_client.DefaultGenericMobileDriver.execute(DefaultGenericMobileDriver.java:42)
	at io.appium.java_client.AppiumDriver.execute(AppiumDriver.java:1)
	at io.appium.java_client.windows.WindowsDriver.execute(WindowsDriver.java:1)
	at org.openqa.selenium.remote.RemoteWebDriver.startSession(RemoteWebDriver.java:213)
	at org.openqa.selenium.remote.RemoteWebDriver.<init>(RemoteWebDriver.java:131)
	at io.appium.java_client.DefaultGenericMobileDriver.<init>(DefaultGenericMobileDriver.java:38)
	at io.appium.java_client.AppiumDriver.<init>(AppiumDriver.java:84)
	at io.appium.java_client.windows.WindowsDriver.<init>(WindowsDriver.java:38)
	at com.kms.katalon.core.windows.driver.WindowsDriverFactory.newWindowsDriver(WindowsDriverFactory.java:194)
	at com.kms.katalon.core.windows.driver.WindowsDriverFactory.startApplication(WindowsDriverFactory.java:112)
	at com.kms.katalon.core.windows.driver.WindowsDriverFactory.startApplication(WindowsDriverFactory.java:96)
	at com.kms.katalon.core.windows.driver.WindowsDriverFactory$startApplication.call(Unknown Source)
	at com.kms.katalon.core.windows.keyword.builtin.StartApplicationWithTitleKeyword$_startApplicationWithTitle_closure1.doCall(StartApplicationWithTitleKeyword.groovy:33)
	at com.kms.katalon.core.windows.keyword.builtin.StartApplicationWithTitleKeyword$_startApplicationWithTitle_closure1.doCall(StartApplicationWithTitleKeyword.groovy)
	at java.base/jdk.internal.reflect.NativeMethodAccessorImpl.invoke0(Native Method)
	at java.base/jdk.internal.reflect.NativeMethodAccessorImpl.invoke(NativeMethodAccessorImpl.java:77)
	at java.base/jdk.internal.reflect.DelegatingMethodAccessorImpl.invoke(DelegatingMethodAccessorImpl.java:43)
	at com.kms.katalon.core.keyword.internal.KeywordMain.runKeyword(KeywordMain.groovy:90)
	at com.kms.katalon.core.keyword.internal.KeywordMain$runKeyword.call(Unknown Source)
	at com.kms.katalon.core.windows.keyword.builtin.StartApplicationWithTitleKeyword.startApplicationWithTitle(StartApplicationWithTitleKeyword.groovy:32)
	at com.kms.katalon.core.windows.keyword.builtin.StartApplicationWithTitleKeyword.execute(StartApplicationWithTitleKeyword.groovy:28)
	at com.kms.katalon.core.keyword.internal.KeywordExecutor.executeKeywordForPlatform(KeywordExecutor.groovy:74)
	at com.kms.katalon.core.windows.keyword.WindowsBuiltinKeywords.startApplicationWithTitle(WindowsBuiltinKeywords.java:1064)
	at Script1716305407857.run(Script1716305407857.groovy:20)
	... 15 more
)]]></system-out>
         <system-err><![CDATA[03-07-2024T22:04:28 - [TEST_CASE][FAILED] - Test Cases/New Test Case: Test Cases/New Test Case FAILED.
Reason:
com.kms.katalon.core.exception.StepFailedException: Connection refused: no further information
Build info: version: '3.141.59', revision: 'e82be7d358', time: '2018-11-14T08:25:53'
System info: host: 'HUYBT2', ip: '192.168.1.13', os.name: 'Windows 11', os.arch: 'amd64', os.version: '10.0', java.version: '17.0.7'
Driver info: driver.version: WindowsDriver (Root cause: org.openqa.selenium.WebDriverException: Connection refused: no further information
Build info: version: '3.141.59', revision: 'e82be7d358', time: '2018-11-14T08:25:53'
System info: host: 'HUYBT2', ip: '192.168.1.13', os.name: 'Windows 11', os.arch: 'amd64', os.version: '10.0', java.version: '17.0.7'
Driver info: driver.version: WindowsDriver
	at io.appium.java_client.remote.AppiumCommandExecutor.lambda$5(AppiumCommandExecutor.java:251)
	at io.appium.java_client.remote.AppiumCommandExecutor.execute(AppiumCommandExecutor.java:250)
	at org.openqa.selenium.remote.RemoteWebDriver.execute(RemoteWebDriver.java:552)
	at io.appium.java_client.DefaultGenericMobileDriver.execute(DefaultGenericMobileDriver.java:42)
	at io.appium.java_client.AppiumDriver.execute(AppiumDriver.java:1)
	at io.appium.java_client.windows.WindowsDriver.execute(WindowsDriver.java:1)
	at org.openqa.selenium.remote.RemoteWebDriver.startSession(RemoteWebDriver.java:213)
	at org.openqa.selenium.remote.RemoteWebDriver.<init>(RemoteWebDriver.java:131)
	at io.appium.java_client.DefaultGenericMobileDriver.<init>(DefaultGenericMobileDriver.java:38)
	at io.appium.java_client.AppiumDriver.<init>(AppiumDriver.java:84)
	at io.appium.java_client.windows.WindowsDriver.<init>(WindowsDriver.java:38)
	at com.kms.katalon.core.windows.driver.WindowsDriverFactory.newWindowsDriver(WindowsDriverFactory.java:194)
	at com.kms.katalon.core.windows.driver.WindowsDriverFactory.startApplication(WindowsDriverFactory.java:112)
	at com.kms.katalon.core.windows.driver.WindowsDriverFactory.startApplication(WindowsDriverFactory.java:96)
	at com.kms.katalon.core.windows.driver.WindowsDriverFactory$startApplication.call(Unknown Source)
	at com.kms.katalon.core.windows.keyword.builtin.StartApplicationWithTitleKeyword$_startApplicationWithTitle_closure1.doCall(StartApplicationWithTitleKeyword.groovy:33)
	at com.kms.katalon.core.windows.keyword.builtin.StartApplicationWithTitleKeyword$_startApplicationWithTitle_closure1.doCall(StartApplicationWithTitleKeyword.groovy)
	at java.base/jdk.internal.reflect.NativeMethodAccessorImpl.invoke0(Native Method)
	at java.base/jdk.internal.reflect.NativeMethodAccessorImpl.invoke(NativeMethodAccessorImpl.java:77)
	at java.base/jdk.internal.reflect.DelegatingMethodAccessorImpl.invoke(DelegatingMethodAccessorImpl.java:43)
	at com.kms.katalon.core.keyword.internal.KeywordMain.runKeyword(KeywordMain.groovy:90)
	at com.kms.katalon.core.keyword.internal.KeywordMain$runKeyword.call(Unknown Source)
	at com.kms.katalon.core.windows.keyword.builtin.StartApplicationWithTitleKeyword.startApplicationWithTitle(StartApplicationWithTitleKeyword.groovy:32)
	at com.kms.katalon.core.windows.keyword.builtin.StartApplicationWithTitleKeyword.execute(StartApplicationWithTitleKeyword.groovy:28)
	at com.kms.katalon.core.keyword.internal.KeywordExecutor.executeKeywordForPlatform(KeywordExecutor.groovy:74)
	at com.kms.katalon.core.windows.keyword.WindowsBuiltinKeywords.startApplicationWithTitle(WindowsBuiltinKeywords.java:1064)
	at New Test Case.run(New Test Case:20)
	at com.kms.katalon.core.main.ScriptEngine.run(ScriptEngine.java:194)
	at com.kms.katalon.core.main.ScriptEngine.runScriptAsRawText(ScriptEngine.java:119)
	at com.kms.katalon.core.main.TestCaseExecutor.runScript(TestCaseExecutor.java:448)
	at com.kms.katalon.core.main.TestCaseExecutor.doExecute(TestCaseExecutor.java:439)
	at com.kms.katalon.core.main.TestCaseExecutor.processExecutionPhase(TestCaseExecutor.java:418)
	at com.kms.katalon.core.main.TestCaseExecutor.accessMainPhase(TestCaseExecutor.java:410)
	at com.kms.katalon.core.main.TestCaseExecutor.execute(TestCaseExecutor.java:285)
	at com.kms.katalon.core.common.CommonExecutor.accessTestCaseMainPhase(CommonExecutor.java:65)
	at com.kms.katalon.core.main.TestSuiteExecutor.accessTestSuiteMainPhase(TestSuiteExecutor.java:150)
	at com.kms.katalon.core.main.TestSuiteExecutor.execute(TestSuiteExecutor.java:106)
	at com.kms.katalon.core.main.TestCaseMain.startTestSuite(TestCaseMain.java:180)
	at TempTestSuite1720019025915.run(TempTestSuite1720019025915.groovy:35)
	at java.base/jdk.internal.reflect.NativeMethodAccessorImpl.invoke0(Native Method)
	at java.base/jdk.internal.reflect.NativeMethodAccessorImpl.invoke(NativeMethodAccessorImpl.java:77)
	at java.base/jdk.internal.reflect.DelegatingMethodAccessorImpl.invoke(DelegatingMethodAccessorImpl.java:43)
Caused by: java.net.ConnectException: Connection refused: no further information
	at okhttp3.internal.platform.Platform.connectSocket(Platform.java:129)
	at okhttp3.internal.connection.RealConnection.connectSocket(RealConnection.java:245)
	at okhttp3.internal.connection.RealConnection.connect(RealConnection.java:165)
	at okhttp3.internal.connection.StreamAllocation.findConnection(StreamAllocation.java:257)
	at okhttp3.internal.connection.StreamAllocation.findHealthyConnection(StreamAllocation.java:135)
	at okhttp3.internal.connection.StreamAllocation.newStream(StreamAllocation.java:114)
	at okhttp3.internal.connection.ConnectInterceptor.intercept(ConnectInterceptor.java:42)
	at okhttp3.internal.http.RealInterceptorChain.proceed(RealInterceptorChain.java:147)
	at okhttp3.internal.http.RealInterceptorChain.proceed(RealInterceptorChain.java:121)
	at okhttp3.internal.cache.CacheInterceptor.intercept(CacheInterceptor.java:93)
	at okhttp3.internal.http.RealInterceptorChain.proceed(RealInterceptorChain.java:147)
	at okhttp3.internal.http.RealInterceptorChain.proceed(RealInterceptorChain.java:121)
	at okhttp3.internal.http.BridgeInterceptor.intercept(BridgeInterceptor.java:93)
	at okhttp3.internal.http.RealInterceptorChain.proceed(RealInterceptorChain.java:147)
	at okhttp3.internal.http.RetryAndFollowUpInterceptor.intercept(RetryAndFollowUpInterceptor.java:126)
	at okhttp3.internal.http.RealInterceptorChain.proceed(RealInterceptorChain.java:147)
	at okhttp3.internal.http.RealInterceptorChain.proceed(RealInterceptorChain.java:121)
	at okhttp3.RealCall.getResponseWithInterceptorChain(RealCall.java:200)
	at okhttp3.RealCall.execute(RealCall.java:77)
	at org.openqa.selenium.remote.internal.OkHttpClient.execute(OkHttpClient.java:103)
	at org.openqa.selenium.remote.ProtocolHandshake.createSession(ProtocolHandshake.java:105)
	at java.base/jdk.internal.reflect.NativeMethodAccessorImpl.invoke0(Native Method)
	at java.base/jdk.internal.reflect.NativeMethodAccessorImpl.invoke(NativeMethodAccessorImpl.java:77)
	at java.base/jdk.internal.reflect.DelegatingMethodAccessorImpl.invoke(DelegatingMethodAccessorImpl.java:43)
	at io.appium.java_client.remote.AppiumCommandExecutor$1.createSession(AppiumCommandExecutor.java:186)
	at io.appium.java_client.remote.AppiumCommandExecutor.createSession(AppiumCommandExecutor.java:217)
	at io.appium.java_client.remote.AppiumCommandExecutor.execute(AppiumCommandExecutor.java:239)
	at org.openqa.selenium.remote.RemoteWebDriver.execute(RemoteWebDriver.java:552)
	at io.appium.java_client.DefaultGenericMobileDriver.execute(DefaultGenericMobileDriver.java:42)
	at io.appium.java_client.AppiumDriver.execute(AppiumDriver.java:1)
	at io.appium.java_client.windows.WindowsDriver.execute(WindowsDriver.java:1)
	at org.openqa.selenium.remote.RemoteWebDriver.startSession(RemoteWebDriver.java:213)
	at org.openqa.selenium.remote.RemoteWebDriver.<init>(RemoteWebDriver.java:131)
	at io.appium.java_client.DefaultGenericMobileDriver.<init>(DefaultGenericMobileDriver.java:38)
	at io.appium.java_client.AppiumDriver.<init>(AppiumDriver.java:84)
	at io.appium.java_client.windows.WindowsDriver.<init>(WindowsDriver.java:38)
	at com.kms.katalon.core.windows.driver.WindowsDriverFactory.newWindowsDriver(WindowsDriverFactory.java:194)
	at com.kms.katalon.core.windows.driver.WindowsDriverFactory.startApplication(WindowsDriverFactory.java:112)
	at com.kms.katalon.core.windows.driver.WindowsDriverFactory.startApplication(WindowsDriverFactory.java:96)
	at com.kms.katalon.core.windows.driver.WindowsDriverFactory$startApplication.call(Unknown Source)
	at com.kms.katalon.core.windows.keyword.builtin.StartApplicationWithTitleKeyword$_startApplicationWithTitle_closure1.doCall(StartApplicationWithTitleKeyword.groovy:33)
	at com.kms.katalon.core.windows.keyword.builtin.StartApplicationWithTitleKeyword$_startApplicationWithTitle_closure1.doCall(StartApplicationWithTitleKeyword.groovy)
	at java.base/jdk.internal.reflect.NativeMethodAccessorImpl.invoke0(Native Method)
	at java.base/jdk.internal.reflect.NativeMethodAccessorImpl.invoke(NativeMethodAccessorImpl.java:77)
	at java.base/jdk.internal.reflect.DelegatingMethodAccessorImpl.invoke(DelegatingMethodAccessorImpl.java:43)
	at com.kms.katalon.core.keyword.internal.KeywordMain.runKeyword(KeywordMain.groovy:90)
	at com.kms.katalon.core.keyword.internal.KeywordMain$runKeyword.call(Unknown Source)
	at com.kms.katalon.core.windows.keyword.builtin.StartApplicationWithTitleKeyword.startApplicationWithTitle(StartApplicationWithTitleKeyword.groovy:32)
	at com.kms.katalon.core.windows.keyword.builtin.StartApplicationWithTitleKeyword.execute(StartApplicationWithTitleKeyword.groovy:28)
	at com.kms.katalon.core.keyword.internal.KeywordExecutor.executeKeywordForPlatform(KeywordExecutor.groovy:74)
	at com.kms.katalon.core.windows.keyword.WindowsBuiltinKeywords.startApplicationWithTitle(WindowsBuiltinKeywords.java:1064)
	at Script1716305407857.run(Script1716305407857.groovy:20)
	... 15 more
)
	at com.kms.katalon.core.keyword.internal.KeywordMain.stepFailed(KeywordMain.groovy:51)
	at com.kms.katalon.core.keyword.internal.KeywordMain.stepFailed(KeywordMain.groovy)
	at com.kms.katalon.core.keyword.internal.KeywordMain.runKeyword(KeywordMain.groovy:92)
	at com.kms.katalon.core.keyword.internal.KeywordMain$runKeyword.call(Unknown Source)
	at com.kms.katalon.core.windows.keyword.builtin.StartApplicationWithTitleKeyword.startApplicationWithTitle(StartApplicationWithTitleKeyword.groovy:32)
	at com.kms.katalon.core.windows.keyword.builtin.StartApplicationWithTitleKeyword.execute(StartApplicationWithTitleKeyword.groovy:28)
	at com.kms.katalon.core.keyword.internal.KeywordExecutor.executeKeywordForPlatform(KeywordExecutor.groovy:74)
	at com.kms.katalon.core.windows.keyword.WindowsBuiltinKeywords.startApplicationWithTitle(WindowsBuiltinKeywords.java:1064)
	at New Test Case.run(New Test Case:20)
	at com.kms.katalon.core.main.ScriptEngine.run(ScriptEngine.java:194)
	at com.kms.katalon.core.main.ScriptEngine.runScriptAsRawText(ScriptEngine.java:119)
	at com.kms.katalon.core.main.TestCaseExecutor.runScript(TestCaseExecutor.java:448)
	at com.kms.katalon.core.main.TestCaseExecutor.doExecute(TestCaseExecutor.java:439)
	at com.kms.katalon.core.main.TestCaseExecutor.processExecutionPhase(TestCaseExecutor.java:418)
	at com.kms.katalon.core.main.TestCaseExecutor.accessMainPhase(TestCaseExecutor.java:410)
	at com.kms.katalon.core.main.TestCaseExecutor.execute(TestCaseExecutor.java:285)
	at com.kms.katalon.core.common.CommonExecutor.accessTestCaseMainPhase(CommonExecutor.java:65)
	at com.kms.katalon.core.main.TestSuiteExecutor.accessTestSuiteMainPhase(TestSuiteExecutor.java:150)
	at com.kms.katalon.core.main.TestSuiteExecutor.execute(TestSuiteExecutor.java:106)
	at com.kms.katalon.core.main.TestCaseMain.startTestSuite(TestCaseMain.java:180)
	at TempTestSuite1720019025915.run(TempTestSuite1720019025915.groovy:35)
	at java.base/jdk.internal.reflect.NativeMethodAccessorImpl.invoke0(Native Method)
	at java.base/jdk.internal.reflect.NativeMethodAccessorImpl.invoke(NativeMethodAccessorImpl.java:77)
	at java.base/jdk.internal.reflect.DelegatingMethodAccessorImpl.invoke(DelegatingMethodAccessorImpl.java:43)
Caused by: org.openqa.selenium.WebDriverException: Connection refused: no further information
Build info: version: '3.141.59', revision: 'e82be7d358', time: '2018-11-14T08:25:53'
System info: host: 'HUYBT2', ip: '192.168.1.13', os.name: 'Windows 11', os.arch: 'amd64', os.version: '10.0', java.version: '17.0.7'
Driver info: driver.version: WindowsDriver
	at io.appium.java_client.remote.AppiumCommandExecutor.lambda$5(AppiumCommandExecutor.java:251)
	at io.appium.java_client.remote.AppiumCommandExecutor.execute(AppiumCommandExecutor.java:250)
	at org.openqa.selenium.remote.RemoteWebDriver.execute(RemoteWebDriver.java:552)
	at io.appium.java_client.DefaultGenericMobileDriver.execute(DefaultGenericMobileDriver.java:42)
	at io.appium.java_client.AppiumDriver.execute(AppiumDriver.java:1)
	at io.appium.java_client.windows.WindowsDriver.execute(WindowsDriver.java:1)
	at org.openqa.selenium.remote.RemoteWebDriver.startSession(RemoteWebDriver.java:213)
	at org.openqa.selenium.remote.RemoteWebDriver.<init>(RemoteWebDriver.java:131)
	at io.appium.java_client.DefaultGenericMobileDriver.<init>(DefaultGenericMobileDriver.java:38)
	at io.appium.java_client.AppiumDriver.<init>(AppiumDriver.java:84)
	at io.appium.java_client.windows.WindowsDriver.<init>(WindowsDriver.java:38)
	at com.kms.katalon.core.windows.driver.WindowsDriverFactory.newWindowsDriver(WindowsDriverFactory.java:194)
	at com.kms.katalon.core.windows.driver.WindowsDriverFactory.startApplication(WindowsDriverFactory.java:112)
	at com.kms.katalon.core.windows.driver.WindowsDriverFactory.startApplication(WindowsDriverFactory.java:96)
	at com.kms.katalon.core.windows.driver.WindowsDriverFactory$startApplication.call(Unknown Source)
	at com.kms.katalon.core.windows.keyword.builtin.StartApplicationWithTitleKeyword$_startApplicationWithTitle_closure1.doCall(StartApplicationWithTitleKeyword.groovy:33)
	at com.kms.katalon.core.windows.keyword.builtin.StartApplicationWithTitleKeyword$_startApplicationWithTitle_closure1.doCall(StartApplicationWithTitleKeyword.groovy)
	at java.base/jdk.internal.reflect.NativeMethodAccessorImpl.invoke0(Native Method)
	at java.base/jdk.internal.reflect.NativeMethodAccessorImpl.invoke(NativeMethodAccessorImpl.java:77)
	at java.base/jdk.internal.reflect.DelegatingMethodAccessorImpl.invoke(DelegatingMethodAccessorImpl.java:43)
	at com.kms.katalon.core.keyword.internal.KeywordMain.runKeyword(KeywordMain.groovy:90)
	... 21 more
Caused by: java.net.ConnectException: Connection refused: no further information
	at okhttp3.internal.platform.Platform.connectSocket(Platform.java:129)
	at okhttp3.internal.connection.RealConnection.connectSocket(RealConnection.java:245)
	at okhttp3.internal.connection.RealConnection.connect(RealConnection.java:165)
	at okhttp3.internal.connection.StreamAllocation.findConnection(StreamAllocation.java:257)
	at okhttp3.internal.connection.StreamAllocation.findHealthyConnection(StreamAllocation.java:135)
	at okhttp3.internal.connection.StreamAllocation.newStream(StreamAllocation.java:114)
	at okhttp3.internal.connection.ConnectInterceptor.intercept(ConnectInterceptor.java:42)
	at okhttp3.internal.http.RealInterceptorChain.proceed(RealInterceptorChain.java:147)
	at okhttp3.internal.http.RealInterceptorChain.proceed(RealInterceptorChain.java:121)
	at okhttp3.internal.cache.CacheInterceptor.intercept(CacheInterceptor.java:93)
	at okhttp3.internal.http.RealInterceptorChain.proceed(RealInterceptorChain.java:147)
	at okhttp3.internal.http.RealInterceptorChain.proceed(RealInterceptorChain.java:121)
	at okhttp3.internal.http.BridgeInterceptor.intercept(BridgeInterceptor.java:93)
	at okhttp3.internal.http.RealInterceptorChain.proceed(RealInterceptorChain.java:147)
	at okhttp3.internal.http.RetryAndFollowUpInterceptor.intercept(RetryAndFollowUpInterceptor.java:126)
	at okhttp3.internal.http.RealInterceptorChain.proceed(RealInterceptorChain.java:147)
	at okhttp3.internal.http.RealInterceptorChain.proceed(RealInterceptorChain.java:121)
	at okhttp3.RealCall.getResponseWithInterceptorChain(RealCall.java:200)
	at okhttp3.RealCall.execute(RealCall.java:77)
	at org.openqa.selenium.remote.internal.OkHttpClient.execute(OkHttpClient.java:103)
	at org.openqa.selenium.remote.ProtocolHandshake.createSession(ProtocolHandshake.java:105)
	at java.base/jdk.internal.reflect.NativeMethodAccessorImpl.invoke0(Native Method)
	at java.base/jdk.internal.reflect.NativeMethodAccessorImpl.invoke(NativeMethodAccessorImpl.java:77)
	at java.base/jdk.internal.reflect.DelegatingMethodAccessorImpl.invoke(DelegatingMethodAccessorImpl.java:43)
	at io.appium.java_client.remote.AppiumCommandExecutor$1.createSession(AppiumCommandExecutor.java:186)
	at io.appium.java_client.remote.AppiumCommandExecutor.createSession(AppiumCommandExecutor.java:217)
	at io.appium.java_client.remote.AppiumCommandExecutor.execute(AppiumCommandExecutor.java:239)
	... 40 more]]></system-err>
      </testcase>
      <testcase name="Test Cases/ab/New Test Case (1)" time="3.535" classname="Test Cases/ab/New Test Case (1)" status="PASSED">
         <system-out><![CDATA[03-07-2024T22:04:30 - [TEST_CASE][PASSED] - Test Cases/ab/New Test Case (1): Test Cases/ab/New Test Case (1)

03-07-2024T22:04:30 - [TEST_STEP][PASSED] - openBrowser(""): Browser is opened with url: ''

03-07-2024T22:04:30 - [MESSAGE][INFO] - Starting 'Chrome' driver

03-07-2024T22:04:30 - [MESSAGE][INFO] - Action delay is set to 0 milliseconds

03-07-2024T22:04:32 - [MESSAGE][PASSED] - Browser is opened with url: ''

03-07-2024T22:04:32 - [TEST_STEP][PASSED] - closeBrowser(): Browser is closed

03-07-2024T22:04:33 - [MESSAGE][PASSED] - Browser is closed]]></system-out>
         <system-err><![CDATA[]]></system-err>
      </testcase>
      <testcase name="Test Cases/ab/New Test Case (10)" time="4.092" classname="Test Cases/ab/New Test Case (10)" status="PASSED">
         <system-out><![CDATA[03-07-2024T22:04:33 - [TEST_CASE][PASSED] - Test Cases/ab/New Test Case (10): Test Cases/ab/New Test Case (10)

03-07-2024T22:04:33 - [TEST_STEP][PASSED] - openBrowser(""): Browser is opened with url: ''

03-07-2024T22:04:33 - [MESSAGE][INFO] - Starting 'Chrome' driver

03-07-2024T22:04:33 - [MESSAGE][INFO] - Action delay is set to 0 milliseconds

03-07-2024T22:04:37 - [MESSAGE][PASSED] - Browser is opened with url: ''

03-07-2024T22:04:37 - [TEST_STEP][PASSED] - closeBrowser(): Browser is closed

03-07-2024T22:04:37 - [MESSAGE][PASSED] - Browser is closed]]></system-out>
         <system-err><![CDATA[]]></system-err>
      </testcase>
      <testcase name="Test Cases/ab/New Test Case (11)" time="4.58" classname="Test Cases/ab/New Test Case (11)" status="PASSED">
         <system-out><![CDATA[03-07-2024T22:04:37 - [TEST_CASE][PASSED] - Test Cases/ab/New Test Case (11): Test Cases/ab/New Test Case (11)

03-07-2024T22:04:37 - [TEST_STEP][PASSED] - openBrowser(""): Browser is opened with url: ''

03-07-2024T22:04:37 - [MESSAGE][INFO] - Starting 'Chrome' driver

03-07-2024T22:04:37 - [MESSAGE][INFO] - Action delay is set to 0 milliseconds

03-07-2024T22:04:41 - [MESSAGE][PASSED] - Browser is opened with url: ''

03-07-2024T22:04:41 - [TEST_STEP][PASSED] - closeBrowser(): Browser is closed

03-07-2024T22:04:42 - [MESSAGE][PASSED] - Browser is closed]]></system-out>
         <system-err><![CDATA[]]></system-err>
      </testcase>
      <testcase name="Test Cases/ab/New Test Case (12)" time="5.205" classname="Test Cases/ab/New Test Case (12)" status="PASSED">
         <system-out><![CDATA[03-07-2024T22:04:42 - [TEST_CASE][PASSED] - Test Cases/ab/New Test Case (12): Test Cases/ab/New Test Case (12)

03-07-2024T22:04:42 - [TEST_STEP][PASSED] - openBrowser(""): Browser is opened with url: ''

03-07-2024T22:04:42 - [MESSAGE][INFO] - Starting 'Chrome' driver

03-07-2024T22:04:42 - [MESSAGE][INFO] - Action delay is set to 0 milliseconds

03-07-2024T22:04:45 - [MESSAGE][PASSED] - Browser is opened with url: ''

03-07-2024T22:04:45 - [TEST_STEP][PASSED] - closeBrowser(): Browser is closed

03-07-2024T22:04:47 - [MESSAGE][PASSED] - Browser is closed]]></system-out>
         <system-err><![CDATA[]]></system-err>
      </testcase>
      <testcase name="Test Cases/ab/New Test Case (13)" time="4.85" classname="Test Cases/ab/New Test Case (13)" status="PASSED">
         <system-out><![CDATA[03-07-2024T22:04:47 - [TEST_CASE][PASSED] - Test Cases/ab/New Test Case (13): Test Cases/ab/New Test Case (13)

03-07-2024T22:04:47 - [TEST_STEP][PASSED] - openBrowser(""): Browser is opened with url: ''

03-07-2024T22:04:47 - [MESSAGE][INFO] - Starting 'Chrome' driver

03-07-2024T22:04:47 - [MESSAGE][INFO] - Action delay is set to 0 milliseconds

03-07-2024T22:04:50 - [MESSAGE][PASSED] - Browser is opened with url: ''

03-07-2024T22:04:50 - [TEST_STEP][PASSED] - closeBrowser(): Browser is closed

03-07-2024T22:04:52 - [MESSAGE][PASSED] - Browser is closed]]></system-out>
         <system-err><![CDATA[]]></system-err>
      </testcase>
      <testcase name="Test Cases/ab/New Test Case (14)" time="6.097" classname="Test Cases/ab/New Test Case (14)" status="PASSED">
         <system-out><![CDATA[03-07-2024T22:04:52 - [TEST_CASE][PASSED] - Test Cases/ab/New Test Case (14): Test Cases/ab/New Test Case (14)

03-07-2024T22:04:52 - [TEST_STEP][PASSED] - openBrowser(""): Browser is opened with url: ''

03-07-2024T22:04:52 - [MESSAGE][INFO] - Starting 'Chrome' driver

03-07-2024T22:04:52 - [MESSAGE][INFO] - Action delay is set to 0 milliseconds

03-07-2024T22:04:55 - [MESSAGE][PASSED] - Browser is opened with url: ''

03-07-2024T22:04:55 - [TEST_STEP][PASSED] - closeBrowser(): Browser is closed

03-07-2024T22:04:58 - [MESSAGE][PASSED] - Browser is closed]]></system-out>
         <system-err><![CDATA[]]></system-err>
      </testcase>
      <testcase name="Test Cases/ab/New Test Case (15)" time="6.425" classname="Test Cases/ab/New Test Case (15)" status="PASSED">
         <system-out><![CDATA[03-07-2024T22:04:58 - [TEST_CASE][PASSED] - Test Cases/ab/New Test Case (15): Test Cases/ab/New Test Case (15)

03-07-2024T22:04:58 - [TEST_STEP][PASSED] - openBrowser(""): Browser is opened with url: ''

03-07-2024T22:04:58 - [MESSAGE][INFO] - Starting 'Chrome' driver

03-07-2024T22:04:58 - [MESSAGE][INFO] - Action delay is set to 0 milliseconds

03-07-2024T22:05:00 - [MESSAGE][PASSED] - Browser is opened with url: ''

03-07-2024T22:05:00 - [TEST_STEP][PASSED] - closeBrowser(): Browser is closed

03-07-2024T22:05:04 - [MESSAGE][PASSED] - Browser is closed]]></system-out>
         <system-err><![CDATA[]]></system-err>
      </testcase>
      <testcase name="Test Cases/ab/New Test Case (16)" time="5.313" classname="Test Cases/ab/New Test Case (16)" status="PASSED">
         <system-out><![CDATA[03-07-2024T22:05:04 - [TEST_CASE][PASSED] - Test Cases/ab/New Test Case (16): Test Cases/ab/New Test Case (16)

03-07-2024T22:05:05 - [TEST_STEP][PASSED] - openBrowser(""): Browser is opened with url: ''

03-07-2024T22:05:05 - [MESSAGE][INFO] - Starting 'Chrome' driver

03-07-2024T22:05:05 - [MESSAGE][INFO] - Action delay is set to 0 milliseconds

03-07-2024T22:05:06 - [MESSAGE][PASSED] - Browser is opened with url: ''

03-07-2024T22:05:06 - [TEST_STEP][PASSED] - closeBrowser(): Browser is closed

03-07-2024T22:05:10 - [MESSAGE][PASSED] - Browser is closed]]></system-out>
         <system-err><![CDATA[]]></system-err>
      </testcase>
      <testcase name="Test Cases/ab/New Test Case (17)" time="5.022" classname="Test Cases/ab/New Test Case (17)" status="PASSED">
         <system-out><![CDATA[03-07-2024T22:05:10 - [TEST_CASE][PASSED] - Test Cases/ab/New Test Case (17): Test Cases/ab/New Test Case (17)

03-07-2024T22:05:10 - [TEST_STEP][PASSED] - openBrowser(""): Browser is opened with url: ''

03-07-2024T22:05:10 - [MESSAGE][INFO] - Starting 'Chrome' driver

03-07-2024T22:05:10 - [MESSAGE][INFO] - Action delay is set to 0 milliseconds

03-07-2024T22:05:11 - [MESSAGE][PASSED] - Browser is opened with url: ''

03-07-2024T22:05:11 - [TEST_STEP][PASSED] - closeBrowser(): Browser is closed

03-07-2024T22:05:15 - [MESSAGE][PASSED] - Browser is closed]]></system-out>
         <system-err><![CDATA[]]></system-err>
      </testcase>
      <testcase name="Test Cases/ab/New Test Case (18)" time="5.232" classname="Test Cases/ab/New Test Case (18)" status="PASSED">
         <system-out><![CDATA[03-07-2024T22:05:15 - [TEST_CASE][PASSED] - Test Cases/ab/New Test Case (18): Test Cases/ab/New Test Case (18)

03-07-2024T22:05:15 - [TEST_STEP][PASSED] - openBrowser(""): Browser is opened with url: ''

03-07-2024T22:05:15 - [MESSAGE][INFO] - Starting 'Chrome' driver

03-07-2024T22:05:15 - [MESSAGE][INFO] - Action delay is set to 0 milliseconds

03-07-2024T22:05:16 - [MESSAGE][PASSED] - Browser is opened with url: ''

03-07-2024T22:05:16 - [TEST_STEP][PASSED] - closeBrowser(): Browser is closed

03-07-2024T22:05:20 - [MESSAGE][PASSED] - Browser is closed]]></system-out>
         <system-err><![CDATA[]]></system-err>
      </testcase>
      <testcase name="Test Cases/ab/New Test Case (19)" time="5.174" classname="Test Cases/ab/New Test Case (19)" status="PASSED">
         <system-out><![CDATA[03-07-2024T22:05:20 - [TEST_CASE][PASSED] - Test Cases/ab/New Test Case (19): Test Cases/ab/New Test Case (19)

03-07-2024T22:05:20 - [TEST_STEP][PASSED] - openBrowser(""): Browser is opened with url: ''

03-07-2024T22:05:20 - [MESSAGE][INFO] - Starting 'Chrome' driver

03-07-2024T22:05:20 - [MESSAGE][INFO] - Action delay is set to 0 milliseconds

03-07-2024T22:05:22 - [MESSAGE][PASSED] - Browser is opened with url: ''

03-07-2024T22:05:22 - [TEST_STEP][PASSED] - closeBrowser(): Browser is closed

03-07-2024T22:05:25 - [MESSAGE][PASSED] - Browser is closed]]></system-out>
         <system-err><![CDATA[]]></system-err>
      </testcase>
      <testcase name="Test Cases/ab/New Test Case (2)" time="4.554" classname="Test Cases/ab/New Test Case (2)" status="PASSED">
         <system-out><![CDATA[03-07-2024T22:05:25 - [TEST_CASE][PASSED] - Test Cases/ab/New Test Case (2): Test Cases/ab/New Test Case (2)

03-07-2024T22:05:25 - [TEST_STEP][PASSED] - openBrowser(""): Browser is opened with url: ''

03-07-2024T22:05:25 - [MESSAGE][INFO] - Starting 'Chrome' driver

03-07-2024T22:05:25 - [MESSAGE][INFO] - Action delay is set to 0 milliseconds

03-07-2024T22:05:29 - [MESSAGE][PASSED] - Browser is opened with url: ''

03-07-2024T22:05:29 - [TEST_STEP][PASSED] - closeBrowser(): Browser is closed

03-07-2024T22:05:30 - [MESSAGE][PASSED] - Browser is closed]]></system-out>
         <system-err><![CDATA[]]></system-err>
      </testcase>
      <testcase name="Test Cases/ab/New Test Case (20)" time="5.577" classname="Test Cases/ab/New Test Case (20)" status="PASSED">
         <system-out><![CDATA[03-07-2024T22:05:30 - [TEST_CASE][PASSED] - Test Cases/ab/New Test Case (20): Test Cases/ab/New Test Case (20)

03-07-2024T22:05:30 - [TEST_STEP][PASSED] - openBrowser(""): Browser is opened with url: ''

03-07-2024T22:05:30 - [MESSAGE][INFO] - Starting 'Chrome' driver

03-07-2024T22:05:30 - [MESSAGE][INFO] - Action delay is set to 0 milliseconds

03-07-2024T22:05:34 - [MESSAGE][PASSED] - Browser is opened with url: ''

03-07-2024T22:05:34 - [TEST_STEP][PASSED] - closeBrowser(): Browser is closed

03-07-2024T22:05:35 - [MESSAGE][PASSED] - Browser is closed]]></system-out>
         <system-err><![CDATA[]]></system-err>
      </testcase>
      <testcase name="Test Cases/ab/New Test Case (21)" time="4.9" classname="Test Cases/ab/New Test Case (21)" status="PASSED">
         <system-out><![CDATA[03-07-2024T22:05:35 - [TEST_CASE][PASSED] - Test Cases/ab/New Test Case (21): Test Cases/ab/New Test Case (21)

03-07-2024T22:05:35 - [TEST_STEP][PASSED] - openBrowser(""): Browser is opened with url: ''

03-07-2024T22:05:36 - [MESSAGE][INFO] - Starting 'Chrome' driver

03-07-2024T22:05:36 - [MESSAGE][INFO] - Action delay is set to 0 milliseconds

03-07-2024T22:05:39 - [MESSAGE][PASSED] - Browser is opened with url: ''

03-07-2024T22:05:39 - [TEST_STEP][PASSED] - closeBrowser(): Browser is closed

03-07-2024T22:05:40 - [MESSAGE][PASSED] - Browser is closed]]></system-out>
         <system-err><![CDATA[]]></system-err>
      </testcase>
      <testcase name="Test Cases/ab/New Test Case (22)" time="3.852" classname="Test Cases/ab/New Test Case (22)" status="PASSED">
         <system-out><![CDATA[03-07-2024T22:05:40 - [TEST_CASE][PASSED] - Test Cases/ab/New Test Case (22): Test Cases/ab/New Test Case (22)

03-07-2024T22:05:40 - [TEST_STEP][PASSED] - openBrowser(""): Browser is opened with url: ''

03-07-2024T22:05:40 - [MESSAGE][INFO] - Starting 'Chrome' driver

03-07-2024T22:05:40 - [MESSAGE][INFO] - Action delay is set to 0 milliseconds

03-07-2024T22:05:43 - [MESSAGE][PASSED] - Browser is opened with url: ''

03-07-2024T22:05:43 - [TEST_STEP][PASSED] - closeBrowser(): Browser is closed

03-07-2024T22:05:44 - [MESSAGE][PASSED] - Browser is closed]]></system-out>
         <system-err><![CDATA[]]></system-err>
      </testcase>
      <testcase name="Test Cases/ab/New Test Case (23)" time="4.888" classname="Test Cases/ab/New Test Case (23)" status="PASSED">
         <system-out><![CDATA[03-07-2024T22:05:44 - [TEST_CASE][PASSED] - Test Cases/ab/New Test Case (23): Test Cases/ab/New Test Case (23)

03-07-2024T22:05:44 - [TEST_STEP][PASSED] - openBrowser(""): Browser is opened with url: ''

03-07-2024T22:05:44 - [MESSAGE][INFO] - Starting 'Chrome' driver

03-07-2024T22:05:44 - [MESSAGE][INFO] - Action delay is set to 0 milliseconds

03-07-2024T22:05:47 - [MESSAGE][PASSED] - Browser is opened with url: ''

03-07-2024T22:05:47 - [TEST_STEP][PASSED] - closeBrowser(): Browser is closed

03-07-2024T22:05:49 - [MESSAGE][PASSED] - Browser is closed]]></system-out>
         <system-err><![CDATA[]]></system-err>
      </testcase>
      <testcase name="Test Cases/ab/New Test Case (24)" time="3.536" classname="Test Cases/ab/New Test Case (24)" status="PASSED">
         <system-out><![CDATA[03-07-2024T22:05:49 - [TEST_CASE][PASSED] - Test Cases/ab/New Test Case (24): Test Cases/ab/New Test Case (24)

03-07-2024T22:05:49 - [TEST_STEP][PASSED] - openBrowser(""): Browser is opened with url: ''

03-07-2024T22:05:49 - [MESSAGE][INFO] - Starting 'Chrome' driver

03-07-2024T22:05:49 - [MESSAGE][INFO] - Action delay is set to 0 milliseconds

03-07-2024T22:05:51 - [MESSAGE][PASSED] - Browser is opened with url: ''

03-07-2024T22:05:51 - [TEST_STEP][PASSED] - closeBrowser(): Browser is closed

03-07-2024T22:05:53 - [MESSAGE][PASSED] - Browser is closed]]></system-out>
         <system-err><![CDATA[]]></system-err>
      </testcase>
      <testcase name="Test Cases/ab/New Test Case (25)" time="4.261" classname="Test Cases/ab/New Test Case (25)" status="PASSED">
         <system-out><![CDATA[03-07-2024T22:05:53 - [TEST_CASE][PASSED] - Test Cases/ab/New Test Case (25): Test Cases/ab/New Test Case (25)

03-07-2024T22:05:53 - [TEST_STEP][PASSED] - openBrowser(""): Browser is opened with url: ''

03-07-2024T22:05:53 - [MESSAGE][INFO] - Starting 'Chrome' driver

03-07-2024T22:05:53 - [MESSAGE][INFO] - Action delay is set to 0 milliseconds

03-07-2024T22:05:56 - [MESSAGE][PASSED] - Browser is opened with url: ''

03-07-2024T22:05:56 - [TEST_STEP][PASSED] - closeBrowser(): Browser is closed

03-07-2024T22:05:57 - [MESSAGE][PASSED] - Browser is closed]]></system-out>
         <system-err><![CDATA[]]></system-err>
      </testcase>
      <testcase name="Test Cases/ab/New Test Case (26)" time="5.28" classname="Test Cases/ab/New Test Case (26)" status="PASSED">
         <system-out><![CDATA[03-07-2024T22:05:57 - [TEST_CASE][PASSED] - Test Cases/ab/New Test Case (26): Test Cases/ab/New Test Case (26)

03-07-2024T22:05:57 - [TEST_STEP][PASSED] - openBrowser(""): Browser is opened with url: ''

03-07-2024T22:05:57 - [MESSAGE][INFO] - Starting 'Chrome' driver

03-07-2024T22:05:57 - [MESSAGE][INFO] - Action delay is set to 0 milliseconds

03-07-2024T22:06:00 - [MESSAGE][PASSED] - Browser is opened with url: ''

03-07-2024T22:06:00 - [TEST_STEP][PASSED] - closeBrowser(): Browser is closed

03-07-2024T22:06:02 - [MESSAGE][PASSED] - Browser is closed]]></system-out>
         <system-err><![CDATA[]]></system-err>
      </testcase>
      <testcase name="Test Cases/ab/New Test Case (27)" time="5.521" classname="Test Cases/ab/New Test Case (27)" status="PASSED">
         <system-out><![CDATA[03-07-2024T22:06:02 - [TEST_CASE][PASSED] - Test Cases/ab/New Test Case (27): Test Cases/ab/New Test Case (27)

03-07-2024T22:06:02 - [TEST_STEP][PASSED] - openBrowser(""): Browser is opened with url: ''

03-07-2024T22:06:02 - [MESSAGE][INFO] - Starting 'Chrome' driver

03-07-2024T22:06:02 - [MESSAGE][INFO] - Action delay is set to 0 milliseconds

03-07-2024T22:06:07 - [MESSAGE][PASSED] - Browser is opened with url: ''

03-07-2024T22:06:07 - [TEST_STEP][PASSED] - closeBrowser(): Browser is closed

03-07-2024T22:06:08 - [MESSAGE][PASSED] - Browser is closed]]></system-out>
         <system-err><![CDATA[]]></system-err>
      </testcase>
      <testcase name="Test Cases/ab/New Test Case (28)" time="0.113" classname="Test Cases/ab/New Test Case (28)" status="PASSED">
         <system-out><![CDATA[03-07-2024T22:06:08 - [TEST_CASE][PASSED] - Test Cases/ab/New Test Case (28): Test Cases/ab/New Test Case (28)

03-07-2024T22:06:08 - [TEST_STEP][PASSED] - return null: null]]></system-out>
         <system-err><![CDATA[]]></system-err>
      </testcase>
      <testcase name="Test Cases/ab/New Test Case (29)" time="5.14" classname="Test Cases/ab/New Test Case (29)" status="PASSED">
         <system-out><![CDATA[03-07-2024T22:06:08 - [TEST_CASE][PASSED] - Test Cases/ab/New Test Case (29): Test Cases/ab/New Test Case (29)

03-07-2024T22:06:08 - [TEST_STEP][PASSED] - openBrowser(""): Browser is opened with url: ''

03-07-2024T22:06:08 - [MESSAGE][INFO] - Starting 'Chrome' driver

03-07-2024T22:06:08 - [MESSAGE][INFO] - Action delay is set to 0 milliseconds

03-07-2024T22:06:12 - [MESSAGE][PASSED] - Browser is opened with url: ''

03-07-2024T22:06:12 - [TEST_STEP][PASSED] - closeBrowser(): Browser is closed

03-07-2024T22:06:13 - [MESSAGE][PASSED] - Browser is closed]]></system-out>
         <system-err><![CDATA[]]></system-err>
      </testcase>
      <testcase name="Test Cases/ab/New Test Case (3)" time="4.468" classname="Test Cases/ab/New Test Case (3)" status="PASSED">
         <system-out><![CDATA[03-07-2024T22:06:13 - [TEST_CASE][PASSED] - Test Cases/ab/New Test Case (3): Test Cases/ab/New Test Case (3)

03-07-2024T22:06:13 - [TEST_STEP][PASSED] - openBrowser(""): Browser is opened with url: ''

03-07-2024T22:06:13 - [MESSAGE][INFO] - Starting 'Chrome' driver

03-07-2024T22:06:13 - [MESSAGE][INFO] - Action delay is set to 0 milliseconds

03-07-2024T22:06:16 - [MESSAGE][PASSED] - Browser is opened with url: ''

03-07-2024T22:06:16 - [TEST_STEP][PASSED] - closeBrowser(): Browser is closed

03-07-2024T22:06:17 - [MESSAGE][PASSED] - Browser is closed]]></system-out>
         <system-err><![CDATA[]]></system-err>
      </testcase>
      <testcase name="Test Cases/ab/New Test Case (30)" time="4.166" classname="Test Cases/ab/New Test Case (30)" status="PASSED">
         <system-out><![CDATA[03-07-2024T22:06:18 - [TEST_CASE][PASSED] - Test Cases/ab/New Test Case (30): Test Cases/ab/New Test Case (30)

03-07-2024T22:06:18 - [TEST_STEP][PASSED] - openBrowser(""): Browser is opened with url: ''

03-07-2024T22:06:18 - [MESSAGE][INFO] - Starting 'Chrome' driver

03-07-2024T22:06:18 - [MESSAGE][INFO] - Action delay is set to 0 milliseconds

03-07-2024T22:06:20 - [MESSAGE][PASSED] - Browser is opened with url: ''

03-07-2024T22:06:20 - [TEST_STEP][PASSED] - closeBrowser(): Browser is closed

03-07-2024T22:06:22 - [MESSAGE][PASSED] - Browser is closed]]></system-out>
         <system-err><![CDATA[]]></system-err>
      </testcase>
      <testcase name="Test Cases/ab/New Test Case (31)" time="7.763" classname="Test Cases/ab/New Test Case (31)" status="PASSED">
         <system-out><![CDATA[03-07-2024T22:06:22 - [TEST_CASE][PASSED] - Test Cases/ab/New Test Case (31): Test Cases/ab/New Test Case (31)

03-07-2024T22:06:22 - [TEST_STEP][PASSED] - openBrowser(""): Browser is opened with url: ''

03-07-2024T22:06:22 - [MESSAGE][INFO] - Starting 'Chrome' driver

03-07-2024T22:06:22 - [MESSAGE][INFO] - Action delay is set to 0 milliseconds

03-07-2024T22:06:24 - [MESSAGE][PASSED] - Browser is opened with url: ''

03-07-2024T22:06:24 - [TEST_STEP][PASSED] - closeBrowser(): Browser is closed

03-07-2024T22:06:29 - [MESSAGE][PASSED] - Browser is closed]]></system-out>
         <system-err><![CDATA[]]></system-err>
      </testcase>
      <testcase name="Test Cases/ab/New Test Case (32)" time="4.4" classname="Test Cases/ab/New Test Case (32)" status="PASSED">
         <system-out><![CDATA[03-07-2024T22:06:29 - [TEST_CASE][PASSED] - Test Cases/ab/New Test Case (32): Test Cases/ab/New Test Case (32)

03-07-2024T22:06:30 - [TEST_STEP][PASSED] - openBrowser(""): Browser is opened with url: ''

03-07-2024T22:06:30 - [MESSAGE][INFO] - Starting 'Chrome' driver

03-07-2024T22:06:30 - [MESSAGE][INFO] - Action delay is set to 0 milliseconds

03-07-2024T22:06:31 - [MESSAGE][PASSED] - Browser is opened with url: ''

03-07-2024T22:06:31 - [TEST_STEP][PASSED] - closeBrowser(): Browser is closed

03-07-2024T22:06:34 - [MESSAGE][PASSED] - Browser is closed]]></system-out>
         <system-err><![CDATA[]]></system-err>
      </testcase>
      <testcase name="Test Cases/ab/New Test Case (33)" time="6.021" classname="Test Cases/ab/New Test Case (33)" status="PASSED">
         <system-out><![CDATA[03-07-2024T22:06:34 - [TEST_CASE][PASSED] - Test Cases/ab/New Test Case (33): Test Cases/ab/New Test Case (33)

03-07-2024T22:06:34 - [TEST_STEP][PASSED] - openBrowser(""): Browser is opened with url: ''

03-07-2024T22:06:34 - [MESSAGE][INFO] - Starting 'Chrome' driver

03-07-2024T22:06:34 - [MESSAGE][INFO] - Action delay is set to 0 milliseconds

03-07-2024T22:06:37 - [MESSAGE][PASSED] - Browser is opened with url: ''

03-07-2024T22:06:37 - [TEST_STEP][PASSED] - closeBrowser(): Browser is closed

03-07-2024T22:06:40 - [MESSAGE][PASSED] - Browser is closed]]></system-out>
         <system-err><![CDATA[]]></system-err>
      </testcase>
      <testcase name="Test Cases/ab/New Test Case (34)" time="5.006" classname="Test Cases/ab/New Test Case (34)" status="PASSED">
         <system-out><![CDATA[03-07-2024T22:06:40 - [TEST_CASE][PASSED] - Test Cases/ab/New Test Case (34): Test Cases/ab/New Test Case (34)

03-07-2024T22:06:40 - [TEST_STEP][PASSED] - openBrowser(""): Browser is opened with url: ''

03-07-2024T22:06:40 - [MESSAGE][INFO] - Starting 'Chrome' driver

03-07-2024T22:06:40 - [MESSAGE][INFO] - Action delay is set to 0 milliseconds

03-07-2024T22:06:42 - [MESSAGE][PASSED] - Browser is opened with url: ''

03-07-2024T22:06:42 - [TEST_STEP][PASSED] - closeBrowser(): Browser is closed

03-07-2024T22:06:45 - [MESSAGE][PASSED] - Browser is closed]]></system-out>
         <system-err><![CDATA[]]></system-err>
      </testcase>
      <testcase name="Test Cases/ab/New Test Case (4)" time="4.668" classname="Test Cases/ab/New Test Case (4)" status="PASSED">
         <system-out><![CDATA[03-07-2024T22:06:45 - [TEST_CASE][PASSED] - Test Cases/ab/New Test Case (4): Test Cases/ab/New Test Case (4)

03-07-2024T22:06:45 - [TEST_STEP][PASSED] - openBrowser(""): Browser is opened with url: ''

03-07-2024T22:06:45 - [MESSAGE][INFO] - Starting 'Chrome' driver

03-07-2024T22:06:45 - [MESSAGE][INFO] - Action delay is set to 0 milliseconds

03-07-2024T22:06:46 - [MESSAGE][PASSED] - Browser is opened with url: ''

03-07-2024T22:06:46 - [TEST_STEP][PASSED] - closeBrowser(): Browser is closed

03-07-2024T22:06:50 - [MESSAGE][PASSED] - Browser is closed]]></system-out>
         <system-err><![CDATA[]]></system-err>
      </testcase>
      <testcase name="Test Cases/ab/New Test Case (5)" time="4.088" classname="Test Cases/ab/New Test Case (5)" status="PASSED">
         <system-out><![CDATA[03-07-2024T22:06:50 - [TEST_CASE][PASSED] - Test Cases/ab/New Test Case (5): Test Cases/ab/New Test Case (5)

03-07-2024T22:06:50 - [TEST_STEP][PASSED] - openBrowser(""): Browser is opened with url: ''

03-07-2024T22:06:50 - [MESSAGE][INFO] - Starting 'Chrome' driver

03-07-2024T22:06:50 - [MESSAGE][INFO] - Action delay is set to 0 milliseconds

03-07-2024T22:06:51 - [MESSAGE][PASSED] - Browser is opened with url: ''

03-07-2024T22:06:51 - [TEST_STEP][PASSED] - closeBrowser(): Browser is closed

03-07-2024T22:06:54 - [MESSAGE][PASSED] - Browser is closed]]></system-out>
         <system-err><![CDATA[]]></system-err>
      </testcase>
      <testcase name="Test Cases/ab/New Test Case (6)" time="3.881" classname="Test Cases/ab/New Test Case (6)" status="PASSED">
         <system-out><![CDATA[03-07-2024T22:06:54 - [TEST_CASE][PASSED] - Test Cases/ab/New Test Case (6): Test Cases/ab/New Test Case (6)

03-07-2024T22:06:54 - [TEST_STEP][PASSED] - openBrowser(""): Browser is opened with url: ''

03-07-2024T22:06:54 - [MESSAGE][INFO] - Starting 'Chrome' driver

03-07-2024T22:06:54 - [MESSAGE][INFO] - Action delay is set to 0 milliseconds

03-07-2024T22:06:57 - [MESSAGE][PASSED] - Browser is opened with url: ''

03-07-2024T22:06:57 - [TEST_STEP][PASSED] - closeBrowser(): Browser is closed

03-07-2024T22:06:58 - [MESSAGE][PASSED] - Browser is closed]]></system-out>
         <system-err><![CDATA[]]></system-err>
      </testcase>
      <testcase name="Test Cases/ab/New Test Case (7)" time="7.546" classname="Test Cases/ab/New Test Case (7)" status="PASSED">
         <system-out><![CDATA[03-07-2024T22:06:58 - [TEST_CASE][PASSED] - Test Cases/ab/New Test Case (7): Test Cases/ab/New Test Case (7)

03-07-2024T22:06:58 - [TEST_STEP][PASSED] - openBrowser(""): Browser is opened with url: ''

03-07-2024T22:06:58 - [MESSAGE][INFO] - Starting 'Chrome' driver

03-07-2024T22:06:58 - [MESSAGE][INFO] - Action delay is set to 0 milliseconds

03-07-2024T22:07:01 - [MESSAGE][PASSED] - Browser is opened with url: ''

03-07-2024T22:07:01 - [TEST_STEP][PASSED] - closeBrowser(): Browser is closed

03-07-2024T22:07:05 - [MESSAGE][PASSED] - Browser is closed]]></system-out>
         <system-err><![CDATA[]]></system-err>
      </testcase>
      <testcase name="Test Cases/ab/New Test Case (8)" time="3.74" classname="Test Cases/ab/New Test Case (8)" status="PASSED">
         <system-out><![CDATA[03-07-2024T22:07:05 - [TEST_CASE][PASSED] - Test Cases/ab/New Test Case (8): Test Cases/ab/New Test Case (8)

03-07-2024T22:07:05 - [TEST_STEP][PASSED] - openBrowser(""): Browser is opened with url: ''

03-07-2024T22:07:05 - [MESSAGE][INFO] - Starting 'Chrome' driver

03-07-2024T22:07:05 - [MESSAGE][INFO] - Action delay is set to 0 milliseconds

03-07-2024T22:07:07 - [MESSAGE][PASSED] - Browser is opened with url: ''

03-07-2024T22:07:07 - [TEST_STEP][PASSED] - closeBrowser(): Browser is closed

03-07-2024T22:07:09 - [MESSAGE][PASSED] - Browser is closed]]></system-out>
         <system-err><![CDATA[]]></system-err>
      </testcase>
      <testcase name="Test Cases/ab/New Test Case (9)" time="5.299" classname="Test Cases/ab/New Test Case (9)" status="PASSED">
         <system-out><![CDATA[03-07-2024T22:07:09 - [TEST_CASE][PASSED] - Test Cases/ab/New Test Case (9): Test Cases/ab/New Test Case (9)

03-07-2024T22:07:09 - [TEST_STEP][PASSED] - openBrowser(""): Browser is opened with url: ''

03-07-2024T22:07:09 - [MESSAGE][INFO] - Starting 'Chrome' driver

03-07-2024T22:07:09 - [MESSAGE][INFO] - Action delay is set to 0 milliseconds

03-07-2024T22:07:13 - [MESSAGE][PASSED] - Browser is opened with url: ''

03-07-2024T22:07:13 - [TEST_STEP][PASSED] - closeBrowser(): Browser is closed

03-07-2024T22:07:14 - [MESSAGE][PASSED] - Browser is closed]]></system-out>
         <system-err><![CDATA[]]></system-err>
      </testcase>
      <testcase name="Test Cases/ab/New Test Case" time="0.389" classname="Test Cases/ab/New Test Case" status="FAILED">
         <failure type="FAILED" message="Test Cases/ab/New Test Case FAILED.&#xa;Reason:&#xa;com.kms.katalon.core.exception.StepFailedException: Unable to navigate to authenticated page&#xa;	at com.kms.katalon.core.webui.keyword.internal.WebUIKeywordMain.stepFailed(WebUIKeywordMain.groovy:64)&#xa;	at com.kms.katalon.core.webui.keyword.internal.WebUIKeywordMain.runKeyword(WebUIKeywordMain.groovy:26)&#xa;	at com.kms.katalon.core.webui.keyword.builtin.AuthenticateKeyword.authenticate(AuthenticateKeyword.groovy:50)&#xa;	at com.kms.katalon.core.webui.keyword.builtin.AuthenticateKeyword.execute(AuthenticateKeyword.groovy:43)&#xa;	at com.kms.katalon.core.keyword.internal.KeywordExecutor.executeKeywordForPlatform(KeywordExecutor.groovy:74)&#xa;	at com.kms.katalon.core.webui.keyword.WebUiBuiltInKeywords.authenticate(WebUiBuiltInKeywords.groovy:2756)&#xa;	at New Test Case.run(New Test Case:20)&#xa;	at com.kms.katalon.core.main.ScriptEngine.run(ScriptEngine.java:194)&#xa;	at com.kms.katalon.core.main.ScriptEngine.runScriptAsRawText(ScriptEngine.java:119)&#xa;	at com.kms.katalon.core.main.TestCaseExecutor.runScript(TestCaseExecutor.java:448)&#xa;	at com.kms.katalon.core.main.TestCaseExecutor.doExecute(TestCaseExecutor.java:439)&#xa;	at com.kms.katalon.core.main.TestCaseExecutor.processExecutionPhase(TestCaseExecutor.java:418)&#xa;	at com.kms.katalon.core.main.TestCaseExecutor.accessMainPhase(TestCaseExecutor.java:410)&#xa;	at com.kms.katalon.core.main.TestCaseExecutor.execute(TestCaseExecutor.java:285)&#xa;	at com.kms.katalon.core.common.CommonExecutor.accessTestCaseMainPhase(CommonExecutor.java:65)&#xa;	at com.kms.katalon.core.main.TestSuiteExecutor.accessTestSuiteMainPhase(TestSuiteExecutor.java:150)&#xa;	at com.kms.katalon.core.main.TestSuiteExecutor.execute(TestSuiteExecutor.java:106)&#xa;	at com.kms.katalon.core.main.TestCaseMain.startTestSuite(TestCaseMain.java:180)&#xa;	at TempTestSuite1720019025915.run(TempTestSuite1720019025915.groovy:35)&#xa;	at java.base/jdk.internal.reflect.NativeMethodAccessorImpl.invoke0(Native Method)&#xa;	at java.base/jdk.internal.reflect.NativeMethodAccessorImpl.invoke(NativeMethodAccessorImpl.java:77)&#xa;	at java.base/jdk.internal.reflect.DelegatingMethodAccessorImpl.invoke(DelegatingMethodAccessorImpl.java:43)&#xa;Caused by: java.net.URISyntaxException: Expected authority at index 8: https://&#xa;	at com.kms.katalon.core.util.internal.PathUtil.getUrl(PathUtil.java:117)&#xa;	at com.kms.katalon.core.webui.keyword.builtin.AuthenticateKeyword$_authenticate_closure1.doCall(AuthenticateKeyword.groovy:72)&#xa;	at com.kms.katalon.core.webui.keyword.builtin.AuthenticateKeyword$_authenticate_closure1.call(AuthenticateKeyword.groovy)&#xa;	at com.kms.katalon.core.webui.keyword.internal.WebUIKeywordMain.runKeyword(WebUIKeywordMain.groovy:20)&#xa;	... 20 more&#xa;"/>
         <system-out><![CDATA[03-07-2024T22:07:14 - [TEST_CASE][FAILED] - Test Cases/ab/New Test Case: Test Cases/ab/New Test Case FAILED.
Reason:
com.kms.katalon.core.exception.StepFailedException: Unable to navigate to authenticated page
	at com.kms.katalon.core.webui.keyword.internal.WebUIKeywordMain.stepFailed(WebUIKeywordMain.groovy:64)
	at com.kms.katalon.core.webui.keyword.internal.WebUIKeywordMain.runKeyword(WebUIKeywordMain.groovy:26)
	at com.kms.katalon.core.webui.keyword.builtin.AuthenticateKeyword.authenticate(AuthenticateKeyword.groovy:50)
	at com.kms.katalon.core.webui.keyword.builtin.AuthenticateKeyword.execute(AuthenticateKeyword.groovy:43)
	at com.kms.katalon.core.keyword.internal.KeywordExecutor.executeKeywordForPlatform(KeywordExecutor.groovy:74)
	at com.kms.katalon.core.webui.keyword.WebUiBuiltInKeywords.authenticate(WebUiBuiltInKeywords.groovy:2756)
	at New Test Case.run(New Test Case:20)
	at com.kms.katalon.core.main.ScriptEngine.run(ScriptEngine.java:194)
	at com.kms.katalon.core.main.ScriptEngine.runScriptAsRawText(ScriptEngine.java:119)
	at com.kms.katalon.core.main.TestCaseExecutor.runScript(TestCaseExecutor.java:448)
	at com.kms.katalon.core.main.TestCaseExecutor.doExecute(TestCaseExecutor.java:439)
	at com.kms.katalon.core.main.TestCaseExecutor.processExecutionPhase(TestCaseExecutor.java:418)
	at com.kms.katalon.core.main.TestCaseExecutor.accessMainPhase(TestCaseExecutor.java:410)
	at com.kms.katalon.core.main.TestCaseExecutor.execute(TestCaseExecutor.java:285)
	at com.kms.katalon.core.common.CommonExecutor.accessTestCaseMainPhase(CommonExecutor.java:65)
	at com.kms.katalon.core.main.TestSuiteExecutor.accessTestSuiteMainPhase(TestSuiteExecutor.java:150)
	at com.kms.katalon.core.main.TestSuiteExecutor.execute(TestSuiteExecutor.java:106)
	at com.kms.katalon.core.main.TestCaseMain.startTestSuite(TestCaseMain.java:180)
	at TempTestSuite1720019025915.run(TempTestSuite1720019025915.groovy:35)
	at java.base/jdk.internal.reflect.NativeMethodAccessorImpl.invoke0(Native Method)
	at java.base/jdk.internal.reflect.NativeMethodAccessorImpl.invoke(NativeMethodAccessorImpl.java:77)
	at java.base/jdk.internal.reflect.DelegatingMethodAccessorImpl.invoke(DelegatingMethodAccessorImpl.java:43)
Caused by: java.net.URISyntaxException: Expected authority at index 8: https://
	at com.kms.katalon.core.util.internal.PathUtil.getUrl(PathUtil.java:117)
	at com.kms.katalon.core.webui.keyword.builtin.AuthenticateKeyword$_authenticate_closure1.doCall(AuthenticateKeyword.groovy:72)
	at com.kms.katalon.core.webui.keyword.builtin.AuthenticateKeyword$_authenticate_closure1.call(AuthenticateKeyword.groovy)
	at com.kms.katalon.core.webui.keyword.internal.WebUIKeywordMain.runKeyword(WebUIKeywordMain.groovy:20)
	... 20 more


03-07-2024T22:07:15 - [TEST_STEP][FAILED] - authenticate("", "", "", 0): Unable to navigate to authenticated page (Root cause: com.kms.katalon.core.exception.StepFailedException: Unable to navigate to authenticated page
	at com.kms.katalon.core.webui.keyword.internal.WebUIKeywordMain.stepFailed(WebUIKeywordMain.groovy:64)
	at com.kms.katalon.core.webui.keyword.internal.WebUIKeywordMain.runKeyword(WebUIKeywordMain.groovy:26)
	at com.kms.katalon.core.webui.keyword.builtin.AuthenticateKeyword.authenticate(AuthenticateKeyword.groovy:50)
	at com.kms.katalon.core.webui.keyword.builtin.AuthenticateKeyword.execute(AuthenticateKeyword.groovy:43)
	at com.kms.katalon.core.keyword.internal.KeywordExecutor.executeKeywordForPlatform(KeywordExecutor.groovy:74)
	at com.kms.katalon.core.webui.keyword.WebUiBuiltInKeywords.authenticate(WebUiBuiltInKeywords.groovy:2756)
	at New Test Case.run(New Test Case:20)
	at com.kms.katalon.core.main.ScriptEngine.run(ScriptEngine.java:194)
	at com.kms.katalon.core.main.ScriptEngine.runScriptAsRawText(ScriptEngine.java:119)
	at com.kms.katalon.core.main.TestCaseExecutor.runScript(TestCaseExecutor.java:448)
	at com.kms.katalon.core.main.TestCaseExecutor.doExecute(TestCaseExecutor.java:439)
	at com.kms.katalon.core.main.TestCaseExecutor.processExecutionPhase(TestCaseExecutor.java:418)
	at com.kms.katalon.core.main.TestCaseExecutor.accessMainPhase(TestCaseExecutor.java:410)
	at com.kms.katalon.core.main.TestCaseExecutor.execute(TestCaseExecutor.java:285)
	at com.kms.katalon.core.common.CommonExecutor.accessTestCaseMainPhase(CommonExecutor.java:65)
	at com.kms.katalon.core.main.TestSuiteExecutor.accessTestSuiteMainPhase(TestSuiteExecutor.java:150)
	at com.kms.katalon.core.main.TestSuiteExecutor.execute(TestSuiteExecutor.java:106)
	at com.kms.katalon.core.main.TestCaseMain.startTestSuite(TestCaseMain.java:180)
	at TempTestSuite1720019025915.run(TempTestSuite1720019025915.groovy:35)
	at java.base/jdk.internal.reflect.NativeMethodAccessorImpl.invoke0(Native Method)
	at java.base/jdk.internal.reflect.NativeMethodAccessorImpl.invoke(NativeMethodAccessorImpl.java:77)
	at java.base/jdk.internal.reflect.DelegatingMethodAccessorImpl.invoke(DelegatingMethodAccessorImpl.java:43)
Caused by: java.net.URISyntaxException: Expected authority at index 8: https://
	at com.kms.katalon.core.util.internal.PathUtil.getUrl(PathUtil.java:117)
	at com.kms.katalon.core.webui.keyword.builtin.AuthenticateKeyword$_authenticate_closure1.doCall(AuthenticateKeyword.groovy:72)
	at com.kms.katalon.core.webui.keyword.builtin.AuthenticateKeyword$_authenticate_closure1.call(AuthenticateKeyword.groovy)
	at com.kms.katalon.core.webui.keyword.internal.WebUIKeywordMain.runKeyword(WebUIKeywordMain.groovy:20)
	at com.kms.katalon.core.webui.keyword.builtin.AuthenticateKeyword.authenticate(AuthenticateKeyword.groovy:50)
	at com.kms.katalon.core.webui.keyword.builtin.AuthenticateKeyword.execute(AuthenticateKeyword.groovy:43)
	at com.kms.katalon.core.keyword.internal.KeywordExecutor.executeKeywordForPlatform(KeywordExecutor.groovy:74)
	at com.kms.katalon.core.webui.keyword.WebUiBuiltInKeywords.authenticate(WebUiBuiltInKeywords.groovy:2756)
	at Script1716304985413.run(Script1716304985413.groovy:20)
	... 15 more
)

03-07-2024T22:07:15 - [MESSAGE][FAILED] - Unable to navigate to authenticated page (Root cause: com.kms.katalon.core.exception.StepFailedException: Unable to navigate to authenticated page
	at com.kms.katalon.core.webui.keyword.internal.WebUIKeywordMain.stepFailed(WebUIKeywordMain.groovy:64)
	at com.kms.katalon.core.webui.keyword.internal.WebUIKeywordMain.runKeyword(WebUIKeywordMain.groovy:26)
	at com.kms.katalon.core.webui.keyword.builtin.AuthenticateKeyword.authenticate(AuthenticateKeyword.groovy:50)
	at com.kms.katalon.core.webui.keyword.builtin.AuthenticateKeyword.execute(AuthenticateKeyword.groovy:43)
	at com.kms.katalon.core.keyword.internal.KeywordExecutor.executeKeywordForPlatform(KeywordExecutor.groovy:74)
	at com.kms.katalon.core.webui.keyword.WebUiBuiltInKeywords.authenticate(WebUiBuiltInKeywords.groovy:2756)
	at New Test Case.run(New Test Case:20)
	at com.kms.katalon.core.main.ScriptEngine.run(ScriptEngine.java:194)
	at com.kms.katalon.core.main.ScriptEngine.runScriptAsRawText(ScriptEngine.java:119)
	at com.kms.katalon.core.main.TestCaseExecutor.runScript(TestCaseExecutor.java:448)
	at com.kms.katalon.core.main.TestCaseExecutor.doExecute(TestCaseExecutor.java:439)
	at com.kms.katalon.core.main.TestCaseExecutor.processExecutionPhase(TestCaseExecutor.java:418)
	at com.kms.katalon.core.main.TestCaseExecutor.accessMainPhase(TestCaseExecutor.java:410)
	at com.kms.katalon.core.main.TestCaseExecutor.execute(TestCaseExecutor.java:285)
	at com.kms.katalon.core.common.CommonExecutor.accessTestCaseMainPhase(CommonExecutor.java:65)
	at com.kms.katalon.core.main.TestSuiteExecutor.accessTestSuiteMainPhase(TestSuiteExecutor.java:150)
	at com.kms.katalon.core.main.TestSuiteExecutor.execute(TestSuiteExecutor.java:106)
	at com.kms.katalon.core.main.TestCaseMain.startTestSuite(TestCaseMain.java:180)
	at TempTestSuite1720019025915.run(TempTestSuite1720019025915.groovy:35)
	at java.base/jdk.internal.reflect.NativeMethodAccessorImpl.invoke0(Native Method)
	at java.base/jdk.internal.reflect.NativeMethodAccessorImpl.invoke(NativeMethodAccessorImpl.java:77)
	at java.base/jdk.internal.reflect.DelegatingMethodAccessorImpl.invoke(DelegatingMethodAccessorImpl.java:43)
Caused by: java.net.URISyntaxException: Expected authority at index 8: https://
	at com.kms.katalon.core.util.internal.PathUtil.getUrl(PathUtil.java:117)
	at com.kms.katalon.core.webui.keyword.builtin.AuthenticateKeyword$_authenticate_closure1.doCall(AuthenticateKeyword.groovy:72)
	at com.kms.katalon.core.webui.keyword.builtin.AuthenticateKeyword$_authenticate_closure1.call(AuthenticateKeyword.groovy)
	at com.kms.katalon.core.webui.keyword.internal.WebUIKeywordMain.runKeyword(WebUIKeywordMain.groovy:20)
	at com.kms.katalon.core.webui.keyword.builtin.AuthenticateKeyword.authenticate(AuthenticateKeyword.groovy:50)
	at com.kms.katalon.core.webui.keyword.builtin.AuthenticateKeyword.execute(AuthenticateKeyword.groovy:43)
	at com.kms.katalon.core.keyword.internal.KeywordExecutor.executeKeywordForPlatform(KeywordExecutor.groovy:74)
	at com.kms.katalon.core.webui.keyword.WebUiBuiltInKeywords.authenticate(WebUiBuiltInKeywords.groovy:2756)
	at Script1716304985413.run(Script1716304985413.groovy:20)
	... 15 more
)]]></system-out>
         <system-err><![CDATA[03-07-2024T22:07:14 - [TEST_CASE][FAILED] - Test Cases/ab/New Test Case: Test Cases/ab/New Test Case FAILED.
Reason:
com.kms.katalon.core.exception.StepFailedException: Unable to navigate to authenticated page
	at com.kms.katalon.core.webui.keyword.internal.WebUIKeywordMain.stepFailed(WebUIKeywordMain.groovy:64)
	at com.kms.katalon.core.webui.keyword.internal.WebUIKeywordMain.runKeyword(WebUIKeywordMain.groovy:26)
	at com.kms.katalon.core.webui.keyword.builtin.AuthenticateKeyword.authenticate(AuthenticateKeyword.groovy:50)
	at com.kms.katalon.core.webui.keyword.builtin.AuthenticateKeyword.execute(AuthenticateKeyword.groovy:43)
	at com.kms.katalon.core.keyword.internal.KeywordExecutor.executeKeywordForPlatform(KeywordExecutor.groovy:74)
	at com.kms.katalon.core.webui.keyword.WebUiBuiltInKeywords.authenticate(WebUiBuiltInKeywords.groovy:2756)
	at New Test Case.run(New Test Case:20)
	at com.kms.katalon.core.main.ScriptEngine.run(ScriptEngine.java:194)
	at com.kms.katalon.core.main.ScriptEngine.runScriptAsRawText(ScriptEngine.java:119)
	at com.kms.katalon.core.main.TestCaseExecutor.runScript(TestCaseExecutor.java:448)
	at com.kms.katalon.core.main.TestCaseExecutor.doExecute(TestCaseExecutor.java:439)
	at com.kms.katalon.core.main.TestCaseExecutor.processExecutionPhase(TestCaseExecutor.java:418)
	at com.kms.katalon.core.main.TestCaseExecutor.accessMainPhase(TestCaseExecutor.java:410)
	at com.kms.katalon.core.main.TestCaseExecutor.execute(TestCaseExecutor.java:285)
	at com.kms.katalon.core.common.CommonExecutor.accessTestCaseMainPhase(CommonExecutor.java:65)
	at com.kms.katalon.core.main.TestSuiteExecutor.accessTestSuiteMainPhase(TestSuiteExecutor.java:150)
	at com.kms.katalon.core.main.TestSuiteExecutor.execute(TestSuiteExecutor.java:106)
	at com.kms.katalon.core.main.TestCaseMain.startTestSuite(TestCaseMain.java:180)
	at TempTestSuite1720019025915.run(TempTestSuite1720019025915.groovy:35)
	at java.base/jdk.internal.reflect.NativeMethodAccessorImpl.invoke0(Native Method)
	at java.base/jdk.internal.reflect.NativeMethodAccessorImpl.invoke(NativeMethodAccessorImpl.java:77)
	at java.base/jdk.internal.reflect.DelegatingMethodAccessorImpl.invoke(DelegatingMethodAccessorImpl.java:43)
Caused by: java.net.URISyntaxException: Expected authority at index 8: https://
	at com.kms.katalon.core.util.internal.PathUtil.getUrl(PathUtil.java:117)
	at com.kms.katalon.core.webui.keyword.builtin.AuthenticateKeyword$_authenticate_closure1.doCall(AuthenticateKeyword.groovy:72)
	at com.kms.katalon.core.webui.keyword.builtin.AuthenticateKeyword$_authenticate_closure1.call(AuthenticateKeyword.groovy)
	at com.kms.katalon.core.webui.keyword.internal.WebUIKeywordMain.runKeyword(WebUIKeywordMain.groovy:20)
	... 20 more]]></system-err>
      </testcase>
      <testcase name="Test Cases/abc/New Test Case (1)" time="15.811" classname="Test Cases/abc/New Test Case (1)" status="PASSED">
         <system-out><![CDATA[03-07-2024T22:07:15 - [TEST_CASE][PASSED] - Test Cases/abc/New Test Case (1): Test Cases/abc/New Test Case (1)

03-07-2024T22:07:15 - [TEST_STEP][PASSED] - openBrowser(""): Browser is opened with url: ''

03-07-2024T22:07:15 - [MESSAGE][INFO] - Starting 'Chrome' driver

03-07-2024T22:07:15 - [MESSAGE][INFO] - Action delay is set to 0 milliseconds

03-07-2024T22:07:18 - [MESSAGE][PASSED] - Browser is opened with url: ''

03-07-2024T22:07:18 - [TEST_STEP][PASSED] - navigateToUrl("https://academy.katalon.com/"): Navigate to 'https://academy.katalon.com/' successfully

03-07-2024T22:07:29 - [MESSAGE][PASSED] - Navigate to 'https://academy.katalon.com/' successfully

03-07-2024T22:07:29 - [TEST_STEP][PASSED] - closeBrowser(): Browser is closed

03-07-2024T22:07:30 - [MESSAGE][PASSED] - Browser is closed]]></system-out>
         <system-err><![CDATA[]]></system-err>
      </testcase>
      <testcase name="Test Cases/abc/New Test Case (10)" time="13.444" classname="Test Cases/abc/New Test Case (10)" status="PASSED">
         <system-out><![CDATA[03-07-2024T22:07:30 - [TEST_CASE][PASSED] - Test Cases/abc/New Test Case (10): Test Cases/abc/New Test Case (10)

03-07-2024T22:07:31 - [TEST_STEP][PASSED] - openBrowser(""): Browser is opened with url: ''

03-07-2024T22:07:31 - [MESSAGE][INFO] - Starting 'Chrome' driver

03-07-2024T22:07:31 - [MESSAGE][INFO] - Action delay is set to 0 milliseconds

03-07-2024T22:07:33 - [MESSAGE][PASSED] - Browser is opened with url: ''

03-07-2024T22:07:33 - [TEST_STEP][PASSED] - navigateToUrl("https://academy.katalon.com/"): Navigate to 'https://academy.katalon.com/' successfully

03-07-2024T22:07:43 - [MESSAGE][PASSED] - Navigate to 'https://academy.katalon.com/' successfully

03-07-2024T22:07:43 - [TEST_STEP][PASSED] - closeBrowser(): Browser is closed

03-07-2024T22:07:44 - [MESSAGE][PASSED] - Browser is closed]]></system-out>
         <system-err><![CDATA[]]></system-err>
      </testcase>
      <testcase name="Test Cases/abc/New Test Case (11)" time="13.072" classname="Test Cases/abc/New Test Case (11)" status="PASSED">
         <system-out><![CDATA[03-07-2024T22:07:44 - [TEST_CASE][PASSED] - Test Cases/abc/New Test Case (11): Test Cases/abc/New Test Case (11)

03-07-2024T22:07:44 - [TEST_STEP][PASSED] - openBrowser(""): Browser is opened with url: ''

03-07-2024T22:07:44 - [MESSAGE][INFO] - Starting 'Chrome' driver

03-07-2024T22:07:44 - [MESSAGE][INFO] - Action delay is set to 0 milliseconds

03-07-2024T22:07:46 - [MESSAGE][PASSED] - Browser is opened with url: ''

03-07-2024T22:07:46 - [TEST_STEP][PASSED] - navigateToUrl("https://academy.katalon.com/"): Navigate to 'https://academy.katalon.com/' successfully

03-07-2024T22:07:56 - [MESSAGE][PASSED] - Navigate to 'https://academy.katalon.com/' successfully

03-07-2024T22:07:56 - [TEST_STEP][PASSED] - closeBrowser(): Browser is closed

03-07-2024T22:07:57 - [MESSAGE][PASSED] - Browser is closed]]></system-out>
         <system-err><![CDATA[]]></system-err>
      </testcase>
      <testcase name="Test Cases/abc/New Test Case (12)" time="13.28" classname="Test Cases/abc/New Test Case (12)" status="PASSED">
         <system-out><![CDATA[03-07-2024T22:07:57 - [TEST_CASE][PASSED] - Test Cases/abc/New Test Case (12): Test Cases/abc/New Test Case (12)

03-07-2024T22:07:57 - [TEST_STEP][PASSED] - openBrowser(""): Browser is opened with url: ''

03-07-2024T22:07:57 - [MESSAGE][INFO] - Starting 'Chrome' driver

03-07-2024T22:07:57 - [MESSAGE][INFO] - Action delay is set to 0 milliseconds

03-07-2024T22:07:59 - [MESSAGE][PASSED] - Browser is opened with url: ''

03-07-2024T22:07:59 - [TEST_STEP][PASSED] - navigateToUrl("https://academy.katalon.com/"): Navigate to 'https://academy.katalon.com/' successfully

03-07-2024T22:08:10 - [MESSAGE][PASSED] - Navigate to 'https://academy.katalon.com/' successfully

03-07-2024T22:08:10 - [TEST_STEP][PASSED] - closeBrowser(): Browser is closed

03-07-2024T22:08:10 - [MESSAGE][PASSED] - Browser is closed]]></system-out>
         <system-err><![CDATA[]]></system-err>
      </testcase>
      <testcase name="Test Cases/abc/New Test Case (13)" time="14.686" classname="Test Cases/abc/New Test Case (13)" status="PASSED">
         <system-out><![CDATA[03-07-2024T22:08:10 - [TEST_CASE][PASSED] - Test Cases/abc/New Test Case (13): Test Cases/abc/New Test Case (13)

03-07-2024T22:08:10 - [TEST_STEP][PASSED] - openBrowser(""): Browser is opened with url: ''

03-07-2024T22:08:10 - [MESSAGE][INFO] - Starting 'Chrome' driver

03-07-2024T22:08:10 - [MESSAGE][INFO] - Action delay is set to 0 milliseconds

03-07-2024T22:08:13 - [MESSAGE][PASSED] - Browser is opened with url: ''

03-07-2024T22:08:13 - [TEST_STEP][PASSED] - navigateToUrl("https://academy.katalon.com/"): Navigate to 'https://academy.katalon.com/' successfully

03-07-2024T22:08:23 - [MESSAGE][PASSED] - Navigate to 'https://academy.katalon.com/' successfully

03-07-2024T22:08:23 - [TEST_STEP][PASSED] - closeBrowser(): Browser is closed

03-07-2024T22:08:25 - [MESSAGE][PASSED] - Browser is closed]]></system-out>
         <system-err><![CDATA[]]></system-err>
      </testcase>
      <testcase name="Test Cases/abc/New Test Case (14)" time="12.476" classname="Test Cases/abc/New Test Case (14)" status="PASSED">
         <system-out><![CDATA[03-07-2024T22:08:25 - [TEST_CASE][PASSED] - Test Cases/abc/New Test Case (14): Test Cases/abc/New Test Case (14)

03-07-2024T22:08:25 - [TEST_STEP][PASSED] - openBrowser(""): Browser is opened with url: ''

03-07-2024T22:08:25 - [MESSAGE][INFO] - Starting 'Chrome' driver

03-07-2024T22:08:25 - [MESSAGE][INFO] - Action delay is set to 0 milliseconds

03-07-2024T22:08:28 - [MESSAGE][PASSED] - Browser is opened with url: ''

03-07-2024T22:08:28 - [TEST_STEP][PASSED] - navigateToUrl("https://academy.katalon.com/"): Navigate to 'https://academy.katalon.com/' successfully

03-07-2024T22:08:36 - [MESSAGE][PASSED] - Navigate to 'https://academy.katalon.com/' successfully

03-07-2024T22:08:36 - [TEST_STEP][PASSED] - closeBrowser(): Browser is closed

03-07-2024T22:08:37 - [MESSAGE][PASSED] - Browser is closed]]></system-out>
         <system-err><![CDATA[]]></system-err>
      </testcase>
      <testcase name="Test Cases/abc/New Test Case (15)" time="7.879" classname="Test Cases/abc/New Test Case (15)" status="PASSED">
         <system-out><![CDATA[03-07-2024T22:08:37 - [TEST_CASE][PASSED] - Test Cases/abc/New Test Case (15): Test Cases/abc/New Test Case (15)

03-07-2024T22:08:38 - [TEST_STEP][PASSED] - openBrowser(""): Browser is opened with url: ''

03-07-2024T22:08:38 - [MESSAGE][INFO] - Starting 'Chrome' driver

03-07-2024T22:08:38 - [MESSAGE][INFO] - Action delay is set to 0 milliseconds

03-07-2024T22:08:41 - [MESSAGE][PASSED] - Browser is opened with url: ''

03-07-2024T22:08:41 - [TEST_STEP][PASSED] - navigateToUrl("https://academy.katalon.com/"): Navigate to 'https://academy.katalon.com/' successfully

03-07-2024T22:08:44 - [MESSAGE][PASSED] - Navigate to 'https://academy.katalon.com/' successfully

03-07-2024T22:08:44 - [TEST_STEP][PASSED] - closeBrowser(): Browser is closed

03-07-2024T22:08:45 - [MESSAGE][PASSED] - Browser is closed]]></system-out>
         <system-err><![CDATA[]]></system-err>
      </testcase>
      <testcase name="Test Cases/abc/New Test Case (16)" time="12.096" classname="Test Cases/abc/New Test Case (16)" status="PASSED">
         <system-out><![CDATA[03-07-2024T22:08:45 - [TEST_CASE][PASSED] - Test Cases/abc/New Test Case (16): Test Cases/abc/New Test Case (16)

03-07-2024T22:08:45 - [TEST_STEP][PASSED] - openBrowser(""): Browser is opened with url: ''

03-07-2024T22:08:45 - [MESSAGE][INFO] - Starting 'Chrome' driver

03-07-2024T22:08:45 - [MESSAGE][INFO] - Action delay is set to 0 milliseconds

03-07-2024T22:08:47 - [MESSAGE][PASSED] - Browser is opened with url: ''

03-07-2024T22:08:47 - [TEST_STEP][PASSED] - navigateToUrl("https://academy.katalon.com/"): Navigate to 'https://academy.katalon.com/' successfully

03-07-2024T22:08:56 - [MESSAGE][PASSED] - Navigate to 'https://academy.katalon.com/' successfully

03-07-2024T22:08:56 - [TEST_STEP][PASSED] - closeBrowser(): Browser is closed

03-07-2024T22:08:57 - [MESSAGE][PASSED] - Browser is closed]]></system-out>
         <system-err><![CDATA[]]></system-err>
      </testcase>
      <testcase name="Test Cases/abc/New Test Case (17)" time="16.681" classname="Test Cases/abc/New Test Case (17)" status="PASSED">
         <system-out><![CDATA[03-07-2024T22:08:58 - [TEST_CASE][PASSED] - Test Cases/abc/New Test Case (17): Test Cases/abc/New Test Case (17)

03-07-2024T22:08:58 - [TEST_STEP][PASSED] - openBrowser(""): Browser is opened with url: ''

03-07-2024T22:08:58 - [MESSAGE][INFO] - Starting 'Chrome' driver

03-07-2024T22:08:58 - [MESSAGE][INFO] - Action delay is set to 0 milliseconds

03-07-2024T22:09:01 - [MESSAGE][PASSED] - Browser is opened with url: ''

03-07-2024T22:09:01 - [TEST_STEP][PASSED] - navigateToUrl("https://academy.katalon.com/"): Navigate to 'https://academy.katalon.com/' successfully

03-07-2024T22:09:11 - [MESSAGE][PASSED] - Navigate to 'https://academy.katalon.com/' successfully

03-07-2024T22:09:11 - [TEST_STEP][PASSED] - closeBrowser(): Browser is closed

03-07-2024T22:09:14 - [MESSAGE][PASSED] - Browser is closed]]></system-out>
         <system-err><![CDATA[]]></system-err>
      </testcase>
      <testcase name="Test Cases/abc/New Test Case (18)" time="13.873" classname="Test Cases/abc/New Test Case (18)" status="PASSED">
         <system-out><![CDATA[03-07-2024T22:09:14 - [TEST_CASE][PASSED] - Test Cases/abc/New Test Case (18): Test Cases/abc/New Test Case (18)

03-07-2024T22:09:14 - [TEST_STEP][PASSED] - openBrowser(""): Browser is opened with url: ''

03-07-2024T22:09:14 - [MESSAGE][INFO] - Starting 'Chrome' driver

03-07-2024T22:09:14 - [MESSAGE][INFO] - Action delay is set to 0 milliseconds

03-07-2024T22:09:17 - [MESSAGE][PASSED] - Browser is opened with url: ''

03-07-2024T22:09:17 - [TEST_STEP][PASSED] - navigateToUrl("https://academy.katalon.com/"): Navigate to 'https://academy.katalon.com/' successfully

03-07-2024T22:09:27 - [MESSAGE][PASSED] - Navigate to 'https://academy.katalon.com/' successfully

03-07-2024T22:09:27 - [TEST_STEP][PASSED] - closeBrowser(): Browser is closed

03-07-2024T22:09:28 - [MESSAGE][PASSED] - Browser is closed]]></system-out>
         <system-err><![CDATA[]]></system-err>
      </testcase>
      <testcase name="Test Cases/abc/New Test Case (19)" time="14.861" classname="Test Cases/abc/New Test Case (19)" status="PASSED">
         <system-out><![CDATA[03-07-2024T22:09:28 - [TEST_CASE][PASSED] - Test Cases/abc/New Test Case (19): Test Cases/abc/New Test Case (19)

03-07-2024T22:09:28 - [TEST_STEP][PASSED] - openBrowser(""): Browser is opened with url: ''

03-07-2024T22:09:28 - [MESSAGE][INFO] - Starting 'Chrome' driver

03-07-2024T22:09:28 - [MESSAGE][INFO] - Action delay is set to 0 milliseconds

03-07-2024T22:09:31 - [MESSAGE][PASSED] - Browser is opened with url: ''

03-07-2024T22:09:31 - [TEST_STEP][PASSED] - navigateToUrl("https://academy.katalon.com/"): Navigate to 'https://academy.katalon.com/' successfully

03-07-2024T22:09:42 - [MESSAGE][PASSED] - Navigate to 'https://academy.katalon.com/' successfully

03-07-2024T22:09:42 - [TEST_STEP][PASSED] - closeBrowser(): Browser is closed

03-07-2024T22:09:43 - [MESSAGE][PASSED] - Browser is closed]]></system-out>
         <system-err><![CDATA[]]></system-err>
      </testcase>
      <testcase name="Test Cases/abc/New Test Case (2)" time="7.518" classname="Test Cases/abc/New Test Case (2)" status="PASSED">
         <system-out><![CDATA[03-07-2024T22:09:43 - [TEST_CASE][PASSED] - Test Cases/abc/New Test Case (2): Test Cases/abc/New Test Case (2)

03-07-2024T22:09:43 - [TEST_STEP][PASSED] - openBrowser(""): Browser is opened with url: ''

03-07-2024T22:09:43 - [MESSAGE][INFO] - Starting 'Chrome' driver

03-07-2024T22:09:43 - [MESSAGE][INFO] - Action delay is set to 0 milliseconds

03-07-2024T22:09:45 - [MESSAGE][PASSED] - Browser is opened with url: ''

03-07-2024T22:09:45 - [TEST_STEP][PASSED] - navigateToUrl("https://academy.katalon.com/"): Navigate to 'https://academy.katalon.com/' successfully

03-07-2024T22:09:49 - [MESSAGE][PASSED] - Navigate to 'https://academy.katalon.com/' successfully

03-07-2024T22:09:49 - [TEST_STEP][PASSED] - closeBrowser(): Browser is closed

03-07-2024T22:09:51 - [MESSAGE][PASSED] - Browser is closed]]></system-out>
         <system-err><![CDATA[]]></system-err>
      </testcase>
      <testcase name="Test Cases/abc/New Test Case (20)" time="15.297" classname="Test Cases/abc/New Test Case (20)" status="PASSED">
         <system-out><![CDATA[03-07-2024T22:09:51 - [TEST_CASE][PASSED] - Test Cases/abc/New Test Case (20): Test Cases/abc/New Test Case (20)

03-07-2024T22:09:51 - [TEST_STEP][PASSED] - openBrowser(""): Browser is opened with url: ''

03-07-2024T22:09:51 - [MESSAGE][INFO] - Starting 'Chrome' driver

03-07-2024T22:09:51 - [MESSAGE][INFO] - Action delay is set to 0 milliseconds

03-07-2024T22:09:53 - [MESSAGE][PASSED] - Browser is opened with url: ''

03-07-2024T22:09:53 - [TEST_STEP][PASSED] - navigateToUrl("https://academy.katalon.com/"): Navigate to 'https://academy.katalon.com/' successfully

03-07-2024T22:10:05 - [MESSAGE][PASSED] - Navigate to 'https://academy.katalon.com/' successfully

03-07-2024T22:10:05 - [TEST_STEP][PASSED] - closeBrowser(): Browser is closed

03-07-2024T22:10:06 - [MESSAGE][PASSED] - Browser is closed]]></system-out>
         <system-err><![CDATA[]]></system-err>
      </testcase>
      <testcase name="Test Cases/abc/New Test Case (21)" time="13.654" classname="Test Cases/abc/New Test Case (21)" status="PASSED">
         <system-out><![CDATA[03-07-2024T22:10:06 - [TEST_CASE][PASSED] - Test Cases/abc/New Test Case (21): Test Cases/abc/New Test Case (21)

03-07-2024T22:10:06 - [TEST_STEP][PASSED] - openBrowser(""): Browser is opened with url: ''

03-07-2024T22:10:06 - [MESSAGE][INFO] - Starting 'Chrome' driver

03-07-2024T22:10:06 - [MESSAGE][INFO] - Action delay is set to 0 milliseconds

03-07-2024T22:10:08 - [MESSAGE][PASSED] - Browser is opened with url: ''

03-07-2024T22:10:08 - [TEST_STEP][PASSED] - navigateToUrl("https://academy.katalon.com/"): Navigate to 'https://academy.katalon.com/' successfully

03-07-2024T22:10:19 - [MESSAGE][PASSED] - Navigate to 'https://academy.katalon.com/' successfully

03-07-2024T22:10:19 - [TEST_STEP][PASSED] - closeBrowser(): Browser is closed

03-07-2024T22:10:19 - [MESSAGE][PASSED] - Browser is closed]]></system-out>
         <system-err><![CDATA[]]></system-err>
      </testcase>
      <testcase name="Test Cases/abc/New Test Case (22)" time="18.143" classname="Test Cases/abc/New Test Case (22)" status="PASSED">
         <system-out><![CDATA[03-07-2024T22:10:19 - [TEST_CASE][PASSED] - Test Cases/abc/New Test Case (22): Test Cases/abc/New Test Case (22)

03-07-2024T22:10:20 - [TEST_STEP][PASSED] - openBrowser(""): Browser is opened with url: ''

03-07-2024T22:10:20 - [MESSAGE][INFO] - Starting 'Chrome' driver

03-07-2024T22:10:20 - [MESSAGE][INFO] - Action delay is set to 0 milliseconds

03-07-2024T22:10:23 - [MESSAGE][PASSED] - Browser is opened with url: ''

03-07-2024T22:10:23 - [TEST_STEP][PASSED] - navigateToUrl("https://academy.katalon.com/"): Navigate to 'https://academy.katalon.com/' successfully

03-07-2024T22:10:34 - [MESSAGE][PASSED] - Navigate to 'https://academy.katalon.com/' successfully

03-07-2024T22:10:34 - [TEST_STEP][PASSED] - closeBrowser(): Browser is closed

03-07-2024T22:10:38 - [MESSAGE][PASSED] - Browser is closed]]></system-out>
         <system-err><![CDATA[]]></system-err>
      </testcase>
      <testcase name="Test Cases/abc/New Test Case (23)" time="16.647" classname="Test Cases/abc/New Test Case (23)" status="PASSED">
         <system-out><![CDATA[03-07-2024T22:10:38 - [TEST_CASE][PASSED] - Test Cases/abc/New Test Case (23): Test Cases/abc/New Test Case (23)

03-07-2024T22:10:38 - [TEST_STEP][PASSED] - openBrowser(""): Browser is opened with url: ''

03-07-2024T22:10:38 - [MESSAGE][INFO] - Starting 'Chrome' driver

03-07-2024T22:10:38 - [MESSAGE][INFO] - Action delay is set to 0 milliseconds

03-07-2024T22:10:40 - [MESSAGE][PASSED] - Browser is opened with url: ''

03-07-2024T22:10:40 - [TEST_STEP][PASSED] - navigateToUrl("https://academy.katalon.com/"): Navigate to 'https://academy.katalon.com/' successfully

03-07-2024T22:10:52 - [MESSAGE][PASSED] - Navigate to 'https://academy.katalon.com/' successfully

03-07-2024T22:10:52 - [TEST_STEP][PASSED] - closeBrowser(): Browser is closed

03-07-2024T22:10:54 - [MESSAGE][PASSED] - Browser is closed]]></system-out>
         <system-err><![CDATA[]]></system-err>
      </testcase>
      <testcase name="Test Cases/abc/New Test Case (24)" time="15.726" classname="Test Cases/abc/New Test Case (24)" status="PASSED">
         <system-out><![CDATA[03-07-2024T22:10:54 - [TEST_CASE][PASSED] - Test Cases/abc/New Test Case (24): Test Cases/abc/New Test Case (24)

03-07-2024T22:10:54 - [TEST_STEP][PASSED] - openBrowser(""): Browser is opened with url: ''

03-07-2024T22:10:54 - [MESSAGE][INFO] - Starting 'Chrome' driver

03-07-2024T22:10:54 - [MESSAGE][INFO] - Action delay is set to 0 milliseconds

03-07-2024T22:10:56 - [MESSAGE][PASSED] - Browser is opened with url: ''

03-07-2024T22:10:56 - [TEST_STEP][PASSED] - navigateToUrl("https://academy.katalon.com/"): Navigate to 'https://academy.katalon.com/' successfully

03-07-2024T22:11:07 - [MESSAGE][PASSED] - Navigate to 'https://academy.katalon.com/' successfully

03-07-2024T22:11:07 - [TEST_STEP][PASSED] - closeBrowser(): Browser is closed

03-07-2024T22:11:10 - [MESSAGE][PASSED] - Browser is closed]]></system-out>
         <system-err><![CDATA[]]></system-err>
      </testcase>
      <testcase name="Test Cases/abc/New Test Case (25)" time="13.563" classname="Test Cases/abc/New Test Case (25)" status="PASSED">
         <system-out><![CDATA[03-07-2024T22:11:10 - [TEST_CASE][PASSED] - Test Cases/abc/New Test Case (25): Test Cases/abc/New Test Case (25)

03-07-2024T22:11:10 - [TEST_STEP][PASSED] - openBrowser(""): Browser is opened with url: ''

03-07-2024T22:11:10 - [MESSAGE][INFO] - Starting 'Chrome' driver

03-07-2024T22:11:10 - [MESSAGE][INFO] - Action delay is set to 0 milliseconds

03-07-2024T22:11:13 - [MESSAGE][PASSED] - Browser is opened with url: ''

03-07-2024T22:11:13 - [TEST_STEP][PASSED] - navigateToUrl("https://academy.katalon.com/"): Navigate to 'https://academy.katalon.com/' successfully

03-07-2024T22:11:23 - [MESSAGE][PASSED] - Navigate to 'https://academy.katalon.com/' successfully

03-07-2024T22:11:23 - [TEST_STEP][PASSED] - closeBrowser(): Browser is closed

03-07-2024T22:11:24 - [MESSAGE][PASSED] - Browser is closed]]></system-out>
         <system-err><![CDATA[]]></system-err>
      </testcase>
      <testcase name="Test Cases/abc/New Test Case (26)" time="12.924" classname="Test Cases/abc/New Test Case (26)" status="PASSED">
         <system-out><![CDATA[03-07-2024T22:11:24 - [TEST_CASE][PASSED] - Test Cases/abc/New Test Case (26): Test Cases/abc/New Test Case (26)

03-07-2024T22:11:24 - [TEST_STEP][PASSED] - openBrowser(""): Browser is opened with url: ''

03-07-2024T22:11:24 - [MESSAGE][INFO] - Starting 'Chrome' driver

03-07-2024T22:11:24 - [MESSAGE][INFO] - Action delay is set to 0 milliseconds

03-07-2024T22:11:26 - [MESSAGE][PASSED] - Browser is opened with url: ''

03-07-2024T22:11:26 - [TEST_STEP][PASSED] - navigateToUrl("https://academy.katalon.com/"): Navigate to 'https://academy.katalon.com/' successfully

03-07-2024T22:11:35 - [MESSAGE][PASSED] - Navigate to 'https://academy.katalon.com/' successfully

03-07-2024T22:11:35 - [TEST_STEP][PASSED] - closeBrowser(): Browser is closed

03-07-2024T22:11:37 - [MESSAGE][PASSED] - Browser is closed]]></system-out>
         <system-err><![CDATA[]]></system-err>
      </testcase>
      <testcase name="Test Cases/abc/New Test Case (27)" time="16.269" classname="Test Cases/abc/New Test Case (27)" status="PASSED">
         <system-out><![CDATA[03-07-2024T22:11:37 - [TEST_CASE][PASSED] - Test Cases/abc/New Test Case (27): Test Cases/abc/New Test Case (27)

03-07-2024T22:11:37 - [TEST_STEP][PASSED] - openBrowser(""): Browser is opened with url: ''

03-07-2024T22:11:37 - [MESSAGE][INFO] - Starting 'Chrome' driver

03-07-2024T22:11:37 - [MESSAGE][INFO] - Action delay is set to 0 milliseconds

03-07-2024T22:11:39 - [MESSAGE][PASSED] - Browser is opened with url: ''

03-07-2024T22:11:39 - [TEST_STEP][PASSED] - navigateToUrl("https://academy.katalon.com/"): Navigate to 'https://academy.katalon.com/' successfully

03-07-2024T22:11:48 - [MESSAGE][PASSED] - Navigate to 'https://academy.katalon.com/' successfully

03-07-2024T22:11:48 - [TEST_STEP][PASSED] - closeBrowser(): Browser is closed

03-07-2024T22:11:53 - [MESSAGE][PASSED] - Browser is closed]]></system-out>
         <system-err><![CDATA[]]></system-err>
      </testcase>
      <testcase name="Test Cases/abc/New Test Case (28)" time="15.217" classname="Test Cases/abc/New Test Case (28)" status="PASSED">
         <system-out><![CDATA[03-07-2024T22:11:53 - [TEST_CASE][PASSED] - Test Cases/abc/New Test Case (28): Test Cases/abc/New Test Case (28)

03-07-2024T22:11:53 - [TEST_STEP][PASSED] - openBrowser(""): Browser is opened with url: ''

03-07-2024T22:11:53 - [MESSAGE][INFO] - Starting 'Chrome' driver

03-07-2024T22:11:53 - [MESSAGE][INFO] - Action delay is set to 0 milliseconds

03-07-2024T22:11:54 - [MESSAGE][PASSED] - Browser is opened with url: ''

03-07-2024T22:11:54 - [TEST_STEP][PASSED] - navigateToUrl("https://academy.katalon.com/"): Navigate to 'https://academy.katalon.com/' successfully

03-07-2024T22:12:07 - [MESSAGE][PASSED] - Navigate to 'https://academy.katalon.com/' successfully

03-07-2024T22:12:07 - [TEST_STEP][PASSED] - closeBrowser(): Browser is closed

03-07-2024T22:12:08 - [MESSAGE][PASSED] - Browser is closed]]></system-out>
         <system-err><![CDATA[]]></system-err>
      </testcase>
      <testcase name="Test Cases/abc/New Test Case (29)" time="13.496" classname="Test Cases/abc/New Test Case (29)" status="PASSED">
         <system-out><![CDATA[03-07-2024T22:12:08 - [TEST_CASE][PASSED] - Test Cases/abc/New Test Case (29): Test Cases/abc/New Test Case (29)

03-07-2024T22:12:08 - [TEST_STEP][PASSED] - openBrowser(""): Browser is opened with url: ''

03-07-2024T22:12:08 - [MESSAGE][INFO] - Starting 'Chrome' driver

03-07-2024T22:12:08 - [MESSAGE][INFO] - Action delay is set to 0 milliseconds

03-07-2024T22:12:10 - [MESSAGE][PASSED] - Browser is opened with url: ''

03-07-2024T22:12:10 - [TEST_STEP][PASSED] - navigateToUrl("https://academy.katalon.com/"): Navigate to 'https://academy.katalon.com/' successfully

03-07-2024T22:12:20 - [MESSAGE][PASSED] - Navigate to 'https://academy.katalon.com/' successfully

03-07-2024T22:12:20 - [TEST_STEP][PASSED] - closeBrowser(): Browser is closed

03-07-2024T22:12:22 - [MESSAGE][PASSED] - Browser is closed]]></system-out>
         <system-err><![CDATA[]]></system-err>
      </testcase>
      <testcase name="Test Cases/abc/New Test Case (3)" time="16.003" classname="Test Cases/abc/New Test Case (3)" status="PASSED">
         <system-out><![CDATA[03-07-2024T22:12:22 - [TEST_CASE][PASSED] - Test Cases/abc/New Test Case (3): Test Cases/abc/New Test Case (3)

03-07-2024T22:12:22 - [TEST_STEP][PASSED] - openBrowser(""): Browser is opened with url: ''

03-07-2024T22:12:22 - [MESSAGE][INFO] - Starting 'Chrome' driver

03-07-2024T22:12:22 - [MESSAGE][INFO] - Action delay is set to 0 milliseconds

03-07-2024T22:12:25 - [MESSAGE][PASSED] - Browser is opened with url: ''

03-07-2024T22:12:25 - [TEST_STEP][PASSED] - navigateToUrl("https://academy.katalon.com/"): Navigate to 'https://academy.katalon.com/' successfully

03-07-2024T22:12:35 - [MESSAGE][PASSED] - Navigate to 'https://academy.katalon.com/' successfully

03-07-2024T22:12:35 - [TEST_STEP][PASSED] - closeBrowser(): Browser is closed

03-07-2024T22:12:38 - [MESSAGE][PASSED] - Browser is closed]]></system-out>
         <system-err><![CDATA[]]></system-err>
      </testcase>
      <testcase name="Test Cases/abc/New Test Case (30)" time="15.625" classname="Test Cases/abc/New Test Case (30)" status="PASSED">
         <system-out><![CDATA[03-07-2024T22:12:38 - [TEST_CASE][PASSED] - Test Cases/abc/New Test Case (30): Test Cases/abc/New Test Case (30)

03-07-2024T22:12:38 - [TEST_STEP][PASSED] - openBrowser(""): Browser is opened with url: ''

03-07-2024T22:12:38 - [MESSAGE][INFO] - Starting 'Chrome' driver

03-07-2024T22:12:38 - [MESSAGE][INFO] - Action delay is set to 0 milliseconds

03-07-2024T22:12:40 - [MESSAGE][PASSED] - Browser is opened with url: ''

03-07-2024T22:12:40 - [TEST_STEP][PASSED] - navigateToUrl("https://academy.katalon.com/"): Navigate to 'https://academy.katalon.com/' successfully

03-07-2024T22:12:51 - [MESSAGE][PASSED] - Navigate to 'https://academy.katalon.com/' successfully

03-07-2024T22:12:51 - [TEST_STEP][PASSED] - closeBrowser(): Browser is closed

03-07-2024T22:12:53 - [MESSAGE][PASSED] - Browser is closed]]></system-out>
         <system-err><![CDATA[]]></system-err>
      </testcase>
      <testcase name="Test Cases/abc/New Test Case (31)" time="15.0" classname="Test Cases/abc/New Test Case (31)" status="PASSED">
         <system-out><![CDATA[03-07-2024T22:12:53 - [TEST_CASE][PASSED] - Test Cases/abc/New Test Case (31): Test Cases/abc/New Test Case (31)

03-07-2024T22:12:53 - [TEST_STEP][PASSED] - openBrowser(""): Browser is opened with url: ''

03-07-2024T22:12:53 - [MESSAGE][INFO] - Starting 'Chrome' driver

03-07-2024T22:12:53 - [MESSAGE][INFO] - Action delay is set to 0 milliseconds

03-07-2024T22:12:56 - [MESSAGE][PASSED] - Browser is opened with url: ''

03-07-2024T22:12:56 - [TEST_STEP][PASSED] - navigateToUrl("https://academy.katalon.com/"): Navigate to 'https://academy.katalon.com/' successfully

03-07-2024T22:13:07 - [MESSAGE][PASSED] - Navigate to 'https://academy.katalon.com/' successfully

03-07-2024T22:13:07 - [TEST_STEP][PASSED] - closeBrowser(): Browser is closed

03-07-2024T22:13:08 - [MESSAGE][PASSED] - Browser is closed]]></system-out>
         <system-err><![CDATA[]]></system-err>
      </testcase>
      <testcase name="Test Cases/abc/New Test Case (32)" time="20.614" classname="Test Cases/abc/New Test Case (32)" status="PASSED">
         <system-out><![CDATA[03-07-2024T22:13:08 - [TEST_CASE][PASSED] - Test Cases/abc/New Test Case (32): Test Cases/abc/New Test Case (32)

03-07-2024T22:13:08 - [TEST_STEP][PASSED] - openBrowser(""): Browser is opened with url: ''

03-07-2024T22:13:08 - [MESSAGE][INFO] - Starting 'Chrome' driver

03-07-2024T22:13:08 - [MESSAGE][INFO] - Action delay is set to 0 milliseconds

03-07-2024T22:13:10 - [MESSAGE][PASSED] - Browser is opened with url: ''

03-07-2024T22:13:10 - [TEST_STEP][PASSED] - navigateToUrl("https://academy.katalon.com/"): Navigate to 'https://academy.katalon.com/' successfully

03-07-2024T22:13:21 - [MESSAGE][PASSED] - Navigate to 'https://academy.katalon.com/' successfully

03-07-2024T22:13:21 - [TEST_STEP][PASSED] - closeBrowser(): Browser is closed

03-07-2024T22:13:29 - [MESSAGE][PASSED] - Browser is closed]]></system-out>
         <system-err><![CDATA[]]></system-err>
      </testcase>
      <testcase name="Test Cases/abc/New Test Case (33)" time="14.218" classname="Test Cases/abc/New Test Case (33)" status="PASSED">
         <system-out><![CDATA[03-07-2024T22:13:29 - [TEST_CASE][PASSED] - Test Cases/abc/New Test Case (33): Test Cases/abc/New Test Case (33)

03-07-2024T22:13:29 - [TEST_STEP][PASSED] - openBrowser(""): Browser is opened with url: ''

03-07-2024T22:13:29 - [MESSAGE][INFO] - Starting 'Chrome' driver

03-07-2024T22:13:29 - [MESSAGE][INFO] - Action delay is set to 0 milliseconds

03-07-2024T22:13:31 - [MESSAGE][PASSED] - Browser is opened with url: ''

03-07-2024T22:13:31 - [TEST_STEP][PASSED] - navigateToUrl("https://academy.katalon.com/"): Navigate to 'https://academy.katalon.com/' successfully

03-07-2024T22:13:40 - [MESSAGE][PASSED] - Navigate to 'https://academy.katalon.com/' successfully

03-07-2024T22:13:40 - [TEST_STEP][PASSED] - closeBrowser(): Browser is closed

03-07-2024T22:13:43 - [MESSAGE][PASSED] - Browser is closed]]></system-out>
         <system-err><![CDATA[]]></system-err>
      </testcase>
      <testcase name="Test Cases/abc/New Test Case (4)" time="13.471" classname="Test Cases/abc/New Test Case (4)" status="PASSED">
         <system-out><![CDATA[03-07-2024T22:13:43 - [TEST_CASE][PASSED] - Test Cases/abc/New Test Case (4): Test Cases/abc/New Test Case (4)

03-07-2024T22:13:43 - [TEST_STEP][PASSED] - openBrowser(""): Browser is opened with url: ''

03-07-2024T22:13:43 - [MESSAGE][INFO] - Starting 'Chrome' driver

03-07-2024T22:13:43 - [MESSAGE][INFO] - Action delay is set to 0 milliseconds

03-07-2024T22:13:45 - [MESSAGE][PASSED] - Browser is opened with url: ''

03-07-2024T22:13:45 - [TEST_STEP][PASSED] - navigateToUrl("https://academy.katalon.com/"): Navigate to 'https://academy.katalon.com/' successfully

03-07-2024T22:13:55 - [MESSAGE][PASSED] - Navigate to 'https://academy.katalon.com/' successfully

03-07-2024T22:13:55 - [TEST_STEP][PASSED] - closeBrowser(): Browser is closed

03-07-2024T22:13:56 - [MESSAGE][PASSED] - Browser is closed]]></system-out>
         <system-err><![CDATA[]]></system-err>
      </testcase>
      <testcase name="Test Cases/abc/New Test Case (5)" time="15.216" classname="Test Cases/abc/New Test Case (5)" status="PASSED">
         <system-out><![CDATA[03-07-2024T22:13:56 - [TEST_CASE][PASSED] - Test Cases/abc/New Test Case (5): Test Cases/abc/New Test Case (5)

03-07-2024T22:13:57 - [TEST_STEP][PASSED] - openBrowser(""): Browser is opened with url: ''

03-07-2024T22:13:57 - [MESSAGE][INFO] - Starting 'Chrome' driver

03-07-2024T22:13:57 - [MESSAGE][INFO] - Action delay is set to 0 milliseconds

03-07-2024T22:14:00 - [MESSAGE][PASSED] - Browser is opened with url: ''

03-07-2024T22:14:00 - [TEST_STEP][PASSED] - navigateToUrl("https://academy.katalon.com/"): Navigate to 'https://academy.katalon.com/' successfully

03-07-2024T22:14:10 - [MESSAGE][PASSED] - Navigate to 'https://academy.katalon.com/' successfully

03-07-2024T22:14:10 - [TEST_STEP][PASSED] - closeBrowser(): Browser is closed

03-07-2024T22:14:12 - [MESSAGE][PASSED] - Browser is closed]]></system-out>
         <system-err><![CDATA[]]></system-err>
      </testcase>
      <testcase name="Test Cases/abc/New Test Case (6)" time="8.406" classname="Test Cases/abc/New Test Case (6)" status="PASSED">
         <system-out><![CDATA[03-07-2024T22:14:12 - [TEST_CASE][PASSED] - Test Cases/abc/New Test Case (6): Test Cases/abc/New Test Case (6)

03-07-2024T22:14:12 - [TEST_STEP][PASSED] - openBrowser(""): Browser is opened with url: ''

03-07-2024T22:14:12 - [MESSAGE][INFO] - Starting 'Chrome' driver

03-07-2024T22:14:12 - [MESSAGE][INFO] - Action delay is set to 0 milliseconds

03-07-2024T22:14:15 - [MESSAGE][PASSED] - Browser is opened with url: ''

03-07-2024T22:14:15 - [TEST_STEP][PASSED] - navigateToUrl("https://academy.katalon.com/"): Navigate to 'https://academy.katalon.com/' successfully

03-07-2024T22:14:18 - [MESSAGE][PASSED] - Navigate to 'https://academy.katalon.com/' successfully

03-07-2024T22:14:18 - [TEST_STEP][PASSED] - closeBrowser(): Browser is closed

03-07-2024T22:14:20 - [MESSAGE][PASSED] - Browser is closed]]></system-out>
         <system-err><![CDATA[]]></system-err>
      </testcase>
      <testcase name="Test Cases/abc/New Test Case (7)" time="15.529" classname="Test Cases/abc/New Test Case (7)" status="PASSED">
         <system-out><![CDATA[03-07-2024T22:14:20 - [TEST_CASE][PASSED] - Test Cases/abc/New Test Case (7): Test Cases/abc/New Test Case (7)

03-07-2024T22:14:20 - [TEST_STEP][PASSED] - openBrowser(""): Browser is opened with url: ''

03-07-2024T22:14:20 - [MESSAGE][INFO] - Starting 'Chrome' driver

03-07-2024T22:14:20 - [MESSAGE][INFO] - Action delay is set to 0 milliseconds

03-07-2024T22:14:22 - [MESSAGE][PASSED] - Browser is opened with url: ''

03-07-2024T22:14:22 - [TEST_STEP][PASSED] - navigateToUrl("https://academy.katalon.com/"): Navigate to 'https://academy.katalon.com/' successfully

03-07-2024T22:14:32 - [MESSAGE][PASSED] - Navigate to 'https://academy.katalon.com/' successfully

03-07-2024T22:14:32 - [TEST_STEP][PASSED] - closeBrowser(): Browser is closed

03-07-2024T22:14:36 - [MESSAGE][PASSED] - Browser is closed]]></system-out>
         <system-err><![CDATA[]]></system-err>
      </testcase>
      <testcase name="Test Cases/abc/New Test Case (8)" time="15.607" classname="Test Cases/abc/New Test Case (8)" status="PASSED">
         <system-out><![CDATA[03-07-2024T22:14:36 - [TEST_CASE][PASSED] - Test Cases/abc/New Test Case (8): Test Cases/abc/New Test Case (8)

03-07-2024T22:14:36 - [TEST_STEP][PASSED] - openBrowser(""): Browser is opened with url: ''

03-07-2024T22:14:36 - [MESSAGE][INFO] - Starting 'Chrome' driver

03-07-2024T22:14:36 - [MESSAGE][INFO] - Action delay is set to 0 milliseconds

03-07-2024T22:14:37 - [MESSAGE][PASSED] - Browser is opened with url: ''

03-07-2024T22:14:37 - [TEST_STEP][PASSED] - navigateToUrl("https://academy.katalon.com/"): Navigate to 'https://academy.katalon.com/' successfully

03-07-2024T22:14:48 - [MESSAGE][PASSED] - Navigate to 'https://academy.katalon.com/' successfully

03-07-2024T22:14:48 - [TEST_STEP][PASSED] - closeBrowser(): Browser is closed

03-07-2024T22:14:51 - [MESSAGE][PASSED] - Browser is closed]]></system-out>
         <system-err><![CDATA[]]></system-err>
      </testcase>
      <testcase name="Test Cases/abc/New Test Case (9)" time="18.032" classname="Test Cases/abc/New Test Case (9)" status="PASSED">
         <system-out><![CDATA[03-07-2024T22:14:51 - [TEST_CASE][PASSED] - Test Cases/abc/New Test Case (9): Test Cases/abc/New Test Case (9)

03-07-2024T22:14:51 - [TEST_STEP][PASSED] - openBrowser(""): Browser is opened with url: ''

03-07-2024T22:14:51 - [MESSAGE][INFO] - Starting 'Chrome' driver

03-07-2024T22:14:51 - [MESSAGE][INFO] - Action delay is set to 0 milliseconds

03-07-2024T22:14:54 - [MESSAGE][PASSED] - Browser is opened with url: ''

03-07-2024T22:14:54 - [TEST_STEP][PASSED] - navigateToUrl("https://academy.katalon.com/"): Navigate to 'https://academy.katalon.com/' successfully

03-07-2024T22:15:08 - [MESSAGE][PASSED] - Navigate to 'https://academy.katalon.com/' successfully

03-07-2024T22:15:08 - [TEST_STEP][PASSED] - closeBrowser(): Browser is closed

03-07-2024T22:15:09 - [MESSAGE][PASSED] - Browser is closed]]></system-out>
         <system-err><![CDATA[]]></system-err>
      </testcase>
      <testcase name="Test Cases/abc/New Test Case" time="16.22" classname="Test Cases/abc/New Test Case" status="PASSED">
         <system-out><![CDATA[03-07-2024T22:15:09 - [TEST_CASE][PASSED] - Test Cases/abc/New Test Case: Test Cases/abc/New Test Case

03-07-2024T22:15:09 - [TEST_STEP][PASSED] - openBrowser(""): Browser is opened with url: ''

03-07-2024T22:15:09 - [MESSAGE][INFO] - Starting 'Chrome' driver

03-07-2024T22:15:09 - [MESSAGE][INFO] - Action delay is set to 0 milliseconds

03-07-2024T22:15:12 - [MESSAGE][PASSED] - Browser is opened with url: ''

03-07-2024T22:15:12 - [TEST_STEP][PASSED] - navigateToUrl("https://academy.katalon.com/"): Navigate to 'https://academy.katalon.com/' successfully

03-07-2024T22:15:23 - [MESSAGE][PASSED] - Navigate to 'https://academy.katalon.com/' successfully

03-07-2024T22:15:23 - [TEST_STEP][PASSED] - closeBrowser(): Browser is closed

03-07-2024T22:15:26 - [MESSAGE][PASSED] - Browser is closed]]></system-out>
         <system-err><![CDATA[]]></system-err>
      </testcase>
      <testcase name="Test Cases/abcss/New Test Case (1)" time="4.016" classname="Test Cases/abcss/New Test Case (1)" status="PASSED">
         <system-out><![CDATA[03-07-2024T22:15:26 - [TEST_CASE][PASSED] - Test Cases/abcss/New Test Case (1): Test Cases/abcss/New Test Case (1)

03-07-2024T22:15:26 - [TEST_STEP][PASSED] - openBrowser(""): Browser is opened with url: ''

03-07-2024T22:15:26 - [MESSAGE][INFO] - Starting 'Chrome' driver

03-07-2024T22:15:26 - [MESSAGE][INFO] - Action delay is set to 0 milliseconds

03-07-2024T22:15:29 - [MESSAGE][PASSED] - Browser is opened with url: ''

03-07-2024T22:15:29 - [TEST_STEP][PASSED] - closeBrowser(): Browser is closed

03-07-2024T22:15:30 - [MESSAGE][PASSED] - Browser is closed]]></system-out>
         <system-err><![CDATA[]]></system-err>
      </testcase>
      <testcase name="Test Cases/abcss/New Test Case (10)" time="4.525" classname="Test Cases/abcss/New Test Case (10)" status="PASSED">
         <system-out><![CDATA[03-07-2024T22:15:30 - [TEST_CASE][PASSED] - Test Cases/abcss/New Test Case (10): Test Cases/abcss/New Test Case (10)

03-07-2024T22:15:30 - [TEST_STEP][PASSED] - openBrowser(""): Browser is opened with url: ''

03-07-2024T22:15:30 - [MESSAGE][INFO] - Starting 'Chrome' driver

03-07-2024T22:15:30 - [MESSAGE][INFO] - Action delay is set to 0 milliseconds

03-07-2024T22:15:32 - [MESSAGE][PASSED] - Browser is opened with url: ''

03-07-2024T22:15:32 - [TEST_STEP][PASSED] - closeBrowser(): Browser is closed

03-07-2024T22:15:34 - [MESSAGE][PASSED] - Browser is closed]]></system-out>
         <system-err><![CDATA[]]></system-err>
      </testcase>
      <testcase name="Test Cases/abcss/New Test Case (11)" time="3.039" classname="Test Cases/abcss/New Test Case (11)" status="PASSED">
         <system-out><![CDATA[03-07-2024T22:15:34 - [TEST_CASE][PASSED] - Test Cases/abcss/New Test Case (11): Test Cases/abcss/New Test Case (11)

03-07-2024T22:15:34 - [TEST_STEP][PASSED] - openBrowser(""): Browser is opened with url: ''

03-07-2024T22:15:34 - [MESSAGE][INFO] - Starting 'Chrome' driver

03-07-2024T22:15:34 - [MESSAGE][INFO] - Action delay is set to 0 milliseconds

03-07-2024T22:15:36 - [MESSAGE][PASSED] - Browser is opened with url: ''

03-07-2024T22:15:36 - [TEST_STEP][PASSED] - closeBrowser(): Browser is closed

03-07-2024T22:15:37 - [MESSAGE][PASSED] - Browser is closed]]></system-out>
         <system-err><![CDATA[]]></system-err>
      </testcase>
      <testcase name="Test Cases/abcss/New Test Case (12)" time="5.203" classname="Test Cases/abcss/New Test Case (12)" status="PASSED">
         <system-out><![CDATA[03-07-2024T22:15:37 - [TEST_CASE][PASSED] - Test Cases/abcss/New Test Case (12): Test Cases/abcss/New Test Case (12)

03-07-2024T22:15:37 - [TEST_STEP][PASSED] - openBrowser(""): Browser is opened with url: ''

03-07-2024T22:15:37 - [MESSAGE][INFO] - Starting 'Chrome' driver

03-07-2024T22:15:37 - [MESSAGE][INFO] - Action delay is set to 0 milliseconds

03-07-2024T22:15:40 - [MESSAGE][PASSED] - Browser is opened with url: ''

03-07-2024T22:15:40 - [TEST_STEP][PASSED] - closeBrowser(): Browser is closed

03-07-2024T22:15:42 - [MESSAGE][PASSED] - Browser is closed]]></system-out>
         <system-err><![CDATA[]]></system-err>
      </testcase>
      <testcase name="Test Cases/abcss/New Test Case (13)" time="3.156" classname="Test Cases/abcss/New Test Case (13)" status="PASSED">
         <system-out><![CDATA[03-07-2024T22:15:42 - [TEST_CASE][PASSED] - Test Cases/abcss/New Test Case (13): Test Cases/abcss/New Test Case (13)

03-07-2024T22:15:42 - [TEST_STEP][PASSED] - openBrowser(""): Browser is opened with url: ''

03-07-2024T22:15:42 - [MESSAGE][INFO] - Starting 'Chrome' driver

03-07-2024T22:15:42 - [MESSAGE][INFO] - Action delay is set to 0 milliseconds

03-07-2024T22:15:44 - [MESSAGE][PASSED] - Browser is opened with url: ''

03-07-2024T22:15:44 - [TEST_STEP][PASSED] - closeBrowser(): Browser is closed

03-07-2024T22:15:46 - [MESSAGE][PASSED] - Browser is closed]]></system-out>
         <system-err><![CDATA[]]></system-err>
      </testcase>
      <testcase name="Test Cases/abcss/New Test Case (14)" time="6.207" classname="Test Cases/abcss/New Test Case (14)" status="PASSED">
         <system-out><![CDATA[03-07-2024T22:15:46 - [TEST_CASE][PASSED] - Test Cases/abcss/New Test Case (14): Test Cases/abcss/New Test Case (14)

03-07-2024T22:15:46 - [TEST_STEP][PASSED] - openBrowser(""): Browser is opened with url: ''

03-07-2024T22:15:46 - [MESSAGE][INFO] - Starting 'Chrome' driver

03-07-2024T22:15:46 - [MESSAGE][INFO] - Action delay is set to 0 milliseconds

03-07-2024T22:15:48 - [MESSAGE][PASSED] - Browser is opened with url: ''

03-07-2024T22:15:48 - [TEST_STEP][PASSED] - closeBrowser(): Browser is closed

03-07-2024T22:15:52 - [MESSAGE][PASSED] - Browser is closed]]></system-out>
         <system-err><![CDATA[]]></system-err>
      </testcase>
      <testcase name="Test Cases/abcss/New Test Case (15)" time="6.248" classname="Test Cases/abcss/New Test Case (15)" status="PASSED">
         <system-out><![CDATA[03-07-2024T22:15:52 - [TEST_CASE][PASSED] - Test Cases/abcss/New Test Case (15): Test Cases/abcss/New Test Case (15)

03-07-2024T22:15:52 - [TEST_STEP][PASSED] - openBrowser(""): Browser is opened with url: ''

03-07-2024T22:15:52 - [MESSAGE][INFO] - Starting 'Chrome' driver

03-07-2024T22:15:52 - [MESSAGE][INFO] - Action delay is set to 0 milliseconds

03-07-2024T22:15:54 - [MESSAGE][PASSED] - Browser is opened with url: ''

03-07-2024T22:15:54 - [TEST_STEP][PASSED] - closeBrowser(): Browser is closed

03-07-2024T22:15:58 - [MESSAGE][PASSED] - Browser is closed]]></system-out>
         <system-err><![CDATA[]]></system-err>
      </testcase>
      <testcase name="Test Cases/abcss/New Test Case (16)" time="4.472" classname="Test Cases/abcss/New Test Case (16)" status="PASSED">
         <system-out><![CDATA[03-07-2024T22:15:58 - [TEST_CASE][PASSED] - Test Cases/abcss/New Test Case (16): Test Cases/abcss/New Test Case (16)

03-07-2024T22:15:58 - [TEST_STEP][PASSED] - openBrowser(""): Browser is opened with url: ''

03-07-2024T22:15:58 - [MESSAGE][INFO] - Starting 'Chrome' driver

03-07-2024T22:15:58 - [MESSAGE][INFO] - Action delay is set to 0 milliseconds

03-07-2024T22:16:00 - [MESSAGE][PASSED] - Browser is opened with url: ''

03-07-2024T22:16:00 - [TEST_STEP][PASSED] - closeBrowser(): Browser is closed

03-07-2024T22:16:02 - [MESSAGE][PASSED] - Browser is closed]]></system-out>
         <system-err><![CDATA[]]></system-err>
      </testcase>
      <testcase name="Test Cases/abcss/New Test Case (17)" time="4.894" classname="Test Cases/abcss/New Test Case (17)" status="PASSED">
         <system-out><![CDATA[03-07-2024T22:16:03 - [TEST_CASE][PASSED] - Test Cases/abcss/New Test Case (17): Test Cases/abcss/New Test Case (17)

03-07-2024T22:16:03 - [TEST_STEP][PASSED] - openBrowser(""): Browser is opened with url: ''

03-07-2024T22:16:03 - [MESSAGE][INFO] - Starting 'Chrome' driver

03-07-2024T22:16:03 - [MESSAGE][INFO] - Action delay is set to 0 milliseconds

03-07-2024T22:16:06 - [MESSAGE][PASSED] - Browser is opened with url: ''

03-07-2024T22:16:06 - [TEST_STEP][PASSED] - closeBrowser(): Browser is closed

03-07-2024T22:16:07 - [MESSAGE][PASSED] - Browser is closed]]></system-out>
         <system-err><![CDATA[]]></system-err>
      </testcase>
      <testcase name="Test Cases/abcss/New Test Case (18)" time="4.478" classname="Test Cases/abcss/New Test Case (18)" status="PASSED">
         <system-out><![CDATA[03-07-2024T22:16:07 - [TEST_CASE][PASSED] - Test Cases/abcss/New Test Case (18): Test Cases/abcss/New Test Case (18)

03-07-2024T22:16:07 - [TEST_STEP][PASSED] - openBrowser(""): Browser is opened with url: ''

03-07-2024T22:16:07 - [MESSAGE][INFO] - Starting 'Chrome' driver

03-07-2024T22:16:07 - [MESSAGE][INFO] - Action delay is set to 0 milliseconds

03-07-2024T22:16:11 - [MESSAGE][PASSED] - Browser is opened with url: ''

03-07-2024T22:16:11 - [TEST_STEP][PASSED] - closeBrowser(): Browser is closed

03-07-2024T22:16:12 - [MESSAGE][PASSED] - Browser is closed]]></system-out>
         <system-err><![CDATA[]]></system-err>
      </testcase>
      <testcase name="Test Cases/abcss/New Test Case (19)" time="4.619" classname="Test Cases/abcss/New Test Case (19)" status="PASSED">
         <system-out><![CDATA[03-07-2024T22:16:12 - [TEST_CASE][PASSED] - Test Cases/abcss/New Test Case (19): Test Cases/abcss/New Test Case (19)

03-07-2024T22:16:12 - [TEST_STEP][PASSED] - openBrowser(""): Browser is opened with url: ''

03-07-2024T22:16:12 - [MESSAGE][INFO] - Starting 'Chrome' driver

03-07-2024T22:16:12 - [MESSAGE][INFO] - Action delay is set to 0 milliseconds

03-07-2024T22:16:15 - [MESSAGE][PASSED] - Browser is opened with url: ''

03-07-2024T22:16:15 - [TEST_STEP][PASSED] - closeBrowser(): Browser is closed

03-07-2024T22:16:17 - [MESSAGE][PASSED] - Browser is closed]]></system-out>
         <system-err><![CDATA[]]></system-err>
      </testcase>
      <testcase name="Test Cases/abcss/New Test Case (2)" time="4.239" classname="Test Cases/abcss/New Test Case (2)" status="PASSED">
         <system-out><![CDATA[03-07-2024T22:16:17 - [TEST_CASE][PASSED] - Test Cases/abcss/New Test Case (2): Test Cases/abcss/New Test Case (2)

03-07-2024T22:16:17 - [TEST_STEP][PASSED] - openBrowser(""): Browser is opened with url: ''

03-07-2024T22:16:17 - [MESSAGE][INFO] - Starting 'Chrome' driver

03-07-2024T22:16:17 - [MESSAGE][INFO] - Action delay is set to 0 milliseconds

03-07-2024T22:16:20 - [MESSAGE][PASSED] - Browser is opened with url: ''

03-07-2024T22:16:20 - [TEST_STEP][PASSED] - closeBrowser(): Browser is closed

03-07-2024T22:16:21 - [MESSAGE][PASSED] - Browser is closed]]></system-out>
         <system-err><![CDATA[]]></system-err>
      </testcase>
      <testcase name="Test Cases/abcss/New Test Case (20)" time="5.317" classname="Test Cases/abcss/New Test Case (20)" status="PASSED">
         <system-out><![CDATA[03-07-2024T22:16:21 - [TEST_CASE][PASSED] - Test Cases/abcss/New Test Case (20): Test Cases/abcss/New Test Case (20)

03-07-2024T22:16:21 - [TEST_STEP][PASSED] - openBrowser(""): Browser is opened with url: ''

03-07-2024T22:16:21 - [MESSAGE][INFO] - Starting 'Chrome' driver

03-07-2024T22:16:21 - [MESSAGE][INFO] - Action delay is set to 0 milliseconds

03-07-2024T22:16:24 - [MESSAGE][PASSED] - Browser is opened with url: ''

03-07-2024T22:16:24 - [TEST_STEP][PASSED] - closeBrowser(): Browser is closed

03-07-2024T22:16:26 - [MESSAGE][PASSED] - Browser is closed]]></system-out>
         <system-err><![CDATA[]]></system-err>
      </testcase>
      <testcase name="Test Cases/abcss/New Test Case (21)" time="3.757" classname="Test Cases/abcss/New Test Case (21)" status="PASSED">
         <system-out><![CDATA[03-07-2024T22:16:26 - [TEST_CASE][PASSED] - Test Cases/abcss/New Test Case (21): Test Cases/abcss/New Test Case (21)

03-07-2024T22:16:26 - [TEST_STEP][PASSED] - openBrowser(""): Browser is opened with url: ''

03-07-2024T22:16:26 - [MESSAGE][INFO] - Starting 'Chrome' driver

03-07-2024T22:16:26 - [MESSAGE][INFO] - Action delay is set to 0 milliseconds

03-07-2024T22:16:29 - [MESSAGE][PASSED] - Browser is opened with url: ''

03-07-2024T22:16:29 - [TEST_STEP][PASSED] - closeBrowser(): Browser is closed

03-07-2024T22:16:30 - [MESSAGE][PASSED] - Browser is closed]]></system-out>
         <system-err><![CDATA[]]></system-err>
      </testcase>
      <testcase name="Test Cases/abcss/New Test Case (22)" time="7.372" classname="Test Cases/abcss/New Test Case (22)" status="PASSED">
         <system-out><![CDATA[03-07-2024T22:16:30 - [TEST_CASE][PASSED] - Test Cases/abcss/New Test Case (22): Test Cases/abcss/New Test Case (22)

03-07-2024T22:16:30 - [TEST_STEP][PASSED] - openBrowser(""): Browser is opened with url: ''

03-07-2024T22:16:30 - [MESSAGE][INFO] - Starting 'Chrome' driver

03-07-2024T22:16:30 - [MESSAGE][INFO] - Action delay is set to 0 milliseconds

03-07-2024T22:16:33 - [MESSAGE][PASSED] - Browser is opened with url: ''

03-07-2024T22:16:33 - [TEST_STEP][PASSED] - closeBrowser(): Browser is closed

03-07-2024T22:16:37 - [MESSAGE][PASSED] - Browser is closed]]></system-out>
         <system-err><![CDATA[]]></system-err>
      </testcase>
      <testcase name="Test Cases/abcss/New Test Case (23)" time="4.191" classname="Test Cases/abcss/New Test Case (23)" status="PASSED">
         <system-out><![CDATA[03-07-2024T22:16:37 - [TEST_CASE][PASSED] - Test Cases/abcss/New Test Case (23): Test Cases/abcss/New Test Case (23)

03-07-2024T22:16:37 - [TEST_STEP][PASSED] - openBrowser(""): Browser is opened with url: ''

03-07-2024T22:16:37 - [MESSAGE][INFO] - Starting 'Chrome' driver

03-07-2024T22:16:37 - [MESSAGE][INFO] - Action delay is set to 0 milliseconds

03-07-2024T22:16:39 - [MESSAGE][PASSED] - Browser is opened with url: ''

03-07-2024T22:16:39 - [TEST_STEP][PASSED] - closeBrowser(): Browser is closed

03-07-2024T22:16:41 - [MESSAGE][PASSED] - Browser is closed]]></system-out>
         <system-err><![CDATA[]]></system-err>
      </testcase>
      <testcase name="Test Cases/abcss/New Test Case (24)" time="3.58" classname="Test Cases/abcss/New Test Case (24)" status="PASSED">
         <system-out><![CDATA[03-07-2024T22:16:41 - [TEST_CASE][PASSED] - Test Cases/abcss/New Test Case (24): Test Cases/abcss/New Test Case (24)

03-07-2024T22:16:41 - [TEST_STEP][PASSED] - openBrowser(""): Browser is opened with url: ''

03-07-2024T22:16:41 - [MESSAGE][INFO] - Starting 'Chrome' driver

03-07-2024T22:16:41 - [MESSAGE][INFO] - Action delay is set to 0 milliseconds

03-07-2024T22:16:43 - [MESSAGE][PASSED] - Browser is opened with url: ''

03-07-2024T22:16:43 - [TEST_STEP][PASSED] - closeBrowser(): Browser is closed

03-07-2024T22:16:45 - [MESSAGE][PASSED] - Browser is closed]]></system-out>
         <system-err><![CDATA[]]></system-err>
      </testcase>
      <testcase name="Test Cases/abcss/New Test Case (25)" time="5.756" classname="Test Cases/abcss/New Test Case (25)" status="PASSED">
         <system-out><![CDATA[03-07-2024T22:16:45 - [TEST_CASE][PASSED] - Test Cases/abcss/New Test Case (25): Test Cases/abcss/New Test Case (25)

03-07-2024T22:16:45 - [TEST_STEP][PASSED] - openBrowser(""): Browser is opened with url: ''

03-07-2024T22:16:45 - [MESSAGE][INFO] - Starting 'Chrome' driver

03-07-2024T22:16:45 - [MESSAGE][INFO] - Action delay is set to 0 milliseconds

03-07-2024T22:16:50 - [MESSAGE][PASSED] - Browser is opened with url: ''

03-07-2024T22:16:50 - [TEST_STEP][PASSED] - closeBrowser(): Browser is closed

03-07-2024T22:16:51 - [MESSAGE][PASSED] - Browser is closed]]></system-out>
         <system-err><![CDATA[]]></system-err>
      </testcase>
      <testcase name="Test Cases/abcss/New Test Case (26)" time="4.564" classname="Test Cases/abcss/New Test Case (26)" status="PASSED">
         <system-out><![CDATA[03-07-2024T22:16:51 - [TEST_CASE][PASSED] - Test Cases/abcss/New Test Case (26): Test Cases/abcss/New Test Case (26)

03-07-2024T22:16:51 - [TEST_STEP][PASSED] - openBrowser(""): Browser is opened with url: ''

03-07-2024T22:16:51 - [MESSAGE][INFO] - Starting 'Chrome' driver

03-07-2024T22:16:51 - [MESSAGE][INFO] - Action delay is set to 0 milliseconds

03-07-2024T22:16:53 - [MESSAGE][PASSED] - Browser is opened with url: ''

03-07-2024T22:16:53 - [TEST_STEP][PASSED] - closeBrowser(): Browser is closed

03-07-2024T22:16:55 - [MESSAGE][PASSED] - Browser is closed]]></system-out>
         <system-err><![CDATA[]]></system-err>
      </testcase>
      <testcase name="Test Cases/abcss/New Test Case (27)" time="6.394" classname="Test Cases/abcss/New Test Case (27)" status="PASSED">
         <system-out><![CDATA[03-07-2024T22:16:55 - [TEST_CASE][PASSED] - Test Cases/abcss/New Test Case (27): Test Cases/abcss/New Test Case (27)

03-07-2024T22:16:55 - [TEST_STEP][PASSED] - openBrowser(""): Browser is opened with url: ''

03-07-2024T22:16:55 - [MESSAGE][INFO] - Starting 'Chrome' driver

03-07-2024T22:16:55 - [MESSAGE][INFO] - Action delay is set to 0 milliseconds

03-07-2024T22:16:58 - [MESSAGE][PASSED] - Browser is opened with url: ''

03-07-2024T22:16:58 - [TEST_STEP][PASSED] - closeBrowser(): Browser is closed

03-07-2024T22:17:02 - [MESSAGE][PASSED] - Browser is closed]]></system-out>
         <system-err><![CDATA[]]></system-err>
      </testcase>
      <testcase name="Test Cases/abcss/New Test Case (28)" time="4.399" classname="Test Cases/abcss/New Test Case (28)" status="PASSED">
         <system-out><![CDATA[03-07-2024T22:17:02 - [TEST_CASE][PASSED] - Test Cases/abcss/New Test Case (28): Test Cases/abcss/New Test Case (28)

03-07-2024T22:17:02 - [TEST_STEP][PASSED] - openBrowser(""): Browser is opened with url: ''

03-07-2024T22:17:02 - [MESSAGE][INFO] - Starting 'Chrome' driver

03-07-2024T22:17:02 - [MESSAGE][INFO] - Action delay is set to 0 milliseconds

03-07-2024T22:17:04 - [MESSAGE][PASSED] - Browser is opened with url: ''

03-07-2024T22:17:04 - [TEST_STEP][PASSED] - closeBrowser(): Browser is closed

03-07-2024T22:17:06 - [MESSAGE][PASSED] - Browser is closed]]></system-out>
         <system-err><![CDATA[]]></system-err>
      </testcase>
      <testcase name="Test Cases/abcss/New Test Case (29)" time="4.247" classname="Test Cases/abcss/New Test Case (29)" status="PASSED">
         <system-out><![CDATA[03-07-2024T22:17:06 - [TEST_CASE][PASSED] - Test Cases/abcss/New Test Case (29): Test Cases/abcss/New Test Case (29)

03-07-2024T22:17:06 - [TEST_STEP][PASSED] - openBrowser(""): Browser is opened with url: ''

03-07-2024T22:17:06 - [MESSAGE][INFO] - Starting 'Chrome' driver

03-07-2024T22:17:06 - [MESSAGE][INFO] - Action delay is set to 0 milliseconds

03-07-2024T22:17:08 - [MESSAGE][PASSED] - Browser is opened with url: ''

03-07-2024T22:17:08 - [TEST_STEP][PASSED] - closeBrowser(): Browser is closed

03-07-2024T22:17:10 - [MESSAGE][PASSED] - Browser is closed]]></system-out>
         <system-err><![CDATA[]]></system-err>
      </testcase>
      <testcase name="Test Cases/abcss/New Test Case (3)" time="2.423" classname="Test Cases/abcss/New Test Case (3)" status="PASSED">
         <system-out><![CDATA[03-07-2024T22:17:10 - [TEST_CASE][PASSED] - Test Cases/abcss/New Test Case (3): Test Cases/abcss/New Test Case (3)

03-07-2024T22:17:10 - [TEST_STEP][PASSED] - openBrowser(""): Browser is opened with url: ''

03-07-2024T22:17:10 - [MESSAGE][INFO] - Starting 'Chrome' driver

03-07-2024T22:17:10 - [MESSAGE][INFO] - Action delay is set to 0 milliseconds

03-07-2024T22:17:12 - [MESSAGE][PASSED] - Browser is opened with url: ''

03-07-2024T22:17:12 - [TEST_STEP][PASSED] - closeBrowser(): Browser is closed

03-07-2024T22:17:13 - [MESSAGE][PASSED] - Browser is closed]]></system-out>
         <system-err><![CDATA[]]></system-err>
      </testcase>
      <testcase name="Test Cases/abcss/New Test Case (30)" time="4.242" classname="Test Cases/abcss/New Test Case (30)" status="PASSED">
         <system-out><![CDATA[03-07-2024T22:17:13 - [TEST_CASE][PASSED] - Test Cases/abcss/New Test Case (30): Test Cases/abcss/New Test Case (30)

03-07-2024T22:17:13 - [TEST_STEP][PASSED] - openBrowser(""): Browser is opened with url: ''

03-07-2024T22:17:13 - [MESSAGE][INFO] - Starting 'Chrome' driver

03-07-2024T22:17:13 - [MESSAGE][INFO] - Action delay is set to 0 milliseconds

03-07-2024T22:17:16 - [MESSAGE][PASSED] - Browser is opened with url: ''

03-07-2024T22:17:16 - [TEST_STEP][PASSED] - closeBrowser(): Browser is closed

03-07-2024T22:17:17 - [MESSAGE][PASSED] - Browser is closed]]></system-out>
         <system-err><![CDATA[]]></system-err>
      </testcase>
      <testcase name="Test Cases/abcss/New Test Case (31)" time="5.76" classname="Test Cases/abcss/New Test Case (31)" status="PASSED">
         <system-out><![CDATA[03-07-2024T22:17:17 - [TEST_CASE][PASSED] - Test Cases/abcss/New Test Case (31): Test Cases/abcss/New Test Case (31)

03-07-2024T22:17:17 - [TEST_STEP][PASSED] - openBrowser(""): Browser is opened with url: ''

03-07-2024T22:17:17 - [MESSAGE][INFO] - Starting 'Chrome' driver

03-07-2024T22:17:17 - [MESSAGE][INFO] - Action delay is set to 0 milliseconds

03-07-2024T22:17:20 - [MESSAGE][PASSED] - Browser is opened with url: ''

03-07-2024T22:17:20 - [TEST_STEP][PASSED] - closeBrowser(): Browser is closed

03-07-2024T22:17:23 - [MESSAGE][PASSED] - Browser is closed]]></system-out>
         <system-err><![CDATA[]]></system-err>
      </testcase>
      <testcase name="Test Cases/abcss/New Test Case (32)" time="4.549" classname="Test Cases/abcss/New Test Case (32)" status="PASSED">
         <system-out><![CDATA[03-07-2024T22:17:23 - [TEST_CASE][PASSED] - Test Cases/abcss/New Test Case (32): Test Cases/abcss/New Test Case (32)

03-07-2024T22:17:23 - [TEST_STEP][PASSED] - openBrowser(""): Browser is opened with url: ''

03-07-2024T22:17:23 - [MESSAGE][INFO] - Starting 'Chrome' driver

03-07-2024T22:17:23 - [MESSAGE][INFO] - Action delay is set to 0 milliseconds

03-07-2024T22:17:25 - [MESSAGE][PASSED] - Browser is opened with url: ''

03-07-2024T22:17:25 - [TEST_STEP][PASSED] - closeBrowser(): Browser is closed

03-07-2024T22:17:27 - [MESSAGE][PASSED] - Browser is closed]]></system-out>
         <system-err><![CDATA[]]></system-err>
      </testcase>
      <testcase name="Test Cases/abcss/New Test Case (33)" time="4.319" classname="Test Cases/abcss/New Test Case (33)" status="PASSED">
         <system-out><![CDATA[03-07-2024T22:17:27 - [TEST_CASE][PASSED] - Test Cases/abcss/New Test Case (33): Test Cases/abcss/New Test Case (33)

03-07-2024T22:17:27 - [TEST_STEP][PASSED] - openBrowser(""): Browser is opened with url: ''

03-07-2024T22:17:27 - [MESSAGE][INFO] - Starting 'Chrome' driver

03-07-2024T22:17:28 - [MESSAGE][INFO] - Action delay is set to 0 milliseconds

03-07-2024T22:17:29 - [MESSAGE][PASSED] - Browser is opened with url: ''

03-07-2024T22:17:29 - [TEST_STEP][PASSED] - closeBrowser(): Browser is closed

03-07-2024T22:17:32 - [MESSAGE][PASSED] - Browser is closed]]></system-out>
         <system-err><![CDATA[]]></system-err>
      </testcase>
      <testcase name="Test Cases/abcss/New Test Case (34)" time="3.673" classname="Test Cases/abcss/New Test Case (34)" status="PASSED">
         <system-out><![CDATA[03-07-2024T22:17:32 - [TEST_CASE][PASSED] - Test Cases/abcss/New Test Case (34): Test Cases/abcss/New Test Case (34)

03-07-2024T22:17:32 - [TEST_STEP][PASSED] - openBrowser(""): Browser is opened with url: ''

03-07-2024T22:17:32 - [MESSAGE][INFO] - Starting 'Chrome' driver

03-07-2024T22:17:32 - [MESSAGE][INFO] - Action delay is set to 0 milliseconds

03-07-2024T22:17:34 - [MESSAGE][PASSED] - Browser is opened with url: ''

03-07-2024T22:17:34 - [TEST_STEP][PASSED] - closeBrowser(): Browser is closed

03-07-2024T22:17:35 - [MESSAGE][PASSED] - Browser is closed]]></system-out>
         <system-err><![CDATA[]]></system-err>
      </testcase>
      <testcase name="Test Cases/abcss/New Test Case (4)" time="3.888" classname="Test Cases/abcss/New Test Case (4)" status="PASSED">
         <system-out><![CDATA[03-07-2024T22:17:35 - [TEST_CASE][PASSED] - Test Cases/abcss/New Test Case (4): Test Cases/abcss/New Test Case (4)

03-07-2024T22:17:36 - [TEST_STEP][PASSED] - openBrowser(""): Browser is opened with url: ''

03-07-2024T22:17:36 - [MESSAGE][INFO] - Starting 'Chrome' driver

03-07-2024T22:17:36 - [MESSAGE][INFO] - Action delay is set to 0 milliseconds

03-07-2024T22:17:38 - [MESSAGE][PASSED] - Browser is opened with url: ''

03-07-2024T22:17:38 - [TEST_STEP][PASSED] - closeBrowser(): Browser is closed

03-07-2024T22:17:39 - [MESSAGE][PASSED] - Browser is closed]]></system-out>
         <system-err><![CDATA[]]></system-err>
      </testcase>
      <testcase name="Test Cases/abcss/New Test Case (5)" time="5.387" classname="Test Cases/abcss/New Test Case (5)" status="PASSED">
         <system-out><![CDATA[03-07-2024T22:17:39 - [TEST_CASE][PASSED] - Test Cases/abcss/New Test Case (5): Test Cases/abcss/New Test Case (5)

03-07-2024T22:17:39 - [TEST_STEP][PASSED] - openBrowser(""): Browser is opened with url: ''

03-07-2024T22:17:39 - [MESSAGE][INFO] - Starting 'Chrome' driver

03-07-2024T22:17:39 - [MESSAGE][INFO] - Action delay is set to 0 milliseconds

03-07-2024T22:17:41 - [MESSAGE][PASSED] - Browser is opened with url: ''

03-07-2024T22:17:41 - [TEST_STEP][PASSED] - closeBrowser(): Browser is closed

03-07-2024T22:17:45 - [MESSAGE][PASSED] - Browser is closed]]></system-out>
         <system-err><![CDATA[]]></system-err>
      </testcase>
      <testcase name="Test Cases/abcss/New Test Case (6)" time="6.37" classname="Test Cases/abcss/New Test Case (6)" status="PASSED">
         <system-out><![CDATA[03-07-2024T22:17:45 - [TEST_CASE][PASSED] - Test Cases/abcss/New Test Case (6): Test Cases/abcss/New Test Case (6)

03-07-2024T22:17:45 - [TEST_STEP][PASSED] - openBrowser(""): Browser is opened with url: ''

03-07-2024T22:17:45 - [MESSAGE][INFO] - Starting 'Chrome' driver

03-07-2024T22:17:45 - [MESSAGE][INFO] - Action delay is set to 0 milliseconds

03-07-2024T22:17:48 - [MESSAGE][PASSED] - Browser is opened with url: ''

03-07-2024T22:17:48 - [TEST_STEP][PASSED] - closeBrowser(): Browser is closed

03-07-2024T22:17:51 - [MESSAGE][PASSED] - Browser is closed]]></system-out>
         <system-err><![CDATA[]]></system-err>
      </testcase>
      <testcase name="Test Cases/abcss/New Test Case (7)" time="7.461" classname="Test Cases/abcss/New Test Case (7)" status="PASSED">
         <system-out><![CDATA[03-07-2024T22:17:51 - [TEST_CASE][PASSED] - Test Cases/abcss/New Test Case (7): Test Cases/abcss/New Test Case (7)

03-07-2024T22:17:51 - [TEST_STEP][PASSED] - openBrowser(""): Browser is opened with url: ''

03-07-2024T22:17:51 - [MESSAGE][INFO] - Starting 'Chrome' driver

03-07-2024T22:17:51 - [MESSAGE][INFO] - Action delay is set to 0 milliseconds

03-07-2024T22:17:53 - [MESSAGE][PASSED] - Browser is opened with url: ''

03-07-2024T22:17:53 - [TEST_STEP][PASSED] - closeBrowser(): Browser is closed

03-07-2024T22:17:59 - [MESSAGE][PASSED] - Browser is closed]]></system-out>
         <system-err><![CDATA[]]></system-err>
      </testcase>
      <testcase name="Test Cases/abcss/New Test Case (8)" time="12.306" classname="Test Cases/abcss/New Test Case (8)" status="PASSED">
         <system-out><![CDATA[03-07-2024T22:17:59 - [TEST_CASE][PASSED] - Test Cases/abcss/New Test Case (8): Test Cases/abcss/New Test Case (8)

03-07-2024T22:17:59 - [TEST_STEP][PASSED] - openBrowser(""): Browser is opened with url: ''

03-07-2024T22:17:59 - [MESSAGE][INFO] - Starting 'Chrome' driver

03-07-2024T22:17:59 - [MESSAGE][INFO] - Action delay is set to 0 milliseconds

03-07-2024T22:18:01 - [MESSAGE][PASSED] - Browser is opened with url: ''

03-07-2024T22:18:01 - [TEST_STEP][PASSED] - closeBrowser(): Browser is closed

03-07-2024T22:18:11 - [MESSAGE][PASSED] - Browser is closed]]></system-out>
         <system-err><![CDATA[]]></system-err>
      </testcase>
      <testcase name="Test Cases/abcss/New Test Case (9)" time="2.849" classname="Test Cases/abcss/New Test Case (9)" status="PASSED">
         <system-out><![CDATA[03-07-2024T22:18:11 - [TEST_CASE][PASSED] - Test Cases/abcss/New Test Case (9): Test Cases/abcss/New Test Case (9)

03-07-2024T22:18:11 - [TEST_STEP][PASSED] - openBrowser(""): Browser is opened with url: ''

03-07-2024T22:18:11 - [MESSAGE][INFO] - Starting 'Chrome' driver

03-07-2024T22:18:11 - [MESSAGE][INFO] - Action delay is set to 0 milliseconds

03-07-2024T22:18:13 - [MESSAGE][PASSED] - Browser is opened with url: ''

03-07-2024T22:18:13 - [TEST_STEP][PASSED] - closeBrowser(): Browser is closed

03-07-2024T22:18:14 - [MESSAGE][PASSED] - Browser is closed]]></system-out>
         <system-err><![CDATA[]]></system-err>
      </testcase>
      <testcase name="Test Cases/abcss/New Test Case" time="2.583" classname="Test Cases/abcss/New Test Case" status="PASSED">
         <system-out><![CDATA[03-07-2024T22:18:14 - [TEST_CASE][PASSED] - Test Cases/abcss/New Test Case: Test Cases/abcss/New Test Case

03-07-2024T22:18:14 - [TEST_STEP][PASSED] - openBrowser(""): Browser is opened with url: ''

03-07-2024T22:18:14 - [MESSAGE][INFO] - Starting 'Chrome' driver

03-07-2024T22:18:14 - [MESSAGE][INFO] - Action delay is set to 0 milliseconds

03-07-2024T22:18:16 - [MESSAGE][PASSED] - Browser is opened with url: ''

03-07-2024T22:18:16 - [TEST_STEP][PASSED] - closeBrowser(): Browser is closed

03-07-2024T22:18:16 - [MESSAGE][PASSED] - Browser is closed]]></system-out>
         <system-err><![CDATA[]]></system-err>
      </testcase>
      <testcase name="Test Cases/ac/New Test Case (1)" time="47.03" classname="Test Cases/ac/New Test Case (1)" status="PASSED">
         <system-out><![CDATA[03-07-2024T22:18:16 - [TEST_CASE][PASSED] - Test Cases/ac/New Test Case (1): Test Cases/ac/New Test Case (1)

03-07-2024T22:18:17 - [TEST_STEP][PASSED] - openBrowser(""): Browser is opened with url: ''

03-07-2024T22:18:17 - [MESSAGE][INFO] - Starting 'Chrome' driver

03-07-2024T22:18:17 - [MESSAGE][INFO] - Action delay is set to 0 milliseconds

03-07-2024T22:18:18 - [MESSAGE][PASSED] - Browser is opened with url: ''

03-07-2024T22:18:18 - [TEST_STEP][PASSED] - navigateToUrl("https://academy.katalon.com/"): Navigate to 'https://academy.katalon.com/' successfully

03-07-2024T22:18:28 - [MESSAGE][PASSED] - Navigate to 'https://academy.katalon.com/' successfully

03-07-2024T22:18:28 - [TEST_STEP][PASSED] - takeScreenshotAsCheckpoint("current_viewport 1"): Taking screenshot successfully

03-07-2024T22:18:30 - [MESSAGE][INFO] - 0 hidden object(s)

03-07-2024T22:18:31 - [MESSAGE][PASSED] - Taking screenshot successfully
[[ATTACHMENT|keyes\keyes-current_viewport 1.png]]

03-07-2024T22:18:31 - [TEST_STEP][PASSED] - takeScreenshotAsCheckpoint("current_viewport 2 "): Taking screenshot successfully

03-07-2024T22:18:32 - [MESSAGE][INFO] - 0 hidden object(s)

03-07-2024T22:18:32 - [MESSAGE][PASSED] - Taking screenshot successfully
[[ATTACHMENT|keyes\keyes-current_viewport 2.png]]

03-07-2024T22:18:32 - [TEST_STEP][PASSED] - takeScreenshotAsCheckpoint("current_viewport 3"): Taking screenshot successfully

03-07-2024T22:18:33 - [MESSAGE][INFO] - 0 hidden object(s)

03-07-2024T22:18:34 - [MESSAGE][PASSED] - Taking screenshot successfully
[[ATTACHMENT|keyes\keyes-current_viewport 3.png]]

03-07-2024T22:18:34 - [TEST_STEP][PASSED] - takeScreenshotAsCheckpoint("current_viewport 4"): Taking screenshot successfully

03-07-2024T22:18:34 - [MESSAGE][INFO] - 0 hidden object(s)

03-07-2024T22:18:35 - [MESSAGE][PASSED] - Taking screenshot successfully
[[ATTACHMENT|keyes\keyes-current_viewport 4.png]]

03-07-2024T22:18:35 - [TEST_STEP][PASSED] - takeScreenshotAsCheckpoint("current_viewport 5"): Taking screenshot successfully

03-07-2024T22:18:38 - [MESSAGE][INFO] - 0 hidden object(s)

03-07-2024T22:18:38 - [MESSAGE][PASSED] - Taking screenshot successfully
[[ATTACHMENT|keyes\keyes-current_viewport 5.png]]

03-07-2024T22:18:38 - [TEST_STEP][PASSED] - takeScreenshotAsCheckpoint("current_viewport 6"): Taking screenshot successfully

03-07-2024T22:18:40 - [MESSAGE][INFO] - 0 hidden object(s)

03-07-2024T22:18:40 - [MESSAGE][PASSED] - Taking screenshot successfully
[[ATTACHMENT|keyes\keyes-current_viewport 6.png]]

03-07-2024T22:18:40 - [TEST_STEP][PASSED] - takeScreenshotAsCheckpoint("current_viewport 7"): Taking screenshot successfully

03-07-2024T22:18:41 - [MESSAGE][INFO] - 0 hidden object(s)

03-07-2024T22:18:41 - [MESSAGE][PASSED] - Taking screenshot successfully
[[ATTACHMENT|keyes\keyes-current_viewport 7.png]]

03-07-2024T22:18:41 - [TEST_STEP][PASSED] - takeScreenshotAsCheckpoint("current_viewport 8 "): Taking screenshot successfully

03-07-2024T22:18:42 - [MESSAGE][INFO] - 0 hidden object(s)

03-07-2024T22:18:42 - [MESSAGE][PASSED] - Taking screenshot successfully
[[ATTACHMENT|keyes\keyes-current_viewport 8.png]]

03-07-2024T22:18:42 - [TEST_STEP][PASSED] - takeScreenshotAsCheckpoint("current_viewport9"): Taking screenshot successfully

03-07-2024T22:18:43 - [MESSAGE][INFO] - 0 hidden object(s)

03-07-2024T22:18:44 - [MESSAGE][PASSED] - Taking screenshot successfully
[[ATTACHMENT|keyes\keyes-current_viewport9.png]]

03-07-2024T22:18:44 - [TEST_STEP][PASSED] - takeScreenshotAsCheckpoint("current_viewport 10"): Taking screenshot successfully

03-07-2024T22:18:46 - [MESSAGE][INFO] - 0 hidden object(s)

03-07-2024T22:18:46 - [MESSAGE][PASSED] - Taking screenshot successfully
[[ATTACHMENT|keyes\keyes-current_viewport 10.png]]

03-07-2024T22:18:46 - [TEST_STEP][PASSED] - takeScreenshotAsCheckpoint("current_viewport11"): Taking screenshot successfully

03-07-2024T22:18:47 - [MESSAGE][INFO] - 0 hidden object(s)

03-07-2024T22:18:47 - [MESSAGE][PASSED] - Taking screenshot successfully
[[ATTACHMENT|keyes\keyes-current_viewport11.png]]

03-07-2024T22:18:47 - [TEST_STEP][PASSED] - takeScreenshotAsCheckpoint("current_viewport12"): Taking screenshot successfully

03-07-2024T22:18:51 - [MESSAGE][INFO] - 0 hidden object(s)

03-07-2024T22:18:51 - [MESSAGE][PASSED] - Taking screenshot successfully
[[ATTACHMENT|keyes\keyes-current_viewport12.png]]

03-07-2024T22:18:51 - [TEST_STEP][PASSED] - takeScreenshotAsCheckpoint("current_viewport13"): Taking screenshot successfully

03-07-2024T22:18:52 - [MESSAGE][INFO] - 0 hidden object(s)

03-07-2024T22:18:53 - [MESSAGE][PASSED] - Taking screenshot successfully
[[ATTACHMENT|keyes\keyes-current_viewport13.png]]

03-07-2024T22:18:53 - [TEST_STEP][PASSED] - takeScreenshotAsCheckpoint("current_viewport14"): Taking screenshot successfully

03-07-2024T22:18:54 - [MESSAGE][INFO] - 0 hidden object(s)

03-07-2024T22:18:55 - [MESSAGE][PASSED] - Taking screenshot successfully
[[ATTACHMENT|keyes\keyes-current_viewport14.png]]

03-07-2024T22:18:55 - [TEST_STEP][PASSED] - takeScreenshotAsCheckpoint("current_viewport15"): Taking screenshot successfully

03-07-2024T22:18:57 - [MESSAGE][INFO] - 0 hidden object(s)

03-07-2024T22:18:57 - [MESSAGE][PASSED] - Taking screenshot successfully
[[ATTACHMENT|keyes\keyes-current_viewport15.png]]

03-07-2024T22:18:57 - [TEST_STEP][PASSED] - takeScreenshotAsCheckpoint("current_viewport16"): Taking screenshot successfully

03-07-2024T22:18:58 - [MESSAGE][INFO] - 0 hidden object(s)

03-07-2024T22:18:58 - [MESSAGE][PASSED] - Taking screenshot successfully
[[ATTACHMENT|keyes\keyes-current_viewport16.png]]

03-07-2024T22:18:58 - [TEST_STEP][PASSED] - takeScreenshotAsCheckpoint("current_viewport17"): Taking screenshot successfully

03-07-2024T22:19:01 - [MESSAGE][INFO] - 0 hidden object(s)

03-07-2024T22:19:01 - [MESSAGE][PASSED] - Taking screenshot successfully
[[ATTACHMENT|keyes\keyes-current_viewport17.png]]

03-07-2024T22:19:01 - [TEST_STEP][PASSED] - takeScreenshotAsCheckpoint("current_viewport16"): Taking screenshot successfully

03-07-2024T22:19:02 - [MESSAGE][INFO] - 0 hidden object(s)

03-07-2024T22:19:02 - [MESSAGE][PASSED] - Taking screenshot successfully
[[ATTACHMENT|keyes\keyes-current_viewport16.png]]

03-07-2024T22:19:02 - [TEST_STEP][PASSED] - closeBrowser(): Browser is closed

03-07-2024T22:19:03 - [MESSAGE][PASSED] - Browser is closed]]></system-out>
         <system-err><![CDATA[]]></system-err>
      </testcase>
      <testcase name="Test Cases/ac/New Test Case" time="2.389" classname="Test Cases/ac/New Test Case" status="PASSED">
         <system-out><![CDATA[03-07-2024T22:19:03 - [TEST_CASE][PASSED] - Test Cases/ac/New Test Case: Test Cases/ac/New Test Case

03-07-2024T22:19:03 - [TEST_STEP][PASSED] - sendRequest(findTestObject("ac/New Request")): Send request successfully

03-07-2024T22:19:06 - [MESSAGE][INFO] - HAR: C:\Users\tuanh\git\kata-oma\Reports\20240703_220345\thang\New Dynamic Test Suite\20240703_220345\requests\main\1.har

03-07-2024T22:19:06 - [MESSAGE][PASSED] - Send request successfully]]></system-out>
         <system-err><![CDATA[]]></system-err>
      </testcase>
      <testcase name="Test Cases/chien/New Test Case (1)" time="4.642" classname="Test Cases/chien/New Test Case (1)" status="PASSED">
         <system-out><![CDATA[03-07-2024T22:19:06 - [TEST_CASE][PASSED] - Test Cases/chien/New Test Case (1): Test Cases/chien/New Test Case (1)

03-07-2024T22:19:06 - [TEST_STEP][PASSED] - openBrowser(""): Browser is opened with url: ''

03-07-2024T22:19:06 - [MESSAGE][INFO] - Starting 'Chrome' driver

03-07-2024T22:19:06 - [MESSAGE][INFO] - Action delay is set to 0 milliseconds

03-07-2024T22:19:08 - [MESSAGE][PASSED] - Browser is opened with url: ''

03-07-2024T22:19:08 - [TEST_STEP][PASSED] - closeBrowser(): Browser is closed

03-07-2024T22:19:10 - [MESSAGE][PASSED] - Browser is closed]]></system-out>
         <system-err><![CDATA[]]></system-err>
      </testcase>
      <testcase name="Test Cases/chien/New Test Case (10)" time="3.7" classname="Test Cases/chien/New Test Case (10)" status="PASSED">
         <system-out><![CDATA[03-07-2024T22:19:10 - [TEST_CASE][PASSED] - Test Cases/chien/New Test Case (10): Test Cases/chien/New Test Case (10)

03-07-2024T22:19:10 - [TEST_STEP][PASSED] - openBrowser(""): Browser is opened with url: ''

03-07-2024T22:19:10 - [MESSAGE][INFO] - Starting 'Chrome' driver

03-07-2024T22:19:10 - [MESSAGE][INFO] - Action delay is set to 0 milliseconds

03-07-2024T22:19:13 - [MESSAGE][PASSED] - Browser is opened with url: ''

03-07-2024T22:19:13 - [TEST_STEP][PASSED] - closeBrowser(): Browser is closed

03-07-2024T22:19:14 - [MESSAGE][PASSED] - Browser is closed]]></system-out>
         <system-err><![CDATA[]]></system-err>
      </testcase>
      <testcase name="Test Cases/chien/New Test Case (11)" time="5.505" classname="Test Cases/chien/New Test Case (11)" status="PASSED">
         <system-out><![CDATA[03-07-2024T22:19:14 - [TEST_CASE][PASSED] - Test Cases/chien/New Test Case (11): Test Cases/chien/New Test Case (11)

03-07-2024T22:19:14 - [TEST_STEP][PASSED] - openBrowser(""): Browser is opened with url: ''

03-07-2024T22:19:14 - [MESSAGE][INFO] - Starting 'Chrome' driver

03-07-2024T22:19:14 - [MESSAGE][INFO] - Action delay is set to 0 milliseconds

03-07-2024T22:19:18 - [MESSAGE][PASSED] - Browser is opened with url: ''

03-07-2024T22:19:18 - [TEST_STEP][PASSED] - closeBrowser(): Browser is closed

03-07-2024T22:19:20 - [MESSAGE][PASSED] - Browser is closed]]></system-out>
         <system-err><![CDATA[]]></system-err>
      </testcase>
      <testcase name="Test Cases/chien/New Test Case (12)" time="4.357" classname="Test Cases/chien/New Test Case (12)" status="PASSED">
         <system-out><![CDATA[03-07-2024T22:19:20 - [TEST_CASE][PASSED] - Test Cases/chien/New Test Case (12): Test Cases/chien/New Test Case (12)

03-07-2024T22:19:20 - [TEST_STEP][PASSED] - openBrowser(""): Browser is opened with url: ''

03-07-2024T22:19:20 - [MESSAGE][INFO] - Starting 'Chrome' driver

03-07-2024T22:19:20 - [MESSAGE][INFO] - Action delay is set to 0 milliseconds

03-07-2024T22:19:23 - [MESSAGE][PASSED] - Browser is opened with url: ''

03-07-2024T22:19:23 - [TEST_STEP][PASSED] - closeBrowser(): Browser is closed

03-07-2024T22:19:24 - [MESSAGE][PASSED] - Browser is closed]]></system-out>
         <system-err><![CDATA[]]></system-err>
      </testcase>
      <testcase name="Test Cases/chien/New Test Case (13)" time="3.631" classname="Test Cases/chien/New Test Case (13)" status="PASSED">
         <system-out><![CDATA[03-07-2024T22:19:24 - [TEST_CASE][PASSED] - Test Cases/chien/New Test Case (13): Test Cases/chien/New Test Case (13)

03-07-2024T22:19:24 - [TEST_STEP][PASSED] - openBrowser(""): Browser is opened with url: ''

03-07-2024T22:19:24 - [MESSAGE][INFO] - Starting 'Chrome' driver

03-07-2024T22:19:24 - [MESSAGE][INFO] - Action delay is set to 0 milliseconds

03-07-2024T22:19:27 - [MESSAGE][PASSED] - Browser is opened with url: ''

03-07-2024T22:19:27 - [TEST_STEP][PASSED] - closeBrowser(): Browser is closed

03-07-2024T22:19:28 - [MESSAGE][PASSED] - Browser is closed]]></system-out>
         <system-err><![CDATA[]]></system-err>
      </testcase>
      <testcase name="Test Cases/chien/New Test Case (14)" time="4.63" classname="Test Cases/chien/New Test Case (14)" status="PASSED">
         <system-out><![CDATA[03-07-2024T22:19:28 - [TEST_CASE][PASSED] - Test Cases/chien/New Test Case (14): Test Cases/chien/New Test Case (14)

03-07-2024T22:19:28 - [TEST_STEP][PASSED] - openBrowser(""): Browser is opened with url: ''

03-07-2024T22:19:28 - [MESSAGE][INFO] - Starting 'Chrome' driver

03-07-2024T22:19:28 - [MESSAGE][INFO] - Action delay is set to 0 milliseconds

03-07-2024T22:19:30 - [MESSAGE][PASSED] - Browser is opened with url: ''

03-07-2024T22:19:30 - [TEST_STEP][PASSED] - closeBrowser(): Browser is closed

03-07-2024T22:19:32 - [MESSAGE][PASSED] - Browser is closed]]></system-out>
         <system-err><![CDATA[]]></system-err>
      </testcase>
      <testcase name="Test Cases/chien/New Test Case (15)" time="6.229" classname="Test Cases/chien/New Test Case (15)" status="PASSED">
         <system-out><![CDATA[03-07-2024T22:19:32 - [TEST_CASE][PASSED] - Test Cases/chien/New Test Case (15): Test Cases/chien/New Test Case (15)

03-07-2024T22:19:32 - [TEST_STEP][PASSED] - openBrowser(""): Browser is opened with url: ''

03-07-2024T22:19:32 - [MESSAGE][INFO] - Starting 'Chrome' driver

03-07-2024T22:19:32 - [MESSAGE][INFO] - Action delay is set to 0 milliseconds

03-07-2024T22:19:34 - [MESSAGE][PASSED] - Browser is opened with url: ''

03-07-2024T22:19:34 - [TEST_STEP][PASSED] - closeBrowser(): Browser is closed

03-07-2024T22:19:39 - [MESSAGE][PASSED] - Browser is closed]]></system-out>
         <system-err><![CDATA[]]></system-err>
      </testcase>
      <testcase name="Test Cases/chien/New Test Case (16)" time="3.925" classname="Test Cases/chien/New Test Case (16)" status="PASSED">
         <system-out><![CDATA[03-07-2024T22:19:39 - [TEST_CASE][PASSED] - Test Cases/chien/New Test Case (16): Test Cases/chien/New Test Case (16)

03-07-2024T22:19:39 - [TEST_STEP][PASSED] - openBrowser(""): Browser is opened with url: ''

03-07-2024T22:19:39 - [MESSAGE][INFO] - Starting 'Chrome' driver

03-07-2024T22:19:39 - [MESSAGE][INFO] - Action delay is set to 0 milliseconds

03-07-2024T22:19:41 - [MESSAGE][PASSED] - Browser is opened with url: ''

03-07-2024T22:19:41 - [TEST_STEP][PASSED] - closeBrowser(): Browser is closed

03-07-2024T22:19:42 - [MESSAGE][PASSED] - Browser is closed]]></system-out>
         <system-err><![CDATA[]]></system-err>
      </testcase>
      <testcase name="Test Cases/chien/New Test Case (17)" time="5.487" classname="Test Cases/chien/New Test Case (17)" status="PASSED">
         <system-out><![CDATA[03-07-2024T22:19:42 - [TEST_CASE][PASSED] - Test Cases/chien/New Test Case (17): Test Cases/chien/New Test Case (17)

03-07-2024T22:19:42 - [TEST_STEP][PASSED] - openBrowser(""): Browser is opened with url: ''

03-07-2024T22:19:43 - [MESSAGE][INFO] - Starting 'Chrome' driver

03-07-2024T22:19:43 - [MESSAGE][INFO] - Action delay is set to 0 milliseconds

03-07-2024T22:19:44 - [MESSAGE][PASSED] - Browser is opened with url: ''

03-07-2024T22:19:44 - [TEST_STEP][PASSED] - closeBrowser(): Browser is closed

03-07-2024T22:19:48 - [MESSAGE][PASSED] - Browser is closed]]></system-out>
         <system-err><![CDATA[]]></system-err>
      </testcase>
      <testcase name="Test Cases/chien/New Test Case (18)" time="5.108" classname="Test Cases/chien/New Test Case (18)" status="PASSED">
         <system-out><![CDATA[03-07-2024T22:19:48 - [TEST_CASE][PASSED] - Test Cases/chien/New Test Case (18): Test Cases/chien/New Test Case (18)

03-07-2024T22:19:48 - [TEST_STEP][PASSED] - openBrowser(""): Browser is opened with url: ''

03-07-2024T22:19:48 - [MESSAGE][INFO] - Starting 'Chrome' driver

03-07-2024T22:19:48 - [MESSAGE][INFO] - Action delay is set to 0 milliseconds

03-07-2024T22:19:50 - [MESSAGE][PASSED] - Browser is opened with url: ''

03-07-2024T22:19:50 - [TEST_STEP][PASSED] - closeBrowser(): Browser is closed

03-07-2024T22:19:53 - [MESSAGE][PASSED] - Browser is closed]]></system-out>
         <system-err><![CDATA[]]></system-err>
      </testcase>
      <testcase name="Test Cases/chien/New Test Case (19)" time="6.118" classname="Test Cases/chien/New Test Case (19)" status="PASSED">
         <system-out><![CDATA[03-07-2024T22:19:53 - [TEST_CASE][PASSED] - Test Cases/chien/New Test Case (19): Test Cases/chien/New Test Case (19)

03-07-2024T22:19:53 - [TEST_STEP][PASSED] - openBrowser(""): Browser is opened with url: ''

03-07-2024T22:19:53 - [MESSAGE][INFO] - Starting 'Chrome' driver

03-07-2024T22:19:53 - [MESSAGE][INFO] - Action delay is set to 0 milliseconds

03-07-2024T22:19:55 - [MESSAGE][PASSED] - Browser is opened with url: ''

03-07-2024T22:19:55 - [TEST_STEP][PASSED] - closeBrowser(): Browser is closed

03-07-2024T22:19:59 - [MESSAGE][PASSED] - Browser is closed]]></system-out>
         <system-err><![CDATA[]]></system-err>
      </testcase>
      <testcase name="Test Cases/chien/New Test Case (2)" time="3.852" classname="Test Cases/chien/New Test Case (2)" status="PASSED">
         <system-out><![CDATA[03-07-2024T22:19:59 - [TEST_CASE][PASSED] - Test Cases/chien/New Test Case (2): Test Cases/chien/New Test Case (2)

03-07-2024T22:19:59 - [TEST_STEP][PASSED] - openBrowser(""): Browser is opened with url: ''

03-07-2024T22:19:59 - [MESSAGE][INFO] - Starting 'Chrome' driver

03-07-2024T22:19:59 - [MESSAGE][INFO] - Action delay is set to 0 milliseconds

03-07-2024T22:20:01 - [MESSAGE][PASSED] - Browser is opened with url: ''

03-07-2024T22:20:01 - [TEST_STEP][PASSED] - closeBrowser(): Browser is closed

03-07-2024T22:20:03 - [MESSAGE][PASSED] - Browser is closed]]></system-out>
         <system-err><![CDATA[]]></system-err>
      </testcase>
      <testcase name="Test Cases/chien/New Test Case (20)" time="4.504" classname="Test Cases/chien/New Test Case (20)" status="PASSED">
         <system-out><![CDATA[03-07-2024T22:20:03 - [TEST_CASE][PASSED] - Test Cases/chien/New Test Case (20): Test Cases/chien/New Test Case (20)

03-07-2024T22:20:03 - [TEST_STEP][PASSED] - openBrowser(""): Browser is opened with url: ''

03-07-2024T22:20:03 - [MESSAGE][INFO] - Starting 'Chrome' driver

03-07-2024T22:20:03 - [MESSAGE][INFO] - Action delay is set to 0 milliseconds

03-07-2024T22:20:05 - [MESSAGE][PASSED] - Browser is opened with url: ''

03-07-2024T22:20:05 - [TEST_STEP][PASSED] - closeBrowser(): Browser is closed

03-07-2024T22:20:08 - [MESSAGE][PASSED] - Browser is closed]]></system-out>
         <system-err><![CDATA[]]></system-err>
      </testcase>
      <testcase name="Test Cases/chien/New Test Case (21)" time="7.836" classname="Test Cases/chien/New Test Case (21)" status="PASSED">
         <system-out><![CDATA[03-07-2024T22:20:08 - [TEST_CASE][PASSED] - Test Cases/chien/New Test Case (21): Test Cases/chien/New Test Case (21)

03-07-2024T22:20:08 - [TEST_STEP][PASSED] - openBrowser(""): Browser is opened with url: ''

03-07-2024T22:20:08 - [MESSAGE][INFO] - Starting 'Chrome' driver

03-07-2024T22:20:08 - [MESSAGE][INFO] - Action delay is set to 0 milliseconds

03-07-2024T22:20:10 - [MESSAGE][PASSED] - Browser is opened with url: ''

03-07-2024T22:20:10 - [TEST_STEP][PASSED] - closeBrowser(): Browser is closed

03-07-2024T22:20:15 - [MESSAGE][PASSED] - Browser is closed]]></system-out>
         <system-err><![CDATA[]]></system-err>
      </testcase>
      <testcase name="Test Cases/chien/New Test Case (22)" time="5.02" classname="Test Cases/chien/New Test Case (22)" status="PASSED">
         <system-out><![CDATA[03-07-2024T22:20:15 - [TEST_CASE][PASSED] - Test Cases/chien/New Test Case (22): Test Cases/chien/New Test Case (22)

03-07-2024T22:20:15 - [TEST_STEP][PASSED] - openBrowser(""): Browser is opened with url: ''

03-07-2024T22:20:15 - [MESSAGE][INFO] - Starting 'Chrome' driver

03-07-2024T22:20:15 - [MESSAGE][INFO] - Action delay is set to 0 milliseconds

03-07-2024T22:20:17 - [MESSAGE][PASSED] - Browser is opened with url: ''

03-07-2024T22:20:17 - [TEST_STEP][PASSED] - closeBrowser(): Browser is closed

03-07-2024T22:20:20 - [MESSAGE][PASSED] - Browser is closed]]></system-out>
         <system-err><![CDATA[]]></system-err>
      </testcase>
      <testcase name="Test Cases/chien/New Test Case (23)" time="5.129" classname="Test Cases/chien/New Test Case (23)" status="PASSED">
         <system-out><![CDATA[03-07-2024T22:20:20 - [TEST_CASE][PASSED] - Test Cases/chien/New Test Case (23): Test Cases/chien/New Test Case (23)

03-07-2024T22:20:20 - [TEST_STEP][PASSED] - openBrowser(""): Browser is opened with url: ''

03-07-2024T22:20:20 - [MESSAGE][INFO] - Starting 'Chrome' driver

03-07-2024T22:20:20 - [MESSAGE][INFO] - Action delay is set to 0 milliseconds

03-07-2024T22:20:25 - [MESSAGE][PASSED] - Browser is opened with url: ''

03-07-2024T22:20:25 - [TEST_STEP][PASSED] - closeBrowser(): Browser is closed

03-07-2024T22:20:26 - [MESSAGE][PASSED] - Browser is closed]]></system-out>
         <system-err><![CDATA[]]></system-err>
      </testcase>
      <testcase name="Test Cases/chien/New Test Case (24)" time="4.505" classname="Test Cases/chien/New Test Case (24)" status="PASSED">
         <system-out><![CDATA[03-07-2024T22:20:26 - [TEST_CASE][PASSED] - Test Cases/chien/New Test Case (24): Test Cases/chien/New Test Case (24)

03-07-2024T22:20:26 - [TEST_STEP][PASSED] - openBrowser(""): Browser is opened with url: ''

03-07-2024T22:20:26 - [MESSAGE][INFO] - Starting 'Chrome' driver

03-07-2024T22:20:26 - [MESSAGE][INFO] - Action delay is set to 0 milliseconds

03-07-2024T22:20:29 - [MESSAGE][PASSED] - Browser is opened with url: ''

03-07-2024T22:20:29 - [TEST_STEP][PASSED] - closeBrowser(): Browser is closed

03-07-2024T22:20:30 - [MESSAGE][PASSED] - Browser is closed]]></system-out>
         <system-err><![CDATA[]]></system-err>
      </testcase>
      <testcase name="Test Cases/chien/New Test Case (25)" time="4.224" classname="Test Cases/chien/New Test Case (25)" status="PASSED">
         <system-out><![CDATA[03-07-2024T22:20:30 - [TEST_CASE][PASSED] - Test Cases/chien/New Test Case (25): Test Cases/chien/New Test Case (25)

03-07-2024T22:20:30 - [TEST_STEP][PASSED] - openBrowser(""): Browser is opened with url: ''

03-07-2024T22:20:30 - [MESSAGE][INFO] - Starting 'Chrome' driver

03-07-2024T22:20:30 - [MESSAGE][INFO] - Action delay is set to 0 milliseconds

03-07-2024T22:20:33 - [MESSAGE][PASSED] - Browser is opened with url: ''

03-07-2024T22:20:33 - [TEST_STEP][PASSED] - closeBrowser(): Browser is closed

03-07-2024T22:20:34 - [MESSAGE][PASSED] - Browser is closed]]></system-out>
         <system-err><![CDATA[]]></system-err>
      </testcase>
      <testcase name="Test Cases/chien/New Test Case (26)" time="4.46" classname="Test Cases/chien/New Test Case (26)" status="PASSED">
         <system-out><![CDATA[03-07-2024T22:20:34 - [TEST_CASE][PASSED] - Test Cases/chien/New Test Case (26): Test Cases/chien/New Test Case (26)

03-07-2024T22:20:34 - [TEST_STEP][PASSED] - openBrowser(""): Browser is opened with url: ''

03-07-2024T22:20:34 - [MESSAGE][INFO] - Starting 'Chrome' driver

03-07-2024T22:20:34 - [MESSAGE][INFO] - Action delay is set to 0 milliseconds

03-07-2024T22:20:38 - [MESSAGE][PASSED] - Browser is opened with url: ''

03-07-2024T22:20:38 - [TEST_STEP][PASSED] - closeBrowser(): Browser is closed

03-07-2024T22:20:39 - [MESSAGE][PASSED] - Browser is closed]]></system-out>
         <system-err><![CDATA[]]></system-err>
      </testcase>
      <testcase name="Test Cases/chien/New Test Case (27)" time="6.422" classname="Test Cases/chien/New Test Case (27)" status="PASSED">
         <system-out><![CDATA[03-07-2024T22:20:39 - [TEST_CASE][PASSED] - Test Cases/chien/New Test Case (27): Test Cases/chien/New Test Case (27)

03-07-2024T22:20:39 - [TEST_STEP][PASSED] - openBrowser(""): Browser is opened with url: ''

03-07-2024T22:20:39 - [MESSAGE][INFO] - Starting 'Chrome' driver

03-07-2024T22:20:39 - [MESSAGE][INFO] - Action delay is set to 0 milliseconds

03-07-2024T22:20:42 - [MESSAGE][PASSED] - Browser is opened with url: ''

03-07-2024T22:20:42 - [TEST_STEP][PASSED] - closeBrowser(): Browser is closed

03-07-2024T22:20:45 - [MESSAGE][PASSED] - Browser is closed]]></system-out>
         <system-err><![CDATA[]]></system-err>
      </testcase>
      <testcase name="Test Cases/chien/New Test Case (28)" time="2.668" classname="Test Cases/chien/New Test Case (28)" status="PASSED">
         <system-out><![CDATA[03-07-2024T22:20:45 - [TEST_CASE][PASSED] - Test Cases/chien/New Test Case (28): Test Cases/chien/New Test Case (28)

03-07-2024T22:20:45 - [TEST_STEP][PASSED] - openBrowser(""): Browser is opened with url: ''

03-07-2024T22:20:45 - [MESSAGE][INFO] - Starting 'Chrome' driver

03-07-2024T22:20:45 - [MESSAGE][INFO] - Action delay is set to 0 milliseconds

03-07-2024T22:20:47 - [MESSAGE][PASSED] - Browser is opened with url: ''

03-07-2024T22:20:47 - [TEST_STEP][PASSED] - closeBrowser(): Browser is closed

03-07-2024T22:20:48 - [MESSAGE][PASSED] - Browser is closed]]></system-out>
         <system-err><![CDATA[]]></system-err>
      </testcase>
      <testcase name="Test Cases/chien/New Test Case (29)" time="3.901" classname="Test Cases/chien/New Test Case (29)" status="PASSED">
         <system-out><![CDATA[03-07-2024T22:20:48 - [TEST_CASE][PASSED] - Test Cases/chien/New Test Case (29): Test Cases/chien/New Test Case (29)

03-07-2024T22:20:48 - [TEST_STEP][PASSED] - openBrowser(""): Browser is opened with url: ''

03-07-2024T22:20:48 - [MESSAGE][INFO] - Starting 'Chrome' driver

03-07-2024T22:20:48 - [MESSAGE][INFO] - Action delay is set to 0 milliseconds

03-07-2024T22:20:50 - [MESSAGE][PASSED] - Browser is opened with url: ''

03-07-2024T22:20:50 - [TEST_STEP][PASSED] - closeBrowser(): Browser is closed

03-07-2024T22:20:52 - [MESSAGE][PASSED] - Browser is closed]]></system-out>
         <system-err><![CDATA[]]></system-err>
      </testcase>
      <testcase name="Test Cases/chien/New Test Case (3)" time="5.535" classname="Test Cases/chien/New Test Case (3)" status="PASSED">
         <system-out><![CDATA[03-07-2024T22:20:52 - [TEST_CASE][PASSED] - Test Cases/chien/New Test Case (3): Test Cases/chien/New Test Case (3)

03-07-2024T22:20:52 - [TEST_STEP][PASSED] - openBrowser(""): Browser is opened with url: ''

03-07-2024T22:20:52 - [MESSAGE][INFO] - Starting 'Chrome' driver

03-07-2024T22:20:52 - [MESSAGE][INFO] - Action delay is set to 0 milliseconds

03-07-2024T22:20:54 - [MESSAGE][PASSED] - Browser is opened with url: ''

03-07-2024T22:20:54 - [TEST_STEP][PASSED] - closeBrowser(): Browser is closed

03-07-2024T22:20:57 - [MESSAGE][PASSED] - Browser is closed]]></system-out>
         <system-err><![CDATA[]]></system-err>
      </testcase>
      <testcase name="Test Cases/chien/New Test Case (30)" time="5.298" classname="Test Cases/chien/New Test Case (30)" status="PASSED">
         <system-out><![CDATA[03-07-2024T22:20:57 - [TEST_CASE][PASSED] - Test Cases/chien/New Test Case (30): Test Cases/chien/New Test Case (30)

03-07-2024T22:20:57 - [TEST_STEP][PASSED] - openBrowser(""): Browser is opened with url: ''

03-07-2024T22:20:57 - [MESSAGE][INFO] - Starting 'Chrome' driver

03-07-2024T22:20:57 - [MESSAGE][INFO] - Action delay is set to 0 milliseconds

03-07-2024T22:21:01 - [MESSAGE][PASSED] - Browser is opened with url: ''

03-07-2024T22:21:01 - [TEST_STEP][PASSED] - closeBrowser(): Browser is closed

03-07-2024T22:21:03 - [MESSAGE][PASSED] - Browser is closed]]></system-out>
         <system-err><![CDATA[]]></system-err>
      </testcase>
      <testcase name="Test Cases/chien/New Test Case (31)" time="7.085" classname="Test Cases/chien/New Test Case (31)" status="PASSED">
         <system-out><![CDATA[03-07-2024T22:21:03 - [TEST_CASE][PASSED] - Test Cases/chien/New Test Case (31): Test Cases/chien/New Test Case (31)

03-07-2024T22:21:03 - [TEST_STEP][PASSED] - openBrowser(""): Browser is opened with url: ''

03-07-2024T22:21:03 - [MESSAGE][INFO] - Starting 'Chrome' driver

03-07-2024T22:21:03 - [MESSAGE][INFO] - Action delay is set to 0 milliseconds

03-07-2024T22:21:06 - [MESSAGE][PASSED] - Browser is opened with url: ''

03-07-2024T22:21:06 - [TEST_STEP][PASSED] - closeBrowser(): Browser is closed

03-07-2024T22:21:10 - [MESSAGE][PASSED] - Browser is closed]]></system-out>
         <system-err><![CDATA[]]></system-err>
      </testcase>
      <testcase name="Test Cases/chien/New Test Case (4)" time="2.598" classname="Test Cases/chien/New Test Case (4)" status="PASSED">
         <system-out><![CDATA[03-07-2024T22:21:10 - [TEST_CASE][PASSED] - Test Cases/chien/New Test Case (4): Test Cases/chien/New Test Case (4)

03-07-2024T22:21:10 - [TEST_STEP][PASSED] - openBrowser(""): Browser is opened with url: ''

03-07-2024T22:21:10 - [MESSAGE][INFO] - Starting 'Chrome' driver

03-07-2024T22:21:10 - [MESSAGE][INFO] - Action delay is set to 0 milliseconds

03-07-2024T22:21:11 - [MESSAGE][PASSED] - Browser is opened with url: ''

03-07-2024T22:21:11 - [TEST_STEP][PASSED] - closeBrowser(): Browser is closed

03-07-2024T22:21:12 - [MESSAGE][PASSED] - Browser is closed]]></system-out>
         <system-err><![CDATA[]]></system-err>
      </testcase>
      <testcase name="Test Cases/chien/New Test Case (5)" time="6.504" classname="Test Cases/chien/New Test Case (5)" status="PASSED">
         <system-out><![CDATA[03-07-2024T22:21:12 - [TEST_CASE][PASSED] - Test Cases/chien/New Test Case (5): Test Cases/chien/New Test Case (5)

03-07-2024T22:21:12 - [TEST_STEP][PASSED] - openBrowser(""): Browser is opened with url: ''

03-07-2024T22:21:12 - [MESSAGE][INFO] - Starting 'Chrome' driver

03-07-2024T22:21:12 - [MESSAGE][INFO] - Action delay is set to 0 milliseconds

03-07-2024T22:21:16 - [MESSAGE][PASSED] - Browser is opened with url: ''

03-07-2024T22:21:16 - [TEST_STEP][PASSED] - closeBrowser(): Browser is closed

03-07-2024T22:21:19 - [MESSAGE][PASSED] - Browser is closed]]></system-out>
         <system-err><![CDATA[]]></system-err>
      </testcase>
      <testcase name="Test Cases/chien/New Test Case (6)" time="9.149" classname="Test Cases/chien/New Test Case (6)" status="PASSED">
         <system-out><![CDATA[03-07-2024T22:21:19 - [TEST_CASE][PASSED] - Test Cases/chien/New Test Case (6): Test Cases/chien/New Test Case (6)

03-07-2024T22:21:19 - [TEST_STEP][PASSED] - openBrowser(""): Browser is opened with url: ''

03-07-2024T22:21:19 - [MESSAGE][INFO] - Starting 'Chrome' driver

03-07-2024T22:21:19 - [MESSAGE][INFO] - Action delay is set to 0 milliseconds

03-07-2024T22:21:23 - [MESSAGE][PASSED] - Browser is opened with url: ''

03-07-2024T22:21:23 - [TEST_STEP][PASSED] - closeBrowser(): Browser is closed

03-07-2024T22:21:28 - [MESSAGE][PASSED] - Browser is closed]]></system-out>
         <system-err><![CDATA[]]></system-err>
      </testcase>
      <testcase name="Test Cases/chien/New Test Case (7)" time="4.471" classname="Test Cases/chien/New Test Case (7)" status="PASSED">
         <system-out><![CDATA[03-07-2024T22:21:28 - [TEST_CASE][PASSED] - Test Cases/chien/New Test Case (7): Test Cases/chien/New Test Case (7)

03-07-2024T22:21:28 - [TEST_STEP][PASSED] - openBrowser(""): Browser is opened with url: ''

03-07-2024T22:21:28 - [MESSAGE][INFO] - Starting 'Chrome' driver

03-07-2024T22:21:28 - [MESSAGE][INFO] - Action delay is set to 0 milliseconds

03-07-2024T22:21:30 - [MESSAGE][PASSED] - Browser is opened with url: ''

03-07-2024T22:21:30 - [TEST_STEP][PASSED] - closeBrowser(): Browser is closed

03-07-2024T22:21:33 - [MESSAGE][PASSED] - Browser is closed]]></system-out>
         <system-err><![CDATA[]]></system-err>
      </testcase>
      <testcase name="Test Cases/chien/New Test Case (8)" time="4.986" classname="Test Cases/chien/New Test Case (8)" status="PASSED">
         <system-out><![CDATA[03-07-2024T22:21:33 - [TEST_CASE][PASSED] - Test Cases/chien/New Test Case (8): Test Cases/chien/New Test Case (8)

03-07-2024T22:21:33 - [TEST_STEP][PASSED] - openBrowser(""): Browser is opened with url: ''

03-07-2024T22:21:33 - [MESSAGE][INFO] - Starting 'Chrome' driver

03-07-2024T22:21:33 - [MESSAGE][INFO] - Action delay is set to 0 milliseconds

03-07-2024T22:21:36 - [MESSAGE][PASSED] - Browser is opened with url: ''

03-07-2024T22:21:36 - [TEST_STEP][PASSED] - closeBrowser(): Browser is closed

03-07-2024T22:21:37 - [MESSAGE][PASSED] - Browser is closed]]></system-out>
         <system-err><![CDATA[]]></system-err>
      </testcase>
      <testcase name="Test Cases/chien/New Test Case (9)" time="8.794" classname="Test Cases/chien/New Test Case (9)" status="PASSED">
         <system-out><![CDATA[03-07-2024T22:21:38 - [TEST_CASE][PASSED] - Test Cases/chien/New Test Case (9): Test Cases/chien/New Test Case (9)

03-07-2024T22:21:38 - [TEST_STEP][PASSED] - openBrowser(""): Browser is opened with url: ''

03-07-2024T22:21:38 - [MESSAGE][INFO] - Starting 'Chrome' driver

03-07-2024T22:21:38 - [MESSAGE][INFO] - Action delay is set to 0 milliseconds

03-07-2024T22:21:39 - [MESSAGE][PASSED] - Browser is opened with url: ''

03-07-2024T22:21:39 - [TEST_STEP][PASSED] - closeBrowser(): Browser is closed

03-07-2024T22:21:46 - [MESSAGE][PASSED] - Browser is closed]]></system-out>
         <system-err><![CDATA[]]></system-err>
      </testcase>
      <testcase name="Test Cases/chien/New Test Case" time="4.026" classname="Test Cases/chien/New Test Case" status="PASSED">
         <system-out><![CDATA[03-07-2024T22:21:46 - [TEST_CASE][PASSED] - Test Cases/chien/New Test Case: Test Cases/chien/New Test Case

03-07-2024T22:21:46 - [TEST_STEP][PASSED] - openBrowser(""): Browser is opened with url: ''

03-07-2024T22:21:46 - [MESSAGE][INFO] - Starting 'Chrome' driver

03-07-2024T22:21:46 - [MESSAGE][INFO] - Action delay is set to 0 milliseconds

03-07-2024T22:21:48 - [MESSAGE][PASSED] - Browser is opened with url: ''

03-07-2024T22:21:48 - [TEST_STEP][PASSED] - closeBrowser(): Browser is closed

03-07-2024T22:21:50 - [MESSAGE][PASSED] - Browser is closed]]></system-out>
         <system-err><![CDATA[]]></system-err>
      </testcase>
      <testcase name="Test Cases/New Folder/New Test Case (1)" time="6.784" classname="Test Cases/New Folder/New Test Case (1)" status="PASSED">
         <system-out><![CDATA[03-07-2024T22:21:50 - [TEST_CASE][PASSED] - Test Cases/New Folder/New Test Case (1): Test Cases/New Folder/New Test Case (1)

03-07-2024T22:21:50 - [TEST_STEP][PASSED] - openBrowser(""): Browser is opened with url: ''

03-07-2024T22:21:50 - [MESSAGE][INFO] - Starting 'Chrome' driver

03-07-2024T22:21:50 - [MESSAGE][INFO] - Action delay is set to 0 milliseconds

03-07-2024T22:21:53 - [MESSAGE][PASSED] - Browser is opened with url: ''

03-07-2024T22:21:53 - [TEST_STEP][PASSED] - closeBrowser(): Browser is closed

03-07-2024T22:21:57 - [MESSAGE][PASSED] - Browser is closed]]></system-out>
         <system-err><![CDATA[]]></system-err>
      </testcase>
      <testcase name="Test Cases/New Folder/New Test Case (10)" time="3.509" classname="Test Cases/New Folder/New Test Case (10)" status="PASSED">
         <system-out><![CDATA[03-07-2024T22:21:57 - [TEST_CASE][PASSED] - Test Cases/New Folder/New Test Case (10): Test Cases/New Folder/New Test Case (10)

03-07-2024T22:21:57 - [TEST_STEP][PASSED] - openBrowser(""): Browser is opened with url: ''

03-07-2024T22:21:57 - [MESSAGE][INFO] - Starting 'Chrome' driver

03-07-2024T22:21:57 - [MESSAGE][INFO] - Action delay is set to 0 milliseconds

03-07-2024T22:21:59 - [MESSAGE][PASSED] - Browser is opened with url: ''

03-07-2024T22:21:59 - [TEST_STEP][PASSED] - closeBrowser(): Browser is closed

03-07-2024T22:22:01 - [MESSAGE][PASSED] - Browser is closed]]></system-out>
         <system-err><![CDATA[]]></system-err>
      </testcase>
      <testcase name="Test Cases/New Folder/New Test Case (11)" time="3.043" classname="Test Cases/New Folder/New Test Case (11)" status="PASSED">
         <system-out><![CDATA[03-07-2024T22:22:01 - [TEST_CASE][PASSED] - Test Cases/New Folder/New Test Case (11): Test Cases/New Folder/New Test Case (11)

03-07-2024T22:22:01 - [TEST_STEP][PASSED] - openBrowser(""): Browser is opened with url: ''

03-07-2024T22:22:01 - [MESSAGE][INFO] - Starting 'Chrome' driver

03-07-2024T22:22:01 - [MESSAGE][INFO] - Action delay is set to 0 milliseconds

03-07-2024T22:22:03 - [MESSAGE][PASSED] - Browser is opened with url: ''

03-07-2024T22:22:03 - [TEST_STEP][PASSED] - closeBrowser(): Browser is closed

03-07-2024T22:22:04 - [MESSAGE][PASSED] - Browser is closed]]></system-out>
         <system-err><![CDATA[]]></system-err>
      </testcase>
      <testcase name="Test Cases/New Folder/New Test Case (12)" time="7.354" classname="Test Cases/New Folder/New Test Case (12)" status="PASSED">
         <system-out><![CDATA[03-07-2024T22:22:04 - [TEST_CASE][PASSED] - Test Cases/New Folder/New Test Case (12): Test Cases/New Folder/New Test Case (12)

03-07-2024T22:22:04 - [TEST_STEP][PASSED] - openBrowser(""): Browser is opened with url: ''

03-07-2024T22:22:04 - [MESSAGE][INFO] - Starting 'Chrome' driver

03-07-2024T22:22:04 - [MESSAGE][INFO] - Action delay is set to 0 milliseconds

03-07-2024T22:22:08 - [MESSAGE][PASSED] - Browser is opened with url: ''

03-07-2024T22:22:08 - [TEST_STEP][PASSED] - closeBrowser(): Browser is closed

03-07-2024T22:22:11 - [MESSAGE][PASSED] - Browser is closed]]></system-out>
         <system-err><![CDATA[]]></system-err>
      </testcase>
      <testcase name="Test Cases/New Folder/New Test Case (13)" time="3.789" classname="Test Cases/New Folder/New Test Case (13)" status="PASSED">
         <system-out><![CDATA[03-07-2024T22:22:11 - [TEST_CASE][PASSED] - Test Cases/New Folder/New Test Case (13): Test Cases/New Folder/New Test Case (13)

03-07-2024T22:22:11 - [TEST_STEP][PASSED] - openBrowser(""): Browser is opened with url: ''

03-07-2024T22:22:11 - [MESSAGE][INFO] - Starting 'Chrome' driver

03-07-2024T22:22:11 - [MESSAGE][INFO] - Action delay is set to 0 milliseconds

03-07-2024T22:22:13 - [MESSAGE][PASSED] - Browser is opened with url: ''

03-07-2024T22:22:13 - [TEST_STEP][PASSED] - closeBrowser(): Browser is closed

03-07-2024T22:22:15 - [MESSAGE][PASSED] - Browser is closed]]></system-out>
         <system-err><![CDATA[]]></system-err>
      </testcase>
      <testcase name="Test Cases/New Folder/New Test Case (14)" time="4.746" classname="Test Cases/New Folder/New Test Case (14)" status="PASSED">
         <system-out><![CDATA[03-07-2024T22:22:15 - [TEST_CASE][PASSED] - Test Cases/New Folder/New Test Case (14): Test Cases/New Folder/New Test Case (14)

03-07-2024T22:22:15 - [TEST_STEP][PASSED] - openBrowser(""): Browser is opened with url: ''

03-07-2024T22:22:15 - [MESSAGE][INFO] - Starting 'Chrome' driver

03-07-2024T22:22:15 - [MESSAGE][INFO] - Action delay is set to 0 milliseconds

03-07-2024T22:22:18 - [MESSAGE][PASSED] - Browser is opened with url: ''

03-07-2024T22:22:18 - [TEST_STEP][PASSED] - closeBrowser(): Browser is closed

03-07-2024T22:22:20 - [MESSAGE][PASSED] - Browser is closed]]></system-out>
         <system-err><![CDATA[]]></system-err>
      </testcase>
      <testcase name="Test Cases/New Folder/New Test Case (15)" time="5.601" classname="Test Cases/New Folder/New Test Case (15)" status="PASSED">
         <system-out><![CDATA[03-07-2024T22:22:20 - [TEST_CASE][PASSED] - Test Cases/New Folder/New Test Case (15): Test Cases/New Folder/New Test Case (15)

03-07-2024T22:22:20 - [TEST_STEP][PASSED] - openBrowser(""): Browser is opened with url: ''

03-07-2024T22:22:20 - [MESSAGE][INFO] - Starting 'Chrome' driver

03-07-2024T22:22:20 - [MESSAGE][INFO] - Action delay is set to 0 milliseconds

03-07-2024T22:22:22 - [MESSAGE][PASSED] - Browser is opened with url: ''

03-07-2024T22:22:22 - [TEST_STEP][PASSED] - closeBrowser(): Browser is closed

03-07-2024T22:22:25 - [MESSAGE][PASSED] - Browser is closed]]></system-out>
         <system-err><![CDATA[]]></system-err>
      </testcase>
      <testcase name="Test Cases/New Folder/New Test Case (16)" time="13.113" classname="Test Cases/New Folder/New Test Case (16)" status="PASSED">
         <system-out><![CDATA[03-07-2024T22:22:25 - [TEST_CASE][PASSED] - Test Cases/New Folder/New Test Case (16): Test Cases/New Folder/New Test Case (16)

03-07-2024T22:22:25 - [TEST_STEP][PASSED] - openBrowser(""): Browser is opened with url: ''

03-07-2024T22:22:25 - [MESSAGE][INFO] - Starting 'Chrome' driver

03-07-2024T22:22:25 - [MESSAGE][INFO] - Action delay is set to 0 milliseconds

03-07-2024T22:22:28 - [MESSAGE][PASSED] - Browser is opened with url: ''

03-07-2024T22:22:28 - [TEST_STEP][PASSED] - closeBrowser(): Browser is closed

03-07-2024T22:22:38 - [MESSAGE][PASSED] - Browser is closed]]></system-out>
         <system-err><![CDATA[]]></system-err>
      </testcase>
      <testcase name="Test Cases/New Folder/New Test Case (17)" time="5.365" classname="Test Cases/New Folder/New Test Case (17)" status="PASSED">
         <system-out><![CDATA[03-07-2024T22:22:38 - [TEST_CASE][PASSED] - Test Cases/New Folder/New Test Case (17): Test Cases/New Folder/New Test Case (17)

03-07-2024T22:22:38 - [TEST_STEP][PASSED] - openBrowser(""): Browser is opened with url: ''

03-07-2024T22:22:38 - [MESSAGE][INFO] - Starting 'Chrome' driver

03-07-2024T22:22:38 - [MESSAGE][INFO] - Action delay is set to 0 milliseconds

03-07-2024T22:22:40 - [MESSAGE][PASSED] - Browser is opened with url: ''

03-07-2024T22:22:40 - [TEST_STEP][PASSED] - closeBrowser(): Browser is closed

03-07-2024T22:22:44 - [MESSAGE][PASSED] - Browser is closed]]></system-out>
         <system-err><![CDATA[]]></system-err>
      </testcase>
      <testcase name="Test Cases/New Folder/New Test Case (18)" time="5.232" classname="Test Cases/New Folder/New Test Case (18)" status="PASSED">
         <system-out><![CDATA[03-07-2024T22:22:44 - [TEST_CASE][PASSED] - Test Cases/New Folder/New Test Case (18): Test Cases/New Folder/New Test Case (18)

03-07-2024T22:22:44 - [TEST_STEP][PASSED] - openBrowser(""): Browser is opened with url: ''

03-07-2024T22:22:44 - [MESSAGE][INFO] - Starting 'Chrome' driver

03-07-2024T22:22:44 - [MESSAGE][INFO] - Action delay is set to 0 milliseconds

03-07-2024T22:22:47 - [MESSAGE][PASSED] - Browser is opened with url: ''

03-07-2024T22:22:47 - [TEST_STEP][PASSED] - closeBrowser(): Browser is closed

03-07-2024T22:22:49 - [MESSAGE][PASSED] - Browser is closed]]></system-out>
         <system-err><![CDATA[]]></system-err>
      </testcase>
      <testcase name="Test Cases/New Folder/New Test Case (19)" time="6.681" classname="Test Cases/New Folder/New Test Case (19)" status="PASSED">
         <system-out><![CDATA[03-07-2024T22:22:49 - [TEST_CASE][PASSED] - Test Cases/New Folder/New Test Case (19): Test Cases/New Folder/New Test Case (19)

03-07-2024T22:22:49 - [TEST_STEP][PASSED] - openBrowser(""): Browser is opened with url: ''

03-07-2024T22:22:49 - [MESSAGE][INFO] - Starting 'Chrome' driver

03-07-2024T22:22:49 - [MESSAGE][INFO] - Action delay is set to 0 milliseconds

03-07-2024T22:22:50 - [MESSAGE][PASSED] - Browser is opened with url: ''

03-07-2024T22:22:50 - [TEST_STEP][PASSED] - closeBrowser(): Browser is closed

03-07-2024T22:22:56 - [MESSAGE][PASSED] - Browser is closed]]></system-out>
         <system-err><![CDATA[]]></system-err>
      </testcase>
      <testcase name="Test Cases/New Folder/New Test Case (2)" time="6.172" classname="Test Cases/New Folder/New Test Case (2)" status="PASSED">
         <system-out><![CDATA[03-07-2024T22:22:56 - [TEST_CASE][PASSED] - Test Cases/New Folder/New Test Case (2): Test Cases/New Folder/New Test Case (2)

03-07-2024T22:22:56 - [TEST_STEP][PASSED] - openBrowser(""): Browser is opened with url: ''

03-07-2024T22:22:56 - [MESSAGE][INFO] - Starting 'Chrome' driver

03-07-2024T22:22:56 - [MESSAGE][INFO] - Action delay is set to 0 milliseconds

03-07-2024T22:22:59 - [MESSAGE][PASSED] - Browser is opened with url: ''

03-07-2024T22:22:59 - [TEST_STEP][PASSED] - closeBrowser(): Browser is closed

03-07-2024T22:23:02 - [MESSAGE][PASSED] - Browser is closed]]></system-out>
         <system-err><![CDATA[]]></system-err>
      </testcase>
      <testcase name="Test Cases/New Folder/New Test Case (20)" time="5.312" classname="Test Cases/New Folder/New Test Case (20)" status="PASSED">
         <system-out><![CDATA[03-07-2024T22:23:02 - [TEST_CASE][PASSED] - Test Cases/New Folder/New Test Case (20): Test Cases/New Folder/New Test Case (20)

03-07-2024T22:23:02 - [TEST_STEP][PASSED] - openBrowser(""): Browser is opened with url: ''

03-07-2024T22:23:02 - [MESSAGE][INFO] - Starting 'Chrome' driver

03-07-2024T22:23:02 - [MESSAGE][INFO] - Action delay is set to 0 milliseconds

03-07-2024T22:23:04 - [MESSAGE][PASSED] - Browser is opened with url: ''

03-07-2024T22:23:04 - [TEST_STEP][PASSED] - closeBrowser(): Browser is closed

03-07-2024T22:23:07 - [MESSAGE][PASSED] - Browser is closed]]></system-out>
         <system-err><![CDATA[]]></system-err>
      </testcase>
      <testcase name="Test Cases/New Folder/New Test Case (21)" time="4.601" classname="Test Cases/New Folder/New Test Case (21)" status="PASSED">
         <system-out><![CDATA[03-07-2024T22:23:07 - [TEST_CASE][PASSED] - Test Cases/New Folder/New Test Case (21): Test Cases/New Folder/New Test Case (21)

03-07-2024T22:23:07 - [TEST_STEP][PASSED] - openBrowser(""): Browser is opened with url: ''

03-07-2024T22:23:07 - [MESSAGE][INFO] - Starting 'Chrome' driver

03-07-2024T22:23:07 - [MESSAGE][INFO] - Action delay is set to 0 milliseconds

03-07-2024T22:23:10 - [MESSAGE][PASSED] - Browser is opened with url: ''

03-07-2024T22:23:10 - [TEST_STEP][PASSED] - closeBrowser(): Browser is closed

03-07-2024T22:23:12 - [MESSAGE][PASSED] - Browser is closed]]></system-out>
         <system-err><![CDATA[]]></system-err>
      </testcase>
      <testcase name="Test Cases/New Folder/New Test Case (22)" time="7.73" classname="Test Cases/New Folder/New Test Case (22)" status="PASSED">
         <system-out><![CDATA[03-07-2024T22:23:12 - [TEST_CASE][PASSED] - Test Cases/New Folder/New Test Case (22): Test Cases/New Folder/New Test Case (22)

03-07-2024T22:23:12 - [TEST_STEP][PASSED] - openBrowser(""): Browser is opened with url: ''

03-07-2024T22:23:12 - [MESSAGE][INFO] - Starting 'Chrome' driver

03-07-2024T22:23:12 - [MESSAGE][INFO] - Action delay is set to 0 milliseconds

03-07-2024T22:23:14 - [MESSAGE][PASSED] - Browser is opened with url: ''

03-07-2024T22:23:14 - [TEST_STEP][PASSED] - closeBrowser(): Browser is closed

03-07-2024T22:23:20 - [MESSAGE][PASSED] - Browser is closed]]></system-out>
         <system-err><![CDATA[]]></system-err>
      </testcase>
      <testcase name="Test Cases/New Folder/New Test Case (23)" time="4.83" classname="Test Cases/New Folder/New Test Case (23)" status="PASSED">
         <system-out><![CDATA[03-07-2024T22:23:20 - [TEST_CASE][PASSED] - Test Cases/New Folder/New Test Case (23): Test Cases/New Folder/New Test Case (23)

03-07-2024T22:23:20 - [TEST_STEP][PASSED] - openBrowser(""): Browser is opened with url: ''

03-07-2024T22:23:20 - [MESSAGE][INFO] - Starting 'Chrome' driver

03-07-2024T22:23:20 - [MESSAGE][INFO] - Action delay is set to 0 milliseconds

03-07-2024T22:23:21 - [MESSAGE][PASSED] - Browser is opened with url: ''

03-07-2024T22:23:21 - [TEST_STEP][PASSED] - closeBrowser(): Browser is closed

03-07-2024T22:23:24 - [MESSAGE][PASSED] - Browser is closed]]></system-out>
         <system-err><![CDATA[]]></system-err>
      </testcase>
      <testcase name="Test Cases/New Folder/New Test Case (24)" time="5.965" classname="Test Cases/New Folder/New Test Case (24)" status="PASSED">
         <system-out><![CDATA[03-07-2024T22:23:24 - [TEST_CASE][PASSED] - Test Cases/New Folder/New Test Case (24): Test Cases/New Folder/New Test Case (24)

03-07-2024T22:23:24 - [TEST_STEP][PASSED] - openBrowser(""): Browser is opened with url: ''

03-07-2024T22:23:24 - [MESSAGE][INFO] - Starting 'Chrome' driver

03-07-2024T22:23:24 - [MESSAGE][INFO] - Action delay is set to 0 milliseconds

03-07-2024T22:23:26 - [MESSAGE][PASSED] - Browser is opened with url: ''

03-07-2024T22:23:26 - [TEST_STEP][PASSED] - closeBrowser(): Browser is closed

03-07-2024T22:23:30 - [MESSAGE][PASSED] - Browser is closed]]></system-out>
         <system-err><![CDATA[]]></system-err>
      </testcase>
      <testcase name="Test Cases/New Folder/New Test Case (25)" time="3.847" classname="Test Cases/New Folder/New Test Case (25)" status="PASSED">
         <system-out><![CDATA[03-07-2024T22:23:30 - [TEST_CASE][PASSED] - Test Cases/New Folder/New Test Case (25): Test Cases/New Folder/New Test Case (25)

03-07-2024T22:23:30 - [TEST_STEP][PASSED] - openBrowser(""): Browser is opened with url: ''

03-07-2024T22:23:30 - [MESSAGE][INFO] - Starting 'Chrome' driver

03-07-2024T22:23:30 - [MESSAGE][INFO] - Action delay is set to 0 milliseconds

03-07-2024T22:23:33 - [MESSAGE][PASSED] - Browser is opened with url: ''

03-07-2024T22:23:33 - [TEST_STEP][PASSED] - closeBrowser(): Browser is closed

03-07-2024T22:23:34 - [MESSAGE][PASSED] - Browser is closed]]></system-out>
         <system-err><![CDATA[]]></system-err>
      </testcase>
      <testcase name="Test Cases/New Folder/New Test Case (26)" time="5.07" classname="Test Cases/New Folder/New Test Case (26)" status="PASSED">
         <system-out><![CDATA[03-07-2024T22:23:34 - [TEST_CASE][PASSED] - Test Cases/New Folder/New Test Case (26): Test Cases/New Folder/New Test Case (26)

03-07-2024T22:23:34 - [TEST_STEP][PASSED] - openBrowser(""): Browser is opened with url: ''

03-07-2024T22:23:34 - [MESSAGE][INFO] - Starting 'Chrome' driver

03-07-2024T22:23:34 - [MESSAGE][INFO] - Action delay is set to 0 milliseconds

03-07-2024T22:23:38 - [MESSAGE][PASSED] - Browser is opened with url: ''

03-07-2024T22:23:38 - [TEST_STEP][PASSED] - closeBrowser(): Browser is closed

03-07-2024T22:23:39 - [MESSAGE][PASSED] - Browser is closed]]></system-out>
         <system-err><![CDATA[]]></system-err>
      </testcase>
      <testcase name="Test Cases/New Folder/New Test Case (27)" time="6.191" classname="Test Cases/New Folder/New Test Case (27)" status="PASSED">
         <system-out><![CDATA[03-07-2024T22:23:39 - [TEST_CASE][PASSED] - Test Cases/New Folder/New Test Case (27): Test Cases/New Folder/New Test Case (27)

03-07-2024T22:23:39 - [TEST_STEP][PASSED] - openBrowser(""): Browser is opened with url: ''

03-07-2024T22:23:39 - [MESSAGE][INFO] - Starting 'Chrome' driver

03-07-2024T22:23:39 - [MESSAGE][INFO] - Action delay is set to 0 milliseconds

03-07-2024T22:23:42 - [MESSAGE][PASSED] - Browser is opened with url: ''

03-07-2024T22:23:42 - [TEST_STEP][PASSED] - closeBrowser(): Browser is closed

03-07-2024T22:23:46 - [MESSAGE][PASSED] - Browser is closed]]></system-out>
         <system-err><![CDATA[]]></system-err>
      </testcase>
      <testcase name="Test Cases/New Folder/New Test Case (28)" time="3.564" classname="Test Cases/New Folder/New Test Case (28)" status="PASSED">
         <system-out><![CDATA[03-07-2024T22:23:46 - [TEST_CASE][PASSED] - Test Cases/New Folder/New Test Case (28): Test Cases/New Folder/New Test Case (28)

03-07-2024T22:23:46 - [TEST_STEP][PASSED] - openBrowser(""): Browser is opened with url: ''

03-07-2024T22:23:46 - [MESSAGE][INFO] - Starting 'Chrome' driver

03-07-2024T22:23:46 - [MESSAGE][INFO] - Action delay is set to 0 milliseconds

03-07-2024T22:23:48 - [MESSAGE][PASSED] - Browser is opened with url: ''

03-07-2024T22:23:48 - [TEST_STEP][PASSED] - closeBrowser(): Browser is closed

03-07-2024T22:23:49 - [MESSAGE][PASSED] - Browser is closed]]></system-out>
         <system-err><![CDATA[]]></system-err>
      </testcase>
      <testcase name="Test Cases/New Folder/New Test Case (29)" time="4.712" classname="Test Cases/New Folder/New Test Case (29)" status="PASSED">
         <system-out><![CDATA[03-07-2024T22:23:49 - [TEST_CASE][PASSED] - Test Cases/New Folder/New Test Case (29): Test Cases/New Folder/New Test Case (29)

03-07-2024T22:23:49 - [TEST_STEP][PASSED] - openBrowser(""): Browser is opened with url: ''

03-07-2024T22:23:49 - [MESSAGE][INFO] - Starting 'Chrome' driver

03-07-2024T22:23:49 - [MESSAGE][INFO] - Action delay is set to 0 milliseconds

03-07-2024T22:23:52 - [MESSAGE][PASSED] - Browser is opened with url: ''

03-07-2024T22:23:52 - [TEST_STEP][PASSED] - closeBrowser(): Browser is closed

03-07-2024T22:23:54 - [MESSAGE][PASSED] - Browser is closed]]></system-out>
         <system-err><![CDATA[]]></system-err>
      </testcase>
      <testcase name="Test Cases/New Folder/New Test Case (3)" time="4.587" classname="Test Cases/New Folder/New Test Case (3)" status="PASSED">
         <system-out><![CDATA[03-07-2024T22:23:54 - [TEST_CASE][PASSED] - Test Cases/New Folder/New Test Case (3): Test Cases/New Folder/New Test Case (3)

03-07-2024T22:23:54 - [TEST_STEP][PASSED] - openBrowser(""): Browser is opened with url: ''

03-07-2024T22:23:54 - [MESSAGE][INFO] - Starting 'Chrome' driver

03-07-2024T22:23:54 - [MESSAGE][INFO] - Action delay is set to 0 milliseconds

03-07-2024T22:23:57 - [MESSAGE][PASSED] - Browser is opened with url: ''

03-07-2024T22:23:57 - [TEST_STEP][PASSED] - closeBrowser(): Browser is closed

03-07-2024T22:23:58 - [MESSAGE][PASSED] - Browser is closed]]></system-out>
         <system-err><![CDATA[]]></system-err>
      </testcase>
      <testcase name="Test Cases/New Folder/New Test Case (30)" time="6.383" classname="Test Cases/New Folder/New Test Case (30)" status="PASSED">
         <system-out><![CDATA[03-07-2024T22:23:58 - [TEST_CASE][PASSED] - Test Cases/New Folder/New Test Case (30): Test Cases/New Folder/New Test Case (30)

03-07-2024T22:23:58 - [TEST_STEP][PASSED] - openBrowser(""): Browser is opened with url: ''

03-07-2024T22:23:58 - [MESSAGE][INFO] - Starting 'Chrome' driver

03-07-2024T22:23:58 - [MESSAGE][INFO] - Action delay is set to 0 milliseconds

03-07-2024T22:24:03 - [MESSAGE][PASSED] - Browser is opened with url: ''

03-07-2024T22:24:03 - [TEST_STEP][PASSED] - closeBrowser(): Browser is closed

03-07-2024T22:24:05 - [MESSAGE][PASSED] - Browser is closed]]></system-out>
         <system-err><![CDATA[]]></system-err>
      </testcase>
      <testcase name="Test Cases/New Folder/New Test Case (31)" time="4.408" classname="Test Cases/New Folder/New Test Case (31)" status="PASSED">
         <system-out><![CDATA[03-07-2024T22:24:05 - [TEST_CASE][PASSED] - Test Cases/New Folder/New Test Case (31): Test Cases/New Folder/New Test Case (31)

03-07-2024T22:24:05 - [TEST_STEP][PASSED] - openBrowser(""): Browser is opened with url: ''

03-07-2024T22:24:05 - [MESSAGE][INFO] - Starting 'Chrome' driver

03-07-2024T22:24:05 - [MESSAGE][INFO] - Action delay is set to 0 milliseconds

03-07-2024T22:24:07 - [MESSAGE][PASSED] - Browser is opened with url: ''

03-07-2024T22:24:07 - [TEST_STEP][PASSED] - closeBrowser(): Browser is closed

03-07-2024T22:24:09 - [MESSAGE][PASSED] - Browser is closed]]></system-out>
         <system-err><![CDATA[]]></system-err>
      </testcase>
      <testcase name="Test Cases/New Folder/New Test Case (32)" time="0.024" classname="Test Cases/New Folder/New Test Case (32)" status="PASSED">
         <system-out><![CDATA[03-07-2024T22:24:09 - [TEST_CASE][PASSED] - Test Cases/New Folder/New Test Case (32): Test Cases/New Folder/New Test Case (32)

03-07-2024T22:24:09 - [TEST_STEP][PASSED] - return null: null]]></system-out>
         <system-err><![CDATA[]]></system-err>
      </testcase>
      <testcase name="Test Cases/New Folder/New Test Case (33)" time="7.68" classname="Test Cases/New Folder/New Test Case (33)" status="PASSED">
         <system-out><![CDATA[03-07-2024T22:24:09 - [TEST_CASE][PASSED] - Test Cases/New Folder/New Test Case (33): Test Cases/New Folder/New Test Case (33)

03-07-2024T22:24:09 - [TEST_STEP][PASSED] - openBrowser(""): Browser is opened with url: ''

03-07-2024T22:24:09 - [MESSAGE][INFO] - Starting 'Chrome' driver

03-07-2024T22:24:09 - [MESSAGE][INFO] - Action delay is set to 0 milliseconds

03-07-2024T22:24:12 - [MESSAGE][PASSED] - Browser is opened with url: ''

03-07-2024T22:24:12 - [TEST_STEP][PASSED] - closeBrowser(): Browser is closed

03-07-2024T22:24:17 - [MESSAGE][PASSED] - Browser is closed]]></system-out>
         <system-err><![CDATA[]]></system-err>
      </testcase>
      <testcase name="Test Cases/New Folder/New Test Case (4)" time="3.95" classname="Test Cases/New Folder/New Test Case (4)" status="PASSED">
         <system-out><![CDATA[03-07-2024T22:24:17 - [TEST_CASE][PASSED] - Test Cases/New Folder/New Test Case (4): Test Cases/New Folder/New Test Case (4)

03-07-2024T22:24:17 - [TEST_STEP][PASSED] - openBrowser(""): Browser is opened with url: ''

03-07-2024T22:24:17 - [MESSAGE][INFO] - Starting 'Chrome' driver

03-07-2024T22:24:17 - [MESSAGE][INFO] - Action delay is set to 0 milliseconds

03-07-2024T22:24:18 - [MESSAGE][PASSED] - Browser is opened with url: ''

03-07-2024T22:24:18 - [TEST_STEP][PASSED] - closeBrowser(): Browser is closed

03-07-2024T22:24:21 - [MESSAGE][PASSED] - Browser is closed]]></system-out>
         <system-err><![CDATA[]]></system-err>
      </testcase>
      <testcase name="Test Cases/New Folder/New Test Case (5)" time="4.102" classname="Test Cases/New Folder/New Test Case (5)" status="PASSED">
         <system-out><![CDATA[03-07-2024T22:24:21 - [TEST_CASE][PASSED] - Test Cases/New Folder/New Test Case (5): Test Cases/New Folder/New Test Case (5)

03-07-2024T22:24:21 - [TEST_STEP][PASSED] - openBrowser(""): Browser is opened with url: ''

03-07-2024T22:24:21 - [MESSAGE][INFO] - Starting 'Chrome' driver

03-07-2024T22:24:21 - [MESSAGE][INFO] - Action delay is set to 0 milliseconds

03-07-2024T22:24:24 - [MESSAGE][PASSED] - Browser is opened with url: ''

03-07-2024T22:24:24 - [TEST_STEP][PASSED] - closeBrowser(): Browser is closed

03-07-2024T22:24:25 - [MESSAGE][PASSED] - Browser is closed]]></system-out>
         <system-err><![CDATA[]]></system-err>
      </testcase>
      <testcase name="Test Cases/New Folder/New Test Case (6)" time="4.786" classname="Test Cases/New Folder/New Test Case (6)" status="PASSED">
         <system-out><![CDATA[03-07-2024T22:24:25 - [TEST_CASE][PASSED] - Test Cases/New Folder/New Test Case (6): Test Cases/New Folder/New Test Case (6)

03-07-2024T22:24:25 - [TEST_STEP][PASSED] - openBrowser(""): Browser is opened with url: ''

03-07-2024T22:24:25 - [MESSAGE][INFO] - Starting 'Chrome' driver

03-07-2024T22:24:25 - [MESSAGE][INFO] - Action delay is set to 0 milliseconds

03-07-2024T22:24:27 - [MESSAGE][PASSED] - Browser is opened with url: ''

03-07-2024T22:24:27 - [TEST_STEP][PASSED] - closeBrowser(): Browser is closed

03-07-2024T22:24:30 - [MESSAGE][PASSED] - Browser is closed]]></system-out>
         <system-err><![CDATA[]]></system-err>
      </testcase>
      <testcase name="Test Cases/New Folder/New Test Case (7)" time="3.278" classname="Test Cases/New Folder/New Test Case (7)" status="PASSED">
         <system-out><![CDATA[03-07-2024T22:24:30 - [TEST_CASE][PASSED] - Test Cases/New Folder/New Test Case (7): Test Cases/New Folder/New Test Case (7)

03-07-2024T22:24:30 - [TEST_STEP][PASSED] - openBrowser(""): Browser is opened with url: ''

03-07-2024T22:24:30 - [MESSAGE][INFO] - Starting 'Chrome' driver

03-07-2024T22:24:30 - [MESSAGE][INFO] - Action delay is set to 0 milliseconds

03-07-2024T22:24:32 - [MESSAGE][PASSED] - Browser is opened with url: ''

03-07-2024T22:24:32 - [TEST_STEP][PASSED] - closeBrowser(): Browser is closed

03-07-2024T22:24:33 - [MESSAGE][PASSED] - Browser is closed]]></system-out>
         <system-err><![CDATA[]]></system-err>
      </testcase>
      <testcase name="Test Cases/New Folder/New Test Case (8)" time="6.12" classname="Test Cases/New Folder/New Test Case (8)" status="PASSED">
         <system-out><![CDATA[03-07-2024T22:24:33 - [TEST_CASE][PASSED] - Test Cases/New Folder/New Test Case (8): Test Cases/New Folder/New Test Case (8)

03-07-2024T22:24:33 - [TEST_STEP][PASSED] - openBrowser(""): Browser is opened with url: ''

03-07-2024T22:24:33 - [MESSAGE][INFO] - Starting 'Chrome' driver

03-07-2024T22:24:33 - [MESSAGE][INFO] - Action delay is set to 0 milliseconds

03-07-2024T22:24:36 - [MESSAGE][PASSED] - Browser is opened with url: ''

03-07-2024T22:24:36 - [TEST_STEP][PASSED] - closeBrowser(): Browser is closed

03-07-2024T22:24:39 - [MESSAGE][PASSED] - Browser is closed]]></system-out>
         <system-err><![CDATA[]]></system-err>
      </testcase>
      <testcase name="Test Cases/New Folder/New Test Case (9)" time="6.666" classname="Test Cases/New Folder/New Test Case (9)" status="PASSED">
         <system-out><![CDATA[03-07-2024T22:24:39 - [TEST_CASE][PASSED] - Test Cases/New Folder/New Test Case (9): Test Cases/New Folder/New Test Case (9)

03-07-2024T22:24:39 - [TEST_STEP][PASSED] - openBrowser(""): Browser is opened with url: ''

03-07-2024T22:24:39 - [MESSAGE][INFO] - Starting 'Chrome' driver

03-07-2024T22:24:39 - [MESSAGE][INFO] - Action delay is set to 0 milliseconds

03-07-2024T22:24:44 - [MESSAGE][PASSED] - Browser is opened with url: ''

03-07-2024T22:24:44 - [TEST_STEP][PASSED] - closeBrowser(): Browser is closed

03-07-2024T22:24:46 - [MESSAGE][PASSED] - Browser is closed]]></system-out>
         <system-err><![CDATA[]]></system-err>
      </testcase>
      <testcase name="Test Cases/New Folder/New Test Case" time="4.556" classname="Test Cases/New Folder/New Test Case" status="PASSED">
         <system-out><![CDATA[03-07-2024T22:24:46 - [TEST_CASE][PASSED] - Test Cases/New Folder/New Test Case: Test Cases/New Folder/New Test Case

03-07-2024T22:24:46 - [TEST_STEP][PASSED] - openBrowser(""): Browser is opened with url: ''

03-07-2024T22:24:46 - [MESSAGE][INFO] - Starting 'Chrome' driver

03-07-2024T22:24:46 - [MESSAGE][INFO] - Action delay is set to 0 milliseconds

03-07-2024T22:24:49 - [MESSAGE][PASSED] - Browser is opened with url: ''

03-07-2024T22:24:49 - [TEST_STEP][PASSED] - closeBrowser(): Browser is closed

03-07-2024T22:24:50 - [MESSAGE][PASSED] - Browser is closed]]></system-out>
         <system-err><![CDATA[]]></system-err>
      </testcase>
      <testcase name="Test Cases/thang/New Test Case" time="5.028" classname="Test Cases/thang/New Test Case" status="PASSED">
         <system-out><![CDATA[03-07-2024T22:24:50 - [TEST_CASE][PASSED] - Test Cases/thang/New Test Case: Test Cases/thang/New Test Case

03-07-2024T22:24:51 - [TEST_STEP][PASSED] - openBrowser(""): Browser is opened with url: ''

03-07-2024T22:24:51 - [MESSAGE][INFO] - Starting 'Chrome' driver

03-07-2024T22:24:51 - [MESSAGE][INFO] - Action delay is set to 0 milliseconds

03-07-2024T22:24:53 - [MESSAGE][PASSED] - Browser is opened with url: ''

03-07-2024T22:24:53 - [TEST_STEP][PASSED] - closeBrowser(): Browser is closed

03-07-2024T22:24:56 - [MESSAGE][PASSED] - Browser is closed]]></system-out>
         <system-err><![CDATA[]]></system-err>
      </testcase>
      <testcase name="Test Cases/thang/New Test Case" time="5.688" classname="Test Cases/thang/New Test Case" status="PASSED">
         <system-out><![CDATA[03-07-2024T22:24:56 - [TEST_CASE][PASSED] - Test Cases/thang/New Test Case: Test Cases/thang/New Test Case

03-07-2024T22:24:56 - [TEST_STEP][PASSED] - openBrowser(""): Browser is opened with url: ''

03-07-2024T22:24:56 - [MESSAGE][INFO] - Starting 'Chrome' driver

03-07-2024T22:24:56 - [MESSAGE][INFO] - Action delay is set to 0 milliseconds

03-07-2024T22:24:58 - [MESSAGE][PASSED] - Browser is opened with url: ''

03-07-2024T22:24:58 - [TEST_STEP][PASSED] - closeBrowser(): Browser is closed

03-07-2024T22:25:01 - [MESSAGE][PASSED] - Browser is closed]]></system-out>
         <system-err><![CDATA[]]></system-err>
      </testcase>
      <testcase name="Test Cases/thang/New Test Case" time="5.984" classname="Test Cases/thang/New Test Case" status="PASSED">
         <system-out><![CDATA[03-07-2024T22:25:01 - [TEST_CASE][PASSED] - Test Cases/thang/New Test Case: Test Cases/thang/New Test Case

03-07-2024T22:25:01 - [TEST_STEP][PASSED] - openBrowser(""): Browser is opened with url: ''

03-07-2024T22:25:01 - [MESSAGE][INFO] - Starting 'Chrome' driver

03-07-2024T22:25:01 - [MESSAGE][INFO] - Action delay is set to 0 milliseconds

03-07-2024T22:25:03 - [MESSAGE][PASSED] - Browser is opened with url: ''

03-07-2024T22:25:03 - [TEST_STEP][PASSED] - closeBrowser(): Browser is closed

03-07-2024T22:25:07 - [MESSAGE][PASSED] - Browser is closed]]></system-out>
         <system-err><![CDATA[]]></system-err>
      </testcase>
      <testcase name="Test Cases/thang/New Test Case" time="6.245" classname="Test Cases/thang/New Test Case" status="PASSED">
         <system-out><![CDATA[03-07-2024T22:25:07 - [TEST_CASE][PASSED] - Test Cases/thang/New Test Case: Test Cases/thang/New Test Case

03-07-2024T22:25:07 - [TEST_STEP][PASSED] - openBrowser(""): Browser is opened with url: ''

03-07-2024T22:25:07 - [MESSAGE][INFO] - Starting 'Chrome' driver

03-07-2024T22:25:07 - [MESSAGE][INFO] - Action delay is set to 0 milliseconds

03-07-2024T22:25:09 - [MESSAGE][PASSED] - Browser is opened with url: ''

03-07-2024T22:25:09 - [TEST_STEP][PASSED] - closeBrowser(): Browser is closed

03-07-2024T22:25:13 - [MESSAGE][PASSED] - Browser is closed]]></system-out>
         <system-err><![CDATA[]]></system-err>
      </testcase>
      <testcase name="Test Cases/thang/New Test Case" time="5.668" classname="Test Cases/thang/New Test Case" status="PASSED">
         <system-out><![CDATA[03-07-2024T22:25:13 - [TEST_CASE][PASSED] - Test Cases/thang/New Test Case: Test Cases/thang/New Test Case

03-07-2024T22:25:13 - [TEST_STEP][PASSED] - openBrowser(""): Browser is opened with url: ''

03-07-2024T22:25:13 - [MESSAGE][INFO] - Starting 'Chrome' driver

03-07-2024T22:25:13 - [MESSAGE][INFO] - Action delay is set to 0 milliseconds

03-07-2024T22:25:15 - [MESSAGE][PASSED] - Browser is opened with url: ''

03-07-2024T22:25:15 - [TEST_STEP][PASSED] - closeBrowser(): Browser is closed

03-07-2024T22:25:19 - [MESSAGE][PASSED] - Browser is closed]]></system-out>
         <system-err><![CDATA[]]></system-err>
      </testcase>
      <testcase name="Test Cases/thang/New Test Case" time="5.692" classname="Test Cases/thang/New Test Case" status="PASSED">
         <system-out><![CDATA[03-07-2024T22:25:19 - [TEST_CASE][PASSED] - Test Cases/thang/New Test Case: Test Cases/thang/New Test Case

03-07-2024T22:25:19 - [TEST_STEP][PASSED] - openBrowser(""): Browser is opened with url: ''

03-07-2024T22:25:19 - [MESSAGE][INFO] - Starting 'Chrome' driver

03-07-2024T22:25:19 - [MESSAGE][INFO] - Action delay is set to 0 milliseconds

03-07-2024T22:25:21 - [MESSAGE][PASSED] - Browser is opened with url: ''

03-07-2024T22:25:21 - [TEST_STEP][PASSED] - closeBrowser(): Browser is closed

03-07-2024T22:25:25 - [MESSAGE][PASSED] - Browser is closed]]></system-out>
         <system-err><![CDATA[]]></system-err>
      </testcase>
      <testcase name="Test Cases/thang/New Test Case" time="6.289" classname="Test Cases/thang/New Test Case" status="PASSED">
         <system-out><![CDATA[03-07-2024T22:25:25 - [TEST_CASE][PASSED] - Test Cases/thang/New Test Case: Test Cases/thang/New Test Case

03-07-2024T22:25:25 - [TEST_STEP][PASSED] - openBrowser(""): Browser is opened with url: ''

03-07-2024T22:25:25 - [MESSAGE][INFO] - Starting 'Chrome' driver

03-07-2024T22:25:25 - [MESSAGE][INFO] - Action delay is set to 0 milliseconds

03-07-2024T22:25:26 - [MESSAGE][PASSED] - Browser is opened with url: ''

03-07-2024T22:25:26 - [TEST_STEP][PASSED] - closeBrowser(): Browser is closed

03-07-2024T22:25:31 - [MESSAGE][PASSED] - Browser is closed]]></system-out>
         <system-err><![CDATA[]]></system-err>
      </testcase>
      <testcase name="Test Cases/thang/New Test Case" time="4.014" classname="Test Cases/thang/New Test Case" status="PASSED">
         <system-out><![CDATA[03-07-2024T22:25:31 - [TEST_CASE][PASSED] - Test Cases/thang/New Test Case: Test Cases/thang/New Test Case

03-07-2024T22:25:31 - [TEST_STEP][PASSED] - openBrowser(""): Browser is opened with url: ''

03-07-2024T22:25:31 - [MESSAGE][INFO] - Starting 'Chrome' driver

03-07-2024T22:25:31 - [MESSAGE][INFO] - Action delay is set to 0 milliseconds

03-07-2024T22:25:33 - [MESSAGE][PASSED] - Browser is opened with url: ''

03-07-2024T22:25:33 - [TEST_STEP][PASSED] - closeBrowser(): Browser is closed

03-07-2024T22:25:35 - [MESSAGE][PASSED] - Browser is closed]]></system-out>
         <system-err><![CDATA[]]></system-err>
      </testcase>
      <testcase name="Test Cases/thang/New Test Case" time="7.889" classname="Test Cases/thang/New Test Case" status="PASSED">
         <system-out><![CDATA[03-07-2024T22:25:35 - [TEST_CASE][PASSED] - Test Cases/thang/New Test Case: Test Cases/thang/New Test Case

03-07-2024T22:25:35 - [TEST_STEP][PASSED] - openBrowser(""): Browser is opened with url: ''

03-07-2024T22:25:35 - [MESSAGE][INFO] - Starting 'Chrome' driver

03-07-2024T22:25:35 - [MESSAGE][INFO] - Action delay is set to 0 milliseconds

03-07-2024T22:25:37 - [MESSAGE][PASSED] - Browser is opened with url: ''

03-07-2024T22:25:37 - [TEST_STEP][PASSED] - closeBrowser(): Browser is closed

03-07-2024T22:25:43 - [MESSAGE][PASSED] - Browser is closed]]></system-out>
         <system-err><![CDATA[]]></system-err>
      </testcase>
      <testcase name="Test Cases/thang/New Test Case" time="4.513" classname="Test Cases/thang/New Test Case" status="PASSED">
         <system-out><![CDATA[03-07-2024T22:25:43 - [TEST_CASE][PASSED] - Test Cases/thang/New Test Case: Test Cases/thang/New Test Case

03-07-2024T22:25:43 - [TEST_STEP][PASSED] - openBrowser(""): Browser is opened with url: ''

03-07-2024T22:25:43 - [MESSAGE][INFO] - Starting 'Chrome' driver

03-07-2024T22:25:43 - [MESSAGE][INFO] - Action delay is set to 0 milliseconds

03-07-2024T22:25:45 - [MESSAGE][PASSED] - Browser is opened with url: ''

03-07-2024T22:25:45 - [TEST_STEP][PASSED] - closeBrowser(): Browser is closed

03-07-2024T22:25:48 - [MESSAGE][PASSED] - Browser is closed]]></system-out>
         <system-err><![CDATA[]]></system-err>
      </testcase>
      <testcase name="Test Cases/thang/New Test Case" time="4.448" classname="Test Cases/thang/New Test Case" status="PASSED">
         <system-out><![CDATA[03-07-2024T22:25:48 - [TEST_CASE][PASSED] - Test Cases/thang/New Test Case: Test Cases/thang/New Test Case

03-07-2024T22:25:48 - [TEST_STEP][PASSED] - openBrowser(""): Browser is opened with url: ''

03-07-2024T22:25:48 - [MESSAGE][INFO] - Starting 'Chrome' driver

03-07-2024T22:25:48 - [MESSAGE][INFO] - Action delay is set to 0 milliseconds

03-07-2024T22:25:51 - [MESSAGE][PASSED] - Browser is opened with url: ''

03-07-2024T22:25:51 - [TEST_STEP][PASSED] - closeBrowser(): Browser is closed

03-07-2024T22:25:52 - [MESSAGE][PASSED] - Browser is closed]]></system-out>
         <system-err><![CDATA[]]></system-err>
      </testcase>
      <testcase name="Test Cases/thang/New Test Case" time="6.626" classname="Test Cases/thang/New Test Case" status="PASSED">
         <system-out><![CDATA[03-07-2024T22:25:52 - [TEST_CASE][PASSED] - Test Cases/thang/New Test Case: Test Cases/thang/New Test Case

03-07-2024T22:25:52 - [TEST_STEP][PASSED] - openBrowser(""): Browser is opened with url: ''

03-07-2024T22:25:52 - [MESSAGE][INFO] - Starting 'Chrome' driver

03-07-2024T22:25:52 - [MESSAGE][INFO] - Action delay is set to 0 milliseconds

03-07-2024T22:25:56 - [MESSAGE][PASSED] - Browser is opened with url: ''

03-07-2024T22:25:56 - [TEST_STEP][PASSED] - closeBrowser(): Browser is closed

03-07-2024T22:25:59 - [MESSAGE][PASSED] - Browser is closed]]></system-out>
         <system-err><![CDATA[]]></system-err>
      </testcase>
      <testcase name="Test Cases/thang/New Test Case" time="3.791" classname="Test Cases/thang/New Test Case" status="PASSED">
         <system-out><![CDATA[03-07-2024T22:25:59 - [TEST_CASE][PASSED] - Test Cases/thang/New Test Case: Test Cases/thang/New Test Case

03-07-2024T22:25:59 - [TEST_STEP][PASSED] - openBrowser(""): Browser is opened with url: ''

03-07-2024T22:25:59 - [MESSAGE][INFO] - Starting 'Chrome' driver

03-07-2024T22:25:59 - [MESSAGE][INFO] - Action delay is set to 0 milliseconds

03-07-2024T22:26:01 - [MESSAGE][PASSED] - Browser is opened with url: ''

03-07-2024T22:26:01 - [TEST_STEP][PASSED] - closeBrowser(): Browser is closed

03-07-2024T22:26:02 - [MESSAGE][PASSED] - Browser is closed]]></system-out>
         <system-err><![CDATA[]]></system-err>
      </testcase>
      <testcase name="Test Cases/thang/New Test Case" time="4.599" classname="Test Cases/thang/New Test Case" status="PASSED">
         <system-out><![CDATA[03-07-2024T22:26:02 - [TEST_CASE][PASSED] - Test Cases/thang/New Test Case: Test Cases/thang/New Test Case

03-07-2024T22:26:03 - [TEST_STEP][PASSED] - openBrowser(""): Browser is opened with url: ''

03-07-2024T22:26:03 - [MESSAGE][INFO] - Starting 'Chrome' driver

03-07-2024T22:26:03 - [MESSAGE][INFO] - Action delay is set to 0 milliseconds

03-07-2024T22:26:06 - [MESSAGE][PASSED] - Browser is opened with url: ''

03-07-2024T22:26:06 - [TEST_STEP][PASSED] - closeBrowser(): Browser is closed

03-07-2024T22:26:07 - [MESSAGE][PASSED] - Browser is closed]]></system-out>
         <system-err><![CDATA[]]></system-err>
      </testcase>
      <testcase name="Test Cases/thang/New Test Case" time="4.998" classname="Test Cases/thang/New Test Case" status="PASSED">
         <system-out><![CDATA[03-07-2024T22:26:07 - [TEST_CASE][PASSED] - Test Cases/thang/New Test Case: Test Cases/thang/New Test Case

03-07-2024T22:26:07 - [TEST_STEP][PASSED] - openBrowser(""): Browser is opened with url: ''

03-07-2024T22:26:07 - [MESSAGE][INFO] - Starting 'Chrome' driver

03-07-2024T22:26:07 - [MESSAGE][INFO] - Action delay is set to 0 milliseconds

03-07-2024T22:26:10 - [MESSAGE][PASSED] - Browser is opened with url: ''

03-07-2024T22:26:10 - [TEST_STEP][PASSED] - closeBrowser(): Browser is closed

03-07-2024T22:26:12 - [MESSAGE][PASSED] - Browser is closed]]></system-out>
         <system-err><![CDATA[]]></system-err>
      </testcase>
      <testcase name="Test Cases/thang/New Test Case" time="6.044" classname="Test Cases/thang/New Test Case" status="PASSED">
         <system-out><![CDATA[03-07-2024T22:26:12 - [TEST_CASE][PASSED] - Test Cases/thang/New Test Case: Test Cases/thang/New Test Case

03-07-2024T22:26:12 - [TEST_STEP][PASSED] - openBrowser(""): Browser is opened with url: ''

03-07-2024T22:26:12 - [MESSAGE][INFO] - Starting 'Chrome' driver

03-07-2024T22:26:12 - [MESSAGE][INFO] - Action delay is set to 0 milliseconds

03-07-2024T22:26:15 - [MESSAGE][PASSED] - Browser is opened with url: ''

03-07-2024T22:26:15 - [TEST_STEP][PASSED] - closeBrowser(): Browser is closed

03-07-2024T22:26:18 - [MESSAGE][PASSED] - Browser is closed]]></system-out>
         <system-err><![CDATA[]]></system-err>
      </testcase>
      <testcase name="Test Cases/thang/New Test Case" time="6.157" classname="Test Cases/thang/New Test Case" status="PASSED">
         <system-out><![CDATA[03-07-2024T22:26:18 - [TEST_CASE][PASSED] - Test Cases/thang/New Test Case: Test Cases/thang/New Test Case

03-07-2024T22:26:18 - [TEST_STEP][PASSED] - openBrowser(""): Browser is opened with url: ''

03-07-2024T22:26:18 - [MESSAGE][INFO] - Starting 'Chrome' driver

03-07-2024T22:26:18 - [MESSAGE][INFO] - Action delay is set to 0 milliseconds

03-07-2024T22:26:22 - [MESSAGE][PASSED] - Browser is opened with url: ''

03-07-2024T22:26:22 - [TEST_STEP][PASSED] - closeBrowser(): Browser is closed

03-07-2024T22:26:24 - [MESSAGE][PASSED] - Browser is closed]]></system-out>
         <system-err><![CDATA[]]></system-err>
      </testcase>
      <testcase name="Test Cases/thang/New Test Case" time="4.82" classname="Test Cases/thang/New Test Case" status="PASSED">
         <system-out><![CDATA[03-07-2024T22:26:24 - [TEST_CASE][PASSED] - Test Cases/thang/New Test Case: Test Cases/thang/New Test Case

03-07-2024T22:26:24 - [TEST_STEP][PASSED] - openBrowser(""): Browser is opened with url: ''

03-07-2024T22:26:24 - [MESSAGE][INFO] - Starting 'Chrome' driver

03-07-2024T22:26:24 - [MESSAGE][INFO] - Action delay is set to 0 milliseconds

03-07-2024T22:26:27 - [MESSAGE][PASSED] - Browser is opened with url: ''

03-07-2024T22:26:27 - [TEST_STEP][PASSED] - closeBrowser(): Browser is closed

03-07-2024T22:26:29 - [MESSAGE][PASSED] - Browser is closed]]></system-out>
         <system-err><![CDATA[]]></system-err>
      </testcase>
      <testcase name="Test Cases/thang/New Test Case" time="4.248" classname="Test Cases/thang/New Test Case" status="PASSED">
         <system-out><![CDATA[03-07-2024T22:26:29 - [TEST_CASE][PASSED] - Test Cases/thang/New Test Case: Test Cases/thang/New Test Case

03-07-2024T22:26:29 - [TEST_STEP][PASSED] - openBrowser(""): Browser is opened with url: ''

03-07-2024T22:26:29 - [MESSAGE][INFO] - Starting 'Chrome' driver

03-07-2024T22:26:29 - [MESSAGE][INFO] - Action delay is set to 0 milliseconds

03-07-2024T22:26:32 - [MESSAGE][PASSED] - Browser is opened with url: ''

03-07-2024T22:26:32 - [TEST_STEP][PASSED] - closeBrowser(): Browser is closed

03-07-2024T22:26:33 - [MESSAGE][PASSED] - Browser is closed]]></system-out>
         <system-err><![CDATA[]]></system-err>
      </testcase>
      <testcase name="Test Cases/thang/New Test Case (1) - Copy" time="0.012" classname="Test Cases/thang/New Test Case (1) - Copy" status="PASSED">
         <system-out><![CDATA[03-07-2024T22:26:33 - [TEST_CASE][PASSED] - Test Cases/thang/New Test Case (1) - Copy: Test Cases/thang/New Test Case (1) - Copy

03-07-2024T22:26:33 - [TEST_STEP][PASSED] - return null: null]]></system-out>
         <system-err><![CDATA[]]></system-err>
      </testcase>
      <testcase name="Test Cases/thang/New Test Case" time="4.52" classname="Test Cases/thang/New Test Case" status="PASSED">
         <system-out><![CDATA[03-07-2024T22:26:33 - [TEST_CASE][PASSED] - Test Cases/thang/New Test Case: Test Cases/thang/New Test Case

03-07-2024T22:26:33 - [TEST_STEP][PASSED] - openBrowser(""): Browser is opened with url: ''

03-07-2024T22:26:33 - [MESSAGE][INFO] - Starting 'Chrome' driver

03-07-2024T22:26:33 - [MESSAGE][INFO] - Action delay is set to 0 milliseconds

03-07-2024T22:26:37 - [MESSAGE][PASSED] - Browser is opened with url: ''

03-07-2024T22:26:37 - [TEST_STEP][PASSED] - closeBrowser(): Browser is closed

03-07-2024T22:26:38 - [MESSAGE][PASSED] - Browser is closed]]></system-out>
         <system-err><![CDATA[]]></system-err>
      </testcase>
      <testcase name="Test Cases/thang/New Test Case" time="4.94" classname="Test Cases/thang/New Test Case" status="PASSED">
         <system-out><![CDATA[03-07-2024T22:26:38 - [TEST_CASE][PASSED] - Test Cases/thang/New Test Case: Test Cases/thang/New Test Case

03-07-2024T22:26:38 - [TEST_STEP][PASSED] - openBrowser(""): Browser is opened with url: ''

03-07-2024T22:26:38 - [MESSAGE][INFO] - Starting 'Chrome' driver

03-07-2024T22:26:38 - [MESSAGE][INFO] - Action delay is set to 0 milliseconds

03-07-2024T22:26:40 - [MESSAGE][PASSED] - Browser is opened with url: ''

03-07-2024T22:26:40 - [TEST_STEP][PASSED] - closeBrowser(): Browser is closed

03-07-2024T22:26:43 - [MESSAGE][PASSED] - Browser is closed]]></system-out>
         <system-err><![CDATA[]]></system-err>
      </testcase>
      <testcase name="Test Cases/thang/New Test Case" time="6.661" classname="Test Cases/thang/New Test Case" status="PASSED">
         <system-out><![CDATA[03-07-2024T22:26:43 - [TEST_CASE][PASSED] - Test Cases/thang/New Test Case: Test Cases/thang/New Test Case

03-07-2024T22:26:43 - [TEST_STEP][PASSED] - openBrowser(""): Browser is opened with url: ''

03-07-2024T22:26:43 - [MESSAGE][INFO] - Starting 'Chrome' driver

03-07-2024T22:26:43 - [MESSAGE][INFO] - Action delay is set to 0 milliseconds

03-07-2024T22:26:45 - [MESSAGE][PASSED] - Browser is opened with url: ''

03-07-2024T22:26:45 - [TEST_STEP][PASSED] - closeBrowser(): Browser is closed

03-07-2024T22:26:50 - [MESSAGE][PASSED] - Browser is closed]]></system-out>
         <system-err><![CDATA[]]></system-err>
      </testcase>
      <testcase name="Test Cases/thang/New Test Case" time="6.823" classname="Test Cases/thang/New Test Case" status="PASSED">
         <system-out><![CDATA[03-07-2024T22:26:50 - [TEST_CASE][PASSED] - Test Cases/thang/New Test Case: Test Cases/thang/New Test Case

03-07-2024T22:26:50 - [TEST_STEP][PASSED] - openBrowser(""): Browser is opened with url: ''

03-07-2024T22:26:50 - [MESSAGE][INFO] - Starting 'Chrome' driver

03-07-2024T22:26:50 - [MESSAGE][INFO] - Action delay is set to 0 milliseconds

03-07-2024T22:26:52 - [MESSAGE][PASSED] - Browser is opened with url: ''

03-07-2024T22:26:52 - [TEST_STEP][PASSED] - closeBrowser(): Browser is closed

03-07-2024T22:26:56 - [MESSAGE][PASSED] - Browser is closed]]></system-out>
         <system-err><![CDATA[]]></system-err>
      </testcase>
      <testcase name="Test Cases/thang/New Test Case" time="6.65" classname="Test Cases/thang/New Test Case" status="PASSED">
         <system-out><![CDATA[03-07-2024T22:26:56 - [TEST_CASE][PASSED] - Test Cases/thang/New Test Case: Test Cases/thang/New Test Case

03-07-2024T22:26:56 - [TEST_STEP][PASSED] - openBrowser(""): Browser is opened with url: ''

03-07-2024T22:26:56 - [MESSAGE][INFO] - Starting 'Chrome' driver

03-07-2024T22:26:56 - [MESSAGE][INFO] - Action delay is set to 0 milliseconds

03-07-2024T22:26:59 - [MESSAGE][PASSED] - Browser is opened with url: ''

03-07-2024T22:26:59 - [TEST_STEP][PASSED] - closeBrowser(): Browser is closed

03-07-2024T22:27:03 - [MESSAGE][PASSED] - Browser is closed]]></system-out>
         <system-err><![CDATA[]]></system-err>
      </testcase>
      <testcase name="Test Cases/thang/New Test Case" time="6.462" classname="Test Cases/thang/New Test Case" status="PASSED">
         <system-out><![CDATA[03-07-2024T22:27:03 - [TEST_CASE][PASSED] - Test Cases/thang/New Test Case: Test Cases/thang/New Test Case

03-07-2024T22:27:03 - [TEST_STEP][PASSED] - openBrowser(""): Browser is opened with url: ''

03-07-2024T22:27:03 - [MESSAGE][INFO] - Starting 'Chrome' driver

03-07-2024T22:27:03 - [MESSAGE][INFO] - Action delay is set to 0 milliseconds

03-07-2024T22:27:05 - [MESSAGE][PASSED] - Browser is opened with url: ''

03-07-2024T22:27:05 - [TEST_STEP][PASSED] - closeBrowser(): Browser is closed

03-07-2024T22:27:09 - [MESSAGE][PASSED] - Browser is closed]]></system-out>
         <system-err><![CDATA[]]></system-err>
      </testcase>
      <testcase name="Test Cases/thang/New Test Case" time="4.004" classname="Test Cases/thang/New Test Case" status="PASSED">
         <system-out><![CDATA[03-07-2024T22:27:10 - [TEST_CASE][PASSED] - Test Cases/thang/New Test Case: Test Cases/thang/New Test Case

03-07-2024T22:27:10 - [TEST_STEP][PASSED] - openBrowser(""): Browser is opened with url: ''

03-07-2024T22:27:10 - [MESSAGE][INFO] - Starting 'Chrome' driver

03-07-2024T22:27:10 - [MESSAGE][INFO] - Action delay is set to 0 milliseconds

03-07-2024T22:27:13 - [MESSAGE][PASSED] - Browser is opened with url: ''

03-07-2024T22:27:13 - [TEST_STEP][PASSED] - closeBrowser(): Browser is closed

03-07-2024T22:27:14 - [MESSAGE][PASSED] - Browser is closed]]></system-out>
         <system-err><![CDATA[]]></system-err>
      </testcase>
      <testcase name="Test Cases/thang/New Test Case" time="6.043" classname="Test Cases/thang/New Test Case" status="PASSED">
         <system-out><![CDATA[03-07-2024T22:27:14 - [TEST_CASE][PASSED] - Test Cases/thang/New Test Case: Test Cases/thang/New Test Case

03-07-2024T22:27:14 - [TEST_STEP][PASSED] - openBrowser(""): Browser is opened with url: ''

03-07-2024T22:27:14 - [MESSAGE][INFO] - Starting 'Chrome' driver

03-07-2024T22:27:14 - [MESSAGE][INFO] - Action delay is set to 0 milliseconds

03-07-2024T22:27:17 - [MESSAGE][PASSED] - Browser is opened with url: ''

03-07-2024T22:27:17 - [TEST_STEP][PASSED] - closeBrowser(): Browser is closed

03-07-2024T22:27:20 - [MESSAGE][PASSED] - Browser is closed]]></system-out>
         <system-err><![CDATA[]]></system-err>
      </testcase>
      <testcase name="Test Cases/thang/New Test Case" time="4.712" classname="Test Cases/thang/New Test Case" status="PASSED">
         <system-out><![CDATA[03-07-2024T22:27:20 - [TEST_CASE][PASSED] - Test Cases/thang/New Test Case: Test Cases/thang/New Test Case

03-07-2024T22:27:20 - [TEST_STEP][PASSED] - openBrowser(""): Browser is opened with url: ''

03-07-2024T22:27:20 - [MESSAGE][INFO] - Starting 'Chrome' driver

03-07-2024T22:27:20 - [MESSAGE][INFO] - Action delay is set to 0 milliseconds

03-07-2024T22:27:23 - [MESSAGE][PASSED] - Browser is opened with url: ''

03-07-2024T22:27:23 - [TEST_STEP][PASSED] - closeBrowser(): Browser is closed

03-07-2024T22:27:24 - [MESSAGE][PASSED] - Browser is closed]]></system-out>
         <system-err><![CDATA[]]></system-err>
      </testcase>
      <testcase name="Test Cases/thang/New Test Case" time="6.66" classname="Test Cases/thang/New Test Case" status="PASSED">
         <system-out><![CDATA[03-07-2024T22:27:24 - [TEST_CASE][PASSED] - Test Cases/thang/New Test Case: Test Cases/thang/New Test Case

03-07-2024T22:27:24 - [TEST_STEP][PASSED] - openBrowser(""): Browser is opened with url: ''

03-07-2024T22:27:24 - [MESSAGE][INFO] - Starting 'Chrome' driver

03-07-2024T22:27:24 - [MESSAGE][INFO] - Action delay is set to 0 milliseconds

03-07-2024T22:27:28 - [MESSAGE][PASSED] - Browser is opened with url: ''

03-07-2024T22:27:28 - [TEST_STEP][PASSED] - closeBrowser(): Browser is closed

03-07-2024T22:27:31 - [MESSAGE][PASSED] - Browser is closed]]></system-out>
         <system-err><![CDATA[]]></system-err>
      </testcase>
      <testcase name="Test Cases/thang/New Test Case" time="3.96" classname="Test Cases/thang/New Test Case" status="PASSED">
         <system-out><![CDATA[03-07-2024T22:27:31 - [TEST_CASE][PASSED] - Test Cases/thang/New Test Case: Test Cases/thang/New Test Case

03-07-2024T22:27:31 - [TEST_STEP][PASSED] - openBrowser(""): Browser is opened with url: ''

03-07-2024T22:27:31 - [MESSAGE][INFO] - Starting 'Chrome' driver

03-07-2024T22:27:31 - [MESSAGE][INFO] - Action delay is set to 0 milliseconds

03-07-2024T22:27:33 - [MESSAGE][PASSED] - Browser is opened with url: ''

03-07-2024T22:27:33 - [TEST_STEP][PASSED] - closeBrowser(): Browser is closed

03-07-2024T22:27:35 - [MESSAGE][PASSED] - Browser is closed]]></system-out>
         <system-err><![CDATA[]]></system-err>
      </testcase>
      <testcase name="Test Cases/thang/New Test Case" time="5.002" classname="Test Cases/thang/New Test Case" status="PASSED">
         <system-out><![CDATA[03-07-2024T22:27:35 - [TEST_CASE][PASSED] - Test Cases/thang/New Test Case: Test Cases/thang/New Test Case

03-07-2024T22:27:35 - [TEST_STEP][PASSED] - openBrowser(""): Browser is opened with url: ''

03-07-2024T22:27:35 - [MESSAGE][INFO] - Starting 'Chrome' driver

03-07-2024T22:27:35 - [MESSAGE][INFO] - Action delay is set to 0 milliseconds

03-07-2024T22:27:38 - [MESSAGE][PASSED] - Browser is opened with url: ''

03-07-2024T22:27:38 - [TEST_STEP][PASSED] - closeBrowser(): Browser is closed

03-07-2024T22:27:40 - [MESSAGE][PASSED] - Browser is closed]]></system-out>
         <system-err><![CDATA[]]></system-err>
      </testcase>
      <testcase name="Test Cases/thang/New Test Case" time="3.305" classname="Test Cases/thang/New Test Case" status="PASSED">
         <system-out><![CDATA[03-07-2024T22:27:40 - [TEST_CASE][PASSED] - Test Cases/thang/New Test Case: Test Cases/thang/New Test Case

03-07-2024T22:27:40 - [TEST_STEP][PASSED] - openBrowser(""): Browser is opened with url: ''

03-07-2024T22:27:40 - [MESSAGE][INFO] - Starting 'Chrome' driver

03-07-2024T22:27:40 - [MESSAGE][INFO] - Action delay is set to 0 milliseconds

03-07-2024T22:27:42 - [MESSAGE][PASSED] - Browser is opened with url: ''

03-07-2024T22:27:42 - [TEST_STEP][PASSED] - closeBrowser(): Browser is closed

03-07-2024T22:27:43 - [MESSAGE][PASSED] - Browser is closed]]></system-out>
         <system-err><![CDATA[]]></system-err>
      </testcase>
      <testcase name="Test Cases/thang/New Test Case" time="4.041" classname="Test Cases/thang/New Test Case" status="PASSED">
         <system-out><![CDATA[03-07-2024T22:27:43 - [TEST_CASE][PASSED] - Test Cases/thang/New Test Case: Test Cases/thang/New Test Case

03-07-2024T22:27:43 - [TEST_STEP][PASSED] - openBrowser(""): Browser is opened with url: ''

03-07-2024T22:27:43 - [MESSAGE][INFO] - Starting 'Chrome' driver

03-07-2024T22:27:43 - [MESSAGE][INFO] - Action delay is set to 0 milliseconds

03-07-2024T22:27:47 - [MESSAGE][PASSED] - Browser is opened with url: ''

03-07-2024T22:27:47 - [TEST_STEP][PASSED] - closeBrowser(): Browser is closed

03-07-2024T22:27:47 - [MESSAGE][PASSED] - Browser is closed]]></system-out>
         <system-err><![CDATA[]]></system-err>
      </testcase>
      <testcase name="Test Cases/thang/New Test Case" time="10.056" classname="Test Cases/thang/New Test Case" status="PASSED">
         <system-out><![CDATA[03-07-2024T22:27:47 - [TEST_CASE][PASSED] - Test Cases/thang/New Test Case: Test Cases/thang/New Test Case

03-07-2024T22:27:47 - [TEST_STEP][PASSED] - openBrowser(""): Browser is opened with url: ''

03-07-2024T22:27:47 - [MESSAGE][INFO] - Starting 'Chrome' driver

03-07-2024T22:27:47 - [MESSAGE][INFO] - Action delay is set to 0 milliseconds

03-07-2024T22:27:50 - [MESSAGE][PASSED] - Browser is opened with url: ''

03-07-2024T22:27:50 - [TEST_STEP][PASSED] - closeBrowser(): Browser is closed

03-07-2024T22:27:57 - [MESSAGE][PASSED] - Browser is closed]]></system-out>
         <system-err><![CDATA[]]></system-err>
      </testcase>
      <testcase name="Test Cases/thang/New Test Case" time="6.816" classname="Test Cases/thang/New Test Case" status="PASSED">
         <system-out><![CDATA[03-07-2024T22:27:57 - [TEST_CASE][PASSED] - Test Cases/thang/New Test Case: Test Cases/thang/New Test Case

03-07-2024T22:27:57 - [TEST_STEP][PASSED] - openBrowser(""): Browser is opened with url: ''

03-07-2024T22:27:57 - [MESSAGE][INFO] - Starting 'Chrome' driver

03-07-2024T22:27:57 - [MESSAGE][INFO] - Action delay is set to 0 milliseconds

03-07-2024T22:28:01 - [MESSAGE][PASSED] - Browser is opened with url: ''

03-07-2024T22:28:01 - [TEST_STEP][PASSED] - closeBrowser(): Browser is closed

03-07-2024T22:28:04 - [MESSAGE][PASSED] - Browser is closed]]></system-out>
         <system-err><![CDATA[]]></system-err>
      </testcase>
      <testcase name="Test Cases/thang/New Test Case (1) - Copy" time="0.014" classname="Test Cases/thang/New Test Case (1) - Copy" status="PASSED">
         <system-out><![CDATA[03-07-2024T22:28:04 - [TEST_CASE][PASSED] - Test Cases/thang/New Test Case (1) - Copy: Test Cases/thang/New Test Case (1) - Copy

03-07-2024T22:28:04 - [TEST_STEP][PASSED] - return null: null]]></system-out>
         <system-err><![CDATA[]]></system-err>
      </testcase>
      <testcase name="Test Cases/thang/New Test Case (1)" time="0.017" classname="Test Cases/thang/New Test Case (1)" status="PASSED">
         <system-out><![CDATA[03-07-2024T22:28:04 - [TEST_CASE][PASSED] - Test Cases/thang/New Test Case (1): Test Cases/thang/New Test Case (1)

03-07-2024T22:28:04 - [TEST_STEP][PASSED] - return null: null]]></system-out>
         <system-err><![CDATA[]]></system-err>
      </testcase>
      <testcase name="Test Cases/thang/New Test Case (2)" time="0.018" classname="Test Cases/thang/New Test Case (2)" status="PASSED">
         <system-out><![CDATA[03-07-2024T22:28:04 - [TEST_CASE][PASSED] - Test Cases/thang/New Test Case (2): Test Cases/thang/New Test Case (2)

03-07-2024T22:28:04 - [TEST_STEP][PASSED] - return null: null]]></system-out>
         <system-err><![CDATA[]]></system-err>
      </testcase>
      <testcase name="Test Cases/thang/New Test Case (3)" time="0.013" classname="Test Cases/thang/New Test Case (3)" status="PASSED">
         <system-out><![CDATA[03-07-2024T22:28:04 - [TEST_CASE][PASSED] - Test Cases/thang/New Test Case (3): Test Cases/thang/New Test Case (3)

03-07-2024T22:28:04 - [TEST_STEP][PASSED] - return null: null]]></system-out>
         <system-err><![CDATA[]]></system-err>
      </testcase>
      <testcase name="Test Cases/thang/New Test Case (4)" time="0.019" classname="Test Cases/thang/New Test Case (4)" status="PASSED">
         <system-out><![CDATA[03-07-2024T22:28:04 - [TEST_CASE][PASSED] - Test Cases/thang/New Test Case (4): Test Cases/thang/New Test Case (4)

03-07-2024T22:28:04 - [TEST_STEP][PASSED] - return null: null]]></system-out>
         <system-err><![CDATA[]]></system-err>
      </testcase>
      <testcase name="Test Cases/thang/New Test Case (5)" time="0.024" classname="Test Cases/thang/New Test Case (5)" status="PASSED">
         <system-out><![CDATA[03-07-2024T22:28:04 - [TEST_CASE][PASSED] - Test Cases/thang/New Test Case (5): Test Cases/thang/New Test Case (5)

03-07-2024T22:28:04 - [TEST_STEP][PASSED] - return null: null]]></system-out>
         <system-err><![CDATA[]]></system-err>
      </testcase>
      <testcase name="Test Cases/thang/New Test Case (6)" time="0.016" classname="Test Cases/thang/New Test Case (6)" status="PASSED">
         <system-out><![CDATA[03-07-2024T22:28:04 - [TEST_CASE][PASSED] - Test Cases/thang/New Test Case (6): Test Cases/thang/New Test Case (6)

03-07-2024T22:28:04 - [TEST_STEP][PASSED] - return null: null]]></system-out>
         <system-err><![CDATA[]]></system-err>
      </testcase>
      <testcase name="Test Cases/thang/New Test Case (7)" time="0.017" classname="Test Cases/thang/New Test Case (7)" status="PASSED">
         <system-out><![CDATA[03-07-2024T22:28:04 - [TEST_CASE][PASSED] - Test Cases/thang/New Test Case (7): Test Cases/thang/New Test Case (7)

03-07-2024T22:28:04 - [TEST_STEP][PASSED] - return null: null]]></system-out>
         <system-err><![CDATA[]]></system-err>
      </testcase>
      <testcase name="Test Cases/thang/New Test Case (8)" time="19.437" classname="Test Cases/thang/New Test Case (8)" status="PASSED">
         <system-out><![CDATA[03-07-2024T22:28:04 - [TEST_CASE][PASSED] - Test Cases/thang/New Test Case (8): Test Cases/thang/New Test Case (8)

03-07-2024T22:28:05 - [TEST_STEP][PASSED] - openBrowser(""): Browser is opened with url: ''

03-07-2024T22:28:05 - [MESSAGE][INFO] - Starting 'Chrome' driver

03-07-2024T22:28:05 - [MESSAGE][INFO] - Action delay is set to 0 milliseconds

03-07-2024T22:28:07 - [MESSAGE][PASSED] - Browser is opened with url: ''

03-07-2024T22:28:07 - [TEST_STEP][PASSED] - navigateToUrl("https://demowebshop.tricentis.com/fiction"): Navigate to 'https://demowebshop.tricentis.com/fiction' successfully

03-07-2024T22:28:15 - [MESSAGE][PASSED] - Navigate to 'https://demowebshop.tricentis.com/fiction' successfully

03-07-2024T22:28:15 - [TEST_STEP][PASSED] - setText(findTestObject("ac/New Test Object (1)"), "a"): Text 'a' is set on object 'Object Repository/ac/New Test Object (1)'

03-07-2024T22:28:17 - [MESSAGE][PASSED] - Text 'a' is set on object 'Object Repository/ac/New Test Object (1)'

03-07-2024T22:28:17 - [TEST_STEP][PASSED] - closeBrowser(): Browser is closed

03-07-2024T22:28:24 - [MESSAGE][PASSED] - Browser is closed]]></system-out>
         <system-err><![CDATA[]]></system-err>
      </testcase>
      <testcase name="Test Cases/thang/New Test Case (9)" time="60.294" classname="Test Cases/thang/New Test Case (9)" status="PASSED">
         <system-out><![CDATA[03-07-2024T22:28:24 - [TEST_CASE][PASSED] - Test Cases/thang/New Test Case (9): Test Cases/thang/New Test Case (9)

03-07-2024T22:28:24 - [TEST_STEP][PASSED] - openBrowser(""): Browser is opened with url: ''

03-07-2024T22:28:24 - [MESSAGE][INFO] - Starting 'Chrome' driver

03-07-2024T22:28:24 - [MESSAGE][INFO] - Action delay is set to 0 milliseconds

03-07-2024T22:28:27 - [MESSAGE][PASSED] - Browser is opened with url: ''

03-07-2024T22:28:27 - [TEST_STEP][PASSED] - navigateToMaskedUrl(**********************): Navigate to '********************' successfully

03-07-2024T22:29:14 - [MESSAGE][PASSED] - Navigate to '********************' successfully

03-07-2024T22:29:14 - [TEST_STEP][PASSED] - verifyElementClickable(findTestObject("ac/New Test Object")): Object 'Object Repository/ac/New Test Object' is clickable

03-07-2024T22:29:17 - [MESSAGE][PASSED] - Object 'Object Repository/ac/New Test Object' is clickable

03-07-2024T22:29:17 - [TEST_STEP][PASSED] - verifyElementVisible(findTestObject("ac/New Test Object")): Object 'Object Repository/ac/New Test Object' is visible

03-07-2024T22:29:17 - [MESSAGE][PASSED] - Object 'Object Repository/ac/New Test Object' is visible

03-07-2024T22:29:17 - [TEST_STEP][PASSED] - verifyElementText(findTestObject("ac/New Test Object"), "View demo"): Actual text and expected text of test object 'Object Repository/ac/New Test Object' are matched.

03-07-2024T22:29:18 - [MESSAGE][PASSED] - Actual text and expected text of test object 'Object Repository/ac/New Test Object' are matched.

03-07-2024T22:29:18 - [TEST_STEP][PASSED] - verifyElementVisible(findTestObject("ac/New Test Object")): Object 'Object Repository/ac/New Test Object' is visible

03-07-2024T22:29:20 - [MESSAGE][PASSED] - Object 'Object Repository/ac/New Test Object' is visible

03-07-2024T22:29:21 - [TEST_STEP][PASSED] - verifyElementNotHasAttribute(findTestObject("ac/New Test Object"), "", 0, STOP_ON_FAILURE): Object 'Object Repository/ac/New Test Object' does not have attribute ''

03-07-2024T22:29:21 - [MESSAGE][WARNING] - Timeout '0' is invalid. Using default page load timeout: '30'

03-07-2024T22:29:23 - [MESSAGE][PASSED] - Object 'Object Repository/ac/New Test Object' does not have attribute ''

03-07-2024T22:29:23 - [TEST_STEP][PASSED] - closeBrowser(): Browser is closed

03-07-2024T22:29:24 - [MESSAGE][PASSED] - Browser is closed]]></system-out>
         <system-err><![CDATA[]]></system-err>
      </testcase>
      <testcase name="Test Cases/thang/New Test Case" time="5.584" classname="Test Cases/thang/New Test Case" status="PASSED">
         <system-out><![CDATA[03-07-2024T22:29:24 - [TEST_CASE][PASSED] - Test Cases/thang/New Test Case: Test Cases/thang/New Test Case

03-07-2024T22:29:24 - [TEST_STEP][PASSED] - openBrowser(""): Browser is opened with url: ''

03-07-2024T22:29:24 - [MESSAGE][INFO] - Starting 'Chrome' driver

03-07-2024T22:29:24 - [MESSAGE][INFO] - Action delay is set to 0 milliseconds

03-07-2024T22:29:27 - [MESSAGE][PASSED] - Browser is opened with url: ''

03-07-2024T22:29:27 - [TEST_STEP][PASSED] - closeBrowser(): Browser is closed

03-07-2024T22:29:30 - [MESSAGE][PASSED] - Browser is closed]]></system-out>
         <system-err><![CDATA[]]></system-err>
      </testcase>
      <testcase name="Test Cases/thang/New Test Case" time="4.141" classname="Test Cases/thang/New Test Case" status="PASSED">
         <system-out><![CDATA[03-07-2024T22:29:30 - [TEST_CASE][PASSED] - Test Cases/thang/New Test Case: Test Cases/thang/New Test Case

03-07-2024T22:29:30 - [TEST_STEP][PASSED] - openBrowser(""): Browser is opened with url: ''

03-07-2024T22:29:30 - [MESSAGE][INFO] - Starting 'Chrome' driver

03-07-2024T22:29:30 - [MESSAGE][INFO] - Action delay is set to 0 milliseconds

03-07-2024T22:29:33 - [MESSAGE][PASSED] - Browser is opened with url: ''

03-07-2024T22:29:33 - [TEST_STEP][PASSED] - closeBrowser(): Browser is closed

03-07-2024T22:29:34 - [MESSAGE][PASSED] - Browser is closed]]></system-out>
         <system-err><![CDATA[]]></system-err>
      </testcase>
      <testcase name="Test Cases/thang/New Test Case" time="4.482" classname="Test Cases/thang/New Test Case" status="PASSED">
         <system-out><![CDATA[03-07-2024T22:29:34 - [TEST_CASE][PASSED] - Test Cases/thang/New Test Case: Test Cases/thang/New Test Case

03-07-2024T22:29:34 - [TEST_STEP][PASSED] - openBrowser(""): Browser is opened with url: ''

03-07-2024T22:29:34 - [MESSAGE][INFO] - Starting 'Chrome' driver

03-07-2024T22:29:34 - [MESSAGE][INFO] - Action delay is set to 0 milliseconds

03-07-2024T22:29:38 - [MESSAGE][PASSED] - Browser is opened with url: ''

03-07-2024T22:29:38 - [TEST_STEP][PASSED] - closeBrowser(): Browser is closed

03-07-2024T22:29:39 - [MESSAGE][PASSED] - Browser is closed]]></system-out>
         <system-err><![CDATA[]]></system-err>
      </testcase>
      <testcase name="Test Cases/thang/New Test Case" time="5.446" classname="Test Cases/thang/New Test Case" status="PASSED">
         <system-out><![CDATA[03-07-2024T22:29:39 - [TEST_CASE][PASSED] - Test Cases/thang/New Test Case: Test Cases/thang/New Test Case

03-07-2024T22:29:39 - [TEST_STEP][PASSED] - openBrowser(""): Browser is opened with url: ''

03-07-2024T22:29:39 - [MESSAGE][INFO] - Starting 'Chrome' driver

03-07-2024T22:29:39 - [MESSAGE][INFO] - Action delay is set to 0 milliseconds

03-07-2024T22:29:41 - [MESSAGE][PASSED] - Browser is opened with url: ''

03-07-2024T22:29:41 - [TEST_STEP][PASSED] - closeBrowser(): Browser is closed

03-07-2024T22:29:44 - [MESSAGE][PASSED] - Browser is closed]]></system-out>
         <system-err><![CDATA[]]></system-err>
      </testcase>
      <testcase name="Test Cases/thang/New Test Case" time="6.452" classname="Test Cases/thang/New Test Case" status="PASSED">
         <system-out><![CDATA[03-07-2024T22:29:44 - [TEST_CASE][PASSED] - Test Cases/thang/New Test Case: Test Cases/thang/New Test Case

03-07-2024T22:29:44 - [TEST_STEP][PASSED] - openBrowser(""): Browser is opened with url: ''

03-07-2024T22:29:44 - [MESSAGE][INFO] - Starting 'Chrome' driver

03-07-2024T22:29:44 - [MESSAGE][INFO] - Action delay is set to 0 milliseconds

03-07-2024T22:29:47 - [MESSAGE][PASSED] - Browser is opened with url: ''

03-07-2024T22:29:47 - [TEST_STEP][PASSED] - closeBrowser(): Browser is closed

03-07-2024T22:29:50 - [MESSAGE][PASSED] - Browser is closed]]></system-out>
         <system-err><![CDATA[]]></system-err>
      </testcase>
      <testcase name="Test Cases/thang/New Test Case" time="4.285" classname="Test Cases/thang/New Test Case" status="PASSED">
         <system-out><![CDATA[03-07-2024T22:29:50 - [TEST_CASE][PASSED] - Test Cases/thang/New Test Case: Test Cases/thang/New Test Case

03-07-2024T22:29:50 - [TEST_STEP][PASSED] - openBrowser(""): Browser is opened with url: ''

03-07-2024T22:29:50 - [MESSAGE][INFO] - Starting 'Chrome' driver

03-07-2024T22:29:50 - [MESSAGE][INFO] - Action delay is set to 0 milliseconds

03-07-2024T22:29:54 - [MESSAGE][PASSED] - Browser is opened with url: ''

03-07-2024T22:29:54 - [TEST_STEP][PASSED] - closeBrowser(): Browser is closed

03-07-2024T22:29:55 - [MESSAGE][PASSED] - Browser is closed]]></system-out>
         <system-err><![CDATA[]]></system-err>
      </testcase>
      <testcase name="Test Cases/thang/New Test Case" time="4.511" classname="Test Cases/thang/New Test Case" status="PASSED">
         <system-out><![CDATA[03-07-2024T22:29:55 - [TEST_CASE][PASSED] - Test Cases/thang/New Test Case: Test Cases/thang/New Test Case

03-07-2024T22:29:55 - [TEST_STEP][PASSED] - openBrowser(""): Browser is opened with url: ''

03-07-2024T22:29:55 - [MESSAGE][INFO] - Starting 'Chrome' driver

03-07-2024T22:29:55 - [MESSAGE][INFO] - Action delay is set to 0 milliseconds

03-07-2024T22:29:57 - [MESSAGE][PASSED] - Browser is opened with url: ''

03-07-2024T22:29:57 - [TEST_STEP][PASSED] - closeBrowser(): Browser is closed

03-07-2024T22:29:59 - [MESSAGE][PASSED] - Browser is closed]]></system-out>
         <system-err><![CDATA[]]></system-err>
      </testcase>
      <testcase name="Test Cases/thang/New Test Case" time="8.052" classname="Test Cases/thang/New Test Case" status="PASSED">
         <system-out><![CDATA[03-07-2024T22:29:59 - [TEST_CASE][PASSED] - Test Cases/thang/New Test Case: Test Cases/thang/New Test Case

03-07-2024T22:29:59 - [TEST_STEP][PASSED] - openBrowser(""): Browser is opened with url: ''

03-07-2024T22:29:59 - [MESSAGE][INFO] - Starting 'Chrome' driver

03-07-2024T22:29:59 - [MESSAGE][INFO] - Action delay is set to 0 milliseconds

03-07-2024T22:30:02 - [MESSAGE][PASSED] - Browser is opened with url: ''

03-07-2024T22:30:02 - [TEST_STEP][PASSED] - closeBrowser(): Browser is closed

03-07-2024T22:30:07 - [MESSAGE][PASSED] - Browser is closed]]></system-out>
         <system-err><![CDATA[]]></system-err>
      </testcase>
      <testcase name="Test Cases/thang/New Test Case" time="5.71" classname="Test Cases/thang/New Test Case" status="PASSED">
         <system-out><![CDATA[03-07-2024T22:30:07 - [TEST_CASE][PASSED] - Test Cases/thang/New Test Case: Test Cases/thang/New Test Case

03-07-2024T22:30:07 - [TEST_STEP][PASSED] - openBrowser(""): Browser is opened with url: ''

03-07-2024T22:30:07 - [MESSAGE][INFO] - Starting 'Chrome' driver

03-07-2024T22:30:07 - [MESSAGE][INFO] - Action delay is set to 0 milliseconds

03-07-2024T22:30:09 - [MESSAGE][PASSED] - Browser is opened with url: ''

03-07-2024T22:30:09 - [TEST_STEP][PASSED] - closeBrowser(): Browser is closed

03-07-2024T22:30:13 - [MESSAGE][PASSED] - Browser is closed]]></system-out>
         <system-err><![CDATA[]]></system-err>
      </testcase>
      <testcase name="Test Cases/thang/New Test Case" time="7.427" classname="Test Cases/thang/New Test Case" status="PASSED">
         <system-out><![CDATA[03-07-2024T22:30:13 - [TEST_CASE][PASSED] - Test Cases/thang/New Test Case: Test Cases/thang/New Test Case

03-07-2024T22:30:13 - [TEST_STEP][PASSED] - openBrowser(""): Browser is opened with url: ''

03-07-2024T22:30:13 - [MESSAGE][INFO] - Starting 'Chrome' driver

03-07-2024T22:30:13 - [MESSAGE][INFO] - Action delay is set to 0 milliseconds

03-07-2024T22:30:14 - [MESSAGE][PASSED] - Browser is opened with url: ''

03-07-2024T22:30:14 - [TEST_STEP][PASSED] - closeBrowser(): Browser is closed

03-07-2024T22:30:20 - [MESSAGE][PASSED] - Browser is closed]]></system-out>
         <system-err><![CDATA[]]></system-err>
      </testcase>
      <testcase name="Test Cases/thang/New Test Case" time="4.374" classname="Test Cases/thang/New Test Case" status="PASSED">
         <system-out><![CDATA[03-07-2024T22:30:20 - [TEST_CASE][PASSED] - Test Cases/thang/New Test Case: Test Cases/thang/New Test Case

03-07-2024T22:30:20 - [TEST_STEP][PASSED] - openBrowser(""): Browser is opened with url: ''

03-07-2024T22:30:20 - [MESSAGE][INFO] - Starting 'Chrome' driver

03-07-2024T22:30:20 - [MESSAGE][INFO] - Action delay is set to 0 milliseconds

03-07-2024T22:30:22 - [MESSAGE][PASSED] - Browser is opened with url: ''

03-07-2024T22:30:22 - [TEST_STEP][PASSED] - closeBrowser(): Browser is closed

03-07-2024T22:30:25 - [MESSAGE][PASSED] - Browser is closed]]></system-out>
         <system-err><![CDATA[]]></system-err>
      </testcase>
      <testcase name="Test Cases/thang/New Test Case" time="5.051" classname="Test Cases/thang/New Test Case" status="PASSED">
         <system-out><![CDATA[03-07-2024T22:30:25 - [TEST_CASE][PASSED] - Test Cases/thang/New Test Case: Test Cases/thang/New Test Case

03-07-2024T22:30:25 - [TEST_STEP][PASSED] - openBrowser(""): Browser is opened with url: ''

03-07-2024T22:30:25 - [MESSAGE][INFO] - Starting 'Chrome' driver

03-07-2024T22:30:25 - [MESSAGE][INFO] - Action delay is set to 0 milliseconds

03-07-2024T22:30:29 - [MESSAGE][PASSED] - Browser is opened with url: ''

03-07-2024T22:30:29 - [TEST_STEP][PASSED] - closeBrowser(): Browser is closed

03-07-2024T22:30:30 - [MESSAGE][PASSED] - Browser is closed]]></system-out>
         <system-err><![CDATA[]]></system-err>
      </testcase>
      <testcase name="Test Cases/thang/New Test Case" time="4.074" classname="Test Cases/thang/New Test Case" status="PASSED">
         <system-out><![CDATA[03-07-2024T22:30:30 - [TEST_CASE][PASSED] - Test Cases/thang/New Test Case: Test Cases/thang/New Test Case

03-07-2024T22:30:30 - [TEST_STEP][PASSED] - openBrowser(""): Browser is opened with url: ''

03-07-2024T22:30:30 - [MESSAGE][INFO] - Starting 'Chrome' driver

03-07-2024T22:30:30 - [MESSAGE][INFO] - Action delay is set to 0 milliseconds

03-07-2024T22:30:33 - [MESSAGE][PASSED] - Browser is opened with url: ''

03-07-2024T22:30:33 - [TEST_STEP][PASSED] - closeBrowser(): Browser is closed

03-07-2024T22:30:34 - [MESSAGE][PASSED] - Browser is closed]]></system-out>
         <system-err><![CDATA[]]></system-err>
      </testcase>
      <testcase name="Test Cases/thang/New Test Case" time="5.728" classname="Test Cases/thang/New Test Case" status="PASSED">
         <system-out><![CDATA[03-07-2024T22:30:34 - [TEST_CASE][PASSED] - Test Cases/thang/New Test Case: Test Cases/thang/New Test Case

03-07-2024T22:30:34 - [TEST_STEP][PASSED] - openBrowser(""): Browser is opened with url: ''

03-07-2024T22:30:34 - [MESSAGE][INFO] - Starting 'Chrome' driver

03-07-2024T22:30:34 - [MESSAGE][INFO] - Action delay is set to 0 milliseconds

03-07-2024T22:30:38 - [MESSAGE][PASSED] - Browser is opened with url: ''

03-07-2024T22:30:38 - [TEST_STEP][PASSED] - closeBrowser(): Browser is closed

03-07-2024T22:30:40 - [MESSAGE][PASSED] - Browser is closed]]></system-out>
         <system-err><![CDATA[]]></system-err>
      </testcase>
      <testcase name="Test Cases/thang/New Test Case" time="4.097" classname="Test Cases/thang/New Test Case" status="PASSED">
         <system-out><![CDATA[03-07-2024T22:30:40 - [TEST_CASE][PASSED] - Test Cases/thang/New Test Case: Test Cases/thang/New Test Case

03-07-2024T22:30:40 - [TEST_STEP][PASSED] - openBrowser(""): Browser is opened with url: ''

03-07-2024T22:30:40 - [MESSAGE][INFO] - Starting 'Chrome' driver

03-07-2024T22:30:40 - [MESSAGE][INFO] - Action delay is set to 0 milliseconds

03-07-2024T22:30:43 - [MESSAGE][PASSED] - Browser is opened with url: ''

03-07-2024T22:30:43 - [TEST_STEP][PASSED] - closeBrowser(): Browser is closed

03-07-2024T22:30:44 - [MESSAGE][PASSED] - Browser is closed]]></system-out>
         <system-err><![CDATA[]]></system-err>
      </testcase>
      <testcase name="Test Cases/thang/New Test Case" time="3.698" classname="Test Cases/thang/New Test Case" status="PASSED">
         <system-out><![CDATA[03-07-2024T22:30:44 - [TEST_CASE][PASSED] - Test Cases/thang/New Test Case: Test Cases/thang/New Test Case

03-07-2024T22:30:44 - [TEST_STEP][PASSED] - openBrowser(""): Browser is opened with url: ''

03-07-2024T22:30:44 - [MESSAGE][INFO] - Starting 'Chrome' driver

03-07-2024T22:30:44 - [MESSAGE][INFO] - Action delay is set to 0 milliseconds

03-07-2024T22:30:47 - [MESSAGE][PASSED] - Browser is opened with url: ''

03-07-2024T22:30:47 - [TEST_STEP][PASSED] - closeBrowser(): Browser is closed

03-07-2024T22:30:48 - [MESSAGE][PASSED] - Browser is closed]]></system-out>
         <system-err><![CDATA[]]></system-err>
      </testcase>
      <testcase name="Test Cases/thang/New Test Case" time="2.402" classname="Test Cases/thang/New Test Case" status="PASSED">
         <system-out><![CDATA[03-07-2024T22:30:48 - [TEST_CASE][PASSED] - Test Cases/thang/New Test Case: Test Cases/thang/New Test Case

03-07-2024T22:30:48 - [TEST_STEP][PASSED] - openBrowser(""): Browser is opened with url: ''

03-07-2024T22:30:48 - [MESSAGE][INFO] - Starting 'Chrome' driver

03-07-2024T22:30:48 - [MESSAGE][INFO] - Action delay is set to 0 milliseconds

03-07-2024T22:30:49 - [MESSAGE][PASSED] - Browser is opened with url: ''

03-07-2024T22:30:49 - [TEST_STEP][PASSED] - closeBrowser(): Browser is closed

03-07-2024T22:30:50 - [MESSAGE][PASSED] - Browser is closed]]></system-out>
         <system-err><![CDATA[]]></system-err>
      </testcase>
      <testcase name="Test Cases/thang/New Test Case" time="2.929" classname="Test Cases/thang/New Test Case" status="PASSED">
         <system-out><![CDATA[03-07-2024T22:30:50 - [TEST_CASE][PASSED] - Test Cases/thang/New Test Case: Test Cases/thang/New Test Case

03-07-2024T22:30:50 - [TEST_STEP][PASSED] - openBrowser(""): Browser is opened with url: ''

03-07-2024T22:30:50 - [MESSAGE][INFO] - Starting 'Chrome' driver

03-07-2024T22:30:50 - [MESSAGE][INFO] - Action delay is set to 0 milliseconds

03-07-2024T22:30:52 - [MESSAGE][PASSED] - Browser is opened with url: ''

03-07-2024T22:30:52 - [TEST_STEP][PASSED] - closeBrowser(): Browser is closed

03-07-2024T22:30:53 - [MESSAGE][PASSED] - Browser is closed]]></system-out>
         <system-err><![CDATA[]]></system-err>
      </testcase>
      <system-out><![CDATA[03-07-2024T22:04:09 - [TEST_SUITE][FAILED] - New Dynamic Test Suite: Test Cases/New Test Case FAILED.
Reason:
com.kms.katalon.core.exception.StepFailedException: Connection refused: no further information
Build info: version: '3.141.59', revision: 'e82be7d358', time: '2018-11-14T08:25:53'
System info: host: 'HUYBT2', ip: '192.168.1.13', os.name: 'Windows 11', os.arch: 'amd64', os.version: '10.0', java.version: '17.0.7'
Driver info: driver.version: WindowsDriver (Root cause: org.openqa.selenium.WebDriverException: Connection refused: no further information
Build info: version: '3.141.59', revision: 'e82be7d358', time: '2018-11-14T08:25:53'
System info: host: 'HUYBT2', ip: '192.168.1.13', os.name: 'Windows 11', os.arch: 'amd64', os.version: '10.0', java.version: '17.0.7'
Driver info: driver.version: WindowsDriver
	at io.appium.java_client.remote.AppiumCommandExecutor.lambda$5(AppiumCommandExecutor.java:251)
	at io.appium.java_client.remote.AppiumCommandExecutor.execute(AppiumCommandExecutor.java:250)
	at org.openqa.selenium.remote.RemoteWebDriver.execute(RemoteWebDriver.java:552)
	at io.appium.java_client.DefaultGenericMobileDriver.execute(DefaultGenericMobileDriver.java:42)
	at io.appium.java_client.AppiumDriver.execute(AppiumDriver.java:1)
	at io.appium.java_client.windows.WindowsDriver.execute(WindowsDriver.java:1)
	at org.openqa.selenium.remote.RemoteWebDriver.startSession(RemoteWebDriver.java:213)
	at org.openqa.selenium.remote.RemoteWebDriver.<init>(RemoteWebDriver.java:131)
	at io.appium.java_client.DefaultGenericMobileDriver.<init>(DefaultGenericMobileDriver.java:38)
	at io.appium.java_client.AppiumDriver.<init>(AppiumDriver.java:84)
	at io.appium.java_client.windows.WindowsDriver.<init>(WindowsDriver.java:38)
	at com.kms.katalon.core.windows.driver.WindowsDriverFactory.newWindowsDriver(WindowsDriverFactory.java:194)
	at com.kms.katalon.core.windows.driver.WindowsDriverFactory.startApplication(WindowsDriverFactory.java:112)
	at com.kms.katalon.core.windows.driver.WindowsDriverFactory.startApplication(WindowsDriverFactory.java:96)
	at com.kms.katalon.core.windows.driver.WindowsDriverFactory$startApplication.call(Unknown Source)
	at com.kms.katalon.core.windows.keyword.builtin.StartApplicationWithTitleKeyword$_startApplicationWithTitle_closure1.doCall(StartApplicationWithTitleKeyword.groovy:33)
	at com.kms.katalon.core.windows.keyword.builtin.StartApplicationWithTitleKeyword$_startApplicationWithTitle_closure1.doCall(StartApplicationWithTitleKeyword.groovy)
	at java.base/jdk.internal.reflect.NativeMethodAccessorImpl.invoke0(Native Method)
	at java.base/jdk.internal.reflect.NativeMethodAccessorImpl.invoke(NativeMethodAccessorImpl.java:77)
	at java.base/jdk.internal.reflect.DelegatingMethodAccessorImpl.invoke(DelegatingMethodAccessorImpl.java:43)
	at com.kms.katalon.core.keyword.internal.KeywordMain.runKeyword(KeywordMain.groovy:90)
	at com.kms.katalon.core.keyword.internal.KeywordMain$runKeyword.call(Unknown Source)
	at com.kms.katalon.core.windows.keyword.builtin.StartApplicationWithTitleKeyword.startApplicationWithTitle(StartApplicationWithTitleKeyword.groovy:32)
	at com.kms.katalon.core.windows.keyword.builtin.StartApplicationWithTitleKeyword.execute(StartApplicationWithTitleKeyword.groovy:28)
	at com.kms.katalon.core.keyword.internal.KeywordExecutor.executeKeywordForPlatform(KeywordExecutor.groovy:74)
	at com.kms.katalon.core.windows.keyword.WindowsBuiltinKeywords.startApplicationWithTitle(WindowsBuiltinKeywords.java:1064)
	at New Test Case.run(New Test Case:20)
	at com.kms.katalon.core.main.ScriptEngine.run(ScriptEngine.java:194)
	at com.kms.katalon.core.main.ScriptEngine.runScriptAsRawText(ScriptEngine.java:119)
	at com.kms.katalon.core.main.TestCaseExecutor.runScript(TestCaseExecutor.java:448)
	at com.kms.katalon.core.main.TestCaseExecutor.doExecute(TestCaseExecutor.java:439)
	at com.kms.katalon.core.main.TestCaseExecutor.processExecutionPhase(TestCaseExecutor.java:418)
	at com.kms.katalon.core.main.TestCaseExecutor.accessMainPhase(TestCaseExecutor.java:410)
	at com.kms.katalon.core.main.TestCaseExecutor.execute(TestCaseExecutor.java:285)
	at com.kms.katalon.core.common.CommonExecutor.accessTestCaseMainPhase(CommonExecutor.java:65)
	at com.kms.katalon.core.main.TestSuiteExecutor.accessTestSuiteMainPhase(TestSuiteExecutor.java:150)
	at com.kms.katalon.core.main.TestSuiteExecutor.execute(TestSuiteExecutor.java:106)
	at com.kms.katalon.core.main.TestCaseMain.startTestSuite(TestCaseMain.java:180)
	at TempTestSuite1720019025915.run(TempTestSuite1720019025915.groovy:35)
	at java.base/jdk.internal.reflect.NativeMethodAccessorImpl.invoke0(Native Method)
	at java.base/jdk.internal.reflect.NativeMethodAccessorImpl.invoke(NativeMethodAccessorImpl.java:77)
	at java.base/jdk.internal.reflect.DelegatingMethodAccessorImpl.invoke(DelegatingMethodAccessorImpl.java:43)
Caused by: java.net.ConnectException: Connection refused: no further information
	at okhttp3.internal.platform.Platform.connectSocket(Platform.java:129)
	at okhttp3.internal.connection.RealConnection.connectSocket(RealConnection.java:245)
	at okhttp3.internal.connection.RealConnection.connect(RealConnection.java:165)
	at okhttp3.internal.connection.StreamAllocation.findConnection(StreamAllocation.java:257)
	at okhttp3.internal.connection.StreamAllocation.findHealthyConnection(StreamAllocation.java:135)
	at okhttp3.internal.connection.StreamAllocation.newStream(StreamAllocation.java:114)
	at okhttp3.internal.connection.ConnectInterceptor.intercept(ConnectInterceptor.java:42)
	at okhttp3.internal.http.RealInterceptorChain.proceed(RealInterceptorChain.java:147)
	at okhttp3.internal.http.RealInterceptorChain.proceed(RealInterceptorChain.java:121)
	at okhttp3.internal.cache.CacheInterceptor.intercept(CacheInterceptor.java:93)
	at okhttp3.internal.http.RealInterceptorChain.proceed(RealInterceptorChain.java:147)
	at okhttp3.internal.http.RealInterceptorChain.proceed(RealInterceptorChain.java:121)
	at okhttp3.internal.http.BridgeInterceptor.intercept(BridgeInterceptor.java:93)
	at okhttp3.internal.http.RealInterceptorChain.proceed(RealInterceptorChain.java:147)
	at okhttp3.internal.http.RetryAndFollowUpInterceptor.intercept(RetryAndFollowUpInterceptor.java:126)
	at okhttp3.internal.http.RealInterceptorChain.proceed(RealInterceptorChain.java:147)
	at okhttp3.internal.http.RealInterceptorChain.proceed(RealInterceptorChain.java:121)
	at okhttp3.RealCall.getResponseWithInterceptorChain(RealCall.java:200)
	at okhttp3.RealCall.execute(RealCall.java:77)
	at org.openqa.selenium.remote.internal.OkHttpClient.execute(OkHttpClient.java:103)
	at org.openqa.selenium.remote.ProtocolHandshake.createSession(ProtocolHandshake.java:105)
	at java.base/jdk.internal.reflect.NativeMethodAccessorImpl.invoke0(Native Method)
	at java.base/jdk.internal.reflect.NativeMethodAccessorImpl.invoke(NativeMethodAccessorImpl.java:77)
	at java.base/jdk.internal.reflect.DelegatingMethodAccessorImpl.invoke(DelegatingMethodAccessorImpl.java:43)
	at io.appium.java_client.remote.AppiumCommandExecutor$1.createSession(AppiumCommandExecutor.java:186)
	at io.appium.java_client.remote.AppiumCommandExecutor.createSession(AppiumCommandExecutor.java:217)
	at io.appium.java_client.remote.AppiumCommandExecutor.execute(AppiumCommandExecutor.java:239)
	at org.openqa.selenium.remote.RemoteWebDriver.execute(RemoteWebDriver.java:552)
	at io.appium.java_client.DefaultGenericMobileDriver.execute(DefaultGenericMobileDriver.java:42)
	at io.appium.java_client.AppiumDriver.execute(AppiumDriver.java:1)
	at io.appium.java_client.windows.WindowsDriver.execute(WindowsDriver.java:1)
	at org.openqa.selenium.remote.RemoteWebDriver.startSession(RemoteWebDriver.java:213)
	at org.openqa.selenium.remote.RemoteWebDriver.<init>(RemoteWebDriver.java:131)
	at io.appium.java_client.DefaultGenericMobileDriver.<init>(DefaultGenericMobileDriver.java:38)
	at io.appium.java_client.AppiumDriver.<init>(AppiumDriver.java:84)
	at io.appium.java_client.windows.WindowsDriver.<init>(WindowsDriver.java:38)
	at com.kms.katalon.core.windows.driver.WindowsDriverFactory.newWindowsDriver(WindowsDriverFactory.java:194)
	at com.kms.katalon.core.windows.driver.WindowsDriverFactory.startApplication(WindowsDriverFactory.java:112)
	at com.kms.katalon.core.windows.driver.WindowsDriverFactory.startApplication(WindowsDriverFactory.java:96)
	at com.kms.katalon.core.windows.driver.WindowsDriverFactory$startApplication.call(Unknown Source)
	at com.kms.katalon.core.windows.keyword.builtin.StartApplicationWithTitleKeyword$_startApplicationWithTitle_closure1.doCall(StartApplicationWithTitleKeyword.groovy:33)
	at com.kms.katalon.core.windows.keyword.builtin.StartApplicationWithTitleKeyword$_startApplicationWithTitle_closure1.doCall(StartApplicationWithTitleKeyword.groovy)
	at java.base/jdk.internal.reflect.NativeMethodAccessorImpl.invoke0(Native Method)
	at java.base/jdk.internal.reflect.NativeMethodAccessorImpl.invoke(NativeMethodAccessorImpl.java:77)
	at java.base/jdk.internal.reflect.DelegatingMethodAccessorImpl.invoke(DelegatingMethodAccessorImpl.java:43)
	at com.kms.katalon.core.keyword.internal.KeywordMain.runKeyword(KeywordMain.groovy:90)
	at com.kms.katalon.core.keyword.internal.KeywordMain$runKeyword.call(Unknown Source)
	at com.kms.katalon.core.windows.keyword.builtin.StartApplicationWithTitleKeyword.startApplicationWithTitle(StartApplicationWithTitleKeyword.groovy:32)
	at com.kms.katalon.core.windows.keyword.builtin.StartApplicationWithTitleKeyword.execute(StartApplicationWithTitleKeyword.groovy:28)
	at com.kms.katalon.core.keyword.internal.KeywordExecutor.executeKeywordForPlatform(KeywordExecutor.groovy:74)
	at com.kms.katalon.core.windows.keyword.WindowsBuiltinKeywords.startApplicationWithTitle(WindowsBuiltinKeywords.java:1064)
	at Script1716305407857.run(Script1716305407857.groovy:20)
	... 15 more
)
	at com.kms.katalon.core.keyword.internal.KeywordMain.stepFailed(KeywordMain.groovy:51)
	at com.kms.katalon.core.keyword.internal.KeywordMain.stepFailed(KeywordMain.groovy)
	at com.kms.katalon.core.keyword.internal.KeywordMain.runKeyword(KeywordMain.groovy:92)
	at com.kms.katalon.core.keyword.internal.KeywordMain$runKeyword.call(Unknown Source)
	at com.kms.katalon.core.windows.keyword.builtin.StartApplicationWithTitleKeyword.startApplicationWithTitle(StartApplicationWithTitleKeyword.groovy:32)
	at com.kms.katalon.core.windows.keyword.builtin.StartApplicationWithTitleKeyword.execute(StartApplicationWithTitleKeyword.groovy:28)
	at com.kms.katalon.core.keyword.internal.KeywordExecutor.executeKeywordForPlatform(KeywordExecutor.groovy:74)
	at com.kms.katalon.core.windows.keyword.WindowsBuiltinKeywords.startApplicationWithTitle(WindowsBuiltinKeywords.java:1064)
	at New Test Case.run(New Test Case:20)
	at com.kms.katalon.core.main.ScriptEngine.run(ScriptEngine.java:194)
	at com.kms.katalon.core.main.ScriptEngine.runScriptAsRawText(ScriptEngine.java:119)
	at com.kms.katalon.core.main.TestCaseExecutor.runScript(TestCaseExecutor.java:448)
	at com.kms.katalon.core.main.TestCaseExecutor.doExecute(TestCaseExecutor.java:439)
	at com.kms.katalon.core.main.TestCaseExecutor.processExecutionPhase(TestCaseExecutor.java:418)
	at com.kms.katalon.core.main.TestCaseExecutor.accessMainPhase(TestCaseExecutor.java:410)
	at com.kms.katalon.core.main.TestCaseExecutor.execute(TestCaseExecutor.java:285)
	at com.kms.katalon.core.common.CommonExecutor.accessTestCaseMainPhase(CommonExecutor.java:65)
	at com.kms.katalon.core.main.TestSuiteExecutor.accessTestSuiteMainPhase(TestSuiteExecutor.java:150)
	at com.kms.katalon.core.main.TestSuiteExecutor.execute(TestSuiteExecutor.java:106)
	at com.kms.katalon.core.main.TestCaseMain.startTestSuite(TestCaseMain.java:180)
	at TempTestSuite1720019025915.run(TempTestSuite1720019025915.groovy:35)
	at java.base/jdk.internal.reflect.NativeMethodAccessorImpl.invoke0(Native Method)
	at java.base/jdk.internal.reflect.NativeMethodAccessorImpl.invoke(NativeMethodAccessorImpl.java:77)
	at java.base/jdk.internal.reflect.DelegatingMethodAccessorImpl.invoke(DelegatingMethodAccessorImpl.java:43)
Caused by: org.openqa.selenium.WebDriverException: Connection refused: no further information
Build info: version: '3.141.59', revision: 'e82be7d358', time: '2018-11-14T08:25:53'
System info: host: 'HUYBT2', ip: '192.168.1.13', os.name: 'Windows 11', os.arch: 'amd64', os.version: '10.0', java.version: '17.0.7'
Driver info: driver.version: WindowsDriver
	at io.appium.java_client.remote.AppiumCommandExecutor.lambda$5(AppiumCommandExecutor.java:251)
	at io.appium.java_client.remote.AppiumCommandExecutor.execute(AppiumCommandExecutor.java:250)
	at org.openqa.selenium.remote.RemoteWebDriver.execute(RemoteWebDriver.java:552)
	at io.appium.java_client.DefaultGenericMobileDriver.execute(DefaultGenericMobileDriver.java:42)
	at io.appium.java_client.AppiumDriver.execute(AppiumDriver.java:1)
	at io.appium.java_client.windows.WindowsDriver.execute(WindowsDriver.java:1)
	at org.openqa.selenium.remote.RemoteWebDriver.startSession(RemoteWebDriver.java:213)
	at org.openqa.selenium.remote.RemoteWebDriver.<init>(RemoteWebDriver.java:131)
	at io.appium.java_client.DefaultGenericMobileDriver.<init>(DefaultGenericMobileDriver.java:38)
	at io.appium.java_client.AppiumDriver.<init>(AppiumDriver.java:84)
	at io.appium.java_client.windows.WindowsDriver.<init>(WindowsDriver.java:38)
	at com.kms.katalon.core.windows.driver.WindowsDriverFactory.newWindowsDriver(WindowsDriverFactory.java:194)
	at com.kms.katalon.core.windows.driver.WindowsDriverFactory.startApplication(WindowsDriverFactory.java:112)
	at com.kms.katalon.core.windows.driver.WindowsDriverFactory.startApplication(WindowsDriverFactory.java:96)
	at com.kms.katalon.core.windows.driver.WindowsDriverFactory$startApplication.call(Unknown Source)
	at com.kms.katalon.core.windows.keyword.builtin.StartApplicationWithTitleKeyword$_startApplicationWithTitle_closure1.doCall(StartApplicationWithTitleKeyword.groovy:33)
	at com.kms.katalon.core.windows.keyword.builtin.StartApplicationWithTitleKeyword$_startApplicationWithTitle_closure1.doCall(StartApplicationWithTitleKeyword.groovy)
	at java.base/jdk.internal.reflect.NativeMethodAccessorImpl.invoke0(Native Method)
	at java.base/jdk.internal.reflect.NativeMethodAccessorImpl.invoke(NativeMethodAccessorImpl.java:77)
	at java.base/jdk.internal.reflect.DelegatingMethodAccessorImpl.invoke(DelegatingMethodAccessorImpl.java:43)
	at com.kms.katalon.core.keyword.internal.KeywordMain.runKeyword(KeywordMain.groovy:90)
	... 21 more
Caused by: java.net.ConnectException: Connection refused: no further information
	at okhttp3.internal.platform.Platform.connectSocket(Platform.java:129)
	at okhttp3.internal.connection.RealConnection.connectSocket(RealConnection.java:245)
	at okhttp3.internal.connection.RealConnection.connect(RealConnection.java:165)
	at okhttp3.internal.connection.StreamAllocation.findConnection(StreamAllocation.java:257)
	at okhttp3.internal.connection.StreamAllocation.findHealthyConnection(StreamAllocation.java:135)
	at okhttp3.internal.connection.StreamAllocation.newStream(StreamAllocation.java:114)
	at okhttp3.internal.connection.ConnectInterceptor.intercept(ConnectInterceptor.java:42)
	at okhttp3.internal.http.RealInterceptorChain.proceed(RealInterceptorChain.java:147)
	at okhttp3.internal.http.RealInterceptorChain.proceed(RealInterceptorChain.java:121)
	at okhttp3.internal.cache.CacheInterceptor.intercept(CacheInterceptor.java:93)
	at okhttp3.internal.http.RealInterceptorChain.proceed(RealInterceptorChain.java:147)
	at okhttp3.internal.http.RealInterceptorChain.proceed(RealInterceptorChain.java:121)
	at okhttp3.internal.http.BridgeInterceptor.intercept(BridgeInterceptor.java:93)
	at okhttp3.internal.http.RealInterceptorChain.proceed(RealInterceptorChain.java:147)
	at okhttp3.internal.http.RetryAndFollowUpInterceptor.intercept(RetryAndFollowUpInterceptor.java:126)
	at okhttp3.internal.http.RealInterceptorChain.proceed(RealInterceptorChain.java:147)
	at okhttp3.internal.http.RealInterceptorChain.proceed(RealInterceptorChain.java:121)
	at okhttp3.RealCall.getResponseWithInterceptorChain(RealCall.java:200)
	at okhttp3.RealCall.execute(RealCall.java:77)
	at org.openqa.selenium.remote.internal.OkHttpClient.execute(OkHttpClient.java:103)
	at org.openqa.selenium.remote.ProtocolHandshake.createSession(ProtocolHandshake.java:105)
	at java.base/jdk.internal.reflect.NativeMethodAccessorImpl.invoke0(Native Method)
	at java.base/jdk.internal.reflect.NativeMethodAccessorImpl.invoke(NativeMethodAccessorImpl.java:77)
	at java.base/jdk.internal.reflect.DelegatingMethodAccessorImpl.invoke(DelegatingMethodAccessorImpl.java:43)
	at io.appium.java_client.remote.AppiumCommandExecutor$1.createSession(AppiumCommandExecutor.java:186)
	at io.appium.java_client.remote.AppiumCommandExecutor.createSession(AppiumCommandExecutor.java:217)
	at io.appium.java_client.remote.AppiumCommandExecutor.execute(AppiumCommandExecutor.java:239)
	... 40 more]]></system-out>
      <system-err><![CDATA[03-07-2024T22:04:09 - [TEST_SUITE][FAILED] - New Dynamic Test Suite: Test Cases/New Test Case FAILED.
Reason:
com.kms.katalon.core.exception.StepFailedException: Connection refused: no further information
Build info: version: '3.141.59', revision: 'e82be7d358', time: '2018-11-14T08:25:53'
System info: host: 'HUYBT2', ip: '192.168.1.13', os.name: 'Windows 11', os.arch: 'amd64', os.version: '10.0', java.version: '17.0.7'
Driver info: driver.version: WindowsDriver (Root cause: org.openqa.selenium.WebDriverException: Connection refused: no further information
Build info: version: '3.141.59', revision: 'e82be7d358', time: '2018-11-14T08:25:53'
System info: host: 'HUYBT2', ip: '192.168.1.13', os.name: 'Windows 11', os.arch: 'amd64', os.version: '10.0', java.version: '17.0.7'
Driver info: driver.version: WindowsDriver
	at io.appium.java_client.remote.AppiumCommandExecutor.lambda$5(AppiumCommandExecutor.java:251)
	at io.appium.java_client.remote.AppiumCommandExecutor.execute(AppiumCommandExecutor.java:250)
	at org.openqa.selenium.remote.RemoteWebDriver.execute(RemoteWebDriver.java:552)
	at io.appium.java_client.DefaultGenericMobileDriver.execute(DefaultGenericMobileDriver.java:42)
	at io.appium.java_client.AppiumDriver.execute(AppiumDriver.java:1)
	at io.appium.java_client.windows.WindowsDriver.execute(WindowsDriver.java:1)
	at org.openqa.selenium.remote.RemoteWebDriver.startSession(RemoteWebDriver.java:213)
	at org.openqa.selenium.remote.RemoteWebDriver.<init>(RemoteWebDriver.java:131)
	at io.appium.java_client.DefaultGenericMobileDriver.<init>(DefaultGenericMobileDriver.java:38)
	at io.appium.java_client.AppiumDriver.<init>(AppiumDriver.java:84)
	at io.appium.java_client.windows.WindowsDriver.<init>(WindowsDriver.java:38)
	at com.kms.katalon.core.windows.driver.WindowsDriverFactory.newWindowsDriver(WindowsDriverFactory.java:194)
	at com.kms.katalon.core.windows.driver.WindowsDriverFactory.startApplication(WindowsDriverFactory.java:112)
	at com.kms.katalon.core.windows.driver.WindowsDriverFactory.startApplication(WindowsDriverFactory.java:96)
	at com.kms.katalon.core.windows.driver.WindowsDriverFactory$startApplication.call(Unknown Source)
	at com.kms.katalon.core.windows.keyword.builtin.StartApplicationWithTitleKeyword$_startApplicationWithTitle_closure1.doCall(StartApplicationWithTitleKeyword.groovy:33)
	at com.kms.katalon.core.windows.keyword.builtin.StartApplicationWithTitleKeyword$_startApplicationWithTitle_closure1.doCall(StartApplicationWithTitleKeyword.groovy)
	at java.base/jdk.internal.reflect.NativeMethodAccessorImpl.invoke0(Native Method)
	at java.base/jdk.internal.reflect.NativeMethodAccessorImpl.invoke(NativeMethodAccessorImpl.java:77)
	at java.base/jdk.internal.reflect.DelegatingMethodAccessorImpl.invoke(DelegatingMethodAccessorImpl.java:43)
	at com.kms.katalon.core.keyword.internal.KeywordMain.runKeyword(KeywordMain.groovy:90)
	at com.kms.katalon.core.keyword.internal.KeywordMain$runKeyword.call(Unknown Source)
	at com.kms.katalon.core.windows.keyword.builtin.StartApplicationWithTitleKeyword.startApplicationWithTitle(StartApplicationWithTitleKeyword.groovy:32)
	at com.kms.katalon.core.windows.keyword.builtin.StartApplicationWithTitleKeyword.execute(StartApplicationWithTitleKeyword.groovy:28)
	at com.kms.katalon.core.keyword.internal.KeywordExecutor.executeKeywordForPlatform(KeywordExecutor.groovy:74)
	at com.kms.katalon.core.windows.keyword.WindowsBuiltinKeywords.startApplicationWithTitle(WindowsBuiltinKeywords.java:1064)
	at New Test Case.run(New Test Case:20)
	at com.kms.katalon.core.main.ScriptEngine.run(ScriptEngine.java:194)
	at com.kms.katalon.core.main.ScriptEngine.runScriptAsRawText(ScriptEngine.java:119)
	at com.kms.katalon.core.main.TestCaseExecutor.runScript(TestCaseExecutor.java:448)
	at com.kms.katalon.core.main.TestCaseExecutor.doExecute(TestCaseExecutor.java:439)
	at com.kms.katalon.core.main.TestCaseExecutor.processExecutionPhase(TestCaseExecutor.java:418)
	at com.kms.katalon.core.main.TestCaseExecutor.accessMainPhase(TestCaseExecutor.java:410)
	at com.kms.katalon.core.main.TestCaseExecutor.execute(TestCaseExecutor.java:285)
	at com.kms.katalon.core.common.CommonExecutor.accessTestCaseMainPhase(CommonExecutor.java:65)
	at com.kms.katalon.core.main.TestSuiteExecutor.accessTestSuiteMainPhase(TestSuiteExecutor.java:150)
	at com.kms.katalon.core.main.TestSuiteExecutor.execute(TestSuiteExecutor.java:106)
	at com.kms.katalon.core.main.TestCaseMain.startTestSuite(TestCaseMain.java:180)
	at TempTestSuite1720019025915.run(TempTestSuite1720019025915.groovy:35)
	at java.base/jdk.internal.reflect.NativeMethodAccessorImpl.invoke0(Native Method)
	at java.base/jdk.internal.reflect.NativeMethodAccessorImpl.invoke(NativeMethodAccessorImpl.java:77)
	at java.base/jdk.internal.reflect.DelegatingMethodAccessorImpl.invoke(DelegatingMethodAccessorImpl.java:43)
Caused by: java.net.ConnectException: Connection refused: no further information
	at okhttp3.internal.platform.Platform.connectSocket(Platform.java:129)
	at okhttp3.internal.connection.RealConnection.connectSocket(RealConnection.java:245)
	at okhttp3.internal.connection.RealConnection.connect(RealConnection.java:165)
	at okhttp3.internal.connection.StreamAllocation.findConnection(StreamAllocation.java:257)
	at okhttp3.internal.connection.StreamAllocation.findHealthyConnection(StreamAllocation.java:135)
	at okhttp3.internal.connection.StreamAllocation.newStream(StreamAllocation.java:114)
	at okhttp3.internal.connection.ConnectInterceptor.intercept(ConnectInterceptor.java:42)
	at okhttp3.internal.http.RealInterceptorChain.proceed(RealInterceptorChain.java:147)
	at okhttp3.internal.http.RealInterceptorChain.proceed(RealInterceptorChain.java:121)
	at okhttp3.internal.cache.CacheInterceptor.intercept(CacheInterceptor.java:93)
	at okhttp3.internal.http.RealInterceptorChain.proceed(RealInterceptorChain.java:147)
	at okhttp3.internal.http.RealInterceptorChain.proceed(RealInterceptorChain.java:121)
	at okhttp3.internal.http.BridgeInterceptor.intercept(BridgeInterceptor.java:93)
	at okhttp3.internal.http.RealInterceptorChain.proceed(RealInterceptorChain.java:147)
	at okhttp3.internal.http.RetryAndFollowUpInterceptor.intercept(RetryAndFollowUpInterceptor.java:126)
	at okhttp3.internal.http.RealInterceptorChain.proceed(RealInterceptorChain.java:147)
	at okhttp3.internal.http.RealInterceptorChain.proceed(RealInterceptorChain.java:121)
	at okhttp3.RealCall.getResponseWithInterceptorChain(RealCall.java:200)
	at okhttp3.RealCall.execute(RealCall.java:77)
	at org.openqa.selenium.remote.internal.OkHttpClient.execute(OkHttpClient.java:103)
	at org.openqa.selenium.remote.ProtocolHandshake.createSession(ProtocolHandshake.java:105)
	at java.base/jdk.internal.reflect.NativeMethodAccessorImpl.invoke0(Native Method)
	at java.base/jdk.internal.reflect.NativeMethodAccessorImpl.invoke(NativeMethodAccessorImpl.java:77)
	at java.base/jdk.internal.reflect.DelegatingMethodAccessorImpl.invoke(DelegatingMethodAccessorImpl.java:43)
	at io.appium.java_client.remote.AppiumCommandExecutor$1.createSession(AppiumCommandExecutor.java:186)
	at io.appium.java_client.remote.AppiumCommandExecutor.createSession(AppiumCommandExecutor.java:217)
	at io.appium.java_client.remote.AppiumCommandExecutor.execute(AppiumCommandExecutor.java:239)
	at org.openqa.selenium.remote.RemoteWebDriver.execute(RemoteWebDriver.java:552)
	at io.appium.java_client.DefaultGenericMobileDriver.execute(DefaultGenericMobileDriver.java:42)
	at io.appium.java_client.AppiumDriver.execute(AppiumDriver.java:1)
	at io.appium.java_client.windows.WindowsDriver.execute(WindowsDriver.java:1)
	at org.openqa.selenium.remote.RemoteWebDriver.startSession(RemoteWebDriver.java:213)
	at org.openqa.selenium.remote.RemoteWebDriver.<init>(RemoteWebDriver.java:131)
	at io.appium.java_client.DefaultGenericMobileDriver.<init>(DefaultGenericMobileDriver.java:38)
	at io.appium.java_client.AppiumDriver.<init>(AppiumDriver.java:84)
	at io.appium.java_client.windows.WindowsDriver.<init>(WindowsDriver.java:38)
	at com.kms.katalon.core.windows.driver.WindowsDriverFactory.newWindowsDriver(WindowsDriverFactory.java:194)
	at com.kms.katalon.core.windows.driver.WindowsDriverFactory.startApplication(WindowsDriverFactory.java:112)
	at com.kms.katalon.core.windows.driver.WindowsDriverFactory.startApplication(WindowsDriverFactory.java:96)
	at com.kms.katalon.core.windows.driver.WindowsDriverFactory$startApplication.call(Unknown Source)
	at com.kms.katalon.core.windows.keyword.builtin.StartApplicationWithTitleKeyword$_startApplicationWithTitle_closure1.doCall(StartApplicationWithTitleKeyword.groovy:33)
	at com.kms.katalon.core.windows.keyword.builtin.StartApplicationWithTitleKeyword$_startApplicationWithTitle_closure1.doCall(StartApplicationWithTitleKeyword.groovy)
	at java.base/jdk.internal.reflect.NativeMethodAccessorImpl.invoke0(Native Method)
	at java.base/jdk.internal.reflect.NativeMethodAccessorImpl.invoke(NativeMethodAccessorImpl.java:77)
	at java.base/jdk.internal.reflect.DelegatingMethodAccessorImpl.invoke(DelegatingMethodAccessorImpl.java:43)
	at com.kms.katalon.core.keyword.internal.KeywordMain.runKeyword(KeywordMain.groovy:90)
	at com.kms.katalon.core.keyword.internal.KeywordMain$runKeyword.call(Unknown Source)
	at com.kms.katalon.core.windows.keyword.builtin.StartApplicationWithTitleKeyword.startApplicationWithTitle(StartApplicationWithTitleKeyword.groovy:32)
	at com.kms.katalon.core.windows.keyword.builtin.StartApplicationWithTitleKeyword.execute(StartApplicationWithTitleKeyword.groovy:28)
	at com.kms.katalon.core.keyword.internal.KeywordExecutor.executeKeywordForPlatform(KeywordExecutor.groovy:74)
	at com.kms.katalon.core.windows.keyword.WindowsBuiltinKeywords.startApplicationWithTitle(WindowsBuiltinKeywords.java:1064)
	at Script1716305407857.run(Script1716305407857.groovy:20)
	... 15 more
)
	at com.kms.katalon.core.keyword.internal.KeywordMain.stepFailed(KeywordMain.groovy:51)
	at com.kms.katalon.core.keyword.internal.KeywordMain.stepFailed(KeywordMain.groovy)
	at com.kms.katalon.core.keyword.internal.KeywordMain.runKeyword(KeywordMain.groovy:92)
	at com.kms.katalon.core.keyword.internal.KeywordMain$runKeyword.call(Unknown Source)
	at com.kms.katalon.core.windows.keyword.builtin.StartApplicationWithTitleKeyword.startApplicationWithTitle(StartApplicationWithTitleKeyword.groovy:32)
	at com.kms.katalon.core.windows.keyword.builtin.StartApplicationWithTitleKeyword.execute(StartApplicationWithTitleKeyword.groovy:28)
	at com.kms.katalon.core.keyword.internal.KeywordExecutor.executeKeywordForPlatform(KeywordExecutor.groovy:74)
	at com.kms.katalon.core.windows.keyword.WindowsBuiltinKeywords.startApplicationWithTitle(WindowsBuiltinKeywords.java:1064)
	at New Test Case.run(New Test Case:20)
	at com.kms.katalon.core.main.ScriptEngine.run(ScriptEngine.java:194)
	at com.kms.katalon.core.main.ScriptEngine.runScriptAsRawText(ScriptEngine.java:119)
	at com.kms.katalon.core.main.TestCaseExecutor.runScript(TestCaseExecutor.java:448)
	at com.kms.katalon.core.main.TestCaseExecutor.doExecute(TestCaseExecutor.java:439)
	at com.kms.katalon.core.main.TestCaseExecutor.processExecutionPhase(TestCaseExecutor.java:418)
	at com.kms.katalon.core.main.TestCaseExecutor.accessMainPhase(TestCaseExecutor.java:410)
	at com.kms.katalon.core.main.TestCaseExecutor.execute(TestCaseExecutor.java:285)
	at com.kms.katalon.core.common.CommonExecutor.accessTestCaseMainPhase(CommonExecutor.java:65)
	at com.kms.katalon.core.main.TestSuiteExecutor.accessTestSuiteMainPhase(TestSuiteExecutor.java:150)
	at com.kms.katalon.core.main.TestSuiteExecutor.execute(TestSuiteExecutor.java:106)
	at com.kms.katalon.core.main.TestCaseMain.startTestSuite(TestCaseMain.java:180)
	at TempTestSuite1720019025915.run(TempTestSuite1720019025915.groovy:35)
	at java.base/jdk.internal.reflect.NativeMethodAccessorImpl.invoke0(Native Method)
	at java.base/jdk.internal.reflect.NativeMethodAccessorImpl.invoke(NativeMethodAccessorImpl.java:77)
	at java.base/jdk.internal.reflect.DelegatingMethodAccessorImpl.invoke(DelegatingMethodAccessorImpl.java:43)
Caused by: org.openqa.selenium.WebDriverException: Connection refused: no further information
Build info: version: '3.141.59', revision: 'e82be7d358', time: '2018-11-14T08:25:53'
System info: host: 'HUYBT2', ip: '192.168.1.13', os.name: 'Windows 11', os.arch: 'amd64', os.version: '10.0', java.version: '17.0.7'
Driver info: driver.version: WindowsDriver
	at io.appium.java_client.remote.AppiumCommandExecutor.lambda$5(AppiumCommandExecutor.java:251)
	at io.appium.java_client.remote.AppiumCommandExecutor.execute(AppiumCommandExecutor.java:250)
	at org.openqa.selenium.remote.RemoteWebDriver.execute(RemoteWebDriver.java:552)
	at io.appium.java_client.DefaultGenericMobileDriver.execute(DefaultGenericMobileDriver.java:42)
	at io.appium.java_client.AppiumDriver.execute(AppiumDriver.java:1)
	at io.appium.java_client.windows.WindowsDriver.execute(WindowsDriver.java:1)
	at org.openqa.selenium.remote.RemoteWebDriver.startSession(RemoteWebDriver.java:213)
	at org.openqa.selenium.remote.RemoteWebDriver.<init>(RemoteWebDriver.java:131)
	at io.appium.java_client.DefaultGenericMobileDriver.<init>(DefaultGenericMobileDriver.java:38)
	at io.appium.java_client.AppiumDriver.<init>(AppiumDriver.java:84)
	at io.appium.java_client.windows.WindowsDriver.<init>(WindowsDriver.java:38)
	at com.kms.katalon.core.windows.driver.WindowsDriverFactory.newWindowsDriver(WindowsDriverFactory.java:194)
	at com.kms.katalon.core.windows.driver.WindowsDriverFactory.startApplication(WindowsDriverFactory.java:112)
	at com.kms.katalon.core.windows.driver.WindowsDriverFactory.startApplication(WindowsDriverFactory.java:96)
	at com.kms.katalon.core.windows.driver.WindowsDriverFactory$startApplication.call(Unknown Source)
	at com.kms.katalon.core.windows.keyword.builtin.StartApplicationWithTitleKeyword$_startApplicationWithTitle_closure1.doCall(StartApplicationWithTitleKeyword.groovy:33)
	at com.kms.katalon.core.windows.keyword.builtin.StartApplicationWithTitleKeyword$_startApplicationWithTitle_closure1.doCall(StartApplicationWithTitleKeyword.groovy)
	at java.base/jdk.internal.reflect.NativeMethodAccessorImpl.invoke0(Native Method)
	at java.base/jdk.internal.reflect.NativeMethodAccessorImpl.invoke(NativeMethodAccessorImpl.java:77)
	at java.base/jdk.internal.reflect.DelegatingMethodAccessorImpl.invoke(DelegatingMethodAccessorImpl.java:43)
	at com.kms.katalon.core.keyword.internal.KeywordMain.runKeyword(KeywordMain.groovy:90)
	... 21 more
Caused by: java.net.ConnectException: Connection refused: no further information
	at okhttp3.internal.platform.Platform.connectSocket(Platform.java:129)
	at okhttp3.internal.connection.RealConnection.connectSocket(RealConnection.java:245)
	at okhttp3.internal.connection.RealConnection.connect(RealConnection.java:165)
	at okhttp3.internal.connection.StreamAllocation.findConnection(StreamAllocation.java:257)
	at okhttp3.internal.connection.StreamAllocation.findHealthyConnection(StreamAllocation.java:135)
	at okhttp3.internal.connection.StreamAllocation.newStream(StreamAllocation.java:114)
	at okhttp3.internal.connection.ConnectInterceptor.intercept(ConnectInterceptor.java:42)
	at okhttp3.internal.http.RealInterceptorChain.proceed(RealInterceptorChain.java:147)
	at okhttp3.internal.http.RealInterceptorChain.proceed(RealInterceptorChain.java:121)
	at okhttp3.internal.cache.CacheInterceptor.intercept(CacheInterceptor.java:93)
	at okhttp3.internal.http.RealInterceptorChain.proceed(RealInterceptorChain.java:147)
	at okhttp3.internal.http.RealInterceptorChain.proceed(RealInterceptorChain.java:121)
	at okhttp3.internal.http.BridgeInterceptor.intercept(BridgeInterceptor.java:93)
	at okhttp3.internal.http.RealInterceptorChain.proceed(RealInterceptorChain.java:147)
	at okhttp3.internal.http.RetryAndFollowUpInterceptor.intercept(RetryAndFollowUpInterceptor.java:126)
	at okhttp3.internal.http.RealInterceptorChain.proceed(RealInterceptorChain.java:147)
	at okhttp3.internal.http.RealInterceptorChain.proceed(RealInterceptorChain.java:121)
	at okhttp3.RealCall.getResponseWithInterceptorChain(RealCall.java:200)
	at okhttp3.RealCall.execute(RealCall.java:77)
	at org.openqa.selenium.remote.internal.OkHttpClient.execute(OkHttpClient.java:103)
	at org.openqa.selenium.remote.ProtocolHandshake.createSession(ProtocolHandshake.java:105)
	at java.base/jdk.internal.reflect.NativeMethodAccessorImpl.invoke0(Native Method)
	at java.base/jdk.internal.reflect.NativeMethodAccessorImpl.invoke(NativeMethodAccessorImpl.java:77)
	at java.base/jdk.internal.reflect.DelegatingMethodAccessorImpl.invoke(DelegatingMethodAccessorImpl.java:43)
	at io.appium.java_client.remote.AppiumCommandExecutor$1.createSession(AppiumCommandExecutor.java:186)
	at io.appium.java_client.remote.AppiumCommandExecutor.createSession(AppiumCommandExecutor.java:217)
	at io.appium.java_client.remote.AppiumCommandExecutor.execute(AppiumCommandExecutor.java:239)
	... 40 more]]></system-err>
   </testsuite>
</testsuites>
