<?xml version="1.0" encoding="UTF-8"?>
<testsuites name="abc" time="137.675" tests="1" failures="0" errors="0">
   <testsuite name="abc" tests="1" failures="0" errors="0" time="137.675" skipped="0" timestamp="23-06-2024T18:11:49" hostname="tuanh - huybt2" id="Test Suites/abc">
      <properties>
         <property name="deviceName" value=""/>
         <property name="devicePlatform" value=""/>
         <property name="logFolder" value="C:\\Users\\tuanh\\git\\kata-oma\\Reports\\20240623_180923\\abc\\20240623_180923"/>
         <property name="logFiles" value="C:\\Users\\tuanh\\git\\kata-oma\\Reports\\20240623_180923\\abc\\20240623_180923\\execution0.log"/>
         <property name="attachments" value=""/>
         <property name="hostName" value="tuanh - huybt2"/>
         <property name="os" value="Windows 11 64bit"/>
         <property name="katalonVersion" value="9.4.0.212"/>
         <property name="browser" value="Chrome 126.0.0.0"/>
         <property name="hostAddress" value="192.168.1.13"/>
         <property name="sessionId" value="ba5627dd30dc4428174d89a89cc11ba9"/>
         <property name="seleniumVersion" value="3.141.59"/>
         <property name="proxyInformation" value="ProxyInformation { proxyOption=NO_PROXY, proxyServerType=HTTP, username=, password=********, proxyServerAddress=, proxyServerPort=0, executionList=&quot;&quot;, isApplyToDesiredCapabilities=true }"/>
         <property name="platform" value="Windows 11"/>
      </properties>
      <testcase name="Test Cases/tets1" time="135.119" classname="Test Cases/tets1" status="PASSED">
         <system-out><![CDATA[23-06-2024T18:11:51 - [TEST_CASE][PASSED] - Test Cases/tets1: Test Cases/tets1

23-06-2024T18:12:03 - [TEST_STEP][PASSED] - openBrowser(""): Browser is opened with url: ''

23-06-2024T18:12:14 - [MESSAGE][INFO] - Starting 'Chrome' driver

23-06-2024T18:12:15 - [MESSAGE][INFO] - Action delay is set to 0 milliseconds

23-06-2024T18:13:02 - [MESSAGE][PASSED] - Browser is opened with url: ''

23-06-2024T18:13:02 - [TEST_STEP][PASSED] - closeBrowser(): Browser is closed

23-06-2024T18:14:06 - [MESSAGE][PASSED] - Browser is closed]]></system-out>
         <system-err><![CDATA[]]></system-err>
      </testcase>
      <system-out><![CDATA[23-06-2024T18:11:49 - [TEST_SUITE][PASSED] - abc: Test Cases/tets1]]></system-out>
      <system-err><![CDATA[]]></system-err>
   </testsuite>
</testsuites>
