<?xml version="1.0" encoding="UTF-8"?>
<testsuites name="a" time="75.314" tests="1" failures="0" errors="0">
   <testsuite name="a" tests="1" failures="0" errors="0" time="75.314" skipped="0" timestamp="27-06-2024T19:48:21" hostname="tuanh - host.docker.internal" id="Test Suites/a">
      <properties>
         <property name="deviceName" value=""/>
         <property name="devicePlatform" value=""/>
         <property name="logFolder" value="C:\\Users\\tuanh\\git\\kata-oma\\Reports\\20240627_194614\\a\\20240627_194625"/>
         <property name="logFiles" value="C:\\Users\\tuanh\\git\\kata-oma\\Reports\\20240627_194614\\a\\20240627_194625\\execution0.log"/>
         <property name="attachments" value=""/>
         <property name="hostName" value="tuanh - host.docker.internal"/>
         <property name="os" value="Windows 11 64bit"/>
         <property name="katalonVersion" value="9.4.0.212"/>
         <property name="browser" value="Chrome 126.0.0.0"/>
         <property name="hostAddress" value="192.168.1.11"/>
         <property name="sessionId" value="6a16238bfce490c2b42ff4eb03fdf7de"/>
         <property name="seleniumVersion" value="3.141.59"/>
         <property name="proxyInformation" value="ProxyInformation { proxyOption=NO_PROXY, proxyServerType=HTTP, username=, password=********, proxyServerAddress=, proxyServerPort=0, executionList=&quot;&quot;, isApplyToDesiredCapabilities=true }"/>
         <property name="platform" value="Windows 11"/>
      </properties>
      <testcase name="Test Cases/New Folder/New Test Case (18)" time="69.402" classname="Test Cases/New Folder/New Test Case (18)" status="PASSED">
         <system-out><![CDATA[27-06-2024T19:48:27 - [TEST_CASE][PASSED] - Test Cases/New Folder/New Test Case (18): Test Cases/New Folder/New Test Case (18)

27-06-2024T19:48:35 - [TEST_STEP][PASSED] - openBrowser(""): Browser is opened with url: ''

27-06-2024T19:48:41 - [MESSAGE][INFO] - Starting 'Chrome' driver

27-06-2024T19:48:42 - [MESSAGE][INFO] - Action delay is set to 0 milliseconds

27-06-2024T19:49:22 - [MESSAGE][PASSED] - Browser is opened with url: ''

27-06-2024T19:49:22 - [TEST_STEP][PASSED] - closeBrowser(): Browser is closed

27-06-2024T19:49:37 - [MESSAGE][PASSED] - Browser is closed]]></system-out>
         <system-err><![CDATA[]]></system-err>
      </testcase>
      <system-out><![CDATA[27-06-2024T19:48:21 - [TEST_SUITE][PASSED] - a: Test Cases/New Folder/New Test Case (18)]]></system-out>
      <system-err><![CDATA[]]></system-err>
   </testsuite>
</testsuites>
