<?xml version="1.0" encoding="UTF-8"?>
<testsuites name="a" time="156.006" tests="6" failures="0" errors="0">
   <testsuite name="a" tests="6" failures="0" errors="0" time="156.006" skipped="0" timestamp="04-07-2024T18:12:02" hostname="tuanh - huybt2" id="Test Suites/thang/a">
      <properties>
         <property name="deviceName" value=""/>
         <property name="devicePlatform" value=""/>
         <property name="logFolder" value="C:\\Users\\tuanh\\git\\kata-oma\\Reports\\20240704_181116\\thang\\a\\20240704_181116"/>
         <property name="logFiles" value="C:\\Users\\tuanh\\git\\kata-oma\\Reports\\20240704_181116\\thang\\a\\20240704_181116\\execution0.log"/>
         <property name="attachments" value=""/>
         <property name="hostName" value="tuanh - huybt2"/>
         <property name="os" value="Windows 11 64bit"/>
         <property name="katalonVersion" value="9.4.0.212"/>
         <property name="browser" value="Chrome 126.0.0.0"/>
         <property name="hostAddress" value="192.168.1.6"/>
         <property name="sessionId" value="e5778d280d5b35bb6cdc78ecb6a2028e"/>
         <property name="seleniumVersion" value="3.141.59"/>
         <property name="proxyInformation" value="ProxyInformation { proxyOption=NO_PROXY, proxyServerType=HTTP, username=, password=********, proxyServerAddress=, proxyServerPort=0, executionList=&quot;&quot;, isApplyToDesiredCapabilities=true }"/>
         <property name="platform" value="Windows 11"/>
      </properties>
      <testcase name="Test Cases/aa/aa1" time="55.657" classname="Test Cases/aa/aa1" status="PASSED">
         <system-out><![CDATA[04-07-2024T18:12:05 - [TEST_CASE][PASSED] - Test Cases/aa/aa1: Test Cases/aa/aa1

04-07-2024T18:12:10 - [TEST_STEP][PASSED] - openBrowser(""): Browser is opened with url: ''

04-07-2024T18:12:14 - [MESSAGE][INFO] - Starting 'Chrome' driver

04-07-2024T18:12:14 - [MESSAGE][INFO] - Action delay is set to 0 milliseconds

04-07-2024T18:12:26 - [MESSAGE][PASSED] - Browser is opened with url: ''

04-07-2024T18:12:26 - [TEST_STEP][PASSED] - navigateToUrl("https://demowebshop.tricentis.com/fiction"): Navigate to 'https://demowebshop.tricentis.com/fiction' successfully

04-07-2024T18:12:36 - [MESSAGE][PASSED] - Navigate to 'https://demowebshop.tricentis.com/fiction' successfully

04-07-2024T18:12:36 - [TEST_STEP][PASSED] - setText(findTestObject("ac/New Test Object (1)"), "a"): Text 'a' is set on object 'Object Repository/ac/New Test Object (1)'

04-07-2024T18:12:41 - [MESSAGE][PASSED] - Text 'a' is set on object 'Object Repository/ac/New Test Object (1)'

04-07-2024T18:12:41 - [TEST_STEP][PASSED] - closeBrowser(): Browser is closed

04-07-2024T18:13:00 - [MESSAGE][PASSED] - Browser is closed]]></system-out>
         <system-err><![CDATA[]]></system-err>
      </testcase>
      <testcase name="Test Cases/aa/aa1" time="20.703" classname="Test Cases/aa/aa1" status="PASSED">
         <system-out><![CDATA[04-07-2024T18:13:01 - [TEST_CASE][PASSED] - Test Cases/aa/aa1: Test Cases/aa/aa1

04-07-2024T18:13:01 - [TEST_STEP][PASSED] - openBrowser(""): Browser is opened with url: ''

04-07-2024T18:13:01 - [MESSAGE][INFO] - Starting 'Chrome' driver

04-07-2024T18:13:01 - [MESSAGE][INFO] - Action delay is set to 0 milliseconds

04-07-2024T18:13:04 - [MESSAGE][PASSED] - Browser is opened with url: ''

04-07-2024T18:13:04 - [TEST_STEP][PASSED] - navigateToUrl("https://demowebshop.tricentis.com/fiction"): Navigate to 'https://demowebshop.tricentis.com/fiction' successfully

04-07-2024T18:13:12 - [MESSAGE][PASSED] - Navigate to 'https://demowebshop.tricentis.com/fiction' successfully

04-07-2024T18:13:12 - [TEST_STEP][PASSED] - setText(findTestObject("ac/New Test Object (1)"), "a"): Text 'a' is set on object 'Object Repository/ac/New Test Object (1)'

04-07-2024T18:13:17 - [MESSAGE][PASSED] - Text 'a' is set on object 'Object Repository/ac/New Test Object (1)'

04-07-2024T18:13:17 - [TEST_STEP][PASSED] - closeBrowser(): Browser is closed

04-07-2024T18:13:22 - [MESSAGE][PASSED] - Browser is closed]]></system-out>
         <system-err><![CDATA[]]></system-err>
      </testcase>
      <testcase name="Test Cases/aa/aa1" time="25.165" classname="Test Cases/aa/aa1" status="PASSED">
         <system-out><![CDATA[04-07-2024T18:13:22 - [TEST_CASE][PASSED] - Test Cases/aa/aa1: Test Cases/aa/aa1

04-07-2024T18:13:22 - [TEST_STEP][PASSED] - openBrowser(""): Browser is opened with url: ''

04-07-2024T18:13:22 - [MESSAGE][INFO] - Starting 'Chrome' driver

04-07-2024T18:13:22 - [MESSAGE][INFO] - Action delay is set to 0 milliseconds

04-07-2024T18:13:24 - [MESSAGE][PASSED] - Browser is opened with url: ''

04-07-2024T18:13:24 - [TEST_STEP][PASSED] - navigateToUrl("https://demowebshop.tricentis.com/fiction"): Navigate to 'https://demowebshop.tricentis.com/fiction' successfully

04-07-2024T18:13:31 - [MESSAGE][PASSED] - Navigate to 'https://demowebshop.tricentis.com/fiction' successfully

04-07-2024T18:13:31 - [TEST_STEP][PASSED] - setText(findTestObject("ac/New Test Object (1)"), "a"): Text 'a' is set on object 'Object Repository/ac/New Test Object (1)'

04-07-2024T18:13:33 - [MESSAGE][PASSED] - Text 'a' is set on object 'Object Repository/ac/New Test Object (1)'

04-07-2024T18:13:33 - [TEST_STEP][PASSED] - closeBrowser(): Browser is closed

04-07-2024T18:13:47 - [MESSAGE][PASSED] - Browser is closed]]></system-out>
         <system-err><![CDATA[]]></system-err>
      </testcase>
      <testcase name="Test Cases/aa/aa1" time="22.351" classname="Test Cases/aa/aa1" status="PASSED">
         <system-out><![CDATA[04-07-2024T18:13:47 - [TEST_CASE][PASSED] - Test Cases/aa/aa1: Test Cases/aa/aa1

04-07-2024T18:13:47 - [TEST_STEP][PASSED] - openBrowser(""): Browser is opened with url: ''

04-07-2024T18:13:47 - [MESSAGE][INFO] - Starting 'Chrome' driver

04-07-2024T18:13:47 - [MESSAGE][INFO] - Action delay is set to 0 milliseconds

04-07-2024T18:13:49 - [MESSAGE][PASSED] - Browser is opened with url: ''

04-07-2024T18:13:49 - [TEST_STEP][PASSED] - navigateToUrl("https://demowebshop.tricentis.com/fiction"): Navigate to 'https://demowebshop.tricentis.com/fiction' successfully

04-07-2024T18:13:55 - [MESSAGE][PASSED] - Navigate to 'https://demowebshop.tricentis.com/fiction' successfully

04-07-2024T18:13:55 - [TEST_STEP][PASSED] - setText(findTestObject("ac/New Test Object (1)"), "a"): Text 'a' is set on object 'Object Repository/ac/New Test Object (1)'

04-07-2024T18:13:58 - [MESSAGE][PASSED] - Text 'a' is set on object 'Object Repository/ac/New Test Object (1)'

04-07-2024T18:13:58 - [TEST_STEP][PASSED] - closeBrowser(): Browser is closed

04-07-2024T18:14:09 - [MESSAGE][PASSED] - Browser is closed]]></system-out>
         <system-err><![CDATA[]]></system-err>
      </testcase>
      <testcase name="Test Cases/aa/aa1" time="24.861" classname="Test Cases/aa/aa1" status="PASSED">
         <system-out><![CDATA[04-07-2024T18:14:09 - [TEST_CASE][PASSED] - Test Cases/aa/aa1: Test Cases/aa/aa1

04-07-2024T18:14:10 - [TEST_STEP][PASSED] - openBrowser(""): Browser is opened with url: ''

04-07-2024T18:14:10 - [MESSAGE][INFO] - Starting 'Chrome' driver

04-07-2024T18:14:10 - [MESSAGE][INFO] - Action delay is set to 0 milliseconds

04-07-2024T18:14:13 - [MESSAGE][PASSED] - Browser is opened with url: ''

04-07-2024T18:14:13 - [TEST_STEP][PASSED] - navigateToUrl("https://demowebshop.tricentis.com/fiction"): Navigate to 'https://demowebshop.tricentis.com/fiction' successfully

04-07-2024T18:14:19 - [MESSAGE][PASSED] - Navigate to 'https://demowebshop.tricentis.com/fiction' successfully

04-07-2024T18:14:19 - [TEST_STEP][PASSED] - setText(findTestObject("ac/New Test Object (1)"), "a"): Text 'a' is set on object 'Object Repository/ac/New Test Object (1)'

04-07-2024T18:14:21 - [MESSAGE][PASSED] - Text 'a' is set on object 'Object Repository/ac/New Test Object (1)'

04-07-2024T18:14:21 - [TEST_STEP][PASSED] - closeBrowser(): Browser is closed

04-07-2024T18:14:34 - [MESSAGE][PASSED] - Browser is closed]]></system-out>
         <system-err><![CDATA[]]></system-err>
      </testcase>
      <testcase name="Test Cases/aa/aa1" time="4.059" classname="Test Cases/aa/aa1" status="INCOMPLETE">
         <system-out><![CDATA[04-07-2024T18:14:34 - [TEST_CASE][INCOMPLETE] - Test Cases/aa/aa1: null

04-07-2024T18:14:34 - [TEST_STEP][PASSED] - openBrowser(""): Browser is opened with url: ''

04-07-2024T18:14:34 - [MESSAGE][INFO] - Starting 'Chrome' driver

04-07-2024T18:14:34 - [MESSAGE][INFO] - Action delay is set to 0 milliseconds

04-07-2024T18:14:38 - [MESSAGE][PASSED] - Browser is opened with url: ''

04-07-2024T18:14:38 - [TEST_STEP][INCOMPLETE] - navigateToUrl("https://demowebshop.tricentis.com/fiction"): null]]></system-out>
         <system-err><![CDATA[04-07-2024T18:14:34 - [TEST_CASE][INCOMPLETE] - Test Cases/aa/aa1: null]]></system-err>
      </testcase>
      <system-out><![CDATA[04-07-2024T18:12:02 - [TEST_SUITE][INCOMPLETE] - a: null]]></system-out>
      <system-err><![CDATA[04-07-2024T18:12:02 - [TEST_SUITE][INCOMPLETE] - a: null]]></system-err>
   </testsuite>
</testsuites>
