<?xml version="1.0" encoding="UTF-8"?>
<testsuites name="a" time="369.959" tests="6" failures="0" errors="0">
   <testsuite name="a" tests="6" failures="0" errors="0" time="369.959" skipped="0" timestamp="04-07-2024T18:25:36" hostname="tuanh - huybt2" id="Test Suites/thang/a">
      <properties>
         <property name="deviceName" value=""/>
         <property name="devicePlatform" value=""/>
         <property name="logFolder" value="C:\\Users\\tuanh\\git\\kata-oma\\Reports\\20240704_182506\\thang\\a\\20240704_182512"/>
         <property name="logFiles" value="C:\\Users\\tuanh\\git\\kata-oma\\Reports\\20240704_182506\\thang\\a\\20240704_182512\\execution0.log"/>
         <property name="attachments" value=""/>
         <property name="hostName" value="tuanh - huybt2"/>
         <property name="os" value="Windows 11 64bit"/>
         <property name="katalonVersion" value="9.4.0.212"/>
         <property name="browser" value="Chrome 126.0.0.0"/>
         <property name="hostAddress" value="192.168.1.6"/>
         <property name="sessionId" value="d38ff441fb7433946ccde364acea5703"/>
         <property name="seleniumVersion" value="3.141.59"/>
         <property name="proxyInformation" value="ProxyInformation { proxyOption=NO_PROXY, proxyServerType=HTTP, username=, password=********, proxyServerAddress=, proxyServerPort=0, executionList=&quot;&quot;, isApplyToDesiredCapabilities=true }"/>
         <property name="platform" value="Windows 11"/>
      </properties>
      <testcase name="Test Cases/aa/aa1" time="101.453" classname="Test Cases/aa/aa1" status="PASSED">
         <system-out><![CDATA[04-07-2024T18:25:38 - [TEST_CASE][PASSED] - Test Cases/aa/aa1: Test Cases/aa/aa1

04-07-2024T18:25:40 - [TEST_STEP][PASSED] - openBrowser(""): Browser is opened with url: ''

04-07-2024T18:25:43 - [MESSAGE][INFO] - Starting 'Chrome' driver

04-07-2024T18:25:44 - [MESSAGE][INFO] - Action delay is set to 0 milliseconds

04-07-2024T18:25:59 - [MESSAGE][PASSED] - Browser is opened with url: ''

04-07-2024T18:25:59 - [TEST_STEP][PASSED] - navigateToUrl("https://demowebshop.tricentis.com/fiction"): Navigate to 'https://demowebshop.tricentis.com/fiction' successfully

04-07-2024T18:26:10 - [MESSAGE][PASSED] - Navigate to 'https://demowebshop.tricentis.com/fiction' successfully

04-07-2024T18:26:10 - [TEST_STEP][PASSED] - setText(findTestObject("ac/New Test Object (1)"), "a"): Text 'a' is set on object 'Object Repository/ac/New Test Object (1)'

04-07-2024T18:26:18 - [MESSAGE][PASSED] - Text 'a' is set on object 'Object Repository/ac/New Test Object (1)'

04-07-2024T18:26:18 - [TEST_STEP][PASSED] - closeBrowser(): Browser is closed

04-07-2024T18:27:19 - [MESSAGE][PASSED] - Browser is closed]]></system-out>
         <system-err><![CDATA[]]></system-err>
      </testcase>
      <testcase name="Test Cases/aa/aa1" time="71.123" classname="Test Cases/aa/aa1" status="PASSED">
         <system-out><![CDATA[04-07-2024T18:27:20 - [TEST_CASE][PASSED] - Test Cases/aa/aa1: Test Cases/aa/aa1

04-07-2024T18:27:20 - [TEST_STEP][PASSED] - openBrowser(""): Browser is opened with url: ''

04-07-2024T18:27:20 - [MESSAGE][INFO] - Starting 'Chrome' driver

04-07-2024T18:27:20 - [MESSAGE][INFO] - Action delay is set to 0 milliseconds

04-07-2024T18:27:28 - [MESSAGE][PASSED] - Browser is opened with url: ''

04-07-2024T18:27:28 - [TEST_STEP][PASSED] - navigateToUrl("https://demowebshop.tricentis.com/fiction"): Navigate to 'https://demowebshop.tricentis.com/fiction' successfully

04-07-2024T18:27:35 - [MESSAGE][PASSED] - Navigate to 'https://demowebshop.tricentis.com/fiction' successfully

04-07-2024T18:27:35 - [TEST_STEP][PASSED] - setText(findTestObject("ac/New Test Object (1)"), "a"): Text 'a' is set on object 'Object Repository/ac/New Test Object (1)'

04-07-2024T18:27:45 - [MESSAGE][PASSED] - Text 'a' is set on object 'Object Repository/ac/New Test Object (1)'

04-07-2024T18:27:45 - [TEST_STEP][PASSED] - closeBrowser(): Browser is closed

04-07-2024T18:28:31 - [MESSAGE][PASSED] - Browser is closed]]></system-out>
         <system-err><![CDATA[]]></system-err>
      </testcase>
      <testcase name="Test Cases/aa/aa1" time="80.323" classname="Test Cases/aa/aa1" status="PASSED">
         <system-out><![CDATA[04-07-2024T18:28:31 - [TEST_CASE][PASSED] - Test Cases/aa/aa1: Test Cases/aa/aa1

04-07-2024T18:28:31 - [TEST_STEP][PASSED] - openBrowser(""): Browser is opened with url: ''

04-07-2024T18:28:31 - [MESSAGE][INFO] - Starting 'Chrome' driver

04-07-2024T18:28:31 - [MESSAGE][INFO] - Action delay is set to 0 milliseconds

04-07-2024T18:28:34 - [MESSAGE][PASSED] - Browser is opened with url: ''

04-07-2024T18:28:34 - [TEST_STEP][PASSED] - navigateToUrl("https://demowebshop.tricentis.com/fiction"): Navigate to 'https://demowebshop.tricentis.com/fiction' successfully

04-07-2024T18:28:38 - [MESSAGE][PASSED] - Navigate to 'https://demowebshop.tricentis.com/fiction' successfully

04-07-2024T18:28:38 - [TEST_STEP][PASSED] - setText(findTestObject("ac/New Test Object (1)"), "a"): Text 'a' is set on object 'Object Repository/ac/New Test Object (1)'

04-07-2024T18:28:46 - [MESSAGE][PASSED] - Text 'a' is set on object 'Object Repository/ac/New Test Object (1)'

04-07-2024T18:28:46 - [TEST_STEP][PASSED] - closeBrowser(): Browser is closed

04-07-2024T18:29:51 - [MESSAGE][PASSED] - Browser is closed]]></system-out>
         <system-err><![CDATA[]]></system-err>
      </testcase>
      <testcase name="Test Cases/aa/aa1" time="68.695" classname="Test Cases/aa/aa1" status="PASSED">
         <system-out><![CDATA[04-07-2024T18:29:51 - [TEST_CASE][PASSED] - Test Cases/aa/aa1: Test Cases/aa/aa1

04-07-2024T18:29:51 - [TEST_STEP][PASSED] - openBrowser(""): Browser is opened with url: ''

04-07-2024T18:29:51 - [MESSAGE][INFO] - Starting 'Chrome' driver

04-07-2024T18:29:51 - [MESSAGE][INFO] - Action delay is set to 0 milliseconds

04-07-2024T18:29:54 - [MESSAGE][PASSED] - Browser is opened with url: ''

04-07-2024T18:29:54 - [TEST_STEP][PASSED] - navigateToUrl("https://demowebshop.tricentis.com/fiction"): Navigate to 'https://demowebshop.tricentis.com/fiction' successfully

04-07-2024T18:30:00 - [MESSAGE][PASSED] - Navigate to 'https://demowebshop.tricentis.com/fiction' successfully

04-07-2024T18:30:00 - [TEST_STEP][PASSED] - setText(findTestObject("ac/New Test Object (1)"), "a"): Text 'a' is set on object 'Object Repository/ac/New Test Object (1)'

04-07-2024T18:30:04 - [MESSAGE][PASSED] - Text 'a' is set on object 'Object Repository/ac/New Test Object (1)'

04-07-2024T18:30:04 - [TEST_STEP][PASSED] - closeBrowser(): Browser is closed

04-07-2024T18:31:00 - [MESSAGE][PASSED] - Browser is closed]]></system-out>
         <system-err><![CDATA[]]></system-err>
      </testcase>
      <testcase name="Test Cases/aa/aa1" time="32.24" classname="Test Cases/aa/aa1" status="PASSED">
         <system-out><![CDATA[04-07-2024T18:31:00 - [TEST_CASE][PASSED] - Test Cases/aa/aa1: Test Cases/aa/aa1

04-07-2024T18:31:00 - [TEST_STEP][PASSED] - openBrowser(""): Browser is opened with url: ''

04-07-2024T18:31:00 - [MESSAGE][INFO] - Starting 'Chrome' driver

04-07-2024T18:31:00 - [MESSAGE][INFO] - Action delay is set to 0 milliseconds

04-07-2024T18:31:03 - [MESSAGE][PASSED] - Browser is opened with url: ''

04-07-2024T18:31:03 - [TEST_STEP][PASSED] - navigateToUrl("https://demowebshop.tricentis.com/fiction"): Navigate to 'https://demowebshop.tricentis.com/fiction' successfully

04-07-2024T18:31:06 - [MESSAGE][PASSED] - Navigate to 'https://demowebshop.tricentis.com/fiction' successfully

04-07-2024T18:31:06 - [TEST_STEP][PASSED] - setText(findTestObject("ac/New Test Object (1)"), "a"): Text 'a' is set on object 'Object Repository/ac/New Test Object (1)'

04-07-2024T18:31:13 - [MESSAGE][PASSED] - Text 'a' is set on object 'Object Repository/ac/New Test Object (1)'

04-07-2024T18:31:13 - [TEST_STEP][PASSED] - closeBrowser(): Browser is closed

04-07-2024T18:31:32 - [MESSAGE][PASSED] - Browser is closed]]></system-out>
         <system-err><![CDATA[]]></system-err>
      </testcase>
      <testcase name="Test Cases/aa/aa1" time="13.975" classname="Test Cases/aa/aa1" status="PASSED">
         <system-out><![CDATA[04-07-2024T18:31:32 - [TEST_CASE][PASSED] - Test Cases/aa/aa1: Test Cases/aa/aa1

04-07-2024T18:31:32 - [TEST_STEP][PASSED] - openBrowser(""): Browser is opened with url: ''

04-07-2024T18:31:32 - [MESSAGE][INFO] - Starting 'Chrome' driver

04-07-2024T18:31:32 - [MESSAGE][INFO] - Action delay is set to 0 milliseconds

04-07-2024T18:31:34 - [MESSAGE][PASSED] - Browser is opened with url: ''

04-07-2024T18:31:34 - [TEST_STEP][PASSED] - navigateToUrl("https://demowebshop.tricentis.com/fiction"): Navigate to 'https://demowebshop.tricentis.com/fiction' successfully

04-07-2024T18:31:40 - [MESSAGE][PASSED] - Navigate to 'https://demowebshop.tricentis.com/fiction' successfully

04-07-2024T18:31:40 - [TEST_STEP][PASSED] - setText(findTestObject("ac/New Test Object (1)"), "a"): Text 'a' is set on object 'Object Repository/ac/New Test Object (1)'

04-07-2024T18:31:41 - [MESSAGE][PASSED] - Text 'a' is set on object 'Object Repository/ac/New Test Object (1)'

04-07-2024T18:31:41 - [TEST_STEP][PASSED] - closeBrowser(): Browser is closed

04-07-2024T18:31:46 - [MESSAGE][PASSED] - Browser is closed]]></system-out>
         <system-err><![CDATA[]]></system-err>
      </testcase>
      <system-out><![CDATA[04-07-2024T18:25:36 - [TEST_SUITE][PASSED] - a: Test Cases/aa/aa1]]></system-out>
      <system-err><![CDATA[]]></system-err>
   </testsuite>
</testsuites>
