<?xml version="1.0" encoding="UTF-8"?>
<testsuites name="thang1" time="179.787" tests="5" failures="0" errors="0">
   <testsuite name="thang1" tests="5" failures="0" errors="0" time="179.787" skipped="0" timestamp="02-07-2024T23:07:02" hostname="tuanh - huybt2" id="Test Suites/thang/thang1">
      <properties>
         <property name="deviceName" value=""/>
         <property name="devicePlatform" value=""/>
         <property name="logFolder" value="C:\\Users\\tuanh\\git\\kata-oma\\Reports\\20240702_230624\\thang\\thang1\\20240702_230625"/>
         <property name="logFiles" value="C:\\Users\\tuanh\\git\\kata-oma\\Reports\\20240702_230624\\thang\\thang1\\20240702_230625\\execution0.log"/>
         <property name="attachments" value=""/>
         <property name="hostName" value="tuanh - huybt2"/>
         <property name="os" value="Windows 11 64bit"/>
         <property name="katalonVersion" value="9.4.0.212"/>
         <property name="browser" value="Chrome 126.0.0.0"/>
         <property name="hostAddress" value="192.168.1.13"/>
         <property name="sessionId" value="e3f9fe714892c1072bc0a73ab7390449"/>
         <property name="seleniumVersion" value="3.141.59"/>
         <property name="proxyInformation" value="ProxyInformation { proxyOption=NO_PROXY, proxyServerType=HTTP, username=, password=********, proxyServerAddress=, proxyServerPort=0, executionList=&quot;&quot;, isApplyToDesiredCapabilities=true }"/>
         <property name="platform" value="Windows 11"/>
      </properties>
      <testcase name="Test Cases/thang/New Test Case (8)" time="72.896" classname="Test Cases/thang/New Test Case (8)" status="PASSED">
         <system-out><![CDATA[02-07-2024T23:07:04 - [TEST_CASE][PASSED] - Test Cases/thang/New Test Case (8): Test Cases/thang/New Test Case (8)

02-07-2024T23:07:07 - [TEST_STEP][PASSED] - openBrowser(""): Browser is opened with url: ''

02-07-2024T23:07:10 - [MESSAGE][INFO] - Starting 'Chrome' driver

02-07-2024T23:07:11 - [MESSAGE][INFO] - Action delay is set to 0 milliseconds

02-07-2024T23:07:35 - [MESSAGE][PASSED] - Browser is opened with url: ''

02-07-2024T23:07:35 - [TEST_STEP][PASSED] - navigateToUrl("https://demowebshop.tricentis.com/fiction"): Navigate to 'https://demowebshop.tricentis.com/fiction' successfully

02-07-2024T23:07:47 - [MESSAGE][PASSED] - Navigate to 'https://demowebshop.tricentis.com/fiction' successfully

02-07-2024T23:07:47 - [TEST_STEP][PASSED] - setText(findTestObject("ac/New Test Object (1)"), "a"): Text 'a' is set on object 'Object Repository/ac/New Test Object (1)'

02-07-2024T23:07:51 - [MESSAGE][PASSED] - Text 'a' is set on object 'Object Repository/ac/New Test Object (1)'

02-07-2024T23:07:51 - [TEST_STEP][PASSED] - closeBrowser(): Browser is closed

02-07-2024T23:08:17 - [MESSAGE][PASSED] - Browser is closed]]></system-out>
         <system-err><![CDATA[]]></system-err>
      </testcase>
      <testcase name="Test Cases/thang/New Test Case (8)" time="23.826" classname="Test Cases/thang/New Test Case (8)" status="PASSED">
         <system-out><![CDATA[02-07-2024T23:08:17 - [TEST_CASE][PASSED] - Test Cases/thang/New Test Case (8): Test Cases/thang/New Test Case (8)

02-07-2024T23:08:17 - [TEST_STEP][PASSED] - openBrowser(""): Browser is opened with url: ''

02-07-2024T23:08:17 - [MESSAGE][INFO] - Starting 'Chrome' driver

02-07-2024T23:08:17 - [MESSAGE][INFO] - Action delay is set to 0 milliseconds

02-07-2024T23:08:19 - [MESSAGE][PASSED] - Browser is opened with url: ''

02-07-2024T23:08:19 - [TEST_STEP][PASSED] - navigateToUrl("https://demowebshop.tricentis.com/fiction"): Navigate to 'https://demowebshop.tricentis.com/fiction' successfully

02-07-2024T23:08:23 - [MESSAGE][PASSED] - Navigate to 'https://demowebshop.tricentis.com/fiction' successfully

02-07-2024T23:08:23 - [TEST_STEP][PASSED] - setText(findTestObject("ac/New Test Object (1)"), "a"): Text 'a' is set on object 'Object Repository/ac/New Test Object (1)'

02-07-2024T23:08:26 - [MESSAGE][PASSED] - Text 'a' is set on object 'Object Repository/ac/New Test Object (1)'

02-07-2024T23:08:26 - [TEST_STEP][PASSED] - closeBrowser(): Browser is closed

02-07-2024T23:08:40 - [MESSAGE][PASSED] - Browser is closed]]></system-out>
         <system-err><![CDATA[]]></system-err>
      </testcase>
      <testcase name="Test Cases/thang/New Test Case (8)" time="27.412" classname="Test Cases/thang/New Test Case (8)" status="PASSED">
         <system-out><![CDATA[02-07-2024T23:08:40 - [TEST_CASE][PASSED] - Test Cases/thang/New Test Case (8): Test Cases/thang/New Test Case (8)

02-07-2024T23:08:41 - [TEST_STEP][PASSED] - openBrowser(""): Browser is opened with url: ''

02-07-2024T23:08:41 - [MESSAGE][INFO] - Starting 'Chrome' driver

02-07-2024T23:08:41 - [MESSAGE][INFO] - Action delay is set to 0 milliseconds

02-07-2024T23:08:44 - [MESSAGE][PASSED] - Browser is opened with url: ''

02-07-2024T23:08:44 - [TEST_STEP][PASSED] - navigateToUrl("https://demowebshop.tricentis.com/fiction"): Navigate to 'https://demowebshop.tricentis.com/fiction' successfully

02-07-2024T23:08:51 - [MESSAGE][PASSED] - Navigate to 'https://demowebshop.tricentis.com/fiction' successfully

02-07-2024T23:08:51 - [TEST_STEP][PASSED] - setText(findTestObject("ac/New Test Object (1)"), "a"): Text 'a' is set on object 'Object Repository/ac/New Test Object (1)'

02-07-2024T23:08:53 - [MESSAGE][PASSED] - Text 'a' is set on object 'Object Repository/ac/New Test Object (1)'

02-07-2024T23:08:53 - [TEST_STEP][PASSED] - closeBrowser(): Browser is closed

02-07-2024T23:09:08 - [MESSAGE][PASSED] - Browser is closed]]></system-out>
         <system-err><![CDATA[]]></system-err>
      </testcase>
      <testcase name="Test Cases/thang/New Test Case (8)" time="30.422" classname="Test Cases/thang/New Test Case (8)" status="PASSED">
         <system-out><![CDATA[02-07-2024T23:09:08 - [TEST_CASE][PASSED] - Test Cases/thang/New Test Case (8): Test Cases/thang/New Test Case (8)

02-07-2024T23:09:08 - [TEST_STEP][PASSED] - openBrowser(""): Browser is opened with url: ''

02-07-2024T23:09:08 - [MESSAGE][INFO] - Starting 'Chrome' driver

02-07-2024T23:09:08 - [MESSAGE][INFO] - Action delay is set to 0 milliseconds

02-07-2024T23:09:11 - [MESSAGE][PASSED] - Browser is opened with url: ''

02-07-2024T23:09:11 - [TEST_STEP][PASSED] - navigateToUrl("https://demowebshop.tricentis.com/fiction"): Navigate to 'https://demowebshop.tricentis.com/fiction' successfully

02-07-2024T23:09:16 - [MESSAGE][PASSED] - Navigate to 'https://demowebshop.tricentis.com/fiction' successfully

02-07-2024T23:09:16 - [TEST_STEP][PASSED] - setText(findTestObject("ac/New Test Object (1)"), "a"): Text 'a' is set on object 'Object Repository/ac/New Test Object (1)'

02-07-2024T23:09:17 - [MESSAGE][PASSED] - Text 'a' is set on object 'Object Repository/ac/New Test Object (1)'

02-07-2024T23:09:17 - [TEST_STEP][PASSED] - closeBrowser(): Browser is closed

02-07-2024T23:09:38 - [MESSAGE][PASSED] - Browser is closed]]></system-out>
         <system-err><![CDATA[]]></system-err>
      </testcase>
      <testcase name="Test Cases/thang/New Test Case (8)" time="22.974" classname="Test Cases/thang/New Test Case (8)" status="PASSED">
         <system-out><![CDATA[02-07-2024T23:09:38 - [TEST_CASE][PASSED] - Test Cases/thang/New Test Case (8): Test Cases/thang/New Test Case (8)

02-07-2024T23:09:39 - [TEST_STEP][PASSED] - openBrowser(""): Browser is opened with url: ''

02-07-2024T23:09:39 - [MESSAGE][INFO] - Starting 'Chrome' driver

02-07-2024T23:09:39 - [MESSAGE][INFO] - Action delay is set to 0 milliseconds

02-07-2024T23:09:42 - [MESSAGE][PASSED] - Browser is opened with url: ''

02-07-2024T23:09:42 - [TEST_STEP][PASSED] - navigateToUrl("https://demowebshop.tricentis.com/fiction"): Navigate to 'https://demowebshop.tricentis.com/fiction' successfully

02-07-2024T23:09:49 - [MESSAGE][PASSED] - Navigate to 'https://demowebshop.tricentis.com/fiction' successfully

02-07-2024T23:09:49 - [TEST_STEP][PASSED] - setText(findTestObject("ac/New Test Object (1)"), "a"): Text 'a' is set on object 'Object Repository/ac/New Test Object (1)'

02-07-2024T23:09:54 - [MESSAGE][PASSED] - Text 'a' is set on object 'Object Repository/ac/New Test Object (1)'

02-07-2024T23:09:54 - [TEST_STEP][PASSED] - closeBrowser(): Browser is closed

02-07-2024T23:10:01 - [MESSAGE][PASSED] - Browser is closed]]></system-out>
         <system-err><![CDATA[]]></system-err>
      </testcase>
      <system-out><![CDATA[02-07-2024T23:07:02 - [TEST_SUITE][PASSED] - thang1: Test Cases/thang/New Test Case (8)]]></system-out>
      <system-err><![CDATA[]]></system-err>
   </testsuite>
</testsuites>
