<?xml version="1.0" encoding="UTF-8"?>
<testsuites name="New Dynamic Test Suite" time="73.691" tests="1" failures="0" errors="0">
   <testsuite name="New Dynamic Test Suite" tests="1" failures="0" errors="0" time="73.691" skipped="0" timestamp="04-07-2024T13:19:15" hostname="tuanh - huybt2" id="Test Suites/thang/New Dynamic Test Suite">
      <properties>
         <property name="deviceName"/>
         <property name="devicePlatform" value="WINDOWS"/>
         <property name="logFolder" value="C:\\Users\\tuanh\\git\\kata-oma\\Reports\\20240704_131902\\thang\\New Dynamic Test Suite\\20240704_131902"/>
         <property name="logFiles" value="C:\\Users\\tuanh\\git\\kata-oma\\Reports\\20240704_131902\\thang\\New Dynamic Test Suite\\20240704_131902\\execution0.log"/>
         <property name="attachments" value=""/>
         <property name="hostName" value="tuanh - huybt2"/>
         <property name="remoteDriverUrl" value="testcloud.katalon.com/hub"/>
         <property name="desiredCapabilities" value="{&#xa;  &quot;timeouts&quot;: {&#xa;    &quot;implicit&quot;: 0,&#xa;    &quot;pageLoad&quot;: 300000,&#xa;    &quot;script&quot;: 30000&#xa;  },&#xa;  &quot;se:cdpEnabled&quot;: false,&#xa;  &quot;platform&quot;: &quot;WINDOWS&quot;,&#xa;  &quot;goog:chromeOptions&quot;: {&#xa;    &quot;debuggerAddress&quot;: &quot;localhost:9225&quot;&#xa;  },&#xa;  &quot;webauthn:extension:credBlob&quot;: true,&#xa;  &quot;acceptInsecureCerts&quot;: false,&#xa;  &quot;browserVersion&quot;: &quot;124.0.0.0&quot;,&#xa;  &quot;fedcm:accounts&quot;: true,&#xa;  &quot;kt:requestId&quot;: &quot;102d6189-2e39-4d2e-b8c6-bc36855b0706&quot;,&#xa;  &quot;browserName&quot;: &quot;chrome&quot;,&#xa;  &quot;javascriptEnabled&quot;: true,&#xa;  &quot;katalon:option&quot;: {&#xa;    &quot;userId&quot;: 1537844,&#xa;    &quot;organizationId&quot;: &quot;1569749&quot;,&#xa;    &quot;runFromTestCloud&quot;: true,&#xa;    &quot;usingTunnel&quot;: false&#xa;  },&#xa;  &quot;platformName&quot;: &quot;WINDOWS&quot;,&#xa;  &quot;setWindowRect&quot;: true,&#xa;  &quot;webauthn:extension:largeBlob&quot;: true,&#xa;  &quot;networkConnectionEnabled&quot;: false,&#xa;  &quot;chrome&quot;: {&#xa;    &quot;chromedriverVersion&quot;: &quot;124.0.6367.91 (51df0e5e17a8b0a4f281c1665dbd1b8a0c6b46af-refs/branch-heads/6367@{#984})&quot;,&#xa;    &quot;userDataDir&quot;: &quot;C:\\Program Files (x86)\\scoped_dir2500_1202318509&quot;&#xa;  },&#xa;  &quot;kt:rid&quot;: &quot;102d6189-2e39-4d2e-b8c6-bc36855b0706&quot;,&#xa;  &quot;pageLoadStrategy&quot;: &quot;normal&quot;,&#xa;  &quot;unhandledPromptBehavior&quot;: &quot;dismiss and notify&quot;,&#xa;  &quot;strictFileInteractability&quot;: false,&#xa;  &quot;***:loadExtension&quot;: [&#xa;    &quot;https://prod-magicleap-user-files-us-east-1-v1.s3.amazonaws.com/extensions/orgId-691279/SmartWait.zip&quot;&#xa;  ],&#xa;  &quot;se:bidiEnabled&quot;: false,&#xa;  &quot;proxy&quot;: {&#xa;    &quot;proxyType&quot;: &quot;UNSPECIFIED&quot;,&#xa;    &quot;autodetect&quot;: false&#xa;  },&#xa;  &quot;webauthn:extension:minPinLength&quot;: true,&#xa;  &quot;webauthn:extension:prf&quot;: true,&#xa;  &quot;webauthn:virtualAuthenticators&quot;: true&#xa;}"/>
         <property name="os" value="Windows 11 64bit"/>
         <property name="remoteOS" value="Windows"/>
         <property name="katalonVersion" value="9.4.0.212"/>
         <property name="browser" value="Chrome 124.0.0.0"/>
         <property name="hostAddress" value="172.20.10.2"/>
         <property name="sessionId" value="88382a05890a09ded7cec878e7cc31dd"/>
         <property name="seleniumVersion" value="3.141.59"/>
         <property name="proxyInformation" value="ProxyInformation { proxyOption=NO_PROXY, proxyServerType=HTTP, username=, password=********, proxyServerAddress=, proxyServerPort=0, executionList=&quot;&quot;, isApplyToDesiredCapabilities=true }"/>
         <property name="platform" value="Windows 11"/>
      </properties>
      <testcase name="Test Cases/aa/abc1" time="72.294" classname="Test Cases/aa/abc1" status="PASSED">
         <system-out><![CDATA[04-07-2024T13:19:16 - [TEST_CASE][PASSED] - Test Cases/aa/abc1: Test Cases/aa/abc1

04-07-2024T13:19:17 - [TEST_STEP][PASSED] - openBrowser(""): Browser is opened with url: ''

04-07-2024T13:19:18 - [MESSAGE][INFO] - User set preference: ['os', 'windows']

04-07-2024T13:19:18 - [MESSAGE][INFO] - User set preference: ['browserName', 'chrome']

04-07-2024T13:19:18 - [MESSAGE][INFO] - User set preference: ['browserVersion', '124']

04-07-2024T13:19:18 - [MESSAGE][INFO] - User set preference: ['katalon:option', '{organizationId=1569749, tunnelId=, usingTunnel=false}']

04-07-2024T13:19:18 - [MESSAGE][INFO] - Connecting to remote web server 'testcloud.katalon.com/hub' with type 'Selenium'

04-07-2024T13:19:18 - [MESSAGE][INFO] - Action delay is set to 0 milliseconds

04-07-2024T13:20:18 - [MESSAGE][PASSED] - Browser is opened with url: ''

04-07-2024T13:20:18 - [TEST_STEP][PASSED] - navigateToUrl("https://demowebshop.tricentis.com/fiction"): Navigate to 'https://demowebshop.tricentis.com/fiction' successfully

04-07-2024T13:20:20 - [MESSAGE][PASSED] - Navigate to 'https://demowebshop.tricentis.com/fiction' successfully

04-07-2024T13:20:20 - [TEST_STEP][PASSED] - setText(findTestObject("ac/New Test Object (1)"), "a"): Text 'a' is set on object 'Object Repository/ac/New Test Object (1)'

04-07-2024T13:20:27 - [MESSAGE][PASSED] - Text 'a' is set on object 'Object Repository/ac/New Test Object (1)'

04-07-2024T13:20:27 - [TEST_STEP][PASSED] - closeBrowser(): Browser is closed

04-07-2024T13:20:28 - [MESSAGE][PASSED] - Browser is closed]]></system-out>
         <system-err><![CDATA[]]></system-err>
      </testcase>
      <system-out><![CDATA[04-07-2024T13:19:15 - [TEST_SUITE][PASSED] - New Dynamic Test Suite: Test Cases/aa/abc1]]></system-out>
      <system-err><![CDATA[]]></system-err>
   </testsuite>
</testsuites>
