<?xml version="1.0" encoding="UTF-8"?>
<testsuites name="a" time="102.071" tests="6" failures="0" errors="0">
   <testsuite name="a" tests="6" failures="0" errors="0" time="102.071" skipped="0" timestamp="04-07-2024T12:36:19" hostname="tuanh - huybt2" id="Test Suites/thang/a">
      <properties>
         <property name="deviceName" value=""/>
         <property name="devicePlatform" value=""/>
         <property name="logFolder" value="C:\\Users\\tuanh\\git\\kata-oma\\Reports\\20240704_123545\\thang\\a\\20240704_123545"/>
         <property name="logFiles" value="C:\\Users\\tuanh\\git\\kata-oma\\Reports\\20240704_123545\\thang\\a\\20240704_123545\\execution0.log"/>
         <property name="attachments" value=""/>
         <property name="hostName" value="tuanh - huybt2"/>
         <property name="os" value="Windows 11 64bit"/>
         <property name="katalonVersion" value="9.4.0.212"/>
         <property name="browser" value="Chrome 126.0.0.0"/>
         <property name="hostAddress" value="172.20.10.2"/>
         <property name="sessionId" value="e3090b813b32040b8a741e383666c160"/>
         <property name="seleniumVersion" value="3.141.59"/>
         <property name="proxyInformation" value="ProxyInformation { proxyOption=NO_PROXY, proxyServerType=HTTP, username=, password=********, proxyServerAddress=, proxyServerPort=0, executionList=&quot;&quot;, isApplyToDesiredCapabilities=true }"/>
         <property name="platform" value="Windows 11"/>
      </properties>
      <testcase name="Test Cases/aa/New Test Case" time="27.062" classname="Test Cases/aa/New Test Case" status="PASSED">
         <system-out><![CDATA[04-07-2024T12:36:19 - [TEST_CASE][PASSED] - Test Cases/aa/New Test Case: Test Cases/aa/New Test Case

04-07-2024T12:36:20 - [TEST_STEP][PASSED] - openBrowser(""): Browser is opened with url: ''

04-07-2024T12:36:21 - [MESSAGE][INFO] - Starting 'Chrome' driver

04-07-2024T12:36:21 - [MESSAGE][INFO] - Action delay is set to 0 milliseconds

04-07-2024T12:36:24 - [MESSAGE][PASSED] - Browser is opened with url: ''

04-07-2024T12:36:24 - [TEST_STEP][PASSED] - navigateToUrl("https://demowebshop.tricentis.com/fiction"): Navigate to 'https://demowebshop.tricentis.com/fiction' successfully

04-07-2024T12:36:33 - [MESSAGE][PASSED] - Navigate to 'https://demowebshop.tricentis.com/fiction' successfully

04-07-2024T12:36:33 - [TEST_STEP][PASSED] - setText(findTestObject("ac/New Test Object (1)"), "a"): Text 'a' is set on object 'Object Repository/ac/New Test Object (1)'

04-07-2024T12:36:35 - [MESSAGE][PASSED] - Text 'a' is set on object 'Object Repository/ac/New Test Object (1)'

04-07-2024T12:36:35 - [TEST_STEP][PASSED] - closeBrowser(): Browser is closed

04-07-2024T12:36:46 - [MESSAGE][PASSED] - Browser is closed]]></system-out>
         <system-err><![CDATA[]]></system-err>
      </testcase>
      <testcase name="Test Cases/aa/New Test Case" time="29.558" classname="Test Cases/aa/New Test Case" status="PASSED">
         <system-out><![CDATA[04-07-2024T12:36:47 - [TEST_CASE][PASSED] - Test Cases/aa/New Test Case: Test Cases/aa/New Test Case

04-07-2024T12:36:47 - [TEST_STEP][PASSED] - openBrowser(""): Browser is opened with url: ''

04-07-2024T12:36:47 - [MESSAGE][INFO] - Starting 'Chrome' driver

04-07-2024T12:36:47 - [MESSAGE][INFO] - Action delay is set to 0 milliseconds

04-07-2024T12:36:52 - [MESSAGE][PASSED] - Browser is opened with url: ''

04-07-2024T12:36:52 - [TEST_STEP][PASSED] - navigateToUrl("https://demowebshop.tricentis.com/fiction"): Navigate to 'https://demowebshop.tricentis.com/fiction' successfully

04-07-2024T12:36:56 - [MESSAGE][PASSED] - Navigate to 'https://demowebshop.tricentis.com/fiction' successfully

04-07-2024T12:36:56 - [TEST_STEP][PASSED] - setText(findTestObject("ac/New Test Object (1)"), "a"): Text 'a' is set on object 'Object Repository/ac/New Test Object (1)'

04-07-2024T12:36:58 - [MESSAGE][PASSED] - Text 'a' is set on object 'Object Repository/ac/New Test Object (1)'

04-07-2024T12:36:58 - [TEST_STEP][PASSED] - closeBrowser(): Browser is closed

04-07-2024T12:37:16 - [MESSAGE][PASSED] - Browser is closed]]></system-out>
         <system-err><![CDATA[]]></system-err>
      </testcase>
      <testcase name="Test Cases/aa/New Test Case" time="11.688" classname="Test Cases/aa/New Test Case" status="PASSED">
         <system-out><![CDATA[04-07-2024T12:37:16 - [TEST_CASE][PASSED] - Test Cases/aa/New Test Case: Test Cases/aa/New Test Case

04-07-2024T12:37:16 - [TEST_STEP][PASSED] - openBrowser(""): Browser is opened with url: ''

04-07-2024T12:37:16 - [MESSAGE][INFO] - Starting 'Chrome' driver

04-07-2024T12:37:17 - [MESSAGE][INFO] - Action delay is set to 0 milliseconds

04-07-2024T12:37:18 - [MESSAGE][PASSED] - Browser is opened with url: ''

04-07-2024T12:37:18 - [TEST_STEP][PASSED] - navigateToUrl("https://demowebshop.tricentis.com/fiction"): Navigate to 'https://demowebshop.tricentis.com/fiction' successfully

04-07-2024T12:37:22 - [MESSAGE][PASSED] - Navigate to 'https://demowebshop.tricentis.com/fiction' successfully

04-07-2024T12:37:22 - [TEST_STEP][PASSED] - setText(findTestObject("ac/New Test Object (1)"), "a"): Text 'a' is set on object 'Object Repository/ac/New Test Object (1)'

04-07-2024T12:37:22 - [MESSAGE][PASSED] - Text 'a' is set on object 'Object Repository/ac/New Test Object (1)'

04-07-2024T12:37:22 - [TEST_STEP][PASSED] - closeBrowser(): Browser is closed

04-07-2024T12:37:28 - [MESSAGE][PASSED] - Browser is closed]]></system-out>
         <system-err><![CDATA[]]></system-err>
      </testcase>
      <testcase name="Test Cases/aa/New Test Case" time="15.417" classname="Test Cases/aa/New Test Case" status="PASSED">
         <system-out><![CDATA[04-07-2024T12:37:28 - [TEST_CASE][PASSED] - Test Cases/aa/New Test Case: Test Cases/aa/New Test Case

04-07-2024T12:37:28 - [TEST_STEP][PASSED] - openBrowser(""): Browser is opened with url: ''

04-07-2024T12:37:28 - [MESSAGE][INFO] - Starting 'Chrome' driver

04-07-2024T12:37:28 - [MESSAGE][INFO] - Action delay is set to 0 milliseconds

04-07-2024T12:37:32 - [MESSAGE][PASSED] - Browser is opened with url: ''

04-07-2024T12:37:32 - [TEST_STEP][PASSED] - navigateToUrl("https://demowebshop.tricentis.com/fiction"): Navigate to 'https://demowebshop.tricentis.com/fiction' successfully

04-07-2024T12:37:36 - [MESSAGE][PASSED] - Navigate to 'https://demowebshop.tricentis.com/fiction' successfully

04-07-2024T12:37:36 - [TEST_STEP][PASSED] - setText(findTestObject("ac/New Test Object (1)"), "a"): Text 'a' is set on object 'Object Repository/ac/New Test Object (1)'

04-07-2024T12:37:38 - [MESSAGE][PASSED] - Text 'a' is set on object 'Object Repository/ac/New Test Object (1)'

04-07-2024T12:37:38 - [TEST_STEP][PASSED] - closeBrowser(): Browser is closed

04-07-2024T12:37:43 - [MESSAGE][PASSED] - Browser is closed]]></system-out>
         <system-err><![CDATA[]]></system-err>
      </testcase>
      <testcase name="Test Cases/aa/New Test Case" time="9.736" classname="Test Cases/aa/New Test Case" status="PASSED">
         <system-out><![CDATA[04-07-2024T12:37:43 - [TEST_CASE][PASSED] - Test Cases/aa/New Test Case: Test Cases/aa/New Test Case

04-07-2024T12:37:44 - [TEST_STEP][PASSED] - openBrowser(""): Browser is opened with url: ''

04-07-2024T12:37:44 - [MESSAGE][INFO] - Starting 'Chrome' driver

04-07-2024T12:37:44 - [MESSAGE][INFO] - Action delay is set to 0 milliseconds

04-07-2024T12:37:46 - [MESSAGE][PASSED] - Browser is opened with url: ''

04-07-2024T12:37:46 - [TEST_STEP][PASSED] - navigateToUrl("https://demowebshop.tricentis.com/fiction"): Navigate to 'https://demowebshop.tricentis.com/fiction' successfully

04-07-2024T12:37:50 - [MESSAGE][PASSED] - Navigate to 'https://demowebshop.tricentis.com/fiction' successfully

04-07-2024T12:37:50 - [TEST_STEP][PASSED] - setText(findTestObject("ac/New Test Object (1)"), "a"): Text 'a' is set on object 'Object Repository/ac/New Test Object (1)'

04-07-2024T12:37:51 - [MESSAGE][PASSED] - Text 'a' is set on object 'Object Repository/ac/New Test Object (1)'

04-07-2024T12:37:51 - [TEST_STEP][PASSED] - closeBrowser(): Browser is closed

04-07-2024T12:37:53 - [MESSAGE][PASSED] - Browser is closed]]></system-out>
         <system-err><![CDATA[]]></system-err>
      </testcase>
      <testcase name="Test Cases/aa/New Test Case" time="7.871" classname="Test Cases/aa/New Test Case" status="PASSED">
         <system-out><![CDATA[04-07-2024T12:37:53 - [TEST_CASE][PASSED] - Test Cases/aa/New Test Case: Test Cases/aa/New Test Case

04-07-2024T12:37:53 - [TEST_STEP][PASSED] - openBrowser(""): Browser is opened with url: ''

04-07-2024T12:37:53 - [MESSAGE][INFO] - Starting 'Chrome' driver

04-07-2024T12:37:53 - [MESSAGE][INFO] - Action delay is set to 0 milliseconds

04-07-2024T12:37:55 - [MESSAGE][PASSED] - Browser is opened with url: ''

04-07-2024T12:37:55 - [TEST_STEP][PASSED] - navigateToUrl("https://demowebshop.tricentis.com/fiction"): Navigate to 'https://demowebshop.tricentis.com/fiction' successfully

04-07-2024T12:37:56 - [MESSAGE][PASSED] - Navigate to 'https://demowebshop.tricentis.com/fiction' successfully

04-07-2024T12:37:56 - [TEST_STEP][PASSED] - setText(findTestObject("ac/New Test Object (1)"), "a"): Text 'a' is set on object 'Object Repository/ac/New Test Object (1)'

04-07-2024T12:38:00 - [MESSAGE][PASSED] - Text 'a' is set on object 'Object Repository/ac/New Test Object (1)'

04-07-2024T12:38:00 - [TEST_STEP][PASSED] - closeBrowser(): Browser is closed

04-07-2024T12:38:01 - [MESSAGE][PASSED] - Browser is closed]]></system-out>
         <system-err><![CDATA[]]></system-err>
      </testcase>
      <system-out><![CDATA[04-07-2024T12:36:19 - [TEST_SUITE][PASSED] - a: Test Cases/aa/New Test Case]]></system-out>
      <system-err><![CDATA[]]></system-err>
   </testsuite>
</testsuites>
