<?xml version="1.0" encoding="UTF-8"?>
<testsuites name="a" time="140.195" tests="6" failures="0" errors="0">
   <testsuite name="a" tests="6" failures="0" errors="0" time="140.195" skipped="0" timestamp="04-07-2024T22:17:16" hostname="tuanh - huybt2" id="Test Suites/thang/a">
      <properties>
         <property name="deviceName" value=""/>
         <property name="devicePlatform" value=""/>
         <property name="logFolder" value="C:\\Users\\tuanh\\git\\kata-oma\\Reports\\20240704_221633\\thang\\a\\20240704_221634"/>
         <property name="logFiles" value="C:\\Users\\tuanh\\git\\kata-oma\\Reports\\20240704_221633\\thang\\a\\20240704_221634\\execution0.log"/>
         <property name="attachments" value=""/>
         <property name="hostName" value="tuanh - huybt2"/>
         <property name="os" value="Windows 11 64bit"/>
         <property name="katalonVersion" value="9.4.0.212"/>
         <property name="browser" value="Chrome 126.0.0.0"/>
         <property name="hostAddress" value="192.168.1.6"/>
         <property name="sessionId" value="30c6658fc8b42212fa20dda05e5b0c68"/>
         <property name="seleniumVersion" value="3.141.59"/>
         <property name="proxyInformation" value="ProxyInformation { proxyOption=NO_PROXY, proxyServerType=HTTP, username=, password=********, proxyServerAddress=, proxyServerPort=0, executionList=&quot;&quot;, isApplyToDesiredCapabilities=true }"/>
         <property name="platform" value="Windows 11"/>
      </properties>
      <testcase name="Test Cases/aa/aa1" time="45.508" classname="Test Cases/aa/aa1" status="PASSED">
         <system-out><![CDATA[04-07-2024T22:17:19 - [TEST_CASE][PASSED] - Test Cases/aa/aa1: Test Cases/aa/aa1

04-07-2024T22:17:23 - [TEST_STEP][PASSED] - openBrowser(""): Browser is opened with url: ''

04-07-2024T22:17:27 - [MESSAGE][INFO] - Starting 'Chrome' driver

04-07-2024T22:17:27 - [MESSAGE][INFO] - Action delay is set to 0 milliseconds

04-07-2024T22:17:38 - [MESSAGE][PASSED] - Browser is opened with url: ''

04-07-2024T22:17:38 - [TEST_STEP][PASSED] - println($a - $variable - $variable_0): null

04-07-2024T22:17:38 - [TEST_STEP][PASSED] - navigateToUrl("https://demowebshop.tricentis.com/fiction"): Navigate to 'https://demowebshop.tricentis.com/fiction' successfully

04-07-2024T22:17:45 - [MESSAGE][PASSED] - Navigate to 'https://demowebshop.tricentis.com/fiction' successfully

04-07-2024T22:17:45 - [TEST_STEP][PASSED] - closeBrowser(): Browser is closed

04-07-2024T22:18:05 - [MESSAGE][PASSED] - Browser is closed]]></system-out>
         <system-err><![CDATA[]]></system-err>
      </testcase>
      <testcase name="Test Cases/aa/aa1" time="15.34" classname="Test Cases/aa/aa1" status="PASSED">
         <system-out><![CDATA[04-07-2024T22:18:06 - [TEST_CASE][PASSED] - Test Cases/aa/aa1: Test Cases/aa/aa1

04-07-2024T22:18:06 - [TEST_STEP][PASSED] - openBrowser(""): Browser is opened with url: ''

04-07-2024T22:18:06 - [MESSAGE][INFO] - Starting 'Chrome' driver

04-07-2024T22:18:06 - [MESSAGE][INFO] - Action delay is set to 0 milliseconds

04-07-2024T22:18:11 - [MESSAGE][PASSED] - Browser is opened with url: ''

04-07-2024T22:18:11 - [TEST_STEP][PASSED] - println($a - $variable - $variable_0): null

04-07-2024T22:18:11 - [TEST_STEP][PASSED] - navigateToUrl("https://demowebshop.tricentis.com/fiction"): Navigate to 'https://demowebshop.tricentis.com/fiction' successfully

04-07-2024T22:18:18 - [MESSAGE][PASSED] - Navigate to 'https://demowebshop.tricentis.com/fiction' successfully

04-07-2024T22:18:18 - [TEST_STEP][PASSED] - closeBrowser(): Browser is closed

04-07-2024T22:18:21 - [MESSAGE][PASSED] - Browser is closed]]></system-out>
         <system-err><![CDATA[]]></system-err>
      </testcase>
      <testcase name="Test Cases/aa/aa1" time="17.049" classname="Test Cases/aa/aa1" status="PASSED">
         <system-out><![CDATA[04-07-2024T22:18:22 - [TEST_CASE][PASSED] - Test Cases/aa/aa1: Test Cases/aa/aa1

04-07-2024T22:18:22 - [TEST_STEP][PASSED] - openBrowser(""): Browser is opened with url: ''

04-07-2024T22:18:22 - [MESSAGE][INFO] - Starting 'Chrome' driver

04-07-2024T22:18:22 - [MESSAGE][INFO] - Action delay is set to 0 milliseconds

04-07-2024T22:18:28 - [MESSAGE][PASSED] - Browser is opened with url: ''

04-07-2024T22:18:28 - [TEST_STEP][PASSED] - println($a - $variable - $variable_0): null

04-07-2024T22:18:28 - [TEST_STEP][PASSED] - navigateToUrl("https://demowebshop.tricentis.com/fiction"): Navigate to 'https://demowebshop.tricentis.com/fiction' successfully

04-07-2024T22:18:36 - [MESSAGE][PASSED] - Navigate to 'https://demowebshop.tricentis.com/fiction' successfully

04-07-2024T22:18:36 - [TEST_STEP][PASSED] - closeBrowser(): Browser is closed

04-07-2024T22:18:39 - [MESSAGE][PASSED] - Browser is closed]]></system-out>
         <system-err><![CDATA[]]></system-err>
      </testcase>
      <testcase name="Test Cases/aa/aa1" time="16.319" classname="Test Cases/aa/aa1" status="PASSED">
         <system-out><![CDATA[04-07-2024T22:18:39 - [TEST_CASE][PASSED] - Test Cases/aa/aa1: Test Cases/aa/aa1

04-07-2024T22:18:39 - [TEST_STEP][PASSED] - openBrowser(""): Browser is opened with url: ''

04-07-2024T22:18:39 - [MESSAGE][INFO] - Starting 'Chrome' driver

04-07-2024T22:18:40 - [MESSAGE][INFO] - Action delay is set to 0 milliseconds

04-07-2024T22:18:42 - [MESSAGE][PASSED] - Browser is opened with url: ''

04-07-2024T22:18:42 - [TEST_STEP][PASSED] - println($a - $variable - $variable_0): null

04-07-2024T22:18:42 - [TEST_STEP][PASSED] - navigateToUrl("https://demowebshop.tricentis.com/fiction"): Navigate to 'https://demowebshop.tricentis.com/fiction' successfully

04-07-2024T22:18:47 - [MESSAGE][PASSED] - Navigate to 'https://demowebshop.tricentis.com/fiction' successfully

04-07-2024T22:18:47 - [TEST_STEP][PASSED] - closeBrowser(): Browser is closed

04-07-2024T22:18:56 - [MESSAGE][PASSED] - Browser is closed]]></system-out>
         <system-err><![CDATA[]]></system-err>
      </testcase>
      <testcase name="Test Cases/aa/aa1" time="18.566" classname="Test Cases/aa/aa1" status="PASSED">
         <system-out><![CDATA[04-07-2024T22:18:56 - [TEST_CASE][PASSED] - Test Cases/aa/aa1: Test Cases/aa/aa1

04-07-2024T22:18:56 - [TEST_STEP][PASSED] - openBrowser(""): Browser is opened with url: ''

04-07-2024T22:18:56 - [MESSAGE][INFO] - Starting 'Chrome' driver

04-07-2024T22:18:56 - [MESSAGE][INFO] - Action delay is set to 0 milliseconds

04-07-2024T22:19:00 - [MESSAGE][PASSED] - Browser is opened with url: ''

04-07-2024T22:19:00 - [TEST_STEP][PASSED] - println($a - $variable - $variable_0): null

04-07-2024T22:19:00 - [TEST_STEP][PASSED] - navigateToUrl("https://demowebshop.tricentis.com/fiction"): Navigate to 'https://demowebshop.tricentis.com/fiction' successfully

04-07-2024T22:19:07 - [MESSAGE][PASSED] - Navigate to 'https://demowebshop.tricentis.com/fiction' successfully

04-07-2024T22:19:07 - [TEST_STEP][PASSED] - closeBrowser(): Browser is closed

04-07-2024T22:19:15 - [MESSAGE][PASSED] - Browser is closed]]></system-out>
         <system-err><![CDATA[]]></system-err>
      </testcase>
      <testcase name="Test Cases/aa/aa1" time="21.757" classname="Test Cases/aa/aa1" status="PASSED">
         <system-out><![CDATA[04-07-2024T22:19:15 - [TEST_CASE][PASSED] - Test Cases/aa/aa1: Test Cases/aa/aa1

04-07-2024T22:19:15 - [TEST_STEP][PASSED] - openBrowser(""): Browser is opened with url: ''

04-07-2024T22:19:15 - [MESSAGE][INFO] - Starting 'Chrome' driver

04-07-2024T22:19:15 - [MESSAGE][INFO] - Action delay is set to 0 milliseconds

04-07-2024T22:19:20 - [MESSAGE][PASSED] - Browser is opened with url: ''

04-07-2024T22:19:20 - [TEST_STEP][PASSED] - println($a - $variable - $variable_0): null

04-07-2024T22:19:20 - [TEST_STEP][PASSED] - navigateToUrl("https://demowebshop.tricentis.com/fiction"): Navigate to 'https://demowebshop.tricentis.com/fiction' successfully

04-07-2024T22:19:28 - [MESSAGE][PASSED] - Navigate to 'https://demowebshop.tricentis.com/fiction' successfully

04-07-2024T22:19:28 - [TEST_STEP][PASSED] - closeBrowser(): Browser is closed

04-07-2024T22:19:37 - [MESSAGE][PASSED] - Browser is closed]]></system-out>
         <system-err><![CDATA[]]></system-err>
      </testcase>
      <system-out><![CDATA[04-07-2024T22:17:16 - [TEST_SUITE][PASSED] - a: Test Cases/aa/aa1]]></system-out>
      <system-err><![CDATA[]]></system-err>
   </testsuite>
</testsuites>
