<?xml version="1.0" encoding="UTF-8"?>
<testsuites name="api" time="18.204" tests="3" failures="0" errors="0">
   <testsuite name="api" tests="3" failures="0" errors="0" time="18.204" skipped="0" timestamp="28-05-2024T20:56:12" hostname="tuanh - huybt2" id="Test Suites/api">
      <properties>
         <property name="deviceName" value=""/>
         <property name="devicePlatform" value=""/>
         <property name="logFolder" value="C:\\Users\\tuanh\\git\\kata-oma\\Reports\\20240528_205537\\api\\20240528_205539"/>
         <property name="logFiles" value="C:\\Users\\tuanh\\git\\kata-oma\\Reports\\20240528_205537\\api\\20240528_205539\\execution0.log"/>
         <property name="attachments" value=""/>
         <property name="hostName" value="tuanh - huybt2"/>
         <property name="hostAddress" value="192.168.1.8"/>
         <property name="os" value="Windows 11 64bit"/>
         <property name="katalonVersion" value="9.4.0.212"/>
      </properties>
      <testcase name="Test Cases/ad" time="15.674" classname="Test Cases/ad" status="PASSED">
         <system-out><![CDATA[28-05-2024T20:56:14 - [TEST_CASE][PASSED] - Test Cases/ad: Test Cases/ad

28-05-2024T20:56:17 - [TEST_STEP][PASSED] - sendRequest(findTestObject("ac/New Request")): Send request successfully

28-05-2024T20:56:29 - [MESSAGE][INFO] - HAR: C:\Users\tuanh\git\kata-oma\Reports\20240528_205537\api\20240528_205539\requests\main\0.har

28-05-2024T20:56:30 - [MESSAGE][PASSED] - Send request successfully]]></system-out>
         <system-err><![CDATA[]]></system-err>
      </testcase>
      <testcase name="Test Cases/api" time="0.449" classname="Test Cases/api" status="PASSED">
         <system-out><![CDATA[28-05-2024T20:56:30 - [TEST_CASE][PASSED] - Test Cases/api: Test Cases/api

28-05-2024T20:56:30 - [TEST_STEP][PASSED] - sendRequest(findTestObject("ac/New Request")): Send request successfully

28-05-2024T20:56:30 - [MESSAGE][INFO] - HAR: C:\Users\tuanh\git\kata-oma\Reports\20240528_205537\api\20240528_205539\requests\main\1.har

28-05-2024T20:56:30 - [MESSAGE][PASSED] - Send request successfully]]></system-out>
         <system-err><![CDATA[]]></system-err>
      </testcase>
      <testcase name="Test Cases/New Test Case (2)" time="0.398" classname="Test Cases/New Test Case (2)" status="PASSED">
         <system-out><![CDATA[28-05-2024T20:56:30 - [TEST_CASE][PASSED] - Test Cases/New Test Case (2): Test Cases/New Test Case (2)

28-05-2024T20:56:30 - [TEST_STEP][PASSED] - sendRequest(findTestObject("ac/New Request")): Send request successfully

28-05-2024T20:56:31 - [MESSAGE][INFO] - HAR: C:\Users\tuanh\git\kata-oma\Reports\20240528_205537\api\20240528_205539\requests\main\2.har

28-05-2024T20:56:31 - [MESSAGE][PASSED] - Send request successfully]]></system-out>
         <system-err><![CDATA[]]></system-err>
      </testcase>
      <system-out><![CDATA[28-05-2024T20:56:12 - [TEST_SUITE][PASSED] - api: Test Cases/New Test Case (2)]]></system-out>
      <system-err><![CDATA[]]></system-err>
   </testsuite>
</testsuites>
