<?xml version="1.0" encoding="UTF-8"?>
<testsuites name="a" time="153.668" tests="6" failures="0" errors="0">
   <testsuite name="a" tests="6" failures="0" errors="0" time="153.668" skipped="0" timestamp="04-07-2024T18:04:47" hostname="tuanh - huybt2" id="Test Suites/thang/a">
      <properties>
         <property name="deviceName" value=""/>
         <property name="devicePlatform" value=""/>
         <property name="logFolder" value="C:\\Users\\tuanh\\git\\kata-oma\\Reports\\20240704_180357\\thang\\a\\20240704_180357"/>
         <property name="logFiles" value="C:\\Users\\tuanh\\git\\kata-oma\\Reports\\20240704_180357\\thang\\a\\20240704_180357\\execution0.log"/>
         <property name="attachments" value=""/>
         <property name="hostName" value="tuanh - huybt2"/>
         <property name="os" value="Windows 11 64bit"/>
         <property name="katalonVersion" value="9.4.0.212"/>
         <property name="browser" value="Chrome 126.0.0.0"/>
         <property name="hostAddress" value="192.168.1.6"/>
         <property name="sessionId" value="b130e7bde370b28935d32b1615df2cff"/>
         <property name="seleniumVersion" value="3.141.59"/>
         <property name="proxyInformation" value="ProxyInformation { proxyOption=NO_PROXY, proxyServerType=HTTP, username=, password=********, proxyServerAddress=, proxyServerPort=0, executionList=&quot;&quot;, isApplyToDesiredCapabilities=true }"/>
         <property name="platform" value="Windows 11"/>
      </properties>
      <testcase name="Test Cases/aa/aa1" time="38.766" classname="Test Cases/aa/aa1" status="PASSED">
         <system-out><![CDATA[04-07-2024T18:04:50 - [TEST_CASE][PASSED] - Test Cases/aa/aa1: Test Cases/aa/aa1

04-07-2024T18:04:56 - [TEST_STEP][PASSED] - openBrowser(""): Browser is opened with url: ''

04-07-2024T18:05:00 - [MESSAGE][INFO] - Starting 'Chrome' driver

04-07-2024T18:05:01 - [MESSAGE][INFO] - Action delay is set to 0 milliseconds

04-07-2024T18:05:13 - [MESSAGE][PASSED] - Browser is opened with url: ''

04-07-2024T18:05:13 - [TEST_STEP][PASSED] - navigateToUrl("https://demowebshop.tricentis.com/fiction"): Navigate to 'https://demowebshop.tricentis.com/fiction' successfully

04-07-2024T18:05:21 - [MESSAGE][PASSED] - Navigate to 'https://demowebshop.tricentis.com/fiction' successfully

04-07-2024T18:05:21 - [TEST_STEP][PASSED] - setText(findTestObject("ac/New Test Object (1)"), "a"): Text 'a' is set on object 'Object Repository/ac/New Test Object (1)'

04-07-2024T18:05:26 - [MESSAGE][PASSED] - Text 'a' is set on object 'Object Repository/ac/New Test Object (1)'

04-07-2024T18:05:26 - [TEST_STEP][PASSED] - closeBrowser(): Browser is closed

04-07-2024T18:05:29 - [MESSAGE][PASSED] - Browser is closed]]></system-out>
         <system-err><![CDATA[]]></system-err>
      </testcase>
      <testcase name="Test Cases/aa/aa1" time="25.807" classname="Test Cases/aa/aa1" status="PASSED">
         <system-out><![CDATA[04-07-2024T18:05:29 - [TEST_CASE][PASSED] - Test Cases/aa/aa1: Test Cases/aa/aa1

04-07-2024T18:05:31 - [TEST_STEP][PASSED] - openBrowser(""): Browser is opened with url: ''

04-07-2024T18:05:31 - [MESSAGE][INFO] - Starting 'Chrome' driver

04-07-2024T18:05:31 - [MESSAGE][INFO] - Action delay is set to 0 milliseconds

04-07-2024T18:05:37 - [MESSAGE][PASSED] - Browser is opened with url: ''

04-07-2024T18:05:37 - [TEST_STEP][PASSED] - navigateToUrl("https://demowebshop.tricentis.com/fiction"): Navigate to 'https://demowebshop.tricentis.com/fiction' successfully

04-07-2024T18:05:45 - [MESSAGE][PASSED] - Navigate to 'https://demowebshop.tricentis.com/fiction' successfully

04-07-2024T18:05:45 - [TEST_STEP][PASSED] - setText(findTestObject("ac/New Test Object (1)"), "a"): Text 'a' is set on object 'Object Repository/ac/New Test Object (1)'

04-07-2024T18:05:48 - [MESSAGE][PASSED] - Text 'a' is set on object 'Object Repository/ac/New Test Object (1)'

04-07-2024T18:05:48 - [TEST_STEP][PASSED] - closeBrowser(): Browser is closed

04-07-2024T18:05:55 - [MESSAGE][PASSED] - Browser is closed]]></system-out>
         <system-err><![CDATA[]]></system-err>
      </testcase>
      <testcase name="Test Cases/aa/aa1" time="27.105" classname="Test Cases/aa/aa1" status="PASSED">
         <system-out><![CDATA[04-07-2024T18:05:55 - [TEST_CASE][PASSED] - Test Cases/aa/aa1: Test Cases/aa/aa1

04-07-2024T18:05:55 - [TEST_STEP][PASSED] - openBrowser(""): Browser is opened with url: ''

04-07-2024T18:05:55 - [MESSAGE][INFO] - Starting 'Chrome' driver

04-07-2024T18:05:56 - [MESSAGE][INFO] - Action delay is set to 0 milliseconds

04-07-2024T18:06:00 - [MESSAGE][PASSED] - Browser is opened with url: ''

04-07-2024T18:06:00 - [TEST_STEP][PASSED] - navigateToUrl("https://demowebshop.tricentis.com/fiction"): Navigate to 'https://demowebshop.tricentis.com/fiction' successfully

04-07-2024T18:06:06 - [MESSAGE][PASSED] - Navigate to 'https://demowebshop.tricentis.com/fiction' successfully

04-07-2024T18:06:06 - [TEST_STEP][PASSED] - setText(findTestObject("ac/New Test Object (1)"), "a"): Text 'a' is set on object 'Object Repository/ac/New Test Object (1)'

04-07-2024T18:06:10 - [MESSAGE][PASSED] - Text 'a' is set on object 'Object Repository/ac/New Test Object (1)'

04-07-2024T18:06:10 - [TEST_STEP][PASSED] - closeBrowser(): Browser is closed

04-07-2024T18:06:22 - [MESSAGE][PASSED] - Browser is closed]]></system-out>
         <system-err><![CDATA[]]></system-err>
      </testcase>
      <testcase name="Test Cases/aa/aa1" time="23.291" classname="Test Cases/aa/aa1" status="PASSED">
         <system-out><![CDATA[04-07-2024T18:06:22 - [TEST_CASE][PASSED] - Test Cases/aa/aa1: Test Cases/aa/aa1

04-07-2024T18:06:23 - [TEST_STEP][PASSED] - openBrowser(""): Browser is opened with url: ''

04-07-2024T18:06:23 - [MESSAGE][INFO] - Starting 'Chrome' driver

04-07-2024T18:06:23 - [MESSAGE][INFO] - Action delay is set to 0 milliseconds

04-07-2024T18:06:27 - [MESSAGE][PASSED] - Browser is opened with url: ''

04-07-2024T18:06:27 - [TEST_STEP][PASSED] - navigateToUrl("https://demowebshop.tricentis.com/fiction"): Navigate to 'https://demowebshop.tricentis.com/fiction' successfully

04-07-2024T18:06:33 - [MESSAGE][PASSED] - Navigate to 'https://demowebshop.tricentis.com/fiction' successfully

04-07-2024T18:06:33 - [TEST_STEP][PASSED] - setText(findTestObject("ac/New Test Object (1)"), "a"): Text 'a' is set on object 'Object Repository/ac/New Test Object (1)'

04-07-2024T18:06:40 - [MESSAGE][PASSED] - Text 'a' is set on object 'Object Repository/ac/New Test Object (1)'

04-07-2024T18:06:40 - [TEST_STEP][PASSED] - closeBrowser(): Browser is closed

04-07-2024T18:06:46 - [MESSAGE][PASSED] - Browser is closed]]></system-out>
         <system-err><![CDATA[]]></system-err>
      </testcase>
      <testcase name="Test Cases/aa/aa1" time="25.255" classname="Test Cases/aa/aa1" status="PASSED">
         <system-out><![CDATA[04-07-2024T18:06:46 - [TEST_CASE][PASSED] - Test Cases/aa/aa1: Test Cases/aa/aa1

04-07-2024T18:06:46 - [TEST_STEP][PASSED] - openBrowser(""): Browser is opened with url: ''

04-07-2024T18:06:46 - [MESSAGE][INFO] - Starting 'Chrome' driver

04-07-2024T18:06:46 - [MESSAGE][INFO] - Action delay is set to 0 milliseconds

04-07-2024T18:06:48 - [MESSAGE][PASSED] - Browser is opened with url: ''

04-07-2024T18:06:48 - [TEST_STEP][PASSED] - navigateToUrl("https://demowebshop.tricentis.com/fiction"): Navigate to 'https://demowebshop.tricentis.com/fiction' successfully

04-07-2024T18:06:52 - [MESSAGE][PASSED] - Navigate to 'https://demowebshop.tricentis.com/fiction' successfully

04-07-2024T18:06:52 - [TEST_STEP][PASSED] - setText(findTestObject("ac/New Test Object (1)"), "a"): Text 'a' is set on object 'Object Repository/ac/New Test Object (1)'

04-07-2024T18:07:00 - [MESSAGE][PASSED] - Text 'a' is set on object 'Object Repository/ac/New Test Object (1)'

04-07-2024T18:07:00 - [TEST_STEP][PASSED] - closeBrowser(): Browser is closed

04-07-2024T18:07:11 - [MESSAGE][PASSED] - Browser is closed]]></system-out>
         <system-err><![CDATA[]]></system-err>
      </testcase>
      <testcase name="Test Cases/aa/aa1" time="9.32" classname="Test Cases/aa/aa1" status="PASSED">
         <system-out><![CDATA[04-07-2024T18:07:11 - [TEST_CASE][PASSED] - Test Cases/aa/aa1: Test Cases/aa/aa1

04-07-2024T18:07:12 - [TEST_STEP][PASSED] - openBrowser(""): Browser is opened with url: ''

04-07-2024T18:07:12 - [MESSAGE][INFO] - Starting 'Chrome' driver

04-07-2024T18:07:12 - [MESSAGE][INFO] - Action delay is set to 0 milliseconds

04-07-2024T18:07:14 - [MESSAGE][PASSED] - Browser is opened with url: ''

04-07-2024T18:07:14 - [TEST_STEP][PASSED] - navigateToUrl("https://demowebshop.tricentis.com/fiction"): Navigate to 'https://demowebshop.tricentis.com/fiction' successfully

04-07-2024T18:07:19 - [MESSAGE][PASSED] - Navigate to 'https://demowebshop.tricentis.com/fiction' successfully

04-07-2024T18:07:19 - [TEST_STEP][PASSED] - setText(findTestObject("ac/New Test Object (1)"), "a"): Text 'a' is set on object 'Object Repository/ac/New Test Object (1)'

04-07-2024T18:07:20 - [MESSAGE][PASSED] - Text 'a' is set on object 'Object Repository/ac/New Test Object (1)'

04-07-2024T18:07:20 - [TEST_STEP][PASSED] - closeBrowser(): Browser is closed

04-07-2024T18:07:20 - [MESSAGE][PASSED] - Browser is closed]]></system-out>
         <system-err><![CDATA[]]></system-err>
      </testcase>
      <system-out><![CDATA[04-07-2024T18:04:47 - [TEST_SUITE][PASSED] - a: Test Cases/aa/aa1]]></system-out>
      <system-err><![CDATA[]]></system-err>
   </testsuite>
</testsuites>
