<?xml version="1.0" encoding="UTF-8"?>
<testsuites name="a" time="123.192" tests="6" failures="0" errors="0">
   <testsuite name="a" tests="6" failures="0" errors="0" time="123.192" skipped="0" timestamp="04-07-2024T12:35:41" hostname="tuanh - huybt2" id="Test Suites/thang/a">
      <properties>
         <property name="deviceName" value=""/>
         <property name="devicePlatform" value=""/>
         <property name="logFolder" value="C:\\Users\\tuanh\\git\\kata-oma\\Reports\\20240704_123456\\thang\\a\\20240704_123456"/>
         <property name="logFiles" value="C:\\Users\\tuanh\\git\\kata-oma\\Reports\\20240704_123456\\thang\\a\\20240704_123456\\execution0.log"/>
         <property name="attachments" value=""/>
         <property name="hostName" value="tuanh - huybt2"/>
         <property name="os" value="Windows 11 64bit"/>
         <property name="katalonVersion" value="9.4.0.212"/>
         <property name="browser" value="Chrome 126.0.0.0"/>
         <property name="hostAddress" value="172.20.10.2"/>
         <property name="sessionId" value="398e3e98622da6d4262cfa70cdbecbb1"/>
         <property name="seleniumVersion" value="3.141.59"/>
         <property name="proxyInformation" value="ProxyInformation { proxyOption=NO_PROXY, proxyServerType=HTTP, username=, password=********, proxyServerAddress=, proxyServerPort=0, executionList=&quot;&quot;, isApplyToDesiredCapabilities=true }"/>
         <property name="platform" value="Windows 11"/>
      </properties>
      <testcase name="Test Cases/aa/New Test Case" time="46.11" classname="Test Cases/aa/New Test Case" status="PASSED">
         <system-out><![CDATA[04-07-2024T12:35:43 - [TEST_CASE][PASSED] - Test Cases/aa/New Test Case: Test Cases/aa/New Test Case

04-07-2024T12:35:47 - [TEST_STEP][PASSED] - openBrowser(""): Browser is opened with url: ''

04-07-2024T12:35:51 - [MESSAGE][INFO] - Starting 'Chrome' driver

04-07-2024T12:35:51 - [MESSAGE][INFO] - Action delay is set to 0 milliseconds

04-07-2024T12:36:05 - [MESSAGE][PASSED] - Browser is opened with url: ''

04-07-2024T12:36:05 - [TEST_STEP][PASSED] - navigateToUrl("https://demowebshop.tricentis.com/fiction"): Navigate to 'https://demowebshop.tricentis.com/fiction' successfully

04-07-2024T12:36:11 - [MESSAGE][PASSED] - Navigate to 'https://demowebshop.tricentis.com/fiction' successfully

04-07-2024T12:36:11 - [TEST_STEP][PASSED] - setText(findTestObject("ac/New Test Object (1)"), "a"): Text 'a' is set on object 'Object Repository/ac/New Test Object (1)'

04-07-2024T12:36:15 - [MESSAGE][PASSED] - Text 'a' is set on object 'Object Repository/ac/New Test Object (1)'

04-07-2024T12:36:15 - [TEST_STEP][PASSED] - closeBrowser(): Browser is closed

04-07-2024T12:36:29 - [MESSAGE][PASSED] - Browser is closed]]></system-out>
         <system-err><![CDATA[]]></system-err>
      </testcase>
      <testcase name="Test Cases/aa/New Test Case" time="12.576" classname="Test Cases/aa/New Test Case" status="PASSED">
         <system-out><![CDATA[04-07-2024T12:36:29 - [TEST_CASE][PASSED] - Test Cases/aa/New Test Case: Test Cases/aa/New Test Case

04-07-2024T12:36:29 - [TEST_STEP][PASSED] - openBrowser(""): Browser is opened with url: ''

04-07-2024T12:36:29 - [MESSAGE][INFO] - Starting 'Chrome' driver

04-07-2024T12:36:29 - [MESSAGE][INFO] - Action delay is set to 0 milliseconds

04-07-2024T12:36:34 - [MESSAGE][PASSED] - Browser is opened with url: ''

04-07-2024T12:36:34 - [TEST_STEP][PASSED] - navigateToUrl("https://demowebshop.tricentis.com/fiction"): Navigate to 'https://demowebshop.tricentis.com/fiction' successfully

04-07-2024T12:36:38 - [MESSAGE][PASSED] - Navigate to 'https://demowebshop.tricentis.com/fiction' successfully

04-07-2024T12:36:38 - [TEST_STEP][PASSED] - setText(findTestObject("ac/New Test Object (1)"), "a"): Text 'a' is set on object 'Object Repository/ac/New Test Object (1)'

04-07-2024T12:36:39 - [MESSAGE][PASSED] - Text 'a' is set on object 'Object Repository/ac/New Test Object (1)'

04-07-2024T12:36:39 - [TEST_STEP][PASSED] - closeBrowser(): Browser is closed

04-07-2024T12:36:42 - [MESSAGE][PASSED] - Browser is closed]]></system-out>
         <system-err><![CDATA[]]></system-err>
      </testcase>
      <testcase name="Test Cases/aa/New Test Case" time="14.643" classname="Test Cases/aa/New Test Case" status="PASSED">
         <system-out><![CDATA[04-07-2024T12:36:42 - [TEST_CASE][PASSED] - Test Cases/aa/New Test Case: Test Cases/aa/New Test Case

04-07-2024T12:36:42 - [TEST_STEP][PASSED] - openBrowser(""): Browser is opened with url: ''

04-07-2024T12:36:42 - [MESSAGE][INFO] - Starting 'Chrome' driver

04-07-2024T12:36:42 - [MESSAGE][INFO] - Action delay is set to 0 milliseconds

04-07-2024T12:36:45 - [MESSAGE][PASSED] - Browser is opened with url: ''

04-07-2024T12:36:45 - [TEST_STEP][PASSED] - navigateToUrl("https://demowebshop.tricentis.com/fiction"): Navigate to 'https://demowebshop.tricentis.com/fiction' successfully

04-07-2024T12:36:52 - [MESSAGE][PASSED] - Navigate to 'https://demowebshop.tricentis.com/fiction' successfully

04-07-2024T12:36:52 - [TEST_STEP][PASSED] - setText(findTestObject("ac/New Test Object (1)"), "a"): Text 'a' is set on object 'Object Repository/ac/New Test Object (1)'

04-07-2024T12:36:54 - [MESSAGE][PASSED] - Text 'a' is set on object 'Object Repository/ac/New Test Object (1)'

04-07-2024T12:36:54 - [TEST_STEP][PASSED] - closeBrowser(): Browser is closed

04-07-2024T12:36:56 - [MESSAGE][PASSED] - Browser is closed]]></system-out>
         <system-err><![CDATA[]]></system-err>
      </testcase>
      <testcase name="Test Cases/aa/New Test Case" time="9.968" classname="Test Cases/aa/New Test Case" status="PASSED">
         <system-out><![CDATA[04-07-2024T12:36:56 - [TEST_CASE][PASSED] - Test Cases/aa/New Test Case: Test Cases/aa/New Test Case

04-07-2024T12:36:57 - [TEST_STEP][PASSED] - openBrowser(""): Browser is opened with url: ''

04-07-2024T12:36:57 - [MESSAGE][INFO] - Starting 'Chrome' driver

04-07-2024T12:36:57 - [MESSAGE][INFO] - Action delay is set to 0 milliseconds

04-07-2024T12:36:58 - [MESSAGE][PASSED] - Browser is opened with url: ''

04-07-2024T12:36:58 - [TEST_STEP][PASSED] - navigateToUrl("https://demowebshop.tricentis.com/fiction"): Navigate to 'https://demowebshop.tricentis.com/fiction' successfully

04-07-2024T12:37:02 - [MESSAGE][PASSED] - Navigate to 'https://demowebshop.tricentis.com/fiction' successfully

04-07-2024T12:37:02 - [TEST_STEP][PASSED] - setText(findTestObject("ac/New Test Object (1)"), "a"): Text 'a' is set on object 'Object Repository/ac/New Test Object (1)'

04-07-2024T12:37:03 - [MESSAGE][PASSED] - Text 'a' is set on object 'Object Repository/ac/New Test Object (1)'

04-07-2024T12:37:03 - [TEST_STEP][PASSED] - closeBrowser(): Browser is closed

04-07-2024T12:37:06 - [MESSAGE][PASSED] - Browser is closed]]></system-out>
         <system-err><![CDATA[]]></system-err>
      </testcase>
      <testcase name="Test Cases/aa/New Test Case" time="21.745" classname="Test Cases/aa/New Test Case" status="PASSED">
         <system-out><![CDATA[04-07-2024T12:37:06 - [TEST_CASE][PASSED] - Test Cases/aa/New Test Case: Test Cases/aa/New Test Case

04-07-2024T12:37:07 - [TEST_STEP][PASSED] - openBrowser(""): Browser is opened with url: ''

04-07-2024T12:37:07 - [MESSAGE][INFO] - Starting 'Chrome' driver

04-07-2024T12:37:07 - [MESSAGE][INFO] - Action delay is set to 0 milliseconds

04-07-2024T12:37:08 - [MESSAGE][PASSED] - Browser is opened with url: ''

04-07-2024T12:37:08 - [TEST_STEP][PASSED] - navigateToUrl("https://demowebshop.tricentis.com/fiction"): Navigate to 'https://demowebshop.tricentis.com/fiction' successfully

04-07-2024T12:37:13 - [MESSAGE][PASSED] - Navigate to 'https://demowebshop.tricentis.com/fiction' successfully

04-07-2024T12:37:13 - [TEST_STEP][PASSED] - setText(findTestObject("ac/New Test Object (1)"), "a"): Text 'a' is set on object 'Object Repository/ac/New Test Object (1)'

04-07-2024T12:37:15 - [MESSAGE][PASSED] - Text 'a' is set on object 'Object Repository/ac/New Test Object (1)'

04-07-2024T12:37:15 - [TEST_STEP][PASSED] - closeBrowser(): Browser is closed

04-07-2024T12:37:28 - [MESSAGE][PASSED] - Browser is closed]]></system-out>
         <system-err><![CDATA[]]></system-err>
      </testcase>
      <testcase name="Test Cases/aa/New Test Case" time="15.643" classname="Test Cases/aa/New Test Case" status="PASSED">
         <system-out><![CDATA[04-07-2024T12:37:28 - [TEST_CASE][PASSED] - Test Cases/aa/New Test Case: Test Cases/aa/New Test Case

04-07-2024T12:37:29 - [TEST_STEP][PASSED] - openBrowser(""): Browser is opened with url: ''

04-07-2024T12:37:29 - [MESSAGE][INFO] - Starting 'Chrome' driver

04-07-2024T12:37:29 - [MESSAGE][INFO] - Action delay is set to 0 milliseconds

04-07-2024T12:37:32 - [MESSAGE][PASSED] - Browser is opened with url: ''

04-07-2024T12:37:32 - [TEST_STEP][PASSED] - navigateToUrl("https://demowebshop.tricentis.com/fiction"): Navigate to 'https://demowebshop.tricentis.com/fiction' successfully

04-07-2024T12:37:37 - [MESSAGE][PASSED] - Navigate to 'https://demowebshop.tricentis.com/fiction' successfully

04-07-2024T12:37:37 - [TEST_STEP][PASSED] - setText(findTestObject("ac/New Test Object (1)"), "a"): Text 'a' is set on object 'Object Repository/ac/New Test Object (1)'

04-07-2024T12:37:38 - [MESSAGE][PASSED] - Text 'a' is set on object 'Object Repository/ac/New Test Object (1)'

04-07-2024T12:37:38 - [TEST_STEP][PASSED] - closeBrowser(): Browser is closed

04-07-2024T12:37:44 - [MESSAGE][PASSED] - Browser is closed]]></system-out>
         <system-err><![CDATA[]]></system-err>
      </testcase>
      <system-out><![CDATA[04-07-2024T12:35:41 - [TEST_SUITE][PASSED] - a: Test Cases/aa/New Test Case]]></system-out>
      <system-err><![CDATA[]]></system-err>
   </testsuite>
</testsuites>
