<?xml version="1.0" encoding="UTF-8"?>
<testsuites name="thang1" time="207.519" tests="5" failures="0" errors="0">
   <testsuite name="thang1" tests="5" failures="0" errors="0" time="207.519" skipped="0" timestamp="03-07-2024T00:24:16" hostname="tuanh - huybt2" id="Test Suites/thang/thang1">
      <properties>
         <property name="deviceName" value=""/>
         <property name="devicePlatform" value=""/>
         <property name="logFolder" value="C:\\Users\\tuanh\\git\\kata-oma\\Reports\\20240703_002315\\thang\\thang1\\20240703_002316"/>
         <property name="logFiles" value="C:\\Users\\tuanh\\git\\kata-oma\\Reports\\20240703_002315\\thang\\thang1\\20240703_002316\\execution0.log"/>
         <property name="attachments" value=""/>
         <property name="hostName" value="tuanh - huybt2"/>
         <property name="os" value="Windows 11 64bit"/>
         <property name="katalonVersion" value="9.4.0.212"/>
         <property name="browser" value="Chrome 126.0.0.0"/>
         <property name="hostAddress" value="192.168.1.13"/>
         <property name="sessionId" value="b2b8da3a17d21b4d3186fe4048033656"/>
         <property name="seleniumVersion" value="3.141.59"/>
         <property name="proxyInformation" value="ProxyInformation { proxyOption=NO_PROXY, proxyServerType=HTTP, username=, password=********, proxyServerAddress=, proxyServerPort=0, executionList=&quot;&quot;, isApplyToDesiredCapabilities=true }"/>
         <property name="platform" value="Windows 11"/>
      </properties>
      <testcase name="Test Cases/thang/New Test Case (8)" time="97.902" classname="Test Cases/thang/New Test Case (8)" status="PASSED">
         <system-out><![CDATA[03-07-2024T00:24:18 - [TEST_CASE][PASSED] - Test Cases/thang/New Test Case (8): Test Cases/thang/New Test Case (8)

03-07-2024T00:24:21 - [TEST_STEP][PASSED] - openBrowser(""): Browser is opened with url: ''

03-07-2024T00:24:26 - [MESSAGE][INFO] - Starting 'Chrome' driver

03-07-2024T00:24:26 - [MESSAGE][INFO] - Action delay is set to 0 milliseconds

03-07-2024T00:24:43 - [MESSAGE][PASSED] - Browser is opened with url: ''

03-07-2024T00:24:43 - [TEST_STEP][PASSED] - navigateToUrl("https://demowebshop.tricentis.com/fiction"): Navigate to 'https://demowebshop.tricentis.com/fiction' successfully

03-07-2024T00:24:50 - [MESSAGE][PASSED] - Navigate to 'https://demowebshop.tricentis.com/fiction' successfully

03-07-2024T00:24:50 - [TEST_STEP][PASSED] - setText(findTestObject("ac/New Test Object (1)"), "a"): Text 'a' is set on object 'Object Repository/ac/New Test Object (1)'

03-07-2024T00:24:54 - [MESSAGE][PASSED] - Text 'a' is set on object 'Object Repository/ac/New Test Object (1)'

03-07-2024T00:24:54 - [TEST_STEP][PASSED] - closeBrowser(): Browser is closed

03-07-2024T00:25:56 - [MESSAGE][PASSED] - Browser is closed]]></system-out>
         <system-err><![CDATA[]]></system-err>
      </testcase>
      <testcase name="Test Cases/thang/New Test Case (8)" time="39.553" classname="Test Cases/thang/New Test Case (8)" status="PASSED">
         <system-out><![CDATA[03-07-2024T00:25:56 - [TEST_CASE][PASSED] - Test Cases/thang/New Test Case (8): Test Cases/thang/New Test Case (8)

03-07-2024T00:25:56 - [TEST_STEP][PASSED] - openBrowser(""): Browser is opened with url: ''

03-07-2024T00:25:57 - [MESSAGE][INFO] - Starting 'Chrome' driver

03-07-2024T00:25:57 - [MESSAGE][INFO] - Action delay is set to 0 milliseconds

03-07-2024T00:26:05 - [MESSAGE][PASSED] - Browser is opened with url: ''

03-07-2024T00:26:05 - [TEST_STEP][PASSED] - navigateToUrl("https://demowebshop.tricentis.com/fiction"): Navigate to 'https://demowebshop.tricentis.com/fiction' successfully

03-07-2024T00:26:12 - [MESSAGE][PASSED] - Navigate to 'https://demowebshop.tricentis.com/fiction' successfully

03-07-2024T00:26:12 - [TEST_STEP][PASSED] - setText(findTestObject("ac/New Test Object (1)"), "a"): Text 'a' is set on object 'Object Repository/ac/New Test Object (1)'

03-07-2024T00:26:15 - [MESSAGE][PASSED] - Text 'a' is set on object 'Object Repository/ac/New Test Object (1)'

03-07-2024T00:26:15 - [TEST_STEP][PASSED] - closeBrowser(): Browser is closed

03-07-2024T00:26:35 - [MESSAGE][PASSED] - Browser is closed]]></system-out>
         <system-err><![CDATA[]]></system-err>
      </testcase>
      <testcase name="Test Cases/thang/New Test Case (8)" time="31.93" classname="Test Cases/thang/New Test Case (8)" status="PASSED">
         <system-out><![CDATA[03-07-2024T00:26:36 - [TEST_CASE][PASSED] - Test Cases/thang/New Test Case (8): Test Cases/thang/New Test Case (8)

03-07-2024T00:26:36 - [TEST_STEP][PASSED] - openBrowser(""): Browser is opened with url: ''

03-07-2024T00:26:36 - [MESSAGE][INFO] - Starting 'Chrome' driver

03-07-2024T00:26:36 - [MESSAGE][INFO] - Action delay is set to 0 milliseconds

03-07-2024T00:26:49 - [MESSAGE][PASSED] - Browser is opened with url: ''

03-07-2024T00:26:49 - [TEST_STEP][PASSED] - navigateToUrl("https://demowebshop.tricentis.com/fiction"): Navigate to 'https://demowebshop.tricentis.com/fiction' successfully

03-07-2024T00:26:53 - [MESSAGE][PASSED] - Navigate to 'https://demowebshop.tricentis.com/fiction' successfully

03-07-2024T00:26:53 - [TEST_STEP][PASSED] - setText(findTestObject("ac/New Test Object (1)"), "a"): Text 'a' is set on object 'Object Repository/ac/New Test Object (1)'

03-07-2024T00:26:55 - [MESSAGE][PASSED] - Text 'a' is set on object 'Object Repository/ac/New Test Object (1)'

03-07-2024T00:26:55 - [TEST_STEP][PASSED] - closeBrowser(): Browser is closed

03-07-2024T00:27:07 - [MESSAGE][PASSED] - Browser is closed]]></system-out>
         <system-err><![CDATA[]]></system-err>
      </testcase>
      <testcase name="Test Cases/thang/New Test Case (8)" time="22.33" classname="Test Cases/thang/New Test Case (8)" status="PASSED">
         <system-out><![CDATA[03-07-2024T00:27:07 - [TEST_CASE][PASSED] - Test Cases/thang/New Test Case (8): Test Cases/thang/New Test Case (8)

03-07-2024T00:27:08 - [TEST_STEP][PASSED] - openBrowser(""): Browser is opened with url: ''

03-07-2024T00:27:08 - [MESSAGE][INFO] - Starting 'Chrome' driver

03-07-2024T00:27:08 - [MESSAGE][INFO] - Action delay is set to 0 milliseconds

03-07-2024T00:27:10 - [MESSAGE][PASSED] - Browser is opened with url: ''

03-07-2024T00:27:10 - [TEST_STEP][PASSED] - navigateToUrl("https://demowebshop.tricentis.com/fiction"): Navigate to 'https://demowebshop.tricentis.com/fiction' successfully

03-07-2024T00:27:17 - [MESSAGE][PASSED] - Navigate to 'https://demowebshop.tricentis.com/fiction' successfully

03-07-2024T00:27:17 - [TEST_STEP][PASSED] - setText(findTestObject("ac/New Test Object (1)"), "a"): Text 'a' is set on object 'Object Repository/ac/New Test Object (1)'

03-07-2024T00:27:18 - [MESSAGE][PASSED] - Text 'a' is set on object 'Object Repository/ac/New Test Object (1)'

03-07-2024T00:27:18 - [TEST_STEP][PASSED] - closeBrowser(): Browser is closed

03-07-2024T00:27:30 - [MESSAGE][PASSED] - Browser is closed]]></system-out>
         <system-err><![CDATA[]]></system-err>
      </testcase>
      <testcase name="Test Cases/thang/New Test Case (8)" time="13.865" classname="Test Cases/thang/New Test Case (8)" status="PASSED">
         <system-out><![CDATA[03-07-2024T00:27:30 - [TEST_CASE][PASSED] - Test Cases/thang/New Test Case (8): Test Cases/thang/New Test Case (8)

03-07-2024T00:27:30 - [TEST_STEP][PASSED] - openBrowser(""): Browser is opened with url: ''

03-07-2024T00:27:30 - [MESSAGE][INFO] - Starting 'Chrome' driver

03-07-2024T00:27:30 - [MESSAGE][INFO] - Action delay is set to 0 milliseconds

03-07-2024T00:27:32 - [MESSAGE][PASSED] - Browser is opened with url: ''

03-07-2024T00:27:32 - [TEST_STEP][PASSED] - navigateToUrl("https://demowebshop.tricentis.com/fiction"): Navigate to 'https://demowebshop.tricentis.com/fiction' successfully

03-07-2024T00:27:39 - [MESSAGE][PASSED] - Navigate to 'https://demowebshop.tricentis.com/fiction' successfully

03-07-2024T00:27:39 - [TEST_STEP][PASSED] - setText(findTestObject("ac/New Test Object (1)"), "a"): Text 'a' is set on object 'Object Repository/ac/New Test Object (1)'

03-07-2024T00:27:40 - [MESSAGE][PASSED] - Text 'a' is set on object 'Object Repository/ac/New Test Object (1)'

03-07-2024T00:27:40 - [TEST_STEP][PASSED] - closeBrowser(): Browser is closed

03-07-2024T00:27:44 - [MESSAGE][PASSED] - Browser is closed]]></system-out>
         <system-err><![CDATA[]]></system-err>
      </testcase>
      <system-out><![CDATA[03-07-2024T00:24:16 - [TEST_SUITE][PASSED] - thang1: Test Cases/thang/New Test Case (8)]]></system-out>
      <system-err><![CDATA[]]></system-err>
   </testsuite>
</testsuites>
