<?xml version="1.0" encoding="UTF-8"?>
<testsuites name="api" time="20.969" tests="1" failures="0" errors="0">
   <testsuite name="api" tests="1" failures="0" errors="0" time="20.969" skipped="0" timestamp="26-05-2024T17:28:04" hostname="tuanh - huybt2" id="Test Suites/api">
      <properties>
         <property name="deviceName" value=""/>
         <property name="devicePlatform" value=""/>
         <property name="logFolder" value="C:\\Users\\tuanh\\git\\kata-oma\\Reports\\20240526_172635\\api\\20240526_172637"/>
         <property name="logFiles" value="C:\\Users\\tuanh\\git\\kata-oma\\Reports\\20240526_172635\\api\\20240526_172637\\execution0.log"/>
         <property name="attachments" value=""/>
         <property name="hostName" value="tuanh - huybt2"/>
         <property name="hostAddress" value="192.168.1.6"/>
         <property name="os" value="Windows 11 64bit"/>
         <property name="katalonVersion" value="9.4.0.212"/>
      </properties>
      <testcase name="Test Cases/ad" time="19.194" classname="Test Cases/ad" status="PASSED">
         <system-out><![CDATA[26-05-2024T17:28:06 - [TEST_CASE][PASSED] - Test Cases/ad: Test Cases/ad

26-05-2024T17:28:10 - [TEST_STEP][PASSED] - sendRequest(findTestObject("ac/New Request")): Send request successfully

26-05-2024T17:28:25 - [MESSAGE][INFO] - HAR: C:\Users\tuanh\git\kata-oma\Reports\20240526_172635\api\20240526_172637\requests\main\0.har

26-05-2024T17:28:25 - [MESSAGE][PASSED] - Send request successfully]]></system-out>
         <system-err><![CDATA[]]></system-err>
      </testcase>
      <system-out><![CDATA[26-05-2024T17:28:04 - [TEST_SUITE][PASSED] - api: Test Cases/ad]]></system-out>
      <system-err><![CDATA[]]></system-err>
   </testsuite>
</testsuites>
