<?xml version="1.0" encoding="UTF-8"?>
<testsuites name="thang1" time="231.802" tests="5" failures="0" errors="0">
   <testsuite name="thang1" tests="5" failures="0" errors="0" time="231.802" skipped="0" timestamp="03-07-2024T00:30:14" hostname="tuanh - huybt2" id="Test Suites/thang/thang1">
      <properties>
         <property name="deviceName" value=""/>
         <property name="devicePlatform" value=""/>
         <property name="logFolder" value="C:\\Users\\tuanh\\git\\kata-oma\\Reports\\20240703_002914\\thang\\thang1\\20240703_002920"/>
         <property name="logFiles" value="C:\\Users\\tuanh\\git\\kata-oma\\Reports\\20240703_002914\\thang\\thang1\\20240703_002920\\execution0.log"/>
         <property name="attachments" value=""/>
         <property name="hostName" value="tuanh - huybt2"/>
         <property name="os" value="Windows 11 64bit"/>
         <property name="katalonVersion" value="9.4.0.212"/>
         <property name="browser" value="Chrome 126.0.0.0"/>
         <property name="hostAddress" value="192.168.1.13"/>
         <property name="sessionId" value="b321b25a55bd1270b124233a189cfc94"/>
         <property name="seleniumVersion" value="3.141.59"/>
         <property name="proxyInformation" value="ProxyInformation { proxyOption=NO_PROXY, proxyServerType=HTTP, username=, password=********, proxyServerAddress=, proxyServerPort=0, executionList=&quot;&quot;, isApplyToDesiredCapabilities=true }"/>
         <property name="platform" value="Windows 11"/>
      </properties>
      <testcase name="Test Cases/thang/New Test Case (8)" time="91.301" classname="Test Cases/thang/New Test Case (8)" status="PASSED">
         <system-out><![CDATA[03-07-2024T00:30:16 - [TEST_CASE][PASSED] - Test Cases/thang/New Test Case (8): Test Cases/thang/New Test Case (8)

03-07-2024T00:30:19 - [TEST_STEP][PASSED] - openBrowser(""): Browser is opened with url: ''

03-07-2024T00:30:20 - [MESSAGE][INFO] - Starting 'Chrome' driver

03-07-2024T00:30:20 - [MESSAGE][INFO] - Action delay is set to 0 milliseconds

03-07-2024T00:30:33 - [MESSAGE][PASSED] - Browser is opened with url: ''

03-07-2024T00:30:33 - [TEST_STEP][PASSED] - navigateToUrl("https://demowebshop.tricentis.com/fiction"): Navigate to 'https://demowebshop.tricentis.com/fiction' successfully

03-07-2024T00:30:40 - [MESSAGE][PASSED] - Navigate to 'https://demowebshop.tricentis.com/fiction' successfully

03-07-2024T00:30:40 - [TEST_STEP][PASSED] - setText(findTestObject("ac/New Test Object (1)"), "a"): Text 'a' is set on object 'Object Repository/ac/New Test Object (1)'

03-07-2024T00:30:45 - [MESSAGE][PASSED] - Text 'a' is set on object 'Object Repository/ac/New Test Object (1)'

03-07-2024T00:30:45 - [TEST_STEP][PASSED] - closeBrowser(): Browser is closed

03-07-2024T00:31:48 - [MESSAGE][PASSED] - Browser is closed]]></system-out>
         <system-err><![CDATA[]]></system-err>
      </testcase>
      <testcase name="Test Cases/thang/New Test Case (8)" time="44.36" classname="Test Cases/thang/New Test Case (8)" status="PASSED">
         <system-out><![CDATA[03-07-2024T00:31:48 - [TEST_CASE][PASSED] - Test Cases/thang/New Test Case (8): Test Cases/thang/New Test Case (8)

03-07-2024T00:31:49 - [TEST_STEP][PASSED] - openBrowser(""): Browser is opened with url: ''

03-07-2024T00:31:49 - [MESSAGE][INFO] - Starting 'Chrome' driver

03-07-2024T00:31:49 - [MESSAGE][INFO] - Action delay is set to 0 milliseconds

03-07-2024T00:32:06 - [MESSAGE][PASSED] - Browser is opened with url: ''

03-07-2024T00:32:06 - [TEST_STEP][PASSED] - navigateToUrl("https://demowebshop.tricentis.com/fiction"): Navigate to 'https://demowebshop.tricentis.com/fiction' successfully

03-07-2024T00:32:13 - [MESSAGE][PASSED] - Navigate to 'https://demowebshop.tricentis.com/fiction' successfully

03-07-2024T00:32:13 - [TEST_STEP][PASSED] - setText(findTestObject("ac/New Test Object (1)"), "a"): Text 'a' is set on object 'Object Repository/ac/New Test Object (1)'

03-07-2024T00:32:17 - [MESSAGE][PASSED] - Text 'a' is set on object 'Object Repository/ac/New Test Object (1)'

03-07-2024T00:32:17 - [TEST_STEP][PASSED] - closeBrowser(): Browser is closed

03-07-2024T00:32:32 - [MESSAGE][PASSED] - Browser is closed]]></system-out>
         <system-err><![CDATA[]]></system-err>
      </testcase>
      <testcase name="Test Cases/thang/New Test Case (8)" time="53.91" classname="Test Cases/thang/New Test Case (8)" status="PASSED">
         <system-out><![CDATA[03-07-2024T00:32:32 - [TEST_CASE][PASSED] - Test Cases/thang/New Test Case (8): Test Cases/thang/New Test Case (8)

03-07-2024T00:32:32 - [TEST_STEP][PASSED] - openBrowser(""): Browser is opened with url: ''

03-07-2024T00:32:32 - [MESSAGE][INFO] - Starting 'Chrome' driver

03-07-2024T00:32:32 - [MESSAGE][INFO] - Action delay is set to 0 milliseconds

03-07-2024T00:32:35 - [MESSAGE][PASSED] - Browser is opened with url: ''

03-07-2024T00:32:35 - [TEST_STEP][PASSED] - navigateToUrl("https://demowebshop.tricentis.com/fiction"): Navigate to 'https://demowebshop.tricentis.com/fiction' successfully

03-07-2024T00:32:41 - [MESSAGE][PASSED] - Navigate to 'https://demowebshop.tricentis.com/fiction' successfully

03-07-2024T00:32:41 - [TEST_STEP][PASSED] - setText(findTestObject("ac/New Test Object (1)"), "a"): Text 'a' is set on object 'Object Repository/ac/New Test Object (1)'

03-07-2024T00:32:42 - [MESSAGE][PASSED] - Text 'a' is set on object 'Object Repository/ac/New Test Object (1)'

03-07-2024T00:32:42 - [TEST_STEP][PASSED] - closeBrowser(): Browser is closed

03-07-2024T00:33:26 - [MESSAGE][PASSED] - Browser is closed]]></system-out>
         <system-err><![CDATA[]]></system-err>
      </testcase>
      <testcase name="Test Cases/thang/New Test Case (8)" time="17.24" classname="Test Cases/thang/New Test Case (8)" status="PASSED">
         <system-out><![CDATA[03-07-2024T00:33:26 - [TEST_CASE][PASSED] - Test Cases/thang/New Test Case (8): Test Cases/thang/New Test Case (8)

03-07-2024T00:33:26 - [TEST_STEP][PASSED] - openBrowser(""): Browser is opened with url: ''

03-07-2024T00:33:26 - [MESSAGE][INFO] - Starting 'Chrome' driver

03-07-2024T00:33:26 - [MESSAGE][INFO] - Action delay is set to 0 milliseconds

03-07-2024T00:33:29 - [MESSAGE][PASSED] - Browser is opened with url: ''

03-07-2024T00:33:29 - [TEST_STEP][PASSED] - navigateToUrl("https://demowebshop.tricentis.com/fiction"): Navigate to 'https://demowebshop.tricentis.com/fiction' successfully

03-07-2024T00:33:35 - [MESSAGE][PASSED] - Navigate to 'https://demowebshop.tricentis.com/fiction' successfully

03-07-2024T00:33:35 - [TEST_STEP][PASSED] - setText(findTestObject("ac/New Test Object (1)"), "a"): Text 'a' is set on object 'Object Repository/ac/New Test Object (1)'

03-07-2024T00:33:40 - [MESSAGE][PASSED] - Text 'a' is set on object 'Object Repository/ac/New Test Object (1)'

03-07-2024T00:33:40 - [TEST_STEP][PASSED] - closeBrowser(): Browser is closed

03-07-2024T00:33:43 - [MESSAGE][PASSED] - Browser is closed]]></system-out>
         <system-err><![CDATA[]]></system-err>
      </testcase>
      <testcase name="Test Cases/thang/New Test Case (8)" time="22.252" classname="Test Cases/thang/New Test Case (8)" status="PASSED">
         <system-out><![CDATA[03-07-2024T00:33:43 - [TEST_CASE][PASSED] - Test Cases/thang/New Test Case (8): Test Cases/thang/New Test Case (8)

03-07-2024T00:33:43 - [TEST_STEP][PASSED] - openBrowser(""): Browser is opened with url: ''

03-07-2024T00:33:43 - [MESSAGE][INFO] - Starting 'Chrome' driver

03-07-2024T00:33:43 - [MESSAGE][INFO] - Action delay is set to 0 milliseconds

03-07-2024T00:33:46 - [MESSAGE][PASSED] - Browser is opened with url: ''

03-07-2024T00:33:46 - [TEST_STEP][PASSED] - navigateToUrl("https://demowebshop.tricentis.com/fiction"): Navigate to 'https://demowebshop.tricentis.com/fiction' successfully

03-07-2024T00:33:52 - [MESSAGE][PASSED] - Navigate to 'https://demowebshop.tricentis.com/fiction' successfully

03-07-2024T00:33:52 - [TEST_STEP][PASSED] - setText(findTestObject("ac/New Test Object (1)"), "a"): Text 'a' is set on object 'Object Repository/ac/New Test Object (1)'

03-07-2024T00:33:55 - [MESSAGE][PASSED] - Text 'a' is set on object 'Object Repository/ac/New Test Object (1)'

03-07-2024T00:33:55 - [TEST_STEP][PASSED] - closeBrowser(): Browser is closed

03-07-2024T00:34:05 - [MESSAGE][PASSED] - Browser is closed]]></system-out>
         <system-err><![CDATA[]]></system-err>
      </testcase>
      <system-out><![CDATA[03-07-2024T00:30:14 - [TEST_SUITE][PASSED] - thang1: Test Cases/thang/New Test Case (8)]]></system-out>
      <system-err><![CDATA[]]></system-err>
   </testsuite>
</testsuites>
