<?xml version="1.0" encoding="UTF-8"?>
<testsuites name="thang1" time="81.517" tests="1" failures="0" errors="0">
   <testsuite name="thang1" tests="1" failures="0" errors="0" time="81.517" skipped="0" timestamp="02-07-2024T18:07:00" hostname="tuanh - huybt2" id="Test Suites/thang/thang1">
      <properties>
         <property name="deviceName" value=""/>
         <property name="devicePlatform" value=""/>
         <property name="logFolder" value="C:\\Users\\tuanh\\git\\kata-oma\\Reports\\20240702_180513\\thang\\thang1\\20240702_180525"/>
         <property name="logFiles" value="C:\\Users\\tuanh\\git\\kata-oma\\Reports\\20240702_180513\\thang\\thang1\\20240702_180525\\execution0.log"/>
         <property name="attachments" value=""/>
         <property name="hostName" value="tuanh - huybt2"/>
         <property name="os" value="Windows 11 64bit"/>
         <property name="katalonVersion" value="9.4.0.212"/>
         <property name="browser" value="Chrome 126.0.0.0"/>
         <property name="hostAddress" value="192.168.1.13"/>
         <property name="sessionId" value="d903c49efe153d191672ddf00745c228"/>
         <property name="seleniumVersion" value="3.141.59"/>
         <property name="proxyInformation" value="ProxyInformation { proxyOption=NO_PROXY, proxyServerType=HTTP, username=, password=********, proxyServerAddress=, proxyServerPort=0, executionList=&quot;&quot;, isApplyToDesiredCapabilities=true }"/>
         <property name="platform" value="Windows 11"/>
      </properties>
      <testcase name="Test Cases/New Test Case (1)" time="77.412" classname="Test Cases/New Test Case (1)" status="PASSED">
         <system-out><![CDATA[02-07-2024T18:07:04 - [TEST_CASE][PASSED] - Test Cases/New Test Case (1): Test Cases/New Test Case (1)

02-07-2024T18:07:14 - [TEST_STEP][PASSED] - openBrowser(""): Browser is opened with url: ''

02-07-2024T18:07:22 - [MESSAGE][INFO] - Starting 'Chrome' driver

02-07-2024T18:07:24 - [MESSAGE][INFO] - Action delay is set to 0 milliseconds

02-07-2024T18:07:55 - [MESSAGE][PASSED] - Browser is opened with url: ''

02-07-2024T18:07:55 - [TEST_STEP][PASSED] - closeBrowser(): Browser is closed

02-07-2024T18:08:21 - [MESSAGE][PASSED] - Browser is closed]]></system-out>
         <system-err><![CDATA[]]></system-err>
      </testcase>
      <system-out><![CDATA[02-07-2024T18:07:00 - [TEST_SUITE][PASSED] - thang1: Test Cases/New Test Case (1)]]></system-out>
      <system-err><![CDATA[]]></system-err>
   </testsuite>
</testsuites>
