<?xml version="1.0" encoding="UTF-8"?>
<testsuites name="thang1" time="201.476" tests="5" failures="0" errors="0">
   <testsuite name="thang1" tests="5" failures="0" errors="0" time="201.476" skipped="0" timestamp="03-07-2024T00:24:21" hostname="tuanh - huybt2" id="Test Suites/thang/thang1">
      <properties>
         <property name="deviceName" value=""/>
         <property name="devicePlatform" value=""/>
         <property name="logFolder" value="C:\\Users\\tuanh\\git\\kata-oma\\Reports\\20240703_002314\\thang\\thang1\\20240703_002317"/>
         <property name="logFiles" value="C:\\Users\\tuanh\\git\\kata-oma\\Reports\\20240703_002314\\thang\\thang1\\20240703_002317\\execution0.log"/>
         <property name="attachments" value=""/>
         <property name="hostName" value="tuanh - huybt2"/>
         <property name="os" value="Windows 11 64bit"/>
         <property name="katalonVersion" value="9.4.0.212"/>
         <property name="browser" value="Chrome 126.0.0.0"/>
         <property name="hostAddress" value="192.168.1.13"/>
         <property name="sessionId" value="ed64e7f6c6c04118d704f2e21e644e9d"/>
         <property name="seleniumVersion" value="3.141.59"/>
         <property name="proxyInformation" value="ProxyInformation { proxyOption=NO_PROXY, proxyServerType=HTTP, username=, password=********, proxyServerAddress=, proxyServerPort=0, executionList=&quot;&quot;, isApplyToDesiredCapabilities=true }"/>
         <property name="platform" value="Windows 11"/>
      </properties>
      <testcase name="Test Cases/thang/New Test Case (8)" time="93.746" classname="Test Cases/thang/New Test Case (8)" status="PASSED">
         <system-out><![CDATA[03-07-2024T00:24:23 - [TEST_CASE][PASSED] - Test Cases/thang/New Test Case (8): Test Cases/thang/New Test Case (8)

03-07-2024T00:24:26 - [TEST_STEP][PASSED] - openBrowser(""): Browser is opened with url: ''

03-07-2024T00:24:33 - [MESSAGE][INFO] - Starting 'Chrome' driver

03-07-2024T00:24:33 - [MESSAGE][INFO] - Action delay is set to 0 milliseconds

03-07-2024T00:24:45 - [MESSAGE][PASSED] - Browser is opened with url: ''

03-07-2024T00:24:45 - [TEST_STEP][PASSED] - navigateToUrl("https://demowebshop.tricentis.com/fiction"): Navigate to 'https://demowebshop.tricentis.com/fiction' successfully

03-07-2024T00:24:52 - [MESSAGE][PASSED] - Navigate to 'https://demowebshop.tricentis.com/fiction' successfully

03-07-2024T00:24:52 - [TEST_STEP][PASSED] - setText(findTestObject("ac/New Test Object (1)"), "a"): Text 'a' is set on object 'Object Repository/ac/New Test Object (1)'

03-07-2024T00:24:55 - [MESSAGE][PASSED] - Text 'a' is set on object 'Object Repository/ac/New Test Object (1)'

03-07-2024T00:24:55 - [TEST_STEP][PASSED] - closeBrowser(): Browser is closed

03-07-2024T00:25:56 - [MESSAGE][PASSED] - Browser is closed]]></system-out>
         <system-err><![CDATA[]]></system-err>
      </testcase>
      <testcase name="Test Cases/thang/New Test Case (8)" time="46.873" classname="Test Cases/thang/New Test Case (8)" status="PASSED">
         <system-out><![CDATA[03-07-2024T00:25:56 - [TEST_CASE][PASSED] - Test Cases/thang/New Test Case (8): Test Cases/thang/New Test Case (8)

03-07-2024T00:25:57 - [TEST_STEP][PASSED] - openBrowser(""): Browser is opened with url: ''

03-07-2024T00:25:57 - [MESSAGE][INFO] - Starting 'Chrome' driver

03-07-2024T00:25:57 - [MESSAGE][INFO] - Action delay is set to 0 milliseconds

03-07-2024T00:26:05 - [MESSAGE][PASSED] - Browser is opened with url: ''

03-07-2024T00:26:05 - [TEST_STEP][PASSED] - navigateToUrl("https://demowebshop.tricentis.com/fiction"): Navigate to 'https://demowebshop.tricentis.com/fiction' successfully

03-07-2024T00:26:13 - [MESSAGE][PASSED] - Navigate to 'https://demowebshop.tricentis.com/fiction' successfully

03-07-2024T00:26:13 - [TEST_STEP][PASSED] - setText(findTestObject("ac/New Test Object (1)"), "a"): Text 'a' is set on object 'Object Repository/ac/New Test Object (1)'

03-07-2024T00:26:16 - [MESSAGE][PASSED] - Text 'a' is set on object 'Object Repository/ac/New Test Object (1)'

03-07-2024T00:26:16 - [TEST_STEP][PASSED] - closeBrowser(): Browser is closed

03-07-2024T00:26:43 - [MESSAGE][PASSED] - Browser is closed]]></system-out>
         <system-err><![CDATA[]]></system-err>
      </testcase>
      <testcase name="Test Cases/thang/New Test Case (8)" time="29.337" classname="Test Cases/thang/New Test Case (8)" status="PASSED">
         <system-out><![CDATA[03-07-2024T00:26:43 - [TEST_CASE][PASSED] - Test Cases/thang/New Test Case (8): Test Cases/thang/New Test Case (8)

03-07-2024T00:26:43 - [TEST_STEP][PASSED] - openBrowser(""): Browser is opened with url: ''

03-07-2024T00:26:43 - [MESSAGE][INFO] - Starting 'Chrome' driver

03-07-2024T00:26:44 - [MESSAGE][INFO] - Action delay is set to 0 milliseconds

03-07-2024T00:26:49 - [MESSAGE][PASSED] - Browser is opened with url: ''

03-07-2024T00:26:49 - [TEST_STEP][PASSED] - navigateToUrl("https://demowebshop.tricentis.com/fiction"): Navigate to 'https://demowebshop.tricentis.com/fiction' successfully

03-07-2024T00:26:55 - [MESSAGE][PASSED] - Navigate to 'https://demowebshop.tricentis.com/fiction' successfully

03-07-2024T00:26:55 - [TEST_STEP][PASSED] - setText(findTestObject("ac/New Test Object (1)"), "a"): Text 'a' is set on object 'Object Repository/ac/New Test Object (1)'

03-07-2024T00:26:57 - [MESSAGE][PASSED] - Text 'a' is set on object 'Object Repository/ac/New Test Object (1)'

03-07-2024T00:26:57 - [TEST_STEP][PASSED] - closeBrowser(): Browser is closed

03-07-2024T00:27:13 - [MESSAGE][PASSED] - Browser is closed]]></system-out>
         <system-err><![CDATA[]]></system-err>
      </testcase>
      <testcase name="Test Cases/thang/New Test Case (8)" time="14.276" classname="Test Cases/thang/New Test Case (8)" status="PASSED">
         <system-out><![CDATA[03-07-2024T00:27:13 - [TEST_CASE][PASSED] - Test Cases/thang/New Test Case (8): Test Cases/thang/New Test Case (8)

03-07-2024T00:27:13 - [TEST_STEP][PASSED] - openBrowser(""): Browser is opened with url: ''

03-07-2024T00:27:13 - [MESSAGE][INFO] - Starting 'Chrome' driver

03-07-2024T00:27:13 - [MESSAGE][INFO] - Action delay is set to 0 milliseconds

03-07-2024T00:27:15 - [MESSAGE][PASSED] - Browser is opened with url: ''

03-07-2024T00:27:15 - [TEST_STEP][PASSED] - navigateToUrl("https://demowebshop.tricentis.com/fiction"): Navigate to 'https://demowebshop.tricentis.com/fiction' successfully

03-07-2024T00:27:21 - [MESSAGE][PASSED] - Navigate to 'https://demowebshop.tricentis.com/fiction' successfully

03-07-2024T00:27:21 - [TEST_STEP][PASSED] - setText(findTestObject("ac/New Test Object (1)"), "a"): Text 'a' is set on object 'Object Repository/ac/New Test Object (1)'

03-07-2024T00:27:24 - [MESSAGE][PASSED] - Text 'a' is set on object 'Object Repository/ac/New Test Object (1)'

03-07-2024T00:27:24 - [TEST_STEP][PASSED] - closeBrowser(): Browser is closed

03-07-2024T00:27:27 - [MESSAGE][PASSED] - Browser is closed]]></system-out>
         <system-err><![CDATA[]]></system-err>
      </testcase>
      <testcase name="Test Cases/thang/New Test Case (8)" time="15.048" classname="Test Cases/thang/New Test Case (8)" status="PASSED">
         <system-out><![CDATA[03-07-2024T00:27:27 - [TEST_CASE][PASSED] - Test Cases/thang/New Test Case (8): Test Cases/thang/New Test Case (8)

03-07-2024T00:27:27 - [TEST_STEP][PASSED] - openBrowser(""): Browser is opened with url: ''

03-07-2024T00:27:27 - [MESSAGE][INFO] - Starting 'Chrome' driver

03-07-2024T00:27:27 - [MESSAGE][INFO] - Action delay is set to 0 milliseconds

03-07-2024T00:27:29 - [MESSAGE][PASSED] - Browser is opened with url: ''

03-07-2024T00:27:29 - [TEST_STEP][PASSED] - navigateToUrl("https://demowebshop.tricentis.com/fiction"): Navigate to 'https://demowebshop.tricentis.com/fiction' successfully

03-07-2024T00:27:37 - [MESSAGE][PASSED] - Navigate to 'https://demowebshop.tricentis.com/fiction' successfully

03-07-2024T00:27:37 - [TEST_STEP][PASSED] - setText(findTestObject("ac/New Test Object (1)"), "a"): Text 'a' is set on object 'Object Repository/ac/New Test Object (1)'

03-07-2024T00:27:39 - [MESSAGE][PASSED] - Text 'a' is set on object 'Object Repository/ac/New Test Object (1)'

03-07-2024T00:27:39 - [TEST_STEP][PASSED] - closeBrowser(): Browser is closed

03-07-2024T00:27:42 - [MESSAGE][PASSED] - Browser is closed]]></system-out>
         <system-err><![CDATA[]]></system-err>
      </testcase>
      <system-out><![CDATA[03-07-2024T00:24:21 - [TEST_SUITE][PASSED] - thang1: Test Cases/thang/New Test Case (8)]]></system-out>
      <system-err><![CDATA[]]></system-err>
   </testsuite>
</testsuites>
