<?xml version="1.0" encoding="UTF-8"?>
<testsuites name="checkpoint" time="331.054" tests="1" failures="0" errors="0">
   <testsuite name="checkpoint" tests="1" failures="0" errors="0" time="331.054" skipped="0" timestamp="19-06-2024T22:34:25" hostname="tuanh - huybt2" id="Test Suites/checkpoint">
      <properties>
         <property name="deviceName" value=""/>
         <property name="devicePlatform" value=""/>
         <property name="logFolder" value="C:\\Users\\tuanh\\git\\kata-oma\\Reports\\20240619_223153\\checkpoint\\20240619_223156"/>
         <property name="logFiles" value="C:\\Users\\tuanh\\git\\kata-oma\\Reports\\20240619_223153\\checkpoint\\20240619_223156\\execution0.log"/>
         <property name="attachments" value="keyes\keyes-current_viewport 1.png, keyes\keyes-current_viewport 2.png, keyes\keyes-current_viewport 3.png, keyes\keyes-current_viewport 4.png, keyes\keyes-current_viewport 5.png, keyes\keyes-current_viewport 6.png, keyes\keyes-current_viewport 7.png, keyes\keyes-current_viewport 8.png, keyes\keyes-current_viewport9.png, keyes\keyes-current_viewport 10.png, keyes\keyes-current_viewport11.png, keyes\keyes-current_viewport12.png, keyes\keyes-current_viewport13.png, keyes\keyes-current_viewport14.png, keyes\keyes-current_viewport15.png, keyes\keyes-current_viewport16.png, keyes\keyes-current_viewport17.png, keyes\keyes-current_viewport16.png"/>
         <property name="hostName" value="tuanh - huybt2"/>
         <property name="os" value="Windows 11 64bit"/>
         <property name="katalonVersion" value="9.4.0.212"/>
         <property name="browser" value="Chrome 126.0.0.0"/>
         <property name="hostAddress" value="192.168.1.20"/>
         <property name="sessionId" value="6865488b3c5140fb389dfaa03e4d4e61"/>
         <property name="seleniumVersion" value="3.141.59"/>
         <property name="proxyInformation" value="ProxyInformation { proxyOption=NO_PROXY, proxyServerType=HTTP, username=, password=********, proxyServerAddress=, proxyServerPort=0, executionList=&quot;&quot;, isApplyToDesiredCapabilities=true }"/>
         <property name="platform" value="Windows 11"/>
      </properties>
      <testcase name="Test Cases/ac/checkpoint 2" time="326.67" classname="Test Cases/ac/checkpoint 2" status="PASSED">
         <system-out><![CDATA[19-06-2024T22:34:29 - [TEST_CASE][PASSED] - Test Cases/ac/checkpoint 2: Test Cases/ac/checkpoint 2

19-06-2024T22:34:35 - [TEST_STEP][PASSED] - openBrowser(""): Browser is opened with url: ''

19-06-2024T22:34:42 - [MESSAGE][INFO] - Starting 'Chrome' driver

19-06-2024T22:34:45 - [MESSAGE][INFO] - Action delay is set to 0 milliseconds

19-06-2024T22:35:33 - [MESSAGE][PASSED] - Browser is opened with url: ''

19-06-2024T22:35:33 - [TEST_STEP][PASSED] - navigateToUrl("https://academy.katalon.com/"): Navigate to 'https://academy.katalon.com/' successfully

19-06-2024T22:36:32 - [MESSAGE][PASSED] - Navigate to 'https://academy.katalon.com/' successfully

19-06-2024T22:36:32 - [TEST_STEP][PASSED] - takeScreenshotAsCheckpoint("current_viewport 1"): Taking screenshot successfully

19-06-2024T22:36:51 - [MESSAGE][INFO] - 0 hidden object(s)

19-06-2024T22:36:54 - [MESSAGE][PASSED] - Taking screenshot successfully
[[ATTACHMENT|keyes\keyes-current_viewport 1.png]]

19-06-2024T22:36:54 - [TEST_STEP][PASSED] - takeScreenshotAsCheckpoint("current_viewport 2 "): Taking screenshot successfully

19-06-2024T22:37:17 - [MESSAGE][INFO] - 0 hidden object(s)

19-06-2024T22:37:17 - [MESSAGE][PASSED] - Taking screenshot successfully
[[ATTACHMENT|keyes\keyes-current_viewport 2.png]]

19-06-2024T22:37:17 - [TEST_STEP][PASSED] - takeScreenshotAsCheckpoint("current_viewport 3"): Taking screenshot successfully

19-06-2024T22:37:27 - [MESSAGE][INFO] - 0 hidden object(s)

19-06-2024T22:37:28 - [MESSAGE][PASSED] - Taking screenshot successfully
[[ATTACHMENT|keyes\keyes-current_viewport 3.png]]

19-06-2024T22:37:28 - [TEST_STEP][PASSED] - takeScreenshotAsCheckpoint("current_viewport 4"): Taking screenshot successfully

19-06-2024T22:37:31 - [MESSAGE][INFO] - 0 hidden object(s)

19-06-2024T22:37:31 - [MESSAGE][PASSED] - Taking screenshot successfully
[[ATTACHMENT|keyes\keyes-current_viewport 4.png]]

19-06-2024T22:37:31 - [TEST_STEP][PASSED] - takeScreenshotAsCheckpoint("current_viewport 5"): Taking screenshot successfully

19-06-2024T22:37:36 - [MESSAGE][INFO] - 0 hidden object(s)

19-06-2024T22:37:36 - [MESSAGE][PASSED] - Taking screenshot successfully
[[ATTACHMENT|keyes\keyes-current_viewport 5.png]]

19-06-2024T22:37:36 - [TEST_STEP][PASSED] - takeScreenshotAsCheckpoint("current_viewport 6"): Taking screenshot successfully

19-06-2024T22:37:42 - [MESSAGE][INFO] - 0 hidden object(s)

19-06-2024T22:37:43 - [MESSAGE][PASSED] - Taking screenshot successfully
[[ATTACHMENT|keyes\keyes-current_viewport 6.png]]

19-06-2024T22:37:43 - [TEST_STEP][PASSED] - takeScreenshotAsCheckpoint("current_viewport 7"): Taking screenshot successfully

19-06-2024T22:37:46 - [MESSAGE][INFO] - 0 hidden object(s)

19-06-2024T22:37:46 - [MESSAGE][PASSED] - Taking screenshot successfully
[[ATTACHMENT|keyes\keyes-current_viewport 7.png]]

19-06-2024T22:37:46 - [TEST_STEP][PASSED] - takeScreenshotAsCheckpoint("current_viewport 8 "): Taking screenshot successfully

19-06-2024T22:37:51 - [MESSAGE][INFO] - 0 hidden object(s)

19-06-2024T22:37:52 - [MESSAGE][PASSED] - Taking screenshot successfully
[[ATTACHMENT|keyes\keyes-current_viewport 8.png]]

19-06-2024T22:37:52 - [TEST_STEP][PASSED] - takeScreenshotAsCheckpoint("current_viewport9"): Taking screenshot successfully

19-06-2024T22:37:55 - [MESSAGE][INFO] - 0 hidden object(s)

19-06-2024T22:37:57 - [MESSAGE][PASSED] - Taking screenshot successfully
[[ATTACHMENT|keyes\keyes-current_viewport9.png]]

19-06-2024T22:37:57 - [TEST_STEP][PASSED] - takeScreenshotAsCheckpoint("current_viewport 10"): Taking screenshot successfully

19-06-2024T22:38:23 - [MESSAGE][INFO] - 0 hidden object(s)

19-06-2024T22:38:24 - [MESSAGE][PASSED] - Taking screenshot successfully
[[ATTACHMENT|keyes\keyes-current_viewport 10.png]]

19-06-2024T22:38:24 - [TEST_STEP][PASSED] - takeScreenshotAsCheckpoint("current_viewport11"): Taking screenshot successfully

19-06-2024T22:38:32 - [MESSAGE][INFO] - 0 hidden object(s)

19-06-2024T22:38:32 - [MESSAGE][PASSED] - Taking screenshot successfully
[[ATTACHMENT|keyes\keyes-current_viewport11.png]]

19-06-2024T22:38:32 - [TEST_STEP][PASSED] - takeScreenshotAsCheckpoint("current_viewport12"): Taking screenshot successfully

19-06-2024T22:38:36 - [MESSAGE][INFO] - 0 hidden object(s)

19-06-2024T22:38:36 - [MESSAGE][PASSED] - Taking screenshot successfully
[[ATTACHMENT|keyes\keyes-current_viewport12.png]]

19-06-2024T22:38:36 - [TEST_STEP][PASSED] - takeScreenshotAsCheckpoint("current_viewport13"): Taking screenshot successfully

19-06-2024T22:38:42 - [MESSAGE][INFO] - 0 hidden object(s)

19-06-2024T22:38:42 - [MESSAGE][PASSED] - Taking screenshot successfully
[[ATTACHMENT|keyes\keyes-current_viewport13.png]]

19-06-2024T22:38:42 - [TEST_STEP][PASSED] - takeScreenshotAsCheckpoint("current_viewport14"): Taking screenshot successfully

19-06-2024T22:38:45 - [MESSAGE][INFO] - 0 hidden object(s)

19-06-2024T22:38:45 - [MESSAGE][PASSED] - Taking screenshot successfully
[[ATTACHMENT|keyes\keyes-current_viewport14.png]]

19-06-2024T22:38:45 - [TEST_STEP][PASSED] - takeScreenshotAsCheckpoint("current_viewport15"): Taking screenshot successfully

19-06-2024T22:38:50 - [MESSAGE][INFO] - 0 hidden object(s)

19-06-2024T22:38:51 - [MESSAGE][PASSED] - Taking screenshot successfully
[[ATTACHMENT|keyes\keyes-current_viewport15.png]]

19-06-2024T22:38:51 - [TEST_STEP][PASSED] - takeScreenshotAsCheckpoint("current_viewport16"): Taking screenshot successfully

19-06-2024T22:38:54 - [MESSAGE][INFO] - 0 hidden object(s)

19-06-2024T22:38:54 - [MESSAGE][PASSED] - Taking screenshot successfully
[[ATTACHMENT|keyes\keyes-current_viewport16.png]]

19-06-2024T22:38:54 - [TEST_STEP][PASSED] - takeScreenshotAsCheckpoint("current_viewport17"): Taking screenshot successfully

19-06-2024T22:38:56 - [MESSAGE][INFO] - 0 hidden object(s)

19-06-2024T22:38:57 - [MESSAGE][PASSED] - Taking screenshot successfully
[[ATTACHMENT|keyes\keyes-current_viewport17.png]]

19-06-2024T22:38:57 - [TEST_STEP][PASSED] - takeScreenshotAsCheckpoint("current_viewport16"): Taking screenshot successfully

19-06-2024T22:38:59 - [MESSAGE][INFO] - 0 hidden object(s)

19-06-2024T22:38:59 - [MESSAGE][PASSED] - Taking screenshot successfully
[[ATTACHMENT|keyes\keyes-current_viewport16.png]]

19-06-2024T22:38:59 - [TEST_STEP][PASSED] - closeBrowser(): Browser is closed

19-06-2024T22:39:56 - [MESSAGE][PASSED] - Browser is closed]]></system-out>
         <system-err><![CDATA[]]></system-err>
      </testcase>
      <system-out><![CDATA[19-06-2024T22:34:25 - [TEST_SUITE][PASSED] - checkpoint: Test Cases/ac/checkpoint 2]]></system-out>
      <system-err><![CDATA[]]></system-err>
   </testsuite>
</testsuites>
