<?xml version="1.0" encoding="UTF-8"?>
<testsuites name="api" time="71.19" tests="1" failures="0" errors="0">
   <testsuite name="api" tests="1" failures="0" errors="0" time="71.19" skipped="0" timestamp="21-05-2024T23:51:51" hostname="tuanh - huybt2" id="Test Suites/api">
      <properties>
         <property name="deviceName" value=""/>
         <property name="devicePlatform" value=""/>
         <property name="logFolder" value="C:\\Users\\tuanh\\git\\kata-oma\\Reports\\20240521_235105\\api\\20240521_235107"/>
         <property name="logFiles" value="C:\\Users\\tuanh\\git\\kata-oma\\Reports\\20240521_235105\\api\\20240521_235107\\execution0.log"/>
         <property name="attachments" value=""/>
         <property name="hostName" value="tuanh - huybt2"/>
         <property name="hostAddress" value="192.168.1.10"/>
         <property name="os" value="Windows 11 64bit"/>
         <property name="katalonVersion" value="9.4.0.212"/>
      </properties>
      <testcase name="Test Cases/ad" time="69.103" classname="Test Cases/ad" status="PASSED">
         <system-out><![CDATA[21-05-2024T23:51:53 - [TEST_CASE][PASSED] - Test Cases/ad: Test Cases/ad

21-05-2024T23:51:57 - [TEST_STEP][PASSED] - sendRequest(findTestObject("ac/New Request")): Send request successfully

21-05-2024T23:52:59 - [MESSAGE][INFO] - HAR: C:\Users\tuanh\git\kata-oma\Reports\20240521_235105\api\20240521_235107\requests\main\0.har

21-05-2024T23:53:02 - [MESSAGE][PASSED] - Send request successfully]]></system-out>
         <system-err><![CDATA[]]></system-err>
      </testcase>
      <system-out><![CDATA[21-05-2024T23:51:51 - [TEST_SUITE][PASSED] - api: Test Cases/ad]]></system-out>
      <system-err><![CDATA[]]></system-err>
   </testsuite>
</testsuites>
